<?xml version="1.0" encoding="UTF-8"?>
<testsuite name="com.aninfo.integration.cucumber.CucumberTest" tests="90" skipped="0" failures="0" errors="0" timestamp="2023-12-04T19:33:39" hostname="LAPTOP-I5D4J9C4" time="2.234">
  <properties/>
  <testcase name="Given No projects" classname="com.aninfo.integration.cucumber.CucumberTest" time="0.001"/>
  <testcase name="When Trying to get projects" classname="com.aninfo.integration.cucumber.CucumberTest" time="0.0"/>
  <testcase name="Then I get no projects" classname="com.aninfo.integration.cucumber.CucumberTest" time="0.0"/>
  <testcase name="Given Two projects" classname="com.aninfo.integration.cucumber.CucumberTest" time="0.0"/>
  <testcase name="When Trying to get projects" classname="com.aninfo.integration.cucumber.CucumberTest" time="0.0"/>
  <testcase name="Then I get two projects" classname="com.aninfo.integration.cucumber.CucumberTest" time="0.0"/>
  <testcase name="Given Project with name MyProject" classname="com.aninfo.integration.cucumber.CucumberTest" time="0.0"/>
  <testcase name="When Trying to find project with name MyProject" classname="com.aninfo.integration.cucumber.CucumberTest" time="0.0"/>
  <testcase name="Then I get the project appropriately" classname="com.aninfo.integration.cucumber.CucumberTest" time="0.0"/>
  <testcase name="Given Project with name MyProject1" classname="com.aninfo.integration.cucumber.CucumberTest" time="0.0"/>
  <testcase name="When Trying to find project with name MyProject2" classname="com.aninfo.integration.cucumber.CucumberTest" time="0.001"/>
  <testcase name="Then I get an Invalid Project Exception" classname="com.aninfo.integration.cucumber.CucumberTest" time="0.001"/>
  <testcase name="Given No projects" classname="com.aninfo.integration.cucumber.CucumberTest" time="0.0"/>
  <testcase name="When Trying to create a project with name Project1" classname="com.aninfo.integration.cucumber.CucumberTest" time="0.001"/>
  <testcase name="Then It is created successfully" classname="com.aninfo.integration.cucumber.CucumberTest" time="0.002"/>
  <testcase name="And Project is named Project1" classname="com.aninfo.integration.cucumber.CucumberTest" time="0.001"/>
  <testcase name="Given Project with name Project2" classname="com.aninfo.integration.cucumber.CucumberTest" time="0.0"/>
  <testcase name="When Trying to create a project with name Project2" classname="com.aninfo.integration.cucumber.CucumberTest" time="0.0"/>
  <testcase name="Then It is not created because a project with that name already exists" classname="com.aninfo.integration.cucumber.CucumberTest" time="0.0"/>
  <testcase name="Given Project with name Project3" classname="com.aninfo.integration.cucumber.CucumberTest" time="0.0"/>
  <testcase name="When Trying to create a project with name Project4" classname="com.aninfo.integration.cucumber.CucumberTest" time="0.0"/>
  <testcase name="Then It is created successfully" classname="com.aninfo.integration.cucumber.CucumberTest" time="0.0"/>
  <testcase name="And Project is named Project4" classname="com.aninfo.integration.cucumber.CucumberTest" time="0.0"/>
  <testcase name="Given Only one project named ProjectToDelete" classname="com.aninfo.integration.cucumber.CucumberTest" time="0.0"/>
  <testcase name="When Trying to delete it" classname="com.aninfo.integration.cucumber.CucumberTest" time="0.001"/>
  <testcase name="Then Project ProjectToDelete can no longer be found" classname="com.aninfo.integration.cucumber.CucumberTest" time="0.001"/>
  <testcase name="Given A project named ProjectRunway and another named ProjectX" classname="com.aninfo.integration.cucumber.CucumberTest" time="0.0"/>
  <testcase name="When Trying to delete project ProjectRunway" classname="com.aninfo.integration.cucumber.CucumberTest" time="0.001"/>
  <testcase name="Then Project ProjectRunway can no longer be found" classname="com.aninfo.integration.cucumber.CucumberTest" time="0.0"/>
  <testcase name="And Project ProjectX can still be found" classname="com.aninfo.integration.cucumber.CucumberTest" time="0.001"/>
  <testcase name="Given Two projects with names ProjectNoah and ProjectCami" classname="com.aninfo.integration.cucumber.CucumberTest" time="0.0"/>
  <testcase name="When Trying to change the ProjectCami name to ProjectDenise" classname="com.aninfo.integration.cucumber.CucumberTest" time="0.0"/>
  <testcase name="Then Name is changed successfully to ProjectDenise" classname="com.aninfo.integration.cucumber.CucumberTest" time="0.001"/>
  <testcase name="Given Two projects with names ProjectNoah and ProjectCami" classname="com.aninfo.integration.cucumber.CucumberTest" time="0.001"/>
  <testcase name="When Trying to change the ProjectCami name to ProjectNoah" classname="com.aninfo.integration.cucumber.CucumberTest" time="0.0"/>
  <testcase name="Then Name cannot be modified" classname="com.aninfo.integration.cucumber.CucumberTest" time="0.0"/>
  <testcase name="Given A project named DescriptiveProject with description This is my Description" classname="com.aninfo.integration.cucumber.CucumberTest" time="0.0"/>
  <testcase name="When Trying to change the description to Another description" classname="com.aninfo.integration.cucumber.CucumberTest" time="0.0"/>
  <testcase name="Then Description is changed successfully to Another description" classname="com.aninfo.integration.cucumber.CucumberTest" time="0.001"/>
  <testcase name="Given A project named ProjectWithFinishDate with estimated finish date 2007-12-03" classname="com.aninfo.integration.cucumber.CucumberTest" time="0.0"/>
  <testcase name="When Trying to change the finish date to 2018-12-03" classname="com.aninfo.integration.cucumber.CucumberTest" time="0.0"/>
  <testcase name="Then Finish date is changed successfully to 2018-12-03" classname="com.aninfo.integration.cucumber.CucumberTest" time="0.0"/>
  <testcase name="Given An existent project with name ProjectWithAStatus" classname="com.aninfo.integration.cucumber.CucumberTest" time="0.0"/>
  <testcase name="When Trying to change the status to IN_PROGRESS" classname="com.aninfo.integration.cucumber.CucumberTest" time="0.0"/>
  <testcase name="Then Status is changed successfully to IN_PROGRESS" classname="com.aninfo.integration.cucumber.CucumberTest" time="0.0"/>
  <testcase name="Given A the project with the name project1" classname="com.aninfo.integration.cucumber.CucumberTest" time="0.0"/>
  <testcase name="When Trying to get the tasks" classname="com.aninfo.integration.cucumber.CucumberTest" time="0.001"/>
  <testcase name="Then I get nothing" classname="com.aninfo.integration.cucumber.CucumberTest" time="0.0"/>
  <testcase name="Given A the project with the name project1 with 2 tasks" classname="com.aninfo.integration.cucumber.CucumberTest" time="0.001"/>
  <testcase name="When Trying to get the tasks" classname="com.aninfo.integration.cucumber.CucumberTest" time="0.001"/>
  <testcase name="Then I get two tasks" classname="com.aninfo.integration.cucumber.CucumberTest" time="0.0"/>
  <testcase name="Given A task in a project with name task1" classname="com.aninfo.integration.cucumber.CucumberTest" time="0.0"/>
  <testcase name="When Trying to find the task with name task1" classname="com.aninfo.integration.cucumber.CucumberTest" time="0.0"/>
  <testcase name="Then I get the task appropriately" classname="com.aninfo.integration.cucumber.CucumberTest" time="0.0"/>
  <testcase name="Given A task in a project with name task1" classname="com.aninfo.integration.cucumber.CucumberTest" time="0.001"/>
  <testcase name="When Trying to find the task with name task2" classname="com.aninfo.integration.cucumber.CucumberTest" time="0.0"/>
  <testcase name="Then I get an Invalid task Exception" classname="com.aninfo.integration.cucumber.CucumberTest" time="0.0"/>
  <testcase name="Given No tasks" classname="com.aninfo.integration.cucumber.CucumberTest" time="0.001"/>
  <testcase name="When Try to create a task with name task1" classname="com.aninfo.integration.cucumber.CucumberTest" time="0.001"/>
  <testcase name="Then The task is created successfully" classname="com.aninfo.integration.cucumber.CucumberTest" time="0.0"/>
  <testcase name="And Task is named task1" classname="com.aninfo.integration.cucumber.CucumberTest" time="0.0"/>
  <testcase name="Given A task in a project with name task1" classname="com.aninfo.integration.cucumber.CucumberTest" time="0.0"/>
  <testcase name="When Try to create a task with name task1" classname="com.aninfo.integration.cucumber.CucumberTest" time="0.0"/>
  <testcase name="Then It is not created because a task with that name already exists" classname="com.aninfo.integration.cucumber.CucumberTest" time="0.0"/>
  <testcase name="Given A task in a project with name task1" classname="com.aninfo.integration.cucumber.CucumberTest" time="0.0"/>
  <testcase name="When Try to create a task with name task2" classname="com.aninfo.integration.cucumber.CucumberTest" time="0.0"/>
  <testcase name="Then The task is created successfully" classname="com.aninfo.integration.cucumber.CucumberTest" time="0.0"/>
  <testcase name="And Task is named task2" classname="com.aninfo.integration.cucumber.CucumberTest" time="0.0"/>
  <testcase name="Given Only one task named TaskToDelete" classname="com.aninfo.integration.cucumber.CucumberTest" time="0.001"/>
  <testcase name="When Trying to delete the task" classname="com.aninfo.integration.cucumber.CucumberTest" time="0.0"/>
  <testcase name="Then Task TaskToDelete can no longer be found" classname="com.aninfo.integration.cucumber.CucumberTest" time="0.0"/>
  <testcase name="Given A task named task2 and another named task3" classname="com.aninfo.integration.cucumber.CucumberTest" time="0.0"/>
  <testcase name="When Trying to delete task task2" classname="com.aninfo.integration.cucumber.CucumberTest" time="0.0"/>
  <testcase name="Then Task task2 can no longer be found" classname="com.aninfo.integration.cucumber.CucumberTest" time="0.0"/>
  <testcase name="And Task task3 can still be found" classname="com.aninfo.integration.cucumber.CucumberTest" time="0.0"/>
  <testcase name="Given Two tasks with names TaskA and TaskB" classname="com.aninfo.integration.cucumber.CucumberTest" time="0.0"/>
  <testcase name="When Trying to modified the task TaskB name to TaskC" classname="com.aninfo.integration.cucumber.CucumberTest" time="0.0"/>
  <testcase name="Then Name task is changed successfully to TaskC" classname="com.aninfo.integration.cucumber.CucumberTest" time="0.0"/>
  <testcase name="Given Two tasks with names TaskA and TaskB" classname="com.aninfo.integration.cucumber.CucumberTest" time="0.0"/>
  <testcase name="When Trying to modified the task TaskB name to TaskA" classname="com.aninfo.integration.cucumber.CucumberTest" time="0.0"/>
  <testcase name="Then Name task cannot be modified" classname="com.aninfo.integration.cucumber.CucumberTest" time="0.0"/>
  <testcase name="Given A task named DescriptiveTask with description This is a description example" classname="com.aninfo.integration.cucumber.CucumberTest" time="0.0"/>
  <testcase name="When Trying to modified the description to This is another description example" classname="com.aninfo.integration.cucumber.CucumberTest" time="0.0"/>
  <testcase name="Then Description is modified successfully to This is another description example" classname="com.aninfo.integration.cucumber.CucumberTest" time="0.0"/>
  <testcase name="Given A task named TaskE with estimated finish date 2007-12-03" classname="com.aninfo.integration.cucumber.CucumberTest" time="0.001"/>
  <testcase name="When Trying to change the estimated finish date to 2018-12-03" classname="com.aninfo.integration.cucumber.CucumberTest" time="0.0"/>
  <testcase name="Then Estimated finish date is changed successfully to 2018-12-03" classname="com.aninfo.integration.cucumber.CucumberTest" time="0.0"/>
  <testcase name="Given An existent task with name TaskS" classname="com.aninfo.integration.cucumber.CucumberTest" time="0.0"/>
  <testcase name="When Trying to modify the status to IN_PROGRESS" classname="com.aninfo.integration.cucumber.CucumberTest" time="0.0"/>
  <testcase name="Then Status is modified successfully to IN_PROGRESS" classname="com.aninfo.integration.cucumber.CucumberTest" time="0.001"/>
  <system-out><![CDATA[16:33:21.967 [Test worker] DEBUG org.springframework.test.context.BootstrapUtils - Instantiating CacheAwareContextLoaderDelegate from class [org.springframework.test.context.cache.DefaultCacheAwareContextLoaderDelegate]
16:33:21.997 [Test worker] DEBUG org.springframework.test.context.BootstrapUtils - Instantiating BootstrapContext using constructor [public org.springframework.test.context.support.DefaultBootstrapContext(java.lang.Class,org.springframework.test.context.CacheAwareContextLoaderDelegate)]
16:33:22.097 [Test worker] DEBUG org.springframework.test.context.BootstrapUtils - Instantiating TestContextBootstrapper for test class [com.aninfo.integration.cucumber.TaskEliminationTest] from class [org.springframework.boot.test.context.SpringBootTestContextBootstrapper]
16:33:22.160 [Test worker] DEBUG org.springframework.test.context.support.AbstractContextLoader - Did not detect default resource location for test class [com.aninfo.integration.cucumber.TaskIntegrationServiceTest]: class path resource [com/aninfo/integration/cucumber/TaskIntegrationServiceTest-context.xml] does not exist
16:33:22.162 [Test worker] DEBUG org.springframework.test.context.support.AbstractContextLoader - Did not detect default resource location for test class [com.aninfo.integration.cucumber.TaskIntegrationServiceTest]: class path resource [com/aninfo/integration/cucumber/TaskIntegrationServiceTestContext.groovy] does not exist
16:33:22.162 [Test worker] INFO org.springframework.test.context.support.AbstractContextLoader - Could not detect default resource locations for test class [com.aninfo.integration.cucumber.TaskIntegrationServiceTest]: no resource found for suffixes {-context.xml, Context.groovy}.
16:33:22.273 [Test worker] DEBUG org.springframework.test.context.support.ActiveProfilesUtils - Could not find an 'annotation declaring class' for annotation type [org.springframework.test.context.ActiveProfiles] and class [com.aninfo.integration.cucumber.TaskEliminationTest]
16:33:22.719 [Test worker] DEBUG org.springframework.boot.test.context.SpringBootTestContextBootstrapper - @TestExecutionListeners is not present for class [com.aninfo.integration.cucumber.TaskEliminationTest]: using defaults.
16:33:22.719 [Test worker] INFO org.springframework.boot.test.context.SpringBootTestContextBootstrapper - Loaded default TestExecutionListener class names from location [META-INF/spring.factories]: [org.springframework.boot.test.autoconfigure.restdocs.RestDocsTestExecutionListener, org.springframework.boot.test.autoconfigure.web.client.MockRestServiceServerResetTestExecutionListener, org.springframework.boot.test.autoconfigure.web.servlet.MockMvcPrintOnlyOnFailureTestExecutionListener, org.springframework.boot.test.autoconfigure.web.servlet.WebDriverTestExecutionListener, org.springframework.boot.test.mock.mockito.MockitoTestExecutionListener, org.springframework.boot.test.mock.mockito.ResetMocksTestExecutionListener, org.springframework.test.context.web.ServletTestExecutionListener, org.springframework.test.context.support.DirtiesContextBeforeModesTestExecutionListener, org.springframework.test.context.support.DependencyInjectionTestExecutionListener, org.springframework.test.context.support.DirtiesContextTestExecutionListener, org.springframework.test.context.transaction.TransactionalTestExecutionListener, org.springframework.test.context.jdbc.SqlScriptsTestExecutionListener, org.springframework.test.context.event.EventPublishingTestExecutionListener]
16:33:22.751 [Test worker] INFO org.springframework.boot.test.context.SpringBootTestContextBootstrapper - Using TestExecutionListeners: [org.springframework.test.context.web.ServletTestExecutionListener@31706d71, org.springframework.test.context.support.DirtiesContextBeforeModesTestExecutionListener@1889dc16, org.springframework.boot.test.mock.mockito.MockitoTestExecutionListener@7a3f241e, org.springframework.boot.test.autoconfigure.SpringBootDependencyInjectionTestExecutionListener@75ed2894, org.springframework.test.context.support.DirtiesContextTestExecutionListener@4744d8bd, org.springframework.test.context.transaction.TransactionalTestExecutionListener@11fbc52f, org.springframework.test.context.jdbc.SqlScriptsTestExecutionListener@12e70cda, org.springframework.test.context.event.EventPublishingTestExecutionListener@e522f9a, org.springframework.boot.test.autoconfigure.restdocs.RestDocsTestExecutionListener@6f329fdd, org.springframework.boot.test.autoconfigure.web.client.MockRestServiceServerResetTestExecutionListener@202feda9, org.springframework.boot.test.autoconfigure.web.servlet.MockMvcPrintOnlyOnFailureTestExecutionListener@a84b4aa, org.springframework.boot.test.autoconfigure.web.servlet.WebDriverTestExecutionListener@1535649f, org.springframework.boot.test.mock.mockito.ResetMocksTestExecutionListener@6e82cd93]
16:33:22.823 [Test worker] DEBUG org.springframework.test.context.support.TestPropertySourceUtils - Adding inlined properties to environment: {spring.jmx.enabled=false, org.springframework.boot.test.context.SpringBootTestContextBootstrapper=true, server.port=-1}

  .   ____          _            __ _ _
 /\\ / ___'_ __ _ _(_)_ __  __ _ \ \ \ \
( ( )\___ | '_ | '_| | '_ \/ _` | \ \ \ \
 \\/  ___)| |_)| | | | | || (_| |  ) ) ) )
  '  |____| .__|_| |_|_| |_\__, | / / / /
 =========|_|==============|___/=/_/_/_/
 :: Spring Boot ::        (v2.2.5.RELEASE)

2023-12-04 16:33:23.582  INFO 10660 --- [    Test worker] c.a.i.cucumber.TaskEliminationTest       : Starting TaskEliminationTest on LAPTOP-I5D4J9C4 with PID 10660 (started by camil in C:\Users\camil\Documents\aninfo\aninfotpg)
2023-12-04 16:33:23.585  INFO 10660 --- [    Test worker] c.a.i.cucumber.TaskEliminationTest       : No active profile set, falling back to default profiles: default
2023-12-04 16:33:25.205  INFO 10660 --- [    Test worker] .s.d.r.c.RepositoryConfigurationDelegate : Bootstrapping Spring Data JPA repositories in DEFAULT mode.
2023-12-04 16:33:25.548  INFO 10660 --- [    Test worker] .s.d.r.c.RepositoryConfigurationDelegate : Finished Spring Data repository scanning in 327ms. Found 2 JPA repository interfaces.
2023-12-04 16:33:27.970  INFO 10660 --- [    Test worker] o.hibernate.jpa.internal.util.LogHelper  : HHH000204: Processing PersistenceUnitInfo [name: default]
2023-12-04 16:33:28.202  INFO 10660 --- [    Test worker] org.hibernate.Version                    : HHH000412: Hibernate ORM core version 5.4.12.Final
2023-12-04 16:33:28.650  INFO 10660 --- [    Test worker] o.hibernate.annotations.common.Version   : HCANN000001: Hibernate Commons Annotations {5.1.0.Final}
2023-12-04 16:33:28.968  INFO 10660 --- [    Test worker] com.zaxxer.hikari.HikariDataSource       : HikariPool-1 - Starting...
2023-12-04 16:33:29.580  INFO 10660 --- [    Test worker] com.zaxxer.hikari.HikariDataSource       : HikariPool-1 - Start completed.
2023-12-04 16:33:29.628  INFO 10660 --- [    Test worker] org.hibernate.dialect.Dialect            : HHH000400: Using dialect: org.hibernate.dialect.H2Dialect
Hibernate: 
    
    drop table project if exists
Hibernate: 
    
    drop table task if exists
Hibernate: 
    
    drop sequence if exists hibernate_sequence
Hibernate: create sequence hibernate_sequence start with 1 increment by 1
Hibernate: 
    
    create table project (
       id bigint not null,
        creation_date date,
        description varchar(255),
        finish_date date,
        name varchar(255),
        project_leader_id bigint,
        start_date date,
        status integer,
        primary key (id)
    )
Hibernate: 
    
    create table task (
       id bigint not null,
        asigned_id bigint,
        creation_date date,
        description varchar(255),
        estimated_duration bigint,
        finish_date date,
        name varchar(255),
        priority integer,
        project_id bigint,
        start_date date,
        status integer,
        primary key (id)
    )
2023-12-04 16:33:31.900  INFO 10660 --- [    Test worker] o.h.e.t.j.p.i.JtaPlatformInitiator       : HHH000490: Using JtaPlatform implementation: [org.hibernate.engine.transaction.jta.platform.internal.NoJtaPlatform]
2023-12-04 16:33:31.921  INFO 10660 --- [    Test worker] j.LocalContainerEntityManagerFactoryBean : Initialized JPA EntityManagerFactory for persistence unit 'default'
2023-12-04 16:33:33.950  WARN 10660 --- [    Test worker] JpaBaseConfiguration$JpaWebConfiguration : spring.jpa.open-in-view is enabled by default. Therefore, database queries may be performed during view rendering. Explicitly configure spring.jpa.open-in-view to disable this warning
2023-12-04 16:33:36.128  INFO 10660 --- [    Test worker] o.s.s.concurrent.ThreadPoolTaskExecutor  : Initializing ExecutorService 'applicationTaskExecutor'
2023-12-04 16:33:37.025  INFO 10660 --- [    Test worker] o.s.b.a.h2.H2ConsoleAutoConfiguration    : H2 console available at '/h2-console'. Database available at 'jdbc:h2:mem:DBNAME'
2023-12-04 16:33:38.858  INFO 10660 --- [    Test worker] c.a.i.cucumber.TaskEliminationTest       : Started TaskEliminationTest in 16.008 seconds (JVM running for 21.062)
Before any test execution
Before any test execution
Before any test execution
Before any test execution
Hibernate: 
    select
        project0_.id as id1_0_,
        project0_.creation_date as creation2_0_,
        project0_.description as descript3_0_,
        project0_.finish_date as finish_d4_0_,
        project0_.name as name5_0_,
        project0_.project_leader_id as project_6_0_,
        project0_.start_date as start_da7_0_,
        project0_.status as status8_0_ 
    from
        project project0_
Resetting system
Hibernate: 
    select
        task0_.id as id1_1_,
        task0_.asigned_id as asigned_2_1_,
        task0_.creation_date as creation3_1_,
        task0_.description as descript4_1_,
        task0_.estimated_duration as estimate5_1_,
        task0_.finish_date as finish_d6_1_,
        task0_.name as name7_1_,
        task0_.priority as priority8_1_,
        task0_.project_id as project_9_1_,
        task0_.start_date as start_d10_1_,
        task0_.status as status11_1_ 
    from
        task task0_
Hibernate: 
    select
        project0_.id as id1_0_,
        project0_.creation_date as creation2_0_,
        project0_.description as descript3_0_,
        project0_.finish_date as finish_d4_0_,
        project0_.name as name5_0_,
        project0_.project_leader_id as project_6_0_,
        project0_.start_date as start_da7_0_,
        project0_.status as status8_0_ 
    from
        project project0_
After all test execution
Resetting system
Hibernate: 
    select
        project0_.id as id1_0_,
        project0_.creation_date as creation2_0_,
        project0_.description as descript3_0_,
        project0_.finish_date as finish_d4_0_,
        project0_.name as name5_0_,
        project0_.project_leader_id as project_6_0_,
        project0_.start_date as start_da7_0_,
        project0_.status as status8_0_ 
    from
        project project0_
Hibernate: 
    select
        task0_.id as id1_1_,
        task0_.asigned_id as asigned_2_1_,
        task0_.creation_date as creation3_1_,
        task0_.description as descript4_1_,
        task0_.estimated_duration as estimate5_1_,
        task0_.finish_date as finish_d6_1_,
        task0_.name as name7_1_,
        task0_.priority as priority8_1_,
        task0_.project_id as project_9_1_,
        task0_.start_date as start_d10_1_,
        task0_.status as status11_1_ 
    from
        task task0_
After all test execution
Resetting system
Hibernate: 
    select
        project0_.id as id1_0_,
        project0_.creation_date as creation2_0_,
        project0_.description as descript3_0_,
        project0_.finish_date as finish_d4_0_,
        project0_.name as name5_0_,
        project0_.project_leader_id as project_6_0_,
        project0_.start_date as start_da7_0_,
        project0_.status as status8_0_ 
    from
        project project0_
Hibernate: 
    select
        project0_.id as id1_0_,
        project0_.creation_date as creation2_0_,
        project0_.description as descript3_0_,
        project0_.finish_date as finish_d4_0_,
        project0_.name as name5_0_,
        project0_.project_leader_id as project_6_0_,
        project0_.start_date as start_da7_0_,
        project0_.status as status8_0_ 
    from
        project project0_
After all test execution
After all test execution
Hibernate: 
    select
        task0_.id as id1_1_,
        task0_.asigned_id as asigned_2_1_,
        task0_.creation_date as creation3_1_,
        task0_.description as descript4_1_,
        task0_.estimated_duration as estimate5_1_,
        task0_.finish_date as finish_d6_1_,
        task0_.name as name7_1_,
        task0_.priority as priority8_1_,
        task0_.project_id as project_9_1_,
        task0_.start_date as start_d10_1_,
        task0_.status as status11_1_ 
    from
        task task0_
Hibernate: 
    select
        task0_.id as id1_1_,
        task0_.asigned_id as asigned_2_1_,
        task0_.creation_date as creation3_1_,
        task0_.description as descript4_1_,
        task0_.estimated_duration as estimate5_1_,
        task0_.finish_date as finish_d6_1_,
        task0_.name as name7_1_,
        task0_.priority as priority8_1_,
        task0_.project_id as project_9_1_,
        task0_.start_date as start_d10_1_,
        task0_.status as status11_1_ 
    from
        task task0_
After all test execution
2023-12-04 16:33:39.834  INFO 10660 --- [    Test worker] o.s.t.c.support.AbstractContextLoader    : Could not detect default resource locations for test class [com.aninfo.integration.cucumber.TaskIntegrationServiceTest]: no resource found for suffixes {-context.xml, Context.groovy}.
2023-12-04 16:33:39.845  INFO 10660 --- [    Test worker] .b.t.c.SpringBootTestContextBootstrapper : Loaded default TestExecutionListener class names from location [META-INF/spring.factories]: [org.springframework.boot.test.autoconfigure.restdocs.RestDocsTestExecutionListener, org.springframework.boot.test.autoconfigure.web.client.MockRestServiceServerResetTestExecutionListener, org.springframework.boot.test.autoconfigure.web.servlet.MockMvcPrintOnlyOnFailureTestExecutionListener, org.springframework.boot.test.autoconfigure.web.servlet.WebDriverTestExecutionListener, org.springframework.boot.test.mock.mockito.MockitoTestExecutionListener, org.springframework.boot.test.mock.mockito.ResetMocksTestExecutionListener, org.springframework.test.context.web.ServletTestExecutionListener, org.springframework.test.context.support.DirtiesContextBeforeModesTestExecutionListener, org.springframework.test.context.support.DependencyInjectionTestExecutionListener, org.springframework.test.context.support.DirtiesContextTestExecutionListener, org.springframework.test.context.transaction.TransactionalTestExecutionListener, org.springframework.test.context.jdbc.SqlScriptsTestExecutionListener, org.springframework.test.context.event.EventPublishingTestExecutionListener]
2023-12-04 16:33:39.845  INFO 10660 --- [    Test worker] .b.t.c.SpringBootTestContextBootstrapper : Using TestExecutionListeners: [org.springframework.test.context.web.ServletTestExecutionListener@71328fae, org.springframework.test.context.support.DirtiesContextBeforeModesTestExecutionListener@4f096fd4, org.springframework.boot.test.mock.mockito.MockitoTestExecutionListener@3c563dfb, org.springframework.boot.test.autoconfigure.SpringBootDependencyInjectionTestExecutionListener@fcff83f, org.springframework.test.context.support.DirtiesContextTestExecutionListener@6ae55997, org.springframework.test.context.transaction.TransactionalTestExecutionListener@6e16fcd0, org.springframework.test.context.jdbc.SqlScriptsTestExecutionListener@63a2ad0c, org.springframework.test.context.event.EventPublishingTestExecutionListener@135caf47, org.springframework.boot.test.autoconfigure.restdocs.RestDocsTestExecutionListener@53b5755a, org.springframework.boot.test.autoconfigure.web.client.MockRestServiceServerResetTestExecutionListener@a9cf380, org.springframework.boot.test.autoconfigure.web.servlet.MockMvcPrintOnlyOnFailureTestExecutionListener@7c20e512, org.springframework.boot.test.autoconfigure.web.servlet.WebDriverTestExecutionListener@a704b46, org.springframework.boot.test.mock.mockito.ResetMocksTestExecutionListener@7297e0f7]
Before any test execution
Before any test execution
Before any test execution
Before any test execution
Hibernate: 
    select
        project0_.id as id1_0_,
        project0_.creation_date as creation2_0_,
        project0_.description as descript3_0_,
        project0_.finish_date as finish_d4_0_,
        project0_.name as name5_0_,
        project0_.project_leader_id as project_6_0_,
        project0_.start_date as start_da7_0_,
        project0_.status as status8_0_ 
    from
        project project0_ 
    where
        project0_.name=?
Hibernate: 
    call next value for hibernate_sequence
Hibernate: 
    insert 
    into
        project
        (creation_date, description, finish_date, name, project_leader_id, start_date, status, id) 
    values
        (?, ?, ?, ?, ?, ?, ?, ?)
Hibernate: 
    select
        project0_.id as id1_0_,
        project0_.creation_date as creation2_0_,
        project0_.description as descript3_0_,
        project0_.finish_date as finish_d4_0_,
        project0_.name as name5_0_,
        project0_.project_leader_id as project_6_0_,
        project0_.start_date as start_da7_0_,
        project0_.status as status8_0_ 
    from
        project project0_ 
    where
        project0_.name=?
Hibernate: 
    call next value for hibernate_sequence
Hibernate: 
    insert 
    into
        project
        (creation_date, description, finish_date, name, project_leader_id, start_date, status, id) 
    values
        (?, ?, ?, ?, ?, ?, ?, ?)
Hibernate: 
    select
        project0_.id as id1_0_,
        project0_.creation_date as creation2_0_,
        project0_.description as descript3_0_,
        project0_.finish_date as finish_d4_0_,
        project0_.name as name5_0_,
        project0_.project_leader_id as project_6_0_,
        project0_.start_date as start_da7_0_,
        project0_.status as status8_0_ 
    from
        project project0_
Hibernate: 
    select
        project0_.id as id1_0_,
        project0_.creation_date as creation2_0_,
        project0_.description as descript3_0_,
        project0_.finish_date as finish_d4_0_,
        project0_.name as name5_0_,
        project0_.project_leader_id as project_6_0_,
        project0_.start_date as start_da7_0_,
        project0_.status as status8_0_ 
    from
        project project0_
Resetting system
Hibernate: 
    select
        task0_.id as id1_1_,
        task0_.asigned_id as asigned_2_1_,
        task0_.creation_date as creation3_1_,
        task0_.description as descript4_1_,
        task0_.estimated_duration as estimate5_1_,
        task0_.finish_date as finish_d6_1_,
        task0_.name as name7_1_,
        task0_.priority as priority8_1_,
        task0_.project_id as project_9_1_,
        task0_.start_date as start_d10_1_,
        task0_.status as status11_1_ 
    from
        task task0_
Hibernate: 
    select
        project0_.id as id1_0_,
        project0_.creation_date as creation2_0_,
        project0_.description as descript3_0_,
        project0_.finish_date as finish_d4_0_,
        project0_.name as name5_0_,
        project0_.project_leader_id as project_6_0_,
        project0_.start_date as start_da7_0_,
        project0_.status as status8_0_ 
    from
        project project0_
Hibernate: 
    delete 
    from
        project 
    where
        id=?
Hibernate: 
    delete 
    from
        project 
    where
        id=?
After all test execution
Resetting system
Hibernate: 
    select
        project0_.id as id1_0_,
        project0_.creation_date as creation2_0_,
        project0_.description as descript3_0_,
        project0_.finish_date as finish_d4_0_,
        project0_.name as name5_0_,
        project0_.project_leader_id as project_6_0_,
        project0_.start_date as start_da7_0_,
        project0_.status as status8_0_ 
    from
        project project0_
Hibernate: 
    select
        task0_.id as id1_1_,
        task0_.asigned_id as asigned_2_1_,
        task0_.creation_date as creation3_1_,
        task0_.description as descript4_1_,
        task0_.estimated_duration as estimate5_1_,
        task0_.finish_date as finish_d6_1_,
        task0_.name as name7_1_,
        task0_.priority as priority8_1_,
        task0_.project_id as project_9_1_,
        task0_.start_date as start_d10_1_,
        task0_.status as status11_1_ 
    from
        task task0_
After all test execution
Resetting system
Hibernate: 
    select
        project0_.id as id1_0_,
        project0_.creation_date as creation2_0_,
        project0_.description as descript3_0_,
        project0_.finish_date as finish_d4_0_,
        project0_.name as name5_0_,
        project0_.project_leader_id as project_6_0_,
        project0_.start_date as start_da7_0_,
        project0_.status as status8_0_ 
    from
        project project0_
Hibernate: 
    select
        project0_.id as id1_0_,
        project0_.creation_date as creation2_0_,
        project0_.description as descript3_0_,
        project0_.finish_date as finish_d4_0_,
        project0_.name as name5_0_,
        project0_.project_leader_id as project_6_0_,
        project0_.start_date as start_da7_0_,
        project0_.status as status8_0_ 
    from
        project project0_
After all test execution
After all test execution
Hibernate: 
    select
        task0_.id as id1_1_,
        task0_.asigned_id as asigned_2_1_,
        task0_.creation_date as creation3_1_,
        task0_.description as descript4_1_,
        task0_.estimated_duration as estimate5_1_,
        task0_.finish_date as finish_d6_1_,
        task0_.name as name7_1_,
        task0_.priority as priority8_1_,
        task0_.project_id as project_9_1_,
        task0_.start_date as start_d10_1_,
        task0_.status as status11_1_ 
    from
        task task0_
Hibernate: 
    select
        task0_.id as id1_1_,
        task0_.asigned_id as asigned_2_1_,
        task0_.creation_date as creation3_1_,
        task0_.description as descript4_1_,
        task0_.estimated_duration as estimate5_1_,
        task0_.finish_date as finish_d6_1_,
        task0_.name as name7_1_,
        task0_.priority as priority8_1_,
        task0_.project_id as project_9_1_,
        task0_.start_date as start_d10_1_,
        task0_.status as status11_1_ 
    from
        task task0_
After all test execution
2023-12-04 16:33:40.161  INFO 10660 --- [    Test worker] o.s.t.c.support.AbstractContextLoader    : Could not detect default resource locations for test class [com.aninfo.integration.cucumber.TaskIntegrationServiceTest]: no resource found for suffixes {-context.xml, Context.groovy}.
2023-12-04 16:33:40.177  INFO 10660 --- [    Test worker] .b.t.c.SpringBootTestContextBootstrapper : Loaded default TestExecutionListener class names from location [META-INF/spring.factories]: [org.springframework.boot.test.autoconfigure.restdocs.RestDocsTestExecutionListener, org.springframework.boot.test.autoconfigure.web.client.MockRestServiceServerResetTestExecutionListener, org.springframework.boot.test.autoconfigure.web.servlet.MockMvcPrintOnlyOnFailureTestExecutionListener, org.springframework.boot.test.autoconfigure.web.servlet.WebDriverTestExecutionListener, org.springframework.boot.test.mock.mockito.MockitoTestExecutionListener, org.springframework.boot.test.mock.mockito.ResetMocksTestExecutionListener, org.springframework.test.context.web.ServletTestExecutionListener, org.springframework.test.context.support.DirtiesContextBeforeModesTestExecutionListener, org.springframework.test.context.support.DependencyInjectionTestExecutionListener, org.springframework.test.context.support.DirtiesContextTestExecutionListener, org.springframework.test.context.transaction.TransactionalTestExecutionListener, org.springframework.test.context.jdbc.SqlScriptsTestExecutionListener, org.springframework.test.context.event.EventPublishingTestExecutionListener]
2023-12-04 16:33:40.177  INFO 10660 --- [    Test worker] .b.t.c.SpringBootTestContextBootstrapper : Using TestExecutionListeners: [org.springframework.test.context.web.ServletTestExecutionListener@6ed7820c, org.springframework.test.context.support.DirtiesContextBeforeModesTestExecutionListener@6fdba909, org.springframework.boot.test.mock.mockito.MockitoTestExecutionListener@7c1a2c65, org.springframework.boot.test.autoconfigure.SpringBootDependencyInjectionTestExecutionListener@4c9a5fe0, org.springframework.test.context.support.DirtiesContextTestExecutionListener@1e8f739d, org.springframework.test.context.transaction.TransactionalTestExecutionListener@2c2e12a4, org.springframework.test.context.jdbc.SqlScriptsTestExecutionListener@17a7a40, org.springframework.test.context.event.EventPublishingTestExecutionListener@1f8150d0, org.springframework.boot.test.autoconfigure.restdocs.RestDocsTestExecutionListener@7a77db26, org.springframework.boot.test.autoconfigure.web.client.MockRestServiceServerResetTestExecutionListener@26104dfe, org.springframework.boot.test.autoconfigure.web.servlet.MockMvcPrintOnlyOnFailureTestExecutionListener@74ea9b06, org.springframework.boot.test.autoconfigure.web.servlet.WebDriverTestExecutionListener@61f8429b, org.springframework.boot.test.mock.mockito.ResetMocksTestExecutionListener@25120b69]
Before any test execution
Before any test execution
Before any test execution
Before any test execution
Hibernate: 
    select
        project0_.id as id1_0_,
        project0_.creation_date as creation2_0_,
        project0_.description as descript3_0_,
        project0_.finish_date as finish_d4_0_,
        project0_.name as name5_0_,
        project0_.project_leader_id as project_6_0_,
        project0_.start_date as start_da7_0_,
        project0_.status as status8_0_ 
    from
        project project0_ 
    where
        project0_.name=?
Hibernate: 
    call next value for hibernate_sequence
Hibernate: 
    insert 
    into
        project
        (creation_date, description, finish_date, name, project_leader_id, start_date, status, id) 
    values
        (?, ?, ?, ?, ?, ?, ?, ?)
Hibernate: 
    select
        project0_.id as id1_0_,
        project0_.creation_date as creation2_0_,
        project0_.description as descript3_0_,
        project0_.finish_date as finish_d4_0_,
        project0_.name as name5_0_,
        project0_.project_leader_id as project_6_0_,
        project0_.start_date as start_da7_0_,
        project0_.status as status8_0_ 
    from
        project project0_ 
    where
        project0_.name=?
Resetting system
Hibernate: 
    select
        task0_.id as id1_1_,
        task0_.asigned_id as asigned_2_1_,
        task0_.creation_date as creation3_1_,
        task0_.description as descript4_1_,
        task0_.estimated_duration as estimate5_1_,
        task0_.finish_date as finish_d6_1_,
        task0_.name as name7_1_,
        task0_.priority as priority8_1_,
        task0_.project_id as project_9_1_,
        task0_.start_date as start_d10_1_,
        task0_.status as status11_1_ 
    from
        task task0_
Hibernate: 
    select
        project0_.id as id1_0_,
        project0_.creation_date as creation2_0_,
        project0_.description as descript3_0_,
        project0_.finish_date as finish_d4_0_,
        project0_.name as name5_0_,
        project0_.project_leader_id as project_6_0_,
        project0_.start_date as start_da7_0_,
        project0_.status as status8_0_ 
    from
        project project0_
Hibernate: 
    delete 
    from
        project 
    where
        id=?
After all test execution
Resetting system
Hibernate: 
    select
        project0_.id as id1_0_,
        project0_.creation_date as creation2_0_,
        project0_.description as descript3_0_,
        project0_.finish_date as finish_d4_0_,
        project0_.name as name5_0_,
        project0_.project_leader_id as project_6_0_,
        project0_.start_date as start_da7_0_,
        project0_.status as status8_0_ 
    from
        project project0_
Hibernate: 
    select
        task0_.id as id1_1_,
        task0_.asigned_id as asigned_2_1_,
        task0_.creation_date as creation3_1_,
        task0_.description as descript4_1_,
        task0_.estimated_duration as estimate5_1_,
        task0_.finish_date as finish_d6_1_,
        task0_.name as name7_1_,
        task0_.priority as priority8_1_,
        task0_.project_id as project_9_1_,
        task0_.start_date as start_d10_1_,
        task0_.status as status11_1_ 
    from
        task task0_
After all test execution
Resetting system
Hibernate: 
    select
        project0_.id as id1_0_,
        project0_.creation_date as creation2_0_,
        project0_.description as descript3_0_,
        project0_.finish_date as finish_d4_0_,
        project0_.name as name5_0_,
        project0_.project_leader_id as project_6_0_,
        project0_.start_date as start_da7_0_,
        project0_.status as status8_0_ 
    from
        project project0_
Hibernate: 
    select
        project0_.id as id1_0_,
        project0_.creation_date as creation2_0_,
        project0_.description as descript3_0_,
        project0_.finish_date as finish_d4_0_,
        project0_.name as name5_0_,
        project0_.project_leader_id as project_6_0_,
        project0_.start_date as start_da7_0_,
        project0_.status as status8_0_ 
    from
        project project0_
After all test execution
After all test execution
Hibernate: 
    select
        task0_.id as id1_1_,
        task0_.asigned_id as asigned_2_1_,
        task0_.creation_date as creation3_1_,
        task0_.description as descript4_1_,
        task0_.estimated_duration as estimate5_1_,
        task0_.finish_date as finish_d6_1_,
        task0_.name as name7_1_,
        task0_.priority as priority8_1_,
        task0_.project_id as project_9_1_,
        task0_.start_date as start_d10_1_,
        task0_.status as status11_1_ 
    from
        task task0_
Hibernate: 
    select
        task0_.id as id1_1_,
        task0_.asigned_id as asigned_2_1_,
        task0_.creation_date as creation3_1_,
        task0_.description as descript4_1_,
        task0_.estimated_duration as estimate5_1_,
        task0_.finish_date as finish_d6_1_,
        task0_.name as name7_1_,
        task0_.priority as priority8_1_,
        task0_.project_id as project_9_1_,
        task0_.start_date as start_d10_1_,
        task0_.status as status11_1_ 
    from
        task task0_
After all test execution
2023-12-04 16:33:40.239  INFO 10660 --- [    Test worker] o.s.t.c.support.AbstractContextLoader    : Could not detect default resource locations for test class [com.aninfo.integration.cucumber.TaskIntegrationServiceTest]: no resource found for suffixes {-context.xml, Context.groovy}.
2023-12-04 16:33:40.239  INFO 10660 --- [    Test worker] .b.t.c.SpringBootTestContextBootstrapper : Loaded default TestExecutionListener class names from location [META-INF/spring.factories]: [org.springframework.boot.test.autoconfigure.restdocs.RestDocsTestExecutionListener, org.springframework.boot.test.autoconfigure.web.client.MockRestServiceServerResetTestExecutionListener, org.springframework.boot.test.autoconfigure.web.servlet.MockMvcPrintOnlyOnFailureTestExecutionListener, org.springframework.boot.test.autoconfigure.web.servlet.WebDriverTestExecutionListener, org.springframework.boot.test.mock.mockito.MockitoTestExecutionListener, org.springframework.boot.test.mock.mockito.ResetMocksTestExecutionListener, org.springframework.test.context.web.ServletTestExecutionListener, org.springframework.test.context.support.DirtiesContextBeforeModesTestExecutionListener, org.springframework.test.context.support.DependencyInjectionTestExecutionListener, org.springframework.test.context.support.DirtiesContextTestExecutionListener, org.springframework.test.context.transaction.TransactionalTestExecutionListener, org.springframework.test.context.jdbc.SqlScriptsTestExecutionListener, org.springframework.test.context.event.EventPublishingTestExecutionListener]
2023-12-04 16:33:40.239  INFO 10660 --- [    Test worker] .b.t.c.SpringBootTestContextBootstrapper : Using TestExecutionListeners: [org.springframework.test.context.web.ServletTestExecutionListener@4edeb01b, org.springframework.test.context.support.DirtiesContextBeforeModesTestExecutionListener@5459acbd, org.springframework.boot.test.mock.mockito.MockitoTestExecutionListener@60d173d0, org.springframework.boot.test.autoconfigure.SpringBootDependencyInjectionTestExecutionListener@624e4d1d, org.springframework.test.context.support.DirtiesContextTestExecutionListener@592b6727, org.springframework.test.context.transaction.TransactionalTestExecutionListener@408e04fb, org.springframework.test.context.jdbc.SqlScriptsTestExecutionListener@2b2ab0c9, org.springframework.test.context.event.EventPublishingTestExecutionListener@3b9c2614, org.springframework.boot.test.autoconfigure.restdocs.RestDocsTestExecutionListener@390c6c1f, org.springframework.boot.test.autoconfigure.web.client.MockRestServiceServerResetTestExecutionListener@9950e19, org.springframework.boot.test.autoconfigure.web.servlet.MockMvcPrintOnlyOnFailureTestExecutionListener@77c74b1a, org.springframework.boot.test.autoconfigure.web.servlet.WebDriverTestExecutionListener@2db16f70, org.springframework.boot.test.mock.mockito.ResetMocksTestExecutionListener@7707824d]
Before any test execution
Before any test execution
Before any test execution
Before any test execution
Hibernate: 
    select
        project0_.id as id1_0_,
        project0_.creation_date as creation2_0_,
        project0_.description as descript3_0_,
        project0_.finish_date as finish_d4_0_,
        project0_.name as name5_0_,
        project0_.project_leader_id as project_6_0_,
        project0_.start_date as start_da7_0_,
        project0_.status as status8_0_ 
    from
        project project0_ 
    where
        project0_.name=?
Hibernate: 
    call next value for hibernate_sequence
Hibernate: 
    insert 
    into
        project
        (creation_date, description, finish_date, name, project_leader_id, start_date, status, id) 
    values
        (?, ?, ?, ?, ?, ?, ?, ?)
Hibernate: 
    select
        project0_.id as id1_0_,
        project0_.creation_date as creation2_0_,
        project0_.description as descript3_0_,
        project0_.finish_date as finish_d4_0_,
        project0_.name as name5_0_,
        project0_.project_leader_id as project_6_0_,
        project0_.start_date as start_da7_0_,
        project0_.status as status8_0_ 
    from
        project project0_ 
    where
        project0_.name=?
Resetting system
Hibernate: 
    select
        task0_.id as id1_1_,
        task0_.asigned_id as asigned_2_1_,
        task0_.creation_date as creation3_1_,
        task0_.description as descript4_1_,
        task0_.estimated_duration as estimate5_1_,
        task0_.finish_date as finish_d6_1_,
        task0_.name as name7_1_,
        task0_.priority as priority8_1_,
        task0_.project_id as project_9_1_,
        task0_.start_date as start_d10_1_,
        task0_.status as status11_1_ 
    from
        task task0_
Hibernate: 
    select
        project0_.id as id1_0_,
        project0_.creation_date as creation2_0_,
        project0_.description as descript3_0_,
        project0_.finish_date as finish_d4_0_,
        project0_.name as name5_0_,
        project0_.project_leader_id as project_6_0_,
        project0_.start_date as start_da7_0_,
        project0_.status as status8_0_ 
    from
        project project0_
Hibernate: 
    delete 
    from
        project 
    where
        id=?
After all test execution
Resetting system
Hibernate: 
    select
        project0_.id as id1_0_,
        project0_.creation_date as creation2_0_,
        project0_.description as descript3_0_,
        project0_.finish_date as finish_d4_0_,
        project0_.name as name5_0_,
        project0_.project_leader_id as project_6_0_,
        project0_.start_date as start_da7_0_,
        project0_.status as status8_0_ 
    from
        project project0_
Hibernate: 
    select
        task0_.id as id1_1_,
        task0_.asigned_id as asigned_2_1_,
        task0_.creation_date as creation3_1_,
        task0_.description as descript4_1_,
        task0_.estimated_duration as estimate5_1_,
        task0_.finish_date as finish_d6_1_,
        task0_.name as name7_1_,
        task0_.priority as priority8_1_,
        task0_.project_id as project_9_1_,
        task0_.start_date as start_d10_1_,
        task0_.status as status11_1_ 
    from
        task task0_
After all test execution
Resetting system
Hibernate: 
    select
        project0_.id as id1_0_,
        project0_.creation_date as creation2_0_,
        project0_.description as descript3_0_,
        project0_.finish_date as finish_d4_0_,
        project0_.name as name5_0_,
        project0_.project_leader_id as project_6_0_,
        project0_.start_date as start_da7_0_,
        project0_.status as status8_0_ 
    from
        project project0_
Hibernate: 
    select
        project0_.id as id1_0_,
        project0_.creation_date as creation2_0_,
        project0_.description as descript3_0_,
        project0_.finish_date as finish_d4_0_,
        project0_.name as name5_0_,
        project0_.project_leader_id as project_6_0_,
        project0_.start_date as start_da7_0_,
        project0_.status as status8_0_ 
    from
        project project0_
After all test execution
After all test execution
Hibernate: 
    select
        task0_.id as id1_1_,
        task0_.asigned_id as asigned_2_1_,
        task0_.creation_date as creation3_1_,
        task0_.description as descript4_1_,
        task0_.estimated_duration as estimate5_1_,
        task0_.finish_date as finish_d6_1_,
        task0_.name as name7_1_,
        task0_.priority as priority8_1_,
        task0_.project_id as project_9_1_,
        task0_.start_date as start_d10_1_,
        task0_.status as status11_1_ 
    from
        task task0_
Hibernate: 
    select
        task0_.id as id1_1_,
        task0_.asigned_id as asigned_2_1_,
        task0_.creation_date as creation3_1_,
        task0_.description as descript4_1_,
        task0_.estimated_duration as estimate5_1_,
        task0_.finish_date as finish_d6_1_,
        task0_.name as name7_1_,
        task0_.priority as priority8_1_,
        task0_.project_id as project_9_1_,
        task0_.start_date as start_d10_1_,
        task0_.status as status11_1_ 
    from
        task task0_
After all test execution
2023-12-04 16:33:40.305  INFO 10660 --- [    Test worker] o.s.t.c.support.AbstractContextLoader    : Could not detect default resource locations for test class [com.aninfo.integration.cucumber.TaskIntegrationServiceTest]: no resource found for suffixes {-context.xml, Context.groovy}.
2023-12-04 16:33:40.312  INFO 10660 --- [    Test worker] .b.t.c.SpringBootTestContextBootstrapper : Loaded default TestExecutionListener class names from location [META-INF/spring.factories]: [org.springframework.boot.test.autoconfigure.restdocs.RestDocsTestExecutionListener, org.springframework.boot.test.autoconfigure.web.client.MockRestServiceServerResetTestExecutionListener, org.springframework.boot.test.autoconfigure.web.servlet.MockMvcPrintOnlyOnFailureTestExecutionListener, org.springframework.boot.test.autoconfigure.web.servlet.WebDriverTestExecutionListener, org.springframework.boot.test.mock.mockito.MockitoTestExecutionListener, org.springframework.boot.test.mock.mockito.ResetMocksTestExecutionListener, org.springframework.test.context.web.ServletTestExecutionListener, org.springframework.test.context.support.DirtiesContextBeforeModesTestExecutionListener, org.springframework.test.context.support.DependencyInjectionTestExecutionListener, org.springframework.test.context.support.DirtiesContextTestExecutionListener, org.springframework.test.context.transaction.TransactionalTestExecutionListener, org.springframework.test.context.jdbc.SqlScriptsTestExecutionListener, org.springframework.test.context.event.EventPublishingTestExecutionListener]
2023-12-04 16:33:40.314  INFO 10660 --- [    Test worker] .b.t.c.SpringBootTestContextBootstrapper : Using TestExecutionListeners: [org.springframework.test.context.web.ServletTestExecutionListener@2bcfe596, org.springframework.test.context.support.DirtiesContextBeforeModesTestExecutionListener@2c7ab9c4, org.springframework.boot.test.mock.mockito.MockitoTestExecutionListener@63f79e1d, org.springframework.boot.test.autoconfigure.SpringBootDependencyInjectionTestExecutionListener@57d692f1, org.springframework.test.context.support.DirtiesContextTestExecutionListener@3e13ec8, org.springframework.test.context.transaction.TransactionalTestExecutionListener@7a2c13e9, org.springframework.test.context.jdbc.SqlScriptsTestExecutionListener@25746dc7, org.springframework.test.context.event.EventPublishingTestExecutionListener@46563282, org.springframework.boot.test.autoconfigure.restdocs.RestDocsTestExecutionListener@4c4b53fe, org.springframework.boot.test.autoconfigure.web.client.MockRestServiceServerResetTestExecutionListener@56e2b2c5, org.springframework.boot.test.autoconfigure.web.servlet.MockMvcPrintOnlyOnFailureTestExecutionListener@507ef78b, org.springframework.boot.test.autoconfigure.web.servlet.WebDriverTestExecutionListener@274b0d24, org.springframework.boot.test.mock.mockito.ResetMocksTestExecutionListener@31897e90]
Before any test execution
Before any test execution
Before any test execution
Before any test execution
Hibernate: 
    select
        project0_.id as id1_0_,
        project0_.creation_date as creation2_0_,
        project0_.description as descript3_0_,
        project0_.finish_date as finish_d4_0_,
        project0_.name as name5_0_,
        project0_.project_leader_id as project_6_0_,
        project0_.start_date as start_da7_0_,
        project0_.status as status8_0_ 
    from
        project project0_ 
    where
        project0_.name=?
Hibernate: 
    call next value for hibernate_sequence
Hibernate: 
    insert 
    into
        project
        (creation_date, description, finish_date, name, project_leader_id, start_date, status, id) 
    values
        (?, ?, ?, ?, ?, ?, ?, ?)
Resetting system
Hibernate: 
    select
        task0_.id as id1_1_,
        task0_.asigned_id as asigned_2_1_,
        task0_.creation_date as creation3_1_,
        task0_.description as descript4_1_,
        task0_.estimated_duration as estimate5_1_,
        task0_.finish_date as finish_d6_1_,
        task0_.name as name7_1_,
        task0_.priority as priority8_1_,
        task0_.project_id as project_9_1_,
        task0_.start_date as start_d10_1_,
        task0_.status as status11_1_ 
    from
        task task0_
Hibernate: 
    select
        project0_.id as id1_0_,
        project0_.creation_date as creation2_0_,
        project0_.description as descript3_0_,
        project0_.finish_date as finish_d4_0_,
        project0_.name as name5_0_,
        project0_.project_leader_id as project_6_0_,
        project0_.start_date as start_da7_0_,
        project0_.status as status8_0_ 
    from
        project project0_
Hibernate: 
    delete 
    from
        project 
    where
        id=?
After all test execution
Resetting system
Hibernate: 
    select
        project0_.id as id1_0_,
        project0_.creation_date as creation2_0_,
        project0_.description as descript3_0_,
        project0_.finish_date as finish_d4_0_,
        project0_.name as name5_0_,
        project0_.project_leader_id as project_6_0_,
        project0_.start_date as start_da7_0_,
        project0_.status as status8_0_ 
    from
        project project0_
Hibernate: 
    select
        task0_.id as id1_1_,
        task0_.asigned_id as asigned_2_1_,
        task0_.creation_date as creation3_1_,
        task0_.description as descript4_1_,
        task0_.estimated_duration as estimate5_1_,
        task0_.finish_date as finish_d6_1_,
        task0_.name as name7_1_,
        task0_.priority as priority8_1_,
        task0_.project_id as project_9_1_,
        task0_.start_date as start_d10_1_,
        task0_.status as status11_1_ 
    from
        task task0_
After all test execution
Resetting system
Hibernate: 
    select
        project0_.id as id1_0_,
        project0_.creation_date as creation2_0_,
        project0_.description as descript3_0_,
        project0_.finish_date as finish_d4_0_,
        project0_.name as name5_0_,
        project0_.project_leader_id as project_6_0_,
        project0_.start_date as start_da7_0_,
        project0_.status as status8_0_ 
    from
        project project0_
Hibernate: 
    select
        project0_.id as id1_0_,
        project0_.creation_date as creation2_0_,
        project0_.description as descript3_0_,
        project0_.finish_date as finish_d4_0_,
        project0_.name as name5_0_,
        project0_.project_leader_id as project_6_0_,
        project0_.start_date as start_da7_0_,
        project0_.status as status8_0_ 
    from
        project project0_
After all test execution
After all test execution
Hibernate: 
    select
        task0_.id as id1_1_,
        task0_.asigned_id as asigned_2_1_,
        task0_.creation_date as creation3_1_,
        task0_.description as descript4_1_,
        task0_.estimated_duration as estimate5_1_,
        task0_.finish_date as finish_d6_1_,
        task0_.name as name7_1_,
        task0_.priority as priority8_1_,
        task0_.project_id as project_9_1_,
        task0_.start_date as start_d10_1_,
        task0_.status as status11_1_ 
    from
        task task0_
Hibernate: 
    select
        task0_.id as id1_1_,
        task0_.asigned_id as asigned_2_1_,
        task0_.creation_date as creation3_1_,
        task0_.description as descript4_1_,
        task0_.estimated_duration as estimate5_1_,
        task0_.finish_date as finish_d6_1_,
        task0_.name as name7_1_,
        task0_.priority as priority8_1_,
        task0_.project_id as project_9_1_,
        task0_.start_date as start_d10_1_,
        task0_.status as status11_1_ 
    from
        task task0_
After all test execution
2023-12-04 16:33:40.371  INFO 10660 --- [    Test worker] o.s.t.c.support.AbstractContextLoader    : Could not detect default resource locations for test class [com.aninfo.integration.cucumber.TaskIntegrationServiceTest]: no resource found for suffixes {-context.xml, Context.groovy}.
2023-12-04 16:33:40.372  INFO 10660 --- [    Test worker] .b.t.c.SpringBootTestContextBootstrapper : Loaded default TestExecutionListener class names from location [META-INF/spring.factories]: [org.springframework.boot.test.autoconfigure.restdocs.RestDocsTestExecutionListener, org.springframework.boot.test.autoconfigure.web.client.MockRestServiceServerResetTestExecutionListener, org.springframework.boot.test.autoconfigure.web.servlet.MockMvcPrintOnlyOnFailureTestExecutionListener, org.springframework.boot.test.autoconfigure.web.servlet.WebDriverTestExecutionListener, org.springframework.boot.test.mock.mockito.MockitoTestExecutionListener, org.springframework.boot.test.mock.mockito.ResetMocksTestExecutionListener, org.springframework.test.context.web.ServletTestExecutionListener, org.springframework.test.context.support.DirtiesContextBeforeModesTestExecutionListener, org.springframework.test.context.support.DependencyInjectionTestExecutionListener, org.springframework.test.context.support.DirtiesContextTestExecutionListener, org.springframework.test.context.transaction.TransactionalTestExecutionListener, org.springframework.test.context.jdbc.SqlScriptsTestExecutionListener, org.springframework.test.context.event.EventPublishingTestExecutionListener]
2023-12-04 16:33:40.372  INFO 10660 --- [    Test worker] .b.t.c.SpringBootTestContextBootstrapper : Using TestExecutionListeners: [org.springframework.test.context.web.ServletTestExecutionListener@678d47bb, org.springframework.test.context.support.DirtiesContextBeforeModesTestExecutionListener@6143add2, org.springframework.boot.test.mock.mockito.MockitoTestExecutionListener@319d4edf, org.springframework.boot.test.autoconfigure.SpringBootDependencyInjectionTestExecutionListener@10827549, org.springframework.test.context.support.DirtiesContextTestExecutionListener@1dbf487d, org.springframework.test.context.transaction.TransactionalTestExecutionListener@61ee5b25, org.springframework.test.context.jdbc.SqlScriptsTestExecutionListener@3ade0a71, org.springframework.test.context.event.EventPublishingTestExecutionListener@3975085e, org.springframework.boot.test.autoconfigure.restdocs.RestDocsTestExecutionListener@5e6e53ad, org.springframework.boot.test.autoconfigure.web.client.MockRestServiceServerResetTestExecutionListener@4d4a0c36, org.springframework.boot.test.autoconfigure.web.servlet.MockMvcPrintOnlyOnFailureTestExecutionListener@78d1a6c, org.springframework.boot.test.autoconfigure.web.servlet.WebDriverTestExecutionListener@162bc53b, org.springframework.boot.test.mock.mockito.ResetMocksTestExecutionListener@3a740f68]
Before any test execution
Before any test execution
Before any test execution
Before any test execution
Hibernate: 
    select
        project0_.id as id1_0_,
        project0_.creation_date as creation2_0_,
        project0_.description as descript3_0_,
        project0_.finish_date as finish_d4_0_,
        project0_.name as name5_0_,
        project0_.project_leader_id as project_6_0_,
        project0_.start_date as start_da7_0_,
        project0_.status as status8_0_ 
    from
        project project0_ 
    where
        project0_.name=?
Hibernate: 
    call next value for hibernate_sequence
Hibernate: 
    insert 
    into
        project
        (creation_date, description, finish_date, name, project_leader_id, start_date, status, id) 
    values
        (?, ?, ?, ?, ?, ?, ?, ?)
Hibernate: 
    select
        project0_.id as id1_0_,
        project0_.creation_date as creation2_0_,
        project0_.description as descript3_0_,
        project0_.finish_date as finish_d4_0_,
        project0_.name as name5_0_,
        project0_.project_leader_id as project_6_0_,
        project0_.start_date as start_da7_0_,
        project0_.status as status8_0_ 
    from
        project project0_ 
    where
        project0_.name=?
Resetting system
Hibernate: 
    select
        task0_.id as id1_1_,
        task0_.asigned_id as asigned_2_1_,
        task0_.creation_date as creation3_1_,
        task0_.description as descript4_1_,
        task0_.estimated_duration as estimate5_1_,
        task0_.finish_date as finish_d6_1_,
        task0_.name as name7_1_,
        task0_.priority as priority8_1_,
        task0_.project_id as project_9_1_,
        task0_.start_date as start_d10_1_,
        task0_.status as status11_1_ 
    from
        task task0_
Hibernate: 
    select
        project0_.id as id1_0_,
        project0_.creation_date as creation2_0_,
        project0_.description as descript3_0_,
        project0_.finish_date as finish_d4_0_,
        project0_.name as name5_0_,
        project0_.project_leader_id as project_6_0_,
        project0_.start_date as start_da7_0_,
        project0_.status as status8_0_ 
    from
        project project0_
Hibernate: 
    delete 
    from
        project 
    where
        id=?
After all test execution
Resetting system
Hibernate: 
    select
        project0_.id as id1_0_,
        project0_.creation_date as creation2_0_,
        project0_.description as descript3_0_,
        project0_.finish_date as finish_d4_0_,
        project0_.name as name5_0_,
        project0_.project_leader_id as project_6_0_,
        project0_.start_date as start_da7_0_,
        project0_.status as status8_0_ 
    from
        project project0_
Hibernate: 
    select
        task0_.id as id1_1_,
        task0_.asigned_id as asigned_2_1_,
        task0_.creation_date as creation3_1_,
        task0_.description as descript4_1_,
        task0_.estimated_duration as estimate5_1_,
        task0_.finish_date as finish_d6_1_,
        task0_.name as name7_1_,
        task0_.priority as priority8_1_,
        task0_.project_id as project_9_1_,
        task0_.start_date as start_d10_1_,
        task0_.status as status11_1_ 
    from
        task task0_
After all test execution
Resetting system
Hibernate: 
    select
        project0_.id as id1_0_,
        project0_.creation_date as creation2_0_,
        project0_.description as descript3_0_,
        project0_.finish_date as finish_d4_0_,
        project0_.name as name5_0_,
        project0_.project_leader_id as project_6_0_,
        project0_.start_date as start_da7_0_,
        project0_.status as status8_0_ 
    from
        project project0_
Hibernate: 
    select
        project0_.id as id1_0_,
        project0_.creation_date as creation2_0_,
        project0_.description as descript3_0_,
        project0_.finish_date as finish_d4_0_,
        project0_.name as name5_0_,
        project0_.project_leader_id as project_6_0_,
        project0_.start_date as start_da7_0_,
        project0_.status as status8_0_ 
    from
        project project0_
After all test execution
After all test execution
Hibernate: 
    select
        task0_.id as id1_1_,
        task0_.asigned_id as asigned_2_1_,
        task0_.creation_date as creation3_1_,
        task0_.description as descript4_1_,
        task0_.estimated_duration as estimate5_1_,
        task0_.finish_date as finish_d6_1_,
        task0_.name as name7_1_,
        task0_.priority as priority8_1_,
        task0_.project_id as project_9_1_,
        task0_.start_date as start_d10_1_,
        task0_.status as status11_1_ 
    from
        task task0_
Hibernate: 
    select
        task0_.id as id1_1_,
        task0_.asigned_id as asigned_2_1_,
        task0_.creation_date as creation3_1_,
        task0_.description as descript4_1_,
        task0_.estimated_duration as estimate5_1_,
        task0_.finish_date as finish_d6_1_,
        task0_.name as name7_1_,
        task0_.priority as priority8_1_,
        task0_.project_id as project_9_1_,
        task0_.start_date as start_d10_1_,
        task0_.status as status11_1_ 
    from
        task task0_
After all test execution
2023-12-04 16:33:40.416  INFO 10660 --- [    Test worker] o.s.t.c.support.AbstractContextLoader    : Could not detect default resource locations for test class [com.aninfo.integration.cucumber.TaskIntegrationServiceTest]: no resource found for suffixes {-context.xml, Context.groovy}.
2023-12-04 16:33:40.416  INFO 10660 --- [    Test worker] .b.t.c.SpringBootTestContextBootstrapper : Loaded default TestExecutionListener class names from location [META-INF/spring.factories]: [org.springframework.boot.test.autoconfigure.restdocs.RestDocsTestExecutionListener, org.springframework.boot.test.autoconfigure.web.client.MockRestServiceServerResetTestExecutionListener, org.springframework.boot.test.autoconfigure.web.servlet.MockMvcPrintOnlyOnFailureTestExecutionListener, org.springframework.boot.test.autoconfigure.web.servlet.WebDriverTestExecutionListener, org.springframework.boot.test.mock.mockito.MockitoTestExecutionListener, org.springframework.boot.test.mock.mockito.ResetMocksTestExecutionListener, org.springframework.test.context.web.ServletTestExecutionListener, org.springframework.test.context.support.DirtiesContextBeforeModesTestExecutionListener, org.springframework.test.context.support.DependencyInjectionTestExecutionListener, org.springframework.test.context.support.DirtiesContextTestExecutionListener, org.springframework.test.context.transaction.TransactionalTestExecutionListener, org.springframework.test.context.jdbc.SqlScriptsTestExecutionListener, org.springframework.test.context.event.EventPublishingTestExecutionListener]
2023-12-04 16:33:40.416  INFO 10660 --- [    Test worker] .b.t.c.SpringBootTestContextBootstrapper : Using TestExecutionListeners: [org.springframework.test.context.web.ServletTestExecutionListener@82f53da, org.springframework.test.context.support.DirtiesContextBeforeModesTestExecutionListener@121351f0, org.springframework.boot.test.mock.mockito.MockitoTestExecutionListener@12d0b174, org.springframework.boot.test.autoconfigure.SpringBootDependencyInjectionTestExecutionListener@266b9ffc, org.springframework.test.context.support.DirtiesContextTestExecutionListener@54a8b968, org.springframework.test.context.transaction.TransactionalTestExecutionListener@5cbceedc, org.springframework.test.context.jdbc.SqlScriptsTestExecutionListener@4bf0af2e, org.springframework.test.context.event.EventPublishingTestExecutionListener@319e4dd3, org.springframework.boot.test.autoconfigure.restdocs.RestDocsTestExecutionListener@206cc171, org.springframework.boot.test.autoconfigure.web.client.MockRestServiceServerResetTestExecutionListener@1b1d01ae, org.springframework.boot.test.autoconfigure.web.servlet.MockMvcPrintOnlyOnFailureTestExecutionListener@555a443c, org.springframework.boot.test.autoconfigure.web.servlet.WebDriverTestExecutionListener@16e96b91, org.springframework.boot.test.mock.mockito.ResetMocksTestExecutionListener@50c84774]
Before any test execution
Before any test execution
Before any test execution
Before any test execution
Hibernate: 
    select
        project0_.id as id1_0_,
        project0_.creation_date as creation2_0_,
        project0_.description as descript3_0_,
        project0_.finish_date as finish_d4_0_,
        project0_.name as name5_0_,
        project0_.project_leader_id as project_6_0_,
        project0_.start_date as start_da7_0_,
        project0_.status as status8_0_ 
    from
        project project0_ 
    where
        project0_.name=?
Hibernate: 
    call next value for hibernate_sequence
Hibernate: 
    insert 
    into
        project
        (creation_date, description, finish_date, name, project_leader_id, start_date, status, id) 
    values
        (?, ?, ?, ?, ?, ?, ?, ?)
Hibernate: 
    select
        project0_.id as id1_0_,
        project0_.creation_date as creation2_0_,
        project0_.description as descript3_0_,
        project0_.finish_date as finish_d4_0_,
        project0_.name as name5_0_,
        project0_.project_leader_id as project_6_0_,
        project0_.start_date as start_da7_0_,
        project0_.status as status8_0_ 
    from
        project project0_ 
    where
        project0_.name=?
Hibernate: 
    call next value for hibernate_sequence
Hibernate: 
    insert 
    into
        project
        (creation_date, description, finish_date, name, project_leader_id, start_date, status, id) 
    values
        (?, ?, ?, ?, ?, ?, ?, ?)
Resetting system
Hibernate: 
    select
        task0_.id as id1_1_,
        task0_.asigned_id as asigned_2_1_,
        task0_.creation_date as creation3_1_,
        task0_.description as descript4_1_,
        task0_.estimated_duration as estimate5_1_,
        task0_.finish_date as finish_d6_1_,
        task0_.name as name7_1_,
        task0_.priority as priority8_1_,
        task0_.project_id as project_9_1_,
        task0_.start_date as start_d10_1_,
        task0_.status as status11_1_ 
    from
        task task0_
Hibernate: 
    select
        project0_.id as id1_0_,
        project0_.creation_date as creation2_0_,
        project0_.description as descript3_0_,
        project0_.finish_date as finish_d4_0_,
        project0_.name as name5_0_,
        project0_.project_leader_id as project_6_0_,
        project0_.start_date as start_da7_0_,
        project0_.status as status8_0_ 
    from
        project project0_
Hibernate: 
    delete 
    from
        project 
    where
        id=?
Hibernate: 
    delete 
    from
        project 
    where
        id=?
After all test execution
Resetting system
Hibernate: 
    select
        project0_.id as id1_0_,
        project0_.creation_date as creation2_0_,
        project0_.description as descript3_0_,
        project0_.finish_date as finish_d4_0_,
        project0_.name as name5_0_,
        project0_.project_leader_id as project_6_0_,
        project0_.start_date as start_da7_0_,
        project0_.status as status8_0_ 
    from
        project project0_
Hibernate: 
    select
        task0_.id as id1_1_,
        task0_.asigned_id as asigned_2_1_,
        task0_.creation_date as creation3_1_,
        task0_.description as descript4_1_,
        task0_.estimated_duration as estimate5_1_,
        task0_.finish_date as finish_d6_1_,
        task0_.name as name7_1_,
        task0_.priority as priority8_1_,
        task0_.project_id as project_9_1_,
        task0_.start_date as start_d10_1_,
        task0_.status as status11_1_ 
    from
        task task0_
After all test execution
Resetting system
Hibernate: 
    select
        project0_.id as id1_0_,
        project0_.creation_date as creation2_0_,
        project0_.description as descript3_0_,
        project0_.finish_date as finish_d4_0_,
        project0_.name as name5_0_,
        project0_.project_leader_id as project_6_0_,
        project0_.start_date as start_da7_0_,
        project0_.status as status8_0_ 
    from
        project project0_
Hibernate: 
    select
        project0_.id as id1_0_,
        project0_.creation_date as creation2_0_,
        project0_.description as descript3_0_,
        project0_.finish_date as finish_d4_0_,
        project0_.name as name5_0_,
        project0_.project_leader_id as project_6_0_,
        project0_.start_date as start_da7_0_,
        project0_.status as status8_0_ 
    from
        project project0_
After all test execution
After all test execution
Hibernate: 
    select
        task0_.id as id1_1_,
        task0_.asigned_id as asigned_2_1_,
        task0_.creation_date as creation3_1_,
        task0_.description as descript4_1_,
        task0_.estimated_duration as estimate5_1_,
        task0_.finish_date as finish_d6_1_,
        task0_.name as name7_1_,
        task0_.priority as priority8_1_,
        task0_.project_id as project_9_1_,
        task0_.start_date as start_d10_1_,
        task0_.status as status11_1_ 
    from
        task task0_
Hibernate: 
    select
        task0_.id as id1_1_,
        task0_.asigned_id as asigned_2_1_,
        task0_.creation_date as creation3_1_,
        task0_.description as descript4_1_,
        task0_.estimated_duration as estimate5_1_,
        task0_.finish_date as finish_d6_1_,
        task0_.name as name7_1_,
        task0_.priority as priority8_1_,
        task0_.project_id as project_9_1_,
        task0_.start_date as start_d10_1_,
        task0_.status as status11_1_ 
    from
        task task0_
After all test execution
2023-12-04 16:33:40.459  INFO 10660 --- [    Test worker] o.s.t.c.support.AbstractContextLoader    : Could not detect default resource locations for test class [com.aninfo.integration.cucumber.TaskIntegrationServiceTest]: no resource found for suffixes {-context.xml, Context.groovy}.
2023-12-04 16:33:40.459  INFO 10660 --- [    Test worker] .b.t.c.SpringBootTestContextBootstrapper : Loaded default TestExecutionListener class names from location [META-INF/spring.factories]: [org.springframework.boot.test.autoconfigure.restdocs.RestDocsTestExecutionListener, org.springframework.boot.test.autoconfigure.web.client.MockRestServiceServerResetTestExecutionListener, org.springframework.boot.test.autoconfigure.web.servlet.MockMvcPrintOnlyOnFailureTestExecutionListener, org.springframework.boot.test.autoconfigure.web.servlet.WebDriverTestExecutionListener, org.springframework.boot.test.mock.mockito.MockitoTestExecutionListener, org.springframework.boot.test.mock.mockito.ResetMocksTestExecutionListener, org.springframework.test.context.web.ServletTestExecutionListener, org.springframework.test.context.support.DirtiesContextBeforeModesTestExecutionListener, org.springframework.test.context.support.DependencyInjectionTestExecutionListener, org.springframework.test.context.support.DirtiesContextTestExecutionListener, org.springframework.test.context.transaction.TransactionalTestExecutionListener, org.springframework.test.context.jdbc.SqlScriptsTestExecutionListener, org.springframework.test.context.event.EventPublishingTestExecutionListener]
2023-12-04 16:33:40.459  INFO 10660 --- [    Test worker] .b.t.c.SpringBootTestContextBootstrapper : Using TestExecutionListeners: [org.springframework.test.context.web.ServletTestExecutionListener@38080acc, org.springframework.test.context.support.DirtiesContextBeforeModesTestExecutionListener@754ff919, org.springframework.boot.test.mock.mockito.MockitoTestExecutionListener@5ef57149, org.springframework.boot.test.autoconfigure.SpringBootDependencyInjectionTestExecutionListener@4bbea526, org.springframework.test.context.support.DirtiesContextTestExecutionListener@339888f7, org.springframework.test.context.transaction.TransactionalTestExecutionListener@391528ac, org.springframework.test.context.jdbc.SqlScriptsTestExecutionListener@4c9f79fe, org.springframework.test.context.event.EventPublishingTestExecutionListener@723672de, org.springframework.boot.test.autoconfigure.restdocs.RestDocsTestExecutionListener@59e935f, org.springframework.boot.test.autoconfigure.web.client.MockRestServiceServerResetTestExecutionListener@15de8b08, org.springframework.boot.test.autoconfigure.web.servlet.MockMvcPrintOnlyOnFailureTestExecutionListener@223950c4, org.springframework.boot.test.autoconfigure.web.servlet.WebDriverTestExecutionListener@635866df, org.springframework.boot.test.mock.mockito.ResetMocksTestExecutionListener@12ad0580]
Before any test execution
Before any test execution
Before any test execution
Before any test execution
Hibernate: 
    select
        project0_.id as id1_0_,
        project0_.creation_date as creation2_0_,
        project0_.description as descript3_0_,
        project0_.finish_date as finish_d4_0_,
        project0_.name as name5_0_,
        project0_.project_leader_id as project_6_0_,
        project0_.start_date as start_da7_0_,
        project0_.status as status8_0_ 
    from
        project project0_ 
    where
        project0_.name=?
Hibernate: 
    call next value for hibernate_sequence
Hibernate: 
    insert 
    into
        project
        (creation_date, description, finish_date, name, project_leader_id, start_date, status, id) 
    values
        (?, ?, ?, ?, ?, ?, ?, ?)
Hibernate: 
    select
        project0_.id as id1_0_,
        project0_.creation_date as creation2_0_,
        project0_.description as descript3_0_,
        project0_.finish_date as finish_d4_0_,
        project0_.name as name5_0_,
        project0_.project_leader_id as project_6_0_,
        project0_.start_date as start_da7_0_,
        project0_.status as status8_0_ 
    from
        project project0_ 
    where
        project0_.name=?
Hibernate: 
    select
        project0_.id as id1_0_0_,
        project0_.creation_date as creation2_0_0_,
        project0_.description as descript3_0_0_,
        project0_.finish_date as finish_d4_0_0_,
        project0_.name as name5_0_0_,
        project0_.project_leader_id as project_6_0_0_,
        project0_.start_date as start_da7_0_0_,
        project0_.status as status8_0_0_ 
    from
        project project0_ 
    where
        project0_.id=?
Hibernate: 
    delete 
    from
        project 
    where
        id=?
Hibernate: 
    select
        project0_.id as id1_0_,
        project0_.creation_date as creation2_0_,
        project0_.description as descript3_0_,
        project0_.finish_date as finish_d4_0_,
        project0_.name as name5_0_,
        project0_.project_leader_id as project_6_0_,
        project0_.start_date as start_da7_0_,
        project0_.status as status8_0_ 
    from
        project project0_ 
    where
        project0_.name=?
Resetting system
Hibernate: 
    select
        task0_.id as id1_1_,
        task0_.asigned_id as asigned_2_1_,
        task0_.creation_date as creation3_1_,
        task0_.description as descript4_1_,
        task0_.estimated_duration as estimate5_1_,
        task0_.finish_date as finish_d6_1_,
        task0_.name as name7_1_,
        task0_.priority as priority8_1_,
        task0_.project_id as project_9_1_,
        task0_.start_date as start_d10_1_,
        task0_.status as status11_1_ 
    from
        task task0_
Hibernate: 
    select
        project0_.id as id1_0_,
        project0_.creation_date as creation2_0_,
        project0_.description as descript3_0_,
        project0_.finish_date as finish_d4_0_,
        project0_.name as name5_0_,
        project0_.project_leader_id as project_6_0_,
        project0_.start_date as start_da7_0_,
        project0_.status as status8_0_ 
    from
        project project0_
After all test execution
Resetting system
Hibernate: 
    select
        project0_.id as id1_0_,
        project0_.creation_date as creation2_0_,
        project0_.description as descript3_0_,
        project0_.finish_date as finish_d4_0_,
        project0_.name as name5_0_,
        project0_.project_leader_id as project_6_0_,
        project0_.start_date as start_da7_0_,
        project0_.status as status8_0_ 
    from
        project project0_
Hibernate: 
    select
        task0_.id as id1_1_,
        task0_.asigned_id as asigned_2_1_,
        task0_.creation_date as creation3_1_,
        task0_.description as descript4_1_,
        task0_.estimated_duration as estimate5_1_,
        task0_.finish_date as finish_d6_1_,
        task0_.name as name7_1_,
        task0_.priority as priority8_1_,
        task0_.project_id as project_9_1_,
        task0_.start_date as start_d10_1_,
        task0_.status as status11_1_ 
    from
        task task0_
After all test execution
Resetting system
Hibernate: 
    select
        project0_.id as id1_0_,
        project0_.creation_date as creation2_0_,
        project0_.description as descript3_0_,
        project0_.finish_date as finish_d4_0_,
        project0_.name as name5_0_,
        project0_.project_leader_id as project_6_0_,
        project0_.start_date as start_da7_0_,
        project0_.status as status8_0_ 
    from
        project project0_
Hibernate: 
    select
        project0_.id as id1_0_,
        project0_.creation_date as creation2_0_,
        project0_.description as descript3_0_,
        project0_.finish_date as finish_d4_0_,
        project0_.name as name5_0_,
        project0_.project_leader_id as project_6_0_,
        project0_.start_date as start_da7_0_,
        project0_.status as status8_0_ 
    from
        project project0_
After all test execution
After all test execution
Hibernate: 
    select
        task0_.id as id1_1_,
        task0_.asigned_id as asigned_2_1_,
        task0_.creation_date as creation3_1_,
        task0_.description as descript4_1_,
        task0_.estimated_duration as estimate5_1_,
        task0_.finish_date as finish_d6_1_,
        task0_.name as name7_1_,
        task0_.priority as priority8_1_,
        task0_.project_id as project_9_1_,
        task0_.start_date as start_d10_1_,
        task0_.status as status11_1_ 
    from
        task task0_
Hibernate: 
    select
        task0_.id as id1_1_,
        task0_.asigned_id as asigned_2_1_,
        task0_.creation_date as creation3_1_,
        task0_.description as descript4_1_,
        task0_.estimated_duration as estimate5_1_,
        task0_.finish_date as finish_d6_1_,
        task0_.name as name7_1_,
        task0_.priority as priority8_1_,
        task0_.project_id as project_9_1_,
        task0_.start_date as start_d10_1_,
        task0_.status as status11_1_ 
    from
        task task0_
After all test execution
2023-12-04 16:33:40.512  INFO 10660 --- [    Test worker] o.s.t.c.support.AbstractContextLoader    : Could not detect default resource locations for test class [com.aninfo.integration.cucumber.TaskIntegrationServiceTest]: no resource found for suffixes {-context.xml, Context.groovy}.
2023-12-04 16:33:40.513  INFO 10660 --- [    Test worker] .b.t.c.SpringBootTestContextBootstrapper : Loaded default TestExecutionListener class names from location [META-INF/spring.factories]: [org.springframework.boot.test.autoconfigure.restdocs.RestDocsTestExecutionListener, org.springframework.boot.test.autoconfigure.web.client.MockRestServiceServerResetTestExecutionListener, org.springframework.boot.test.autoconfigure.web.servlet.MockMvcPrintOnlyOnFailureTestExecutionListener, org.springframework.boot.test.autoconfigure.web.servlet.WebDriverTestExecutionListener, org.springframework.boot.test.mock.mockito.MockitoTestExecutionListener, org.springframework.boot.test.mock.mockito.ResetMocksTestExecutionListener, org.springframework.test.context.web.ServletTestExecutionListener, org.springframework.test.context.support.DirtiesContextBeforeModesTestExecutionListener, org.springframework.test.context.support.DependencyInjectionTestExecutionListener, org.springframework.test.context.support.DirtiesContextTestExecutionListener, org.springframework.test.context.transaction.TransactionalTestExecutionListener, org.springframework.test.context.jdbc.SqlScriptsTestExecutionListener, org.springframework.test.context.event.EventPublishingTestExecutionListener]
2023-12-04 16:33:40.515  INFO 10660 --- [    Test worker] .b.t.c.SpringBootTestContextBootstrapper : Using TestExecutionListeners: [org.springframework.test.context.web.ServletTestExecutionListener@5912f405, org.springframework.test.context.support.DirtiesContextBeforeModesTestExecutionListener@6f53031c, org.springframework.boot.test.mock.mockito.MockitoTestExecutionListener@6caa6e73, org.springframework.boot.test.autoconfigure.SpringBootDependencyInjectionTestExecutionListener@4f933622, org.springframework.test.context.support.DirtiesContextTestExecutionListener@1ef4109, org.springframework.test.context.transaction.TransactionalTestExecutionListener@7653e9cb, org.springframework.test.context.jdbc.SqlScriptsTestExecutionListener@49b5d884, org.springframework.test.context.event.EventPublishingTestExecutionListener@1fc1c5b6, org.springframework.boot.test.autoconfigure.restdocs.RestDocsTestExecutionListener@645d384e, org.springframework.boot.test.autoconfigure.web.client.MockRestServiceServerResetTestExecutionListener@d2988bf, org.springframework.boot.test.autoconfigure.web.servlet.MockMvcPrintOnlyOnFailureTestExecutionListener@6a3f1066, org.springframework.boot.test.autoconfigure.web.servlet.WebDriverTestExecutionListener@7b4294e2, org.springframework.boot.test.mock.mockito.ResetMocksTestExecutionListener@76d04c8c]
Before any test execution
Before any test execution
Before any test execution
Before any test execution
Hibernate: 
    select
        project0_.id as id1_0_,
        project0_.creation_date as creation2_0_,
        project0_.description as descript3_0_,
        project0_.finish_date as finish_d4_0_,
        project0_.name as name5_0_,
        project0_.project_leader_id as project_6_0_,
        project0_.start_date as start_da7_0_,
        project0_.status as status8_0_ 
    from
        project project0_ 
    where
        project0_.name=?
Hibernate: 
    call next value for hibernate_sequence
Hibernate: 
    insert 
    into
        project
        (creation_date, description, finish_date, name, project_leader_id, start_date, status, id) 
    values
        (?, ?, ?, ?, ?, ?, ?, ?)
Hibernate: 
    select
        project0_.id as id1_0_,
        project0_.creation_date as creation2_0_,
        project0_.description as descript3_0_,
        project0_.finish_date as finish_d4_0_,
        project0_.name as name5_0_,
        project0_.project_leader_id as project_6_0_,
        project0_.start_date as start_da7_0_,
        project0_.status as status8_0_ 
    from
        project project0_ 
    where
        project0_.name=?
Hibernate: 
    call next value for hibernate_sequence
Hibernate: 
    insert 
    into
        project
        (creation_date, description, finish_date, name, project_leader_id, start_date, status, id) 
    values
        (?, ?, ?, ?, ?, ?, ?, ?)
Hibernate: 
    select
        project0_.id as id1_0_,
        project0_.creation_date as creation2_0_,
        project0_.description as descript3_0_,
        project0_.finish_date as finish_d4_0_,
        project0_.name as name5_0_,
        project0_.project_leader_id as project_6_0_,
        project0_.start_date as start_da7_0_,
        project0_.status as status8_0_ 
    from
        project project0_ 
    where
        project0_.name=?
Hibernate: 
    select
        project0_.id as id1_0_0_,
        project0_.creation_date as creation2_0_0_,
        project0_.description as descript3_0_0_,
        project0_.finish_date as finish_d4_0_0_,
        project0_.name as name5_0_0_,
        project0_.project_leader_id as project_6_0_0_,
        project0_.start_date as start_da7_0_0_,
        project0_.status as status8_0_0_ 
    from
        project project0_ 
    where
        project0_.id=?
Hibernate: 
    delete 
    from
        project 
    where
        id=?
Hibernate: 
    select
        project0_.id as id1_0_,
        project0_.creation_date as creation2_0_,
        project0_.description as descript3_0_,
        project0_.finish_date as finish_d4_0_,
        project0_.name as name5_0_,
        project0_.project_leader_id as project_6_0_,
        project0_.start_date as start_da7_0_,
        project0_.status as status8_0_ 
    from
        project project0_ 
    where
        project0_.name=?
Hibernate: 
    select
        project0_.id as id1_0_,
        project0_.creation_date as creation2_0_,
        project0_.description as descript3_0_,
        project0_.finish_date as finish_d4_0_,
        project0_.name as name5_0_,
        project0_.project_leader_id as project_6_0_,
        project0_.start_date as start_da7_0_,
        project0_.status as status8_0_ 
    from
        project project0_ 
    where
        project0_.name=?
Resetting system
Hibernate: 
    select
        task0_.id as id1_1_,
        task0_.asigned_id as asigned_2_1_,
        task0_.creation_date as creation3_1_,
        task0_.description as descript4_1_,
        task0_.estimated_duration as estimate5_1_,
        task0_.finish_date as finish_d6_1_,
        task0_.name as name7_1_,
        task0_.priority as priority8_1_,
        task0_.project_id as project_9_1_,
        task0_.start_date as start_d10_1_,
        task0_.status as status11_1_ 
    from
        task task0_
Hibernate: 
    select
        project0_.id as id1_0_,
        project0_.creation_date as creation2_0_,
        project0_.description as descript3_0_,
        project0_.finish_date as finish_d4_0_,
        project0_.name as name5_0_,
        project0_.project_leader_id as project_6_0_,
        project0_.start_date as start_da7_0_,
        project0_.status as status8_0_ 
    from
        project project0_
Hibernate: 
    delete 
    from
        project 
    where
        id=?
After all test execution
Resetting system
Hibernate: 
    select
        project0_.id as id1_0_,
        project0_.creation_date as creation2_0_,
        project0_.description as descript3_0_,
        project0_.finish_date as finish_d4_0_,
        project0_.name as name5_0_,
        project0_.project_leader_id as project_6_0_,
        project0_.start_date as start_da7_0_,
        project0_.status as status8_0_ 
    from
        project project0_
Hibernate: 
    select
        task0_.id as id1_1_,
        task0_.asigned_id as asigned_2_1_,
        task0_.creation_date as creation3_1_,
        task0_.description as descript4_1_,
        task0_.estimated_duration as estimate5_1_,
        task0_.finish_date as finish_d6_1_,
        task0_.name as name7_1_,
        task0_.priority as priority8_1_,
        task0_.project_id as project_9_1_,
        task0_.start_date as start_d10_1_,
        task0_.status as status11_1_ 
    from
        task task0_
After all test execution
Resetting system
Hibernate: 
    select
        project0_.id as id1_0_,
        project0_.creation_date as creation2_0_,
        project0_.description as descript3_0_,
        project0_.finish_date as finish_d4_0_,
        project0_.name as name5_0_,
        project0_.project_leader_id as project_6_0_,
        project0_.start_date as start_da7_0_,
        project0_.status as status8_0_ 
    from
        project project0_
Hibernate: 
    select
        project0_.id as id1_0_,
        project0_.creation_date as creation2_0_,
        project0_.description as descript3_0_,
        project0_.finish_date as finish_d4_0_,
        project0_.name as name5_0_,
        project0_.project_leader_id as project_6_0_,
        project0_.start_date as start_da7_0_,
        project0_.status as status8_0_ 
    from
        project project0_
After all test execution
After all test execution
Hibernate: 
    select
        task0_.id as id1_1_,
        task0_.asigned_id as asigned_2_1_,
        task0_.creation_date as creation3_1_,
        task0_.description as descript4_1_,
        task0_.estimated_duration as estimate5_1_,
        task0_.finish_date as finish_d6_1_,
        task0_.name as name7_1_,
        task0_.priority as priority8_1_,
        task0_.project_id as project_9_1_,
        task0_.start_date as start_d10_1_,
        task0_.status as status11_1_ 
    from
        task task0_
Hibernate: 
    select
        task0_.id as id1_1_,
        task0_.asigned_id as asigned_2_1_,
        task0_.creation_date as creation3_1_,
        task0_.description as descript4_1_,
        task0_.estimated_duration as estimate5_1_,
        task0_.finish_date as finish_d6_1_,
        task0_.name as name7_1_,
        task0_.priority as priority8_1_,
        task0_.project_id as project_9_1_,
        task0_.start_date as start_d10_1_,
        task0_.status as status11_1_ 
    from
        task task0_
After all test execution
2023-12-04 16:33:40.562  INFO 10660 --- [    Test worker] o.s.t.c.support.AbstractContextLoader    : Could not detect default resource locations for test class [com.aninfo.integration.cucumber.TaskIntegrationServiceTest]: no resource found for suffixes {-context.xml, Context.groovy}.
2023-12-04 16:33:40.578  INFO 10660 --- [    Test worker] .b.t.c.SpringBootTestContextBootstrapper : Loaded default TestExecutionListener class names from location [META-INF/spring.factories]: [org.springframework.boot.test.autoconfigure.restdocs.RestDocsTestExecutionListener, org.springframework.boot.test.autoconfigure.web.client.MockRestServiceServerResetTestExecutionListener, org.springframework.boot.test.autoconfigure.web.servlet.MockMvcPrintOnlyOnFailureTestExecutionListener, org.springframework.boot.test.autoconfigure.web.servlet.WebDriverTestExecutionListener, org.springframework.boot.test.mock.mockito.MockitoTestExecutionListener, org.springframework.boot.test.mock.mockito.ResetMocksTestExecutionListener, org.springframework.test.context.web.ServletTestExecutionListener, org.springframework.test.context.support.DirtiesContextBeforeModesTestExecutionListener, org.springframework.test.context.support.DependencyInjectionTestExecutionListener, org.springframework.test.context.support.DirtiesContextTestExecutionListener, org.springframework.test.context.transaction.TransactionalTestExecutionListener, org.springframework.test.context.jdbc.SqlScriptsTestExecutionListener, org.springframework.test.context.event.EventPublishingTestExecutionListener]
2023-12-04 16:33:40.578  INFO 10660 --- [    Test worker] .b.t.c.SpringBootTestContextBootstrapper : Using TestExecutionListeners: [org.springframework.test.context.web.ServletTestExecutionListener@12cc17a9, org.springframework.test.context.support.DirtiesContextBeforeModesTestExecutionListener@330c20f4, org.springframework.boot.test.mock.mockito.MockitoTestExecutionListener@67cabfa0, org.springframework.boot.test.autoconfigure.SpringBootDependencyInjectionTestExecutionListener@3013eb9b, org.springframework.test.context.support.DirtiesContextTestExecutionListener@4290c36f, org.springframework.test.context.transaction.TransactionalTestExecutionListener@10495049, org.springframework.test.context.jdbc.SqlScriptsTestExecutionListener@22ccda5f, org.springframework.test.context.event.EventPublishingTestExecutionListener@d2cb2ae, org.springframework.boot.test.autoconfigure.restdocs.RestDocsTestExecutionListener@49e383df, org.springframework.boot.test.autoconfigure.web.client.MockRestServiceServerResetTestExecutionListener@137259b2, org.springframework.boot.test.autoconfigure.web.servlet.MockMvcPrintOnlyOnFailureTestExecutionListener@57a867a1, org.springframework.boot.test.autoconfigure.web.servlet.WebDriverTestExecutionListener@3f790638, org.springframework.boot.test.mock.mockito.ResetMocksTestExecutionListener@6ad19773]
Before any test execution
Before any test execution
Before any test execution
Before any test execution
Hibernate: 
    select
        project0_.id as id1_0_,
        project0_.creation_date as creation2_0_,
        project0_.description as descript3_0_,
        project0_.finish_date as finish_d4_0_,
        project0_.name as name5_0_,
        project0_.project_leader_id as project_6_0_,
        project0_.start_date as start_da7_0_,
        project0_.status as status8_0_ 
    from
        project project0_ 
    where
        project0_.name=?
Hibernate: 
    call next value for hibernate_sequence
Hibernate: 
    insert 
    into
        project
        (creation_date, description, finish_date, name, project_leader_id, start_date, status, id) 
    values
        (?, ?, ?, ?, ?, ?, ?, ?)
Hibernate: 
    select
        project0_.id as id1_0_,
        project0_.creation_date as creation2_0_,
        project0_.description as descript3_0_,
        project0_.finish_date as finish_d4_0_,
        project0_.name as name5_0_,
        project0_.project_leader_id as project_6_0_,
        project0_.start_date as start_da7_0_,
        project0_.status as status8_0_ 
    from
        project project0_ 
    where
        project0_.name=?
Hibernate: 
    call next value for hibernate_sequence
Hibernate: 
    insert 
    into
        project
        (creation_date, description, finish_date, name, project_leader_id, start_date, status, id) 
    values
        (?, ?, ?, ?, ?, ?, ?, ?)
Hibernate: 
    select
        project0_.id as id1_0_,
        project0_.creation_date as creation2_0_,
        project0_.description as descript3_0_,
        project0_.finish_date as finish_d4_0_,
        project0_.name as name5_0_,
        project0_.project_leader_id as project_6_0_,
        project0_.start_date as start_da7_0_,
        project0_.status as status8_0_ 
    from
        project project0_ 
    where
        project0_.name=?
Hibernate: 
    select
        project0_.id as id1_0_,
        project0_.creation_date as creation2_0_,
        project0_.description as descript3_0_,
        project0_.finish_date as finish_d4_0_,
        project0_.name as name5_0_,
        project0_.project_leader_id as project_6_0_,
        project0_.start_date as start_da7_0_,
        project0_.status as status8_0_ 
    from
        project project0_ 
    where
        project0_.name=?
Hibernate: 
    select
        project0_.id as id1_0_0_,
        project0_.creation_date as creation2_0_0_,
        project0_.description as descript3_0_0_,
        project0_.finish_date as finish_d4_0_0_,
        project0_.name as name5_0_0_,
        project0_.project_leader_id as project_6_0_0_,
        project0_.start_date as start_da7_0_0_,
        project0_.status as status8_0_0_ 
    from
        project project0_ 
    where
        project0_.id=?
Hibernate: 
    select
        project0_.id as id1_0_0_,
        project0_.creation_date as creation2_0_0_,
        project0_.description as descript3_0_0_,
        project0_.finish_date as finish_d4_0_0_,
        project0_.name as name5_0_0_,
        project0_.project_leader_id as project_6_0_0_,
        project0_.start_date as start_da7_0_0_,
        project0_.status as status8_0_0_ 
    from
        project project0_ 
    where
        project0_.id=?
Hibernate: 
    update
        project 
    set
        creation_date=?,
        description=?,
        finish_date=?,
        name=?,
        project_leader_id=?,
        start_date=?,
        status=? 
    where
        id=?
Hibernate: 
    select
        project0_.id as id1_0_,
        project0_.creation_date as creation2_0_,
        project0_.description as descript3_0_,
        project0_.finish_date as finish_d4_0_,
        project0_.name as name5_0_,
        project0_.project_leader_id as project_6_0_,
        project0_.start_date as start_da7_0_,
        project0_.status as status8_0_ 
    from
        project project0_
Hibernate: 
    delete 
    from
        project 
    where
        id=?
Hibernate: 
    delete 
    from
        project 
    where
        id=?
Resetting system
Hibernate: 
    select
        task0_.id as id1_1_,
        task0_.asigned_id as asigned_2_1_,
        task0_.creation_date as creation3_1_,
        task0_.description as descript4_1_,
        task0_.estimated_duration as estimate5_1_,
        task0_.finish_date as finish_d6_1_,
        task0_.name as name7_1_,
        task0_.priority as priority8_1_,
        task0_.project_id as project_9_1_,
        task0_.start_date as start_d10_1_,
        task0_.status as status11_1_ 
    from
        task task0_
Hibernate: 
    select
        project0_.id as id1_0_,
        project0_.creation_date as creation2_0_,
        project0_.description as descript3_0_,
        project0_.finish_date as finish_d4_0_,
        project0_.name as name5_0_,
        project0_.project_leader_id as project_6_0_,
        project0_.start_date as start_da7_0_,
        project0_.status as status8_0_ 
    from
        project project0_
After all test execution
Resetting system
Hibernate: 
    select
        project0_.id as id1_0_,
        project0_.creation_date as creation2_0_,
        project0_.description as descript3_0_,
        project0_.finish_date as finish_d4_0_,
        project0_.name as name5_0_,
        project0_.project_leader_id as project_6_0_,
        project0_.start_date as start_da7_0_,
        project0_.status as status8_0_ 
    from
        project project0_
Hibernate: 
    select
        task0_.id as id1_1_,
        task0_.asigned_id as asigned_2_1_,
        task0_.creation_date as creation3_1_,
        task0_.description as descript4_1_,
        task0_.estimated_duration as estimate5_1_,
        task0_.finish_date as finish_d6_1_,
        task0_.name as name7_1_,
        task0_.priority as priority8_1_,
        task0_.project_id as project_9_1_,
        task0_.start_date as start_d10_1_,
        task0_.status as status11_1_ 
    from
        task task0_
After all test execution
Resetting system
Hibernate: 
    select
        project0_.id as id1_0_,
        project0_.creation_date as creation2_0_,
        project0_.description as descript3_0_,
        project0_.finish_date as finish_d4_0_,
        project0_.name as name5_0_,
        project0_.project_leader_id as project_6_0_,
        project0_.start_date as start_da7_0_,
        project0_.status as status8_0_ 
    from
        project project0_
Hibernate: 
    select
        project0_.id as id1_0_,
        project0_.creation_date as creation2_0_,
        project0_.description as descript3_0_,
        project0_.finish_date as finish_d4_0_,
        project0_.name as name5_0_,
        project0_.project_leader_id as project_6_0_,
        project0_.start_date as start_da7_0_,
        project0_.status as status8_0_ 
    from
        project project0_
After all test execution
After all test execution
Hibernate: 
    select
        task0_.id as id1_1_,
        task0_.asigned_id as asigned_2_1_,
        task0_.creation_date as creation3_1_,
        task0_.description as descript4_1_,
        task0_.estimated_duration as estimate5_1_,
        task0_.finish_date as finish_d6_1_,
        task0_.name as name7_1_,
        task0_.priority as priority8_1_,
        task0_.project_id as project_9_1_,
        task0_.start_date as start_d10_1_,
        task0_.status as status11_1_ 
    from
        task task0_
Hibernate: 
    select
        task0_.id as id1_1_,
        task0_.asigned_id as asigned_2_1_,
        task0_.creation_date as creation3_1_,
        task0_.description as descript4_1_,
        task0_.estimated_duration as estimate5_1_,
        task0_.finish_date as finish_d6_1_,
        task0_.name as name7_1_,
        task0_.priority as priority8_1_,
        task0_.project_id as project_9_1_,
        task0_.start_date as start_d10_1_,
        task0_.status as status11_1_ 
    from
        task task0_
After all test execution
2023-12-04 16:33:40.656  INFO 10660 --- [    Test worker] o.s.t.c.support.AbstractContextLoader    : Could not detect default resource locations for test class [com.aninfo.integration.cucumber.TaskIntegrationServiceTest]: no resource found for suffixes {-context.xml, Context.groovy}.
2023-12-04 16:33:40.656  INFO 10660 --- [    Test worker] .b.t.c.SpringBootTestContextBootstrapper : Loaded default TestExecutionListener class names from location [META-INF/spring.factories]: [org.springframework.boot.test.autoconfigure.restdocs.RestDocsTestExecutionListener, org.springframework.boot.test.autoconfigure.web.client.MockRestServiceServerResetTestExecutionListener, org.springframework.boot.test.autoconfigure.web.servlet.MockMvcPrintOnlyOnFailureTestExecutionListener, org.springframework.boot.test.autoconfigure.web.servlet.WebDriverTestExecutionListener, org.springframework.boot.test.mock.mockito.MockitoTestExecutionListener, org.springframework.boot.test.mock.mockito.ResetMocksTestExecutionListener, org.springframework.test.context.web.ServletTestExecutionListener, org.springframework.test.context.support.DirtiesContextBeforeModesTestExecutionListener, org.springframework.test.context.support.DependencyInjectionTestExecutionListener, org.springframework.test.context.support.DirtiesContextTestExecutionListener, org.springframework.test.context.transaction.TransactionalTestExecutionListener, org.springframework.test.context.jdbc.SqlScriptsTestExecutionListener, org.springframework.test.context.event.EventPublishingTestExecutionListener]
2023-12-04 16:33:40.656  INFO 10660 --- [    Test worker] .b.t.c.SpringBootTestContextBootstrapper : Using TestExecutionListeners: [org.springframework.test.context.web.ServletTestExecutionListener@13271934, org.springframework.test.context.support.DirtiesContextBeforeModesTestExecutionListener@291266d2, org.springframework.boot.test.mock.mockito.MockitoTestExecutionListener@589898c3, org.springframework.boot.test.autoconfigure.SpringBootDependencyInjectionTestExecutionListener@14092ae9, org.springframework.test.context.support.DirtiesContextTestExecutionListener@3f4c6fe5, org.springframework.test.context.transaction.TransactionalTestExecutionListener@5d2ba28, org.springframework.test.context.jdbc.SqlScriptsTestExecutionListener@199074d1, org.springframework.test.context.event.EventPublishingTestExecutionListener@44135b68, org.springframework.boot.test.autoconfigure.restdocs.RestDocsTestExecutionListener@187c2748, org.springframework.boot.test.autoconfigure.web.client.MockRestServiceServerResetTestExecutionListener@86fdd95, org.springframework.boot.test.autoconfigure.web.servlet.MockMvcPrintOnlyOnFailureTestExecutionListener@124316b5, org.springframework.boot.test.autoconfigure.web.servlet.WebDriverTestExecutionListener@4c55c78e, org.springframework.boot.test.mock.mockito.ResetMocksTestExecutionListener@35eaff2b]
Before any test execution
Before any test execution
Before any test execution
Before any test execution
Hibernate: 
    select
        project0_.id as id1_0_,
        project0_.creation_date as creation2_0_,
        project0_.description as descript3_0_,
        project0_.finish_date as finish_d4_0_,
        project0_.name as name5_0_,
        project0_.project_leader_id as project_6_0_,
        project0_.start_date as start_da7_0_,
        project0_.status as status8_0_ 
    from
        project project0_ 
    where
        project0_.name=?
Hibernate: 
    call next value for hibernate_sequence
Hibernate: 
    insert 
    into
        project
        (creation_date, description, finish_date, name, project_leader_id, start_date, status, id) 
    values
        (?, ?, ?, ?, ?, ?, ?, ?)
Hibernate: 
    select
        project0_.id as id1_0_,
        project0_.creation_date as creation2_0_,
        project0_.description as descript3_0_,
        project0_.finish_date as finish_d4_0_,
        project0_.name as name5_0_,
        project0_.project_leader_id as project_6_0_,
        project0_.start_date as start_da7_0_,
        project0_.status as status8_0_ 
    from
        project project0_ 
    where
        project0_.name=?
Hibernate: 
    call next value for hibernate_sequence
Hibernate: 
    insert 
    into
        project
        (creation_date, description, finish_date, name, project_leader_id, start_date, status, id) 
    values
        (?, ?, ?, ?, ?, ?, ?, ?)
Hibernate: 
    select
        project0_.id as id1_0_,
        project0_.creation_date as creation2_0_,
        project0_.description as descript3_0_,
        project0_.finish_date as finish_d4_0_,
        project0_.name as name5_0_,
        project0_.project_leader_id as project_6_0_,
        project0_.start_date as start_da7_0_,
        project0_.status as status8_0_ 
    from
        project project0_ 
    where
        project0_.name=?
Hibernate: 
    select
        project0_.id as id1_0_,
        project0_.creation_date as creation2_0_,
        project0_.description as descript3_0_,
        project0_.finish_date as finish_d4_0_,
        project0_.name as name5_0_,
        project0_.project_leader_id as project_6_0_,
        project0_.start_date as start_da7_0_,
        project0_.status as status8_0_ 
    from
        project project0_ 
    where
        project0_.name=?
Hibernate: 
    select
        project0_.id as id1_0_,
        project0_.creation_date as creation2_0_,
        project0_.description as descript3_0_,
        project0_.finish_date as finish_d4_0_,
        project0_.name as name5_0_,
        project0_.project_leader_id as project_6_0_,
        project0_.start_date as start_da7_0_,
        project0_.status as status8_0_ 
    from
        project project0_
Hibernate: 
    delete 
    from
        project 
    where
        id=?
Hibernate: 
    delete 
    from
        project 
    where
        id=?
Resetting system
Hibernate: 
    select
        task0_.id as id1_1_,
        task0_.asigned_id as asigned_2_1_,
        task0_.creation_date as creation3_1_,
        task0_.description as descript4_1_,
        task0_.estimated_duration as estimate5_1_,
        task0_.finish_date as finish_d6_1_,
        task0_.name as name7_1_,
        task0_.priority as priority8_1_,
        task0_.project_id as project_9_1_,
        task0_.start_date as start_d10_1_,
        task0_.status as status11_1_ 
    from
        task task0_
Hibernate: 
    select
        project0_.id as id1_0_,
        project0_.creation_date as creation2_0_,
        project0_.description as descript3_0_,
        project0_.finish_date as finish_d4_0_,
        project0_.name as name5_0_,
        project0_.project_leader_id as project_6_0_,
        project0_.start_date as start_da7_0_,
        project0_.status as status8_0_ 
    from
        project project0_
After all test execution
Resetting system
Hibernate: 
    select
        project0_.id as id1_0_,
        project0_.creation_date as creation2_0_,
        project0_.description as descript3_0_,
        project0_.finish_date as finish_d4_0_,
        project0_.name as name5_0_,
        project0_.project_leader_id as project_6_0_,
        project0_.start_date as start_da7_0_,
        project0_.status as status8_0_ 
    from
        project project0_
Hibernate: 
    select
        task0_.id as id1_1_,
        task0_.asigned_id as asigned_2_1_,
        task0_.creation_date as creation3_1_,
        task0_.description as descript4_1_,
        task0_.estimated_duration as estimate5_1_,
        task0_.finish_date as finish_d6_1_,
        task0_.name as name7_1_,
        task0_.priority as priority8_1_,
        task0_.project_id as project_9_1_,
        task0_.start_date as start_d10_1_,
        task0_.status as status11_1_ 
    from
        task task0_
After all test execution
Resetting system
Hibernate: 
    select
        project0_.id as id1_0_,
        project0_.creation_date as creation2_0_,
        project0_.description as descript3_0_,
        project0_.finish_date as finish_d4_0_,
        project0_.name as name5_0_,
        project0_.project_leader_id as project_6_0_,
        project0_.start_date as start_da7_0_,
        project0_.status as status8_0_ 
    from
        project project0_
Hibernate: 
    select
        project0_.id as id1_0_,
        project0_.creation_date as creation2_0_,
        project0_.description as descript3_0_,
        project0_.finish_date as finish_d4_0_,
        project0_.name as name5_0_,
        project0_.project_leader_id as project_6_0_,
        project0_.start_date as start_da7_0_,
        project0_.status as status8_0_ 
    from
        project project0_
After all test execution
After all test execution
Hibernate: 
    select
        task0_.id as id1_1_,
        task0_.asigned_id as asigned_2_1_,
        task0_.creation_date as creation3_1_,
        task0_.description as descript4_1_,
        task0_.estimated_duration as estimate5_1_,
        task0_.finish_date as finish_d6_1_,
        task0_.name as name7_1_,
        task0_.priority as priority8_1_,
        task0_.project_id as project_9_1_,
        task0_.start_date as start_d10_1_,
        task0_.status as status11_1_ 
    from
        task task0_
Hibernate: 
    select
        task0_.id as id1_1_,
        task0_.asigned_id as asigned_2_1_,
        task0_.creation_date as creation3_1_,
        task0_.description as descript4_1_,
        task0_.estimated_duration as estimate5_1_,
        task0_.finish_date as finish_d6_1_,
        task0_.name as name7_1_,
        task0_.priority as priority8_1_,
        task0_.project_id as project_9_1_,
        task0_.start_date as start_d10_1_,
        task0_.status as status11_1_ 
    from
        task task0_
After all test execution
2023-12-04 16:33:40.723  INFO 10660 --- [    Test worker] o.s.t.c.support.AbstractContextLoader    : Could not detect default resource locations for test class [com.aninfo.integration.cucumber.TaskIntegrationServiceTest]: no resource found for suffixes {-context.xml, Context.groovy}.
2023-12-04 16:33:40.723  INFO 10660 --- [    Test worker] .b.t.c.SpringBootTestContextBootstrapper : Loaded default TestExecutionListener class names from location [META-INF/spring.factories]: [org.springframework.boot.test.autoconfigure.restdocs.RestDocsTestExecutionListener, org.springframework.boot.test.autoconfigure.web.client.MockRestServiceServerResetTestExecutionListener, org.springframework.boot.test.autoconfigure.web.servlet.MockMvcPrintOnlyOnFailureTestExecutionListener, org.springframework.boot.test.autoconfigure.web.servlet.WebDriverTestExecutionListener, org.springframework.boot.test.mock.mockito.MockitoTestExecutionListener, org.springframework.boot.test.mock.mockito.ResetMocksTestExecutionListener, org.springframework.test.context.web.ServletTestExecutionListener, org.springframework.test.context.support.DirtiesContextBeforeModesTestExecutionListener, org.springframework.test.context.support.DependencyInjectionTestExecutionListener, org.springframework.test.context.support.DirtiesContextTestExecutionListener, org.springframework.test.context.transaction.TransactionalTestExecutionListener, org.springframework.test.context.jdbc.SqlScriptsTestExecutionListener, org.springframework.test.context.event.EventPublishingTestExecutionListener]
2023-12-04 16:33:40.723  INFO 10660 --- [    Test worker] .b.t.c.SpringBootTestContextBootstrapper : Using TestExecutionListeners: [org.springframework.test.context.web.ServletTestExecutionListener@1d6bc144, org.springframework.test.context.support.DirtiesContextBeforeModesTestExecutionListener@65897bf8, org.springframework.boot.test.mock.mockito.MockitoTestExecutionListener@3e125285, org.springframework.boot.test.autoconfigure.SpringBootDependencyInjectionTestExecutionListener@4d3905a1, org.springframework.test.context.support.DirtiesContextTestExecutionListener@e1b9ca3, org.springframework.test.context.transaction.TransactionalTestExecutionListener@20e36023, org.springframework.test.context.jdbc.SqlScriptsTestExecutionListener@c4998c0, org.springframework.test.context.event.EventPublishingTestExecutionListener@95880e5, org.springframework.boot.test.autoconfigure.restdocs.RestDocsTestExecutionListener@5bf4fbe9, org.springframework.boot.test.autoconfigure.web.client.MockRestServiceServerResetTestExecutionListener@602d6acc, org.springframework.boot.test.autoconfigure.web.servlet.MockMvcPrintOnlyOnFailureTestExecutionListener@20e27191, org.springframework.boot.test.autoconfigure.web.servlet.WebDriverTestExecutionListener@6d7082c0, org.springframework.boot.test.mock.mockito.ResetMocksTestExecutionListener@11a70734]
Before any test execution
Before any test execution
Before any test execution
Before any test execution
Hibernate: 
    select
        project0_.id as id1_0_,
        project0_.creation_date as creation2_0_,
        project0_.description as descript3_0_,
        project0_.finish_date as finish_d4_0_,
        project0_.name as name5_0_,
        project0_.project_leader_id as project_6_0_,
        project0_.start_date as start_da7_0_,
        project0_.status as status8_0_ 
    from
        project project0_ 
    where
        project0_.name=?
Hibernate: 
    call next value for hibernate_sequence
Hibernate: 
    insert 
    into
        project
        (creation_date, description, finish_date, name, project_leader_id, start_date, status, id) 
    values
        (?, ?, ?, ?, ?, ?, ?, ?)
Hibernate: 
    select
        project0_.id as id1_0_,
        project0_.creation_date as creation2_0_,
        project0_.description as descript3_0_,
        project0_.finish_date as finish_d4_0_,
        project0_.name as name5_0_,
        project0_.project_leader_id as project_6_0_,
        project0_.start_date as start_da7_0_,
        project0_.status as status8_0_ 
    from
        project project0_ 
    where
        project0_.name=?
Hibernate: 
    select
        project0_.id as id1_0_0_,
        project0_.creation_date as creation2_0_0_,
        project0_.description as descript3_0_0_,
        project0_.finish_date as finish_d4_0_0_,
        project0_.name as name5_0_0_,
        project0_.project_leader_id as project_6_0_0_,
        project0_.start_date as start_da7_0_0_,
        project0_.status as status8_0_0_ 
    from
        project project0_ 
    where
        project0_.id=?
Hibernate: 
    select
        project0_.id as id1_0_0_,
        project0_.creation_date as creation2_0_0_,
        project0_.description as descript3_0_0_,
        project0_.finish_date as finish_d4_0_0_,
        project0_.name as name5_0_0_,
        project0_.project_leader_id as project_6_0_0_,
        project0_.start_date as start_da7_0_0_,
        project0_.status as status8_0_0_ 
    from
        project project0_ 
    where
        project0_.id=?
Hibernate: 
    update
        project 
    set
        creation_date=?,
        description=?,
        finish_date=?,
        name=?,
        project_leader_id=?,
        start_date=?,
        status=? 
    where
        id=?
Hibernate: 
    select
        project0_.id as id1_0_,
        project0_.creation_date as creation2_0_,
        project0_.description as descript3_0_,
        project0_.finish_date as finish_d4_0_,
        project0_.name as name5_0_,
        project0_.project_leader_id as project_6_0_,
        project0_.start_date as start_da7_0_,
        project0_.status as status8_0_ 
    from
        project project0_
Hibernate: 
    delete 
    from
        project 
    where
        id=?
Resetting system
Hibernate: 
    select
        task0_.id as id1_1_,
        task0_.asigned_id as asigned_2_1_,
        task0_.creation_date as creation3_1_,
        task0_.description as descript4_1_,
        task0_.estimated_duration as estimate5_1_,
        task0_.finish_date as finish_d6_1_,
        task0_.name as name7_1_,
        task0_.priority as priority8_1_,
        task0_.project_id as project_9_1_,
        task0_.start_date as start_d10_1_,
        task0_.status as status11_1_ 
    from
        task task0_
Hibernate: 
    select
        project0_.id as id1_0_,
        project0_.creation_date as creation2_0_,
        project0_.description as descript3_0_,
        project0_.finish_date as finish_d4_0_,
        project0_.name as name5_0_,
        project0_.project_leader_id as project_6_0_,
        project0_.start_date as start_da7_0_,
        project0_.status as status8_0_ 
    from
        project project0_
After all test execution
Resetting system
Hibernate: 
    select
        project0_.id as id1_0_,
        project0_.creation_date as creation2_0_,
        project0_.description as descript3_0_,
        project0_.finish_date as finish_d4_0_,
        project0_.name as name5_0_,
        project0_.project_leader_id as project_6_0_,
        project0_.start_date as start_da7_0_,
        project0_.status as status8_0_ 
    from
        project project0_
Hibernate: 
    select
        task0_.id as id1_1_,
        task0_.asigned_id as asigned_2_1_,
        task0_.creation_date as creation3_1_,
        task0_.description as descript4_1_,
        task0_.estimated_duration as estimate5_1_,
        task0_.finish_date as finish_d6_1_,
        task0_.name as name7_1_,
        task0_.priority as priority8_1_,
        task0_.project_id as project_9_1_,
        task0_.start_date as start_d10_1_,
        task0_.status as status11_1_ 
    from
        task task0_
After all test execution
Resetting system
Hibernate: 
    select
        project0_.id as id1_0_,
        project0_.creation_date as creation2_0_,
        project0_.description as descript3_0_,
        project0_.finish_date as finish_d4_0_,
        project0_.name as name5_0_,
        project0_.project_leader_id as project_6_0_,
        project0_.start_date as start_da7_0_,
        project0_.status as status8_0_ 
    from
        project project0_
Hibernate: 
    select
        project0_.id as id1_0_,
        project0_.creation_date as creation2_0_,
        project0_.description as descript3_0_,
        project0_.finish_date as finish_d4_0_,
        project0_.name as name5_0_,
        project0_.project_leader_id as project_6_0_,
        project0_.start_date as start_da7_0_,
        project0_.status as status8_0_ 
    from
        project project0_
After all test execution
After all test execution
Hibernate: 
    select
        task0_.id as id1_1_,
        task0_.asigned_id as asigned_2_1_,
        task0_.creation_date as creation3_1_,
        task0_.description as descript4_1_,
        task0_.estimated_duration as estimate5_1_,
        task0_.finish_date as finish_d6_1_,
        task0_.name as name7_1_,
        task0_.priority as priority8_1_,
        task0_.project_id as project_9_1_,
        task0_.start_date as start_d10_1_,
        task0_.status as status11_1_ 
    from
        task task0_
Hibernate: 
    select
        task0_.id as id1_1_,
        task0_.asigned_id as asigned_2_1_,
        task0_.creation_date as creation3_1_,
        task0_.description as descript4_1_,
        task0_.estimated_duration as estimate5_1_,
        task0_.finish_date as finish_d6_1_,
        task0_.name as name7_1_,
        task0_.priority as priority8_1_,
        task0_.project_id as project_9_1_,
        task0_.start_date as start_d10_1_,
        task0_.status as status11_1_ 
    from
        task task0_
After all test execution
2023-12-04 16:33:40.782  INFO 10660 --- [    Test worker] o.s.t.c.support.AbstractContextLoader    : Could not detect default resource locations for test class [com.aninfo.integration.cucumber.TaskIntegrationServiceTest]: no resource found for suffixes {-context.xml, Context.groovy}.
2023-12-04 16:33:40.782  INFO 10660 --- [    Test worker] .b.t.c.SpringBootTestContextBootstrapper : Loaded default TestExecutionListener class names from location [META-INF/spring.factories]: [org.springframework.boot.test.autoconfigure.restdocs.RestDocsTestExecutionListener, org.springframework.boot.test.autoconfigure.web.client.MockRestServiceServerResetTestExecutionListener, org.springframework.boot.test.autoconfigure.web.servlet.MockMvcPrintOnlyOnFailureTestExecutionListener, org.springframework.boot.test.autoconfigure.web.servlet.WebDriverTestExecutionListener, org.springframework.boot.test.mock.mockito.MockitoTestExecutionListener, org.springframework.boot.test.mock.mockito.ResetMocksTestExecutionListener, org.springframework.test.context.web.ServletTestExecutionListener, org.springframework.test.context.support.DirtiesContextBeforeModesTestExecutionListener, org.springframework.test.context.support.DependencyInjectionTestExecutionListener, org.springframework.test.context.support.DirtiesContextTestExecutionListener, org.springframework.test.context.transaction.TransactionalTestExecutionListener, org.springframework.test.context.jdbc.SqlScriptsTestExecutionListener, org.springframework.test.context.event.EventPublishingTestExecutionListener]
2023-12-04 16:33:40.782  INFO 10660 --- [    Test worker] .b.t.c.SpringBootTestContextBootstrapper : Using TestExecutionListeners: [org.springframework.test.context.web.ServletTestExecutionListener@266bf300, org.springframework.test.context.support.DirtiesContextBeforeModesTestExecutionListener@3ecead26, org.springframework.boot.test.mock.mockito.MockitoTestExecutionListener@668482d6, org.springframework.boot.test.autoconfigure.SpringBootDependencyInjectionTestExecutionListener@26b4e9be, org.springframework.test.context.support.DirtiesContextTestExecutionListener@5f3eed9b, org.springframework.test.context.transaction.TransactionalTestExecutionListener@14d2dcc7, org.springframework.test.context.jdbc.SqlScriptsTestExecutionListener@56027eb9, org.springframework.test.context.event.EventPublishingTestExecutionListener@577a94de, org.springframework.boot.test.autoconfigure.restdocs.RestDocsTestExecutionListener@7f80e99f, org.springframework.boot.test.autoconfigure.web.client.MockRestServiceServerResetTestExecutionListener@7d36364c, org.springframework.boot.test.autoconfigure.web.servlet.MockMvcPrintOnlyOnFailureTestExecutionListener@388468e5, org.springframework.boot.test.autoconfigure.web.servlet.WebDriverTestExecutionListener@3b5bc74f, org.springframework.boot.test.mock.mockito.ResetMocksTestExecutionListener@43ef0daa]
Before any test execution
Before any test execution
Before any test execution
Before any test execution
Hibernate: 
    select
        project0_.id as id1_0_,
        project0_.creation_date as creation2_0_,
        project0_.description as descript3_0_,
        project0_.finish_date as finish_d4_0_,
        project0_.name as name5_0_,
        project0_.project_leader_id as project_6_0_,
        project0_.start_date as start_da7_0_,
        project0_.status as status8_0_ 
    from
        project project0_ 
    where
        project0_.name=?
Hibernate: 
    call next value for hibernate_sequence
Hibernate: 
    insert 
    into
        project
        (creation_date, description, finish_date, name, project_leader_id, start_date, status, id) 
    values
        (?, ?, ?, ?, ?, ?, ?, ?)
Hibernate: 
    select
        project0_.id as id1_0_,
        project0_.creation_date as creation2_0_,
        project0_.description as descript3_0_,
        project0_.finish_date as finish_d4_0_,
        project0_.name as name5_0_,
        project0_.project_leader_id as project_6_0_,
        project0_.start_date as start_da7_0_,
        project0_.status as status8_0_ 
    from
        project project0_ 
    where
        project0_.name=?
Hibernate: 
    select
        project0_.id as id1_0_0_,
        project0_.creation_date as creation2_0_0_,
        project0_.description as descript3_0_0_,
        project0_.finish_date as finish_d4_0_0_,
        project0_.name as name5_0_0_,
        project0_.project_leader_id as project_6_0_0_,
        project0_.start_date as start_da7_0_0_,
        project0_.status as status8_0_0_ 
    from
        project project0_ 
    where
        project0_.id=?
Hibernate: 
    select
        project0_.id as id1_0_0_,
        project0_.creation_date as creation2_0_0_,
        project0_.description as descript3_0_0_,
        project0_.finish_date as finish_d4_0_0_,
        project0_.name as name5_0_0_,
        project0_.project_leader_id as project_6_0_0_,
        project0_.start_date as start_da7_0_0_,
        project0_.status as status8_0_0_ 
    from
        project project0_ 
    where
        project0_.id=?
Hibernate: 
    update
        project 
    set
        creation_date=?,
        description=?,
        finish_date=?,
        name=?,
        project_leader_id=?,
        start_date=?,
        status=? 
    where
        id=?
Hibernate: 
    select
        project0_.id as id1_0_,
        project0_.creation_date as creation2_0_,
        project0_.description as descript3_0_,
        project0_.finish_date as finish_d4_0_,
        project0_.name as name5_0_,
        project0_.project_leader_id as project_6_0_,
        project0_.start_date as start_da7_0_,
        project0_.status as status8_0_ 
    from
        project project0_
Hibernate: 
    delete 
    from
        project 
    where
        id=?
Resetting system
Hibernate: 
    select
        task0_.id as id1_1_,
        task0_.asigned_id as asigned_2_1_,
        task0_.creation_date as creation3_1_,
        task0_.description as descript4_1_,
        task0_.estimated_duration as estimate5_1_,
        task0_.finish_date as finish_d6_1_,
        task0_.name as name7_1_,
        task0_.priority as priority8_1_,
        task0_.project_id as project_9_1_,
        task0_.start_date as start_d10_1_,
        task0_.status as status11_1_ 
    from
        task task0_
Hibernate: 
    select
        project0_.id as id1_0_,
        project0_.creation_date as creation2_0_,
        project0_.description as descript3_0_,
        project0_.finish_date as finish_d4_0_,
        project0_.name as name5_0_,
        project0_.project_leader_id as project_6_0_,
        project0_.start_date as start_da7_0_,
        project0_.status as status8_0_ 
    from
        project project0_
After all test execution
Resetting system
Hibernate: 
    select
        project0_.id as id1_0_,
        project0_.creation_date as creation2_0_,
        project0_.description as descript3_0_,
        project0_.finish_date as finish_d4_0_,
        project0_.name as name5_0_,
        project0_.project_leader_id as project_6_0_,
        project0_.start_date as start_da7_0_,
        project0_.status as status8_0_ 
    from
        project project0_
Hibernate: 
    select
        task0_.id as id1_1_,
        task0_.asigned_id as asigned_2_1_,
        task0_.creation_date as creation3_1_,
        task0_.description as descript4_1_,
        task0_.estimated_duration as estimate5_1_,
        task0_.finish_date as finish_d6_1_,
        task0_.name as name7_1_,
        task0_.priority as priority8_1_,
        task0_.project_id as project_9_1_,
        task0_.start_date as start_d10_1_,
        task0_.status as status11_1_ 
    from
        task task0_
After all test execution
Resetting system
Hibernate: 
    select
        project0_.id as id1_0_,
        project0_.creation_date as creation2_0_,
        project0_.description as descript3_0_,
        project0_.finish_date as finish_d4_0_,
        project0_.name as name5_0_,
        project0_.project_leader_id as project_6_0_,
        project0_.start_date as start_da7_0_,
        project0_.status as status8_0_ 
    from
        project project0_
Hibernate: 
    select
        project0_.id as id1_0_,
        project0_.creation_date as creation2_0_,
        project0_.description as descript3_0_,
        project0_.finish_date as finish_d4_0_,
        project0_.name as name5_0_,
        project0_.project_leader_id as project_6_0_,
        project0_.start_date as start_da7_0_,
        project0_.status as status8_0_ 
    from
        project project0_
After all test execution
After all test execution
Hibernate: 
    select
        task0_.id as id1_1_,
        task0_.asigned_id as asigned_2_1_,
        task0_.creation_date as creation3_1_,
        task0_.description as descript4_1_,
        task0_.estimated_duration as estimate5_1_,
        task0_.finish_date as finish_d6_1_,
        task0_.name as name7_1_,
        task0_.priority as priority8_1_,
        task0_.project_id as project_9_1_,
        task0_.start_date as start_d10_1_,
        task0_.status as status11_1_ 
    from
        task task0_
Hibernate: 
    select
        task0_.id as id1_1_,
        task0_.asigned_id as asigned_2_1_,
        task0_.creation_date as creation3_1_,
        task0_.description as descript4_1_,
        task0_.estimated_duration as estimate5_1_,
        task0_.finish_date as finish_d6_1_,
        task0_.name as name7_1_,
        task0_.priority as priority8_1_,
        task0_.project_id as project_9_1_,
        task0_.start_date as start_d10_1_,
        task0_.status as status11_1_ 
    from
        task task0_
After all test execution
2023-12-04 16:33:40.834  INFO 10660 --- [    Test worker] o.s.t.c.support.AbstractContextLoader    : Could not detect default resource locations for test class [com.aninfo.integration.cucumber.TaskIntegrationServiceTest]: no resource found for suffixes {-context.xml, Context.groovy}.
2023-12-04 16:33:40.834  INFO 10660 --- [    Test worker] .b.t.c.SpringBootTestContextBootstrapper : Loaded default TestExecutionListener class names from location [META-INF/spring.factories]: [org.springframework.boot.test.autoconfigure.restdocs.RestDocsTestExecutionListener, org.springframework.boot.test.autoconfigure.web.client.MockRestServiceServerResetTestExecutionListener, org.springframework.boot.test.autoconfigure.web.servlet.MockMvcPrintOnlyOnFailureTestExecutionListener, org.springframework.boot.test.autoconfigure.web.servlet.WebDriverTestExecutionListener, org.springframework.boot.test.mock.mockito.MockitoTestExecutionListener, org.springframework.boot.test.mock.mockito.ResetMocksTestExecutionListener, org.springframework.test.context.web.ServletTestExecutionListener, org.springframework.test.context.support.DirtiesContextBeforeModesTestExecutionListener, org.springframework.test.context.support.DependencyInjectionTestExecutionListener, org.springframework.test.context.support.DirtiesContextTestExecutionListener, org.springframework.test.context.transaction.TransactionalTestExecutionListener, org.springframework.test.context.jdbc.SqlScriptsTestExecutionListener, org.springframework.test.context.event.EventPublishingTestExecutionListener]
2023-12-04 16:33:40.834  INFO 10660 --- [    Test worker] .b.t.c.SpringBootTestContextBootstrapper : Using TestExecutionListeners: [org.springframework.test.context.web.ServletTestExecutionListener@7cafd1f6, org.springframework.test.context.support.DirtiesContextBeforeModesTestExecutionListener@3cc8333c, org.springframework.boot.test.mock.mockito.MockitoTestExecutionListener@3bc87961, org.springframework.boot.test.autoconfigure.SpringBootDependencyInjectionTestExecutionListener@7a7e5750, org.springframework.test.context.support.DirtiesContextTestExecutionListener@785c1988, org.springframework.test.context.transaction.TransactionalTestExecutionListener@570946c, org.springframework.test.context.jdbc.SqlScriptsTestExecutionListener@7d0be6d2, org.springframework.test.context.event.EventPublishingTestExecutionListener@7547faf4, org.springframework.boot.test.autoconfigure.restdocs.RestDocsTestExecutionListener@6d4f2d8d, org.springframework.boot.test.autoconfigure.web.client.MockRestServiceServerResetTestExecutionListener@6c1d07bc, org.springframework.boot.test.autoconfigure.web.servlet.MockMvcPrintOnlyOnFailureTestExecutionListener@4e02519b, org.springframework.boot.test.autoconfigure.web.servlet.WebDriverTestExecutionListener@45882f5, org.springframework.boot.test.mock.mockito.ResetMocksTestExecutionListener@106fe4b6]
Before any test execution
Before any test execution
Before any test execution
Before any test execution
Hibernate: 
    select
        project0_.id as id1_0_,
        project0_.creation_date as creation2_0_,
        project0_.description as descript3_0_,
        project0_.finish_date as finish_d4_0_,
        project0_.name as name5_0_,
        project0_.project_leader_id as project_6_0_,
        project0_.start_date as start_da7_0_,
        project0_.status as status8_0_ 
    from
        project project0_ 
    where
        project0_.name=?
Hibernate: 
    call next value for hibernate_sequence
Hibernate: 
    insert 
    into
        project
        (creation_date, description, finish_date, name, project_leader_id, start_date, status, id) 
    values
        (?, ?, ?, ?, ?, ?, ?, ?)
Hibernate: 
    select
        project0_.id as id1_0_,
        project0_.creation_date as creation2_0_,
        project0_.description as descript3_0_,
        project0_.finish_date as finish_d4_0_,
        project0_.name as name5_0_,
        project0_.project_leader_id as project_6_0_,
        project0_.start_date as start_da7_0_,
        project0_.status as status8_0_ 
    from
        project project0_ 
    where
        project0_.name=?
Hibernate: 
    select
        project0_.id as id1_0_0_,
        project0_.creation_date as creation2_0_0_,
        project0_.description as descript3_0_0_,
        project0_.finish_date as finish_d4_0_0_,
        project0_.name as name5_0_0_,
        project0_.project_leader_id as project_6_0_0_,
        project0_.start_date as start_da7_0_0_,
        project0_.status as status8_0_0_ 
    from
        project project0_ 
    where
        project0_.id=?
Hibernate: 
    select
        project0_.id as id1_0_0_,
        project0_.creation_date as creation2_0_0_,
        project0_.description as descript3_0_0_,
        project0_.finish_date as finish_d4_0_0_,
        project0_.name as name5_0_0_,
        project0_.project_leader_id as project_6_0_0_,
        project0_.start_date as start_da7_0_0_,
        project0_.status as status8_0_0_ 
    from
        project project0_ 
    where
        project0_.id=?
Hibernate: 
    update
        project 
    set
        creation_date=?,
        description=?,
        finish_date=?,
        name=?,
        project_leader_id=?,
        start_date=?,
        status=? 
    where
        id=?
Hibernate: 
    select
        project0_.id as id1_0_,
        project0_.creation_date as creation2_0_,
        project0_.description as descript3_0_,
        project0_.finish_date as finish_d4_0_,
        project0_.name as name5_0_,
        project0_.project_leader_id as project_6_0_,
        project0_.start_date as start_da7_0_,
        project0_.status as status8_0_ 
    from
        project project0_
Hibernate: 
    delete 
    from
        project 
    where
        id=?
Resetting system
Hibernate: 
    select
        task0_.id as id1_1_,
        task0_.asigned_id as asigned_2_1_,
        task0_.creation_date as creation3_1_,
        task0_.description as descript4_1_,
        task0_.estimated_duration as estimate5_1_,
        task0_.finish_date as finish_d6_1_,
        task0_.name as name7_1_,
        task0_.priority as priority8_1_,
        task0_.project_id as project_9_1_,
        task0_.start_date as start_d10_1_,
        task0_.status as status11_1_ 
    from
        task task0_
Hibernate: 
    select
        project0_.id as id1_0_,
        project0_.creation_date as creation2_0_,
        project0_.description as descript3_0_,
        project0_.finish_date as finish_d4_0_,
        project0_.name as name5_0_,
        project0_.project_leader_id as project_6_0_,
        project0_.start_date as start_da7_0_,
        project0_.status as status8_0_ 
    from
        project project0_
After all test execution
Resetting system
Hibernate: 
    select
        project0_.id as id1_0_,
        project0_.creation_date as creation2_0_,
        project0_.description as descript3_0_,
        project0_.finish_date as finish_d4_0_,
        project0_.name as name5_0_,
        project0_.project_leader_id as project_6_0_,
        project0_.start_date as start_da7_0_,
        project0_.status as status8_0_ 
    from
        project project0_
Hibernate: 
    select
        task0_.id as id1_1_,
        task0_.asigned_id as asigned_2_1_,
        task0_.creation_date as creation3_1_,
        task0_.description as descript4_1_,
        task0_.estimated_duration as estimate5_1_,
        task0_.finish_date as finish_d6_1_,
        task0_.name as name7_1_,
        task0_.priority as priority8_1_,
        task0_.project_id as project_9_1_,
        task0_.start_date as start_d10_1_,
        task0_.status as status11_1_ 
    from
        task task0_
After all test execution
Resetting system
Hibernate: 
    select
        project0_.id as id1_0_,
        project0_.creation_date as creation2_0_,
        project0_.description as descript3_0_,
        project0_.finish_date as finish_d4_0_,
        project0_.name as name5_0_,
        project0_.project_leader_id as project_6_0_,
        project0_.start_date as start_da7_0_,
        project0_.status as status8_0_ 
    from
        project project0_
Hibernate: 
    select
        project0_.id as id1_0_,
        project0_.creation_date as creation2_0_,
        project0_.description as descript3_0_,
        project0_.finish_date as finish_d4_0_,
        project0_.name as name5_0_,
        project0_.project_leader_id as project_6_0_,
        project0_.start_date as start_da7_0_,
        project0_.status as status8_0_ 
    from
        project project0_
After all test execution
After all test execution
Hibernate: 
    select
        task0_.id as id1_1_,
        task0_.asigned_id as asigned_2_1_,
        task0_.creation_date as creation3_1_,
        task0_.description as descript4_1_,
        task0_.estimated_duration as estimate5_1_,
        task0_.finish_date as finish_d6_1_,
        task0_.name as name7_1_,
        task0_.priority as priority8_1_,
        task0_.project_id as project_9_1_,
        task0_.start_date as start_d10_1_,
        task0_.status as status11_1_ 
    from
        task task0_
Hibernate: 
    select
        task0_.id as id1_1_,
        task0_.asigned_id as asigned_2_1_,
        task0_.creation_date as creation3_1_,
        task0_.description as descript4_1_,
        task0_.estimated_duration as estimate5_1_,
        task0_.finish_date as finish_d6_1_,
        task0_.name as name7_1_,
        task0_.priority as priority8_1_,
        task0_.project_id as project_9_1_,
        task0_.start_date as start_d10_1_,
        task0_.status as status11_1_ 
    from
        task task0_
After all test execution
2023-12-04 16:33:40.888  INFO 10660 --- [    Test worker] o.s.t.c.support.AbstractContextLoader    : Could not detect default resource locations for test class [com.aninfo.integration.cucumber.TaskIntegrationServiceTest]: no resource found for suffixes {-context.xml, Context.groovy}.
2023-12-04 16:33:40.889  INFO 10660 --- [    Test worker] .b.t.c.SpringBootTestContextBootstrapper : Loaded default TestExecutionListener class names from location [META-INF/spring.factories]: [org.springframework.boot.test.autoconfigure.restdocs.RestDocsTestExecutionListener, org.springframework.boot.test.autoconfigure.web.client.MockRestServiceServerResetTestExecutionListener, org.springframework.boot.test.autoconfigure.web.servlet.MockMvcPrintOnlyOnFailureTestExecutionListener, org.springframework.boot.test.autoconfigure.web.servlet.WebDriverTestExecutionListener, org.springframework.boot.test.mock.mockito.MockitoTestExecutionListener, org.springframework.boot.test.mock.mockito.ResetMocksTestExecutionListener, org.springframework.test.context.web.ServletTestExecutionListener, org.springframework.test.context.support.DirtiesContextBeforeModesTestExecutionListener, org.springframework.test.context.support.DependencyInjectionTestExecutionListener, org.springframework.test.context.support.DirtiesContextTestExecutionListener, org.springframework.test.context.transaction.TransactionalTestExecutionListener, org.springframework.test.context.jdbc.SqlScriptsTestExecutionListener, org.springframework.test.context.event.EventPublishingTestExecutionListener]
2023-12-04 16:33:40.889  INFO 10660 --- [    Test worker] .b.t.c.SpringBootTestContextBootstrapper : Using TestExecutionListeners: [org.springframework.test.context.web.ServletTestExecutionListener@4aaabff7, org.springframework.test.context.support.DirtiesContextBeforeModesTestExecutionListener@4bb99ab0, org.springframework.boot.test.mock.mockito.MockitoTestExecutionListener@5ab540dc, org.springframework.boot.test.autoconfigure.SpringBootDependencyInjectionTestExecutionListener@6bc2dacb, org.springframework.test.context.support.DirtiesContextTestExecutionListener@74088543, org.springframework.test.context.transaction.TransactionalTestExecutionListener@7363ed68, org.springframework.test.context.jdbc.SqlScriptsTestExecutionListener@320e078, org.springframework.test.context.event.EventPublishingTestExecutionListener@7e497655, org.springframework.boot.test.autoconfigure.restdocs.RestDocsTestExecutionListener@4edbc642, org.springframework.boot.test.autoconfigure.web.client.MockRestServiceServerResetTestExecutionListener@223f7a5c, org.springframework.boot.test.autoconfigure.web.servlet.MockMvcPrintOnlyOnFailureTestExecutionListener@26187d43, org.springframework.boot.test.autoconfigure.web.servlet.WebDriverTestExecutionListener@13d65c0b, org.springframework.boot.test.mock.mockito.ResetMocksTestExecutionListener@32f61e5]
Before any test execution
Before any test execution
Before any test execution
Before any test execution
Hibernate: 
    select
        task0_.id as id1_1_,
        task0_.asigned_id as asigned_2_1_,
        task0_.creation_date as creation3_1_,
        task0_.description as descript4_1_,
        task0_.estimated_duration as estimate5_1_,
        task0_.finish_date as finish_d6_1_,
        task0_.name as name7_1_,
        task0_.priority as priority8_1_,
        task0_.project_id as project_9_1_,
        task0_.start_date as start_d10_1_,
        task0_.status as status11_1_ 
    from
        task task0_ 
    where
        task0_.project_id=?
Resetting system
Hibernate: 
    select
        task0_.id as id1_1_,
        task0_.asigned_id as asigned_2_1_,
        task0_.creation_date as creation3_1_,
        task0_.description as descript4_1_,
        task0_.estimated_duration as estimate5_1_,
        task0_.finish_date as finish_d6_1_,
        task0_.name as name7_1_,
        task0_.priority as priority8_1_,
        task0_.project_id as project_9_1_,
        task0_.start_date as start_d10_1_,
        task0_.status as status11_1_ 
    from
        task task0_
Hibernate: 
    select
        project0_.id as id1_0_,
        project0_.creation_date as creation2_0_,
        project0_.description as descript3_0_,
        project0_.finish_date as finish_d4_0_,
        project0_.name as name5_0_,
        project0_.project_leader_id as project_6_0_,
        project0_.start_date as start_da7_0_,
        project0_.status as status8_0_ 
    from
        project project0_
After all test execution
Resetting system
Hibernate: 
    select
        project0_.id as id1_0_,
        project0_.creation_date as creation2_0_,
        project0_.description as descript3_0_,
        project0_.finish_date as finish_d4_0_,
        project0_.name as name5_0_,
        project0_.project_leader_id as project_6_0_,
        project0_.start_date as start_da7_0_,
        project0_.status as status8_0_ 
    from
        project project0_
Hibernate: 
    select
        task0_.id as id1_1_,
        task0_.asigned_id as asigned_2_1_,
        task0_.creation_date as creation3_1_,
        task0_.description as descript4_1_,
        task0_.estimated_duration as estimate5_1_,
        task0_.finish_date as finish_d6_1_,
        task0_.name as name7_1_,
        task0_.priority as priority8_1_,
        task0_.project_id as project_9_1_,
        task0_.start_date as start_d10_1_,
        task0_.status as status11_1_ 
    from
        task task0_
After all test execution
Resetting system
Hibernate: 
    select
        project0_.id as id1_0_,
        project0_.creation_date as creation2_0_,
        project0_.description as descript3_0_,
        project0_.finish_date as finish_d4_0_,
        project0_.name as name5_0_,
        project0_.project_leader_id as project_6_0_,
        project0_.start_date as start_da7_0_,
        project0_.status as status8_0_ 
    from
        project project0_
Hibernate: 
    select
        project0_.id as id1_0_,
        project0_.creation_date as creation2_0_,
        project0_.description as descript3_0_,
        project0_.finish_date as finish_d4_0_,
        project0_.name as name5_0_,
        project0_.project_leader_id as project_6_0_,
        project0_.start_date as start_da7_0_,
        project0_.status as status8_0_ 
    from
        project project0_
After all test execution
After all test execution
Hibernate: 
    select
        task0_.id as id1_1_,
        task0_.asigned_id as asigned_2_1_,
        task0_.creation_date as creation3_1_,
        task0_.description as descript4_1_,
        task0_.estimated_duration as estimate5_1_,
        task0_.finish_date as finish_d6_1_,
        task0_.name as name7_1_,
        task0_.priority as priority8_1_,
        task0_.project_id as project_9_1_,
        task0_.start_date as start_d10_1_,
        task0_.status as status11_1_ 
    from
        task task0_
Hibernate: 
    select
        task0_.id as id1_1_,
        task0_.asigned_id as asigned_2_1_,
        task0_.creation_date as creation3_1_,
        task0_.description as descript4_1_,
        task0_.estimated_duration as estimate5_1_,
        task0_.finish_date as finish_d6_1_,
        task0_.name as name7_1_,
        task0_.priority as priority8_1_,
        task0_.project_id as project_9_1_,
        task0_.start_date as start_d10_1_,
        task0_.status as status11_1_ 
    from
        task task0_
After all test execution
2023-12-04 16:33:40.928  INFO 10660 --- [    Test worker] o.s.t.c.support.AbstractContextLoader    : Could not detect default resource locations for test class [com.aninfo.integration.cucumber.TaskIntegrationServiceTest]: no resource found for suffixes {-context.xml, Context.groovy}.
2023-12-04 16:33:40.934  INFO 10660 --- [    Test worker] .b.t.c.SpringBootTestContextBootstrapper : Loaded default TestExecutionListener class names from location [META-INF/spring.factories]: [org.springframework.boot.test.autoconfigure.restdocs.RestDocsTestExecutionListener, org.springframework.boot.test.autoconfigure.web.client.MockRestServiceServerResetTestExecutionListener, org.springframework.boot.test.autoconfigure.web.servlet.MockMvcPrintOnlyOnFailureTestExecutionListener, org.springframework.boot.test.autoconfigure.web.servlet.WebDriverTestExecutionListener, org.springframework.boot.test.mock.mockito.MockitoTestExecutionListener, org.springframework.boot.test.mock.mockito.ResetMocksTestExecutionListener, org.springframework.test.context.web.ServletTestExecutionListener, org.springframework.test.context.support.DirtiesContextBeforeModesTestExecutionListener, org.springframework.test.context.support.DependencyInjectionTestExecutionListener, org.springframework.test.context.support.DirtiesContextTestExecutionListener, org.springframework.test.context.transaction.TransactionalTestExecutionListener, org.springframework.test.context.jdbc.SqlScriptsTestExecutionListener, org.springframework.test.context.event.EventPublishingTestExecutionListener]
2023-12-04 16:33:40.934  INFO 10660 --- [    Test worker] .b.t.c.SpringBootTestContextBootstrapper : Using TestExecutionListeners: [org.springframework.test.context.web.ServletTestExecutionListener@271a6234, org.springframework.test.context.support.DirtiesContextBeforeModesTestExecutionListener@777b8e3f, org.springframework.boot.test.mock.mockito.MockitoTestExecutionListener@63e8b24c, org.springframework.boot.test.autoconfigure.SpringBootDependencyInjectionTestExecutionListener@7d1a0b84, org.springframework.test.context.support.DirtiesContextTestExecutionListener@9e5ddd1, org.springframework.test.context.transaction.TransactionalTestExecutionListener@22c4a0a4, org.springframework.test.context.jdbc.SqlScriptsTestExecutionListener@4980c62, org.springframework.test.context.event.EventPublishingTestExecutionListener@29f3615e, org.springframework.boot.test.autoconfigure.restdocs.RestDocsTestExecutionListener@edf3ae4, org.springframework.boot.test.autoconfigure.web.client.MockRestServiceServerResetTestExecutionListener@9197a1b, org.springframework.boot.test.autoconfigure.web.servlet.MockMvcPrintOnlyOnFailureTestExecutionListener@4d269c46, org.springframework.boot.test.autoconfigure.web.servlet.WebDriverTestExecutionListener@7f6ded2d, org.springframework.boot.test.mock.mockito.ResetMocksTestExecutionListener@892f03e]
Before any test execution
Before any test execution
Before any test execution
Before any test execution
Hibernate: 
    select
        task0_.id as id1_1_,
        task0_.asigned_id as asigned_2_1_,
        task0_.creation_date as creation3_1_,
        task0_.description as descript4_1_,
        task0_.estimated_duration as estimate5_1_,
        task0_.finish_date as finish_d6_1_,
        task0_.name as name7_1_,
        task0_.priority as priority8_1_,
        task0_.project_id as project_9_1_,
        task0_.start_date as start_d10_1_,
        task0_.status as status11_1_ 
    from
        task task0_ 
    where
        task0_.name=?
Hibernate: 
    call next value for hibernate_sequence
Hibernate: 
    insert 
    into
        task
        (asigned_id, creation_date, description, estimated_duration, finish_date, name, priority, project_id, start_date, status, id) 
    values
        (?, ?, ?, ?, ?, ?, ?, ?, ?, ?, ?)
Hibernate: 
    select
        task0_.id as id1_1_,
        task0_.asigned_id as asigned_2_1_,
        task0_.creation_date as creation3_1_,
        task0_.description as descript4_1_,
        task0_.estimated_duration as estimate5_1_,
        task0_.finish_date as finish_d6_1_,
        task0_.name as name7_1_,
        task0_.priority as priority8_1_,
        task0_.project_id as project_9_1_,
        task0_.start_date as start_d10_1_,
        task0_.status as status11_1_ 
    from
        task task0_ 
    where
        task0_.name=?
Hibernate: 
    call next value for hibernate_sequence
Hibernate: 
    insert 
    into
        task
        (asigned_id, creation_date, description, estimated_duration, finish_date, name, priority, project_id, start_date, status, id) 
    values
        (?, ?, ?, ?, ?, ?, ?, ?, ?, ?, ?)
Hibernate: 
    select
        task0_.id as id1_1_,
        task0_.asigned_id as asigned_2_1_,
        task0_.creation_date as creation3_1_,
        task0_.description as descript4_1_,
        task0_.estimated_duration as estimate5_1_,
        task0_.finish_date as finish_d6_1_,
        task0_.name as name7_1_,
        task0_.priority as priority8_1_,
        task0_.project_id as project_9_1_,
        task0_.start_date as start_d10_1_,
        task0_.status as status11_1_ 
    from
        task task0_
Hibernate: 
    select
        task0_.id as id1_1_,
        task0_.asigned_id as asigned_2_1_,
        task0_.creation_date as creation3_1_,
        task0_.description as descript4_1_,
        task0_.estimated_duration as estimate5_1_,
        task0_.finish_date as finish_d6_1_,
        task0_.name as name7_1_,
        task0_.priority as priority8_1_,
        task0_.project_id as project_9_1_,
        task0_.start_date as start_d10_1_,
        task0_.status as status11_1_ 
    from
        task task0_ 
    where
        task0_.project_id=?
Resetting system
Hibernate: 
    select
        task0_.id as id1_1_,
        task0_.asigned_id as asigned_2_1_,
        task0_.creation_date as creation3_1_,
        task0_.description as descript4_1_,
        task0_.estimated_duration as estimate5_1_,
        task0_.finish_date as finish_d6_1_,
        task0_.name as name7_1_,
        task0_.priority as priority8_1_,
        task0_.project_id as project_9_1_,
        task0_.start_date as start_d10_1_,
        task0_.status as status11_1_ 
    from
        task task0_
Hibernate: 
    delete 
    from
        task 
    where
        id=?
Hibernate: 
    delete 
    from
        task 
    where
        id=?
Hibernate: 
    select
        project0_.id as id1_0_,
        project0_.creation_date as creation2_0_,
        project0_.description as descript3_0_,
        project0_.finish_date as finish_d4_0_,
        project0_.name as name5_0_,
        project0_.project_leader_id as project_6_0_,
        project0_.start_date as start_da7_0_,
        project0_.status as status8_0_ 
    from
        project project0_
After all test execution
Resetting system
Hibernate: 
    select
        project0_.id as id1_0_,
        project0_.creation_date as creation2_0_,
        project0_.description as descript3_0_,
        project0_.finish_date as finish_d4_0_,
        project0_.name as name5_0_,
        project0_.project_leader_id as project_6_0_,
        project0_.start_date as start_da7_0_,
        project0_.status as status8_0_ 
    from
        project project0_
Hibernate: 
    select
        task0_.id as id1_1_,
        task0_.asigned_id as asigned_2_1_,
        task0_.creation_date as creation3_1_,
        task0_.description as descript4_1_,
        task0_.estimated_duration as estimate5_1_,
        task0_.finish_date as finish_d6_1_,
        task0_.name as name7_1_,
        task0_.priority as priority8_1_,
        task0_.project_id as project_9_1_,
        task0_.start_date as start_d10_1_,
        task0_.status as status11_1_ 
    from
        task task0_
After all test execution
Resetting system
Hibernate: 
    select
        project0_.id as id1_0_,
        project0_.creation_date as creation2_0_,
        project0_.description as descript3_0_,
        project0_.finish_date as finish_d4_0_,
        project0_.name as name5_0_,
        project0_.project_leader_id as project_6_0_,
        project0_.start_date as start_da7_0_,
        project0_.status as status8_0_ 
    from
        project project0_
Hibernate: 
    select
        project0_.id as id1_0_,
        project0_.creation_date as creation2_0_,
        project0_.description as descript3_0_,
        project0_.finish_date as finish_d4_0_,
        project0_.name as name5_0_,
        project0_.project_leader_id as project_6_0_,
        project0_.start_date as start_da7_0_,
        project0_.status as status8_0_ 
    from
        project project0_
After all test execution
After all test execution
Hibernate: 
    select
        task0_.id as id1_1_,
        task0_.asigned_id as asigned_2_1_,
        task0_.creation_date as creation3_1_,
        task0_.description as descript4_1_,
        task0_.estimated_duration as estimate5_1_,
        task0_.finish_date as finish_d6_1_,
        task0_.name as name7_1_,
        task0_.priority as priority8_1_,
        task0_.project_id as project_9_1_,
        task0_.start_date as start_d10_1_,
        task0_.status as status11_1_ 
    from
        task task0_
Hibernate: 
    select
        task0_.id as id1_1_,
        task0_.asigned_id as asigned_2_1_,
        task0_.creation_date as creation3_1_,
        task0_.description as descript4_1_,
        task0_.estimated_duration as estimate5_1_,
        task0_.finish_date as finish_d6_1_,
        task0_.name as name7_1_,
        task0_.priority as priority8_1_,
        task0_.project_id as project_9_1_,
        task0_.start_date as start_d10_1_,
        task0_.status as status11_1_ 
    from
        task task0_
After all test execution
2023-12-04 16:33:41.006  INFO 10660 --- [    Test worker] o.s.t.c.support.AbstractContextLoader    : Could not detect default resource locations for test class [com.aninfo.integration.cucumber.TaskIntegrationServiceTest]: no resource found for suffixes {-context.xml, Context.groovy}.
2023-12-04 16:33:41.006  INFO 10660 --- [    Test worker] .b.t.c.SpringBootTestContextBootstrapper : Loaded default TestExecutionListener class names from location [META-INF/spring.factories]: [org.springframework.boot.test.autoconfigure.restdocs.RestDocsTestExecutionListener, org.springframework.boot.test.autoconfigure.web.client.MockRestServiceServerResetTestExecutionListener, org.springframework.boot.test.autoconfigure.web.servlet.MockMvcPrintOnlyOnFailureTestExecutionListener, org.springframework.boot.test.autoconfigure.web.servlet.WebDriverTestExecutionListener, org.springframework.boot.test.mock.mockito.MockitoTestExecutionListener, org.springframework.boot.test.mock.mockito.ResetMocksTestExecutionListener, org.springframework.test.context.web.ServletTestExecutionListener, org.springframework.test.context.support.DirtiesContextBeforeModesTestExecutionListener, org.springframework.test.context.support.DependencyInjectionTestExecutionListener, org.springframework.test.context.support.DirtiesContextTestExecutionListener, org.springframework.test.context.transaction.TransactionalTestExecutionListener, org.springframework.test.context.jdbc.SqlScriptsTestExecutionListener, org.springframework.test.context.event.EventPublishingTestExecutionListener]
2023-12-04 16:33:41.006  INFO 10660 --- [    Test worker] .b.t.c.SpringBootTestContextBootstrapper : Using TestExecutionListeners: [org.springframework.test.context.web.ServletTestExecutionListener@3974bb09, org.springframework.test.context.support.DirtiesContextBeforeModesTestExecutionListener@7e7b8f87, org.springframework.boot.test.mock.mockito.MockitoTestExecutionListener@6cb33df0, org.springframework.boot.test.autoconfigure.SpringBootDependencyInjectionTestExecutionListener@7cc63474, org.springframework.test.context.support.DirtiesContextTestExecutionListener@60767416, org.springframework.test.context.transaction.TransactionalTestExecutionListener@42d3d828, org.springframework.test.context.jdbc.SqlScriptsTestExecutionListener@377a313f, org.springframework.test.context.event.EventPublishingTestExecutionListener@7ad2d630, org.springframework.boot.test.autoconfigure.restdocs.RestDocsTestExecutionListener@2957cbb8, org.springframework.boot.test.autoconfigure.web.client.MockRestServiceServerResetTestExecutionListener@75994422, org.springframework.boot.test.autoconfigure.web.servlet.MockMvcPrintOnlyOnFailureTestExecutionListener@130c6067, org.springframework.boot.test.autoconfigure.web.servlet.WebDriverTestExecutionListener@7f834760, org.springframework.boot.test.mock.mockito.ResetMocksTestExecutionListener@681e4923]
Before any test execution
Before any test execution
Before any test execution
Before any test execution
Hibernate: 
    select
        task0_.id as id1_1_,
        task0_.asigned_id as asigned_2_1_,
        task0_.creation_date as creation3_1_,
        task0_.description as descript4_1_,
        task0_.estimated_duration as estimate5_1_,
        task0_.finish_date as finish_d6_1_,
        task0_.name as name7_1_,
        task0_.priority as priority8_1_,
        task0_.project_id as project_9_1_,
        task0_.start_date as start_d10_1_,
        task0_.status as status11_1_ 
    from
        task task0_ 
    where
        task0_.name=?
Hibernate: 
    call next value for hibernate_sequence
Hibernate: 
    insert 
    into
        task
        (asigned_id, creation_date, description, estimated_duration, finish_date, name, priority, project_id, start_date, status, id) 
    values
        (?, ?, ?, ?, ?, ?, ?, ?, ?, ?, ?)
Hibernate: 
    select
        task0_.id as id1_1_,
        task0_.asigned_id as asigned_2_1_,
        task0_.creation_date as creation3_1_,
        task0_.description as descript4_1_,
        task0_.estimated_duration as estimate5_1_,
        task0_.finish_date as finish_d6_1_,
        task0_.name as name7_1_,
        task0_.priority as priority8_1_,
        task0_.project_id as project_9_1_,
        task0_.start_date as start_d10_1_,
        task0_.status as status11_1_ 
    from
        task task0_ 
    where
        task0_.name=?
Resetting system
Hibernate: 
    select
        task0_.id as id1_1_,
        task0_.asigned_id as asigned_2_1_,
        task0_.creation_date as creation3_1_,
        task0_.description as descript4_1_,
        task0_.estimated_duration as estimate5_1_,
        task0_.finish_date as finish_d6_1_,
        task0_.name as name7_1_,
        task0_.priority as priority8_1_,
        task0_.project_id as project_9_1_,
        task0_.start_date as start_d10_1_,
        task0_.status as status11_1_ 
    from
        task task0_
Hibernate: 
    delete 
    from
        task 
    where
        id=?
Hibernate: 
    select
        project0_.id as id1_0_,
        project0_.creation_date as creation2_0_,
        project0_.description as descript3_0_,
        project0_.finish_date as finish_d4_0_,
        project0_.name as name5_0_,
        project0_.project_leader_id as project_6_0_,
        project0_.start_date as start_da7_0_,
        project0_.status as status8_0_ 
    from
        project project0_
After all test execution
Resetting system
Hibernate: 
    select
        project0_.id as id1_0_,
        project0_.creation_date as creation2_0_,
        project0_.description as descript3_0_,
        project0_.finish_date as finish_d4_0_,
        project0_.name as name5_0_,
        project0_.project_leader_id as project_6_0_,
        project0_.start_date as start_da7_0_,
        project0_.status as status8_0_ 
    from
        project project0_
Hibernate: 
    select
        task0_.id as id1_1_,
        task0_.asigned_id as asigned_2_1_,
        task0_.creation_date as creation3_1_,
        task0_.description as descript4_1_,
        task0_.estimated_duration as estimate5_1_,
        task0_.finish_date as finish_d6_1_,
        task0_.name as name7_1_,
        task0_.priority as priority8_1_,
        task0_.project_id as project_9_1_,
        task0_.start_date as start_d10_1_,
        task0_.status as status11_1_ 
    from
        task task0_
After all test execution
Resetting system
Hibernate: 
    select
        project0_.id as id1_0_,
        project0_.creation_date as creation2_0_,
        project0_.description as descript3_0_,
        project0_.finish_date as finish_d4_0_,
        project0_.name as name5_0_,
        project0_.project_leader_id as project_6_0_,
        project0_.start_date as start_da7_0_,
        project0_.status as status8_0_ 
    from
        project project0_
Hibernate: 
    select
        project0_.id as id1_0_,
        project0_.creation_date as creation2_0_,
        project0_.description as descript3_0_,
        project0_.finish_date as finish_d4_0_,
        project0_.name as name5_0_,
        project0_.project_leader_id as project_6_0_,
        project0_.start_date as start_da7_0_,
        project0_.status as status8_0_ 
    from
        project project0_
After all test execution
After all test execution
Hibernate: 
    select
        task0_.id as id1_1_,
        task0_.asigned_id as asigned_2_1_,
        task0_.creation_date as creation3_1_,
        task0_.description as descript4_1_,
        task0_.estimated_duration as estimate5_1_,
        task0_.finish_date as finish_d6_1_,
        task0_.name as name7_1_,
        task0_.priority as priority8_1_,
        task0_.project_id as project_9_1_,
        task0_.start_date as start_d10_1_,
        task0_.status as status11_1_ 
    from
        task task0_
Hibernate: 
    select
        task0_.id as id1_1_,
        task0_.asigned_id as asigned_2_1_,
        task0_.creation_date as creation3_1_,
        task0_.description as descript4_1_,
        task0_.estimated_duration as estimate5_1_,
        task0_.finish_date as finish_d6_1_,
        task0_.name as name7_1_,
        task0_.priority as priority8_1_,
        task0_.project_id as project_9_1_,
        task0_.start_date as start_d10_1_,
        task0_.status as status11_1_ 
    from
        task task0_
After all test execution
2023-12-04 16:33:41.056  INFO 10660 --- [    Test worker] o.s.t.c.support.AbstractContextLoader    : Could not detect default resource locations for test class [com.aninfo.integration.cucumber.TaskIntegrationServiceTest]: no resource found for suffixes {-context.xml, Context.groovy}.
2023-12-04 16:33:41.056  INFO 10660 --- [    Test worker] .b.t.c.SpringBootTestContextBootstrapper : Loaded default TestExecutionListener class names from location [META-INF/spring.factories]: [org.springframework.boot.test.autoconfigure.restdocs.RestDocsTestExecutionListener, org.springframework.boot.test.autoconfigure.web.client.MockRestServiceServerResetTestExecutionListener, org.springframework.boot.test.autoconfigure.web.servlet.MockMvcPrintOnlyOnFailureTestExecutionListener, org.springframework.boot.test.autoconfigure.web.servlet.WebDriverTestExecutionListener, org.springframework.boot.test.mock.mockito.MockitoTestExecutionListener, org.springframework.boot.test.mock.mockito.ResetMocksTestExecutionListener, org.springframework.test.context.web.ServletTestExecutionListener, org.springframework.test.context.support.DirtiesContextBeforeModesTestExecutionListener, org.springframework.test.context.support.DependencyInjectionTestExecutionListener, org.springframework.test.context.support.DirtiesContextTestExecutionListener, org.springframework.test.context.transaction.TransactionalTestExecutionListener, org.springframework.test.context.jdbc.SqlScriptsTestExecutionListener, org.springframework.test.context.event.EventPublishingTestExecutionListener]
2023-12-04 16:33:41.056  INFO 10660 --- [    Test worker] .b.t.c.SpringBootTestContextBootstrapper : Using TestExecutionListeners: [org.springframework.test.context.web.ServletTestExecutionListener@6dda84ac, org.springframework.test.context.support.DirtiesContextBeforeModesTestExecutionListener@650c4a45, org.springframework.boot.test.mock.mockito.MockitoTestExecutionListener@3df51d80, org.springframework.boot.test.autoconfigure.SpringBootDependencyInjectionTestExecutionListener@79c88be7, org.springframework.test.context.support.DirtiesContextTestExecutionListener@400e8f96, org.springframework.test.context.transaction.TransactionalTestExecutionListener@47d7abb0, org.springframework.test.context.jdbc.SqlScriptsTestExecutionListener@525ba7d7, org.springframework.test.context.event.EventPublishingTestExecutionListener@6f7199c8, org.springframework.boot.test.autoconfigure.restdocs.RestDocsTestExecutionListener@5bb7d98f, org.springframework.boot.test.autoconfigure.web.client.MockRestServiceServerResetTestExecutionListener@21c76362, org.springframework.boot.test.autoconfigure.web.servlet.MockMvcPrintOnlyOnFailureTestExecutionListener@2ead1d92, org.springframework.boot.test.autoconfigure.web.servlet.WebDriverTestExecutionListener@4df17e56, org.springframework.boot.test.mock.mockito.ResetMocksTestExecutionListener@28efbdc6]
Before any test execution
Before any test execution
Before any test execution
Before any test execution
Hibernate: 
    select
        task0_.id as id1_1_,
        task0_.asigned_id as asigned_2_1_,
        task0_.creation_date as creation3_1_,
        task0_.description as descript4_1_,
        task0_.estimated_duration as estimate5_1_,
        task0_.finish_date as finish_d6_1_,
        task0_.name as name7_1_,
        task0_.priority as priority8_1_,
        task0_.project_id as project_9_1_,
        task0_.start_date as start_d10_1_,
        task0_.status as status11_1_ 
    from
        task task0_ 
    where
        task0_.name=?
Hibernate: 
    call next value for hibernate_sequence
Hibernate: 
    insert 
    into
        task
        (asigned_id, creation_date, description, estimated_duration, finish_date, name, priority, project_id, start_date, status, id) 
    values
        (?, ?, ?, ?, ?, ?, ?, ?, ?, ?, ?)
Hibernate: 
    select
        task0_.id as id1_1_,
        task0_.asigned_id as asigned_2_1_,
        task0_.creation_date as creation3_1_,
        task0_.description as descript4_1_,
        task0_.estimated_duration as estimate5_1_,
        task0_.finish_date as finish_d6_1_,
        task0_.name as name7_1_,
        task0_.priority as priority8_1_,
        task0_.project_id as project_9_1_,
        task0_.start_date as start_d10_1_,
        task0_.status as status11_1_ 
    from
        task task0_ 
    where
        task0_.name=?
Resetting system
Hibernate: 
    select
        task0_.id as id1_1_,
        task0_.asigned_id as asigned_2_1_,
        task0_.creation_date as creation3_1_,
        task0_.description as descript4_1_,
        task0_.estimated_duration as estimate5_1_,
        task0_.finish_date as finish_d6_1_,
        task0_.name as name7_1_,
        task0_.priority as priority8_1_,
        task0_.project_id as project_9_1_,
        task0_.start_date as start_d10_1_,
        task0_.status as status11_1_ 
    from
        task task0_
Hibernate: 
    delete 
    from
        task 
    where
        id=?
Hibernate: 
    select
        project0_.id as id1_0_,
        project0_.creation_date as creation2_0_,
        project0_.description as descript3_0_,
        project0_.finish_date as finish_d4_0_,
        project0_.name as name5_0_,
        project0_.project_leader_id as project_6_0_,
        project0_.start_date as start_da7_0_,
        project0_.status as status8_0_ 
    from
        project project0_
After all test execution
Resetting system
Hibernate: 
    select
        project0_.id as id1_0_,
        project0_.creation_date as creation2_0_,
        project0_.description as descript3_0_,
        project0_.finish_date as finish_d4_0_,
        project0_.name as name5_0_,
        project0_.project_leader_id as project_6_0_,
        project0_.start_date as start_da7_0_,
        project0_.status as status8_0_ 
    from
        project project0_
Hibernate: 
    select
        task0_.id as id1_1_,
        task0_.asigned_id as asigned_2_1_,
        task0_.creation_date as creation3_1_,
        task0_.description as descript4_1_,
        task0_.estimated_duration as estimate5_1_,
        task0_.finish_date as finish_d6_1_,
        task0_.name as name7_1_,
        task0_.priority as priority8_1_,
        task0_.project_id as project_9_1_,
        task0_.start_date as start_d10_1_,
        task0_.status as status11_1_ 
    from
        task task0_
After all test execution
Resetting system
Hibernate: 
    select
        project0_.id as id1_0_,
        project0_.creation_date as creation2_0_,
        project0_.description as descript3_0_,
        project0_.finish_date as finish_d4_0_,
        project0_.name as name5_0_,
        project0_.project_leader_id as project_6_0_,
        project0_.start_date as start_da7_0_,
        project0_.status as status8_0_ 
    from
        project project0_
Hibernate: 
    select
        project0_.id as id1_0_,
        project0_.creation_date as creation2_0_,
        project0_.description as descript3_0_,
        project0_.finish_date as finish_d4_0_,
        project0_.name as name5_0_,
        project0_.project_leader_id as project_6_0_,
        project0_.start_date as start_da7_0_,
        project0_.status as status8_0_ 
    from
        project project0_
After all test execution
After all test execution
Hibernate: 
    select
        task0_.id as id1_1_,
        task0_.asigned_id as asigned_2_1_,
        task0_.creation_date as creation3_1_,
        task0_.description as descript4_1_,
        task0_.estimated_duration as estimate5_1_,
        task0_.finish_date as finish_d6_1_,
        task0_.name as name7_1_,
        task0_.priority as priority8_1_,
        task0_.project_id as project_9_1_,
        task0_.start_date as start_d10_1_,
        task0_.status as status11_1_ 
    from
        task task0_
Hibernate: 
    select
        task0_.id as id1_1_,
        task0_.asigned_id as asigned_2_1_,
        task0_.creation_date as creation3_1_,
        task0_.description as descript4_1_,
        task0_.estimated_duration as estimate5_1_,
        task0_.finish_date as finish_d6_1_,
        task0_.name as name7_1_,
        task0_.priority as priority8_1_,
        task0_.project_id as project_9_1_,
        task0_.start_date as start_d10_1_,
        task0_.status as status11_1_ 
    from
        task task0_
After all test execution
2023-12-04 16:33:41.085  INFO 10660 --- [    Test worker] o.s.t.c.support.AbstractContextLoader    : Could not detect default resource locations for test class [com.aninfo.integration.cucumber.TaskIntegrationServiceTest]: no resource found for suffixes {-context.xml, Context.groovy}.
2023-12-04 16:33:41.085  INFO 10660 --- [    Test worker] .b.t.c.SpringBootTestContextBootstrapper : Loaded default TestExecutionListener class names from location [META-INF/spring.factories]: [org.springframework.boot.test.autoconfigure.restdocs.RestDocsTestExecutionListener, org.springframework.boot.test.autoconfigure.web.client.MockRestServiceServerResetTestExecutionListener, org.springframework.boot.test.autoconfigure.web.servlet.MockMvcPrintOnlyOnFailureTestExecutionListener, org.springframework.boot.test.autoconfigure.web.servlet.WebDriverTestExecutionListener, org.springframework.boot.test.mock.mockito.MockitoTestExecutionListener, org.springframework.boot.test.mock.mockito.ResetMocksTestExecutionListener, org.springframework.test.context.web.ServletTestExecutionListener, org.springframework.test.context.support.DirtiesContextBeforeModesTestExecutionListener, org.springframework.test.context.support.DependencyInjectionTestExecutionListener, org.springframework.test.context.support.DirtiesContextTestExecutionListener, org.springframework.test.context.transaction.TransactionalTestExecutionListener, org.springframework.test.context.jdbc.SqlScriptsTestExecutionListener, org.springframework.test.context.event.EventPublishingTestExecutionListener]
2023-12-04 16:33:41.085  INFO 10660 --- [    Test worker] .b.t.c.SpringBootTestContextBootstrapper : Using TestExecutionListeners: [org.springframework.test.context.web.ServletTestExecutionListener@4bc7fd76, org.springframework.test.context.support.DirtiesContextBeforeModesTestExecutionListener@18d642ad, org.springframework.boot.test.mock.mockito.MockitoTestExecutionListener@26d0189f, org.springframework.boot.test.autoconfigure.SpringBootDependencyInjectionTestExecutionListener@582bef54, org.springframework.test.context.support.DirtiesContextTestExecutionListener@2c73856a, org.springframework.test.context.transaction.TransactionalTestExecutionListener@61a6963, org.springframework.test.context.jdbc.SqlScriptsTestExecutionListener@20288ddf, org.springframework.test.context.event.EventPublishingTestExecutionListener@277e87c1, org.springframework.boot.test.autoconfigure.restdocs.RestDocsTestExecutionListener@17961e91, org.springframework.boot.test.autoconfigure.web.client.MockRestServiceServerResetTestExecutionListener@42923c71, org.springframework.boot.test.autoconfigure.web.servlet.MockMvcPrintOnlyOnFailureTestExecutionListener@26300789, org.springframework.boot.test.autoconfigure.web.servlet.WebDriverTestExecutionListener@7523dc01, org.springframework.boot.test.mock.mockito.ResetMocksTestExecutionListener@52e636a2]
Before any test execution
Before any test execution
Before any test execution
Before any test execution
Hibernate: 
    select
        task0_.id as id1_1_,
        task0_.asigned_id as asigned_2_1_,
        task0_.creation_date as creation3_1_,
        task0_.description as descript4_1_,
        task0_.estimated_duration as estimate5_1_,
        task0_.finish_date as finish_d6_1_,
        task0_.name as name7_1_,
        task0_.priority as priority8_1_,
        task0_.project_id as project_9_1_,
        task0_.start_date as start_d10_1_,
        task0_.status as status11_1_ 
    from
        task task0_ 
    where
        task0_.name=?
Hibernate: 
    call next value for hibernate_sequence
Hibernate: 
    insert 
    into
        task
        (asigned_id, creation_date, description, estimated_duration, finish_date, name, priority, project_id, start_date, status, id) 
    values
        (?, ?, ?, ?, ?, ?, ?, ?, ?, ?, ?)
Resetting system
Hibernate: 
    select
        task0_.id as id1_1_,
        task0_.asigned_id as asigned_2_1_,
        task0_.creation_date as creation3_1_,
        task0_.description as descript4_1_,
        task0_.estimated_duration as estimate5_1_,
        task0_.finish_date as finish_d6_1_,
        task0_.name as name7_1_,
        task0_.priority as priority8_1_,
        task0_.project_id as project_9_1_,
        task0_.start_date as start_d10_1_,
        task0_.status as status11_1_ 
    from
        task task0_
Hibernate: 
    delete 
    from
        task 
    where
        id=?
Hibernate: 
    select
        project0_.id as id1_0_,
        project0_.creation_date as creation2_0_,
        project0_.description as descript3_0_,
        project0_.finish_date as finish_d4_0_,
        project0_.name as name5_0_,
        project0_.project_leader_id as project_6_0_,
        project0_.start_date as start_da7_0_,
        project0_.status as status8_0_ 
    from
        project project0_
After all test execution
Resetting system
Hibernate: 
    select
        project0_.id as id1_0_,
        project0_.creation_date as creation2_0_,
        project0_.description as descript3_0_,
        project0_.finish_date as finish_d4_0_,
        project0_.name as name5_0_,
        project0_.project_leader_id as project_6_0_,
        project0_.start_date as start_da7_0_,
        project0_.status as status8_0_ 
    from
        project project0_
Hibernate: 
    select
        task0_.id as id1_1_,
        task0_.asigned_id as asigned_2_1_,
        task0_.creation_date as creation3_1_,
        task0_.description as descript4_1_,
        task0_.estimated_duration as estimate5_1_,
        task0_.finish_date as finish_d6_1_,
        task0_.name as name7_1_,
        task0_.priority as priority8_1_,
        task0_.project_id as project_9_1_,
        task0_.start_date as start_d10_1_,
        task0_.status as status11_1_ 
    from
        task task0_
After all test execution
Resetting system
Hibernate: 
    select
        project0_.id as id1_0_,
        project0_.creation_date as creation2_0_,
        project0_.description as descript3_0_,
        project0_.finish_date as finish_d4_0_,
        project0_.name as name5_0_,
        project0_.project_leader_id as project_6_0_,
        project0_.start_date as start_da7_0_,
        project0_.status as status8_0_ 
    from
        project project0_
Hibernate: 
    select
        project0_.id as id1_0_,
        project0_.creation_date as creation2_0_,
        project0_.description as descript3_0_,
        project0_.finish_date as finish_d4_0_,
        project0_.name as name5_0_,
        project0_.project_leader_id as project_6_0_,
        project0_.start_date as start_da7_0_,
        project0_.status as status8_0_ 
    from
        project project0_
After all test execution
After all test execution
Hibernate: 
    select
        task0_.id as id1_1_,
        task0_.asigned_id as asigned_2_1_,
        task0_.creation_date as creation3_1_,
        task0_.description as descript4_1_,
        task0_.estimated_duration as estimate5_1_,
        task0_.finish_date as finish_d6_1_,
        task0_.name as name7_1_,
        task0_.priority as priority8_1_,
        task0_.project_id as project_9_1_,
        task0_.start_date as start_d10_1_,
        task0_.status as status11_1_ 
    from
        task task0_
Hibernate: 
    select
        task0_.id as id1_1_,
        task0_.asigned_id as asigned_2_1_,
        task0_.creation_date as creation3_1_,
        task0_.description as descript4_1_,
        task0_.estimated_duration as estimate5_1_,
        task0_.finish_date as finish_d6_1_,
        task0_.name as name7_1_,
        task0_.priority as priority8_1_,
        task0_.project_id as project_9_1_,
        task0_.start_date as start_d10_1_,
        task0_.status as status11_1_ 
    from
        task task0_
After all test execution
2023-12-04 16:33:41.134  INFO 10660 --- [    Test worker] o.s.t.c.support.AbstractContextLoader    : Could not detect default resource locations for test class [com.aninfo.integration.cucumber.TaskIntegrationServiceTest]: no resource found for suffixes {-context.xml, Context.groovy}.
2023-12-04 16:33:41.134  INFO 10660 --- [    Test worker] .b.t.c.SpringBootTestContextBootstrapper : Loaded default TestExecutionListener class names from location [META-INF/spring.factories]: [org.springframework.boot.test.autoconfigure.restdocs.RestDocsTestExecutionListener, org.springframework.boot.test.autoconfigure.web.client.MockRestServiceServerResetTestExecutionListener, org.springframework.boot.test.autoconfigure.web.servlet.MockMvcPrintOnlyOnFailureTestExecutionListener, org.springframework.boot.test.autoconfigure.web.servlet.WebDriverTestExecutionListener, org.springframework.boot.test.mock.mockito.MockitoTestExecutionListener, org.springframework.boot.test.mock.mockito.ResetMocksTestExecutionListener, org.springframework.test.context.web.ServletTestExecutionListener, org.springframework.test.context.support.DirtiesContextBeforeModesTestExecutionListener, org.springframework.test.context.support.DependencyInjectionTestExecutionListener, org.springframework.test.context.support.DirtiesContextTestExecutionListener, org.springframework.test.context.transaction.TransactionalTestExecutionListener, org.springframework.test.context.jdbc.SqlScriptsTestExecutionListener, org.springframework.test.context.event.EventPublishingTestExecutionListener]
2023-12-04 16:33:41.134  INFO 10660 --- [    Test worker] .b.t.c.SpringBootTestContextBootstrapper : Using TestExecutionListeners: [org.springframework.test.context.web.ServletTestExecutionListener@540d7aa3, org.springframework.test.context.support.DirtiesContextBeforeModesTestExecutionListener@786ebde, org.springframework.boot.test.mock.mockito.MockitoTestExecutionListener@5218756c, org.springframework.boot.test.autoconfigure.SpringBootDependencyInjectionTestExecutionListener@56528b2e, org.springframework.test.context.support.DirtiesContextTestExecutionListener@69353b25, org.springframework.test.context.transaction.TransactionalTestExecutionListener@595de5c6, org.springframework.test.context.jdbc.SqlScriptsTestExecutionListener@487f4894, org.springframework.test.context.event.EventPublishingTestExecutionListener@ab6a14e, org.springframework.boot.test.autoconfigure.restdocs.RestDocsTestExecutionListener@4a1a5f2e, org.springframework.boot.test.autoconfigure.web.client.MockRestServiceServerResetTestExecutionListener@7cdff07e, org.springframework.boot.test.autoconfigure.web.servlet.MockMvcPrintOnlyOnFailureTestExecutionListener@4ed63c99, org.springframework.boot.test.autoconfigure.web.servlet.WebDriverTestExecutionListener@71d548dc, org.springframework.boot.test.mock.mockito.ResetMocksTestExecutionListener@69ae8ae7]
Before any test execution
Before any test execution
Before any test execution
Before any test execution
Hibernate: 
    select
        task0_.id as id1_1_,
        task0_.asigned_id as asigned_2_1_,
        task0_.creation_date as creation3_1_,
        task0_.description as descript4_1_,
        task0_.estimated_duration as estimate5_1_,
        task0_.finish_date as finish_d6_1_,
        task0_.name as name7_1_,
        task0_.priority as priority8_1_,
        task0_.project_id as project_9_1_,
        task0_.start_date as start_d10_1_,
        task0_.status as status11_1_ 
    from
        task task0_ 
    where
        task0_.name=?
Hibernate: 
    call next value for hibernate_sequence
Hibernate: 
    insert 
    into
        task
        (asigned_id, creation_date, description, estimated_duration, finish_date, name, priority, project_id, start_date, status, id) 
    values
        (?, ?, ?, ?, ?, ?, ?, ?, ?, ?, ?)
Hibernate: 
    select
        task0_.id as id1_1_,
        task0_.asigned_id as asigned_2_1_,
        task0_.creation_date as creation3_1_,
        task0_.description as descript4_1_,
        task0_.estimated_duration as estimate5_1_,
        task0_.finish_date as finish_d6_1_,
        task0_.name as name7_1_,
        task0_.priority as priority8_1_,
        task0_.project_id as project_9_1_,
        task0_.start_date as start_d10_1_,
        task0_.status as status11_1_ 
    from
        task task0_ 
    where
        task0_.name=?
Resetting system
Hibernate: 
    select
        task0_.id as id1_1_,
        task0_.asigned_id as asigned_2_1_,
        task0_.creation_date as creation3_1_,
        task0_.description as descript4_1_,
        task0_.estimated_duration as estimate5_1_,
        task0_.finish_date as finish_d6_1_,
        task0_.name as name7_1_,
        task0_.priority as priority8_1_,
        task0_.project_id as project_9_1_,
        task0_.start_date as start_d10_1_,
        task0_.status as status11_1_ 
    from
        task task0_
Hibernate: 
    delete 
    from
        task 
    where
        id=?
Hibernate: 
    select
        project0_.id as id1_0_,
        project0_.creation_date as creation2_0_,
        project0_.description as descript3_0_,
        project0_.finish_date as finish_d4_0_,
        project0_.name as name5_0_,
        project0_.project_leader_id as project_6_0_,
        project0_.start_date as start_da7_0_,
        project0_.status as status8_0_ 
    from
        project project0_
After all test execution
Resetting system
Hibernate: 
    select
        project0_.id as id1_0_,
        project0_.creation_date as creation2_0_,
        project0_.description as descript3_0_,
        project0_.finish_date as finish_d4_0_,
        project0_.name as name5_0_,
        project0_.project_leader_id as project_6_0_,
        project0_.start_date as start_da7_0_,
        project0_.status as status8_0_ 
    from
        project project0_
Hibernate: 
    select
        task0_.id as id1_1_,
        task0_.asigned_id as asigned_2_1_,
        task0_.creation_date as creation3_1_,
        task0_.description as descript4_1_,
        task0_.estimated_duration as estimate5_1_,
        task0_.finish_date as finish_d6_1_,
        task0_.name as name7_1_,
        task0_.priority as priority8_1_,
        task0_.project_id as project_9_1_,
        task0_.start_date as start_d10_1_,
        task0_.status as status11_1_ 
    from
        task task0_
After all test execution
Resetting system
Hibernate: 
    select
        project0_.id as id1_0_,
        project0_.creation_date as creation2_0_,
        project0_.description as descript3_0_,
        project0_.finish_date as finish_d4_0_,
        project0_.name as name5_0_,
        project0_.project_leader_id as project_6_0_,
        project0_.start_date as start_da7_0_,
        project0_.status as status8_0_ 
    from
        project project0_
Hibernate: 
    select
        project0_.id as id1_0_,
        project0_.creation_date as creation2_0_,
        project0_.description as descript3_0_,
        project0_.finish_date as finish_d4_0_,
        project0_.name as name5_0_,
        project0_.project_leader_id as project_6_0_,
        project0_.start_date as start_da7_0_,
        project0_.status as status8_0_ 
    from
        project project0_
After all test execution
After all test execution
Hibernate: 
    select
        task0_.id as id1_1_,
        task0_.asigned_id as asigned_2_1_,
        task0_.creation_date as creation3_1_,
        task0_.description as descript4_1_,
        task0_.estimated_duration as estimate5_1_,
        task0_.finish_date as finish_d6_1_,
        task0_.name as name7_1_,
        task0_.priority as priority8_1_,
        task0_.project_id as project_9_1_,
        task0_.start_date as start_d10_1_,
        task0_.status as status11_1_ 
    from
        task task0_
Hibernate: 
    select
        task0_.id as id1_1_,
        task0_.asigned_id as asigned_2_1_,
        task0_.creation_date as creation3_1_,
        task0_.description as descript4_1_,
        task0_.estimated_duration as estimate5_1_,
        task0_.finish_date as finish_d6_1_,
        task0_.name as name7_1_,
        task0_.priority as priority8_1_,
        task0_.project_id as project_9_1_,
        task0_.start_date as start_d10_1_,
        task0_.status as status11_1_ 
    from
        task task0_
After all test execution
2023-12-04 16:33:41.164  INFO 10660 --- [    Test worker] o.s.t.c.support.AbstractContextLoader    : Could not detect default resource locations for test class [com.aninfo.integration.cucumber.TaskIntegrationServiceTest]: no resource found for suffixes {-context.xml, Context.groovy}.
2023-12-04 16:33:41.179  INFO 10660 --- [    Test worker] .b.t.c.SpringBootTestContextBootstrapper : Loaded default TestExecutionListener class names from location [META-INF/spring.factories]: [org.springframework.boot.test.autoconfigure.restdocs.RestDocsTestExecutionListener, org.springframework.boot.test.autoconfigure.web.client.MockRestServiceServerResetTestExecutionListener, org.springframework.boot.test.autoconfigure.web.servlet.MockMvcPrintOnlyOnFailureTestExecutionListener, org.springframework.boot.test.autoconfigure.web.servlet.WebDriverTestExecutionListener, org.springframework.boot.test.mock.mockito.MockitoTestExecutionListener, org.springframework.boot.test.mock.mockito.ResetMocksTestExecutionListener, org.springframework.test.context.web.ServletTestExecutionListener, org.springframework.test.context.support.DirtiesContextBeforeModesTestExecutionListener, org.springframework.test.context.support.DependencyInjectionTestExecutionListener, org.springframework.test.context.support.DirtiesContextTestExecutionListener, org.springframework.test.context.transaction.TransactionalTestExecutionListener, org.springframework.test.context.jdbc.SqlScriptsTestExecutionListener, org.springframework.test.context.event.EventPublishingTestExecutionListener]
2023-12-04 16:33:41.179  INFO 10660 --- [    Test worker] .b.t.c.SpringBootTestContextBootstrapper : Using TestExecutionListeners: [org.springframework.test.context.web.ServletTestExecutionListener@72cbe1b2, org.springframework.test.context.support.DirtiesContextBeforeModesTestExecutionListener@7d126736, org.springframework.boot.test.mock.mockito.MockitoTestExecutionListener@23be81a2, org.springframework.boot.test.autoconfigure.SpringBootDependencyInjectionTestExecutionListener@15ef30f4, org.springframework.test.context.support.DirtiesContextTestExecutionListener@3884858a, org.springframework.test.context.transaction.TransactionalTestExecutionListener@56416e7b, org.springframework.test.context.jdbc.SqlScriptsTestExecutionListener@1254680, org.springframework.test.context.event.EventPublishingTestExecutionListener@6d21aec0, org.springframework.boot.test.autoconfigure.restdocs.RestDocsTestExecutionListener@7115ce3b, org.springframework.boot.test.autoconfigure.web.client.MockRestServiceServerResetTestExecutionListener@2c7a44d4, org.springframework.boot.test.autoconfigure.web.servlet.MockMvcPrintOnlyOnFailureTestExecutionListener@7c0169d, org.springframework.boot.test.autoconfigure.web.servlet.WebDriverTestExecutionListener@6777ff0b, org.springframework.boot.test.mock.mockito.ResetMocksTestExecutionListener@38cc81c8]
Before any test execution
Before any test execution
Before any test execution
Before any test execution
Hibernate: 
    select
        task0_.id as id1_1_,
        task0_.asigned_id as asigned_2_1_,
        task0_.creation_date as creation3_1_,
        task0_.description as descript4_1_,
        task0_.estimated_duration as estimate5_1_,
        task0_.finish_date as finish_d6_1_,
        task0_.name as name7_1_,
        task0_.priority as priority8_1_,
        task0_.project_id as project_9_1_,
        task0_.start_date as start_d10_1_,
        task0_.status as status11_1_ 
    from
        task task0_ 
    where
        task0_.name=?
Hibernate: 
    call next value for hibernate_sequence
Hibernate: 
    insert 
    into
        task
        (asigned_id, creation_date, description, estimated_duration, finish_date, name, priority, project_id, start_date, status, id) 
    values
        (?, ?, ?, ?, ?, ?, ?, ?, ?, ?, ?)
Hibernate: 
    select
        task0_.id as id1_1_,
        task0_.asigned_id as asigned_2_1_,
        task0_.creation_date as creation3_1_,
        task0_.description as descript4_1_,
        task0_.estimated_duration as estimate5_1_,
        task0_.finish_date as finish_d6_1_,
        task0_.name as name7_1_,
        task0_.priority as priority8_1_,
        task0_.project_id as project_9_1_,
        task0_.start_date as start_d10_1_,
        task0_.status as status11_1_ 
    from
        task task0_ 
    where
        task0_.name=?
Hibernate: 
    call next value for hibernate_sequence
Hibernate: 
    insert 
    into
        task
        (asigned_id, creation_date, description, estimated_duration, finish_date, name, priority, project_id, start_date, status, id) 
    values
        (?, ?, ?, ?, ?, ?, ?, ?, ?, ?, ?)
Resetting system
Hibernate: 
    select
        task0_.id as id1_1_,
        task0_.asigned_id as asigned_2_1_,
        task0_.creation_date as creation3_1_,
        task0_.description as descript4_1_,
        task0_.estimated_duration as estimate5_1_,
        task0_.finish_date as finish_d6_1_,
        task0_.name as name7_1_,
        task0_.priority as priority8_1_,
        task0_.project_id as project_9_1_,
        task0_.start_date as start_d10_1_,
        task0_.status as status11_1_ 
    from
        task task0_
Hibernate: 
    delete 
    from
        task 
    where
        id=?
Hibernate: 
    delete 
    from
        task 
    where
        id=?
Hibernate: 
    select
        project0_.id as id1_0_,
        project0_.creation_date as creation2_0_,
        project0_.description as descript3_0_,
        project0_.finish_date as finish_d4_0_,
        project0_.name as name5_0_,
        project0_.project_leader_id as project_6_0_,
        project0_.start_date as start_da7_0_,
        project0_.status as status8_0_ 
    from
        project project0_
After all test execution
Resetting system
Hibernate: 
    select
        project0_.id as id1_0_,
        project0_.creation_date as creation2_0_,
        project0_.description as descript3_0_,
        project0_.finish_date as finish_d4_0_,
        project0_.name as name5_0_,
        project0_.project_leader_id as project_6_0_,
        project0_.start_date as start_da7_0_,
        project0_.status as status8_0_ 
    from
        project project0_
Hibernate: 
    select
        task0_.id as id1_1_,
        task0_.asigned_id as asigned_2_1_,
        task0_.creation_date as creation3_1_,
        task0_.description as descript4_1_,
        task0_.estimated_duration as estimate5_1_,
        task0_.finish_date as finish_d6_1_,
        task0_.name as name7_1_,
        task0_.priority as priority8_1_,
        task0_.project_id as project_9_1_,
        task0_.start_date as start_d10_1_,
        task0_.status as status11_1_ 
    from
        task task0_
After all test execution
Resetting system
Hibernate: 
    select
        project0_.id as id1_0_,
        project0_.creation_date as creation2_0_,
        project0_.description as descript3_0_,
        project0_.finish_date as finish_d4_0_,
        project0_.name as name5_0_,
        project0_.project_leader_id as project_6_0_,
        project0_.start_date as start_da7_0_,
        project0_.status as status8_0_ 
    from
        project project0_
Hibernate: 
    select
        project0_.id as id1_0_,
        project0_.creation_date as creation2_0_,
        project0_.description as descript3_0_,
        project0_.finish_date as finish_d4_0_,
        project0_.name as name5_0_,
        project0_.project_leader_id as project_6_0_,
        project0_.start_date as start_da7_0_,
        project0_.status as status8_0_ 
    from
        project project0_
After all test execution
After all test execution
Hibernate: 
    select
        task0_.id as id1_1_,
        task0_.asigned_id as asigned_2_1_,
        task0_.creation_date as creation3_1_,
        task0_.description as descript4_1_,
        task0_.estimated_duration as estimate5_1_,
        task0_.finish_date as finish_d6_1_,
        task0_.name as name7_1_,
        task0_.priority as priority8_1_,
        task0_.project_id as project_9_1_,
        task0_.start_date as start_d10_1_,
        task0_.status as status11_1_ 
    from
        task task0_
Hibernate: 
    select
        task0_.id as id1_1_,
        task0_.asigned_id as asigned_2_1_,
        task0_.creation_date as creation3_1_,
        task0_.description as descript4_1_,
        task0_.estimated_duration as estimate5_1_,
        task0_.finish_date as finish_d6_1_,
        task0_.name as name7_1_,
        task0_.priority as priority8_1_,
        task0_.project_id as project_9_1_,
        task0_.start_date as start_d10_1_,
        task0_.status as status11_1_ 
    from
        task task0_
After all test execution
2023-12-04 16:33:41.212  INFO 10660 --- [    Test worker] o.s.t.c.support.AbstractContextLoader    : Could not detect default resource locations for test class [com.aninfo.integration.cucumber.TaskIntegrationServiceTest]: no resource found for suffixes {-context.xml, Context.groovy}.
2023-12-04 16:33:41.212  INFO 10660 --- [    Test worker] .b.t.c.SpringBootTestContextBootstrapper : Loaded default TestExecutionListener class names from location [META-INF/spring.factories]: [org.springframework.boot.test.autoconfigure.restdocs.RestDocsTestExecutionListener, org.springframework.boot.test.autoconfigure.web.client.MockRestServiceServerResetTestExecutionListener, org.springframework.boot.test.autoconfigure.web.servlet.MockMvcPrintOnlyOnFailureTestExecutionListener, org.springframework.boot.test.autoconfigure.web.servlet.WebDriverTestExecutionListener, org.springframework.boot.test.mock.mockito.MockitoTestExecutionListener, org.springframework.boot.test.mock.mockito.ResetMocksTestExecutionListener, org.springframework.test.context.web.ServletTestExecutionListener, org.springframework.test.context.support.DirtiesContextBeforeModesTestExecutionListener, org.springframework.test.context.support.DependencyInjectionTestExecutionListener, org.springframework.test.context.support.DirtiesContextTestExecutionListener, org.springframework.test.context.transaction.TransactionalTestExecutionListener, org.springframework.test.context.jdbc.SqlScriptsTestExecutionListener, org.springframework.test.context.event.EventPublishingTestExecutionListener]
2023-12-04 16:33:41.226  INFO 10660 --- [    Test worker] .b.t.c.SpringBootTestContextBootstrapper : Using TestExecutionListeners: [org.springframework.test.context.web.ServletTestExecutionListener@517ba08e, org.springframework.test.context.support.DirtiesContextBeforeModesTestExecutionListener@3e65e693, org.springframework.boot.test.mock.mockito.MockitoTestExecutionListener@2e818c11, org.springframework.boot.test.autoconfigure.SpringBootDependencyInjectionTestExecutionListener@71d41b94, org.springframework.test.context.support.DirtiesContextTestExecutionListener@7da7baf0, org.springframework.test.context.transaction.TransactionalTestExecutionListener@6ce79aa9, org.springframework.test.context.jdbc.SqlScriptsTestExecutionListener@4e247220, org.springframework.test.context.event.EventPublishingTestExecutionListener@1ffdc8cb, org.springframework.boot.test.autoconfigure.restdocs.RestDocsTestExecutionListener@5fcd91fe, org.springframework.boot.test.autoconfigure.web.client.MockRestServiceServerResetTestExecutionListener@faf6a7c, org.springframework.boot.test.autoconfigure.web.servlet.MockMvcPrintOnlyOnFailureTestExecutionListener@6277bcdb, org.springframework.boot.test.autoconfigure.web.servlet.WebDriverTestExecutionListener@13bd8bce, org.springframework.boot.test.mock.mockito.ResetMocksTestExecutionListener@204cba26]
Before any test execution
Before any test execution
Before any test execution
Before any test execution
Hibernate: 
    select
        task0_.id as id1_1_,
        task0_.asigned_id as asigned_2_1_,
        task0_.creation_date as creation3_1_,
        task0_.description as descript4_1_,
        task0_.estimated_duration as estimate5_1_,
        task0_.finish_date as finish_d6_1_,
        task0_.name as name7_1_,
        task0_.priority as priority8_1_,
        task0_.project_id as project_9_1_,
        task0_.start_date as start_d10_1_,
        task0_.status as status11_1_ 
    from
        task task0_ 
    where
        task0_.name=?
Hibernate: 
    call next value for hibernate_sequence
Hibernate: 
    insert 
    into
        task
        (asigned_id, creation_date, description, estimated_duration, finish_date, name, priority, project_id, start_date, status, id) 
    values
        (?, ?, ?, ?, ?, ?, ?, ?, ?, ?, ?)
Hibernate: 
    select
        task0_.id as id1_1_,
        task0_.asigned_id as asigned_2_1_,
        task0_.creation_date as creation3_1_,
        task0_.description as descript4_1_,
        task0_.estimated_duration as estimate5_1_,
        task0_.finish_date as finish_d6_1_,
        task0_.name as name7_1_,
        task0_.priority as priority8_1_,
        task0_.project_id as project_9_1_,
        task0_.start_date as start_d10_1_,
        task0_.status as status11_1_ 
    from
        task task0_ 
    where
        task0_.name=?
Hibernate: 
    select
        task0_.id as id1_1_0_,
        task0_.asigned_id as asigned_2_1_0_,
        task0_.creation_date as creation3_1_0_,
        task0_.description as descript4_1_0_,
        task0_.estimated_duration as estimate5_1_0_,
        task0_.finish_date as finish_d6_1_0_,
        task0_.name as name7_1_0_,
        task0_.priority as priority8_1_0_,
        task0_.project_id as project_9_1_0_,
        task0_.start_date as start_d10_1_0_,
        task0_.status as status11_1_0_ 
    from
        task task0_ 
    where
        task0_.id=?
Hibernate: 
    delete 
    from
        task 
    where
        id=?
Hibernate: 
    select
        task0_.id as id1_1_,
        task0_.asigned_id as asigned_2_1_,
        task0_.creation_date as creation3_1_,
        task0_.description as descript4_1_,
        task0_.estimated_duration as estimate5_1_,
        task0_.finish_date as finish_d6_1_,
        task0_.name as name7_1_,
        task0_.priority as priority8_1_,
        task0_.project_id as project_9_1_,
        task0_.start_date as start_d10_1_,
        task0_.status as status11_1_ 
    from
        task task0_ 
    where
        task0_.name=?
Resetting system
Hibernate: 
    select
        task0_.id as id1_1_,
        task0_.asigned_id as asigned_2_1_,
        task0_.creation_date as creation3_1_,
        task0_.description as descript4_1_,
        task0_.estimated_duration as estimate5_1_,
        task0_.finish_date as finish_d6_1_,
        task0_.name as name7_1_,
        task0_.priority as priority8_1_,
        task0_.project_id as project_9_1_,
        task0_.start_date as start_d10_1_,
        task0_.status as status11_1_ 
    from
        task task0_
Hibernate: 
    select
        project0_.id as id1_0_,
        project0_.creation_date as creation2_0_,
        project0_.description as descript3_0_,
        project0_.finish_date as finish_d4_0_,
        project0_.name as name5_0_,
        project0_.project_leader_id as project_6_0_,
        project0_.start_date as start_da7_0_,
        project0_.status as status8_0_ 
    from
        project project0_
After all test execution
Resetting system
Hibernate: 
    select
        project0_.id as id1_0_,
        project0_.creation_date as creation2_0_,
        project0_.description as descript3_0_,
        project0_.finish_date as finish_d4_0_,
        project0_.name as name5_0_,
        project0_.project_leader_id as project_6_0_,
        project0_.start_date as start_da7_0_,
        project0_.status as status8_0_ 
    from
        project project0_
Hibernate: 
    select
        task0_.id as id1_1_,
        task0_.asigned_id as asigned_2_1_,
        task0_.creation_date as creation3_1_,
        task0_.description as descript4_1_,
        task0_.estimated_duration as estimate5_1_,
        task0_.finish_date as finish_d6_1_,
        task0_.name as name7_1_,
        task0_.priority as priority8_1_,
        task0_.project_id as project_9_1_,
        task0_.start_date as start_d10_1_,
        task0_.status as status11_1_ 
    from
        task task0_
After all test execution
Resetting system
Hibernate: 
    select
        project0_.id as id1_0_,
        project0_.creation_date as creation2_0_,
        project0_.description as descript3_0_,
        project0_.finish_date as finish_d4_0_,
        project0_.name as name5_0_,
        project0_.project_leader_id as project_6_0_,
        project0_.start_date as start_da7_0_,
        project0_.status as status8_0_ 
    from
        project project0_
Hibernate: 
    select
        project0_.id as id1_0_,
        project0_.creation_date as creation2_0_,
        project0_.description as descript3_0_,
        project0_.finish_date as finish_d4_0_,
        project0_.name as name5_0_,
        project0_.project_leader_id as project_6_0_,
        project0_.start_date as start_da7_0_,
        project0_.status as status8_0_ 
    from
        project project0_
After all test execution
After all test execution
Hibernate: 
    select
        task0_.id as id1_1_,
        task0_.asigned_id as asigned_2_1_,
        task0_.creation_date as creation3_1_,
        task0_.description as descript4_1_,
        task0_.estimated_duration as estimate5_1_,
        task0_.finish_date as finish_d6_1_,
        task0_.name as name7_1_,
        task0_.priority as priority8_1_,
        task0_.project_id as project_9_1_,
        task0_.start_date as start_d10_1_,
        task0_.status as status11_1_ 
    from
        task task0_
Hibernate: 
    select
        task0_.id as id1_1_,
        task0_.asigned_id as asigned_2_1_,
        task0_.creation_date as creation3_1_,
        task0_.description as descript4_1_,
        task0_.estimated_duration as estimate5_1_,
        task0_.finish_date as finish_d6_1_,
        task0_.name as name7_1_,
        task0_.priority as priority8_1_,
        task0_.project_id as project_9_1_,
        task0_.start_date as start_d10_1_,
        task0_.status as status11_1_ 
    from
        task task0_
After all test execution
2023-12-04 16:33:41.272  INFO 10660 --- [    Test worker] o.s.t.c.support.AbstractContextLoader    : Could not detect default resource locations for test class [com.aninfo.integration.cucumber.TaskIntegrationServiceTest]: no resource found for suffixes {-context.xml, Context.groovy}.
2023-12-04 16:33:41.274  INFO 10660 --- [    Test worker] .b.t.c.SpringBootTestContextBootstrapper : Loaded default TestExecutionListener class names from location [META-INF/spring.factories]: [org.springframework.boot.test.autoconfigure.restdocs.RestDocsTestExecutionListener, org.springframework.boot.test.autoconfigure.web.client.MockRestServiceServerResetTestExecutionListener, org.springframework.boot.test.autoconfigure.web.servlet.MockMvcPrintOnlyOnFailureTestExecutionListener, org.springframework.boot.test.autoconfigure.web.servlet.WebDriverTestExecutionListener, org.springframework.boot.test.mock.mockito.MockitoTestExecutionListener, org.springframework.boot.test.mock.mockito.ResetMocksTestExecutionListener, org.springframework.test.context.web.ServletTestExecutionListener, org.springframework.test.context.support.DirtiesContextBeforeModesTestExecutionListener, org.springframework.test.context.support.DependencyInjectionTestExecutionListener, org.springframework.test.context.support.DirtiesContextTestExecutionListener, org.springframework.test.context.transaction.TransactionalTestExecutionListener, org.springframework.test.context.jdbc.SqlScriptsTestExecutionListener, org.springframework.test.context.event.EventPublishingTestExecutionListener]
2023-12-04 16:33:41.274  INFO 10660 --- [    Test worker] .b.t.c.SpringBootTestContextBootstrapper : Using TestExecutionListeners: [org.springframework.test.context.web.ServletTestExecutionListener@17ab66a1, org.springframework.test.context.support.DirtiesContextBeforeModesTestExecutionListener@2e9c203f, org.springframework.boot.test.mock.mockito.MockitoTestExecutionListener@39fdf23, org.springframework.boot.test.autoconfigure.SpringBootDependencyInjectionTestExecutionListener@7814bdea, org.springframework.test.context.support.DirtiesContextTestExecutionListener@34464227, org.springframework.test.context.transaction.TransactionalTestExecutionListener@7b141148, org.springframework.test.context.jdbc.SqlScriptsTestExecutionListener@68fbfce, org.springframework.test.context.event.EventPublishingTestExecutionListener@5ba9b918, org.springframework.boot.test.autoconfigure.restdocs.RestDocsTestExecutionListener@5d789f30, org.springframework.boot.test.autoconfigure.web.client.MockRestServiceServerResetTestExecutionListener@63d4b86, org.springframework.boot.test.autoconfigure.web.servlet.MockMvcPrintOnlyOnFailureTestExecutionListener@7db7f540, org.springframework.boot.test.autoconfigure.web.servlet.WebDriverTestExecutionListener@6bc0f297, org.springframework.boot.test.mock.mockito.ResetMocksTestExecutionListener@725871c0]
Before any test execution
Before any test execution
Before any test execution
Before any test execution
Hibernate: 
    select
        task0_.id as id1_1_,
        task0_.asigned_id as asigned_2_1_,
        task0_.creation_date as creation3_1_,
        task0_.description as descript4_1_,
        task0_.estimated_duration as estimate5_1_,
        task0_.finish_date as finish_d6_1_,
        task0_.name as name7_1_,
        task0_.priority as priority8_1_,
        task0_.project_id as project_9_1_,
        task0_.start_date as start_d10_1_,
        task0_.status as status11_1_ 
    from
        task task0_ 
    where
        task0_.name=?
Hibernate: 
    call next value for hibernate_sequence
Hibernate: 
    insert 
    into
        task
        (asigned_id, creation_date, description, estimated_duration, finish_date, name, priority, project_id, start_date, status, id) 
    values
        (?, ?, ?, ?, ?, ?, ?, ?, ?, ?, ?)
Hibernate: 
    select
        task0_.id as id1_1_,
        task0_.asigned_id as asigned_2_1_,
        task0_.creation_date as creation3_1_,
        task0_.description as descript4_1_,
        task0_.estimated_duration as estimate5_1_,
        task0_.finish_date as finish_d6_1_,
        task0_.name as name7_1_,
        task0_.priority as priority8_1_,
        task0_.project_id as project_9_1_,
        task0_.start_date as start_d10_1_,
        task0_.status as status11_1_ 
    from
        task task0_ 
    where
        task0_.name=?
Hibernate: 
    call next value for hibernate_sequence
Hibernate: 
    insert 
    into
        task
        (asigned_id, creation_date, description, estimated_duration, finish_date, name, priority, project_id, start_date, status, id) 
    values
        (?, ?, ?, ?, ?, ?, ?, ?, ?, ?, ?)
Hibernate: 
    select
        task0_.id as id1_1_,
        task0_.asigned_id as asigned_2_1_,
        task0_.creation_date as creation3_1_,
        task0_.description as descript4_1_,
        task0_.estimated_duration as estimate5_1_,
        task0_.finish_date as finish_d6_1_,
        task0_.name as name7_1_,
        task0_.priority as priority8_1_,
        task0_.project_id as project_9_1_,
        task0_.start_date as start_d10_1_,
        task0_.status as status11_1_ 
    from
        task task0_ 
    where
        task0_.name=?
Hibernate: 
    select
        task0_.id as id1_1_0_,
        task0_.asigned_id as asigned_2_1_0_,
        task0_.creation_date as creation3_1_0_,
        task0_.description as descript4_1_0_,
        task0_.estimated_duration as estimate5_1_0_,
        task0_.finish_date as finish_d6_1_0_,
        task0_.name as name7_1_0_,
        task0_.priority as priority8_1_0_,
        task0_.project_id as project_9_1_0_,
        task0_.start_date as start_d10_1_0_,
        task0_.status as status11_1_0_ 
    from
        task task0_ 
    where
        task0_.id=?
Hibernate: 
    delete 
    from
        task 
    where
        id=?
Hibernate: 
    select
        task0_.id as id1_1_,
        task0_.asigned_id as asigned_2_1_,
        task0_.creation_date as creation3_1_,
        task0_.description as descript4_1_,
        task0_.estimated_duration as estimate5_1_,
        task0_.finish_date as finish_d6_1_,
        task0_.name as name7_1_,
        task0_.priority as priority8_1_,
        task0_.project_id as project_9_1_,
        task0_.start_date as start_d10_1_,
        task0_.status as status11_1_ 
    from
        task task0_ 
    where
        task0_.name=?
Hibernate: 
    select
        task0_.id as id1_1_,
        task0_.asigned_id as asigned_2_1_,
        task0_.creation_date as creation3_1_,
        task0_.description as descript4_1_,
        task0_.estimated_duration as estimate5_1_,
        task0_.finish_date as finish_d6_1_,
        task0_.name as name7_1_,
        task0_.priority as priority8_1_,
        task0_.project_id as project_9_1_,
        task0_.start_date as start_d10_1_,
        task0_.status as status11_1_ 
    from
        task task0_ 
    where
        task0_.name=?
Resetting system
Hibernate: 
    select
        task0_.id as id1_1_,
        task0_.asigned_id as asigned_2_1_,
        task0_.creation_date as creation3_1_,
        task0_.description as descript4_1_,
        task0_.estimated_duration as estimate5_1_,
        task0_.finish_date as finish_d6_1_,
        task0_.name as name7_1_,
        task0_.priority as priority8_1_,
        task0_.project_id as project_9_1_,
        task0_.start_date as start_d10_1_,
        task0_.status as status11_1_ 
    from
        task task0_
Hibernate: 
    delete 
    from
        task 
    where
        id=?
Hibernate: 
    select
        project0_.id as id1_0_,
        project0_.creation_date as creation2_0_,
        project0_.description as descript3_0_,
        project0_.finish_date as finish_d4_0_,
        project0_.name as name5_0_,
        project0_.project_leader_id as project_6_0_,
        project0_.start_date as start_da7_0_,
        project0_.status as status8_0_ 
    from
        project project0_
After all test execution
Resetting system
Hibernate: 
    select
        project0_.id as id1_0_,
        project0_.creation_date as creation2_0_,
        project0_.description as descript3_0_,
        project0_.finish_date as finish_d4_0_,
        project0_.name as name5_0_,
        project0_.project_leader_id as project_6_0_,
        project0_.start_date as start_da7_0_,
        project0_.status as status8_0_ 
    from
        project project0_
Hibernate: 
    select
        task0_.id as id1_1_,
        task0_.asigned_id as asigned_2_1_,
        task0_.creation_date as creation3_1_,
        task0_.description as descript4_1_,
        task0_.estimated_duration as estimate5_1_,
        task0_.finish_date as finish_d6_1_,
        task0_.name as name7_1_,
        task0_.priority as priority8_1_,
        task0_.project_id as project_9_1_,
        task0_.start_date as start_d10_1_,
        task0_.status as status11_1_ 
    from
        task task0_
After all test execution
Resetting system
Hibernate: 
    select
        project0_.id as id1_0_,
        project0_.creation_date as creation2_0_,
        project0_.description as descript3_0_,
        project0_.finish_date as finish_d4_0_,
        project0_.name as name5_0_,
        project0_.project_leader_id as project_6_0_,
        project0_.start_date as start_da7_0_,
        project0_.status as status8_0_ 
    from
        project project0_
Hibernate: 
    select
        project0_.id as id1_0_,
        project0_.creation_date as creation2_0_,
        project0_.description as descript3_0_,
        project0_.finish_date as finish_d4_0_,
        project0_.name as name5_0_,
        project0_.project_leader_id as project_6_0_,
        project0_.start_date as start_da7_0_,
        project0_.status as status8_0_ 
    from
        project project0_
After all test execution
After all test execution
Hibernate: 
    select
        task0_.id as id1_1_,
        task0_.asigned_id as asigned_2_1_,
        task0_.creation_date as creation3_1_,
        task0_.description as descript4_1_,
        task0_.estimated_duration as estimate5_1_,
        task0_.finish_date as finish_d6_1_,
        task0_.name as name7_1_,
        task0_.priority as priority8_1_,
        task0_.project_id as project_9_1_,
        task0_.start_date as start_d10_1_,
        task0_.status as status11_1_ 
    from
        task task0_
Hibernate: 
    select
        task0_.id as id1_1_,
        task0_.asigned_id as asigned_2_1_,
        task0_.creation_date as creation3_1_,
        task0_.description as descript4_1_,
        task0_.estimated_duration as estimate5_1_,
        task0_.finish_date as finish_d6_1_,
        task0_.name as name7_1_,
        task0_.priority as priority8_1_,
        task0_.project_id as project_9_1_,
        task0_.start_date as start_d10_1_,
        task0_.status as status11_1_ 
    from
        task task0_
After all test execution
2023-12-04 16:33:41.335  INFO 10660 --- [    Test worker] o.s.t.c.support.AbstractContextLoader    : Could not detect default resource locations for test class [com.aninfo.integration.cucumber.TaskIntegrationServiceTest]: no resource found for suffixes {-context.xml, Context.groovy}.
2023-12-04 16:33:41.339  INFO 10660 --- [    Test worker] .b.t.c.SpringBootTestContextBootstrapper : Loaded default TestExecutionListener class names from location [META-INF/spring.factories]: [org.springframework.boot.test.autoconfigure.restdocs.RestDocsTestExecutionListener, org.springframework.boot.test.autoconfigure.web.client.MockRestServiceServerResetTestExecutionListener, org.springframework.boot.test.autoconfigure.web.servlet.MockMvcPrintOnlyOnFailureTestExecutionListener, org.springframework.boot.test.autoconfigure.web.servlet.WebDriverTestExecutionListener, org.springframework.boot.test.mock.mockito.MockitoTestExecutionListener, org.springframework.boot.test.mock.mockito.ResetMocksTestExecutionListener, org.springframework.test.context.web.ServletTestExecutionListener, org.springframework.test.context.support.DirtiesContextBeforeModesTestExecutionListener, org.springframework.test.context.support.DependencyInjectionTestExecutionListener, org.springframework.test.context.support.DirtiesContextTestExecutionListener, org.springframework.test.context.transaction.TransactionalTestExecutionListener, org.springframework.test.context.jdbc.SqlScriptsTestExecutionListener, org.springframework.test.context.event.EventPublishingTestExecutionListener]
2023-12-04 16:33:41.339  INFO 10660 --- [    Test worker] .b.t.c.SpringBootTestContextBootstrapper : Using TestExecutionListeners: [org.springframework.test.context.web.ServletTestExecutionListener@7ba5e81e, org.springframework.test.context.support.DirtiesContextBeforeModesTestExecutionListener@70a9311c, org.springframework.boot.test.mock.mockito.MockitoTestExecutionListener@48557d2, org.springframework.boot.test.autoconfigure.SpringBootDependencyInjectionTestExecutionListener@319bb1a3, org.springframework.test.context.support.DirtiesContextTestExecutionListener@652a4a96, org.springframework.test.context.transaction.TransactionalTestExecutionListener@5cb2b6fe, org.springframework.test.context.jdbc.SqlScriptsTestExecutionListener@72a7517d, org.springframework.test.context.event.EventPublishingTestExecutionListener@1e5df023, org.springframework.boot.test.autoconfigure.restdocs.RestDocsTestExecutionListener@29147784, org.springframework.boot.test.autoconfigure.web.client.MockRestServiceServerResetTestExecutionListener@6058311e, org.springframework.boot.test.autoconfigure.web.servlet.MockMvcPrintOnlyOnFailureTestExecutionListener@28bca8d1, org.springframework.boot.test.autoconfigure.web.servlet.WebDriverTestExecutionListener@5991890d, org.springframework.boot.test.mock.mockito.ResetMocksTestExecutionListener@53b37dec]
Before any test execution
Before any test execution
Before any test execution
Before any test execution
Hibernate: 
    select
        task0_.id as id1_1_,
        task0_.asigned_id as asigned_2_1_,
        task0_.creation_date as creation3_1_,
        task0_.description as descript4_1_,
        task0_.estimated_duration as estimate5_1_,
        task0_.finish_date as finish_d6_1_,
        task0_.name as name7_1_,
        task0_.priority as priority8_1_,
        task0_.project_id as project_9_1_,
        task0_.start_date as start_d10_1_,
        task0_.status as status11_1_ 
    from
        task task0_ 
    where
        task0_.name=?
Hibernate: 
    call next value for hibernate_sequence
Hibernate: 
    insert 
    into
        task
        (asigned_id, creation_date, description, estimated_duration, finish_date, name, priority, project_id, start_date, status, id) 
    values
        (?, ?, ?, ?, ?, ?, ?, ?, ?, ?, ?)
Hibernate: 
    select
        task0_.id as id1_1_,
        task0_.asigned_id as asigned_2_1_,
        task0_.creation_date as creation3_1_,
        task0_.description as descript4_1_,
        task0_.estimated_duration as estimate5_1_,
        task0_.finish_date as finish_d6_1_,
        task0_.name as name7_1_,
        task0_.priority as priority8_1_,
        task0_.project_id as project_9_1_,
        task0_.start_date as start_d10_1_,
        task0_.status as status11_1_ 
    from
        task task0_ 
    where
        task0_.name=?
Hibernate: 
    call next value for hibernate_sequence
Hibernate: 
    insert 
    into
        task
        (asigned_id, creation_date, description, estimated_duration, finish_date, name, priority, project_id, start_date, status, id) 
    values
        (?, ?, ?, ?, ?, ?, ?, ?, ?, ?, ?)
Hibernate: 
    select
        task0_.id as id1_1_,
        task0_.asigned_id as asigned_2_1_,
        task0_.creation_date as creation3_1_,
        task0_.description as descript4_1_,
        task0_.estimated_duration as estimate5_1_,
        task0_.finish_date as finish_d6_1_,
        task0_.name as name7_1_,
        task0_.priority as priority8_1_,
        task0_.project_id as project_9_1_,
        task0_.start_date as start_d10_1_,
        task0_.status as status11_1_ 
    from
        task task0_ 
    where
        task0_.name=?
Hibernate: 
    select
        task0_.id as id1_1_0_,
        task0_.asigned_id as asigned_2_1_0_,
        task0_.creation_date as creation3_1_0_,
        task0_.description as descript4_1_0_,
        task0_.estimated_duration as estimate5_1_0_,
        task0_.finish_date as finish_d6_1_0_,
        task0_.name as name7_1_0_,
        task0_.priority as priority8_1_0_,
        task0_.project_id as project_9_1_0_,
        task0_.start_date as start_d10_1_0_,
        task0_.status as status11_1_0_ 
    from
        task task0_ 
    where
        task0_.id=?
Hibernate: 
    select
        task0_.id as id1_1_,
        task0_.asigned_id as asigned_2_1_,
        task0_.creation_date as creation3_1_,
        task0_.description as descript4_1_,
        task0_.estimated_duration as estimate5_1_,
        task0_.finish_date as finish_d6_1_,
        task0_.name as name7_1_,
        task0_.priority as priority8_1_,
        task0_.project_id as project_9_1_,
        task0_.start_date as start_d10_1_,
        task0_.status as status11_1_ 
    from
        task task0_ 
    where
        task0_.name=?
Hibernate: 
    select
        task0_.id as id1_1_0_,
        task0_.asigned_id as asigned_2_1_0_,
        task0_.creation_date as creation3_1_0_,
        task0_.description as descript4_1_0_,
        task0_.estimated_duration as estimate5_1_0_,
        task0_.finish_date as finish_d6_1_0_,
        task0_.name as name7_1_0_,
        task0_.priority as priority8_1_0_,
        task0_.project_id as project_9_1_0_,
        task0_.start_date as start_d10_1_0_,
        task0_.status as status11_1_0_ 
    from
        task task0_ 
    where
        task0_.id=?
Hibernate: 
    update
        task 
    set
        asigned_id=?,
        creation_date=?,
        description=?,
        estimated_duration=?,
        finish_date=?,
        name=?,
        priority=?,
        project_id=?,
        start_date=?,
        status=? 
    where
        id=?
Hibernate: 
    select
        task0_.id as id1_1_,
        task0_.asigned_id as asigned_2_1_,
        task0_.creation_date as creation3_1_,
        task0_.description as descript4_1_,
        task0_.estimated_duration as estimate5_1_,
        task0_.finish_date as finish_d6_1_,
        task0_.name as name7_1_,
        task0_.priority as priority8_1_,
        task0_.project_id as project_9_1_,
        task0_.start_date as start_d10_1_,
        task0_.status as status11_1_ 
    from
        task task0_
Hibernate: 
    delete 
    from
        task 
    where
        id=?
Hibernate: 
    delete 
    from
        task 
    where
        id=?
Resetting system
Hibernate: 
    select
        task0_.id as id1_1_,
        task0_.asigned_id as asigned_2_1_,
        task0_.creation_date as creation3_1_,
        task0_.description as descript4_1_,
        task0_.estimated_duration as estimate5_1_,
        task0_.finish_date as finish_d6_1_,
        task0_.name as name7_1_,
        task0_.priority as priority8_1_,
        task0_.project_id as project_9_1_,
        task0_.start_date as start_d10_1_,
        task0_.status as status11_1_ 
    from
        task task0_
Hibernate: 
    select
        project0_.id as id1_0_,
        project0_.creation_date as creation2_0_,
        project0_.description as descript3_0_,
        project0_.finish_date as finish_d4_0_,
        project0_.name as name5_0_,
        project0_.project_leader_id as project_6_0_,
        project0_.start_date as start_da7_0_,
        project0_.status as status8_0_ 
    from
        project project0_
After all test execution
Resetting system
Hibernate: 
    select
        project0_.id as id1_0_,
        project0_.creation_date as creation2_0_,
        project0_.description as descript3_0_,
        project0_.finish_date as finish_d4_0_,
        project0_.name as name5_0_,
        project0_.project_leader_id as project_6_0_,
        project0_.start_date as start_da7_0_,
        project0_.status as status8_0_ 
    from
        project project0_
Hibernate: 
    select
        task0_.id as id1_1_,
        task0_.asigned_id as asigned_2_1_,
        task0_.creation_date as creation3_1_,
        task0_.description as descript4_1_,
        task0_.estimated_duration as estimate5_1_,
        task0_.finish_date as finish_d6_1_,
        task0_.name as name7_1_,
        task0_.priority as priority8_1_,
        task0_.project_id as project_9_1_,
        task0_.start_date as start_d10_1_,
        task0_.status as status11_1_ 
    from
        task task0_
After all test execution
Resetting system
Hibernate: 
    select
        project0_.id as id1_0_,
        project0_.creation_date as creation2_0_,
        project0_.description as descript3_0_,
        project0_.finish_date as finish_d4_0_,
        project0_.name as name5_0_,
        project0_.project_leader_id as project_6_0_,
        project0_.start_date as start_da7_0_,
        project0_.status as status8_0_ 
    from
        project project0_
Hibernate: 
    select
        project0_.id as id1_0_,
        project0_.creation_date as creation2_0_,
        project0_.description as descript3_0_,
        project0_.finish_date as finish_d4_0_,
        project0_.name as name5_0_,
        project0_.project_leader_id as project_6_0_,
        project0_.start_date as start_da7_0_,
        project0_.status as status8_0_ 
    from
        project project0_
After all test execution
After all test execution
Hibernate: 
    select
        task0_.id as id1_1_,
        task0_.asigned_id as asigned_2_1_,
        task0_.creation_date as creation3_1_,
        task0_.description as descript4_1_,
        task0_.estimated_duration as estimate5_1_,
        task0_.finish_date as finish_d6_1_,
        task0_.name as name7_1_,
        task0_.priority as priority8_1_,
        task0_.project_id as project_9_1_,
        task0_.start_date as start_d10_1_,
        task0_.status as status11_1_ 
    from
        task task0_
Hibernate: 
    select
        task0_.id as id1_1_,
        task0_.asigned_id as asigned_2_1_,
        task0_.creation_date as creation3_1_,
        task0_.description as descript4_1_,
        task0_.estimated_duration as estimate5_1_,
        task0_.finish_date as finish_d6_1_,
        task0_.name as name7_1_,
        task0_.priority as priority8_1_,
        task0_.project_id as project_9_1_,
        task0_.start_date as start_d10_1_,
        task0_.status as status11_1_ 
    from
        task task0_
After all test execution
2023-12-04 16:33:41.389  INFO 10660 --- [    Test worker] o.s.t.c.support.AbstractContextLoader    : Could not detect default resource locations for test class [com.aninfo.integration.cucumber.TaskIntegrationServiceTest]: no resource found for suffixes {-context.xml, Context.groovy}.
2023-12-04 16:33:41.392  INFO 10660 --- [    Test worker] .b.t.c.SpringBootTestContextBootstrapper : Loaded default TestExecutionListener class names from location [META-INF/spring.factories]: [org.springframework.boot.test.autoconfigure.restdocs.RestDocsTestExecutionListener, org.springframework.boot.test.autoconfigure.web.client.MockRestServiceServerResetTestExecutionListener, org.springframework.boot.test.autoconfigure.web.servlet.MockMvcPrintOnlyOnFailureTestExecutionListener, org.springframework.boot.test.autoconfigure.web.servlet.WebDriverTestExecutionListener, org.springframework.boot.test.mock.mockito.MockitoTestExecutionListener, org.springframework.boot.test.mock.mockito.ResetMocksTestExecutionListener, org.springframework.test.context.web.ServletTestExecutionListener, org.springframework.test.context.support.DirtiesContextBeforeModesTestExecutionListener, org.springframework.test.context.support.DependencyInjectionTestExecutionListener, org.springframework.test.context.support.DirtiesContextTestExecutionListener, org.springframework.test.context.transaction.TransactionalTestExecutionListener, org.springframework.test.context.jdbc.SqlScriptsTestExecutionListener, org.springframework.test.context.event.EventPublishingTestExecutionListener]
2023-12-04 16:33:41.392  INFO 10660 --- [    Test worker] .b.t.c.SpringBootTestContextBootstrapper : Using TestExecutionListeners: [org.springframework.test.context.web.ServletTestExecutionListener@6afc5549, org.springframework.test.context.support.DirtiesContextBeforeModesTestExecutionListener@387cee24, org.springframework.boot.test.mock.mockito.MockitoTestExecutionListener@52ab0f21, org.springframework.boot.test.autoconfigure.SpringBootDependencyInjectionTestExecutionListener@6ae1e39f, org.springframework.test.context.support.DirtiesContextTestExecutionListener@62bfa597, org.springframework.test.context.transaction.TransactionalTestExecutionListener@3ded6a2a, org.springframework.test.context.jdbc.SqlScriptsTestExecutionListener@3735b8b1, org.springframework.test.context.event.EventPublishingTestExecutionListener@52ad58d3, org.springframework.boot.test.autoconfigure.restdocs.RestDocsTestExecutionListener@4da1dc0c, org.springframework.boot.test.autoconfigure.web.client.MockRestServiceServerResetTestExecutionListener@1b4b43a8, org.springframework.boot.test.autoconfigure.web.servlet.MockMvcPrintOnlyOnFailureTestExecutionListener@1219040, org.springframework.boot.test.autoconfigure.web.servlet.WebDriverTestExecutionListener@39723b77, org.springframework.boot.test.mock.mockito.ResetMocksTestExecutionListener@7af0c1e9]
Before any test execution
Before any test execution
Before any test execution
Before any test execution
Hibernate: 
    select
        task0_.id as id1_1_,
        task0_.asigned_id as asigned_2_1_,
        task0_.creation_date as creation3_1_,
        task0_.description as descript4_1_,
        task0_.estimated_duration as estimate5_1_,
        task0_.finish_date as finish_d6_1_,
        task0_.name as name7_1_,
        task0_.priority as priority8_1_,
        task0_.project_id as project_9_1_,
        task0_.start_date as start_d10_1_,
        task0_.status as status11_1_ 
    from
        task task0_ 
    where
        task0_.name=?
Hibernate: 
    call next value for hibernate_sequence
Hibernate: 
    insert 
    into
        task
        (asigned_id, creation_date, description, estimated_duration, finish_date, name, priority, project_id, start_date, status, id) 
    values
        (?, ?, ?, ?, ?, ?, ?, ?, ?, ?, ?)
Hibernate: 
    select
        task0_.id as id1_1_,
        task0_.asigned_id as asigned_2_1_,
        task0_.creation_date as creation3_1_,
        task0_.description as descript4_1_,
        task0_.estimated_duration as estimate5_1_,
        task0_.finish_date as finish_d6_1_,
        task0_.name as name7_1_,
        task0_.priority as priority8_1_,
        task0_.project_id as project_9_1_,
        task0_.start_date as start_d10_1_,
        task0_.status as status11_1_ 
    from
        task task0_ 
    where
        task0_.name=?
Hibernate: 
    call next value for hibernate_sequence
Hibernate: 
    insert 
    into
        task
        (asigned_id, creation_date, description, estimated_duration, finish_date, name, priority, project_id, start_date, status, id) 
    values
        (?, ?, ?, ?, ?, ?, ?, ?, ?, ?, ?)
Hibernate: 
    select
        task0_.id as id1_1_,
        task0_.asigned_id as asigned_2_1_,
        task0_.creation_date as creation3_1_,
        task0_.description as descript4_1_,
        task0_.estimated_duration as estimate5_1_,
        task0_.finish_date as finish_d6_1_,
        task0_.name as name7_1_,
        task0_.priority as priority8_1_,
        task0_.project_id as project_9_1_,
        task0_.start_date as start_d10_1_,
        task0_.status as status11_1_ 
    from
        task task0_ 
    where
        task0_.name=?
Hibernate: 
    select
        task0_.id as id1_1_0_,
        task0_.asigned_id as asigned_2_1_0_,
        task0_.creation_date as creation3_1_0_,
        task0_.description as descript4_1_0_,
        task0_.estimated_duration as estimate5_1_0_,
        task0_.finish_date as finish_d6_1_0_,
        task0_.name as name7_1_0_,
        task0_.priority as priority8_1_0_,
        task0_.project_id as project_9_1_0_,
        task0_.start_date as start_d10_1_0_,
        task0_.status as status11_1_0_ 
    from
        task task0_ 
    where
        task0_.id=?
Hibernate: 
    select
        task0_.id as id1_1_,
        task0_.asigned_id as asigned_2_1_,
        task0_.creation_date as creation3_1_,
        task0_.description as descript4_1_,
        task0_.estimated_duration as estimate5_1_,
        task0_.finish_date as finish_d6_1_,
        task0_.name as name7_1_,
        task0_.priority as priority8_1_,
        task0_.project_id as project_9_1_,
        task0_.start_date as start_d10_1_,
        task0_.status as status11_1_ 
    from
        task task0_ 
    where
        task0_.name=?
Hibernate: 
    select
        task0_.id as id1_1_,
        task0_.asigned_id as asigned_2_1_,
        task0_.creation_date as creation3_1_,
        task0_.description as descript4_1_,
        task0_.estimated_duration as estimate5_1_,
        task0_.finish_date as finish_d6_1_,
        task0_.name as name7_1_,
        task0_.priority as priority8_1_,
        task0_.project_id as project_9_1_,
        task0_.start_date as start_d10_1_,
        task0_.status as status11_1_ 
    from
        task task0_
Hibernate: 
    delete 
    from
        task 
    where
        id=?
Hibernate: 
    delete 
    from
        task 
    where
        id=?
Resetting system
Hibernate: 
    select
        task0_.id as id1_1_,
        task0_.asigned_id as asigned_2_1_,
        task0_.creation_date as creation3_1_,
        task0_.description as descript4_1_,
        task0_.estimated_duration as estimate5_1_,
        task0_.finish_date as finish_d6_1_,
        task0_.name as name7_1_,
        task0_.priority as priority8_1_,
        task0_.project_id as project_9_1_,
        task0_.start_date as start_d10_1_,
        task0_.status as status11_1_ 
    from
        task task0_
Hibernate: 
    select
        project0_.id as id1_0_,
        project0_.creation_date as creation2_0_,
        project0_.description as descript3_0_,
        project0_.finish_date as finish_d4_0_,
        project0_.name as name5_0_,
        project0_.project_leader_id as project_6_0_,
        project0_.start_date as start_da7_0_,
        project0_.status as status8_0_ 
    from
        project project0_
After all test execution
Resetting system
Hibernate: 
    select
        project0_.id as id1_0_,
        project0_.creation_date as creation2_0_,
        project0_.description as descript3_0_,
        project0_.finish_date as finish_d4_0_,
        project0_.name as name5_0_,
        project0_.project_leader_id as project_6_0_,
        project0_.start_date as start_da7_0_,
        project0_.status as status8_0_ 
    from
        project project0_
Hibernate: 
    select
        task0_.id as id1_1_,
        task0_.asigned_id as asigned_2_1_,
        task0_.creation_date as creation3_1_,
        task0_.description as descript4_1_,
        task0_.estimated_duration as estimate5_1_,
        task0_.finish_date as finish_d6_1_,
        task0_.name as name7_1_,
        task0_.priority as priority8_1_,
        task0_.project_id as project_9_1_,
        task0_.start_date as start_d10_1_,
        task0_.status as status11_1_ 
    from
        task task0_
After all test execution
Resetting system
Hibernate: 
    select
        project0_.id as id1_0_,
        project0_.creation_date as creation2_0_,
        project0_.description as descript3_0_,
        project0_.finish_date as finish_d4_0_,
        project0_.name as name5_0_,
        project0_.project_leader_id as project_6_0_,
        project0_.start_date as start_da7_0_,
        project0_.status as status8_0_ 
    from
        project project0_
Hibernate: 
    select
        project0_.id as id1_0_,
        project0_.creation_date as creation2_0_,
        project0_.description as descript3_0_,
        project0_.finish_date as finish_d4_0_,
        project0_.name as name5_0_,
        project0_.project_leader_id as project_6_0_,
        project0_.start_date as start_da7_0_,
        project0_.status as status8_0_ 
    from
        project project0_
After all test execution
After all test execution
Hibernate: 
    select
        task0_.id as id1_1_,
        task0_.asigned_id as asigned_2_1_,
        task0_.creation_date as creation3_1_,
        task0_.description as descript4_1_,
        task0_.estimated_duration as estimate5_1_,
        task0_.finish_date as finish_d6_1_,
        task0_.name as name7_1_,
        task0_.priority as priority8_1_,
        task0_.project_id as project_9_1_,
        task0_.start_date as start_d10_1_,
        task0_.status as status11_1_ 
    from
        task task0_
Hibernate: 
    select
        task0_.id as id1_1_,
        task0_.asigned_id as asigned_2_1_,
        task0_.creation_date as creation3_1_,
        task0_.description as descript4_1_,
        task0_.estimated_duration as estimate5_1_,
        task0_.finish_date as finish_d6_1_,
        task0_.name as name7_1_,
        task0_.priority as priority8_1_,
        task0_.project_id as project_9_1_,
        task0_.start_date as start_d10_1_,
        task0_.status as status11_1_ 
    from
        task task0_
After all test execution
2023-12-04 16:33:41.440  INFO 10660 --- [    Test worker] o.s.t.c.support.AbstractContextLoader    : Could not detect default resource locations for test class [com.aninfo.integration.cucumber.TaskIntegrationServiceTest]: no resource found for suffixes {-context.xml, Context.groovy}.
2023-12-04 16:33:41.440  INFO 10660 --- [    Test worker] .b.t.c.SpringBootTestContextBootstrapper : Loaded default TestExecutionListener class names from location [META-INF/spring.factories]: [org.springframework.boot.test.autoconfigure.restdocs.RestDocsTestExecutionListener, org.springframework.boot.test.autoconfigure.web.client.MockRestServiceServerResetTestExecutionListener, org.springframework.boot.test.autoconfigure.web.servlet.MockMvcPrintOnlyOnFailureTestExecutionListener, org.springframework.boot.test.autoconfigure.web.servlet.WebDriverTestExecutionListener, org.springframework.boot.test.mock.mockito.MockitoTestExecutionListener, org.springframework.boot.test.mock.mockito.ResetMocksTestExecutionListener, org.springframework.test.context.web.ServletTestExecutionListener, org.springframework.test.context.support.DirtiesContextBeforeModesTestExecutionListener, org.springframework.test.context.support.DependencyInjectionTestExecutionListener, org.springframework.test.context.support.DirtiesContextTestExecutionListener, org.springframework.test.context.transaction.TransactionalTestExecutionListener, org.springframework.test.context.jdbc.SqlScriptsTestExecutionListener, org.springframework.test.context.event.EventPublishingTestExecutionListener]
2023-12-04 16:33:41.445  INFO 10660 --- [    Test worker] .b.t.c.SpringBootTestContextBootstrapper : Using TestExecutionListeners: [org.springframework.test.context.web.ServletTestExecutionListener@32d77e1b, org.springframework.test.context.support.DirtiesContextBeforeModesTestExecutionListener@44ec4dfe, org.springframework.boot.test.mock.mockito.MockitoTestExecutionListener@3603a663, org.springframework.boot.test.autoconfigure.SpringBootDependencyInjectionTestExecutionListener@4f228f91, org.springframework.test.context.support.DirtiesContextTestExecutionListener@460c17c8, org.springframework.test.context.transaction.TransactionalTestExecutionListener@6029314a, org.springframework.test.context.jdbc.SqlScriptsTestExecutionListener@4bb2b392, org.springframework.test.context.event.EventPublishingTestExecutionListener@1037f372, org.springframework.boot.test.autoconfigure.restdocs.RestDocsTestExecutionListener@362314eb, org.springframework.boot.test.autoconfigure.web.client.MockRestServiceServerResetTestExecutionListener@1fa9c004, org.springframework.boot.test.autoconfigure.web.servlet.MockMvcPrintOnlyOnFailureTestExecutionListener@41d9de40, org.springframework.boot.test.autoconfigure.web.servlet.WebDriverTestExecutionListener@6eda096a, org.springframework.boot.test.mock.mockito.ResetMocksTestExecutionListener@40f0cc16]
Before any test execution
Before any test execution
Before any test execution
Before any test execution
Hibernate: 
    select
        task0_.id as id1_1_,
        task0_.asigned_id as asigned_2_1_,
        task0_.creation_date as creation3_1_,
        task0_.description as descript4_1_,
        task0_.estimated_duration as estimate5_1_,
        task0_.finish_date as finish_d6_1_,
        task0_.name as name7_1_,
        task0_.priority as priority8_1_,
        task0_.project_id as project_9_1_,
        task0_.start_date as start_d10_1_,
        task0_.status as status11_1_ 
    from
        task task0_ 
    where
        task0_.name=?
Hibernate: 
    call next value for hibernate_sequence
Hibernate: 
    insert 
    into
        task
        (asigned_id, creation_date, description, estimated_duration, finish_date, name, priority, project_id, start_date, status, id) 
    values
        (?, ?, ?, ?, ?, ?, ?, ?, ?, ?, ?)
Hibernate: 
    select
        task0_.id as id1_1_0_,
        task0_.asigned_id as asigned_2_1_0_,
        task0_.creation_date as creation3_1_0_,
        task0_.description as descript4_1_0_,
        task0_.estimated_duration as estimate5_1_0_,
        task0_.finish_date as finish_d6_1_0_,
        task0_.name as name7_1_0_,
        task0_.priority as priority8_1_0_,
        task0_.project_id as project_9_1_0_,
        task0_.start_date as start_d10_1_0_,
        task0_.status as status11_1_0_ 
    from
        task task0_ 
    where
        task0_.id=?
Hibernate: 
    select
        task0_.id as id1_1_,
        task0_.asigned_id as asigned_2_1_,
        task0_.creation_date as creation3_1_,
        task0_.description as descript4_1_,
        task0_.estimated_duration as estimate5_1_,
        task0_.finish_date as finish_d6_1_,
        task0_.name as name7_1_,
        task0_.priority as priority8_1_,
        task0_.project_id as project_9_1_,
        task0_.start_date as start_d10_1_,
        task0_.status as status11_1_ 
    from
        task task0_ 
    where
        task0_.name=?
Hibernate: 
    select
        task0_.id as id1_1_0_,
        task0_.asigned_id as asigned_2_1_0_,
        task0_.creation_date as creation3_1_0_,
        task0_.description as descript4_1_0_,
        task0_.estimated_duration as estimate5_1_0_,
        task0_.finish_date as finish_d6_1_0_,
        task0_.name as name7_1_0_,
        task0_.priority as priority8_1_0_,
        task0_.project_id as project_9_1_0_,
        task0_.start_date as start_d10_1_0_,
        task0_.status as status11_1_0_ 
    from
        task task0_ 
    where
        task0_.id=?
Hibernate: 
    update
        task 
    set
        asigned_id=?,
        creation_date=?,
        description=?,
        estimated_duration=?,
        finish_date=?,
        name=?,
        priority=?,
        project_id=?,
        start_date=?,
        status=? 
    where
        id=?
Hibernate: 
    select
        task0_.id as id1_1_,
        task0_.asigned_id as asigned_2_1_,
        task0_.creation_date as creation3_1_,
        task0_.description as descript4_1_,
        task0_.estimated_duration as estimate5_1_,
        task0_.finish_date as finish_d6_1_,
        task0_.name as name7_1_,
        task0_.priority as priority8_1_,
        task0_.project_id as project_9_1_,
        task0_.start_date as start_d10_1_,
        task0_.status as status11_1_ 
    from
        task task0_
Hibernate: 
    delete 
    from
        task 
    where
        id=?
Resetting system
Hibernate: 
    select
        task0_.id as id1_1_,
        task0_.asigned_id as asigned_2_1_,
        task0_.creation_date as creation3_1_,
        task0_.description as descript4_1_,
        task0_.estimated_duration as estimate5_1_,
        task0_.finish_date as finish_d6_1_,
        task0_.name as name7_1_,
        task0_.priority as priority8_1_,
        task0_.project_id as project_9_1_,
        task0_.start_date as start_d10_1_,
        task0_.status as status11_1_ 
    from
        task task0_
Hibernate: 
    select
        project0_.id as id1_0_,
        project0_.creation_date as creation2_0_,
        project0_.description as descript3_0_,
        project0_.finish_date as finish_d4_0_,
        project0_.name as name5_0_,
        project0_.project_leader_id as project_6_0_,
        project0_.start_date as start_da7_0_,
        project0_.status as status8_0_ 
    from
        project project0_
After all test execution
Resetting system
Hibernate: 
    select
        project0_.id as id1_0_,
        project0_.creation_date as creation2_0_,
        project0_.description as descript3_0_,
        project0_.finish_date as finish_d4_0_,
        project0_.name as name5_0_,
        project0_.project_leader_id as project_6_0_,
        project0_.start_date as start_da7_0_,
        project0_.status as status8_0_ 
    from
        project project0_
Hibernate: 
    select
        task0_.id as id1_1_,
        task0_.asigned_id as asigned_2_1_,
        task0_.creation_date as creation3_1_,
        task0_.description as descript4_1_,
        task0_.estimated_duration as estimate5_1_,
        task0_.finish_date as finish_d6_1_,
        task0_.name as name7_1_,
        task0_.priority as priority8_1_,
        task0_.project_id as project_9_1_,
        task0_.start_date as start_d10_1_,
        task0_.status as status11_1_ 
    from
        task task0_
After all test execution
Resetting system
Hibernate: 
    select
        project0_.id as id1_0_,
        project0_.creation_date as creation2_0_,
        project0_.description as descript3_0_,
        project0_.finish_date as finish_d4_0_,
        project0_.name as name5_0_,
        project0_.project_leader_id as project_6_0_,
        project0_.start_date as start_da7_0_,
        project0_.status as status8_0_ 
    from
        project project0_
Hibernate: 
    select
        project0_.id as id1_0_,
        project0_.creation_date as creation2_0_,
        project0_.description as descript3_0_,
        project0_.finish_date as finish_d4_0_,
        project0_.name as name5_0_,
        project0_.project_leader_id as project_6_0_,
        project0_.start_date as start_da7_0_,
        project0_.status as status8_0_ 
    from
        project project0_
After all test execution
After all test execution
Hibernate: 
    select
        task0_.id as id1_1_,
        task0_.asigned_id as asigned_2_1_,
        task0_.creation_date as creation3_1_,
        task0_.description as descript4_1_,
        task0_.estimated_duration as estimate5_1_,
        task0_.finish_date as finish_d6_1_,
        task0_.name as name7_1_,
        task0_.priority as priority8_1_,
        task0_.project_id as project_9_1_,
        task0_.start_date as start_d10_1_,
        task0_.status as status11_1_ 
    from
        task task0_
Hibernate: 
    select
        task0_.id as id1_1_,
        task0_.asigned_id as asigned_2_1_,
        task0_.creation_date as creation3_1_,
        task0_.description as descript4_1_,
        task0_.estimated_duration as estimate5_1_,
        task0_.finish_date as finish_d6_1_,
        task0_.name as name7_1_,
        task0_.priority as priority8_1_,
        task0_.project_id as project_9_1_,
        task0_.start_date as start_d10_1_,
        task0_.status as status11_1_ 
    from
        task task0_
After all test execution
2023-12-04 16:33:41.487  INFO 10660 --- [    Test worker] o.s.t.c.support.AbstractContextLoader    : Could not detect default resource locations for test class [com.aninfo.integration.cucumber.TaskIntegrationServiceTest]: no resource found for suffixes {-context.xml, Context.groovy}.
2023-12-04 16:33:41.489  INFO 10660 --- [    Test worker] .b.t.c.SpringBootTestContextBootstrapper : Loaded default TestExecutionListener class names from location [META-INF/spring.factories]: [org.springframework.boot.test.autoconfigure.restdocs.RestDocsTestExecutionListener, org.springframework.boot.test.autoconfigure.web.client.MockRestServiceServerResetTestExecutionListener, org.springframework.boot.test.autoconfigure.web.servlet.MockMvcPrintOnlyOnFailureTestExecutionListener, org.springframework.boot.test.autoconfigure.web.servlet.WebDriverTestExecutionListener, org.springframework.boot.test.mock.mockito.MockitoTestExecutionListener, org.springframework.boot.test.mock.mockito.ResetMocksTestExecutionListener, org.springframework.test.context.web.ServletTestExecutionListener, org.springframework.test.context.support.DirtiesContextBeforeModesTestExecutionListener, org.springframework.test.context.support.DependencyInjectionTestExecutionListener, org.springframework.test.context.support.DirtiesContextTestExecutionListener, org.springframework.test.context.transaction.TransactionalTestExecutionListener, org.springframework.test.context.jdbc.SqlScriptsTestExecutionListener, org.springframework.test.context.event.EventPublishingTestExecutionListener]
2023-12-04 16:33:41.489  INFO 10660 --- [    Test worker] .b.t.c.SpringBootTestContextBootstrapper : Using TestExecutionListeners: [org.springframework.test.context.web.ServletTestExecutionListener@16feac2d, org.springframework.test.context.support.DirtiesContextBeforeModesTestExecutionListener@18210796, org.springframework.boot.test.mock.mockito.MockitoTestExecutionListener@58baa6cd, org.springframework.boot.test.autoconfigure.SpringBootDependencyInjectionTestExecutionListener@415c1c04, org.springframework.test.context.support.DirtiesContextTestExecutionListener@22204fc6, org.springframework.test.context.transaction.TransactionalTestExecutionListener@322df1a3, org.springframework.test.context.jdbc.SqlScriptsTestExecutionListener@3faca5e5, org.springframework.test.context.event.EventPublishingTestExecutionListener@1eb13228, org.springframework.boot.test.autoconfigure.restdocs.RestDocsTestExecutionListener@3e4f1047, org.springframework.boot.test.autoconfigure.web.client.MockRestServiceServerResetTestExecutionListener@63324ec4, org.springframework.boot.test.autoconfigure.web.servlet.MockMvcPrintOnlyOnFailureTestExecutionListener@396b4cca, org.springframework.boot.test.autoconfigure.web.servlet.WebDriverTestExecutionListener@2edc09bd, org.springframework.boot.test.mock.mockito.ResetMocksTestExecutionListener@68d7e909]
Before any test execution
Before any test execution
Before any test execution
Before any test execution
Hibernate: 
    select
        task0_.id as id1_1_,
        task0_.asigned_id as asigned_2_1_,
        task0_.creation_date as creation3_1_,
        task0_.description as descript4_1_,
        task0_.estimated_duration as estimate5_1_,
        task0_.finish_date as finish_d6_1_,
        task0_.name as name7_1_,
        task0_.priority as priority8_1_,
        task0_.project_id as project_9_1_,
        task0_.start_date as start_d10_1_,
        task0_.status as status11_1_ 
    from
        task task0_ 
    where
        task0_.name=?
Hibernate: 
    call next value for hibernate_sequence
Hibernate: 
    insert 
    into
        task
        (asigned_id, creation_date, description, estimated_duration, finish_date, name, priority, project_id, start_date, status, id) 
    values
        (?, ?, ?, ?, ?, ?, ?, ?, ?, ?, ?)
Hibernate: 
    select
        task0_.id as id1_1_0_,
        task0_.asigned_id as asigned_2_1_0_,
        task0_.creation_date as creation3_1_0_,
        task0_.description as descript4_1_0_,
        task0_.estimated_duration as estimate5_1_0_,
        task0_.finish_date as finish_d6_1_0_,
        task0_.name as name7_1_0_,
        task0_.priority as priority8_1_0_,
        task0_.project_id as project_9_1_0_,
        task0_.start_date as start_d10_1_0_,
        task0_.status as status11_1_0_ 
    from
        task task0_ 
    where
        task0_.id=?
Hibernate: 
    select
        task0_.id as id1_1_,
        task0_.asigned_id as asigned_2_1_,
        task0_.creation_date as creation3_1_,
        task0_.description as descript4_1_,
        task0_.estimated_duration as estimate5_1_,
        task0_.finish_date as finish_d6_1_,
        task0_.name as name7_1_,
        task0_.priority as priority8_1_,
        task0_.project_id as project_9_1_,
        task0_.start_date as start_d10_1_,
        task0_.status as status11_1_ 
    from
        task task0_ 
    where
        task0_.name=?
Hibernate: 
    select
        task0_.id as id1_1_0_,
        task0_.asigned_id as asigned_2_1_0_,
        task0_.creation_date as creation3_1_0_,
        task0_.description as descript4_1_0_,
        task0_.estimated_duration as estimate5_1_0_,
        task0_.finish_date as finish_d6_1_0_,
        task0_.name as name7_1_0_,
        task0_.priority as priority8_1_0_,
        task0_.project_id as project_9_1_0_,
        task0_.start_date as start_d10_1_0_,
        task0_.status as status11_1_0_ 
    from
        task task0_ 
    where
        task0_.id=?
Hibernate: 
    update
        task 
    set
        asigned_id=?,
        creation_date=?,
        description=?,
        estimated_duration=?,
        finish_date=?,
        name=?,
        priority=?,
        project_id=?,
        start_date=?,
        status=? 
    where
        id=?
Hibernate: 
    select
        task0_.id as id1_1_,
        task0_.asigned_id as asigned_2_1_,
        task0_.creation_date as creation3_1_,
        task0_.description as descript4_1_,
        task0_.estimated_duration as estimate5_1_,
        task0_.finish_date as finish_d6_1_,
        task0_.name as name7_1_,
        task0_.priority as priority8_1_,
        task0_.project_id as project_9_1_,
        task0_.start_date as start_d10_1_,
        task0_.status as status11_1_ 
    from
        task task0_
Hibernate: 
    delete 
    from
        task 
    where
        id=?
Resetting system
Hibernate: 
    select
        task0_.id as id1_1_,
        task0_.asigned_id as asigned_2_1_,
        task0_.creation_date as creation3_1_,
        task0_.description as descript4_1_,
        task0_.estimated_duration as estimate5_1_,
        task0_.finish_date as finish_d6_1_,
        task0_.name as name7_1_,
        task0_.priority as priority8_1_,
        task0_.project_id as project_9_1_,
        task0_.start_date as start_d10_1_,
        task0_.status as status11_1_ 
    from
        task task0_
Hibernate: 
    select
        project0_.id as id1_0_,
        project0_.creation_date as creation2_0_,
        project0_.description as descript3_0_,
        project0_.finish_date as finish_d4_0_,
        project0_.name as name5_0_,
        project0_.project_leader_id as project_6_0_,
        project0_.start_date as start_da7_0_,
        project0_.status as status8_0_ 
    from
        project project0_
After all test execution
Resetting system
Hibernate: 
    select
        project0_.id as id1_0_,
        project0_.creation_date as creation2_0_,
        project0_.description as descript3_0_,
        project0_.finish_date as finish_d4_0_,
        project0_.name as name5_0_,
        project0_.project_leader_id as project_6_0_,
        project0_.start_date as start_da7_0_,
        project0_.status as status8_0_ 
    from
        project project0_
Hibernate: 
    select
        task0_.id as id1_1_,
        task0_.asigned_id as asigned_2_1_,
        task0_.creation_date as creation3_1_,
        task0_.description as descript4_1_,
        task0_.estimated_duration as estimate5_1_,
        task0_.finish_date as finish_d6_1_,
        task0_.name as name7_1_,
        task0_.priority as priority8_1_,
        task0_.project_id as project_9_1_,
        task0_.start_date as start_d10_1_,
        task0_.status as status11_1_ 
    from
        task task0_
After all test execution
Resetting system
Hibernate: 
    select
        project0_.id as id1_0_,
        project0_.creation_date as creation2_0_,
        project0_.description as descript3_0_,
        project0_.finish_date as finish_d4_0_,
        project0_.name as name5_0_,
        project0_.project_leader_id as project_6_0_,
        project0_.start_date as start_da7_0_,
        project0_.status as status8_0_ 
    from
        project project0_
Hibernate: 
    select
        project0_.id as id1_0_,
        project0_.creation_date as creation2_0_,
        project0_.description as descript3_0_,
        project0_.finish_date as finish_d4_0_,
        project0_.name as name5_0_,
        project0_.project_leader_id as project_6_0_,
        project0_.start_date as start_da7_0_,
        project0_.status as status8_0_ 
    from
        project project0_
After all test execution
After all test execution
Hibernate: 
    select
        task0_.id as id1_1_,
        task0_.asigned_id as asigned_2_1_,
        task0_.creation_date as creation3_1_,
        task0_.description as descript4_1_,
        task0_.estimated_duration as estimate5_1_,
        task0_.finish_date as finish_d6_1_,
        task0_.name as name7_1_,
        task0_.priority as priority8_1_,
        task0_.project_id as project_9_1_,
        task0_.start_date as start_d10_1_,
        task0_.status as status11_1_ 
    from
        task task0_
Hibernate: 
    select
        task0_.id as id1_1_,
        task0_.asigned_id as asigned_2_1_,
        task0_.creation_date as creation3_1_,
        task0_.description as descript4_1_,
        task0_.estimated_duration as estimate5_1_,
        task0_.finish_date as finish_d6_1_,
        task0_.name as name7_1_,
        task0_.priority as priority8_1_,
        task0_.project_id as project_9_1_,
        task0_.start_date as start_d10_1_,
        task0_.status as status11_1_ 
    from
        task task0_
After all test execution
2023-12-04 16:33:41.532  INFO 10660 --- [    Test worker] o.s.t.c.support.AbstractContextLoader    : Could not detect default resource locations for test class [com.aninfo.integration.cucumber.TaskIntegrationServiceTest]: no resource found for suffixes {-context.xml, Context.groovy}.
2023-12-04 16:33:41.535  INFO 10660 --- [    Test worker] .b.t.c.SpringBootTestContextBootstrapper : Loaded default TestExecutionListener class names from location [META-INF/spring.factories]: [org.springframework.boot.test.autoconfigure.restdocs.RestDocsTestExecutionListener, org.springframework.boot.test.autoconfigure.web.client.MockRestServiceServerResetTestExecutionListener, org.springframework.boot.test.autoconfigure.web.servlet.MockMvcPrintOnlyOnFailureTestExecutionListener, org.springframework.boot.test.autoconfigure.web.servlet.WebDriverTestExecutionListener, org.springframework.boot.test.mock.mockito.MockitoTestExecutionListener, org.springframework.boot.test.mock.mockito.ResetMocksTestExecutionListener, org.springframework.test.context.web.ServletTestExecutionListener, org.springframework.test.context.support.DirtiesContextBeforeModesTestExecutionListener, org.springframework.test.context.support.DependencyInjectionTestExecutionListener, org.springframework.test.context.support.DirtiesContextTestExecutionListener, org.springframework.test.context.transaction.TransactionalTestExecutionListener, org.springframework.test.context.jdbc.SqlScriptsTestExecutionListener, org.springframework.test.context.event.EventPublishingTestExecutionListener]
2023-12-04 16:33:41.535  INFO 10660 --- [    Test worker] .b.t.c.SpringBootTestContextBootstrapper : Using TestExecutionListeners: [org.springframework.test.context.web.ServletTestExecutionListener@311d028e, org.springframework.test.context.support.DirtiesContextBeforeModesTestExecutionListener@5c038b01, org.springframework.boot.test.mock.mockito.MockitoTestExecutionListener@57404c00, org.springframework.boot.test.autoconfigure.SpringBootDependencyInjectionTestExecutionListener@16d65e78, org.springframework.test.context.support.DirtiesContextTestExecutionListener@4f06375e, org.springframework.test.context.transaction.TransactionalTestExecutionListener@f9de63c, org.springframework.test.context.jdbc.SqlScriptsTestExecutionListener@5ae89b83, org.springframework.test.context.event.EventPublishingTestExecutionListener@7ee93b38, org.springframework.boot.test.autoconfigure.restdocs.RestDocsTestExecutionListener@2b5f7c, org.springframework.boot.test.autoconfigure.web.client.MockRestServiceServerResetTestExecutionListener@60e7e543, org.springframework.boot.test.autoconfigure.web.servlet.MockMvcPrintOnlyOnFailureTestExecutionListener@7e4d4e5f, org.springframework.boot.test.autoconfigure.web.servlet.WebDriverTestExecutionListener@49ca8a55, org.springframework.boot.test.mock.mockito.ResetMocksTestExecutionListener@13c0fcaf]
Before any test execution
Before any test execution
Before any test execution
Before any test execution
Hibernate: 
    select
        task0_.id as id1_1_,
        task0_.asigned_id as asigned_2_1_,
        task0_.creation_date as creation3_1_,
        task0_.description as descript4_1_,
        task0_.estimated_duration as estimate5_1_,
        task0_.finish_date as finish_d6_1_,
        task0_.name as name7_1_,
        task0_.priority as priority8_1_,
        task0_.project_id as project_9_1_,
        task0_.start_date as start_d10_1_,
        task0_.status as status11_1_ 
    from
        task task0_ 
    where
        task0_.name=?
Hibernate: 
    call next value for hibernate_sequence
Hibernate: 
    insert 
    into
        task
        (asigned_id, creation_date, description, estimated_duration, finish_date, name, priority, project_id, start_date, status, id) 
    values
        (?, ?, ?, ?, ?, ?, ?, ?, ?, ?, ?)
Hibernate: 
    select
        task0_.id as id1_1_0_,
        task0_.asigned_id as asigned_2_1_0_,
        task0_.creation_date as creation3_1_0_,
        task0_.description as descript4_1_0_,
        task0_.estimated_duration as estimate5_1_0_,
        task0_.finish_date as finish_d6_1_0_,
        task0_.name as name7_1_0_,
        task0_.priority as priority8_1_0_,
        task0_.project_id as project_9_1_0_,
        task0_.start_date as start_d10_1_0_,
        task0_.status as status11_1_0_ 
    from
        task task0_ 
    where
        task0_.id=?
Hibernate: 
    select
        task0_.id as id1_1_,
        task0_.asigned_id as asigned_2_1_,
        task0_.creation_date as creation3_1_,
        task0_.description as descript4_1_,
        task0_.estimated_duration as estimate5_1_,
        task0_.finish_date as finish_d6_1_,
        task0_.name as name7_1_,
        task0_.priority as priority8_1_,
        task0_.project_id as project_9_1_,
        task0_.start_date as start_d10_1_,
        task0_.status as status11_1_ 
    from
        task task0_ 
    where
        task0_.name=?
Hibernate: 
    select
        task0_.id as id1_1_0_,
        task0_.asigned_id as asigned_2_1_0_,
        task0_.creation_date as creation3_1_0_,
        task0_.description as descript4_1_0_,
        task0_.estimated_duration as estimate5_1_0_,
        task0_.finish_date as finish_d6_1_0_,
        task0_.name as name7_1_0_,
        task0_.priority as priority8_1_0_,
        task0_.project_id as project_9_1_0_,
        task0_.start_date as start_d10_1_0_,
        task0_.status as status11_1_0_ 
    from
        task task0_ 
    where
        task0_.id=?
Hibernate: 
    update
        task 
    set
        asigned_id=?,
        creation_date=?,
        description=?,
        estimated_duration=?,
        finish_date=?,
        name=?,
        priority=?,
        project_id=?,
        start_date=?,
        status=? 
    where
        id=?
Hibernate: 
    select
        task0_.id as id1_1_,
        task0_.asigned_id as asigned_2_1_,
        task0_.creation_date as creation3_1_,
        task0_.description as descript4_1_,
        task0_.estimated_duration as estimate5_1_,
        task0_.finish_date as finish_d6_1_,
        task0_.name as name7_1_,
        task0_.priority as priority8_1_,
        task0_.project_id as project_9_1_,
        task0_.start_date as start_d10_1_,
        task0_.status as status11_1_ 
    from
        task task0_
Hibernate: 
    delete 
    from
        task 
    where
        id=?
Resetting system
Hibernate: 
    select
        task0_.id as id1_1_,
        task0_.asigned_id as asigned_2_1_,
        task0_.creation_date as creation3_1_,
        task0_.description as descript4_1_,
        task0_.estimated_duration as estimate5_1_,
        task0_.finish_date as finish_d6_1_,
        task0_.name as name7_1_,
        task0_.priority as priority8_1_,
        task0_.project_id as project_9_1_,
        task0_.start_date as start_d10_1_,
        task0_.status as status11_1_ 
    from
        task task0_
Hibernate: 
    select
        project0_.id as id1_0_,
        project0_.creation_date as creation2_0_,
        project0_.description as descript3_0_,
        project0_.finish_date as finish_d4_0_,
        project0_.name as name5_0_,
        project0_.project_leader_id as project_6_0_,
        project0_.start_date as start_da7_0_,
        project0_.status as status8_0_ 
    from
        project project0_
After all test execution
Resetting system
Hibernate: 
    select
        project0_.id as id1_0_,
        project0_.creation_date as creation2_0_,
        project0_.description as descript3_0_,
        project0_.finish_date as finish_d4_0_,
        project0_.name as name5_0_,
        project0_.project_leader_id as project_6_0_,
        project0_.start_date as start_da7_0_,
        project0_.status as status8_0_ 
    from
        project project0_
Hibernate: 
    select
        task0_.id as id1_1_,
        task0_.asigned_id as asigned_2_1_,
        task0_.creation_date as creation3_1_,
        task0_.description as descript4_1_,
        task0_.estimated_duration as estimate5_1_,
        task0_.finish_date as finish_d6_1_,
        task0_.name as name7_1_,
        task0_.priority as priority8_1_,
        task0_.project_id as project_9_1_,
        task0_.start_date as start_d10_1_,
        task0_.status as status11_1_ 
    from
        task task0_
After all test execution
Resetting system
Hibernate: 
    select
        project0_.id as id1_0_,
        project0_.creation_date as creation2_0_,
        project0_.description as descript3_0_,
        project0_.finish_date as finish_d4_0_,
        project0_.name as name5_0_,
        project0_.project_leader_id as project_6_0_,
        project0_.start_date as start_da7_0_,
        project0_.status as status8_0_ 
    from
        project project0_
Hibernate: 
    select
        project0_.id as id1_0_,
        project0_.creation_date as creation2_0_,
        project0_.description as descript3_0_,
        project0_.finish_date as finish_d4_0_,
        project0_.name as name5_0_,
        project0_.project_leader_id as project_6_0_,
        project0_.start_date as start_da7_0_,
        project0_.status as status8_0_ 
    from
        project project0_
After all test execution
After all test execution
Hibernate: 
    select
        task0_.id as id1_1_,
        task0_.asigned_id as asigned_2_1_,
        task0_.creation_date as creation3_1_,
        task0_.description as descript4_1_,
        task0_.estimated_duration as estimate5_1_,
        task0_.finish_date as finish_d6_1_,
        task0_.name as name7_1_,
        task0_.priority as priority8_1_,
        task0_.project_id as project_9_1_,
        task0_.start_date as start_d10_1_,
        task0_.status as status11_1_ 
    from
        task task0_
Hibernate: 
    select
        task0_.id as id1_1_,
        task0_.asigned_id as asigned_2_1_,
        task0_.creation_date as creation3_1_,
        task0_.description as descript4_1_,
        task0_.estimated_duration as estimate5_1_,
        task0_.finish_date as finish_d6_1_,
        task0_.name as name7_1_,
        task0_.priority as priority8_1_,
        task0_.project_id as project_9_1_,
        task0_.start_date as start_d10_1_,
        task0_.status as status11_1_ 
    from
        task task0_
After all test execution

28 Scenarios (?[32m28 passed?[0m)
90 Steps (?[32m90 passed?[0m)
0m2,297s

]]></system-out>
  <system-err><![CDATA[]]></system-err>
</testsuite>
