<?xml version="1.0" encoding="UTF-8"?>
<testsuite name="com.aninfo.integration.cucumber.CucumberTest" tests="90" skipped="0" failures="0" errors="0" timestamp="2023-12-04T00:17:57" hostname="LAPTOP-I5D4J9C4" time="1.84">
  <properties/>
  <testcase name="Given No projects" classname="com.aninfo.integration.cucumber.CucumberTest" time="0.001"/>
  <testcase name="When Trying to get projects" classname="com.aninfo.integration.cucumber.CucumberTest" time="0.001"/>
  <testcase name="Then I get no projects" classname="com.aninfo.integration.cucumber.CucumberTest" time="0.0"/>
  <testcase name="Given Two projects" classname="com.aninfo.integration.cucumber.CucumberTest" time="0.0"/>
  <testcase name="When Trying to get projects" classname="com.aninfo.integration.cucumber.CucumberTest" time="0.0"/>
  <testcase name="Then I get two projects" classname="com.aninfo.integration.cucumber.CucumberTest" time="0.0"/>
  <testcase name="Given Project with name MyProject" classname="com.aninfo.integration.cucumber.CucumberTest" time="0.0"/>
  <testcase name="When Trying to find project with name MyProject" classname="com.aninfo.integration.cucumber.CucumberTest" time="0.001"/>
  <testcase name="Then I get the project appropriately" classname="com.aninfo.integration.cucumber.CucumberTest" time="0.0"/>
  <testcase name="Given Project with name MyProject1" classname="com.aninfo.integration.cucumber.CucumberTest" time="0.0"/>
  <testcase name="When Trying to find project with name MyProject2" classname="com.aninfo.integration.cucumber.CucumberTest" time="0.0"/>
  <testcase name="Then I get an Invalid Project Exception" classname="com.aninfo.integration.cucumber.CucumberTest" time="0.0"/>
  <testcase name="Given No projects" classname="com.aninfo.integration.cucumber.CucumberTest" time="0.0"/>
  <testcase name="When Trying to create a project with name Project1" classname="com.aninfo.integration.cucumber.CucumberTest" time="0.0"/>
  <testcase name="Then It is created successfully" classname="com.aninfo.integration.cucumber.CucumberTest" time="0.001"/>
  <testcase name="And Project is named Project1" classname="com.aninfo.integration.cucumber.CucumberTest" time="0.001"/>
  <testcase name="Given Project with name Project2" classname="com.aninfo.integration.cucumber.CucumberTest" time="0.0"/>
  <testcase name="When Trying to create a project with name Project2" classname="com.aninfo.integration.cucumber.CucumberTest" time="0.0"/>
  <testcase name="Then It is not created because a project with that name already exists" classname="com.aninfo.integration.cucumber.CucumberTest" time="0.001"/>
  <testcase name="Given Project with name Project3" classname="com.aninfo.integration.cucumber.CucumberTest" time="0.0"/>
  <testcase name="When Trying to create a project with name Project4" classname="com.aninfo.integration.cucumber.CucumberTest" time="0.0"/>
  <testcase name="Then It is created successfully" classname="com.aninfo.integration.cucumber.CucumberTest" time="0.001"/>
  <testcase name="And Project is named Project4" classname="com.aninfo.integration.cucumber.CucumberTest" time="0.001"/>
  <testcase name="Given Only one project named ProjectToDelete" classname="com.aninfo.integration.cucumber.CucumberTest" time="0.0"/>
  <testcase name="When Trying to delete it" classname="com.aninfo.integration.cucumber.CucumberTest" time="0.0"/>
  <testcase name="Then Project ProjectToDelete can no longer be found" classname="com.aninfo.integration.cucumber.CucumberTest" time="0.0"/>
  <testcase name="Given A project named ProjectRunway and another named ProjectX" classname="com.aninfo.integration.cucumber.CucumberTest" time="0.0"/>
  <testcase name="When Trying to delete project ProjectRunway" classname="com.aninfo.integration.cucumber.CucumberTest" time="0.001"/>
  <testcase name="Then Project ProjectRunway can no longer be found" classname="com.aninfo.integration.cucumber.CucumberTest" time="0.001"/>
  <testcase name="And Project ProjectX can still be found" classname="com.aninfo.integration.cucumber.CucumberTest" time="0.0"/>
  <testcase name="Given Two projects with names ProjectNoah and ProjectCami" classname="com.aninfo.integration.cucumber.CucumberTest" time="0.0"/>
  <testcase name="When Trying to change the ProjectCami name to ProjectDenise" classname="com.aninfo.integration.cucumber.CucumberTest" time="0.0"/>
  <testcase name="Then Name is changed successfully to ProjectDenise" classname="com.aninfo.integration.cucumber.CucumberTest" time="0.0"/>
  <testcase name="Given Two projects with names ProjectNoah and ProjectCami" classname="com.aninfo.integration.cucumber.CucumberTest" time="0.001"/>
  <testcase name="When Trying to change the ProjectCami name to ProjectNoah" classname="com.aninfo.integration.cucumber.CucumberTest" time="0.0"/>
  <testcase name="Then Name cannot be modified" classname="com.aninfo.integration.cucumber.CucumberTest" time="0.0"/>
  <testcase name="Given A project named DescriptiveProject with description This is my Description" classname="com.aninfo.integration.cucumber.CucumberTest" time="0.0"/>
  <testcase name="When Trying to change the description to Another description" classname="com.aninfo.integration.cucumber.CucumberTest" time="0.001"/>
  <testcase name="Then Description is changed successfully to Another description" classname="com.aninfo.integration.cucumber.CucumberTest" time="0.0"/>
  <testcase name="Given A project named ProjectWithFinishDate with estimated finish date 2007-12-03" classname="com.aninfo.integration.cucumber.CucumberTest" time="0.0"/>
  <testcase name="When Trying to change the finish date to 2018-12-03" classname="com.aninfo.integration.cucumber.CucumberTest" time="0.0"/>
  <testcase name="Then Finish date is changed successfully to 2018-12-03" classname="com.aninfo.integration.cucumber.CucumberTest" time="0.0"/>
  <testcase name="Given An existent project with name ProjectWithAStatus" classname="com.aninfo.integration.cucumber.CucumberTest" time="0.0"/>
  <testcase name="When Trying to change the status to IN_PROGRESS" classname="com.aninfo.integration.cucumber.CucumberTest" time="0.0"/>
  <testcase name="Then Status is changed successfully to IN_PROGRESS" classname="com.aninfo.integration.cucumber.CucumberTest" time="0.001"/>
  <testcase name="Given A the project with the name project1" classname="com.aninfo.integration.cucumber.CucumberTest" time="0.0"/>
  <testcase name="When Trying to get the tasks" classname="com.aninfo.integration.cucumber.CucumberTest" time="0.0"/>
  <testcase name="Then I get nothing" classname="com.aninfo.integration.cucumber.CucumberTest" time="0.0"/>
  <testcase name="Given A the project with the name project1 with 2 tasks" classname="com.aninfo.integration.cucumber.CucumberTest" time="0.0"/>
  <testcase name="When Trying to get the tasks" classname="com.aninfo.integration.cucumber.CucumberTest" time="0.0"/>
  <testcase name="Then I get two tasks" classname="com.aninfo.integration.cucumber.CucumberTest" time="0.001"/>
  <testcase name="Given A task in a project with name task1" classname="com.aninfo.integration.cucumber.CucumberTest" time="0.0"/>
  <testcase name="When Trying to find the task with name task1" classname="com.aninfo.integration.cucumber.CucumberTest" time="0.001"/>
  <testcase name="Then I get the task appropriately" classname="com.aninfo.integration.cucumber.CucumberTest" time="0.0"/>
  <testcase name="Given A task in a project with name task1" classname="com.aninfo.integration.cucumber.CucumberTest" time="0.0"/>
  <testcase name="When Trying to find the task with name task2" classname="com.aninfo.integration.cucumber.CucumberTest" time="0.001"/>
  <testcase name="Then I get an Invalid task Exception" classname="com.aninfo.integration.cucumber.CucumberTest" time="0.0"/>
  <testcase name="Given No tasks" classname="com.aninfo.integration.cucumber.CucumberTest" time="0.0"/>
  <testcase name="When Try to create a task with name task1" classname="com.aninfo.integration.cucumber.CucumberTest" time="0.0"/>
  <testcase name="Then The task is created successfully" classname="com.aninfo.integration.cucumber.CucumberTest" time="0.0"/>
  <testcase name="And Task is named task1" classname="com.aninfo.integration.cucumber.CucumberTest" time="0.0"/>
  <testcase name="Given A task in a project with name task1" classname="com.aninfo.integration.cucumber.CucumberTest" time="0.0"/>
  <testcase name="When Try to create a task with name task1" classname="com.aninfo.integration.cucumber.CucumberTest" time="0.0"/>
  <testcase name="Then It is not created because a task with that name already exists" classname="com.aninfo.integration.cucumber.CucumberTest" time="0.001"/>
  <testcase name="Given A task in a project with name task1" classname="com.aninfo.integration.cucumber.CucumberTest" time="0.0"/>
  <testcase name="When Try to create a task with name task2" classname="com.aninfo.integration.cucumber.CucumberTest" time="0.0"/>
  <testcase name="Then The task is created successfully" classname="com.aninfo.integration.cucumber.CucumberTest" time="0.001"/>
  <testcase name="And Task is named task2" classname="com.aninfo.integration.cucumber.CucumberTest" time="0.0"/>
  <testcase name="Given Only one task named TaskToDelete" classname="com.aninfo.integration.cucumber.CucumberTest" time="0.0"/>
  <testcase name="When Trying to delete the task" classname="com.aninfo.integration.cucumber.CucumberTest" time="0.0"/>
  <testcase name="Then Task TaskToDelete can no longer be found" classname="com.aninfo.integration.cucumber.CucumberTest" time="0.0"/>
  <testcase name="Given A task named task2 and another named task3" classname="com.aninfo.integration.cucumber.CucumberTest" time="0.0"/>
  <testcase name="When Trying to delete task task2" classname="com.aninfo.integration.cucumber.CucumberTest" time="0.0"/>
  <testcase name="Then Task task2 can no longer be found" classname="com.aninfo.integration.cucumber.CucumberTest" time="0.0"/>
  <testcase name="And Task task3 can still be found" classname="com.aninfo.integration.cucumber.CucumberTest" time="0.001"/>
  <testcase name="Given Two tasks with names TaskA and TaskB" classname="com.aninfo.integration.cucumber.CucumberTest" time="0.001"/>
  <testcase name="When Trying to modified the task TaskB name to TaskC" classname="com.aninfo.integration.cucumber.CucumberTest" time="0.0"/>
  <testcase name="Then Name task is changed successfully to TaskC" classname="com.aninfo.integration.cucumber.CucumberTest" time="0.0"/>
  <testcase name="Given Two tasks with names TaskA and TaskB" classname="com.aninfo.integration.cucumber.CucumberTest" time="0.0"/>
  <testcase name="When Trying to modified the task TaskB name to TaskA" classname="com.aninfo.integration.cucumber.CucumberTest" time="0.0"/>
  <testcase name="Then Name task cannot be modified" classname="com.aninfo.integration.cucumber.CucumberTest" time="0.0"/>
  <testcase name="Given A task named DescriptiveTask with description This is a description example" classname="com.aninfo.integration.cucumber.CucumberTest" time="0.0"/>
  <testcase name="When Trying to modified the description to This is another description example" classname="com.aninfo.integration.cucumber.CucumberTest" time="0.0"/>
  <testcase name="Then Description is modified successfully to This is another description example" classname="com.aninfo.integration.cucumber.CucumberTest" time="0.0"/>
  <testcase name="Given A task named TaskE with estimated finish date 2007-12-03" classname="com.aninfo.integration.cucumber.CucumberTest" time="0.0"/>
  <testcase name="When Trying to change the estimated finish date to 2018-12-03" classname="com.aninfo.integration.cucumber.CucumberTest" time="0.0"/>
  <testcase name="Then Estimated finish date is changed successfully to 2018-12-03" classname="com.aninfo.integration.cucumber.CucumberTest" time="0.001"/>
  <testcase name="Given An existent task with name TaskS" classname="com.aninfo.integration.cucumber.CucumberTest" time="0.0"/>
  <testcase name="When Trying to modify the status to IN_PROGRESS" classname="com.aninfo.integration.cucumber.CucumberTest" time="0.001"/>
  <testcase name="Then Status is modified successfully to IN_PROGRESS" classname="com.aninfo.integration.cucumber.CucumberTest" time="0.0"/>
  <system-out><![CDATA[21:17:42.462 [Test worker] DEBUG org.springframework.test.context.BootstrapUtils - Instantiating CacheAwareContextLoaderDelegate from class [org.springframework.test.context.cache.DefaultCacheAwareContextLoaderDelegate]
21:17:42.503 [Test worker] DEBUG org.springframework.test.context.BootstrapUtils - Instantiating BootstrapContext using constructor [public org.springframework.test.context.support.DefaultBootstrapContext(java.lang.Class,org.springframework.test.context.CacheAwareContextLoaderDelegate)]
21:17:42.600 [Test worker] DEBUG org.springframework.test.context.BootstrapUtils - Instantiating TestContextBootstrapper for test class [com.aninfo.integration.cucumber.ProjectAccessTest] from class [org.springframework.boot.test.context.SpringBootTestContextBootstrapper]
21:17:42.727 [Test worker] DEBUG org.springframework.test.context.support.AbstractContextLoader - Did not detect default resource location for test class [com.aninfo.integration.cucumber.ProjectIntegrationServiceTest]: class path resource [com/aninfo/integration/cucumber/ProjectIntegrationServiceTest-context.xml] does not exist
21:17:42.730 [Test worker] DEBUG org.springframework.test.context.support.AbstractContextLoader - Did not detect default resource location for test class [com.aninfo.integration.cucumber.ProjectIntegrationServiceTest]: class path resource [com/aninfo/integration/cucumber/ProjectIntegrationServiceTestContext.groovy] does not exist
21:17:42.730 [Test worker] INFO org.springframework.test.context.support.AbstractContextLoader - Could not detect default resource locations for test class [com.aninfo.integration.cucumber.ProjectIntegrationServiceTest]: no resource found for suffixes {-context.xml, Context.groovy}.
21:17:42.841 [Test worker] DEBUG org.springframework.test.context.support.ActiveProfilesUtils - Could not find an 'annotation declaring class' for annotation type [org.springframework.test.context.ActiveProfiles] and class [com.aninfo.integration.cucumber.ProjectAccessTest]
21:17:43.118 [Test worker] DEBUG org.springframework.boot.test.context.SpringBootTestContextBootstrapper - @TestExecutionListeners is not present for class [com.aninfo.integration.cucumber.ProjectAccessTest]: using defaults.
21:17:43.120 [Test worker] INFO org.springframework.boot.test.context.SpringBootTestContextBootstrapper - Loaded default TestExecutionListener class names from location [META-INF/spring.factories]: [org.springframework.boot.test.autoconfigure.restdocs.RestDocsTestExecutionListener, org.springframework.boot.test.autoconfigure.web.client.MockRestServiceServerResetTestExecutionListener, org.springframework.boot.test.autoconfigure.web.servlet.MockMvcPrintOnlyOnFailureTestExecutionListener, org.springframework.boot.test.autoconfigure.web.servlet.WebDriverTestExecutionListener, org.springframework.boot.test.mock.mockito.MockitoTestExecutionListener, org.springframework.boot.test.mock.mockito.ResetMocksTestExecutionListener, org.springframework.test.context.web.ServletTestExecutionListener, org.springframework.test.context.support.DirtiesContextBeforeModesTestExecutionListener, org.springframework.test.context.support.DependencyInjectionTestExecutionListener, org.springframework.test.context.support.DirtiesContextTestExecutionListener, org.springframework.test.context.transaction.TransactionalTestExecutionListener, org.springframework.test.context.jdbc.SqlScriptsTestExecutionListener, org.springframework.test.context.event.EventPublishingTestExecutionListener]
21:17:43.192 [Test worker] INFO org.springframework.boot.test.context.SpringBootTestContextBootstrapper - Using TestExecutionListeners: [org.springframework.test.context.web.ServletTestExecutionListener@b52a3da, org.springframework.test.context.support.DirtiesContextBeforeModesTestExecutionListener@5a29031, org.springframework.boot.test.mock.mockito.MockitoTestExecutionListener@1f704ae9, org.springframework.boot.test.autoconfigure.SpringBootDependencyInjectionTestExecutionListener@2bd809fe, org.springframework.test.context.support.DirtiesContextTestExecutionListener@350a332c, org.springframework.test.context.transaction.TransactionalTestExecutionListener@24b81ea4, org.springframework.test.context.jdbc.SqlScriptsTestExecutionListener@39023fd8, org.springframework.test.context.event.EventPublishingTestExecutionListener@527e46ff, org.springframework.boot.test.autoconfigure.restdocs.RestDocsTestExecutionListener@36098ccf, org.springframework.boot.test.autoconfigure.web.client.MockRestServiceServerResetTestExecutionListener@52a0e994, org.springframework.boot.test.autoconfigure.web.servlet.MockMvcPrintOnlyOnFailureTestExecutionListener@7af4e0e7, org.springframework.boot.test.autoconfigure.web.servlet.WebDriverTestExecutionListener@5a1d08f8, org.springframework.boot.test.mock.mockito.ResetMocksTestExecutionListener@20889880]
21:17:43.270 [Test worker] DEBUG org.springframework.test.context.support.TestPropertySourceUtils - Adding inlined properties to environment: {spring.jmx.enabled=false, org.springframework.boot.test.context.SpringBootTestContextBootstrapper=true, server.port=-1}

  .   ____          _            __ _ _
 /\\ / ___'_ __ _ _(_)_ __  __ _ \ \ \ \
( ( )\___ | '_ | '_| | '_ \/ _` | \ \ \ \
 \\/  ___)| |_)| | | | | || (_| |  ) ) ) )
  '  |____| .__|_| |_|_| |_\__, | / / / /
 =========|_|==============|___/=/_/_/_/
 :: Spring Boot ::        (v2.2.5.RELEASE)

2023-12-03 21:17:44.077  INFO 5148 --- [    Test worker] c.a.i.cucumber.ProjectAccessTest         : Starting ProjectAccessTest on LAPTOP-I5D4J9C4 with PID 5148 (started by camil in C:\Users\camil\Documents\aninfo\aninfotpg)
2023-12-03 21:17:44.083  INFO 5148 --- [    Test worker] c.a.i.cucumber.ProjectAccessTest         : No active profile set, falling back to default profiles: default
2023-12-03 21:17:45.927  INFO 5148 --- [    Test worker] .s.d.r.c.RepositoryConfigurationDelegate : Bootstrapping Spring Data JPA repositories in DEFAULT mode.
2023-12-03 21:17:46.274  INFO 5148 --- [    Test worker] .s.d.r.c.RepositoryConfigurationDelegate : Finished Spring Data repository scanning in 323ms. Found 2 JPA repository interfaces.
2023-12-03 21:17:48.145  INFO 5148 --- [    Test worker] o.hibernate.jpa.internal.util.LogHelper  : HHH000204: Processing PersistenceUnitInfo [name: default]
2023-12-03 21:17:48.382  INFO 5148 --- [    Test worker] org.hibernate.Version                    : HHH000412: Hibernate ORM core version 5.4.12.Final
2023-12-03 21:17:48.784  INFO 5148 --- [    Test worker] o.hibernate.annotations.common.Version   : HCANN000001: Hibernate Commons Annotations {5.1.0.Final}
2023-12-03 21:17:49.070  INFO 5148 --- [    Test worker] com.zaxxer.hikari.HikariDataSource       : HikariPool-1 - Starting...
2023-12-03 21:17:49.571  INFO 5148 --- [    Test worker] com.zaxxer.hikari.HikariDataSource       : HikariPool-1 - Start completed.
2023-12-03 21:17:49.622  INFO 5148 --- [    Test worker] org.hibernate.dialect.Dialect            : HHH000400: Using dialect: org.hibernate.dialect.H2Dialect
Hibernate: 
    
    drop table project if exists
Hibernate: 
    
    drop table task if exists
Hibernate: 
    
    drop sequence if exists hibernate_sequence
Hibernate: create sequence hibernate_sequence start with 1 increment by 1
Hibernate: 
    
    create table project (
       id bigint not null,
        creation_date date,
        description varchar(255),
        finish_date date,
        name varchar(255),
        project_leader_id bigint,
        start_date date,
        status integer,
        primary key (id)
    )
Hibernate: 
    
    create table task (
       id bigint not null,
        asigned_id bigint,
        creation_date date,
        description varchar(255),
        estimated_duration bigint,
        finish_date date,
        name varchar(255),
        priority integer,
        project_id bigint,
        start_date date,
        status integer,
        primary key (id)
    )
2023-12-03 21:17:51.550  INFO 5148 --- [    Test worker] o.h.e.t.j.p.i.JtaPlatformInitiator       : HHH000490: Using JtaPlatform implementation: [org.hibernate.engine.transaction.jta.platform.internal.NoJtaPlatform]
2023-12-03 21:17:51.572  INFO 5148 --- [    Test worker] j.LocalContainerEntityManagerFactoryBean : Initialized JPA EntityManagerFactory for persistence unit 'default'
2023-12-03 21:17:53.345  WARN 5148 --- [    Test worker] JpaBaseConfiguration$JpaWebConfiguration : spring.jpa.open-in-view is enabled by default. Therefore, database queries may be performed during view rendering. Explicitly configure spring.jpa.open-in-view to disable this warning
2023-12-03 21:17:55.344  INFO 5148 --- [    Test worker] o.s.s.concurrent.ThreadPoolTaskExecutor  : Initializing ExecutorService 'applicationTaskExecutor'
2023-12-03 21:17:56.155  INFO 5148 --- [    Test worker] o.s.b.a.h2.H2ConsoleAutoConfiguration    : H2 console available at '/h2-console'. Database available at 'jdbc:h2:mem:DBNAME'
2023-12-03 21:17:57.569  INFO 5148 --- [    Test worker] c.a.i.cucumber.ProjectAccessTest         : Started ProjectAccessTest in 14.28 seconds (JVM running for 18.645)
Before any test execution
Before any test execution
Before any test execution
Before any test execution
Hibernate: 
    select
        project0_.id as id1_0_,
        project0_.creation_date as creation2_0_,
        project0_.description as descript3_0_,
        project0_.finish_date as finish_d4_0_,
        project0_.name as name5_0_,
        project0_.project_leader_id as project_6_0_,
        project0_.start_date as start_da7_0_,
        project0_.status as status8_0_ 
    from
        project project0_
Hibernate: 
    select
        project0_.id as id1_0_,
        project0_.creation_date as creation2_0_,
        project0_.description as descript3_0_,
        project0_.finish_date as finish_d4_0_,
        project0_.name as name5_0_,
        project0_.project_leader_id as project_6_0_,
        project0_.start_date as start_da7_0_,
        project0_.status as status8_0_ 
    from
        project project0_
After all test execution
Resetting system
Hibernate: 
    select
        project0_.id as id1_0_,
        project0_.creation_date as creation2_0_,
        project0_.description as descript3_0_,
        project0_.finish_date as finish_d4_0_,
        project0_.name as name5_0_,
        project0_.project_leader_id as project_6_0_,
        project0_.start_date as start_da7_0_,
        project0_.status as status8_0_ 
    from
        project project0_
Hibernate: 
    select
        project0_.id as id1_0_,
        project0_.creation_date as creation2_0_,
        project0_.description as descript3_0_,
        project0_.finish_date as finish_d4_0_,
        project0_.name as name5_0_,
        project0_.project_leader_id as project_6_0_,
        project0_.start_date as start_da7_0_,
        project0_.status as status8_0_ 
    from
        project project0_
After all test execution
Resetting system
Hibernate: 
    select
        task0_.id as id1_1_,
        task0_.asigned_id as asigned_2_1_,
        task0_.creation_date as creation3_1_,
        task0_.description as descript4_1_,
        task0_.estimated_duration as estimate5_1_,
        task0_.finish_date as finish_d6_1_,
        task0_.name as name7_1_,
        task0_.priority as priority8_1_,
        task0_.project_id as project_9_1_,
        task0_.start_date as start_d10_1_,
        task0_.status as status11_1_ 
    from
        task task0_
Hibernate: 
    select
        task0_.id as id1_1_,
        task0_.asigned_id as asigned_2_1_,
        task0_.creation_date as creation3_1_,
        task0_.description as descript4_1_,
        task0_.estimated_duration as estimate5_1_,
        task0_.finish_date as finish_d6_1_,
        task0_.name as name7_1_,
        task0_.priority as priority8_1_,
        task0_.project_id as project_9_1_,
        task0_.start_date as start_d10_1_,
        task0_.status as status11_1_ 
    from
        task task0_
After all test execution
Resetting system
Hibernate: 
    select
        project0_.id as id1_0_,
        project0_.creation_date as creation2_0_,
        project0_.description as descript3_0_,
        project0_.finish_date as finish_d4_0_,
        project0_.name as name5_0_,
        project0_.project_leader_id as project_6_0_,
        project0_.start_date as start_da7_0_,
        project0_.status as status8_0_ 
    from
        project project0_
After all test execution
Hibernate: 
    select
        task0_.id as id1_1_,
        task0_.asigned_id as asigned_2_1_,
        task0_.creation_date as creation3_1_,
        task0_.description as descript4_1_,
        task0_.estimated_duration as estimate5_1_,
        task0_.finish_date as finish_d6_1_,
        task0_.name as name7_1_,
        task0_.priority as priority8_1_,
        task0_.project_id as project_9_1_,
        task0_.start_date as start_d10_1_,
        task0_.status as status11_1_ 
    from
        task task0_
Hibernate: 
    select
        task0_.id as id1_1_,
        task0_.asigned_id as asigned_2_1_,
        task0_.creation_date as creation3_1_,
        task0_.description as descript4_1_,
        task0_.estimated_duration as estimate5_1_,
        task0_.finish_date as finish_d6_1_,
        task0_.name as name7_1_,
        task0_.priority as priority8_1_,
        task0_.project_id as project_9_1_,
        task0_.start_date as start_d10_1_,
        task0_.status as status11_1_ 
    from
        task task0_
After all test execution
2023-12-03 21:17:58.263  INFO 5148 --- [    Test worker] o.s.t.c.support.AbstractContextLoader    : Could not detect default resource locations for test class [com.aninfo.integration.cucumber.ProjectIntegrationServiceTest]: no resource found for suffixes {-context.xml, Context.groovy}.
2023-12-03 21:17:58.265  INFO 5148 --- [    Test worker] .b.t.c.SpringBootTestContextBootstrapper : Loaded default TestExecutionListener class names from location [META-INF/spring.factories]: [org.springframework.boot.test.autoconfigure.restdocs.RestDocsTestExecutionListener, org.springframework.boot.test.autoconfigure.web.client.MockRestServiceServerResetTestExecutionListener, org.springframework.boot.test.autoconfigure.web.servlet.MockMvcPrintOnlyOnFailureTestExecutionListener, org.springframework.boot.test.autoconfigure.web.servlet.WebDriverTestExecutionListener, org.springframework.boot.test.mock.mockito.MockitoTestExecutionListener, org.springframework.boot.test.mock.mockito.ResetMocksTestExecutionListener, org.springframework.test.context.web.ServletTestExecutionListener, org.springframework.test.context.support.DirtiesContextBeforeModesTestExecutionListener, org.springframework.test.context.support.DependencyInjectionTestExecutionListener, org.springframework.test.context.support.DirtiesContextTestExecutionListener, org.springframework.test.context.transaction.TransactionalTestExecutionListener, org.springframework.test.context.jdbc.SqlScriptsTestExecutionListener, org.springframework.test.context.event.EventPublishingTestExecutionListener]
2023-12-03 21:17:58.266  INFO 5148 --- [    Test worker] .b.t.c.SpringBootTestContextBootstrapper : Using TestExecutionListeners: [org.springframework.test.context.web.ServletTestExecutionListener@7cec8842, org.springframework.test.context.support.DirtiesContextBeforeModesTestExecutionListener@71713f40, org.springframework.boot.test.mock.mockito.MockitoTestExecutionListener@5532f249, org.springframework.boot.test.autoconfigure.SpringBootDependencyInjectionTestExecutionListener@2e688cb1, org.springframework.test.context.support.DirtiesContextTestExecutionListener@36debfa6, org.springframework.test.context.transaction.TransactionalTestExecutionListener@4ead0d02, org.springframework.test.context.jdbc.SqlScriptsTestExecutionListener@ccf0e24, org.springframework.test.context.event.EventPublishingTestExecutionListener@66a80608, org.springframework.boot.test.autoconfigure.restdocs.RestDocsTestExecutionListener@2548a6f4, org.springframework.boot.test.autoconfigure.web.client.MockRestServiceServerResetTestExecutionListener@32b6a42, org.springframework.boot.test.autoconfigure.web.servlet.MockMvcPrintOnlyOnFailureTestExecutionListener@77e1fa2d, org.springframework.boot.test.autoconfigure.web.servlet.WebDriverTestExecutionListener@515f2a9f, org.springframework.boot.test.mock.mockito.ResetMocksTestExecutionListener@31c05946]
Before any test execution
Before any test execution
Before any test execution
Before any test execution
Hibernate: 
    select
        project0_.id as id1_0_,
        project0_.creation_date as creation2_0_,
        project0_.description as descript3_0_,
        project0_.finish_date as finish_d4_0_,
        project0_.name as name5_0_,
        project0_.project_leader_id as project_6_0_,
        project0_.start_date as start_da7_0_,
        project0_.status as status8_0_ 
    from
        project project0_ 
    where
        project0_.name=?
Hibernate: 
    call next value for hibernate_sequence
Hibernate: 
    insert 
    into
        project
        (creation_date, description, finish_date, name, project_leader_id, start_date, status, id) 
    values
        (?, ?, ?, ?, ?, ?, ?, ?)
Hibernate: 
    select
        project0_.id as id1_0_,
        project0_.creation_date as creation2_0_,
        project0_.description as descript3_0_,
        project0_.finish_date as finish_d4_0_,
        project0_.name as name5_0_,
        project0_.project_leader_id as project_6_0_,
        project0_.start_date as start_da7_0_,
        project0_.status as status8_0_ 
    from
        project project0_ 
    where
        project0_.name=?
Hibernate: 
    call next value for hibernate_sequence
Hibernate: 
    insert 
    into
        project
        (creation_date, description, finish_date, name, project_leader_id, start_date, status, id) 
    values
        (?, ?, ?, ?, ?, ?, ?, ?)
Hibernate: 
    select
        project0_.id as id1_0_,
        project0_.creation_date as creation2_0_,
        project0_.description as descript3_0_,
        project0_.finish_date as finish_d4_0_,
        project0_.name as name5_0_,
        project0_.project_leader_id as project_6_0_,
        project0_.start_date as start_da7_0_,
        project0_.status as status8_0_ 
    from
        project project0_
Hibernate: 
    select
        project0_.id as id1_0_,
        project0_.creation_date as creation2_0_,
        project0_.description as descript3_0_,
        project0_.finish_date as finish_d4_0_,
        project0_.name as name5_0_,
        project0_.project_leader_id as project_6_0_,
        project0_.start_date as start_da7_0_,
        project0_.status as status8_0_ 
    from
        project project0_
Hibernate: 
    select
        project0_.id as id1_0_,
        project0_.creation_date as creation2_0_,
        project0_.description as descript3_0_,
        project0_.finish_date as finish_d4_0_,
        project0_.name as name5_0_,
        project0_.project_leader_id as project_6_0_,
        project0_.start_date as start_da7_0_,
        project0_.status as status8_0_ 
    from
        project project0_
Hibernate: 
    delete 
    from
        project 
    where
        id=?
Hibernate: 
    delete 
    from
        project 
    where
        id=?
After all test execution
Resetting system
Hibernate: 
    select
        project0_.id as id1_0_,
        project0_.creation_date as creation2_0_,
        project0_.description as descript3_0_,
        project0_.finish_date as finish_d4_0_,
        project0_.name as name5_0_,
        project0_.project_leader_id as project_6_0_,
        project0_.start_date as start_da7_0_,
        project0_.status as status8_0_ 
    from
        project project0_
Hibernate: 
    select
        project0_.id as id1_0_,
        project0_.creation_date as creation2_0_,
        project0_.description as descript3_0_,
        project0_.finish_date as finish_d4_0_,
        project0_.name as name5_0_,
        project0_.project_leader_id as project_6_0_,
        project0_.start_date as start_da7_0_,
        project0_.status as status8_0_ 
    from
        project project0_
After all test execution
Resetting system
Hibernate: 
    select
        task0_.id as id1_1_,
        task0_.asigned_id as asigned_2_1_,
        task0_.creation_date as creation3_1_,
        task0_.description as descript4_1_,
        task0_.estimated_duration as estimate5_1_,
        task0_.finish_date as finish_d6_1_,
        task0_.name as name7_1_,
        task0_.priority as priority8_1_,
        task0_.project_id as project_9_1_,
        task0_.start_date as start_d10_1_,
        task0_.status as status11_1_ 
    from
        task task0_
Hibernate: 
    select
        task0_.id as id1_1_,
        task0_.asigned_id as asigned_2_1_,
        task0_.creation_date as creation3_1_,
        task0_.description as descript4_1_,
        task0_.estimated_duration as estimate5_1_,
        task0_.finish_date as finish_d6_1_,
        task0_.name as name7_1_,
        task0_.priority as priority8_1_,
        task0_.project_id as project_9_1_,
        task0_.start_date as start_d10_1_,
        task0_.status as status11_1_ 
    from
        task task0_
After all test execution
Resetting system
Hibernate: 
    select
        project0_.id as id1_0_,
        project0_.creation_date as creation2_0_,
        project0_.description as descript3_0_,
        project0_.finish_date as finish_d4_0_,
        project0_.name as name5_0_,
        project0_.project_leader_id as project_6_0_,
        project0_.start_date as start_da7_0_,
        project0_.status as status8_0_ 
    from
        project project0_
After all test execution
Hibernate: 
    select
        task0_.id as id1_1_,
        task0_.asigned_id as asigned_2_1_,
        task0_.creation_date as creation3_1_,
        task0_.description as descript4_1_,
        task0_.estimated_duration as estimate5_1_,
        task0_.finish_date as finish_d6_1_,
        task0_.name as name7_1_,
        task0_.priority as priority8_1_,
        task0_.project_id as project_9_1_,
        task0_.start_date as start_d10_1_,
        task0_.status as status11_1_ 
    from
        task task0_
Hibernate: 
    select
        task0_.id as id1_1_,
        task0_.asigned_id as asigned_2_1_,
        task0_.creation_date as creation3_1_,
        task0_.description as descript4_1_,
        task0_.estimated_duration as estimate5_1_,
        task0_.finish_date as finish_d6_1_,
        task0_.name as name7_1_,
        task0_.priority as priority8_1_,
        task0_.project_id as project_9_1_,
        task0_.start_date as start_d10_1_,
        task0_.status as status11_1_ 
    from
        task task0_
After all test execution
2023-12-03 21:17:58.512  INFO 5148 --- [    Test worker] o.s.t.c.support.AbstractContextLoader    : Could not detect default resource locations for test class [com.aninfo.integration.cucumber.ProjectIntegrationServiceTest]: no resource found for suffixes {-context.xml, Context.groovy}.
2023-12-03 21:17:58.516  INFO 5148 --- [    Test worker] .b.t.c.SpringBootTestContextBootstrapper : Loaded default TestExecutionListener class names from location [META-INF/spring.factories]: [org.springframework.boot.test.autoconfigure.restdocs.RestDocsTestExecutionListener, org.springframework.boot.test.autoconfigure.web.client.MockRestServiceServerResetTestExecutionListener, org.springframework.boot.test.autoconfigure.web.servlet.MockMvcPrintOnlyOnFailureTestExecutionListener, org.springframework.boot.test.autoconfigure.web.servlet.WebDriverTestExecutionListener, org.springframework.boot.test.mock.mockito.MockitoTestExecutionListener, org.springframework.boot.test.mock.mockito.ResetMocksTestExecutionListener, org.springframework.test.context.web.ServletTestExecutionListener, org.springframework.test.context.support.DirtiesContextBeforeModesTestExecutionListener, org.springframework.test.context.support.DependencyInjectionTestExecutionListener, org.springframework.test.context.support.DirtiesContextTestExecutionListener, org.springframework.test.context.transaction.TransactionalTestExecutionListener, org.springframework.test.context.jdbc.SqlScriptsTestExecutionListener, org.springframework.test.context.event.EventPublishingTestExecutionListener]
2023-12-03 21:17:58.517  INFO 5148 --- [    Test worker] .b.t.c.SpringBootTestContextBootstrapper : Using TestExecutionListeners: [org.springframework.test.context.web.ServletTestExecutionListener@7c670e6d, org.springframework.test.context.support.DirtiesContextBeforeModesTestExecutionListener@2a13ff5b, org.springframework.boot.test.mock.mockito.MockitoTestExecutionListener@567c8176, org.springframework.boot.test.autoconfigure.SpringBootDependencyInjectionTestExecutionListener@7d36b297, org.springframework.test.context.support.DirtiesContextTestExecutionListener@3966cf3a, org.springframework.test.context.transaction.TransactionalTestExecutionListener@c3a066a, org.springframework.test.context.jdbc.SqlScriptsTestExecutionListener@3eff51aa, org.springframework.test.context.event.EventPublishingTestExecutionListener@7695fee8, org.springframework.boot.test.autoconfigure.restdocs.RestDocsTestExecutionListener@7985e01f, org.springframework.boot.test.autoconfigure.web.client.MockRestServiceServerResetTestExecutionListener@25d0a013, org.springframework.boot.test.autoconfigure.web.servlet.MockMvcPrintOnlyOnFailureTestExecutionListener@6166c702, org.springframework.boot.test.autoconfigure.web.servlet.WebDriverTestExecutionListener@385d1778, org.springframework.boot.test.mock.mockito.ResetMocksTestExecutionListener@6e0e8d74]
Before any test execution
Before any test execution
Before any test execution
Before any test execution
Hibernate: 
    select
        project0_.id as id1_0_,
        project0_.creation_date as creation2_0_,
        project0_.description as descript3_0_,
        project0_.finish_date as finish_d4_0_,
        project0_.name as name5_0_,
        project0_.project_leader_id as project_6_0_,
        project0_.start_date as start_da7_0_,
        project0_.status as status8_0_ 
    from
        project project0_ 
    where
        project0_.name=?
Hibernate: 
    call next value for hibernate_sequence
Hibernate: 
    insert 
    into
        project
        (creation_date, description, finish_date, name, project_leader_id, start_date, status, id) 
    values
        (?, ?, ?, ?, ?, ?, ?, ?)
Hibernate: 
    select
        project0_.id as id1_0_,
        project0_.creation_date as creation2_0_,
        project0_.description as descript3_0_,
        project0_.finish_date as finish_d4_0_,
        project0_.name as name5_0_,
        project0_.project_leader_id as project_6_0_,
        project0_.start_date as start_da7_0_,
        project0_.status as status8_0_ 
    from
        project project0_ 
    where
        project0_.name=?
Hibernate: 
    select
        project0_.id as id1_0_,
        project0_.creation_date as creation2_0_,
        project0_.description as descript3_0_,
        project0_.finish_date as finish_d4_0_,
        project0_.name as name5_0_,
        project0_.project_leader_id as project_6_0_,
        project0_.start_date as start_da7_0_,
        project0_.status as status8_0_ 
    from
        project project0_
Hibernate: 
    delete 
    from
        project 
    where
        id=?
After all test execution
Resetting system
Hibernate: 
    select
        project0_.id as id1_0_,
        project0_.creation_date as creation2_0_,
        project0_.description as descript3_0_,
        project0_.finish_date as finish_d4_0_,
        project0_.name as name5_0_,
        project0_.project_leader_id as project_6_0_,
        project0_.start_date as start_da7_0_,
        project0_.status as status8_0_ 
    from
        project project0_
Hibernate: 
    select
        project0_.id as id1_0_,
        project0_.creation_date as creation2_0_,
        project0_.description as descript3_0_,
        project0_.finish_date as finish_d4_0_,
        project0_.name as name5_0_,
        project0_.project_leader_id as project_6_0_,
        project0_.start_date as start_da7_0_,
        project0_.status as status8_0_ 
    from
        project project0_
After all test execution
Resetting system
Hibernate: 
    select
        task0_.id as id1_1_,
        task0_.asigned_id as asigned_2_1_,
        task0_.creation_date as creation3_1_,
        task0_.description as descript4_1_,
        task0_.estimated_duration as estimate5_1_,
        task0_.finish_date as finish_d6_1_,
        task0_.name as name7_1_,
        task0_.priority as priority8_1_,
        task0_.project_id as project_9_1_,
        task0_.start_date as start_d10_1_,
        task0_.status as status11_1_ 
    from
        task task0_
Hibernate: 
    select
        task0_.id as id1_1_,
        task0_.asigned_id as asigned_2_1_,
        task0_.creation_date as creation3_1_,
        task0_.description as descript4_1_,
        task0_.estimated_duration as estimate5_1_,
        task0_.finish_date as finish_d6_1_,
        task0_.name as name7_1_,
        task0_.priority as priority8_1_,
        task0_.project_id as project_9_1_,
        task0_.start_date as start_d10_1_,
        task0_.status as status11_1_ 
    from
        task task0_
After all test execution
Resetting system
Hibernate: 
    select
        project0_.id as id1_0_,
        project0_.creation_date as creation2_0_,
        project0_.description as descript3_0_,
        project0_.finish_date as finish_d4_0_,
        project0_.name as name5_0_,
        project0_.project_leader_id as project_6_0_,
        project0_.start_date as start_da7_0_,
        project0_.status as status8_0_ 
    from
        project project0_
After all test execution
Hibernate: 
    select
        task0_.id as id1_1_,
        task0_.asigned_id as asigned_2_1_,
        task0_.creation_date as creation3_1_,
        task0_.description as descript4_1_,
        task0_.estimated_duration as estimate5_1_,
        task0_.finish_date as finish_d6_1_,
        task0_.name as name7_1_,
        task0_.priority as priority8_1_,
        task0_.project_id as project_9_1_,
        task0_.start_date as start_d10_1_,
        task0_.status as status11_1_ 
    from
        task task0_
Hibernate: 
    select
        task0_.id as id1_1_,
        task0_.asigned_id as asigned_2_1_,
        task0_.creation_date as creation3_1_,
        task0_.description as descript4_1_,
        task0_.estimated_duration as estimate5_1_,
        task0_.finish_date as finish_d6_1_,
        task0_.name as name7_1_,
        task0_.priority as priority8_1_,
        task0_.project_id as project_9_1_,
        task0_.start_date as start_d10_1_,
        task0_.status as status11_1_ 
    from
        task task0_
After all test execution
2023-12-03 21:17:58.568  INFO 5148 --- [    Test worker] o.s.t.c.support.AbstractContextLoader    : Could not detect default resource locations for test class [com.aninfo.integration.cucumber.ProjectIntegrationServiceTest]: no resource found for suffixes {-context.xml, Context.groovy}.
2023-12-03 21:17:58.569  INFO 5148 --- [    Test worker] .b.t.c.SpringBootTestContextBootstrapper : Loaded default TestExecutionListener class names from location [META-INF/spring.factories]: [org.springframework.boot.test.autoconfigure.restdocs.RestDocsTestExecutionListener, org.springframework.boot.test.autoconfigure.web.client.MockRestServiceServerResetTestExecutionListener, org.springframework.boot.test.autoconfigure.web.servlet.MockMvcPrintOnlyOnFailureTestExecutionListener, org.springframework.boot.test.autoconfigure.web.servlet.WebDriverTestExecutionListener, org.springframework.boot.test.mock.mockito.MockitoTestExecutionListener, org.springframework.boot.test.mock.mockito.ResetMocksTestExecutionListener, org.springframework.test.context.web.ServletTestExecutionListener, org.springframework.test.context.support.DirtiesContextBeforeModesTestExecutionListener, org.springframework.test.context.support.DependencyInjectionTestExecutionListener, org.springframework.test.context.support.DirtiesContextTestExecutionListener, org.springframework.test.context.transaction.TransactionalTestExecutionListener, org.springframework.test.context.jdbc.SqlScriptsTestExecutionListener, org.springframework.test.context.event.EventPublishingTestExecutionListener]
2023-12-03 21:17:58.570  INFO 5148 --- [    Test worker] .b.t.c.SpringBootTestContextBootstrapper : Using TestExecutionListeners: [org.springframework.test.context.web.ServletTestExecutionListener@2f9cd377, org.springframework.test.context.support.DirtiesContextBeforeModesTestExecutionListener@5e682a14, org.springframework.boot.test.mock.mockito.MockitoTestExecutionListener@107b4dbe, org.springframework.boot.test.autoconfigure.SpringBootDependencyInjectionTestExecutionListener@149f33a2, org.springframework.test.context.support.DirtiesContextTestExecutionListener@5d515d2d, org.springframework.test.context.transaction.TransactionalTestExecutionListener@4276f419, org.springframework.test.context.jdbc.SqlScriptsTestExecutionListener@8aa4754, org.springframework.test.context.event.EventPublishingTestExecutionListener@654567c0, org.springframework.boot.test.autoconfigure.restdocs.RestDocsTestExecutionListener@32aaf670, org.springframework.boot.test.autoconfigure.web.client.MockRestServiceServerResetTestExecutionListener@47090a00, org.springframework.boot.test.autoconfigure.web.servlet.MockMvcPrintOnlyOnFailureTestExecutionListener@1dc36552, org.springframework.boot.test.autoconfigure.web.servlet.WebDriverTestExecutionListener@53766a4d, org.springframework.boot.test.mock.mockito.ResetMocksTestExecutionListener@368a0f25]
Before any test execution
Before any test execution
Before any test execution
Before any test execution
Hibernate: 
    select
        project0_.id as id1_0_,
        project0_.creation_date as creation2_0_,
        project0_.description as descript3_0_,
        project0_.finish_date as finish_d4_0_,
        project0_.name as name5_0_,
        project0_.project_leader_id as project_6_0_,
        project0_.start_date as start_da7_0_,
        project0_.status as status8_0_ 
    from
        project project0_ 
    where
        project0_.name=?
Hibernate: 
    call next value for hibernate_sequence
Hibernate: 
    insert 
    into
        project
        (creation_date, description, finish_date, name, project_leader_id, start_date, status, id) 
    values
        (?, ?, ?, ?, ?, ?, ?, ?)
Hibernate: 
    select
        project0_.id as id1_0_,
        project0_.creation_date as creation2_0_,
        project0_.description as descript3_0_,
        project0_.finish_date as finish_d4_0_,
        project0_.name as name5_0_,
        project0_.project_leader_id as project_6_0_,
        project0_.start_date as start_da7_0_,
        project0_.status as status8_0_ 
    from
        project project0_ 
    where
        project0_.name=?
Hibernate: 
    select
        project0_.id as id1_0_,
        project0_.creation_date as creation2_0_,
        project0_.description as descript3_0_,
        project0_.finish_date as finish_d4_0_,
        project0_.name as name5_0_,
        project0_.project_leader_id as project_6_0_,
        project0_.start_date as start_da7_0_,
        project0_.status as status8_0_ 
    from
        project project0_
Hibernate: 
    delete 
    from
        project 
    where
        id=?
After all test execution
Resetting system
Hibernate: 
    select
        project0_.id as id1_0_,
        project0_.creation_date as creation2_0_,
        project0_.description as descript3_0_,
        project0_.finish_date as finish_d4_0_,
        project0_.name as name5_0_,
        project0_.project_leader_id as project_6_0_,
        project0_.start_date as start_da7_0_,
        project0_.status as status8_0_ 
    from
        project project0_
Hibernate: 
    select
        project0_.id as id1_0_,
        project0_.creation_date as creation2_0_,
        project0_.description as descript3_0_,
        project0_.finish_date as finish_d4_0_,
        project0_.name as name5_0_,
        project0_.project_leader_id as project_6_0_,
        project0_.start_date as start_da7_0_,
        project0_.status as status8_0_ 
    from
        project project0_
After all test execution
Resetting system
Hibernate: 
    select
        task0_.id as id1_1_,
        task0_.asigned_id as asigned_2_1_,
        task0_.creation_date as creation3_1_,
        task0_.description as descript4_1_,
        task0_.estimated_duration as estimate5_1_,
        task0_.finish_date as finish_d6_1_,
        task0_.name as name7_1_,
        task0_.priority as priority8_1_,
        task0_.project_id as project_9_1_,
        task0_.start_date as start_d10_1_,
        task0_.status as status11_1_ 
    from
        task task0_
Hibernate: 
    select
        task0_.id as id1_1_,
        task0_.asigned_id as asigned_2_1_,
        task0_.creation_date as creation3_1_,
        task0_.description as descript4_1_,
        task0_.estimated_duration as estimate5_1_,
        task0_.finish_date as finish_d6_1_,
        task0_.name as name7_1_,
        task0_.priority as priority8_1_,
        task0_.project_id as project_9_1_,
        task0_.start_date as start_d10_1_,
        task0_.status as status11_1_ 
    from
        task task0_
After all test execution
Resetting system
Hibernate: 
    select
        project0_.id as id1_0_,
        project0_.creation_date as creation2_0_,
        project0_.description as descript3_0_,
        project0_.finish_date as finish_d4_0_,
        project0_.name as name5_0_,
        project0_.project_leader_id as project_6_0_,
        project0_.start_date as start_da7_0_,
        project0_.status as status8_0_ 
    from
        project project0_
After all test execution
Hibernate: 
    select
        task0_.id as id1_1_,
        task0_.asigned_id as asigned_2_1_,
        task0_.creation_date as creation3_1_,
        task0_.description as descript4_1_,
        task0_.estimated_duration as estimate5_1_,
        task0_.finish_date as finish_d6_1_,
        task0_.name as name7_1_,
        task0_.priority as priority8_1_,
        task0_.project_id as project_9_1_,
        task0_.start_date as start_d10_1_,
        task0_.status as status11_1_ 
    from
        task task0_
Hibernate: 
    select
        task0_.id as id1_1_,
        task0_.asigned_id as asigned_2_1_,
        task0_.creation_date as creation3_1_,
        task0_.description as descript4_1_,
        task0_.estimated_duration as estimate5_1_,
        task0_.finish_date as finish_d6_1_,
        task0_.name as name7_1_,
        task0_.priority as priority8_1_,
        task0_.project_id as project_9_1_,
        task0_.start_date as start_d10_1_,
        task0_.status as status11_1_ 
    from
        task task0_
After all test execution
2023-12-03 21:17:58.625  INFO 5148 --- [    Test worker] o.s.t.c.support.AbstractContextLoader    : Could not detect default resource locations for test class [com.aninfo.integration.cucumber.ProjectIntegrationServiceTest]: no resource found for suffixes {-context.xml, Context.groovy}.
2023-12-03 21:17:58.628  INFO 5148 --- [    Test worker] .b.t.c.SpringBootTestContextBootstrapper : Loaded default TestExecutionListener class names from location [META-INF/spring.factories]: [org.springframework.boot.test.autoconfigure.restdocs.RestDocsTestExecutionListener, org.springframework.boot.test.autoconfigure.web.client.MockRestServiceServerResetTestExecutionListener, org.springframework.boot.test.autoconfigure.web.servlet.MockMvcPrintOnlyOnFailureTestExecutionListener, org.springframework.boot.test.autoconfigure.web.servlet.WebDriverTestExecutionListener, org.springframework.boot.test.mock.mockito.MockitoTestExecutionListener, org.springframework.boot.test.mock.mockito.ResetMocksTestExecutionListener, org.springframework.test.context.web.ServletTestExecutionListener, org.springframework.test.context.support.DirtiesContextBeforeModesTestExecutionListener, org.springframework.test.context.support.DependencyInjectionTestExecutionListener, org.springframework.test.context.support.DirtiesContextTestExecutionListener, org.springframework.test.context.transaction.TransactionalTestExecutionListener, org.springframework.test.context.jdbc.SqlScriptsTestExecutionListener, org.springframework.test.context.event.EventPublishingTestExecutionListener]
2023-12-03 21:17:58.629  INFO 5148 --- [    Test worker] .b.t.c.SpringBootTestContextBootstrapper : Using TestExecutionListeners: [org.springframework.test.context.web.ServletTestExecutionListener@60fc54db, org.springframework.test.context.support.DirtiesContextBeforeModesTestExecutionListener@721f1694, org.springframework.boot.test.mock.mockito.MockitoTestExecutionListener@19908694, org.springframework.boot.test.autoconfigure.SpringBootDependencyInjectionTestExecutionListener@1a679ff3, org.springframework.test.context.support.DirtiesContextTestExecutionListener@18bf5ae8, org.springframework.test.context.transaction.TransactionalTestExecutionListener@129e44dd, org.springframework.test.context.jdbc.SqlScriptsTestExecutionListener@f27d43c, org.springframework.test.context.event.EventPublishingTestExecutionListener@29195a2c, org.springframework.boot.test.autoconfigure.restdocs.RestDocsTestExecutionListener@4b932dfd, org.springframework.boot.test.autoconfigure.web.client.MockRestServiceServerResetTestExecutionListener@2b4b20fe, org.springframework.boot.test.autoconfigure.web.servlet.MockMvcPrintOnlyOnFailureTestExecutionListener@1a7c879f, org.springframework.boot.test.autoconfigure.web.servlet.WebDriverTestExecutionListener@795776c6, org.springframework.boot.test.mock.mockito.ResetMocksTestExecutionListener@2bf950d4]
Before any test execution
Before any test execution
Before any test execution
Before any test execution
Hibernate: 
    select
        project0_.id as id1_0_,
        project0_.creation_date as creation2_0_,
        project0_.description as descript3_0_,
        project0_.finish_date as finish_d4_0_,
        project0_.name as name5_0_,
        project0_.project_leader_id as project_6_0_,
        project0_.start_date as start_da7_0_,
        project0_.status as status8_0_ 
    from
        project project0_ 
    where
        project0_.name=?
Hibernate: 
    call next value for hibernate_sequence
Hibernate: 
    insert 
    into
        project
        (creation_date, description, finish_date, name, project_leader_id, start_date, status, id) 
    values
        (?, ?, ?, ?, ?, ?, ?, ?)
Hibernate: 
    select
        project0_.id as id1_0_,
        project0_.creation_date as creation2_0_,
        project0_.description as descript3_0_,
        project0_.finish_date as finish_d4_0_,
        project0_.name as name5_0_,
        project0_.project_leader_id as project_6_0_,
        project0_.start_date as start_da7_0_,
        project0_.status as status8_0_ 
    from
        project project0_
Hibernate: 
    delete 
    from
        project 
    where
        id=?
After all test execution
Resetting system
Hibernate: 
    select
        project0_.id as id1_0_,
        project0_.creation_date as creation2_0_,
        project0_.description as descript3_0_,
        project0_.finish_date as finish_d4_0_,
        project0_.name as name5_0_,
        project0_.project_leader_id as project_6_0_,
        project0_.start_date as start_da7_0_,
        project0_.status as status8_0_ 
    from
        project project0_
Hibernate: 
    select
        project0_.id as id1_0_,
        project0_.creation_date as creation2_0_,
        project0_.description as descript3_0_,
        project0_.finish_date as finish_d4_0_,
        project0_.name as name5_0_,
        project0_.project_leader_id as project_6_0_,
        project0_.start_date as start_da7_0_,
        project0_.status as status8_0_ 
    from
        project project0_
After all test execution
Resetting system
Hibernate: 
    select
        task0_.id as id1_1_,
        task0_.asigned_id as asigned_2_1_,
        task0_.creation_date as creation3_1_,
        task0_.description as descript4_1_,
        task0_.estimated_duration as estimate5_1_,
        task0_.finish_date as finish_d6_1_,
        task0_.name as name7_1_,
        task0_.priority as priority8_1_,
        task0_.project_id as project_9_1_,
        task0_.start_date as start_d10_1_,
        task0_.status as status11_1_ 
    from
        task task0_
Hibernate: 
    select
        task0_.id as id1_1_,
        task0_.asigned_id as asigned_2_1_,
        task0_.creation_date as creation3_1_,
        task0_.description as descript4_1_,
        task0_.estimated_duration as estimate5_1_,
        task0_.finish_date as finish_d6_1_,
        task0_.name as name7_1_,
        task0_.priority as priority8_1_,
        task0_.project_id as project_9_1_,
        task0_.start_date as start_d10_1_,
        task0_.status as status11_1_ 
    from
        task task0_
After all test execution
Resetting system
Hibernate: 
    select
        project0_.id as id1_0_,
        project0_.creation_date as creation2_0_,
        project0_.description as descript3_0_,
        project0_.finish_date as finish_d4_0_,
        project0_.name as name5_0_,
        project0_.project_leader_id as project_6_0_,
        project0_.start_date as start_da7_0_,
        project0_.status as status8_0_ 
    from
        project project0_
After all test execution
Hibernate: 
    select
        task0_.id as id1_1_,
        task0_.asigned_id as asigned_2_1_,
        task0_.creation_date as creation3_1_,
        task0_.description as descript4_1_,
        task0_.estimated_duration as estimate5_1_,
        task0_.finish_date as finish_d6_1_,
        task0_.name as name7_1_,
        task0_.priority as priority8_1_,
        task0_.project_id as project_9_1_,
        task0_.start_date as start_d10_1_,
        task0_.status as status11_1_ 
    from
        task task0_
Hibernate: 
    select
        task0_.id as id1_1_,
        task0_.asigned_id as asigned_2_1_,
        task0_.creation_date as creation3_1_,
        task0_.description as descript4_1_,
        task0_.estimated_duration as estimate5_1_,
        task0_.finish_date as finish_d6_1_,
        task0_.name as name7_1_,
        task0_.priority as priority8_1_,
        task0_.project_id as project_9_1_,
        task0_.start_date as start_d10_1_,
        task0_.status as status11_1_ 
    from
        task task0_
After all test execution
2023-12-03 21:17:58.674  INFO 5148 --- [    Test worker] o.s.t.c.support.AbstractContextLoader    : Could not detect default resource locations for test class [com.aninfo.integration.cucumber.ProjectIntegrationServiceTest]: no resource found for suffixes {-context.xml, Context.groovy}.
2023-12-03 21:17:58.678  INFO 5148 --- [    Test worker] .b.t.c.SpringBootTestContextBootstrapper : Loaded default TestExecutionListener class names from location [META-INF/spring.factories]: [org.springframework.boot.test.autoconfigure.restdocs.RestDocsTestExecutionListener, org.springframework.boot.test.autoconfigure.web.client.MockRestServiceServerResetTestExecutionListener, org.springframework.boot.test.autoconfigure.web.servlet.MockMvcPrintOnlyOnFailureTestExecutionListener, org.springframework.boot.test.autoconfigure.web.servlet.WebDriverTestExecutionListener, org.springframework.boot.test.mock.mockito.MockitoTestExecutionListener, org.springframework.boot.test.mock.mockito.ResetMocksTestExecutionListener, org.springframework.test.context.web.ServletTestExecutionListener, org.springframework.test.context.support.DirtiesContextBeforeModesTestExecutionListener, org.springframework.test.context.support.DependencyInjectionTestExecutionListener, org.springframework.test.context.support.DirtiesContextTestExecutionListener, org.springframework.test.context.transaction.TransactionalTestExecutionListener, org.springframework.test.context.jdbc.SqlScriptsTestExecutionListener, org.springframework.test.context.event.EventPublishingTestExecutionListener]
2023-12-03 21:17:58.679  INFO 5148 --- [    Test worker] .b.t.c.SpringBootTestContextBootstrapper : Using TestExecutionListeners: [org.springframework.test.context.web.ServletTestExecutionListener@736ded3, org.springframework.test.context.support.DirtiesContextBeforeModesTestExecutionListener@14ae826, org.springframework.boot.test.mock.mockito.MockitoTestExecutionListener@503307f1, org.springframework.boot.test.autoconfigure.SpringBootDependencyInjectionTestExecutionListener@feb2f36, org.springframework.test.context.support.DirtiesContextTestExecutionListener@3e1aa85e, org.springframework.test.context.transaction.TransactionalTestExecutionListener@68c77c63, org.springframework.test.context.jdbc.SqlScriptsTestExecutionListener@2003e205, org.springframework.test.context.event.EventPublishingTestExecutionListener@76c7ebac, org.springframework.boot.test.autoconfigure.restdocs.RestDocsTestExecutionListener@1d74e572, org.springframework.boot.test.autoconfigure.web.client.MockRestServiceServerResetTestExecutionListener@4e83b6db, org.springframework.boot.test.autoconfigure.web.servlet.MockMvcPrintOnlyOnFailureTestExecutionListener@71af66c4, org.springframework.boot.test.autoconfigure.web.servlet.WebDriverTestExecutionListener@387c79d6, org.springframework.boot.test.mock.mockito.ResetMocksTestExecutionListener@21954de]
Before any test execution
Before any test execution
Before any test execution
Before any test execution
Hibernate: 
    select
        project0_.id as id1_0_,
        project0_.creation_date as creation2_0_,
        project0_.description as descript3_0_,
        project0_.finish_date as finish_d4_0_,
        project0_.name as name5_0_,
        project0_.project_leader_id as project_6_0_,
        project0_.start_date as start_da7_0_,
        project0_.status as status8_0_ 
    from
        project project0_ 
    where
        project0_.name=?
Hibernate: 
    call next value for hibernate_sequence
Hibernate: 
    insert 
    into
        project
        (creation_date, description, finish_date, name, project_leader_id, start_date, status, id) 
    values
        (?, ?, ?, ?, ?, ?, ?, ?)
Hibernate: 
    select
        project0_.id as id1_0_,
        project0_.creation_date as creation2_0_,
        project0_.description as descript3_0_,
        project0_.finish_date as finish_d4_0_,
        project0_.name as name5_0_,
        project0_.project_leader_id as project_6_0_,
        project0_.start_date as start_da7_0_,
        project0_.status as status8_0_ 
    from
        project project0_ 
    where
        project0_.name=?
Hibernate: 
    select
        project0_.id as id1_0_,
        project0_.creation_date as creation2_0_,
        project0_.description as descript3_0_,
        project0_.finish_date as finish_d4_0_,
        project0_.name as name5_0_,
        project0_.project_leader_id as project_6_0_,
        project0_.start_date as start_da7_0_,
        project0_.status as status8_0_ 
    from
        project project0_
Hibernate: 
    delete 
    from
        project 
    where
        id=?
After all test execution
Resetting system
Hibernate: 
    select
        project0_.id as id1_0_,
        project0_.creation_date as creation2_0_,
        project0_.description as descript3_0_,
        project0_.finish_date as finish_d4_0_,
        project0_.name as name5_0_,
        project0_.project_leader_id as project_6_0_,
        project0_.start_date as start_da7_0_,
        project0_.status as status8_0_ 
    from
        project project0_
Hibernate: 
    select
        project0_.id as id1_0_,
        project0_.creation_date as creation2_0_,
        project0_.description as descript3_0_,
        project0_.finish_date as finish_d4_0_,
        project0_.name as name5_0_,
        project0_.project_leader_id as project_6_0_,
        project0_.start_date as start_da7_0_,
        project0_.status as status8_0_ 
    from
        project project0_
After all test execution
Resetting system
Hibernate: 
    select
        task0_.id as id1_1_,
        task0_.asigned_id as asigned_2_1_,
        task0_.creation_date as creation3_1_,
        task0_.description as descript4_1_,
        task0_.estimated_duration as estimate5_1_,
        task0_.finish_date as finish_d6_1_,
        task0_.name as name7_1_,
        task0_.priority as priority8_1_,
        task0_.project_id as project_9_1_,
        task0_.start_date as start_d10_1_,
        task0_.status as status11_1_ 
    from
        task task0_
Hibernate: 
    select
        task0_.id as id1_1_,
        task0_.asigned_id as asigned_2_1_,
        task0_.creation_date as creation3_1_,
        task0_.description as descript4_1_,
        task0_.estimated_duration as estimate5_1_,
        task0_.finish_date as finish_d6_1_,
        task0_.name as name7_1_,
        task0_.priority as priority8_1_,
        task0_.project_id as project_9_1_,
        task0_.start_date as start_d10_1_,
        task0_.status as status11_1_ 
    from
        task task0_
After all test execution
Resetting system
Hibernate: 
    select
        project0_.id as id1_0_,
        project0_.creation_date as creation2_0_,
        project0_.description as descript3_0_,
        project0_.finish_date as finish_d4_0_,
        project0_.name as name5_0_,
        project0_.project_leader_id as project_6_0_,
        project0_.start_date as start_da7_0_,
        project0_.status as status8_0_ 
    from
        project project0_
After all test execution
Hibernate: 
    select
        task0_.id as id1_1_,
        task0_.asigned_id as asigned_2_1_,
        task0_.creation_date as creation3_1_,
        task0_.description as descript4_1_,
        task0_.estimated_duration as estimate5_1_,
        task0_.finish_date as finish_d6_1_,
        task0_.name as name7_1_,
        task0_.priority as priority8_1_,
        task0_.project_id as project_9_1_,
        task0_.start_date as start_d10_1_,
        task0_.status as status11_1_ 
    from
        task task0_
Hibernate: 
    select
        task0_.id as id1_1_,
        task0_.asigned_id as asigned_2_1_,
        task0_.creation_date as creation3_1_,
        task0_.description as descript4_1_,
        task0_.estimated_duration as estimate5_1_,
        task0_.finish_date as finish_d6_1_,
        task0_.name as name7_1_,
        task0_.priority as priority8_1_,
        task0_.project_id as project_9_1_,
        task0_.start_date as start_d10_1_,
        task0_.status as status11_1_ 
    from
        task task0_
After all test execution
2023-12-03 21:17:58.741  INFO 5148 --- [    Test worker] o.s.t.c.support.AbstractContextLoader    : Could not detect default resource locations for test class [com.aninfo.integration.cucumber.ProjectIntegrationServiceTest]: no resource found for suffixes {-context.xml, Context.groovy}.
2023-12-03 21:17:58.752  INFO 5148 --- [    Test worker] .b.t.c.SpringBootTestContextBootstrapper : Loaded default TestExecutionListener class names from location [META-INF/spring.factories]: [org.springframework.boot.test.autoconfigure.restdocs.RestDocsTestExecutionListener, org.springframework.boot.test.autoconfigure.web.client.MockRestServiceServerResetTestExecutionListener, org.springframework.boot.test.autoconfigure.web.servlet.MockMvcPrintOnlyOnFailureTestExecutionListener, org.springframework.boot.test.autoconfigure.web.servlet.WebDriverTestExecutionListener, org.springframework.boot.test.mock.mockito.MockitoTestExecutionListener, org.springframework.boot.test.mock.mockito.ResetMocksTestExecutionListener, org.springframework.test.context.web.ServletTestExecutionListener, org.springframework.test.context.support.DirtiesContextBeforeModesTestExecutionListener, org.springframework.test.context.support.DependencyInjectionTestExecutionListener, org.springframework.test.context.support.DirtiesContextTestExecutionListener, org.springframework.test.context.transaction.TransactionalTestExecutionListener, org.springframework.test.context.jdbc.SqlScriptsTestExecutionListener, org.springframework.test.context.event.EventPublishingTestExecutionListener]
2023-12-03 21:17:58.754  INFO 5148 --- [    Test worker] .b.t.c.SpringBootTestContextBootstrapper : Using TestExecutionListeners: [org.springframework.test.context.web.ServletTestExecutionListener@737a000f, org.springframework.test.context.support.DirtiesContextBeforeModesTestExecutionListener@4b289e93, org.springframework.boot.test.mock.mockito.MockitoTestExecutionListener@7123b5ff, org.springframework.boot.test.autoconfigure.SpringBootDependencyInjectionTestExecutionListener@6c96eacd, org.springframework.test.context.support.DirtiesContextTestExecutionListener@4fcfe528, org.springframework.test.context.transaction.TransactionalTestExecutionListener@401c3644, org.springframework.test.context.jdbc.SqlScriptsTestExecutionListener@2cfcfff5, org.springframework.test.context.event.EventPublishingTestExecutionListener@77e7b825, org.springframework.boot.test.autoconfigure.restdocs.RestDocsTestExecutionListener@4731e554, org.springframework.boot.test.autoconfigure.web.client.MockRestServiceServerResetTestExecutionListener@663e45e0, org.springframework.boot.test.autoconfigure.web.servlet.MockMvcPrintOnlyOnFailureTestExecutionListener@2df61d85, org.springframework.boot.test.autoconfigure.web.servlet.WebDriverTestExecutionListener@671abe8e, org.springframework.boot.test.mock.mockito.ResetMocksTestExecutionListener@2f49ec7c]
Before any test execution
Before any test execution
Before any test execution
Before any test execution
Hibernate: 
    select
        project0_.id as id1_0_,
        project0_.creation_date as creation2_0_,
        project0_.description as descript3_0_,
        project0_.finish_date as finish_d4_0_,
        project0_.name as name5_0_,
        project0_.project_leader_id as project_6_0_,
        project0_.start_date as start_da7_0_,
        project0_.status as status8_0_ 
    from
        project project0_ 
    where
        project0_.name=?
Hibernate: 
    call next value for hibernate_sequence
Hibernate: 
    insert 
    into
        project
        (creation_date, description, finish_date, name, project_leader_id, start_date, status, id) 
    values
        (?, ?, ?, ?, ?, ?, ?, ?)
Hibernate: 
    select
        project0_.id as id1_0_,
        project0_.creation_date as creation2_0_,
        project0_.description as descript3_0_,
        project0_.finish_date as finish_d4_0_,
        project0_.name as name5_0_,
        project0_.project_leader_id as project_6_0_,
        project0_.start_date as start_da7_0_,
        project0_.status as status8_0_ 
    from
        project project0_ 
    where
        project0_.name=?
Hibernate: 
    call next value for hibernate_sequence
Hibernate: 
    insert 
    into
        project
        (creation_date, description, finish_date, name, project_leader_id, start_date, status, id) 
    values
        (?, ?, ?, ?, ?, ?, ?, ?)
Hibernate: 
    select
        project0_.id as id1_0_,
        project0_.creation_date as creation2_0_,
        project0_.description as descript3_0_,
        project0_.finish_date as finish_d4_0_,
        project0_.name as name5_0_,
        project0_.project_leader_id as project_6_0_,
        project0_.start_date as start_da7_0_,
        project0_.status as status8_0_ 
    from
        project project0_
Hibernate: 
    delete 
    from
        project 
    where
        id=?
Hibernate: 
    delete 
    from
        project 
    where
        id=?
After all test execution
Resetting system
Hibernate: 
    select
        project0_.id as id1_0_,
        project0_.creation_date as creation2_0_,
        project0_.description as descript3_0_,
        project0_.finish_date as finish_d4_0_,
        project0_.name as name5_0_,
        project0_.project_leader_id as project_6_0_,
        project0_.start_date as start_da7_0_,
        project0_.status as status8_0_ 
    from
        project project0_
Hibernate: 
    select
        project0_.id as id1_0_,
        project0_.creation_date as creation2_0_,
        project0_.description as descript3_0_,
        project0_.finish_date as finish_d4_0_,
        project0_.name as name5_0_,
        project0_.project_leader_id as project_6_0_,
        project0_.start_date as start_da7_0_,
        project0_.status as status8_0_ 
    from
        project project0_
After all test execution
Resetting system
Hibernate: 
    select
        task0_.id as id1_1_,
        task0_.asigned_id as asigned_2_1_,
        task0_.creation_date as creation3_1_,
        task0_.description as descript4_1_,
        task0_.estimated_duration as estimate5_1_,
        task0_.finish_date as finish_d6_1_,
        task0_.name as name7_1_,
        task0_.priority as priority8_1_,
        task0_.project_id as project_9_1_,
        task0_.start_date as start_d10_1_,
        task0_.status as status11_1_ 
    from
        task task0_
Hibernate: 
    select
        task0_.id as id1_1_,
        task0_.asigned_id as asigned_2_1_,
        task0_.creation_date as creation3_1_,
        task0_.description as descript4_1_,
        task0_.estimated_duration as estimate5_1_,
        task0_.finish_date as finish_d6_1_,
        task0_.name as name7_1_,
        task0_.priority as priority8_1_,
        task0_.project_id as project_9_1_,
        task0_.start_date as start_d10_1_,
        task0_.status as status11_1_ 
    from
        task task0_
After all test execution
Resetting system
Hibernate: 
    select
        project0_.id as id1_0_,
        project0_.creation_date as creation2_0_,
        project0_.description as descript3_0_,
        project0_.finish_date as finish_d4_0_,
        project0_.name as name5_0_,
        project0_.project_leader_id as project_6_0_,
        project0_.start_date as start_da7_0_,
        project0_.status as status8_0_ 
    from
        project project0_
After all test execution
Hibernate: 
    select
        task0_.id as id1_1_,
        task0_.asigned_id as asigned_2_1_,
        task0_.creation_date as creation3_1_,
        task0_.description as descript4_1_,
        task0_.estimated_duration as estimate5_1_,
        task0_.finish_date as finish_d6_1_,
        task0_.name as name7_1_,
        task0_.priority as priority8_1_,
        task0_.project_id as project_9_1_,
        task0_.start_date as start_d10_1_,
        task0_.status as status11_1_ 
    from
        task task0_
Hibernate: 
    select
        task0_.id as id1_1_,
        task0_.asigned_id as asigned_2_1_,
        task0_.creation_date as creation3_1_,
        task0_.description as descript4_1_,
        task0_.estimated_duration as estimate5_1_,
        task0_.finish_date as finish_d6_1_,
        task0_.name as name7_1_,
        task0_.priority as priority8_1_,
        task0_.project_id as project_9_1_,
        task0_.start_date as start_d10_1_,
        task0_.status as status11_1_ 
    from
        task task0_
After all test execution
2023-12-03 21:17:58.812  INFO 5148 --- [    Test worker] o.s.t.c.support.AbstractContextLoader    : Could not detect default resource locations for test class [com.aninfo.integration.cucumber.ProjectIntegrationServiceTest]: no resource found for suffixes {-context.xml, Context.groovy}.
2023-12-03 21:17:58.816  INFO 5148 --- [    Test worker] .b.t.c.SpringBootTestContextBootstrapper : Loaded default TestExecutionListener class names from location [META-INF/spring.factories]: [org.springframework.boot.test.autoconfigure.restdocs.RestDocsTestExecutionListener, org.springframework.boot.test.autoconfigure.web.client.MockRestServiceServerResetTestExecutionListener, org.springframework.boot.test.autoconfigure.web.servlet.MockMvcPrintOnlyOnFailureTestExecutionListener, org.springframework.boot.test.autoconfigure.web.servlet.WebDriverTestExecutionListener, org.springframework.boot.test.mock.mockito.MockitoTestExecutionListener, org.springframework.boot.test.mock.mockito.ResetMocksTestExecutionListener, org.springframework.test.context.web.ServletTestExecutionListener, org.springframework.test.context.support.DirtiesContextBeforeModesTestExecutionListener, org.springframework.test.context.support.DependencyInjectionTestExecutionListener, org.springframework.test.context.support.DirtiesContextTestExecutionListener, org.springframework.test.context.transaction.TransactionalTestExecutionListener, org.springframework.test.context.jdbc.SqlScriptsTestExecutionListener, org.springframework.test.context.event.EventPublishingTestExecutionListener]
2023-12-03 21:17:58.817  INFO 5148 --- [    Test worker] .b.t.c.SpringBootTestContextBootstrapper : Using TestExecutionListeners: [org.springframework.test.context.web.ServletTestExecutionListener@1e879612, org.springframework.test.context.support.DirtiesContextBeforeModesTestExecutionListener@42aa9fd2, org.springframework.boot.test.mock.mockito.MockitoTestExecutionListener@6a37fa3, org.springframework.boot.test.autoconfigure.SpringBootDependencyInjectionTestExecutionListener@786803c3, org.springframework.test.context.support.DirtiesContextTestExecutionListener@5afd2dda, org.springframework.test.context.transaction.TransactionalTestExecutionListener@4cbf7d58, org.springframework.test.context.jdbc.SqlScriptsTestExecutionListener@51fc4d0b, org.springframework.test.context.event.EventPublishingTestExecutionListener@69322aec, org.springframework.boot.test.autoconfigure.restdocs.RestDocsTestExecutionListener@5a1259ed, org.springframework.boot.test.autoconfigure.web.client.MockRestServiceServerResetTestExecutionListener@6df0ba4a, org.springframework.boot.test.autoconfigure.web.servlet.MockMvcPrintOnlyOnFailureTestExecutionListener@5ed726ea, org.springframework.boot.test.autoconfigure.web.servlet.WebDriverTestExecutionListener@26ca0296, org.springframework.boot.test.mock.mockito.ResetMocksTestExecutionListener@6edfea93]
Before any test execution
Before any test execution
Before any test execution
Before any test execution
Hibernate: 
    select
        project0_.id as id1_0_,
        project0_.creation_date as creation2_0_,
        project0_.description as descript3_0_,
        project0_.finish_date as finish_d4_0_,
        project0_.name as name5_0_,
        project0_.project_leader_id as project_6_0_,
        project0_.start_date as start_da7_0_,
        project0_.status as status8_0_ 
    from
        project project0_ 
    where
        project0_.name=?
Hibernate: 
    call next value for hibernate_sequence
Hibernate: 
    insert 
    into
        project
        (creation_date, description, finish_date, name, project_leader_id, start_date, status, id) 
    values
        (?, ?, ?, ?, ?, ?, ?, ?)
Hibernate: 
    select
        project0_.id as id1_0_,
        project0_.creation_date as creation2_0_,
        project0_.description as descript3_0_,
        project0_.finish_date as finish_d4_0_,
        project0_.name as name5_0_,
        project0_.project_leader_id as project_6_0_,
        project0_.start_date as start_da7_0_,
        project0_.status as status8_0_ 
    from
        project project0_ 
    where
        project0_.name=?
Hibernate: 
    select
        project0_.id as id1_0_0_,
        project0_.creation_date as creation2_0_0_,
        project0_.description as descript3_0_0_,
        project0_.finish_date as finish_d4_0_0_,
        project0_.name as name5_0_0_,
        project0_.project_leader_id as project_6_0_0_,
        project0_.start_date as start_da7_0_0_,
        project0_.status as status8_0_0_ 
    from
        project project0_ 
    where
        project0_.id=?
Hibernate: 
    delete 
    from
        project 
    where
        id=?
Hibernate: 
    select
        project0_.id as id1_0_,
        project0_.creation_date as creation2_0_,
        project0_.description as descript3_0_,
        project0_.finish_date as finish_d4_0_,
        project0_.name as name5_0_,
        project0_.project_leader_id as project_6_0_,
        project0_.start_date as start_da7_0_,
        project0_.status as status8_0_ 
    from
        project project0_ 
    where
        project0_.name=?
Hibernate: 
    select
        project0_.id as id1_0_,
        project0_.creation_date as creation2_0_,
        project0_.description as descript3_0_,
        project0_.finish_date as finish_d4_0_,
        project0_.name as name5_0_,
        project0_.project_leader_id as project_6_0_,
        project0_.start_date as start_da7_0_,
        project0_.status as status8_0_ 
    from
        project project0_
After all test execution
Resetting system
Hibernate: 
    select
        project0_.id as id1_0_,
        project0_.creation_date as creation2_0_,
        project0_.description as descript3_0_,
        project0_.finish_date as finish_d4_0_,
        project0_.name as name5_0_,
        project0_.project_leader_id as project_6_0_,
        project0_.start_date as start_da7_0_,
        project0_.status as status8_0_ 
    from
        project project0_
Hibernate: 
    select
        project0_.id as id1_0_,
        project0_.creation_date as creation2_0_,
        project0_.description as descript3_0_,
        project0_.finish_date as finish_d4_0_,
        project0_.name as name5_0_,
        project0_.project_leader_id as project_6_0_,
        project0_.start_date as start_da7_0_,
        project0_.status as status8_0_ 
    from
        project project0_
After all test execution
Resetting system
Hibernate: 
    select
        task0_.id as id1_1_,
        task0_.asigned_id as asigned_2_1_,
        task0_.creation_date as creation3_1_,
        task0_.description as descript4_1_,
        task0_.estimated_duration as estimate5_1_,
        task0_.finish_date as finish_d6_1_,
        task0_.name as name7_1_,
        task0_.priority as priority8_1_,
        task0_.project_id as project_9_1_,
        task0_.start_date as start_d10_1_,
        task0_.status as status11_1_ 
    from
        task task0_
Hibernate: 
    select
        task0_.id as id1_1_,
        task0_.asigned_id as asigned_2_1_,
        task0_.creation_date as creation3_1_,
        task0_.description as descript4_1_,
        task0_.estimated_duration as estimate5_1_,
        task0_.finish_date as finish_d6_1_,
        task0_.name as name7_1_,
        task0_.priority as priority8_1_,
        task0_.project_id as project_9_1_,
        task0_.start_date as start_d10_1_,
        task0_.status as status11_1_ 
    from
        task task0_
After all test execution
Resetting system
Hibernate: 
    select
        project0_.id as id1_0_,
        project0_.creation_date as creation2_0_,
        project0_.description as descript3_0_,
        project0_.finish_date as finish_d4_0_,
        project0_.name as name5_0_,
        project0_.project_leader_id as project_6_0_,
        project0_.start_date as start_da7_0_,
        project0_.status as status8_0_ 
    from
        project project0_
After all test execution
Hibernate: 
    select
        task0_.id as id1_1_,
        task0_.asigned_id as asigned_2_1_,
        task0_.creation_date as creation3_1_,
        task0_.description as descript4_1_,
        task0_.estimated_duration as estimate5_1_,
        task0_.finish_date as finish_d6_1_,
        task0_.name as name7_1_,
        task0_.priority as priority8_1_,
        task0_.project_id as project_9_1_,
        task0_.start_date as start_d10_1_,
        task0_.status as status11_1_ 
    from
        task task0_
Hibernate: 
    select
        task0_.id as id1_1_,
        task0_.asigned_id as asigned_2_1_,
        task0_.creation_date as creation3_1_,
        task0_.description as descript4_1_,
        task0_.estimated_duration as estimate5_1_,
        task0_.finish_date as finish_d6_1_,
        task0_.name as name7_1_,
        task0_.priority as priority8_1_,
        task0_.project_id as project_9_1_,
        task0_.start_date as start_d10_1_,
        task0_.status as status11_1_ 
    from
        task task0_
After all test execution
2023-12-03 21:17:58.871  INFO 5148 --- [    Test worker] o.s.t.c.support.AbstractContextLoader    : Could not detect default resource locations for test class [com.aninfo.integration.cucumber.ProjectIntegrationServiceTest]: no resource found for suffixes {-context.xml, Context.groovy}.
2023-12-03 21:17:58.874  INFO 5148 --- [    Test worker] .b.t.c.SpringBootTestContextBootstrapper : Loaded default TestExecutionListener class names from location [META-INF/spring.factories]: [org.springframework.boot.test.autoconfigure.restdocs.RestDocsTestExecutionListener, org.springframework.boot.test.autoconfigure.web.client.MockRestServiceServerResetTestExecutionListener, org.springframework.boot.test.autoconfigure.web.servlet.MockMvcPrintOnlyOnFailureTestExecutionListener, org.springframework.boot.test.autoconfigure.web.servlet.WebDriverTestExecutionListener, org.springframework.boot.test.mock.mockito.MockitoTestExecutionListener, org.springframework.boot.test.mock.mockito.ResetMocksTestExecutionListener, org.springframework.test.context.web.ServletTestExecutionListener, org.springframework.test.context.support.DirtiesContextBeforeModesTestExecutionListener, org.springframework.test.context.support.DependencyInjectionTestExecutionListener, org.springframework.test.context.support.DirtiesContextTestExecutionListener, org.springframework.test.context.transaction.TransactionalTestExecutionListener, org.springframework.test.context.jdbc.SqlScriptsTestExecutionListener, org.springframework.test.context.event.EventPublishingTestExecutionListener]
2023-12-03 21:17:58.876  INFO 5148 --- [    Test worker] .b.t.c.SpringBootTestContextBootstrapper : Using TestExecutionListeners: [org.springframework.test.context.web.ServletTestExecutionListener@64f47c74, org.springframework.test.context.support.DirtiesContextBeforeModesTestExecutionListener@29c3fec1, org.springframework.boot.test.mock.mockito.MockitoTestExecutionListener@937b67a, org.springframework.boot.test.autoconfigure.SpringBootDependencyInjectionTestExecutionListener@39d734f8, org.springframework.test.context.support.DirtiesContextTestExecutionListener@7e87e86a, org.springframework.test.context.transaction.TransactionalTestExecutionListener@4804348d, org.springframework.test.context.jdbc.SqlScriptsTestExecutionListener@7c34df91, org.springframework.test.context.event.EventPublishingTestExecutionListener@7c44441b, org.springframework.boot.test.autoconfigure.restdocs.RestDocsTestExecutionListener@3d412741, org.springframework.boot.test.autoconfigure.web.client.MockRestServiceServerResetTestExecutionListener@5488dc38, org.springframework.boot.test.autoconfigure.web.servlet.MockMvcPrintOnlyOnFailureTestExecutionListener@e1a496f, org.springframework.boot.test.autoconfigure.web.servlet.WebDriverTestExecutionListener@50a0b02b, org.springframework.boot.test.mock.mockito.ResetMocksTestExecutionListener@64effe51]
Before any test execution
Before any test execution
Before any test execution
Before any test execution
Hibernate: 
    select
        project0_.id as id1_0_,
        project0_.creation_date as creation2_0_,
        project0_.description as descript3_0_,
        project0_.finish_date as finish_d4_0_,
        project0_.name as name5_0_,
        project0_.project_leader_id as project_6_0_,
        project0_.start_date as start_da7_0_,
        project0_.status as status8_0_ 
    from
        project project0_ 
    where
        project0_.name=?
Hibernate: 
    call next value for hibernate_sequence
Hibernate: 
    insert 
    into
        project
        (creation_date, description, finish_date, name, project_leader_id, start_date, status, id) 
    values
        (?, ?, ?, ?, ?, ?, ?, ?)
Hibernate: 
    select
        project0_.id as id1_0_,
        project0_.creation_date as creation2_0_,
        project0_.description as descript3_0_,
        project0_.finish_date as finish_d4_0_,
        project0_.name as name5_0_,
        project0_.project_leader_id as project_6_0_,
        project0_.start_date as start_da7_0_,
        project0_.status as status8_0_ 
    from
        project project0_ 
    where
        project0_.name=?
Hibernate: 
    call next value for hibernate_sequence
Hibernate: 
    insert 
    into
        project
        (creation_date, description, finish_date, name, project_leader_id, start_date, status, id) 
    values
        (?, ?, ?, ?, ?, ?, ?, ?)
Hibernate: 
    select
        project0_.id as id1_0_,
        project0_.creation_date as creation2_0_,
        project0_.description as descript3_0_,
        project0_.finish_date as finish_d4_0_,
        project0_.name as name5_0_,
        project0_.project_leader_id as project_6_0_,
        project0_.start_date as start_da7_0_,
        project0_.status as status8_0_ 
    from
        project project0_ 
    where
        project0_.name=?
Hibernate: 
    select
        project0_.id as id1_0_0_,
        project0_.creation_date as creation2_0_0_,
        project0_.description as descript3_0_0_,
        project0_.finish_date as finish_d4_0_0_,
        project0_.name as name5_0_0_,
        project0_.project_leader_id as project_6_0_0_,
        project0_.start_date as start_da7_0_0_,
        project0_.status as status8_0_0_ 
    from
        project project0_ 
    where
        project0_.id=?
Hibernate: 
    delete 
    from
        project 
    where
        id=?
Hibernate: 
    select
        project0_.id as id1_0_,
        project0_.creation_date as creation2_0_,
        project0_.description as descript3_0_,
        project0_.finish_date as finish_d4_0_,
        project0_.name as name5_0_,
        project0_.project_leader_id as project_6_0_,
        project0_.start_date as start_da7_0_,
        project0_.status as status8_0_ 
    from
        project project0_ 
    where
        project0_.name=?
Hibernate: 
    select
        project0_.id as id1_0_,
        project0_.creation_date as creation2_0_,
        project0_.description as descript3_0_,
        project0_.finish_date as finish_d4_0_,
        project0_.name as name5_0_,
        project0_.project_leader_id as project_6_0_,
        project0_.start_date as start_da7_0_,
        project0_.status as status8_0_ 
    from
        project project0_ 
    where
        project0_.name=?
Hibernate: 
    select
        project0_.id as id1_0_,
        project0_.creation_date as creation2_0_,
        project0_.description as descript3_0_,
        project0_.finish_date as finish_d4_0_,
        project0_.name as name5_0_,
        project0_.project_leader_id as project_6_0_,
        project0_.start_date as start_da7_0_,
        project0_.status as status8_0_ 
    from
        project project0_
Hibernate: 
    delete 
    from
        project 
    where
        id=?
After all test execution
Resetting system
Hibernate: 
    select
        project0_.id as id1_0_,
        project0_.creation_date as creation2_0_,
        project0_.description as descript3_0_,
        project0_.finish_date as finish_d4_0_,
        project0_.name as name5_0_,
        project0_.project_leader_id as project_6_0_,
        project0_.start_date as start_da7_0_,
        project0_.status as status8_0_ 
    from
        project project0_
Hibernate: 
    select
        project0_.id as id1_0_,
        project0_.creation_date as creation2_0_,
        project0_.description as descript3_0_,
        project0_.finish_date as finish_d4_0_,
        project0_.name as name5_0_,
        project0_.project_leader_id as project_6_0_,
        project0_.start_date as start_da7_0_,
        project0_.status as status8_0_ 
    from
        project project0_
After all test execution
Resetting system
Hibernate: 
    select
        task0_.id as id1_1_,
        task0_.asigned_id as asigned_2_1_,
        task0_.creation_date as creation3_1_,
        task0_.description as descript4_1_,
        task0_.estimated_duration as estimate5_1_,
        task0_.finish_date as finish_d6_1_,
        task0_.name as name7_1_,
        task0_.priority as priority8_1_,
        task0_.project_id as project_9_1_,
        task0_.start_date as start_d10_1_,
        task0_.status as status11_1_ 
    from
        task task0_
Hibernate: 
    select
        task0_.id as id1_1_,
        task0_.asigned_id as asigned_2_1_,
        task0_.creation_date as creation3_1_,
        task0_.description as descript4_1_,
        task0_.estimated_duration as estimate5_1_,
        task0_.finish_date as finish_d6_1_,
        task0_.name as name7_1_,
        task0_.priority as priority8_1_,
        task0_.project_id as project_9_1_,
        task0_.start_date as start_d10_1_,
        task0_.status as status11_1_ 
    from
        task task0_
After all test execution
Resetting system
Hibernate: 
    select
        project0_.id as id1_0_,
        project0_.creation_date as creation2_0_,
        project0_.description as descript3_0_,
        project0_.finish_date as finish_d4_0_,
        project0_.name as name5_0_,
        project0_.project_leader_id as project_6_0_,
        project0_.start_date as start_da7_0_,
        project0_.status as status8_0_ 
    from
        project project0_
After all test execution
Hibernate: 
    select
        task0_.id as id1_1_,
        task0_.asigned_id as asigned_2_1_,
        task0_.creation_date as creation3_1_,
        task0_.description as descript4_1_,
        task0_.estimated_duration as estimate5_1_,
        task0_.finish_date as finish_d6_1_,
        task0_.name as name7_1_,
        task0_.priority as priority8_1_,
        task0_.project_id as project_9_1_,
        task0_.start_date as start_d10_1_,
        task0_.status as status11_1_ 
    from
        task task0_
Hibernate: 
    select
        task0_.id as id1_1_,
        task0_.asigned_id as asigned_2_1_,
        task0_.creation_date as creation3_1_,
        task0_.description as descript4_1_,
        task0_.estimated_duration as estimate5_1_,
        task0_.finish_date as finish_d6_1_,
        task0_.name as name7_1_,
        task0_.priority as priority8_1_,
        task0_.project_id as project_9_1_,
        task0_.start_date as start_d10_1_,
        task0_.status as status11_1_ 
    from
        task task0_
After all test execution
2023-12-03 21:17:58.924  INFO 5148 --- [    Test worker] o.s.t.c.support.AbstractContextLoader    : Could not detect default resource locations for test class [com.aninfo.integration.cucumber.ProjectIntegrationServiceTest]: no resource found for suffixes {-context.xml, Context.groovy}.
2023-12-03 21:17:58.926  INFO 5148 --- [    Test worker] .b.t.c.SpringBootTestContextBootstrapper : Loaded default TestExecutionListener class names from location [META-INF/spring.factories]: [org.springframework.boot.test.autoconfigure.restdocs.RestDocsTestExecutionListener, org.springframework.boot.test.autoconfigure.web.client.MockRestServiceServerResetTestExecutionListener, org.springframework.boot.test.autoconfigure.web.servlet.MockMvcPrintOnlyOnFailureTestExecutionListener, org.springframework.boot.test.autoconfigure.web.servlet.WebDriverTestExecutionListener, org.springframework.boot.test.mock.mockito.MockitoTestExecutionListener, org.springframework.boot.test.mock.mockito.ResetMocksTestExecutionListener, org.springframework.test.context.web.ServletTestExecutionListener, org.springframework.test.context.support.DirtiesContextBeforeModesTestExecutionListener, org.springframework.test.context.support.DependencyInjectionTestExecutionListener, org.springframework.test.context.support.DirtiesContextTestExecutionListener, org.springframework.test.context.transaction.TransactionalTestExecutionListener, org.springframework.test.context.jdbc.SqlScriptsTestExecutionListener, org.springframework.test.context.event.EventPublishingTestExecutionListener]
2023-12-03 21:17:58.926  INFO 5148 --- [    Test worker] .b.t.c.SpringBootTestContextBootstrapper : Using TestExecutionListeners: [org.springframework.test.context.web.ServletTestExecutionListener@6270f38f, org.springframework.test.context.support.DirtiesContextBeforeModesTestExecutionListener@702ee520, org.springframework.boot.test.mock.mockito.MockitoTestExecutionListener@19c36181, org.springframework.boot.test.autoconfigure.SpringBootDependencyInjectionTestExecutionListener@2d034861, org.springframework.test.context.support.DirtiesContextTestExecutionListener@488a2ac5, org.springframework.test.context.transaction.TransactionalTestExecutionListener@4f8ac111, org.springframework.test.context.jdbc.SqlScriptsTestExecutionListener@4dc76e08, org.springframework.test.context.event.EventPublishingTestExecutionListener@7ab07791, org.springframework.boot.test.autoconfigure.restdocs.RestDocsTestExecutionListener@6375b600, org.springframework.boot.test.autoconfigure.web.client.MockRestServiceServerResetTestExecutionListener@7aee6136, org.springframework.boot.test.autoconfigure.web.servlet.MockMvcPrintOnlyOnFailureTestExecutionListener@cafe74d, org.springframework.boot.test.autoconfigure.web.servlet.WebDriverTestExecutionListener@75da15b6, org.springframework.boot.test.mock.mockito.ResetMocksTestExecutionListener@3b5168bb]
Before any test execution
Before any test execution
Before any test execution
Before any test execution
Hibernate: 
    select
        project0_.id as id1_0_,
        project0_.creation_date as creation2_0_,
        project0_.description as descript3_0_,
        project0_.finish_date as finish_d4_0_,
        project0_.name as name5_0_,
        project0_.project_leader_id as project_6_0_,
        project0_.start_date as start_da7_0_,
        project0_.status as status8_0_ 
    from
        project project0_ 
    where
        project0_.name=?
Hibernate: 
    call next value for hibernate_sequence
Hibernate: 
    insert 
    into
        project
        (creation_date, description, finish_date, name, project_leader_id, start_date, status, id) 
    values
        (?, ?, ?, ?, ?, ?, ?, ?)
Hibernate: 
    select
        project0_.id as id1_0_,
        project0_.creation_date as creation2_0_,
        project0_.description as descript3_0_,
        project0_.finish_date as finish_d4_0_,
        project0_.name as name5_0_,
        project0_.project_leader_id as project_6_0_,
        project0_.start_date as start_da7_0_,
        project0_.status as status8_0_ 
    from
        project project0_ 
    where
        project0_.name=?
Hibernate: 
    call next value for hibernate_sequence
Hibernate: 
    insert 
    into
        project
        (creation_date, description, finish_date, name, project_leader_id, start_date, status, id) 
    values
        (?, ?, ?, ?, ?, ?, ?, ?)
Hibernate: 
    select
        project0_.id as id1_0_,
        project0_.creation_date as creation2_0_,
        project0_.description as descript3_0_,
        project0_.finish_date as finish_d4_0_,
        project0_.name as name5_0_,
        project0_.project_leader_id as project_6_0_,
        project0_.start_date as start_da7_0_,
        project0_.status as status8_0_ 
    from
        project project0_ 
    where
        project0_.name=?
Hibernate: 
    select
        project0_.id as id1_0_,
        project0_.creation_date as creation2_0_,
        project0_.description as descript3_0_,
        project0_.finish_date as finish_d4_0_,
        project0_.name as name5_0_,
        project0_.project_leader_id as project_6_0_,
        project0_.start_date as start_da7_0_,
        project0_.status as status8_0_ 
    from
        project project0_ 
    where
        project0_.name=?
Hibernate: 
    select
        project0_.id as id1_0_0_,
        project0_.creation_date as creation2_0_0_,
        project0_.description as descript3_0_0_,
        project0_.finish_date as finish_d4_0_0_,
        project0_.name as name5_0_0_,
        project0_.project_leader_id as project_6_0_0_,
        project0_.start_date as start_da7_0_0_,
        project0_.status as status8_0_0_ 
    from
        project project0_ 
    where
        project0_.id=?
Hibernate: 
    select
        project0_.id as id1_0_0_,
        project0_.creation_date as creation2_0_0_,
        project0_.description as descript3_0_0_,
        project0_.finish_date as finish_d4_0_0_,
        project0_.name as name5_0_0_,
        project0_.project_leader_id as project_6_0_0_,
        project0_.start_date as start_da7_0_0_,
        project0_.status as status8_0_0_ 
    from
        project project0_ 
    where
        project0_.id=?
Hibernate: 
    update
        project 
    set
        creation_date=?,
        description=?,
        finish_date=?,
        name=?,
        project_leader_id=?,
        start_date=?,
        status=? 
    where
        id=?
Hibernate: 
    select
        project0_.id as id1_0_,
        project0_.creation_date as creation2_0_,
        project0_.description as descript3_0_,
        project0_.finish_date as finish_d4_0_,
        project0_.name as name5_0_,
        project0_.project_leader_id as project_6_0_,
        project0_.start_date as start_da7_0_,
        project0_.status as status8_0_ 
    from
        project project0_
Hibernate: 
    delete 
    from
        project 
    where
        id=?
Hibernate: 
    delete 
    from
        project 
    where
        id=?
Hibernate: 
    select
        project0_.id as id1_0_,
        project0_.creation_date as creation2_0_,
        project0_.description as descript3_0_,
        project0_.finish_date as finish_d4_0_,
        project0_.name as name5_0_,
        project0_.project_leader_id as project_6_0_,
        project0_.start_date as start_da7_0_,
        project0_.status as status8_0_ 
    from
        project project0_
After all test execution
Resetting system
Hibernate: 
    select
        project0_.id as id1_0_,
        project0_.creation_date as creation2_0_,
        project0_.description as descript3_0_,
        project0_.finish_date as finish_d4_0_,
        project0_.name as name5_0_,
        project0_.project_leader_id as project_6_0_,
        project0_.start_date as start_da7_0_,
        project0_.status as status8_0_ 
    from
        project project0_
Hibernate: 
    select
        project0_.id as id1_0_,
        project0_.creation_date as creation2_0_,
        project0_.description as descript3_0_,
        project0_.finish_date as finish_d4_0_,
        project0_.name as name5_0_,
        project0_.project_leader_id as project_6_0_,
        project0_.start_date as start_da7_0_,
        project0_.status as status8_0_ 
    from
        project project0_
After all test execution
Resetting system
Hibernate: 
    select
        task0_.id as id1_1_,
        task0_.asigned_id as asigned_2_1_,
        task0_.creation_date as creation3_1_,
        task0_.description as descript4_1_,
        task0_.estimated_duration as estimate5_1_,
        task0_.finish_date as finish_d6_1_,
        task0_.name as name7_1_,
        task0_.priority as priority8_1_,
        task0_.project_id as project_9_1_,
        task0_.start_date as start_d10_1_,
        task0_.status as status11_1_ 
    from
        task task0_
Hibernate: 
    select
        task0_.id as id1_1_,
        task0_.asigned_id as asigned_2_1_,
        task0_.creation_date as creation3_1_,
        task0_.description as descript4_1_,
        task0_.estimated_duration as estimate5_1_,
        task0_.finish_date as finish_d6_1_,
        task0_.name as name7_1_,
        task0_.priority as priority8_1_,
        task0_.project_id as project_9_1_,
        task0_.start_date as start_d10_1_,
        task0_.status as status11_1_ 
    from
        task task0_
After all test execution
Resetting system
Hibernate: 
    select
        project0_.id as id1_0_,
        project0_.creation_date as creation2_0_,
        project0_.description as descript3_0_,
        project0_.finish_date as finish_d4_0_,
        project0_.name as name5_0_,
        project0_.project_leader_id as project_6_0_,
        project0_.start_date as start_da7_0_,
        project0_.status as status8_0_ 
    from
        project project0_
After all test execution
Hibernate: 
    select
        task0_.id as id1_1_,
        task0_.asigned_id as asigned_2_1_,
        task0_.creation_date as creation3_1_,
        task0_.description as descript4_1_,
        task0_.estimated_duration as estimate5_1_,
        task0_.finish_date as finish_d6_1_,
        task0_.name as name7_1_,
        task0_.priority as priority8_1_,
        task0_.project_id as project_9_1_,
        task0_.start_date as start_d10_1_,
        task0_.status as status11_1_ 
    from
        task task0_
Hibernate: 
    select
        task0_.id as id1_1_,
        task0_.asigned_id as asigned_2_1_,
        task0_.creation_date as creation3_1_,
        task0_.description as descript4_1_,
        task0_.estimated_duration as estimate5_1_,
        task0_.finish_date as finish_d6_1_,
        task0_.name as name7_1_,
        task0_.priority as priority8_1_,
        task0_.project_id as project_9_1_,
        task0_.start_date as start_d10_1_,
        task0_.status as status11_1_ 
    from
        task task0_
After all test execution
2023-12-03 21:17:58.979  INFO 5148 --- [    Test worker] o.s.t.c.support.AbstractContextLoader    : Could not detect default resource locations for test class [com.aninfo.integration.cucumber.ProjectIntegrationServiceTest]: no resource found for suffixes {-context.xml, Context.groovy}.
2023-12-03 21:17:58.981  INFO 5148 --- [    Test worker] .b.t.c.SpringBootTestContextBootstrapper : Loaded default TestExecutionListener class names from location [META-INF/spring.factories]: [org.springframework.boot.test.autoconfigure.restdocs.RestDocsTestExecutionListener, org.springframework.boot.test.autoconfigure.web.client.MockRestServiceServerResetTestExecutionListener, org.springframework.boot.test.autoconfigure.web.servlet.MockMvcPrintOnlyOnFailureTestExecutionListener, org.springframework.boot.test.autoconfigure.web.servlet.WebDriverTestExecutionListener, org.springframework.boot.test.mock.mockito.MockitoTestExecutionListener, org.springframework.boot.test.mock.mockito.ResetMocksTestExecutionListener, org.springframework.test.context.web.ServletTestExecutionListener, org.springframework.test.context.support.DirtiesContextBeforeModesTestExecutionListener, org.springframework.test.context.support.DependencyInjectionTestExecutionListener, org.springframework.test.context.support.DirtiesContextTestExecutionListener, org.springframework.test.context.transaction.TransactionalTestExecutionListener, org.springframework.test.context.jdbc.SqlScriptsTestExecutionListener, org.springframework.test.context.event.EventPublishingTestExecutionListener]
2023-12-03 21:17:58.981  INFO 5148 --- [    Test worker] .b.t.c.SpringBootTestContextBootstrapper : Using TestExecutionListeners: [org.springframework.test.context.web.ServletTestExecutionListener@3ab2df06, org.springframework.test.context.support.DirtiesContextBeforeModesTestExecutionListener@7c666e5d, org.springframework.boot.test.mock.mockito.MockitoTestExecutionListener@7fd539ff, org.springframework.boot.test.autoconfigure.SpringBootDependencyInjectionTestExecutionListener@28c19eb3, org.springframework.test.context.support.DirtiesContextTestExecutionListener@4272e42, org.springframework.test.context.transaction.TransactionalTestExecutionListener@4b7cbc1d, org.springframework.test.context.jdbc.SqlScriptsTestExecutionListener@1d306e4c, org.springframework.test.context.event.EventPublishingTestExecutionListener@39a05f5f, org.springframework.boot.test.autoconfigure.restdocs.RestDocsTestExecutionListener@4c82317, org.springframework.boot.test.autoconfigure.web.client.MockRestServiceServerResetTestExecutionListener@2afafbc7, org.springframework.boot.test.autoconfigure.web.servlet.MockMvcPrintOnlyOnFailureTestExecutionListener@3426b2da, org.springframework.boot.test.autoconfigure.web.servlet.WebDriverTestExecutionListener@fc759a6, org.springframework.boot.test.mock.mockito.ResetMocksTestExecutionListener@4ad213d2]
Before any test execution
Before any test execution
Before any test execution
Before any test execution
Hibernate: 
    select
        project0_.id as id1_0_,
        project0_.creation_date as creation2_0_,
        project0_.description as descript3_0_,
        project0_.finish_date as finish_d4_0_,
        project0_.name as name5_0_,
        project0_.project_leader_id as project_6_0_,
        project0_.start_date as start_da7_0_,
        project0_.status as status8_0_ 
    from
        project project0_ 
    where
        project0_.name=?
Hibernate: 
    call next value for hibernate_sequence
Hibernate: 
    insert 
    into
        project
        (creation_date, description, finish_date, name, project_leader_id, start_date, status, id) 
    values
        (?, ?, ?, ?, ?, ?, ?, ?)
Hibernate: 
    select
        project0_.id as id1_0_,
        project0_.creation_date as creation2_0_,
        project0_.description as descript3_0_,
        project0_.finish_date as finish_d4_0_,
        project0_.name as name5_0_,
        project0_.project_leader_id as project_6_0_,
        project0_.start_date as start_da7_0_,
        project0_.status as status8_0_ 
    from
        project project0_ 
    where
        project0_.name=?
Hibernate: 
    call next value for hibernate_sequence
Hibernate: 
    insert 
    into
        project
        (creation_date, description, finish_date, name, project_leader_id, start_date, status, id) 
    values
        (?, ?, ?, ?, ?, ?, ?, ?)
Hibernate: 
    select
        project0_.id as id1_0_,
        project0_.creation_date as creation2_0_,
        project0_.description as descript3_0_,
        project0_.finish_date as finish_d4_0_,
        project0_.name as name5_0_,
        project0_.project_leader_id as project_6_0_,
        project0_.start_date as start_da7_0_,
        project0_.status as status8_0_ 
    from
        project project0_ 
    where
        project0_.name=?
Hibernate: 
    select
        project0_.id as id1_0_,
        project0_.creation_date as creation2_0_,
        project0_.description as descript3_0_,
        project0_.finish_date as finish_d4_0_,
        project0_.name as name5_0_,
        project0_.project_leader_id as project_6_0_,
        project0_.start_date as start_da7_0_,
        project0_.status as status8_0_ 
    from
        project project0_ 
    where
        project0_.name=?
Hibernate: 
    select
        project0_.id as id1_0_,
        project0_.creation_date as creation2_0_,
        project0_.description as descript3_0_,
        project0_.finish_date as finish_d4_0_,
        project0_.name as name5_0_,
        project0_.project_leader_id as project_6_0_,
        project0_.start_date as start_da7_0_,
        project0_.status as status8_0_ 
    from
        project project0_
Hibernate: 
    delete 
    from
        project 
    where
        id=?
Hibernate: 
    delete 
    from
        project 
    where
        id=?
Hibernate: 
    select
        project0_.id as id1_0_,
        project0_.creation_date as creation2_0_,
        project0_.description as descript3_0_,
        project0_.finish_date as finish_d4_0_,
        project0_.name as name5_0_,
        project0_.project_leader_id as project_6_0_,
        project0_.start_date as start_da7_0_,
        project0_.status as status8_0_ 
    from
        project project0_
After all test execution
Resetting system
Hibernate: 
    select
        project0_.id as id1_0_,
        project0_.creation_date as creation2_0_,
        project0_.description as descript3_0_,
        project0_.finish_date as finish_d4_0_,
        project0_.name as name5_0_,
        project0_.project_leader_id as project_6_0_,
        project0_.start_date as start_da7_0_,
        project0_.status as status8_0_ 
    from
        project project0_
Hibernate: 
    select
        project0_.id as id1_0_,
        project0_.creation_date as creation2_0_,
        project0_.description as descript3_0_,
        project0_.finish_date as finish_d4_0_,
        project0_.name as name5_0_,
        project0_.project_leader_id as project_6_0_,
        project0_.start_date as start_da7_0_,
        project0_.status as status8_0_ 
    from
        project project0_
After all test execution
Resetting system
Hibernate: 
    select
        task0_.id as id1_1_,
        task0_.asigned_id as asigned_2_1_,
        task0_.creation_date as creation3_1_,
        task0_.description as descript4_1_,
        task0_.estimated_duration as estimate5_1_,
        task0_.finish_date as finish_d6_1_,
        task0_.name as name7_1_,
        task0_.priority as priority8_1_,
        task0_.project_id as project_9_1_,
        task0_.start_date as start_d10_1_,
        task0_.status as status11_1_ 
    from
        task task0_
Hibernate: 
    select
        task0_.id as id1_1_,
        task0_.asigned_id as asigned_2_1_,
        task0_.creation_date as creation3_1_,
        task0_.description as descript4_1_,
        task0_.estimated_duration as estimate5_1_,
        task0_.finish_date as finish_d6_1_,
        task0_.name as name7_1_,
        task0_.priority as priority8_1_,
        task0_.project_id as project_9_1_,
        task0_.start_date as start_d10_1_,
        task0_.status as status11_1_ 
    from
        task task0_
After all test execution
Resetting system
Hibernate: 
    select
        project0_.id as id1_0_,
        project0_.creation_date as creation2_0_,
        project0_.description as descript3_0_,
        project0_.finish_date as finish_d4_0_,
        project0_.name as name5_0_,
        project0_.project_leader_id as project_6_0_,
        project0_.start_date as start_da7_0_,
        project0_.status as status8_0_ 
    from
        project project0_
After all test execution
Hibernate: 
    select
        task0_.id as id1_1_,
        task0_.asigned_id as asigned_2_1_,
        task0_.creation_date as creation3_1_,
        task0_.description as descript4_1_,
        task0_.estimated_duration as estimate5_1_,
        task0_.finish_date as finish_d6_1_,
        task0_.name as name7_1_,
        task0_.priority as priority8_1_,
        task0_.project_id as project_9_1_,
        task0_.start_date as start_d10_1_,
        task0_.status as status11_1_ 
    from
        task task0_
Hibernate: 
    select
        task0_.id as id1_1_,
        task0_.asigned_id as asigned_2_1_,
        task0_.creation_date as creation3_1_,
        task0_.description as descript4_1_,
        task0_.estimated_duration as estimate5_1_,
        task0_.finish_date as finish_d6_1_,
        task0_.name as name7_1_,
        task0_.priority as priority8_1_,
        task0_.project_id as project_9_1_,
        task0_.start_date as start_d10_1_,
        task0_.status as status11_1_ 
    from
        task task0_
After all test execution
2023-12-03 21:17:59.026  INFO 5148 --- [    Test worker] o.s.t.c.support.AbstractContextLoader    : Could not detect default resource locations for test class [com.aninfo.integration.cucumber.ProjectIntegrationServiceTest]: no resource found for suffixes {-context.xml, Context.groovy}.
2023-12-03 21:17:59.027  INFO 5148 --- [    Test worker] .b.t.c.SpringBootTestContextBootstrapper : Loaded default TestExecutionListener class names from location [META-INF/spring.factories]: [org.springframework.boot.test.autoconfigure.restdocs.RestDocsTestExecutionListener, org.springframework.boot.test.autoconfigure.web.client.MockRestServiceServerResetTestExecutionListener, org.springframework.boot.test.autoconfigure.web.servlet.MockMvcPrintOnlyOnFailureTestExecutionListener, org.springframework.boot.test.autoconfigure.web.servlet.WebDriverTestExecutionListener, org.springframework.boot.test.mock.mockito.MockitoTestExecutionListener, org.springframework.boot.test.mock.mockito.ResetMocksTestExecutionListener, org.springframework.test.context.web.ServletTestExecutionListener, org.springframework.test.context.support.DirtiesContextBeforeModesTestExecutionListener, org.springframework.test.context.support.DependencyInjectionTestExecutionListener, org.springframework.test.context.support.DirtiesContextTestExecutionListener, org.springframework.test.context.transaction.TransactionalTestExecutionListener, org.springframework.test.context.jdbc.SqlScriptsTestExecutionListener, org.springframework.test.context.event.EventPublishingTestExecutionListener]
2023-12-03 21:17:59.027  INFO 5148 --- [    Test worker] .b.t.c.SpringBootTestContextBootstrapper : Using TestExecutionListeners: [org.springframework.test.context.web.ServletTestExecutionListener@547ead16, org.springframework.test.context.support.DirtiesContextBeforeModesTestExecutionListener@6bff1b46, org.springframework.boot.test.mock.mockito.MockitoTestExecutionListener@45f7b240, org.springframework.boot.test.autoconfigure.SpringBootDependencyInjectionTestExecutionListener@7b53c60f, org.springframework.test.context.support.DirtiesContextTestExecutionListener@5a64d26e, org.springframework.test.context.transaction.TransactionalTestExecutionListener@4952c74f, org.springframework.test.context.jdbc.SqlScriptsTestExecutionListener@314f0997, org.springframework.test.context.event.EventPublishingTestExecutionListener@5449c20f, org.springframework.boot.test.autoconfigure.restdocs.RestDocsTestExecutionListener@28428d4a, org.springframework.boot.test.autoconfigure.web.client.MockRestServiceServerResetTestExecutionListener@77755fb2, org.springframework.boot.test.autoconfigure.web.servlet.MockMvcPrintOnlyOnFailureTestExecutionListener@3ebfe37a, org.springframework.boot.test.autoconfigure.web.servlet.WebDriverTestExecutionListener@247c1718, org.springframework.boot.test.mock.mockito.ResetMocksTestExecutionListener@1868e600]
Before any test execution
Before any test execution
Before any test execution
Before any test execution
Hibernate: 
    select
        project0_.id as id1_0_,
        project0_.creation_date as creation2_0_,
        project0_.description as descript3_0_,
        project0_.finish_date as finish_d4_0_,
        project0_.name as name5_0_,
        project0_.project_leader_id as project_6_0_,
        project0_.start_date as start_da7_0_,
        project0_.status as status8_0_ 
    from
        project project0_ 
    where
        project0_.name=?
Hibernate: 
    call next value for hibernate_sequence
Hibernate: 
    insert 
    into
        project
        (creation_date, description, finish_date, name, project_leader_id, start_date, status, id) 
    values
        (?, ?, ?, ?, ?, ?, ?, ?)
Hibernate: 
    select
        project0_.id as id1_0_,
        project0_.creation_date as creation2_0_,
        project0_.description as descript3_0_,
        project0_.finish_date as finish_d4_0_,
        project0_.name as name5_0_,
        project0_.project_leader_id as project_6_0_,
        project0_.start_date as start_da7_0_,
        project0_.status as status8_0_ 
    from
        project project0_ 
    where
        project0_.name=?
Hibernate: 
    select
        project0_.id as id1_0_0_,
        project0_.creation_date as creation2_0_0_,
        project0_.description as descript3_0_0_,
        project0_.finish_date as finish_d4_0_0_,
        project0_.name as name5_0_0_,
        project0_.project_leader_id as project_6_0_0_,
        project0_.start_date as start_da7_0_0_,
        project0_.status as status8_0_0_ 
    from
        project project0_ 
    where
        project0_.id=?
Hibernate: 
    select
        project0_.id as id1_0_0_,
        project0_.creation_date as creation2_0_0_,
        project0_.description as descript3_0_0_,
        project0_.finish_date as finish_d4_0_0_,
        project0_.name as name5_0_0_,
        project0_.project_leader_id as project_6_0_0_,
        project0_.start_date as start_da7_0_0_,
        project0_.status as status8_0_0_ 
    from
        project project0_ 
    where
        project0_.id=?
Hibernate: 
    update
        project 
    set
        creation_date=?,
        description=?,
        finish_date=?,
        name=?,
        project_leader_id=?,
        start_date=?,
        status=? 
    where
        id=?
Hibernate: 
    select
        project0_.id as id1_0_,
        project0_.creation_date as creation2_0_,
        project0_.description as descript3_0_,
        project0_.finish_date as finish_d4_0_,
        project0_.name as name5_0_,
        project0_.project_leader_id as project_6_0_,
        project0_.start_date as start_da7_0_,
        project0_.status as status8_0_ 
    from
        project project0_
Hibernate: 
    delete 
    from
        project 
    where
        id=?
Hibernate: 
    select
        project0_.id as id1_0_,
        project0_.creation_date as creation2_0_,
        project0_.description as descript3_0_,
        project0_.finish_date as finish_d4_0_,
        project0_.name as name5_0_,
        project0_.project_leader_id as project_6_0_,
        project0_.start_date as start_da7_0_,
        project0_.status as status8_0_ 
    from
        project project0_
After all test execution
Resetting system
Hibernate: 
    select
        project0_.id as id1_0_,
        project0_.creation_date as creation2_0_,
        project0_.description as descript3_0_,
        project0_.finish_date as finish_d4_0_,
        project0_.name as name5_0_,
        project0_.project_leader_id as project_6_0_,
        project0_.start_date as start_da7_0_,
        project0_.status as status8_0_ 
    from
        project project0_
Hibernate: 
    select
        project0_.id as id1_0_,
        project0_.creation_date as creation2_0_,
        project0_.description as descript3_0_,
        project0_.finish_date as finish_d4_0_,
        project0_.name as name5_0_,
        project0_.project_leader_id as project_6_0_,
        project0_.start_date as start_da7_0_,
        project0_.status as status8_0_ 
    from
        project project0_
After all test execution
Resetting system
Hibernate: 
    select
        task0_.id as id1_1_,
        task0_.asigned_id as asigned_2_1_,
        task0_.creation_date as creation3_1_,
        task0_.description as descript4_1_,
        task0_.estimated_duration as estimate5_1_,
        task0_.finish_date as finish_d6_1_,
        task0_.name as name7_1_,
        task0_.priority as priority8_1_,
        task0_.project_id as project_9_1_,
        task0_.start_date as start_d10_1_,
        task0_.status as status11_1_ 
    from
        task task0_
Hibernate: 
    select
        task0_.id as id1_1_,
        task0_.asigned_id as asigned_2_1_,
        task0_.creation_date as creation3_1_,
        task0_.description as descript4_1_,
        task0_.estimated_duration as estimate5_1_,
        task0_.finish_date as finish_d6_1_,
        task0_.name as name7_1_,
        task0_.priority as priority8_1_,
        task0_.project_id as project_9_1_,
        task0_.start_date as start_d10_1_,
        task0_.status as status11_1_ 
    from
        task task0_
After all test execution
Resetting system
Hibernate: 
    select
        project0_.id as id1_0_,
        project0_.creation_date as creation2_0_,
        project0_.description as descript3_0_,
        project0_.finish_date as finish_d4_0_,
        project0_.name as name5_0_,
        project0_.project_leader_id as project_6_0_,
        project0_.start_date as start_da7_0_,
        project0_.status as status8_0_ 
    from
        project project0_
After all test execution
Hibernate: 
    select
        task0_.id as id1_1_,
        task0_.asigned_id as asigned_2_1_,
        task0_.creation_date as creation3_1_,
        task0_.description as descript4_1_,
        task0_.estimated_duration as estimate5_1_,
        task0_.finish_date as finish_d6_1_,
        task0_.name as name7_1_,
        task0_.priority as priority8_1_,
        task0_.project_id as project_9_1_,
        task0_.start_date as start_d10_1_,
        task0_.status as status11_1_ 
    from
        task task0_
Hibernate: 
    select
        task0_.id as id1_1_,
        task0_.asigned_id as asigned_2_1_,
        task0_.creation_date as creation3_1_,
        task0_.description as descript4_1_,
        task0_.estimated_duration as estimate5_1_,
        task0_.finish_date as finish_d6_1_,
        task0_.name as name7_1_,
        task0_.priority as priority8_1_,
        task0_.project_id as project_9_1_,
        task0_.start_date as start_d10_1_,
        task0_.status as status11_1_ 
    from
        task task0_
After all test execution
2023-12-03 21:17:59.064  INFO 5148 --- [    Test worker] o.s.t.c.support.AbstractContextLoader    : Could not detect default resource locations for test class [com.aninfo.integration.cucumber.ProjectIntegrationServiceTest]: no resource found for suffixes {-context.xml, Context.groovy}.
2023-12-03 21:17:59.065  INFO 5148 --- [    Test worker] .b.t.c.SpringBootTestContextBootstrapper : Loaded default TestExecutionListener class names from location [META-INF/spring.factories]: [org.springframework.boot.test.autoconfigure.restdocs.RestDocsTestExecutionListener, org.springframework.boot.test.autoconfigure.web.client.MockRestServiceServerResetTestExecutionListener, org.springframework.boot.test.autoconfigure.web.servlet.MockMvcPrintOnlyOnFailureTestExecutionListener, org.springframework.boot.test.autoconfigure.web.servlet.WebDriverTestExecutionListener, org.springframework.boot.test.mock.mockito.MockitoTestExecutionListener, org.springframework.boot.test.mock.mockito.ResetMocksTestExecutionListener, org.springframework.test.context.web.ServletTestExecutionListener, org.springframework.test.context.support.DirtiesContextBeforeModesTestExecutionListener, org.springframework.test.context.support.DependencyInjectionTestExecutionListener, org.springframework.test.context.support.DirtiesContextTestExecutionListener, org.springframework.test.context.transaction.TransactionalTestExecutionListener, org.springframework.test.context.jdbc.SqlScriptsTestExecutionListener, org.springframework.test.context.event.EventPublishingTestExecutionListener]
2023-12-03 21:17:59.066  INFO 5148 --- [    Test worker] .b.t.c.SpringBootTestContextBootstrapper : Using TestExecutionListeners: [org.springframework.test.context.web.ServletTestExecutionListener@7210fe0c, org.springframework.test.context.support.DirtiesContextBeforeModesTestExecutionListener@688e4a80, org.springframework.boot.test.mock.mockito.MockitoTestExecutionListener@5eb6030, org.springframework.boot.test.autoconfigure.SpringBootDependencyInjectionTestExecutionListener@2c9eb09d, org.springframework.test.context.support.DirtiesContextTestExecutionListener@590bdb9c, org.springframework.test.context.transaction.TransactionalTestExecutionListener@434b5077, org.springframework.test.context.jdbc.SqlScriptsTestExecutionListener@1d7f52ce, org.springframework.test.context.event.EventPublishingTestExecutionListener@443c03a4, org.springframework.boot.test.autoconfigure.restdocs.RestDocsTestExecutionListener@436cf784, org.springframework.boot.test.autoconfigure.web.client.MockRestServiceServerResetTestExecutionListener@5abddf76, org.springframework.boot.test.autoconfigure.web.servlet.MockMvcPrintOnlyOnFailureTestExecutionListener@3d331fcd, org.springframework.boot.test.autoconfigure.web.servlet.WebDriverTestExecutionListener@19361aec, org.springframework.boot.test.mock.mockito.ResetMocksTestExecutionListener@3dc21e99]
Before any test execution
Before any test execution
Before any test execution
Before any test execution
Hibernate: 
    select
        project0_.id as id1_0_,
        project0_.creation_date as creation2_0_,
        project0_.description as descript3_0_,
        project0_.finish_date as finish_d4_0_,
        project0_.name as name5_0_,
        project0_.project_leader_id as project_6_0_,
        project0_.start_date as start_da7_0_,
        project0_.status as status8_0_ 
    from
        project project0_ 
    where
        project0_.name=?
Hibernate: 
    call next value for hibernate_sequence
Hibernate: 
    insert 
    into
        project
        (creation_date, description, finish_date, name, project_leader_id, start_date, status, id) 
    values
        (?, ?, ?, ?, ?, ?, ?, ?)
Hibernate: 
    select
        project0_.id as id1_0_,
        project0_.creation_date as creation2_0_,
        project0_.description as descript3_0_,
        project0_.finish_date as finish_d4_0_,
        project0_.name as name5_0_,
        project0_.project_leader_id as project_6_0_,
        project0_.start_date as start_da7_0_,
        project0_.status as status8_0_ 
    from
        project project0_ 
    where
        project0_.name=?
Hibernate: 
    select
        project0_.id as id1_0_0_,
        project0_.creation_date as creation2_0_0_,
        project0_.description as descript3_0_0_,
        project0_.finish_date as finish_d4_0_0_,
        project0_.name as name5_0_0_,
        project0_.project_leader_id as project_6_0_0_,
        project0_.start_date as start_da7_0_0_,
        project0_.status as status8_0_0_ 
    from
        project project0_ 
    where
        project0_.id=?
Hibernate: 
    select
        project0_.id as id1_0_0_,
        project0_.creation_date as creation2_0_0_,
        project0_.description as descript3_0_0_,
        project0_.finish_date as finish_d4_0_0_,
        project0_.name as name5_0_0_,
        project0_.project_leader_id as project_6_0_0_,
        project0_.start_date as start_da7_0_0_,
        project0_.status as status8_0_0_ 
    from
        project project0_ 
    where
        project0_.id=?
Hibernate: 
    update
        project 
    set
        creation_date=?,
        description=?,
        finish_date=?,
        name=?,
        project_leader_id=?,
        start_date=?,
        status=? 
    where
        id=?
Hibernate: 
    select
        project0_.id as id1_0_,
        project0_.creation_date as creation2_0_,
        project0_.description as descript3_0_,
        project0_.finish_date as finish_d4_0_,
        project0_.name as name5_0_,
        project0_.project_leader_id as project_6_0_,
        project0_.start_date as start_da7_0_,
        project0_.status as status8_0_ 
    from
        project project0_
Hibernate: 
    delete 
    from
        project 
    where
        id=?
Hibernate: 
    select
        project0_.id as id1_0_,
        project0_.creation_date as creation2_0_,
        project0_.description as descript3_0_,
        project0_.finish_date as finish_d4_0_,
        project0_.name as name5_0_,
        project0_.project_leader_id as project_6_0_,
        project0_.start_date as start_da7_0_,
        project0_.status as status8_0_ 
    from
        project project0_
After all test execution
Resetting system
Hibernate: 
    select
        project0_.id as id1_0_,
        project0_.creation_date as creation2_0_,
        project0_.description as descript3_0_,
        project0_.finish_date as finish_d4_0_,
        project0_.name as name5_0_,
        project0_.project_leader_id as project_6_0_,
        project0_.start_date as start_da7_0_,
        project0_.status as status8_0_ 
    from
        project project0_
Hibernate: 
    select
        project0_.id as id1_0_,
        project0_.creation_date as creation2_0_,
        project0_.description as descript3_0_,
        project0_.finish_date as finish_d4_0_,
        project0_.name as name5_0_,
        project0_.project_leader_id as project_6_0_,
        project0_.start_date as start_da7_0_,
        project0_.status as status8_0_ 
    from
        project project0_
After all test execution
Resetting system
Hibernate: 
    select
        task0_.id as id1_1_,
        task0_.asigned_id as asigned_2_1_,
        task0_.creation_date as creation3_1_,
        task0_.description as descript4_1_,
        task0_.estimated_duration as estimate5_1_,
        task0_.finish_date as finish_d6_1_,
        task0_.name as name7_1_,
        task0_.priority as priority8_1_,
        task0_.project_id as project_9_1_,
        task0_.start_date as start_d10_1_,
        task0_.status as status11_1_ 
    from
        task task0_
Hibernate: 
    select
        task0_.id as id1_1_,
        task0_.asigned_id as asigned_2_1_,
        task0_.creation_date as creation3_1_,
        task0_.description as descript4_1_,
        task0_.estimated_duration as estimate5_1_,
        task0_.finish_date as finish_d6_1_,
        task0_.name as name7_1_,
        task0_.priority as priority8_1_,
        task0_.project_id as project_9_1_,
        task0_.start_date as start_d10_1_,
        task0_.status as status11_1_ 
    from
        task task0_
After all test execution
Resetting system
Hibernate: 
    select
        project0_.id as id1_0_,
        project0_.creation_date as creation2_0_,
        project0_.description as descript3_0_,
        project0_.finish_date as finish_d4_0_,
        project0_.name as name5_0_,
        project0_.project_leader_id as project_6_0_,
        project0_.start_date as start_da7_0_,
        project0_.status as status8_0_ 
    from
        project project0_
After all test execution
Hibernate: 
    select
        task0_.id as id1_1_,
        task0_.asigned_id as asigned_2_1_,
        task0_.creation_date as creation3_1_,
        task0_.description as descript4_1_,
        task0_.estimated_duration as estimate5_1_,
        task0_.finish_date as finish_d6_1_,
        task0_.name as name7_1_,
        task0_.priority as priority8_1_,
        task0_.project_id as project_9_1_,
        task0_.start_date as start_d10_1_,
        task0_.status as status11_1_ 
    from
        task task0_
Hibernate: 
    select
        task0_.id as id1_1_,
        task0_.asigned_id as asigned_2_1_,
        task0_.creation_date as creation3_1_,
        task0_.description as descript4_1_,
        task0_.estimated_duration as estimate5_1_,
        task0_.finish_date as finish_d6_1_,
        task0_.name as name7_1_,
        task0_.priority as priority8_1_,
        task0_.project_id as project_9_1_,
        task0_.start_date as start_d10_1_,
        task0_.status as status11_1_ 
    from
        task task0_
After all test execution
2023-12-03 21:17:59.104  INFO 5148 --- [    Test worker] o.s.t.c.support.AbstractContextLoader    : Could not detect default resource locations for test class [com.aninfo.integration.cucumber.ProjectIntegrationServiceTest]: no resource found for suffixes {-context.xml, Context.groovy}.
2023-12-03 21:17:59.106  INFO 5148 --- [    Test worker] .b.t.c.SpringBootTestContextBootstrapper : Loaded default TestExecutionListener class names from location [META-INF/spring.factories]: [org.springframework.boot.test.autoconfigure.restdocs.RestDocsTestExecutionListener, org.springframework.boot.test.autoconfigure.web.client.MockRestServiceServerResetTestExecutionListener, org.springframework.boot.test.autoconfigure.web.servlet.MockMvcPrintOnlyOnFailureTestExecutionListener, org.springframework.boot.test.autoconfigure.web.servlet.WebDriverTestExecutionListener, org.springframework.boot.test.mock.mockito.MockitoTestExecutionListener, org.springframework.boot.test.mock.mockito.ResetMocksTestExecutionListener, org.springframework.test.context.web.ServletTestExecutionListener, org.springframework.test.context.support.DirtiesContextBeforeModesTestExecutionListener, org.springframework.test.context.support.DependencyInjectionTestExecutionListener, org.springframework.test.context.support.DirtiesContextTestExecutionListener, org.springframework.test.context.transaction.TransactionalTestExecutionListener, org.springframework.test.context.jdbc.SqlScriptsTestExecutionListener, org.springframework.test.context.event.EventPublishingTestExecutionListener]
2023-12-03 21:17:59.106  INFO 5148 --- [    Test worker] .b.t.c.SpringBootTestContextBootstrapper : Using TestExecutionListeners: [org.springframework.test.context.web.ServletTestExecutionListener@61713fb2, org.springframework.test.context.support.DirtiesContextBeforeModesTestExecutionListener@647cf7e8, org.springframework.boot.test.mock.mockito.MockitoTestExecutionListener@665ef685, org.springframework.boot.test.autoconfigure.SpringBootDependencyInjectionTestExecutionListener@1ee972d1, org.springframework.test.context.support.DirtiesContextTestExecutionListener@768d5211, org.springframework.test.context.transaction.TransactionalTestExecutionListener@754d389f, org.springframework.test.context.jdbc.SqlScriptsTestExecutionListener@6436126d, org.springframework.test.context.event.EventPublishingTestExecutionListener@311c9bc0, org.springframework.boot.test.autoconfigure.restdocs.RestDocsTestExecutionListener@2d9d5a28, org.springframework.boot.test.autoconfigure.web.client.MockRestServiceServerResetTestExecutionListener@318806c4, org.springframework.boot.test.autoconfigure.web.servlet.MockMvcPrintOnlyOnFailureTestExecutionListener@65f9dfe2, org.springframework.boot.test.autoconfigure.web.servlet.WebDriverTestExecutionListener@30ee9a06, org.springframework.boot.test.mock.mockito.ResetMocksTestExecutionListener@77e5ca29]
Before any test execution
Before any test execution
Before any test execution
Before any test execution
Hibernate: 
    select
        project0_.id as id1_0_,
        project0_.creation_date as creation2_0_,
        project0_.description as descript3_0_,
        project0_.finish_date as finish_d4_0_,
        project0_.name as name5_0_,
        project0_.project_leader_id as project_6_0_,
        project0_.start_date as start_da7_0_,
        project0_.status as status8_0_ 
    from
        project project0_ 
    where
        project0_.name=?
Hibernate: 
    call next value for hibernate_sequence
Hibernate: 
    insert 
    into
        project
        (creation_date, description, finish_date, name, project_leader_id, start_date, status, id) 
    values
        (?, ?, ?, ?, ?, ?, ?, ?)
Hibernate: 
    select
        project0_.id as id1_0_,
        project0_.creation_date as creation2_0_,
        project0_.description as descript3_0_,
        project0_.finish_date as finish_d4_0_,
        project0_.name as name5_0_,
        project0_.project_leader_id as project_6_0_,
        project0_.start_date as start_da7_0_,
        project0_.status as status8_0_ 
    from
        project project0_ 
    where
        project0_.name=?
Hibernate: 
    select
        project0_.id as id1_0_0_,
        project0_.creation_date as creation2_0_0_,
        project0_.description as descript3_0_0_,
        project0_.finish_date as finish_d4_0_0_,
        project0_.name as name5_0_0_,
        project0_.project_leader_id as project_6_0_0_,
        project0_.start_date as start_da7_0_0_,
        project0_.status as status8_0_0_ 
    from
        project project0_ 
    where
        project0_.id=?
Hibernate: 
    select
        project0_.id as id1_0_0_,
        project0_.creation_date as creation2_0_0_,
        project0_.description as descript3_0_0_,
        project0_.finish_date as finish_d4_0_0_,
        project0_.name as name5_0_0_,
        project0_.project_leader_id as project_6_0_0_,
        project0_.start_date as start_da7_0_0_,
        project0_.status as status8_0_0_ 
    from
        project project0_ 
    where
        project0_.id=?
Hibernate: 
    update
        project 
    set
        creation_date=?,
        description=?,
        finish_date=?,
        name=?,
        project_leader_id=?,
        start_date=?,
        status=? 
    where
        id=?
Hibernate: 
    select
        project0_.id as id1_0_,
        project0_.creation_date as creation2_0_,
        project0_.description as descript3_0_,
        project0_.finish_date as finish_d4_0_,
        project0_.name as name5_0_,
        project0_.project_leader_id as project_6_0_,
        project0_.start_date as start_da7_0_,
        project0_.status as status8_0_ 
    from
        project project0_
Hibernate: 
    delete 
    from
        project 
    where
        id=?
Hibernate: 
    select
        project0_.id as id1_0_,
        project0_.creation_date as creation2_0_,
        project0_.description as descript3_0_,
        project0_.finish_date as finish_d4_0_,
        project0_.name as name5_0_,
        project0_.project_leader_id as project_6_0_,
        project0_.start_date as start_da7_0_,
        project0_.status as status8_0_ 
    from
        project project0_
After all test execution
Resetting system
Hibernate: 
    select
        project0_.id as id1_0_,
        project0_.creation_date as creation2_0_,
        project0_.description as descript3_0_,
        project0_.finish_date as finish_d4_0_,
        project0_.name as name5_0_,
        project0_.project_leader_id as project_6_0_,
        project0_.start_date as start_da7_0_,
        project0_.status as status8_0_ 
    from
        project project0_
Hibernate: 
    select
        project0_.id as id1_0_,
        project0_.creation_date as creation2_0_,
        project0_.description as descript3_0_,
        project0_.finish_date as finish_d4_0_,
        project0_.name as name5_0_,
        project0_.project_leader_id as project_6_0_,
        project0_.start_date as start_da7_0_,
        project0_.status as status8_0_ 
    from
        project project0_
After all test execution
Resetting system
Hibernate: 
    select
        task0_.id as id1_1_,
        task0_.asigned_id as asigned_2_1_,
        task0_.creation_date as creation3_1_,
        task0_.description as descript4_1_,
        task0_.estimated_duration as estimate5_1_,
        task0_.finish_date as finish_d6_1_,
        task0_.name as name7_1_,
        task0_.priority as priority8_1_,
        task0_.project_id as project_9_1_,
        task0_.start_date as start_d10_1_,
        task0_.status as status11_1_ 
    from
        task task0_
Hibernate: 
    select
        task0_.id as id1_1_,
        task0_.asigned_id as asigned_2_1_,
        task0_.creation_date as creation3_1_,
        task0_.description as descript4_1_,
        task0_.estimated_duration as estimate5_1_,
        task0_.finish_date as finish_d6_1_,
        task0_.name as name7_1_,
        task0_.priority as priority8_1_,
        task0_.project_id as project_9_1_,
        task0_.start_date as start_d10_1_,
        task0_.status as status11_1_ 
    from
        task task0_
After all test execution
Resetting system
Hibernate: 
    select
        project0_.id as id1_0_,
        project0_.creation_date as creation2_0_,
        project0_.description as descript3_0_,
        project0_.finish_date as finish_d4_0_,
        project0_.name as name5_0_,
        project0_.project_leader_id as project_6_0_,
        project0_.start_date as start_da7_0_,
        project0_.status as status8_0_ 
    from
        project project0_
After all test execution
Hibernate: 
    select
        task0_.id as id1_1_,
        task0_.asigned_id as asigned_2_1_,
        task0_.creation_date as creation3_1_,
        task0_.description as descript4_1_,
        task0_.estimated_duration as estimate5_1_,
        task0_.finish_date as finish_d6_1_,
        task0_.name as name7_1_,
        task0_.priority as priority8_1_,
        task0_.project_id as project_9_1_,
        task0_.start_date as start_d10_1_,
        task0_.status as status11_1_ 
    from
        task task0_
Hibernate: 
    select
        task0_.id as id1_1_,
        task0_.asigned_id as asigned_2_1_,
        task0_.creation_date as creation3_1_,
        task0_.description as descript4_1_,
        task0_.estimated_duration as estimate5_1_,
        task0_.finish_date as finish_d6_1_,
        task0_.name as name7_1_,
        task0_.priority as priority8_1_,
        task0_.project_id as project_9_1_,
        task0_.start_date as start_d10_1_,
        task0_.status as status11_1_ 
    from
        task task0_
After all test execution
2023-12-03 21:17:59.146  INFO 5148 --- [    Test worker] o.s.t.c.support.AbstractContextLoader    : Could not detect default resource locations for test class [com.aninfo.integration.cucumber.ProjectIntegrationServiceTest]: no resource found for suffixes {-context.xml, Context.groovy}.
2023-12-03 21:17:59.148  INFO 5148 --- [    Test worker] .b.t.c.SpringBootTestContextBootstrapper : Loaded default TestExecutionListener class names from location [META-INF/spring.factories]: [org.springframework.boot.test.autoconfigure.restdocs.RestDocsTestExecutionListener, org.springframework.boot.test.autoconfigure.web.client.MockRestServiceServerResetTestExecutionListener, org.springframework.boot.test.autoconfigure.web.servlet.MockMvcPrintOnlyOnFailureTestExecutionListener, org.springframework.boot.test.autoconfigure.web.servlet.WebDriverTestExecutionListener, org.springframework.boot.test.mock.mockito.MockitoTestExecutionListener, org.springframework.boot.test.mock.mockito.ResetMocksTestExecutionListener, org.springframework.test.context.web.ServletTestExecutionListener, org.springframework.test.context.support.DirtiesContextBeforeModesTestExecutionListener, org.springframework.test.context.support.DependencyInjectionTestExecutionListener, org.springframework.test.context.support.DirtiesContextTestExecutionListener, org.springframework.test.context.transaction.TransactionalTestExecutionListener, org.springframework.test.context.jdbc.SqlScriptsTestExecutionListener, org.springframework.test.context.event.EventPublishingTestExecutionListener]
2023-12-03 21:17:59.149  INFO 5148 --- [    Test worker] .b.t.c.SpringBootTestContextBootstrapper : Using TestExecutionListeners: [org.springframework.test.context.web.ServletTestExecutionListener@20498866, org.springframework.test.context.support.DirtiesContextBeforeModesTestExecutionListener@886eddb, org.springframework.boot.test.mock.mockito.MockitoTestExecutionListener@4b8e0865, org.springframework.boot.test.autoconfigure.SpringBootDependencyInjectionTestExecutionListener@3cac290, org.springframework.test.context.support.DirtiesContextTestExecutionListener@6fac7037, org.springframework.test.context.transaction.TransactionalTestExecutionListener@50fba02c, org.springframework.test.context.jdbc.SqlScriptsTestExecutionListener@6b0d5776, org.springframework.test.context.event.EventPublishingTestExecutionListener@3e86d6c5, org.springframework.boot.test.autoconfigure.restdocs.RestDocsTestExecutionListener@32a724ea, org.springframework.boot.test.autoconfigure.web.client.MockRestServiceServerResetTestExecutionListener@3f500852, org.springframework.boot.test.autoconfigure.web.servlet.MockMvcPrintOnlyOnFailureTestExecutionListener@3e674e29, org.springframework.boot.test.autoconfigure.web.servlet.WebDriverTestExecutionListener@36df87de, org.springframework.boot.test.mock.mockito.ResetMocksTestExecutionListener@3dd4659b]
Before any test execution
Before any test execution
Before any test execution
Before any test execution
Hibernate: 
    select
        task0_.id as id1_1_,
        task0_.asigned_id as asigned_2_1_,
        task0_.creation_date as creation3_1_,
        task0_.description as descript4_1_,
        task0_.estimated_duration as estimate5_1_,
        task0_.finish_date as finish_d6_1_,
        task0_.name as name7_1_,
        task0_.priority as priority8_1_,
        task0_.project_id as project_9_1_,
        task0_.start_date as start_d10_1_,
        task0_.status as status11_1_ 
    from
        task task0_ 
    where
        task0_.project_id=?
Hibernate: 
    select
        project0_.id as id1_0_,
        project0_.creation_date as creation2_0_,
        project0_.description as descript3_0_,
        project0_.finish_date as finish_d4_0_,
        project0_.name as name5_0_,
        project0_.project_leader_id as project_6_0_,
        project0_.start_date as start_da7_0_,
        project0_.status as status8_0_ 
    from
        project project0_
After all test execution
Resetting system
Hibernate: 
    select
        project0_.id as id1_0_,
        project0_.creation_date as creation2_0_,
        project0_.description as descript3_0_,
        project0_.finish_date as finish_d4_0_,
        project0_.name as name5_0_,
        project0_.project_leader_id as project_6_0_,
        project0_.start_date as start_da7_0_,
        project0_.status as status8_0_ 
    from
        project project0_
Hibernate: 
    select
        project0_.id as id1_0_,
        project0_.creation_date as creation2_0_,
        project0_.description as descript3_0_,
        project0_.finish_date as finish_d4_0_,
        project0_.name as name5_0_,
        project0_.project_leader_id as project_6_0_,
        project0_.start_date as start_da7_0_,
        project0_.status as status8_0_ 
    from
        project project0_
After all test execution
Resetting system
Hibernate: 
    select
        task0_.id as id1_1_,
        task0_.asigned_id as asigned_2_1_,
        task0_.creation_date as creation3_1_,
        task0_.description as descript4_1_,
        task0_.estimated_duration as estimate5_1_,
        task0_.finish_date as finish_d6_1_,
        task0_.name as name7_1_,
        task0_.priority as priority8_1_,
        task0_.project_id as project_9_1_,
        task0_.start_date as start_d10_1_,
        task0_.status as status11_1_ 
    from
        task task0_
Hibernate: 
    select
        task0_.id as id1_1_,
        task0_.asigned_id as asigned_2_1_,
        task0_.creation_date as creation3_1_,
        task0_.description as descript4_1_,
        task0_.estimated_duration as estimate5_1_,
        task0_.finish_date as finish_d6_1_,
        task0_.name as name7_1_,
        task0_.priority as priority8_1_,
        task0_.project_id as project_9_1_,
        task0_.start_date as start_d10_1_,
        task0_.status as status11_1_ 
    from
        task task0_
After all test execution
Resetting system
Hibernate: 
    select
        project0_.id as id1_0_,
        project0_.creation_date as creation2_0_,
        project0_.description as descript3_0_,
        project0_.finish_date as finish_d4_0_,
        project0_.name as name5_0_,
        project0_.project_leader_id as project_6_0_,
        project0_.start_date as start_da7_0_,
        project0_.status as status8_0_ 
    from
        project project0_
After all test execution
Hibernate: 
    select
        task0_.id as id1_1_,
        task0_.asigned_id as asigned_2_1_,
        task0_.creation_date as creation3_1_,
        task0_.description as descript4_1_,
        task0_.estimated_duration as estimate5_1_,
        task0_.finish_date as finish_d6_1_,
        task0_.name as name7_1_,
        task0_.priority as priority8_1_,
        task0_.project_id as project_9_1_,
        task0_.start_date as start_d10_1_,
        task0_.status as status11_1_ 
    from
        task task0_
Hibernate: 
    select
        task0_.id as id1_1_,
        task0_.asigned_id as asigned_2_1_,
        task0_.creation_date as creation3_1_,
        task0_.description as descript4_1_,
        task0_.estimated_duration as estimate5_1_,
        task0_.finish_date as finish_d6_1_,
        task0_.name as name7_1_,
        task0_.priority as priority8_1_,
        task0_.project_id as project_9_1_,
        task0_.start_date as start_d10_1_,
        task0_.status as status11_1_ 
    from
        task task0_
After all test execution
2023-12-03 21:17:59.220  INFO 5148 --- [    Test worker] o.s.t.c.support.AbstractContextLoader    : Could not detect default resource locations for test class [com.aninfo.integration.cucumber.ProjectIntegrationServiceTest]: no resource found for suffixes {-context.xml, Context.groovy}.
2023-12-03 21:17:59.227  INFO 5148 --- [    Test worker] .b.t.c.SpringBootTestContextBootstrapper : Loaded default TestExecutionListener class names from location [META-INF/spring.factories]: [org.springframework.boot.test.autoconfigure.restdocs.RestDocsTestExecutionListener, org.springframework.boot.test.autoconfigure.web.client.MockRestServiceServerResetTestExecutionListener, org.springframework.boot.test.autoconfigure.web.servlet.MockMvcPrintOnlyOnFailureTestExecutionListener, org.springframework.boot.test.autoconfigure.web.servlet.WebDriverTestExecutionListener, org.springframework.boot.test.mock.mockito.MockitoTestExecutionListener, org.springframework.boot.test.mock.mockito.ResetMocksTestExecutionListener, org.springframework.test.context.web.ServletTestExecutionListener, org.springframework.test.context.support.DirtiesContextBeforeModesTestExecutionListener, org.springframework.test.context.support.DependencyInjectionTestExecutionListener, org.springframework.test.context.support.DirtiesContextTestExecutionListener, org.springframework.test.context.transaction.TransactionalTestExecutionListener, org.springframework.test.context.jdbc.SqlScriptsTestExecutionListener, org.springframework.test.context.event.EventPublishingTestExecutionListener]
2023-12-03 21:17:59.234  INFO 5148 --- [    Test worker] .b.t.c.SpringBootTestContextBootstrapper : Using TestExecutionListeners: [org.springframework.test.context.web.ServletTestExecutionListener@25d4c830, org.springframework.test.context.support.DirtiesContextBeforeModesTestExecutionListener@36dd6c4f, org.springframework.boot.test.mock.mockito.MockitoTestExecutionListener@3bc79688, org.springframework.boot.test.autoconfigure.SpringBootDependencyInjectionTestExecutionListener@1c197a0b, org.springframework.test.context.support.DirtiesContextTestExecutionListener@1f8fa4f0, org.springframework.test.context.transaction.TransactionalTestExecutionListener@42ed0c5a, org.springframework.test.context.jdbc.SqlScriptsTestExecutionListener@4519b159, org.springframework.test.context.event.EventPublishingTestExecutionListener@120752d3, org.springframework.boot.test.autoconfigure.restdocs.RestDocsTestExecutionListener@70cdcc47, org.springframework.boot.test.autoconfigure.web.client.MockRestServiceServerResetTestExecutionListener@5ae881d8, org.springframework.boot.test.autoconfigure.web.servlet.MockMvcPrintOnlyOnFailureTestExecutionListener@52f360a5, org.springframework.boot.test.autoconfigure.web.servlet.WebDriverTestExecutionListener@7aca21e2, org.springframework.boot.test.mock.mockito.ResetMocksTestExecutionListener@64fb7508]
Before any test execution
Before any test execution
Before any test execution
Before any test execution
Hibernate: 
    select
        task0_.id as id1_1_,
        task0_.asigned_id as asigned_2_1_,
        task0_.creation_date as creation3_1_,
        task0_.description as descript4_1_,
        task0_.estimated_duration as estimate5_1_,
        task0_.finish_date as finish_d6_1_,
        task0_.name as name7_1_,
        task0_.priority as priority8_1_,
        task0_.project_id as project_9_1_,
        task0_.start_date as start_d10_1_,
        task0_.status as status11_1_ 
    from
        task task0_ 
    where
        task0_.name=?
Hibernate: 
    call next value for hibernate_sequence
Hibernate: 
    insert 
    into
        task
        (asigned_id, creation_date, description, estimated_duration, finish_date, name, priority, project_id, start_date, status, id) 
    values
        (?, ?, ?, ?, ?, ?, ?, ?, ?, ?, ?)
Hibernate: 
    select
        task0_.id as id1_1_,
        task0_.asigned_id as asigned_2_1_,
        task0_.creation_date as creation3_1_,
        task0_.description as descript4_1_,
        task0_.estimated_duration as estimate5_1_,
        task0_.finish_date as finish_d6_1_,
        task0_.name as name7_1_,
        task0_.priority as priority8_1_,
        task0_.project_id as project_9_1_,
        task0_.start_date as start_d10_1_,
        task0_.status as status11_1_ 
    from
        task task0_ 
    where
        task0_.name=?
Hibernate: 
    call next value for hibernate_sequence
Hibernate: 
    insert 
    into
        task
        (asigned_id, creation_date, description, estimated_duration, finish_date, name, priority, project_id, start_date, status, id) 
    values
        (?, ?, ?, ?, ?, ?, ?, ?, ?, ?, ?)
Hibernate: 
    select
        task0_.id as id1_1_,
        task0_.asigned_id as asigned_2_1_,
        task0_.creation_date as creation3_1_,
        task0_.description as descript4_1_,
        task0_.estimated_duration as estimate5_1_,
        task0_.finish_date as finish_d6_1_,
        task0_.name as name7_1_,
        task0_.priority as priority8_1_,
        task0_.project_id as project_9_1_,
        task0_.start_date as start_d10_1_,
        task0_.status as status11_1_ 
    from
        task task0_
Hibernate: 
    select
        task0_.id as id1_1_,
        task0_.asigned_id as asigned_2_1_,
        task0_.creation_date as creation3_1_,
        task0_.description as descript4_1_,
        task0_.estimated_duration as estimate5_1_,
        task0_.finish_date as finish_d6_1_,
        task0_.name as name7_1_,
        task0_.priority as priority8_1_,
        task0_.project_id as project_9_1_,
        task0_.start_date as start_d10_1_,
        task0_.status as status11_1_ 
    from
        task task0_ 
    where
        task0_.project_id=?
Hibernate: 
    select
        project0_.id as id1_0_,
        project0_.creation_date as creation2_0_,
        project0_.description as descript3_0_,
        project0_.finish_date as finish_d4_0_,
        project0_.name as name5_0_,
        project0_.project_leader_id as project_6_0_,
        project0_.start_date as start_da7_0_,
        project0_.status as status8_0_ 
    from
        project project0_
After all test execution
Resetting system
Hibernate: 
    select
        project0_.id as id1_0_,
        project0_.creation_date as creation2_0_,
        project0_.description as descript3_0_,
        project0_.finish_date as finish_d4_0_,
        project0_.name as name5_0_,
        project0_.project_leader_id as project_6_0_,
        project0_.start_date as start_da7_0_,
        project0_.status as status8_0_ 
    from
        project project0_
Hibernate: 
    select
        project0_.id as id1_0_,
        project0_.creation_date as creation2_0_,
        project0_.description as descript3_0_,
        project0_.finish_date as finish_d4_0_,
        project0_.name as name5_0_,
        project0_.project_leader_id as project_6_0_,
        project0_.start_date as start_da7_0_,
        project0_.status as status8_0_ 
    from
        project project0_
After all test execution
Resetting system
Hibernate: 
    select
        task0_.id as id1_1_,
        task0_.asigned_id as asigned_2_1_,
        task0_.creation_date as creation3_1_,
        task0_.description as descript4_1_,
        task0_.estimated_duration as estimate5_1_,
        task0_.finish_date as finish_d6_1_,
        task0_.name as name7_1_,
        task0_.priority as priority8_1_,
        task0_.project_id as project_9_1_,
        task0_.start_date as start_d10_1_,
        task0_.status as status11_1_ 
    from
        task task0_
Hibernate: 
    delete 
    from
        task 
    where
        id=?
Hibernate: 
    delete 
    from
        task 
    where
        id=?
Hibernate: 
    select
        task0_.id as id1_1_,
        task0_.asigned_id as asigned_2_1_,
        task0_.creation_date as creation3_1_,
        task0_.description as descript4_1_,
        task0_.estimated_duration as estimate5_1_,
        task0_.finish_date as finish_d6_1_,
        task0_.name as name7_1_,
        task0_.priority as priority8_1_,
        task0_.project_id as project_9_1_,
        task0_.start_date as start_d10_1_,
        task0_.status as status11_1_ 
    from
        task task0_
After all test execution
Resetting system
Hibernate: 
    select
        project0_.id as id1_0_,
        project0_.creation_date as creation2_0_,
        project0_.description as descript3_0_,
        project0_.finish_date as finish_d4_0_,
        project0_.name as name5_0_,
        project0_.project_leader_id as project_6_0_,
        project0_.start_date as start_da7_0_,
        project0_.status as status8_0_ 
    from
        project project0_
After all test execution
Hibernate: 
    select
        task0_.id as id1_1_,
        task0_.asigned_id as asigned_2_1_,
        task0_.creation_date as creation3_1_,
        task0_.description as descript4_1_,
        task0_.estimated_duration as estimate5_1_,
        task0_.finish_date as finish_d6_1_,
        task0_.name as name7_1_,
        task0_.priority as priority8_1_,
        task0_.project_id as project_9_1_,
        task0_.start_date as start_d10_1_,
        task0_.status as status11_1_ 
    from
        task task0_
Hibernate: 
    select
        task0_.id as id1_1_,
        task0_.asigned_id as asigned_2_1_,
        task0_.creation_date as creation3_1_,
        task0_.description as descript4_1_,
        task0_.estimated_duration as estimate5_1_,
        task0_.finish_date as finish_d6_1_,
        task0_.name as name7_1_,
        task0_.priority as priority8_1_,
        task0_.project_id as project_9_1_,
        task0_.start_date as start_d10_1_,
        task0_.status as status11_1_ 
    from
        task task0_
After all test execution
2023-12-03 21:17:59.336  INFO 5148 --- [    Test worker] o.s.t.c.support.AbstractContextLoader    : Could not detect default resource locations for test class [com.aninfo.integration.cucumber.ProjectIntegrationServiceTest]: no resource found for suffixes {-context.xml, Context.groovy}.
2023-12-03 21:17:59.338  INFO 5148 --- [    Test worker] .b.t.c.SpringBootTestContextBootstrapper : Loaded default TestExecutionListener class names from location [META-INF/spring.factories]: [org.springframework.boot.test.autoconfigure.restdocs.RestDocsTestExecutionListener, org.springframework.boot.test.autoconfigure.web.client.MockRestServiceServerResetTestExecutionListener, org.springframework.boot.test.autoconfigure.web.servlet.MockMvcPrintOnlyOnFailureTestExecutionListener, org.springframework.boot.test.autoconfigure.web.servlet.WebDriverTestExecutionListener, org.springframework.boot.test.mock.mockito.MockitoTestExecutionListener, org.springframework.boot.test.mock.mockito.ResetMocksTestExecutionListener, org.springframework.test.context.web.ServletTestExecutionListener, org.springframework.test.context.support.DirtiesContextBeforeModesTestExecutionListener, org.springframework.test.context.support.DependencyInjectionTestExecutionListener, org.springframework.test.context.support.DirtiesContextTestExecutionListener, org.springframework.test.context.transaction.TransactionalTestExecutionListener, org.springframework.test.context.jdbc.SqlScriptsTestExecutionListener, org.springframework.test.context.event.EventPublishingTestExecutionListener]
2023-12-03 21:17:59.339  INFO 5148 --- [    Test worker] .b.t.c.SpringBootTestContextBootstrapper : Using TestExecutionListeners: [org.springframework.test.context.web.ServletTestExecutionListener@24c7205f, org.springframework.test.context.support.DirtiesContextBeforeModesTestExecutionListener@21050d12, org.springframework.boot.test.mock.mockito.MockitoTestExecutionListener@4a161150, org.springframework.boot.test.autoconfigure.SpringBootDependencyInjectionTestExecutionListener@520adfb, org.springframework.test.context.support.DirtiesContextTestExecutionListener@1878b0d8, org.springframework.test.context.transaction.TransactionalTestExecutionListener@111c5358, org.springframework.test.context.jdbc.SqlScriptsTestExecutionListener@6bfa4cba, org.springframework.test.context.event.EventPublishingTestExecutionListener@6bb56b4b, org.springframework.boot.test.autoconfigure.restdocs.RestDocsTestExecutionListener@3616f895, org.springframework.boot.test.autoconfigure.web.client.MockRestServiceServerResetTestExecutionListener@45e3fb9c, org.springframework.boot.test.autoconfigure.web.servlet.MockMvcPrintOnlyOnFailureTestExecutionListener@7c45e006, org.springframework.boot.test.autoconfigure.web.servlet.WebDriverTestExecutionListener@3cea23f6, org.springframework.boot.test.mock.mockito.ResetMocksTestExecutionListener@3d39b6ae]
Before any test execution
Before any test execution
Before any test execution
Before any test execution
Hibernate: 
    select
        task0_.id as id1_1_,
        task0_.asigned_id as asigned_2_1_,
        task0_.creation_date as creation3_1_,
        task0_.description as descript4_1_,
        task0_.estimated_duration as estimate5_1_,
        task0_.finish_date as finish_d6_1_,
        task0_.name as name7_1_,
        task0_.priority as priority8_1_,
        task0_.project_id as project_9_1_,
        task0_.start_date as start_d10_1_,
        task0_.status as status11_1_ 
    from
        task task0_ 
    where
        task0_.name=?
Hibernate: 
    call next value for hibernate_sequence
Hibernate: 
    insert 
    into
        task
        (asigned_id, creation_date, description, estimated_duration, finish_date, name, priority, project_id, start_date, status, id) 
    values
        (?, ?, ?, ?, ?, ?, ?, ?, ?, ?, ?)
Hibernate: 
    select
        task0_.id as id1_1_,
        task0_.asigned_id as asigned_2_1_,
        task0_.creation_date as creation3_1_,
        task0_.description as descript4_1_,
        task0_.estimated_duration as estimate5_1_,
        task0_.finish_date as finish_d6_1_,
        task0_.name as name7_1_,
        task0_.priority as priority8_1_,
        task0_.project_id as project_9_1_,
        task0_.start_date as start_d10_1_,
        task0_.status as status11_1_ 
    from
        task task0_ 
    where
        task0_.name=?
Hibernate: 
    select
        project0_.id as id1_0_,
        project0_.creation_date as creation2_0_,
        project0_.description as descript3_0_,
        project0_.finish_date as finish_d4_0_,
        project0_.name as name5_0_,
        project0_.project_leader_id as project_6_0_,
        project0_.start_date as start_da7_0_,
        project0_.status as status8_0_ 
    from
        project project0_
After all test execution
Resetting system
Hibernate: 
    select
        project0_.id as id1_0_,
        project0_.creation_date as creation2_0_,
        project0_.description as descript3_0_,
        project0_.finish_date as finish_d4_0_,
        project0_.name as name5_0_,
        project0_.project_leader_id as project_6_0_,
        project0_.start_date as start_da7_0_,
        project0_.status as status8_0_ 
    from
        project project0_
Hibernate: 
    select
        project0_.id as id1_0_,
        project0_.creation_date as creation2_0_,
        project0_.description as descript3_0_,
        project0_.finish_date as finish_d4_0_,
        project0_.name as name5_0_,
        project0_.project_leader_id as project_6_0_,
        project0_.start_date as start_da7_0_,
        project0_.status as status8_0_ 
    from
        project project0_
After all test execution
Resetting system
Hibernate: 
    select
        task0_.id as id1_1_,
        task0_.asigned_id as asigned_2_1_,
        task0_.creation_date as creation3_1_,
        task0_.description as descript4_1_,
        task0_.estimated_duration as estimate5_1_,
        task0_.finish_date as finish_d6_1_,
        task0_.name as name7_1_,
        task0_.priority as priority8_1_,
        task0_.project_id as project_9_1_,
        task0_.start_date as start_d10_1_,
        task0_.status as status11_1_ 
    from
        task task0_
Hibernate: 
    delete 
    from
        task 
    where
        id=?
Hibernate: 
    select
        task0_.id as id1_1_,
        task0_.asigned_id as asigned_2_1_,
        task0_.creation_date as creation3_1_,
        task0_.description as descript4_1_,
        task0_.estimated_duration as estimate5_1_,
        task0_.finish_date as finish_d6_1_,
        task0_.name as name7_1_,
        task0_.priority as priority8_1_,
        task0_.project_id as project_9_1_,
        task0_.start_date as start_d10_1_,
        task0_.status as status11_1_ 
    from
        task task0_
After all test execution
Resetting system
Hibernate: 
    select
        project0_.id as id1_0_,
        project0_.creation_date as creation2_0_,
        project0_.description as descript3_0_,
        project0_.finish_date as finish_d4_0_,
        project0_.name as name5_0_,
        project0_.project_leader_id as project_6_0_,
        project0_.start_date as start_da7_0_,
        project0_.status as status8_0_ 
    from
        project project0_
After all test execution
Hibernate: 
    select
        task0_.id as id1_1_,
        task0_.asigned_id as asigned_2_1_,
        task0_.creation_date as creation3_1_,
        task0_.description as descript4_1_,
        task0_.estimated_duration as estimate5_1_,
        task0_.finish_date as finish_d6_1_,
        task0_.name as name7_1_,
        task0_.priority as priority8_1_,
        task0_.project_id as project_9_1_,
        task0_.start_date as start_d10_1_,
        task0_.status as status11_1_ 
    from
        task task0_
Hibernate: 
    select
        task0_.id as id1_1_,
        task0_.asigned_id as asigned_2_1_,
        task0_.creation_date as creation3_1_,
        task0_.description as descript4_1_,
        task0_.estimated_duration as estimate5_1_,
        task0_.finish_date as finish_d6_1_,
        task0_.name as name7_1_,
        task0_.priority as priority8_1_,
        task0_.project_id as project_9_1_,
        task0_.start_date as start_d10_1_,
        task0_.status as status11_1_ 
    from
        task task0_
After all test execution
2023-12-03 21:17:59.366  INFO 5148 --- [    Test worker] o.s.t.c.support.AbstractContextLoader    : Could not detect default resource locations for test class [com.aninfo.integration.cucumber.ProjectIntegrationServiceTest]: no resource found for suffixes {-context.xml, Context.groovy}.
2023-12-03 21:17:59.368  INFO 5148 --- [    Test worker] .b.t.c.SpringBootTestContextBootstrapper : Loaded default TestExecutionListener class names from location [META-INF/spring.factories]: [org.springframework.boot.test.autoconfigure.restdocs.RestDocsTestExecutionListener, org.springframework.boot.test.autoconfigure.web.client.MockRestServiceServerResetTestExecutionListener, org.springframework.boot.test.autoconfigure.web.servlet.MockMvcPrintOnlyOnFailureTestExecutionListener, org.springframework.boot.test.autoconfigure.web.servlet.WebDriverTestExecutionListener, org.springframework.boot.test.mock.mockito.MockitoTestExecutionListener, org.springframework.boot.test.mock.mockito.ResetMocksTestExecutionListener, org.springframework.test.context.web.ServletTestExecutionListener, org.springframework.test.context.support.DirtiesContextBeforeModesTestExecutionListener, org.springframework.test.context.support.DependencyInjectionTestExecutionListener, org.springframework.test.context.support.DirtiesContextTestExecutionListener, org.springframework.test.context.transaction.TransactionalTestExecutionListener, org.springframework.test.context.jdbc.SqlScriptsTestExecutionListener, org.springframework.test.context.event.EventPublishingTestExecutionListener]
2023-12-03 21:17:59.369  INFO 5148 --- [    Test worker] .b.t.c.SpringBootTestContextBootstrapper : Using TestExecutionListeners: [org.springframework.test.context.web.ServletTestExecutionListener@461a5071, org.springframework.test.context.support.DirtiesContextBeforeModesTestExecutionListener@452c3c3, org.springframework.boot.test.mock.mockito.MockitoTestExecutionListener@342ef385, org.springframework.boot.test.autoconfigure.SpringBootDependencyInjectionTestExecutionListener@c2afe66, org.springframework.test.context.support.DirtiesContextTestExecutionListener@1827ae4a, org.springframework.test.context.transaction.TransactionalTestExecutionListener@af93a56, org.springframework.test.context.jdbc.SqlScriptsTestExecutionListener@49084257, org.springframework.test.context.event.EventPublishingTestExecutionListener@120a4cde, org.springframework.boot.test.autoconfigure.restdocs.RestDocsTestExecutionListener@377ae52b, org.springframework.boot.test.autoconfigure.web.client.MockRestServiceServerResetTestExecutionListener@74124218, org.springframework.boot.test.autoconfigure.web.servlet.MockMvcPrintOnlyOnFailureTestExecutionListener@7f83ac37, org.springframework.boot.test.autoconfigure.web.servlet.WebDriverTestExecutionListener@3faf63a5, org.springframework.boot.test.mock.mockito.ResetMocksTestExecutionListener@5f1c9ac6]
Before any test execution
Before any test execution
Before any test execution
Before any test execution
Hibernate: 
    select
        task0_.id as id1_1_,
        task0_.asigned_id as asigned_2_1_,
        task0_.creation_date as creation3_1_,
        task0_.description as descript4_1_,
        task0_.estimated_duration as estimate5_1_,
        task0_.finish_date as finish_d6_1_,
        task0_.name as name7_1_,
        task0_.priority as priority8_1_,
        task0_.project_id as project_9_1_,
        task0_.start_date as start_d10_1_,
        task0_.status as status11_1_ 
    from
        task task0_ 
    where
        task0_.name=?
Hibernate: 
    call next value for hibernate_sequence
Hibernate: 
    insert 
    into
        task
        (asigned_id, creation_date, description, estimated_duration, finish_date, name, priority, project_id, start_date, status, id) 
    values
        (?, ?, ?, ?, ?, ?, ?, ?, ?, ?, ?)
Hibernate: 
    select
        task0_.id as id1_1_,
        task0_.asigned_id as asigned_2_1_,
        task0_.creation_date as creation3_1_,
        task0_.description as descript4_1_,
        task0_.estimated_duration as estimate5_1_,
        task0_.finish_date as finish_d6_1_,
        task0_.name as name7_1_,
        task0_.priority as priority8_1_,
        task0_.project_id as project_9_1_,
        task0_.start_date as start_d10_1_,
        task0_.status as status11_1_ 
    from
        task task0_ 
    where
        task0_.name=?
Hibernate: 
    select
        project0_.id as id1_0_,
        project0_.creation_date as creation2_0_,
        project0_.description as descript3_0_,
        project0_.finish_date as finish_d4_0_,
        project0_.name as name5_0_,
        project0_.project_leader_id as project_6_0_,
        project0_.start_date as start_da7_0_,
        project0_.status as status8_0_ 
    from
        project project0_
After all test execution
Resetting system
Hibernate: 
    select
        project0_.id as id1_0_,
        project0_.creation_date as creation2_0_,
        project0_.description as descript3_0_,
        project0_.finish_date as finish_d4_0_,
        project0_.name as name5_0_,
        project0_.project_leader_id as project_6_0_,
        project0_.start_date as start_da7_0_,
        project0_.status as status8_0_ 
    from
        project project0_
Hibernate: 
    select
        project0_.id as id1_0_,
        project0_.creation_date as creation2_0_,
        project0_.description as descript3_0_,
        project0_.finish_date as finish_d4_0_,
        project0_.name as name5_0_,
        project0_.project_leader_id as project_6_0_,
        project0_.start_date as start_da7_0_,
        project0_.status as status8_0_ 
    from
        project project0_
After all test execution
Resetting system
Hibernate: 
    select
        task0_.id as id1_1_,
        task0_.asigned_id as asigned_2_1_,
        task0_.creation_date as creation3_1_,
        task0_.description as descript4_1_,
        task0_.estimated_duration as estimate5_1_,
        task0_.finish_date as finish_d6_1_,
        task0_.name as name7_1_,
        task0_.priority as priority8_1_,
        task0_.project_id as project_9_1_,
        task0_.start_date as start_d10_1_,
        task0_.status as status11_1_ 
    from
        task task0_
Hibernate: 
    delete 
    from
        task 
    where
        id=?
Hibernate: 
    select
        task0_.id as id1_1_,
        task0_.asigned_id as asigned_2_1_,
        task0_.creation_date as creation3_1_,
        task0_.description as descript4_1_,
        task0_.estimated_duration as estimate5_1_,
        task0_.finish_date as finish_d6_1_,
        task0_.name as name7_1_,
        task0_.priority as priority8_1_,
        task0_.project_id as project_9_1_,
        task0_.start_date as start_d10_1_,
        task0_.status as status11_1_ 
    from
        task task0_
After all test execution
Resetting system
Hibernate: 
    select
        project0_.id as id1_0_,
        project0_.creation_date as creation2_0_,
        project0_.description as descript3_0_,
        project0_.finish_date as finish_d4_0_,
        project0_.name as name5_0_,
        project0_.project_leader_id as project_6_0_,
        project0_.start_date as start_da7_0_,
        project0_.status as status8_0_ 
    from
        project project0_
After all test execution
Hibernate: 
    select
        task0_.id as id1_1_,
        task0_.asigned_id as asigned_2_1_,
        task0_.creation_date as creation3_1_,
        task0_.description as descript4_1_,
        task0_.estimated_duration as estimate5_1_,
        task0_.finish_date as finish_d6_1_,
        task0_.name as name7_1_,
        task0_.priority as priority8_1_,
        task0_.project_id as project_9_1_,
        task0_.start_date as start_d10_1_,
        task0_.status as status11_1_ 
    from
        task task0_
Hibernate: 
    select
        task0_.id as id1_1_,
        task0_.asigned_id as asigned_2_1_,
        task0_.creation_date as creation3_1_,
        task0_.description as descript4_1_,
        task0_.estimated_duration as estimate5_1_,
        task0_.finish_date as finish_d6_1_,
        task0_.name as name7_1_,
        task0_.priority as priority8_1_,
        task0_.project_id as project_9_1_,
        task0_.start_date as start_d10_1_,
        task0_.status as status11_1_ 
    from
        task task0_
After all test execution
2023-12-03 21:17:59.393  INFO 5148 --- [    Test worker] o.s.t.c.support.AbstractContextLoader    : Could not detect default resource locations for test class [com.aninfo.integration.cucumber.ProjectIntegrationServiceTest]: no resource found for suffixes {-context.xml, Context.groovy}.
2023-12-03 21:17:59.395  INFO 5148 --- [    Test worker] .b.t.c.SpringBootTestContextBootstrapper : Loaded default TestExecutionListener class names from location [META-INF/spring.factories]: [org.springframework.boot.test.autoconfigure.restdocs.RestDocsTestExecutionListener, org.springframework.boot.test.autoconfigure.web.client.MockRestServiceServerResetTestExecutionListener, org.springframework.boot.test.autoconfigure.web.servlet.MockMvcPrintOnlyOnFailureTestExecutionListener, org.springframework.boot.test.autoconfigure.web.servlet.WebDriverTestExecutionListener, org.springframework.boot.test.mock.mockito.MockitoTestExecutionListener, org.springframework.boot.test.mock.mockito.ResetMocksTestExecutionListener, org.springframework.test.context.web.ServletTestExecutionListener, org.springframework.test.context.support.DirtiesContextBeforeModesTestExecutionListener, org.springframework.test.context.support.DependencyInjectionTestExecutionListener, org.springframework.test.context.support.DirtiesContextTestExecutionListener, org.springframework.test.context.transaction.TransactionalTestExecutionListener, org.springframework.test.context.jdbc.SqlScriptsTestExecutionListener, org.springframework.test.context.event.EventPublishingTestExecutionListener]
2023-12-03 21:17:59.395  INFO 5148 --- [    Test worker] .b.t.c.SpringBootTestContextBootstrapper : Using TestExecutionListeners: [org.springframework.test.context.web.ServletTestExecutionListener@2c96e565, org.springframework.test.context.support.DirtiesContextBeforeModesTestExecutionListener@28d2fd3b, org.springframework.boot.test.mock.mockito.MockitoTestExecutionListener@4a656b8a, org.springframework.boot.test.autoconfigure.SpringBootDependencyInjectionTestExecutionListener@76f26877, org.springframework.test.context.support.DirtiesContextTestExecutionListener@6dd41601, org.springframework.test.context.transaction.TransactionalTestExecutionListener@525015a5, org.springframework.test.context.jdbc.SqlScriptsTestExecutionListener@33881d5e, org.springframework.test.context.event.EventPublishingTestExecutionListener@56dc6a88, org.springframework.boot.test.autoconfigure.restdocs.RestDocsTestExecutionListener@1bf51a4c, org.springframework.boot.test.autoconfigure.web.client.MockRestServiceServerResetTestExecutionListener@49dad9aa, org.springframework.boot.test.autoconfigure.web.servlet.MockMvcPrintOnlyOnFailureTestExecutionListener@3a4b4f22, org.springframework.boot.test.autoconfigure.web.servlet.WebDriverTestExecutionListener@f76eac9, org.springframework.boot.test.mock.mockito.ResetMocksTestExecutionListener@3ce2a611]
Before any test execution
Before any test execution
Before any test execution
Before any test execution
Hibernate: 
    select
        task0_.id as id1_1_,
        task0_.asigned_id as asigned_2_1_,
        task0_.creation_date as creation3_1_,
        task0_.description as descript4_1_,
        task0_.estimated_duration as estimate5_1_,
        task0_.finish_date as finish_d6_1_,
        task0_.name as name7_1_,
        task0_.priority as priority8_1_,
        task0_.project_id as project_9_1_,
        task0_.start_date as start_d10_1_,
        task0_.status as status11_1_ 
    from
        task task0_ 
    where
        task0_.name=?
Hibernate: 
    call next value for hibernate_sequence
Hibernate: 
    insert 
    into
        task
        (asigned_id, creation_date, description, estimated_duration, finish_date, name, priority, project_id, start_date, status, id) 
    values
        (?, ?, ?, ?, ?, ?, ?, ?, ?, ?, ?)
Hibernate: 
    select
        project0_.id as id1_0_,
        project0_.creation_date as creation2_0_,
        project0_.description as descript3_0_,
        project0_.finish_date as finish_d4_0_,
        project0_.name as name5_0_,
        project0_.project_leader_id as project_6_0_,
        project0_.start_date as start_da7_0_,
        project0_.status as status8_0_ 
    from
        project project0_
After all test execution
Resetting system
Hibernate: 
    select
        project0_.id as id1_0_,
        project0_.creation_date as creation2_0_,
        project0_.description as descript3_0_,
        project0_.finish_date as finish_d4_0_,
        project0_.name as name5_0_,
        project0_.project_leader_id as project_6_0_,
        project0_.start_date as start_da7_0_,
        project0_.status as status8_0_ 
    from
        project project0_
Hibernate: 
    select
        project0_.id as id1_0_,
        project0_.creation_date as creation2_0_,
        project0_.description as descript3_0_,
        project0_.finish_date as finish_d4_0_,
        project0_.name as name5_0_,
        project0_.project_leader_id as project_6_0_,
        project0_.start_date as start_da7_0_,
        project0_.status as status8_0_ 
    from
        project project0_
After all test execution
Resetting system
Hibernate: 
    select
        task0_.id as id1_1_,
        task0_.asigned_id as asigned_2_1_,
        task0_.creation_date as creation3_1_,
        task0_.description as descript4_1_,
        task0_.estimated_duration as estimate5_1_,
        task0_.finish_date as finish_d6_1_,
        task0_.name as name7_1_,
        task0_.priority as priority8_1_,
        task0_.project_id as project_9_1_,
        task0_.start_date as start_d10_1_,
        task0_.status as status11_1_ 
    from
        task task0_
Hibernate: 
    delete 
    from
        task 
    where
        id=?
Hibernate: 
    select
        task0_.id as id1_1_,
        task0_.asigned_id as asigned_2_1_,
        task0_.creation_date as creation3_1_,
        task0_.description as descript4_1_,
        task0_.estimated_duration as estimate5_1_,
        task0_.finish_date as finish_d6_1_,
        task0_.name as name7_1_,
        task0_.priority as priority8_1_,
        task0_.project_id as project_9_1_,
        task0_.start_date as start_d10_1_,
        task0_.status as status11_1_ 
    from
        task task0_
After all test execution
Resetting system
Hibernate: 
    select
        project0_.id as id1_0_,
        project0_.creation_date as creation2_0_,
        project0_.description as descript3_0_,
        project0_.finish_date as finish_d4_0_,
        project0_.name as name5_0_,
        project0_.project_leader_id as project_6_0_,
        project0_.start_date as start_da7_0_,
        project0_.status as status8_0_ 
    from
        project project0_
After all test execution
Hibernate: 
    select
        task0_.id as id1_1_,
        task0_.asigned_id as asigned_2_1_,
        task0_.creation_date as creation3_1_,
        task0_.description as descript4_1_,
        task0_.estimated_duration as estimate5_1_,
        task0_.finish_date as finish_d6_1_,
        task0_.name as name7_1_,
        task0_.priority as priority8_1_,
        task0_.project_id as project_9_1_,
        task0_.start_date as start_d10_1_,
        task0_.status as status11_1_ 
    from
        task task0_
Hibernate: 
    select
        task0_.id as id1_1_,
        task0_.asigned_id as asigned_2_1_,
        task0_.creation_date as creation3_1_,
        task0_.description as descript4_1_,
        task0_.estimated_duration as estimate5_1_,
        task0_.finish_date as finish_d6_1_,
        task0_.name as name7_1_,
        task0_.priority as priority8_1_,
        task0_.project_id as project_9_1_,
        task0_.start_date as start_d10_1_,
        task0_.status as status11_1_ 
    from
        task task0_
After all test execution
2023-12-03 21:17:59.423  INFO 5148 --- [    Test worker] o.s.t.c.support.AbstractContextLoader    : Could not detect default resource locations for test class [com.aninfo.integration.cucumber.ProjectIntegrationServiceTest]: no resource found for suffixes {-context.xml, Context.groovy}.
2023-12-03 21:17:59.426  INFO 5148 --- [    Test worker] .b.t.c.SpringBootTestContextBootstrapper : Loaded default TestExecutionListener class names from location [META-INF/spring.factories]: [org.springframework.boot.test.autoconfigure.restdocs.RestDocsTestExecutionListener, org.springframework.boot.test.autoconfigure.web.client.MockRestServiceServerResetTestExecutionListener, org.springframework.boot.test.autoconfigure.web.servlet.MockMvcPrintOnlyOnFailureTestExecutionListener, org.springframework.boot.test.autoconfigure.web.servlet.WebDriverTestExecutionListener, org.springframework.boot.test.mock.mockito.MockitoTestExecutionListener, org.springframework.boot.test.mock.mockito.ResetMocksTestExecutionListener, org.springframework.test.context.web.ServletTestExecutionListener, org.springframework.test.context.support.DirtiesContextBeforeModesTestExecutionListener, org.springframework.test.context.support.DependencyInjectionTestExecutionListener, org.springframework.test.context.support.DirtiesContextTestExecutionListener, org.springframework.test.context.transaction.TransactionalTestExecutionListener, org.springframework.test.context.jdbc.SqlScriptsTestExecutionListener, org.springframework.test.context.event.EventPublishingTestExecutionListener]
2023-12-03 21:17:59.426  INFO 5148 --- [    Test worker] .b.t.c.SpringBootTestContextBootstrapper : Using TestExecutionListeners: [org.springframework.test.context.web.ServletTestExecutionListener@4e7aff62, org.springframework.test.context.support.DirtiesContextBeforeModesTestExecutionListener@6cceca73, org.springframework.boot.test.mock.mockito.MockitoTestExecutionListener@4e63b005, org.springframework.boot.test.autoconfigure.SpringBootDependencyInjectionTestExecutionListener@483e75a1, org.springframework.test.context.support.DirtiesContextTestExecutionListener@51a6122b, org.springframework.test.context.transaction.TransactionalTestExecutionListener@4b21d73e, org.springframework.test.context.jdbc.SqlScriptsTestExecutionListener@1811a5c7, org.springframework.test.context.event.EventPublishingTestExecutionListener@23395819, org.springframework.boot.test.autoconfigure.restdocs.RestDocsTestExecutionListener@426f211f, org.springframework.boot.test.autoconfigure.web.client.MockRestServiceServerResetTestExecutionListener@7b2964b, org.springframework.boot.test.autoconfigure.web.servlet.MockMvcPrintOnlyOnFailureTestExecutionListener@129834e7, org.springframework.boot.test.autoconfigure.web.servlet.WebDriverTestExecutionListener@7b885f3d, org.springframework.boot.test.mock.mockito.ResetMocksTestExecutionListener@40d4fe8a]
Before any test execution
Before any test execution
Before any test execution
Before any test execution
Hibernate: 
    select
        task0_.id as id1_1_,
        task0_.asigned_id as asigned_2_1_,
        task0_.creation_date as creation3_1_,
        task0_.description as descript4_1_,
        task0_.estimated_duration as estimate5_1_,
        task0_.finish_date as finish_d6_1_,
        task0_.name as name7_1_,
        task0_.priority as priority8_1_,
        task0_.project_id as project_9_1_,
        task0_.start_date as start_d10_1_,
        task0_.status as status11_1_ 
    from
        task task0_ 
    where
        task0_.name=?
Hibernate: 
    call next value for hibernate_sequence
Hibernate: 
    insert 
    into
        task
        (asigned_id, creation_date, description, estimated_duration, finish_date, name, priority, project_id, start_date, status, id) 
    values
        (?, ?, ?, ?, ?, ?, ?, ?, ?, ?, ?)
Hibernate: 
    select
        task0_.id as id1_1_,
        task0_.asigned_id as asigned_2_1_,
        task0_.creation_date as creation3_1_,
        task0_.description as descript4_1_,
        task0_.estimated_duration as estimate5_1_,
        task0_.finish_date as finish_d6_1_,
        task0_.name as name7_1_,
        task0_.priority as priority8_1_,
        task0_.project_id as project_9_1_,
        task0_.start_date as start_d10_1_,
        task0_.status as status11_1_ 
    from
        task task0_ 
    where
        task0_.name=?
Hibernate: 
    select
        project0_.id as id1_0_,
        project0_.creation_date as creation2_0_,
        project0_.description as descript3_0_,
        project0_.finish_date as finish_d4_0_,
        project0_.name as name5_0_,
        project0_.project_leader_id as project_6_0_,
        project0_.start_date as start_da7_0_,
        project0_.status as status8_0_ 
    from
        project project0_
After all test execution
Resetting system
Hibernate: 
    select
        project0_.id as id1_0_,
        project0_.creation_date as creation2_0_,
        project0_.description as descript3_0_,
        project0_.finish_date as finish_d4_0_,
        project0_.name as name5_0_,
        project0_.project_leader_id as project_6_0_,
        project0_.start_date as start_da7_0_,
        project0_.status as status8_0_ 
    from
        project project0_
Hibernate: 
    select
        project0_.id as id1_0_,
        project0_.creation_date as creation2_0_,
        project0_.description as descript3_0_,
        project0_.finish_date as finish_d4_0_,
        project0_.name as name5_0_,
        project0_.project_leader_id as project_6_0_,
        project0_.start_date as start_da7_0_,
        project0_.status as status8_0_ 
    from
        project project0_
After all test execution
Resetting system
Hibernate: 
    select
        task0_.id as id1_1_,
        task0_.asigned_id as asigned_2_1_,
        task0_.creation_date as creation3_1_,
        task0_.description as descript4_1_,
        task0_.estimated_duration as estimate5_1_,
        task0_.finish_date as finish_d6_1_,
        task0_.name as name7_1_,
        task0_.priority as priority8_1_,
        task0_.project_id as project_9_1_,
        task0_.start_date as start_d10_1_,
        task0_.status as status11_1_ 
    from
        task task0_
Hibernate: 
    delete 
    from
        task 
    where
        id=?
Hibernate: 
    select
        task0_.id as id1_1_,
        task0_.asigned_id as asigned_2_1_,
        task0_.creation_date as creation3_1_,
        task0_.description as descript4_1_,
        task0_.estimated_duration as estimate5_1_,
        task0_.finish_date as finish_d6_1_,
        task0_.name as name7_1_,
        task0_.priority as priority8_1_,
        task0_.project_id as project_9_1_,
        task0_.start_date as start_d10_1_,
        task0_.status as status11_1_ 
    from
        task task0_
After all test execution
Resetting system
Hibernate: 
    select
        project0_.id as id1_0_,
        project0_.creation_date as creation2_0_,
        project0_.description as descript3_0_,
        project0_.finish_date as finish_d4_0_,
        project0_.name as name5_0_,
        project0_.project_leader_id as project_6_0_,
        project0_.start_date as start_da7_0_,
        project0_.status as status8_0_ 
    from
        project project0_
After all test execution
Hibernate: 
    select
        task0_.id as id1_1_,
        task0_.asigned_id as asigned_2_1_,
        task0_.creation_date as creation3_1_,
        task0_.description as descript4_1_,
        task0_.estimated_duration as estimate5_1_,
        task0_.finish_date as finish_d6_1_,
        task0_.name as name7_1_,
        task0_.priority as priority8_1_,
        task0_.project_id as project_9_1_,
        task0_.start_date as start_d10_1_,
        task0_.status as status11_1_ 
    from
        task task0_
Hibernate: 
    select
        task0_.id as id1_1_,
        task0_.asigned_id as asigned_2_1_,
        task0_.creation_date as creation3_1_,
        task0_.description as descript4_1_,
        task0_.estimated_duration as estimate5_1_,
        task0_.finish_date as finish_d6_1_,
        task0_.name as name7_1_,
        task0_.priority as priority8_1_,
        task0_.project_id as project_9_1_,
        task0_.start_date as start_d10_1_,
        task0_.status as status11_1_ 
    from
        task task0_
After all test execution
2023-12-03 21:17:59.456  INFO 5148 --- [    Test worker] o.s.t.c.support.AbstractContextLoader    : Could not detect default resource locations for test class [com.aninfo.integration.cucumber.ProjectIntegrationServiceTest]: no resource found for suffixes {-context.xml, Context.groovy}.
2023-12-03 21:17:59.458  INFO 5148 --- [    Test worker] .b.t.c.SpringBootTestContextBootstrapper : Loaded default TestExecutionListener class names from location [META-INF/spring.factories]: [org.springframework.boot.test.autoconfigure.restdocs.RestDocsTestExecutionListener, org.springframework.boot.test.autoconfigure.web.client.MockRestServiceServerResetTestExecutionListener, org.springframework.boot.test.autoconfigure.web.servlet.MockMvcPrintOnlyOnFailureTestExecutionListener, org.springframework.boot.test.autoconfigure.web.servlet.WebDriverTestExecutionListener, org.springframework.boot.test.mock.mockito.MockitoTestExecutionListener, org.springframework.boot.test.mock.mockito.ResetMocksTestExecutionListener, org.springframework.test.context.web.ServletTestExecutionListener, org.springframework.test.context.support.DirtiesContextBeforeModesTestExecutionListener, org.springframework.test.context.support.DependencyInjectionTestExecutionListener, org.springframework.test.context.support.DirtiesContextTestExecutionListener, org.springframework.test.context.transaction.TransactionalTestExecutionListener, org.springframework.test.context.jdbc.SqlScriptsTestExecutionListener, org.springframework.test.context.event.EventPublishingTestExecutionListener]
2023-12-03 21:17:59.459  INFO 5148 --- [    Test worker] .b.t.c.SpringBootTestContextBootstrapper : Using TestExecutionListeners: [org.springframework.test.context.web.ServletTestExecutionListener@4e4df563, org.springframework.test.context.support.DirtiesContextBeforeModesTestExecutionListener@584624de, org.springframework.boot.test.mock.mockito.MockitoTestExecutionListener@385abb1, org.springframework.boot.test.autoconfigure.SpringBootDependencyInjectionTestExecutionListener@753eeb66, org.springframework.test.context.support.DirtiesContextTestExecutionListener@5479fe4f, org.springframework.test.context.transaction.TransactionalTestExecutionListener@3d7040ca, org.springframework.test.context.jdbc.SqlScriptsTestExecutionListener@1306bcf6, org.springframework.test.context.event.EventPublishingTestExecutionListener@1161102b, org.springframework.boot.test.autoconfigure.restdocs.RestDocsTestExecutionListener@a710fce, org.springframework.boot.test.autoconfigure.web.client.MockRestServiceServerResetTestExecutionListener@35b8685a, org.springframework.boot.test.autoconfigure.web.servlet.MockMvcPrintOnlyOnFailureTestExecutionListener@13ff9317, org.springframework.boot.test.autoconfigure.web.servlet.WebDriverTestExecutionListener@a86390b, org.springframework.boot.test.mock.mockito.ResetMocksTestExecutionListener@80b58ea]
Before any test execution
Before any test execution
Before any test execution
Before any test execution
Hibernate: 
    select
        task0_.id as id1_1_,
        task0_.asigned_id as asigned_2_1_,
        task0_.creation_date as creation3_1_,
        task0_.description as descript4_1_,
        task0_.estimated_duration as estimate5_1_,
        task0_.finish_date as finish_d6_1_,
        task0_.name as name7_1_,
        task0_.priority as priority8_1_,
        task0_.project_id as project_9_1_,
        task0_.start_date as start_d10_1_,
        task0_.status as status11_1_ 
    from
        task task0_ 
    where
        task0_.name=?
Hibernate: 
    call next value for hibernate_sequence
Hibernate: 
    insert 
    into
        task
        (asigned_id, creation_date, description, estimated_duration, finish_date, name, priority, project_id, start_date, status, id) 
    values
        (?, ?, ?, ?, ?, ?, ?, ?, ?, ?, ?)
Hibernate: 
    select
        task0_.id as id1_1_,
        task0_.asigned_id as asigned_2_1_,
        task0_.creation_date as creation3_1_,
        task0_.description as descript4_1_,
        task0_.estimated_duration as estimate5_1_,
        task0_.finish_date as finish_d6_1_,
        task0_.name as name7_1_,
        task0_.priority as priority8_1_,
        task0_.project_id as project_9_1_,
        task0_.start_date as start_d10_1_,
        task0_.status as status11_1_ 
    from
        task task0_ 
    where
        task0_.name=?
Hibernate: 
    call next value for hibernate_sequence
Hibernate: 
    insert 
    into
        task
        (asigned_id, creation_date, description, estimated_duration, finish_date, name, priority, project_id, start_date, status, id) 
    values
        (?, ?, ?, ?, ?, ?, ?, ?, ?, ?, ?)
Hibernate: 
    select
        project0_.id as id1_0_,
        project0_.creation_date as creation2_0_,
        project0_.description as descript3_0_,
        project0_.finish_date as finish_d4_0_,
        project0_.name as name5_0_,
        project0_.project_leader_id as project_6_0_,
        project0_.start_date as start_da7_0_,
        project0_.status as status8_0_ 
    from
        project project0_
After all test execution
Resetting system
Hibernate: 
    select
        project0_.id as id1_0_,
        project0_.creation_date as creation2_0_,
        project0_.description as descript3_0_,
        project0_.finish_date as finish_d4_0_,
        project0_.name as name5_0_,
        project0_.project_leader_id as project_6_0_,
        project0_.start_date as start_da7_0_,
        project0_.status as status8_0_ 
    from
        project project0_
Hibernate: 
    select
        project0_.id as id1_0_,
        project0_.creation_date as creation2_0_,
        project0_.description as descript3_0_,
        project0_.finish_date as finish_d4_0_,
        project0_.name as name5_0_,
        project0_.project_leader_id as project_6_0_,
        project0_.start_date as start_da7_0_,
        project0_.status as status8_0_ 
    from
        project project0_
After all test execution
Resetting system
Hibernate: 
    select
        task0_.id as id1_1_,
        task0_.asigned_id as asigned_2_1_,
        task0_.creation_date as creation3_1_,
        task0_.description as descript4_1_,
        task0_.estimated_duration as estimate5_1_,
        task0_.finish_date as finish_d6_1_,
        task0_.name as name7_1_,
        task0_.priority as priority8_1_,
        task0_.project_id as project_9_1_,
        task0_.start_date as start_d10_1_,
        task0_.status as status11_1_ 
    from
        task task0_
Hibernate: 
    delete 
    from
        task 
    where
        id=?
Hibernate: 
    delete 
    from
        task 
    where
        id=?
Hibernate: 
    select
        task0_.id as id1_1_,
        task0_.asigned_id as asigned_2_1_,
        task0_.creation_date as creation3_1_,
        task0_.description as descript4_1_,
        task0_.estimated_duration as estimate5_1_,
        task0_.finish_date as finish_d6_1_,
        task0_.name as name7_1_,
        task0_.priority as priority8_1_,
        task0_.project_id as project_9_1_,
        task0_.start_date as start_d10_1_,
        task0_.status as status11_1_ 
    from
        task task0_
After all test execution
Resetting system
Hibernate: 
    select
        project0_.id as id1_0_,
        project0_.creation_date as creation2_0_,
        project0_.description as descript3_0_,
        project0_.finish_date as finish_d4_0_,
        project0_.name as name5_0_,
        project0_.project_leader_id as project_6_0_,
        project0_.start_date as start_da7_0_,
        project0_.status as status8_0_ 
    from
        project project0_
After all test execution
Hibernate: 
    select
        task0_.id as id1_1_,
        task0_.asigned_id as asigned_2_1_,
        task0_.creation_date as creation3_1_,
        task0_.description as descript4_1_,
        task0_.estimated_duration as estimate5_1_,
        task0_.finish_date as finish_d6_1_,
        task0_.name as name7_1_,
        task0_.priority as priority8_1_,
        task0_.project_id as project_9_1_,
        task0_.start_date as start_d10_1_,
        task0_.status as status11_1_ 
    from
        task task0_
Hibernate: 
    select
        task0_.id as id1_1_,
        task0_.asigned_id as asigned_2_1_,
        task0_.creation_date as creation3_1_,
        task0_.description as descript4_1_,
        task0_.estimated_duration as estimate5_1_,
        task0_.finish_date as finish_d6_1_,
        task0_.name as name7_1_,
        task0_.priority as priority8_1_,
        task0_.project_id as project_9_1_,
        task0_.start_date as start_d10_1_,
        task0_.status as status11_1_ 
    from
        task task0_
After all test execution
2023-12-03 21:17:59.485  INFO 5148 --- [    Test worker] o.s.t.c.support.AbstractContextLoader    : Could not detect default resource locations for test class [com.aninfo.integration.cucumber.ProjectIntegrationServiceTest]: no resource found for suffixes {-context.xml, Context.groovy}.
2023-12-03 21:17:59.488  INFO 5148 --- [    Test worker] .b.t.c.SpringBootTestContextBootstrapper : Loaded default TestExecutionListener class names from location [META-INF/spring.factories]: [org.springframework.boot.test.autoconfigure.restdocs.RestDocsTestExecutionListener, org.springframework.boot.test.autoconfigure.web.client.MockRestServiceServerResetTestExecutionListener, org.springframework.boot.test.autoconfigure.web.servlet.MockMvcPrintOnlyOnFailureTestExecutionListener, org.springframework.boot.test.autoconfigure.web.servlet.WebDriverTestExecutionListener, org.springframework.boot.test.mock.mockito.MockitoTestExecutionListener, org.springframework.boot.test.mock.mockito.ResetMocksTestExecutionListener, org.springframework.test.context.web.ServletTestExecutionListener, org.springframework.test.context.support.DirtiesContextBeforeModesTestExecutionListener, org.springframework.test.context.support.DependencyInjectionTestExecutionListener, org.springframework.test.context.support.DirtiesContextTestExecutionListener, org.springframework.test.context.transaction.TransactionalTestExecutionListener, org.springframework.test.context.jdbc.SqlScriptsTestExecutionListener, org.springframework.test.context.event.EventPublishingTestExecutionListener]
2023-12-03 21:17:59.489  INFO 5148 --- [    Test worker] .b.t.c.SpringBootTestContextBootstrapper : Using TestExecutionListeners: [org.springframework.test.context.web.ServletTestExecutionListener@1bcdbfc5, org.springframework.test.context.support.DirtiesContextBeforeModesTestExecutionListener@754e6d75, org.springframework.boot.test.mock.mockito.MockitoTestExecutionListener@26af35a0, org.springframework.boot.test.autoconfigure.SpringBootDependencyInjectionTestExecutionListener@366d658d, org.springframework.test.context.support.DirtiesContextTestExecutionListener@4028c712, org.springframework.test.context.transaction.TransactionalTestExecutionListener@468b2fa7, org.springframework.test.context.jdbc.SqlScriptsTestExecutionListener@195600e3, org.springframework.test.context.event.EventPublishingTestExecutionListener@444a4f49, org.springframework.boot.test.autoconfigure.restdocs.RestDocsTestExecutionListener@425c0085, org.springframework.boot.test.autoconfigure.web.client.MockRestServiceServerResetTestExecutionListener@5d35e97e, org.springframework.boot.test.autoconfigure.web.servlet.MockMvcPrintOnlyOnFailureTestExecutionListener@74cdbb23, org.springframework.boot.test.autoconfigure.web.servlet.WebDriverTestExecutionListener@62eb82f4, org.springframework.boot.test.mock.mockito.ResetMocksTestExecutionListener@4011fe04]
Before any test execution
Before any test execution
Before any test execution
Before any test execution
Hibernate: 
    select
        task0_.id as id1_1_,
        task0_.asigned_id as asigned_2_1_,
        task0_.creation_date as creation3_1_,
        task0_.description as descript4_1_,
        task0_.estimated_duration as estimate5_1_,
        task0_.finish_date as finish_d6_1_,
        task0_.name as name7_1_,
        task0_.priority as priority8_1_,
        task0_.project_id as project_9_1_,
        task0_.start_date as start_d10_1_,
        task0_.status as status11_1_ 
    from
        task task0_ 
    where
        task0_.name=?
Hibernate: 
    call next value for hibernate_sequence
Hibernate: 
    insert 
    into
        task
        (asigned_id, creation_date, description, estimated_duration, finish_date, name, priority, project_id, start_date, status, id) 
    values
        (?, ?, ?, ?, ?, ?, ?, ?, ?, ?, ?)
Hibernate: 
    select
        task0_.id as id1_1_,
        task0_.asigned_id as asigned_2_1_,
        task0_.creation_date as creation3_1_,
        task0_.description as descript4_1_,
        task0_.estimated_duration as estimate5_1_,
        task0_.finish_date as finish_d6_1_,
        task0_.name as name7_1_,
        task0_.priority as priority8_1_,
        task0_.project_id as project_9_1_,
        task0_.start_date as start_d10_1_,
        task0_.status as status11_1_ 
    from
        task task0_ 
    where
        task0_.name=?
Hibernate: 
    select
        task0_.id as id1_1_0_,
        task0_.asigned_id as asigned_2_1_0_,
        task0_.creation_date as creation3_1_0_,
        task0_.description as descript4_1_0_,
        task0_.estimated_duration as estimate5_1_0_,
        task0_.finish_date as finish_d6_1_0_,
        task0_.name as name7_1_0_,
        task0_.priority as priority8_1_0_,
        task0_.project_id as project_9_1_0_,
        task0_.start_date as start_d10_1_0_,
        task0_.status as status11_1_0_ 
    from
        task task0_ 
    where
        task0_.id=?
Hibernate: 
    delete 
    from
        task 
    where
        id=?
Hibernate: 
    select
        task0_.id as id1_1_,
        task0_.asigned_id as asigned_2_1_,
        task0_.creation_date as creation3_1_,
        task0_.description as descript4_1_,
        task0_.estimated_duration as estimate5_1_,
        task0_.finish_date as finish_d6_1_,
        task0_.name as name7_1_,
        task0_.priority as priority8_1_,
        task0_.project_id as project_9_1_,
        task0_.start_date as start_d10_1_,
        task0_.status as status11_1_ 
    from
        task task0_ 
    where
        task0_.name=?
Hibernate: 
    select
        project0_.id as id1_0_,
        project0_.creation_date as creation2_0_,
        project0_.description as descript3_0_,
        project0_.finish_date as finish_d4_0_,
        project0_.name as name5_0_,
        project0_.project_leader_id as project_6_0_,
        project0_.start_date as start_da7_0_,
        project0_.status as status8_0_ 
    from
        project project0_
After all test execution
Resetting system
Hibernate: 
    select
        project0_.id as id1_0_,
        project0_.creation_date as creation2_0_,
        project0_.description as descript3_0_,
        project0_.finish_date as finish_d4_0_,
        project0_.name as name5_0_,
        project0_.project_leader_id as project_6_0_,
        project0_.start_date as start_da7_0_,
        project0_.status as status8_0_ 
    from
        project project0_
Hibernate: 
    select
        project0_.id as id1_0_,
        project0_.creation_date as creation2_0_,
        project0_.description as descript3_0_,
        project0_.finish_date as finish_d4_0_,
        project0_.name as name5_0_,
        project0_.project_leader_id as project_6_0_,
        project0_.start_date as start_da7_0_,
        project0_.status as status8_0_ 
    from
        project project0_
After all test execution
Resetting system
Hibernate: 
    select
        task0_.id as id1_1_,
        task0_.asigned_id as asigned_2_1_,
        task0_.creation_date as creation3_1_,
        task0_.description as descript4_1_,
        task0_.estimated_duration as estimate5_1_,
        task0_.finish_date as finish_d6_1_,
        task0_.name as name7_1_,
        task0_.priority as priority8_1_,
        task0_.project_id as project_9_1_,
        task0_.start_date as start_d10_1_,
        task0_.status as status11_1_ 
    from
        task task0_
Hibernate: 
    select
        task0_.id as id1_1_,
        task0_.asigned_id as asigned_2_1_,
        task0_.creation_date as creation3_1_,
        task0_.description as descript4_1_,
        task0_.estimated_duration as estimate5_1_,
        task0_.finish_date as finish_d6_1_,
        task0_.name as name7_1_,
        task0_.priority as priority8_1_,
        task0_.project_id as project_9_1_,
        task0_.start_date as start_d10_1_,
        task0_.status as status11_1_ 
    from
        task task0_
After all test execution
Resetting system
Hibernate: 
    select
        project0_.id as id1_0_,
        project0_.creation_date as creation2_0_,
        project0_.description as descript3_0_,
        project0_.finish_date as finish_d4_0_,
        project0_.name as name5_0_,
        project0_.project_leader_id as project_6_0_,
        project0_.start_date as start_da7_0_,
        project0_.status as status8_0_ 
    from
        project project0_
After all test execution
Hibernate: 
    select
        task0_.id as id1_1_,
        task0_.asigned_id as asigned_2_1_,
        task0_.creation_date as creation3_1_,
        task0_.description as descript4_1_,
        task0_.estimated_duration as estimate5_1_,
        task0_.finish_date as finish_d6_1_,
        task0_.name as name7_1_,
        task0_.priority as priority8_1_,
        task0_.project_id as project_9_1_,
        task0_.start_date as start_d10_1_,
        task0_.status as status11_1_ 
    from
        task task0_
Hibernate: 
    select
        task0_.id as id1_1_,
        task0_.asigned_id as asigned_2_1_,
        task0_.creation_date as creation3_1_,
        task0_.description as descript4_1_,
        task0_.estimated_duration as estimate5_1_,
        task0_.finish_date as finish_d6_1_,
        task0_.name as name7_1_,
        task0_.priority as priority8_1_,
        task0_.project_id as project_9_1_,
        task0_.start_date as start_d10_1_,
        task0_.status as status11_1_ 
    from
        task task0_
After all test execution
2023-12-03 21:17:59.521  INFO 5148 --- [    Test worker] o.s.t.c.support.AbstractContextLoader    : Could not detect default resource locations for test class [com.aninfo.integration.cucumber.ProjectIntegrationServiceTest]: no resource found for suffixes {-context.xml, Context.groovy}.
2023-12-03 21:17:59.523  INFO 5148 --- [    Test worker] .b.t.c.SpringBootTestContextBootstrapper : Loaded default TestExecutionListener class names from location [META-INF/spring.factories]: [org.springframework.boot.test.autoconfigure.restdocs.RestDocsTestExecutionListener, org.springframework.boot.test.autoconfigure.web.client.MockRestServiceServerResetTestExecutionListener, org.springframework.boot.test.autoconfigure.web.servlet.MockMvcPrintOnlyOnFailureTestExecutionListener, org.springframework.boot.test.autoconfigure.web.servlet.WebDriverTestExecutionListener, org.springframework.boot.test.mock.mockito.MockitoTestExecutionListener, org.springframework.boot.test.mock.mockito.ResetMocksTestExecutionListener, org.springframework.test.context.web.ServletTestExecutionListener, org.springframework.test.context.support.DirtiesContextBeforeModesTestExecutionListener, org.springframework.test.context.support.DependencyInjectionTestExecutionListener, org.springframework.test.context.support.DirtiesContextTestExecutionListener, org.springframework.test.context.transaction.TransactionalTestExecutionListener, org.springframework.test.context.jdbc.SqlScriptsTestExecutionListener, org.springframework.test.context.event.EventPublishingTestExecutionListener]
2023-12-03 21:17:59.523  INFO 5148 --- [    Test worker] .b.t.c.SpringBootTestContextBootstrapper : Using TestExecutionListeners: [org.springframework.test.context.web.ServletTestExecutionListener@1750c3f4, org.springframework.test.context.support.DirtiesContextBeforeModesTestExecutionListener@319a3031, org.springframework.boot.test.mock.mockito.MockitoTestExecutionListener@202c44bc, org.springframework.boot.test.autoconfigure.SpringBootDependencyInjectionTestExecutionListener@417a1898, org.springframework.test.context.support.DirtiesContextTestExecutionListener@50243c20, org.springframework.test.context.transaction.TransactionalTestExecutionListener@305f95ad, org.springframework.test.context.jdbc.SqlScriptsTestExecutionListener@72143ebe, org.springframework.test.context.event.EventPublishingTestExecutionListener@633b56bc, org.springframework.boot.test.autoconfigure.restdocs.RestDocsTestExecutionListener@128fb3c7, org.springframework.boot.test.autoconfigure.web.client.MockRestServiceServerResetTestExecutionListener@5eb1aec6, org.springframework.boot.test.autoconfigure.web.servlet.MockMvcPrintOnlyOnFailureTestExecutionListener@d838a60, org.springframework.boot.test.autoconfigure.web.servlet.WebDriverTestExecutionListener@3434a3da, org.springframework.boot.test.mock.mockito.ResetMocksTestExecutionListener@5bca2f10]
Before any test execution
Before any test execution
Before any test execution
Before any test execution
Hibernate: 
    select
        task0_.id as id1_1_,
        task0_.asigned_id as asigned_2_1_,
        task0_.creation_date as creation3_1_,
        task0_.description as descript4_1_,
        task0_.estimated_duration as estimate5_1_,
        task0_.finish_date as finish_d6_1_,
        task0_.name as name7_1_,
        task0_.priority as priority8_1_,
        task0_.project_id as project_9_1_,
        task0_.start_date as start_d10_1_,
        task0_.status as status11_1_ 
    from
        task task0_ 
    where
        task0_.name=?
Hibernate: 
    call next value for hibernate_sequence
Hibernate: 
    insert 
    into
        task
        (asigned_id, creation_date, description, estimated_duration, finish_date, name, priority, project_id, start_date, status, id) 
    values
        (?, ?, ?, ?, ?, ?, ?, ?, ?, ?, ?)
Hibernate: 
    select
        task0_.id as id1_1_,
        task0_.asigned_id as asigned_2_1_,
        task0_.creation_date as creation3_1_,
        task0_.description as descript4_1_,
        task0_.estimated_duration as estimate5_1_,
        task0_.finish_date as finish_d6_1_,
        task0_.name as name7_1_,
        task0_.priority as priority8_1_,
        task0_.project_id as project_9_1_,
        task0_.start_date as start_d10_1_,
        task0_.status as status11_1_ 
    from
        task task0_ 
    where
        task0_.name=?
Hibernate: 
    call next value for hibernate_sequence
Hibernate: 
    insert 
    into
        task
        (asigned_id, creation_date, description, estimated_duration, finish_date, name, priority, project_id, start_date, status, id) 
    values
        (?, ?, ?, ?, ?, ?, ?, ?, ?, ?, ?)
Hibernate: 
    select
        task0_.id as id1_1_,
        task0_.asigned_id as asigned_2_1_,
        task0_.creation_date as creation3_1_,
        task0_.description as descript4_1_,
        task0_.estimated_duration as estimate5_1_,
        task0_.finish_date as finish_d6_1_,
        task0_.name as name7_1_,
        task0_.priority as priority8_1_,
        task0_.project_id as project_9_1_,
        task0_.start_date as start_d10_1_,
        task0_.status as status11_1_ 
    from
        task task0_ 
    where
        task0_.name=?
Hibernate: 
    select
        task0_.id as id1_1_0_,
        task0_.asigned_id as asigned_2_1_0_,
        task0_.creation_date as creation3_1_0_,
        task0_.description as descript4_1_0_,
        task0_.estimated_duration as estimate5_1_0_,
        task0_.finish_date as finish_d6_1_0_,
        task0_.name as name7_1_0_,
        task0_.priority as priority8_1_0_,
        task0_.project_id as project_9_1_0_,
        task0_.start_date as start_d10_1_0_,
        task0_.status as status11_1_0_ 
    from
        task task0_ 
    where
        task0_.id=?
Hibernate: 
    delete 
    from
        task 
    where
        id=?
Hibernate: 
    select
        task0_.id as id1_1_,
        task0_.asigned_id as asigned_2_1_,
        task0_.creation_date as creation3_1_,
        task0_.description as descript4_1_,
        task0_.estimated_duration as estimate5_1_,
        task0_.finish_date as finish_d6_1_,
        task0_.name as name7_1_,
        task0_.priority as priority8_1_,
        task0_.project_id as project_9_1_,
        task0_.start_date as start_d10_1_,
        task0_.status as status11_1_ 
    from
        task task0_ 
    where
        task0_.name=?
Hibernate: 
    select
        task0_.id as id1_1_,
        task0_.asigned_id as asigned_2_1_,
        task0_.creation_date as creation3_1_,
        task0_.description as descript4_1_,
        task0_.estimated_duration as estimate5_1_,
        task0_.finish_date as finish_d6_1_,
        task0_.name as name7_1_,
        task0_.priority as priority8_1_,
        task0_.project_id as project_9_1_,
        task0_.start_date as start_d10_1_,
        task0_.status as status11_1_ 
    from
        task task0_ 
    where
        task0_.name=?
Hibernate: 
    select
        project0_.id as id1_0_,
        project0_.creation_date as creation2_0_,
        project0_.description as descript3_0_,
        project0_.finish_date as finish_d4_0_,
        project0_.name as name5_0_,
        project0_.project_leader_id as project_6_0_,
        project0_.start_date as start_da7_0_,
        project0_.status as status8_0_ 
    from
        project project0_
After all test execution
Resetting system
Hibernate: 
    select
        project0_.id as id1_0_,
        project0_.creation_date as creation2_0_,
        project0_.description as descript3_0_,
        project0_.finish_date as finish_d4_0_,
        project0_.name as name5_0_,
        project0_.project_leader_id as project_6_0_,
        project0_.start_date as start_da7_0_,
        project0_.status as status8_0_ 
    from
        project project0_
Hibernate: 
    select
        project0_.id as id1_0_,
        project0_.creation_date as creation2_0_,
        project0_.description as descript3_0_,
        project0_.finish_date as finish_d4_0_,
        project0_.name as name5_0_,
        project0_.project_leader_id as project_6_0_,
        project0_.start_date as start_da7_0_,
        project0_.status as status8_0_ 
    from
        project project0_
After all test execution
Resetting system
Hibernate: 
    select
        task0_.id as id1_1_,
        task0_.asigned_id as asigned_2_1_,
        task0_.creation_date as creation3_1_,
        task0_.description as descript4_1_,
        task0_.estimated_duration as estimate5_1_,
        task0_.finish_date as finish_d6_1_,
        task0_.name as name7_1_,
        task0_.priority as priority8_1_,
        task0_.project_id as project_9_1_,
        task0_.start_date as start_d10_1_,
        task0_.status as status11_1_ 
    from
        task task0_
Hibernate: 
    delete 
    from
        task 
    where
        id=?
Hibernate: 
    select
        task0_.id as id1_1_,
        task0_.asigned_id as asigned_2_1_,
        task0_.creation_date as creation3_1_,
        task0_.description as descript4_1_,
        task0_.estimated_duration as estimate5_1_,
        task0_.finish_date as finish_d6_1_,
        task0_.name as name7_1_,
        task0_.priority as priority8_1_,
        task0_.project_id as project_9_1_,
        task0_.start_date as start_d10_1_,
        task0_.status as status11_1_ 
    from
        task task0_
After all test execution
Resetting system
Hibernate: 
    select
        project0_.id as id1_0_,
        project0_.creation_date as creation2_0_,
        project0_.description as descript3_0_,
        project0_.finish_date as finish_d4_0_,
        project0_.name as name5_0_,
        project0_.project_leader_id as project_6_0_,
        project0_.start_date as start_da7_0_,
        project0_.status as status8_0_ 
    from
        project project0_
After all test execution
Hibernate: 
    select
        task0_.id as id1_1_,
        task0_.asigned_id as asigned_2_1_,
        task0_.creation_date as creation3_1_,
        task0_.description as descript4_1_,
        task0_.estimated_duration as estimate5_1_,
        task0_.finish_date as finish_d6_1_,
        task0_.name as name7_1_,
        task0_.priority as priority8_1_,
        task0_.project_id as project_9_1_,
        task0_.start_date as start_d10_1_,
        task0_.status as status11_1_ 
    from
        task task0_
Hibernate: 
    select
        task0_.id as id1_1_,
        task0_.asigned_id as asigned_2_1_,
        task0_.creation_date as creation3_1_,
        task0_.description as descript4_1_,
        task0_.estimated_duration as estimate5_1_,
        task0_.finish_date as finish_d6_1_,
        task0_.name as name7_1_,
        task0_.priority as priority8_1_,
        task0_.project_id as project_9_1_,
        task0_.start_date as start_d10_1_,
        task0_.status as status11_1_ 
    from
        task task0_
After all test execution
2023-12-03 21:17:59.562  INFO 5148 --- [    Test worker] o.s.t.c.support.AbstractContextLoader    : Could not detect default resource locations for test class [com.aninfo.integration.cucumber.ProjectIntegrationServiceTest]: no resource found for suffixes {-context.xml, Context.groovy}.
2023-12-03 21:17:59.564  INFO 5148 --- [    Test worker] .b.t.c.SpringBootTestContextBootstrapper : Loaded default TestExecutionListener class names from location [META-INF/spring.factories]: [org.springframework.boot.test.autoconfigure.restdocs.RestDocsTestExecutionListener, org.springframework.boot.test.autoconfigure.web.client.MockRestServiceServerResetTestExecutionListener, org.springframework.boot.test.autoconfigure.web.servlet.MockMvcPrintOnlyOnFailureTestExecutionListener, org.springframework.boot.test.autoconfigure.web.servlet.WebDriverTestExecutionListener, org.springframework.boot.test.mock.mockito.MockitoTestExecutionListener, org.springframework.boot.test.mock.mockito.ResetMocksTestExecutionListener, org.springframework.test.context.web.ServletTestExecutionListener, org.springframework.test.context.support.DirtiesContextBeforeModesTestExecutionListener, org.springframework.test.context.support.DependencyInjectionTestExecutionListener, org.springframework.test.context.support.DirtiesContextTestExecutionListener, org.springframework.test.context.transaction.TransactionalTestExecutionListener, org.springframework.test.context.jdbc.SqlScriptsTestExecutionListener, org.springframework.test.context.event.EventPublishingTestExecutionListener]
2023-12-03 21:17:59.564  INFO 5148 --- [    Test worker] .b.t.c.SpringBootTestContextBootstrapper : Using TestExecutionListeners: [org.springframework.test.context.web.ServletTestExecutionListener@62cff1ad, org.springframework.test.context.support.DirtiesContextBeforeModesTestExecutionListener@1d32eb91, org.springframework.boot.test.mock.mockito.MockitoTestExecutionListener@57086ed5, org.springframework.boot.test.autoconfigure.SpringBootDependencyInjectionTestExecutionListener@50de49a6, org.springframework.test.context.support.DirtiesContextTestExecutionListener@4d019889, org.springframework.test.context.transaction.TransactionalTestExecutionListener@47658cdb, org.springframework.test.context.jdbc.SqlScriptsTestExecutionListener@530f2c24, org.springframework.test.context.event.EventPublishingTestExecutionListener@713edc9a, org.springframework.boot.test.autoconfigure.restdocs.RestDocsTestExecutionListener@303ac7e4, org.springframework.boot.test.autoconfigure.web.client.MockRestServiceServerResetTestExecutionListener@5bd2866c, org.springframework.boot.test.autoconfigure.web.servlet.MockMvcPrintOnlyOnFailureTestExecutionListener@7116ef3e, org.springframework.boot.test.autoconfigure.web.servlet.WebDriverTestExecutionListener@764b278a, org.springframework.boot.test.mock.mockito.ResetMocksTestExecutionListener@1028cb40]
Before any test execution
Before any test execution
Before any test execution
Before any test execution
Hibernate: 
    select
        task0_.id as id1_1_,
        task0_.asigned_id as asigned_2_1_,
        task0_.creation_date as creation3_1_,
        task0_.description as descript4_1_,
        task0_.estimated_duration as estimate5_1_,
        task0_.finish_date as finish_d6_1_,
        task0_.name as name7_1_,
        task0_.priority as priority8_1_,
        task0_.project_id as project_9_1_,
        task0_.start_date as start_d10_1_,
        task0_.status as status11_1_ 
    from
        task task0_ 
    where
        task0_.name=?
Hibernate: 
    call next value for hibernate_sequence
Hibernate: 
    insert 
    into
        task
        (asigned_id, creation_date, description, estimated_duration, finish_date, name, priority, project_id, start_date, status, id) 
    values
        (?, ?, ?, ?, ?, ?, ?, ?, ?, ?, ?)
Hibernate: 
    select
        task0_.id as id1_1_,
        task0_.asigned_id as asigned_2_1_,
        task0_.creation_date as creation3_1_,
        task0_.description as descript4_1_,
        task0_.estimated_duration as estimate5_1_,
        task0_.finish_date as finish_d6_1_,
        task0_.name as name7_1_,
        task0_.priority as priority8_1_,
        task0_.project_id as project_9_1_,
        task0_.start_date as start_d10_1_,
        task0_.status as status11_1_ 
    from
        task task0_ 
    where
        task0_.name=?
Hibernate: 
    call next value for hibernate_sequence
Hibernate: 
    insert 
    into
        task
        (asigned_id, creation_date, description, estimated_duration, finish_date, name, priority, project_id, start_date, status, id) 
    values
        (?, ?, ?, ?, ?, ?, ?, ?, ?, ?, ?)
Hibernate: 
    select
        task0_.id as id1_1_,
        task0_.asigned_id as asigned_2_1_,
        task0_.creation_date as creation3_1_,
        task0_.description as descript4_1_,
        task0_.estimated_duration as estimate5_1_,
        task0_.finish_date as finish_d6_1_,
        task0_.name as name7_1_,
        task0_.priority as priority8_1_,
        task0_.project_id as project_9_1_,
        task0_.start_date as start_d10_1_,
        task0_.status as status11_1_ 
    from
        task task0_ 
    where
        task0_.name=?
Hibernate: 
    select
        task0_.id as id1_1_0_,
        task0_.asigned_id as asigned_2_1_0_,
        task0_.creation_date as creation3_1_0_,
        task0_.description as descript4_1_0_,
        task0_.estimated_duration as estimate5_1_0_,
        task0_.finish_date as finish_d6_1_0_,
        task0_.name as name7_1_0_,
        task0_.priority as priority8_1_0_,
        task0_.project_id as project_9_1_0_,
        task0_.start_date as start_d10_1_0_,
        task0_.status as status11_1_0_ 
    from
        task task0_ 
    where
        task0_.id=?
Hibernate: 
    select
        task0_.id as id1_1_,
        task0_.asigned_id as asigned_2_1_,
        task0_.creation_date as creation3_1_,
        task0_.description as descript4_1_,
        task0_.estimated_duration as estimate5_1_,
        task0_.finish_date as finish_d6_1_,
        task0_.name as name7_1_,
        task0_.priority as priority8_1_,
        task0_.project_id as project_9_1_,
        task0_.start_date as start_d10_1_,
        task0_.status as status11_1_ 
    from
        task task0_ 
    where
        task0_.name=?
Hibernate: 
    select
        task0_.id as id1_1_0_,
        task0_.asigned_id as asigned_2_1_0_,
        task0_.creation_date as creation3_1_0_,
        task0_.description as descript4_1_0_,
        task0_.estimated_duration as estimate5_1_0_,
        task0_.finish_date as finish_d6_1_0_,
        task0_.name as name7_1_0_,
        task0_.priority as priority8_1_0_,
        task0_.project_id as project_9_1_0_,
        task0_.start_date as start_d10_1_0_,
        task0_.status as status11_1_0_ 
    from
        task task0_ 
    where
        task0_.id=?
Hibernate: 
    update
        task 
    set
        asigned_id=?,
        creation_date=?,
        description=?,
        estimated_duration=?,
        finish_date=?,
        name=?,
        priority=?,
        project_id=?,
        start_date=?,
        status=? 
    where
        id=?
Hibernate: 
    select
        task0_.id as id1_1_,
        task0_.asigned_id as asigned_2_1_,
        task0_.creation_date as creation3_1_,
        task0_.description as descript4_1_,
        task0_.estimated_duration as estimate5_1_,
        task0_.finish_date as finish_d6_1_,
        task0_.name as name7_1_,
        task0_.priority as priority8_1_,
        task0_.project_id as project_9_1_,
        task0_.start_date as start_d10_1_,
        task0_.status as status11_1_ 
    from
        task task0_
Hibernate: 
    delete 
    from
        task 
    where
        id=?
Hibernate: 
    delete 
    from
        task 
    where
        id=?
Hibernate: 
    select
        project0_.id as id1_0_,
        project0_.creation_date as creation2_0_,
        project0_.description as descript3_0_,
        project0_.finish_date as finish_d4_0_,
        project0_.name as name5_0_,
        project0_.project_leader_id as project_6_0_,
        project0_.start_date as start_da7_0_,
        project0_.status as status8_0_ 
    from
        project project0_
After all test execution
Resetting system
Hibernate: 
    select
        project0_.id as id1_0_,
        project0_.creation_date as creation2_0_,
        project0_.description as descript3_0_,
        project0_.finish_date as finish_d4_0_,
        project0_.name as name5_0_,
        project0_.project_leader_id as project_6_0_,
        project0_.start_date as start_da7_0_,
        project0_.status as status8_0_ 
    from
        project project0_
Hibernate: 
    select
        project0_.id as id1_0_,
        project0_.creation_date as creation2_0_,
        project0_.description as descript3_0_,
        project0_.finish_date as finish_d4_0_,
        project0_.name as name5_0_,
        project0_.project_leader_id as project_6_0_,
        project0_.start_date as start_da7_0_,
        project0_.status as status8_0_ 
    from
        project project0_
After all test execution
Resetting system
Hibernate: 
    select
        task0_.id as id1_1_,
        task0_.asigned_id as asigned_2_1_,
        task0_.creation_date as creation3_1_,
        task0_.description as descript4_1_,
        task0_.estimated_duration as estimate5_1_,
        task0_.finish_date as finish_d6_1_,
        task0_.name as name7_1_,
        task0_.priority as priority8_1_,
        task0_.project_id as project_9_1_,
        task0_.start_date as start_d10_1_,
        task0_.status as status11_1_ 
    from
        task task0_
Hibernate: 
    select
        task0_.id as id1_1_,
        task0_.asigned_id as asigned_2_1_,
        task0_.creation_date as creation3_1_,
        task0_.description as descript4_1_,
        task0_.estimated_duration as estimate5_1_,
        task0_.finish_date as finish_d6_1_,
        task0_.name as name7_1_,
        task0_.priority as priority8_1_,
        task0_.project_id as project_9_1_,
        task0_.start_date as start_d10_1_,
        task0_.status as status11_1_ 
    from
        task task0_
After all test execution
Resetting system
Hibernate: 
    select
        project0_.id as id1_0_,
        project0_.creation_date as creation2_0_,
        project0_.description as descript3_0_,
        project0_.finish_date as finish_d4_0_,
        project0_.name as name5_0_,
        project0_.project_leader_id as project_6_0_,
        project0_.start_date as start_da7_0_,
        project0_.status as status8_0_ 
    from
        project project0_
After all test execution
Hibernate: 
    select
        task0_.id as id1_1_,
        task0_.asigned_id as asigned_2_1_,
        task0_.creation_date as creation3_1_,
        task0_.description as descript4_1_,
        task0_.estimated_duration as estimate5_1_,
        task0_.finish_date as finish_d6_1_,
        task0_.name as name7_1_,
        task0_.priority as priority8_1_,
        task0_.project_id as project_9_1_,
        task0_.start_date as start_d10_1_,
        task0_.status as status11_1_ 
    from
        task task0_
Hibernate: 
    select
        task0_.id as id1_1_,
        task0_.asigned_id as asigned_2_1_,
        task0_.creation_date as creation3_1_,
        task0_.description as descript4_1_,
        task0_.estimated_duration as estimate5_1_,
        task0_.finish_date as finish_d6_1_,
        task0_.name as name7_1_,
        task0_.priority as priority8_1_,
        task0_.project_id as project_9_1_,
        task0_.start_date as start_d10_1_,
        task0_.status as status11_1_ 
    from
        task task0_
After all test execution
2023-12-03 21:17:59.602  INFO 5148 --- [    Test worker] o.s.t.c.support.AbstractContextLoader    : Could not detect default resource locations for test class [com.aninfo.integration.cucumber.ProjectIntegrationServiceTest]: no resource found for suffixes {-context.xml, Context.groovy}.
2023-12-03 21:17:59.603  INFO 5148 --- [    Test worker] .b.t.c.SpringBootTestContextBootstrapper : Loaded default TestExecutionListener class names from location [META-INF/spring.factories]: [org.springframework.boot.test.autoconfigure.restdocs.RestDocsTestExecutionListener, org.springframework.boot.test.autoconfigure.web.client.MockRestServiceServerResetTestExecutionListener, org.springframework.boot.test.autoconfigure.web.servlet.MockMvcPrintOnlyOnFailureTestExecutionListener, org.springframework.boot.test.autoconfigure.web.servlet.WebDriverTestExecutionListener, org.springframework.boot.test.mock.mockito.MockitoTestExecutionListener, org.springframework.boot.test.mock.mockito.ResetMocksTestExecutionListener, org.springframework.test.context.web.ServletTestExecutionListener, org.springframework.test.context.support.DirtiesContextBeforeModesTestExecutionListener, org.springframework.test.context.support.DependencyInjectionTestExecutionListener, org.springframework.test.context.support.DirtiesContextTestExecutionListener, org.springframework.test.context.transaction.TransactionalTestExecutionListener, org.springframework.test.context.jdbc.SqlScriptsTestExecutionListener, org.springframework.test.context.event.EventPublishingTestExecutionListener]
2023-12-03 21:17:59.604  INFO 5148 --- [    Test worker] .b.t.c.SpringBootTestContextBootstrapper : Using TestExecutionListeners: [org.springframework.test.context.web.ServletTestExecutionListener@40971809, org.springframework.test.context.support.DirtiesContextBeforeModesTestExecutionListener@2757f1a5, org.springframework.boot.test.mock.mockito.MockitoTestExecutionListener@568e7ebf, org.springframework.boot.test.autoconfigure.SpringBootDependencyInjectionTestExecutionListener@781d9934, org.springframework.test.context.support.DirtiesContextTestExecutionListener@b2816e, org.springframework.test.context.transaction.TransactionalTestExecutionListener@18708204, org.springframework.test.context.jdbc.SqlScriptsTestExecutionListener@3d2e7c33, org.springframework.test.context.event.EventPublishingTestExecutionListener@29ee969b, org.springframework.boot.test.autoconfigure.restdocs.RestDocsTestExecutionListener@3dc3db39, org.springframework.boot.test.autoconfigure.web.client.MockRestServiceServerResetTestExecutionListener@213f0e27, org.springframework.boot.test.autoconfigure.web.servlet.MockMvcPrintOnlyOnFailureTestExecutionListener@6fbe21d7, org.springframework.boot.test.autoconfigure.web.servlet.WebDriverTestExecutionListener@32b938f5, org.springframework.boot.test.mock.mockito.ResetMocksTestExecutionListener@11003788]
Before any test execution
Before any test execution
Before any test execution
Before any test execution
Hibernate: 
    select
        task0_.id as id1_1_,
        task0_.asigned_id as asigned_2_1_,
        task0_.creation_date as creation3_1_,
        task0_.description as descript4_1_,
        task0_.estimated_duration as estimate5_1_,
        task0_.finish_date as finish_d6_1_,
        task0_.name as name7_1_,
        task0_.priority as priority8_1_,
        task0_.project_id as project_9_1_,
        task0_.start_date as start_d10_1_,
        task0_.status as status11_1_ 
    from
        task task0_ 
    where
        task0_.name=?
Hibernate: 
    call next value for hibernate_sequence
Hibernate: 
    insert 
    into
        task
        (asigned_id, creation_date, description, estimated_duration, finish_date, name, priority, project_id, start_date, status, id) 
    values
        (?, ?, ?, ?, ?, ?, ?, ?, ?, ?, ?)
Hibernate: 
    select
        task0_.id as id1_1_,
        task0_.asigned_id as asigned_2_1_,
        task0_.creation_date as creation3_1_,
        task0_.description as descript4_1_,
        task0_.estimated_duration as estimate5_1_,
        task0_.finish_date as finish_d6_1_,
        task0_.name as name7_1_,
        task0_.priority as priority8_1_,
        task0_.project_id as project_9_1_,
        task0_.start_date as start_d10_1_,
        task0_.status as status11_1_ 
    from
        task task0_ 
    where
        task0_.name=?
Hibernate: 
    call next value for hibernate_sequence
Hibernate: 
    insert 
    into
        task
        (asigned_id, creation_date, description, estimated_duration, finish_date, name, priority, project_id, start_date, status, id) 
    values
        (?, ?, ?, ?, ?, ?, ?, ?, ?, ?, ?)
Hibernate: 
    select
        task0_.id as id1_1_,
        task0_.asigned_id as asigned_2_1_,
        task0_.creation_date as creation3_1_,
        task0_.description as descript4_1_,
        task0_.estimated_duration as estimate5_1_,
        task0_.finish_date as finish_d6_1_,
        task0_.name as name7_1_,
        task0_.priority as priority8_1_,
        task0_.project_id as project_9_1_,
        task0_.start_date as start_d10_1_,
        task0_.status as status11_1_ 
    from
        task task0_ 
    where
        task0_.name=?
Hibernate: 
    select
        task0_.id as id1_1_0_,
        task0_.asigned_id as asigned_2_1_0_,
        task0_.creation_date as creation3_1_0_,
        task0_.description as descript4_1_0_,
        task0_.estimated_duration as estimate5_1_0_,
        task0_.finish_date as finish_d6_1_0_,
        task0_.name as name7_1_0_,
        task0_.priority as priority8_1_0_,
        task0_.project_id as project_9_1_0_,
        task0_.start_date as start_d10_1_0_,
        task0_.status as status11_1_0_ 
    from
        task task0_ 
    where
        task0_.id=?
Hibernate: 
    select
        task0_.id as id1_1_,
        task0_.asigned_id as asigned_2_1_,
        task0_.creation_date as creation3_1_,
        task0_.description as descript4_1_,
        task0_.estimated_duration as estimate5_1_,
        task0_.finish_date as finish_d6_1_,
        task0_.name as name7_1_,
        task0_.priority as priority8_1_,
        task0_.project_id as project_9_1_,
        task0_.start_date as start_d10_1_,
        task0_.status as status11_1_ 
    from
        task task0_ 
    where
        task0_.name=?
Hibernate: 
    select
        task0_.id as id1_1_,
        task0_.asigned_id as asigned_2_1_,
        task0_.creation_date as creation3_1_,
        task0_.description as descript4_1_,
        task0_.estimated_duration as estimate5_1_,
        task0_.finish_date as finish_d6_1_,
        task0_.name as name7_1_,
        task0_.priority as priority8_1_,
        task0_.project_id as project_9_1_,
        task0_.start_date as start_d10_1_,
        task0_.status as status11_1_ 
    from
        task task0_
Hibernate: 
    delete 
    from
        task 
    where
        id=?
Hibernate: 
    delete 
    from
        task 
    where
        id=?
Hibernate: 
    select
        project0_.id as id1_0_,
        project0_.creation_date as creation2_0_,
        project0_.description as descript3_0_,
        project0_.finish_date as finish_d4_0_,
        project0_.name as name5_0_,
        project0_.project_leader_id as project_6_0_,
        project0_.start_date as start_da7_0_,
        project0_.status as status8_0_ 
    from
        project project0_
After all test execution
Resetting system
Hibernate: 
    select
        project0_.id as id1_0_,
        project0_.creation_date as creation2_0_,
        project0_.description as descript3_0_,
        project0_.finish_date as finish_d4_0_,
        project0_.name as name5_0_,
        project0_.project_leader_id as project_6_0_,
        project0_.start_date as start_da7_0_,
        project0_.status as status8_0_ 
    from
        project project0_
Hibernate: 
    select
        project0_.id as id1_0_,
        project0_.creation_date as creation2_0_,
        project0_.description as descript3_0_,
        project0_.finish_date as finish_d4_0_,
        project0_.name as name5_0_,
        project0_.project_leader_id as project_6_0_,
        project0_.start_date as start_da7_0_,
        project0_.status as status8_0_ 
    from
        project project0_
After all test execution
Resetting system
Hibernate: 
    select
        task0_.id as id1_1_,
        task0_.asigned_id as asigned_2_1_,
        task0_.creation_date as creation3_1_,
        task0_.description as descript4_1_,
        task0_.estimated_duration as estimate5_1_,
        task0_.finish_date as finish_d6_1_,
        task0_.name as name7_1_,
        task0_.priority as priority8_1_,
        task0_.project_id as project_9_1_,
        task0_.start_date as start_d10_1_,
        task0_.status as status11_1_ 
    from
        task task0_
Hibernate: 
    select
        task0_.id as id1_1_,
        task0_.asigned_id as asigned_2_1_,
        task0_.creation_date as creation3_1_,
        task0_.description as descript4_1_,
        task0_.estimated_duration as estimate5_1_,
        task0_.finish_date as finish_d6_1_,
        task0_.name as name7_1_,
        task0_.priority as priority8_1_,
        task0_.project_id as project_9_1_,
        task0_.start_date as start_d10_1_,
        task0_.status as status11_1_ 
    from
        task task0_
After all test execution
Resetting system
Hibernate: 
    select
        project0_.id as id1_0_,
        project0_.creation_date as creation2_0_,
        project0_.description as descript3_0_,
        project0_.finish_date as finish_d4_0_,
        project0_.name as name5_0_,
        project0_.project_leader_id as project_6_0_,
        project0_.start_date as start_da7_0_,
        project0_.status as status8_0_ 
    from
        project project0_
After all test execution
Hibernate: 
    select
        task0_.id as id1_1_,
        task0_.asigned_id as asigned_2_1_,
        task0_.creation_date as creation3_1_,
        task0_.description as descript4_1_,
        task0_.estimated_duration as estimate5_1_,
        task0_.finish_date as finish_d6_1_,
        task0_.name as name7_1_,
        task0_.priority as priority8_1_,
        task0_.project_id as project_9_1_,
        task0_.start_date as start_d10_1_,
        task0_.status as status11_1_ 
    from
        task task0_
Hibernate: 
    select
        task0_.id as id1_1_,
        task0_.asigned_id as asigned_2_1_,
        task0_.creation_date as creation3_1_,
        task0_.description as descript4_1_,
        task0_.estimated_duration as estimate5_1_,
        task0_.finish_date as finish_d6_1_,
        task0_.name as name7_1_,
        task0_.priority as priority8_1_,
        task0_.project_id as project_9_1_,
        task0_.start_date as start_d10_1_,
        task0_.status as status11_1_ 
    from
        task task0_
After all test execution
2023-12-03 21:17:59.638  INFO 5148 --- [    Test worker] o.s.t.c.support.AbstractContextLoader    : Could not detect default resource locations for test class [com.aninfo.integration.cucumber.ProjectIntegrationServiceTest]: no resource found for suffixes {-context.xml, Context.groovy}.
2023-12-03 21:17:59.640  INFO 5148 --- [    Test worker] .b.t.c.SpringBootTestContextBootstrapper : Loaded default TestExecutionListener class names from location [META-INF/spring.factories]: [org.springframework.boot.test.autoconfigure.restdocs.RestDocsTestExecutionListener, org.springframework.boot.test.autoconfigure.web.client.MockRestServiceServerResetTestExecutionListener, org.springframework.boot.test.autoconfigure.web.servlet.MockMvcPrintOnlyOnFailureTestExecutionListener, org.springframework.boot.test.autoconfigure.web.servlet.WebDriverTestExecutionListener, org.springframework.boot.test.mock.mockito.MockitoTestExecutionListener, org.springframework.boot.test.mock.mockito.ResetMocksTestExecutionListener, org.springframework.test.context.web.ServletTestExecutionListener, org.springframework.test.context.support.DirtiesContextBeforeModesTestExecutionListener, org.springframework.test.context.support.DependencyInjectionTestExecutionListener, org.springframework.test.context.support.DirtiesContextTestExecutionListener, org.springframework.test.context.transaction.TransactionalTestExecutionListener, org.springframework.test.context.jdbc.SqlScriptsTestExecutionListener, org.springframework.test.context.event.EventPublishingTestExecutionListener]
2023-12-03 21:17:59.640  INFO 5148 --- [    Test worker] .b.t.c.SpringBootTestContextBootstrapper : Using TestExecutionListeners: [org.springframework.test.context.web.ServletTestExecutionListener@28d788c4, org.springframework.test.context.support.DirtiesContextBeforeModesTestExecutionListener@404ddea4, org.springframework.boot.test.mock.mockito.MockitoTestExecutionListener@66186d75, org.springframework.boot.test.autoconfigure.SpringBootDependencyInjectionTestExecutionListener@3d9affae, org.springframework.test.context.support.DirtiesContextTestExecutionListener@299fd171, org.springframework.test.context.transaction.TransactionalTestExecutionListener@7899218, org.springframework.test.context.jdbc.SqlScriptsTestExecutionListener@225f3459, org.springframework.test.context.event.EventPublishingTestExecutionListener@4852d833, org.springframework.boot.test.autoconfigure.restdocs.RestDocsTestExecutionListener@1f919c11, org.springframework.boot.test.autoconfigure.web.client.MockRestServiceServerResetTestExecutionListener@5443c4a9, org.springframework.boot.test.autoconfigure.web.servlet.MockMvcPrintOnlyOnFailureTestExecutionListener@f65cf84, org.springframework.boot.test.autoconfigure.web.servlet.WebDriverTestExecutionListener@51280d1b, org.springframework.boot.test.mock.mockito.ResetMocksTestExecutionListener@424a623b]
Before any test execution
Before any test execution
Before any test execution
Before any test execution
Hibernate: 
    select
        task0_.id as id1_1_,
        task0_.asigned_id as asigned_2_1_,
        task0_.creation_date as creation3_1_,
        task0_.description as descript4_1_,
        task0_.estimated_duration as estimate5_1_,
        task0_.finish_date as finish_d6_1_,
        task0_.name as name7_1_,
        task0_.priority as priority8_1_,
        task0_.project_id as project_9_1_,
        task0_.start_date as start_d10_1_,
        task0_.status as status11_1_ 
    from
        task task0_ 
    where
        task0_.name=?
Hibernate: 
    call next value for hibernate_sequence
Hibernate: 
    insert 
    into
        task
        (asigned_id, creation_date, description, estimated_duration, finish_date, name, priority, project_id, start_date, status, id) 
    values
        (?, ?, ?, ?, ?, ?, ?, ?, ?, ?, ?)
Hibernate: 
    select
        task0_.id as id1_1_0_,
        task0_.asigned_id as asigned_2_1_0_,
        task0_.creation_date as creation3_1_0_,
        task0_.description as descript4_1_0_,
        task0_.estimated_duration as estimate5_1_0_,
        task0_.finish_date as finish_d6_1_0_,
        task0_.name as name7_1_0_,
        task0_.priority as priority8_1_0_,
        task0_.project_id as project_9_1_0_,
        task0_.start_date as start_d10_1_0_,
        task0_.status as status11_1_0_ 
    from
        task task0_ 
    where
        task0_.id=?
Hibernate: 
    select
        task0_.id as id1_1_,
        task0_.asigned_id as asigned_2_1_,
        task0_.creation_date as creation3_1_,
        task0_.description as descript4_1_,
        task0_.estimated_duration as estimate5_1_,
        task0_.finish_date as finish_d6_1_,
        task0_.name as name7_1_,
        task0_.priority as priority8_1_,
        task0_.project_id as project_9_1_,
        task0_.start_date as start_d10_1_,
        task0_.status as status11_1_ 
    from
        task task0_ 
    where
        task0_.name=?
Hibernate: 
    select
        task0_.id as id1_1_0_,
        task0_.asigned_id as asigned_2_1_0_,
        task0_.creation_date as creation3_1_0_,
        task0_.description as descript4_1_0_,
        task0_.estimated_duration as estimate5_1_0_,
        task0_.finish_date as finish_d6_1_0_,
        task0_.name as name7_1_0_,
        task0_.priority as priority8_1_0_,
        task0_.project_id as project_9_1_0_,
        task0_.start_date as start_d10_1_0_,
        task0_.status as status11_1_0_ 
    from
        task task0_ 
    where
        task0_.id=?
Hibernate: 
    update
        task 
    set
        asigned_id=?,
        creation_date=?,
        description=?,
        estimated_duration=?,
        finish_date=?,
        name=?,
        priority=?,
        project_id=?,
        start_date=?,
        status=? 
    where
        id=?
Hibernate: 
    select
        task0_.id as id1_1_,
        task0_.asigned_id as asigned_2_1_,
        task0_.creation_date as creation3_1_,
        task0_.description as descript4_1_,
        task0_.estimated_duration as estimate5_1_,
        task0_.finish_date as finish_d6_1_,
        task0_.name as name7_1_,
        task0_.priority as priority8_1_,
        task0_.project_id as project_9_1_,
        task0_.start_date as start_d10_1_,
        task0_.status as status11_1_ 
    from
        task task0_
Hibernate: 
    delete 
    from
        task 
    where
        id=?
Hibernate: 
    select
        project0_.id as id1_0_,
        project0_.creation_date as creation2_0_,
        project0_.description as descript3_0_,
        project0_.finish_date as finish_d4_0_,
        project0_.name as name5_0_,
        project0_.project_leader_id as project_6_0_,
        project0_.start_date as start_da7_0_,
        project0_.status as status8_0_ 
    from
        project project0_
After all test execution
Resetting system
Hibernate: 
    select
        project0_.id as id1_0_,
        project0_.creation_date as creation2_0_,
        project0_.description as descript3_0_,
        project0_.finish_date as finish_d4_0_,
        project0_.name as name5_0_,
        project0_.project_leader_id as project_6_0_,
        project0_.start_date as start_da7_0_,
        project0_.status as status8_0_ 
    from
        project project0_
Hibernate: 
    select
        project0_.id as id1_0_,
        project0_.creation_date as creation2_0_,
        project0_.description as descript3_0_,
        project0_.finish_date as finish_d4_0_,
        project0_.name as name5_0_,
        project0_.project_leader_id as project_6_0_,
        project0_.start_date as start_da7_0_,
        project0_.status as status8_0_ 
    from
        project project0_
After all test execution
Resetting system
Hibernate: 
    select
        task0_.id as id1_1_,
        task0_.asigned_id as asigned_2_1_,
        task0_.creation_date as creation3_1_,
        task0_.description as descript4_1_,
        task0_.estimated_duration as estimate5_1_,
        task0_.finish_date as finish_d6_1_,
        task0_.name as name7_1_,
        task0_.priority as priority8_1_,
        task0_.project_id as project_9_1_,
        task0_.start_date as start_d10_1_,
        task0_.status as status11_1_ 
    from
        task task0_
Hibernate: 
    select
        task0_.id as id1_1_,
        task0_.asigned_id as asigned_2_1_,
        task0_.creation_date as creation3_1_,
        task0_.description as descript4_1_,
        task0_.estimated_duration as estimate5_1_,
        task0_.finish_date as finish_d6_1_,
        task0_.name as name7_1_,
        task0_.priority as priority8_1_,
        task0_.project_id as project_9_1_,
        task0_.start_date as start_d10_1_,
        task0_.status as status11_1_ 
    from
        task task0_
After all test execution
Resetting system
Hibernate: 
    select
        project0_.id as id1_0_,
        project0_.creation_date as creation2_0_,
        project0_.description as descript3_0_,
        project0_.finish_date as finish_d4_0_,
        project0_.name as name5_0_,
        project0_.project_leader_id as project_6_0_,
        project0_.start_date as start_da7_0_,
        project0_.status as status8_0_ 
    from
        project project0_
After all test execution
Hibernate: 
    select
        task0_.id as id1_1_,
        task0_.asigned_id as asigned_2_1_,
        task0_.creation_date as creation3_1_,
        task0_.description as descript4_1_,
        task0_.estimated_duration as estimate5_1_,
        task0_.finish_date as finish_d6_1_,
        task0_.name as name7_1_,
        task0_.priority as priority8_1_,
        task0_.project_id as project_9_1_,
        task0_.start_date as start_d10_1_,
        task0_.status as status11_1_ 
    from
        task task0_
Hibernate: 
    select
        task0_.id as id1_1_,
        task0_.asigned_id as asigned_2_1_,
        task0_.creation_date as creation3_1_,
        task0_.description as descript4_1_,
        task0_.estimated_duration as estimate5_1_,
        task0_.finish_date as finish_d6_1_,
        task0_.name as name7_1_,
        task0_.priority as priority8_1_,
        task0_.project_id as project_9_1_,
        task0_.start_date as start_d10_1_,
        task0_.status as status11_1_ 
    from
        task task0_
After all test execution
2023-12-03 21:17:59.675  INFO 5148 --- [    Test worker] o.s.t.c.support.AbstractContextLoader    : Could not detect default resource locations for test class [com.aninfo.integration.cucumber.ProjectIntegrationServiceTest]: no resource found for suffixes {-context.xml, Context.groovy}.
2023-12-03 21:17:59.678  INFO 5148 --- [    Test worker] .b.t.c.SpringBootTestContextBootstrapper : Loaded default TestExecutionListener class names from location [META-INF/spring.factories]: [org.springframework.boot.test.autoconfigure.restdocs.RestDocsTestExecutionListener, org.springframework.boot.test.autoconfigure.web.client.MockRestServiceServerResetTestExecutionListener, org.springframework.boot.test.autoconfigure.web.servlet.MockMvcPrintOnlyOnFailureTestExecutionListener, org.springframework.boot.test.autoconfigure.web.servlet.WebDriverTestExecutionListener, org.springframework.boot.test.mock.mockito.MockitoTestExecutionListener, org.springframework.boot.test.mock.mockito.ResetMocksTestExecutionListener, org.springframework.test.context.web.ServletTestExecutionListener, org.springframework.test.context.support.DirtiesContextBeforeModesTestExecutionListener, org.springframework.test.context.support.DependencyInjectionTestExecutionListener, org.springframework.test.context.support.DirtiesContextTestExecutionListener, org.springframework.test.context.transaction.TransactionalTestExecutionListener, org.springframework.test.context.jdbc.SqlScriptsTestExecutionListener, org.springframework.test.context.event.EventPublishingTestExecutionListener]
2023-12-03 21:17:59.678  INFO 5148 --- [    Test worker] .b.t.c.SpringBootTestContextBootstrapper : Using TestExecutionListeners: [org.springframework.test.context.web.ServletTestExecutionListener@735483c6, org.springframework.test.context.support.DirtiesContextBeforeModesTestExecutionListener@19365c35, org.springframework.boot.test.mock.mockito.MockitoTestExecutionListener@16070817, org.springframework.boot.test.autoconfigure.SpringBootDependencyInjectionTestExecutionListener@397d83c3, org.springframework.test.context.support.DirtiesContextTestExecutionListener@6e606d99, org.springframework.test.context.transaction.TransactionalTestExecutionListener@459c5394, org.springframework.test.context.jdbc.SqlScriptsTestExecutionListener@6b75bc80, org.springframework.test.context.event.EventPublishingTestExecutionListener@3e4349b6, org.springframework.boot.test.autoconfigure.restdocs.RestDocsTestExecutionListener@53a2e742, org.springframework.boot.test.autoconfigure.web.client.MockRestServiceServerResetTestExecutionListener@74850e51, org.springframework.boot.test.autoconfigure.web.servlet.MockMvcPrintOnlyOnFailureTestExecutionListener@32d23dfd, org.springframework.boot.test.autoconfigure.web.servlet.WebDriverTestExecutionListener@16f8cce8, org.springframework.boot.test.mock.mockito.ResetMocksTestExecutionListener@52a4a182]
Before any test execution
Before any test execution
Before any test execution
Before any test execution
Hibernate: 
    select
        task0_.id as id1_1_,
        task0_.asigned_id as asigned_2_1_,
        task0_.creation_date as creation3_1_,
        task0_.description as descript4_1_,
        task0_.estimated_duration as estimate5_1_,
        task0_.finish_date as finish_d6_1_,
        task0_.name as name7_1_,
        task0_.priority as priority8_1_,
        task0_.project_id as project_9_1_,
        task0_.start_date as start_d10_1_,
        task0_.status as status11_1_ 
    from
        task task0_ 
    where
        task0_.name=?
Hibernate: 
    call next value for hibernate_sequence
Hibernate: 
    insert 
    into
        task
        (asigned_id, creation_date, description, estimated_duration, finish_date, name, priority, project_id, start_date, status, id) 
    values
        (?, ?, ?, ?, ?, ?, ?, ?, ?, ?, ?)
Hibernate: 
    select
        task0_.id as id1_1_0_,
        task0_.asigned_id as asigned_2_1_0_,
        task0_.creation_date as creation3_1_0_,
        task0_.description as descript4_1_0_,
        task0_.estimated_duration as estimate5_1_0_,
        task0_.finish_date as finish_d6_1_0_,
        task0_.name as name7_1_0_,
        task0_.priority as priority8_1_0_,
        task0_.project_id as project_9_1_0_,
        task0_.start_date as start_d10_1_0_,
        task0_.status as status11_1_0_ 
    from
        task task0_ 
    where
        task0_.id=?
Hibernate: 
    select
        task0_.id as id1_1_,
        task0_.asigned_id as asigned_2_1_,
        task0_.creation_date as creation3_1_,
        task0_.description as descript4_1_,
        task0_.estimated_duration as estimate5_1_,
        task0_.finish_date as finish_d6_1_,
        task0_.name as name7_1_,
        task0_.priority as priority8_1_,
        task0_.project_id as project_9_1_,
        task0_.start_date as start_d10_1_,
        task0_.status as status11_1_ 
    from
        task task0_ 
    where
        task0_.name=?
Hibernate: 
    select
        task0_.id as id1_1_0_,
        task0_.asigned_id as asigned_2_1_0_,
        task0_.creation_date as creation3_1_0_,
        task0_.description as descript4_1_0_,
        task0_.estimated_duration as estimate5_1_0_,
        task0_.finish_date as finish_d6_1_0_,
        task0_.name as name7_1_0_,
        task0_.priority as priority8_1_0_,
        task0_.project_id as project_9_1_0_,
        task0_.start_date as start_d10_1_0_,
        task0_.status as status11_1_0_ 
    from
        task task0_ 
    where
        task0_.id=?
Hibernate: 
    update
        task 
    set
        asigned_id=?,
        creation_date=?,
        description=?,
        estimated_duration=?,
        finish_date=?,
        name=?,
        priority=?,
        project_id=?,
        start_date=?,
        status=? 
    where
        id=?
Hibernate: 
    select
        task0_.id as id1_1_,
        task0_.asigned_id as asigned_2_1_,
        task0_.creation_date as creation3_1_,
        task0_.description as descript4_1_,
        task0_.estimated_duration as estimate5_1_,
        task0_.finish_date as finish_d6_1_,
        task0_.name as name7_1_,
        task0_.priority as priority8_1_,
        task0_.project_id as project_9_1_,
        task0_.start_date as start_d10_1_,
        task0_.status as status11_1_ 
    from
        task task0_
Hibernate: 
    delete 
    from
        task 
    where
        id=?
Hibernate: 
    select
        project0_.id as id1_0_,
        project0_.creation_date as creation2_0_,
        project0_.description as descript3_0_,
        project0_.finish_date as finish_d4_0_,
        project0_.name as name5_0_,
        project0_.project_leader_id as project_6_0_,
        project0_.start_date as start_da7_0_,
        project0_.status as status8_0_ 
    from
        project project0_
After all test execution
Resetting system
Hibernate: 
    select
        project0_.id as id1_0_,
        project0_.creation_date as creation2_0_,
        project0_.description as descript3_0_,
        project0_.finish_date as finish_d4_0_,
        project0_.name as name5_0_,
        project0_.project_leader_id as project_6_0_,
        project0_.start_date as start_da7_0_,
        project0_.status as status8_0_ 
    from
        project project0_
Hibernate: 
    select
        project0_.id as id1_0_,
        project0_.creation_date as creation2_0_,
        project0_.description as descript3_0_,
        project0_.finish_date as finish_d4_0_,
        project0_.name as name5_0_,
        project0_.project_leader_id as project_6_0_,
        project0_.start_date as start_da7_0_,
        project0_.status as status8_0_ 
    from
        project project0_
After all test execution
Resetting system
Hibernate: 
    select
        task0_.id as id1_1_,
        task0_.asigned_id as asigned_2_1_,
        task0_.creation_date as creation3_1_,
        task0_.description as descript4_1_,
        task0_.estimated_duration as estimate5_1_,
        task0_.finish_date as finish_d6_1_,
        task0_.name as name7_1_,
        task0_.priority as priority8_1_,
        task0_.project_id as project_9_1_,
        task0_.start_date as start_d10_1_,
        task0_.status as status11_1_ 
    from
        task task0_
Hibernate: 
    select
        task0_.id as id1_1_,
        task0_.asigned_id as asigned_2_1_,
        task0_.creation_date as creation3_1_,
        task0_.description as descript4_1_,
        task0_.estimated_duration as estimate5_1_,
        task0_.finish_date as finish_d6_1_,
        task0_.name as name7_1_,
        task0_.priority as priority8_1_,
        task0_.project_id as project_9_1_,
        task0_.start_date as start_d10_1_,
        task0_.status as status11_1_ 
    from
        task task0_
After all test execution
Resetting system
Hibernate: 
    select
        project0_.id as id1_0_,
        project0_.creation_date as creation2_0_,
        project0_.description as descript3_0_,
        project0_.finish_date as finish_d4_0_,
        project0_.name as name5_0_,
        project0_.project_leader_id as project_6_0_,
        project0_.start_date as start_da7_0_,
        project0_.status as status8_0_ 
    from
        project project0_
After all test execution
Hibernate: 
    select
        task0_.id as id1_1_,
        task0_.asigned_id as asigned_2_1_,
        task0_.creation_date as creation3_1_,
        task0_.description as descript4_1_,
        task0_.estimated_duration as estimate5_1_,
        task0_.finish_date as finish_d6_1_,
        task0_.name as name7_1_,
        task0_.priority as priority8_1_,
        task0_.project_id as project_9_1_,
        task0_.start_date as start_d10_1_,
        task0_.status as status11_1_ 
    from
        task task0_
Hibernate: 
    select
        task0_.id as id1_1_,
        task0_.asigned_id as asigned_2_1_,
        task0_.creation_date as creation3_1_,
        task0_.description as descript4_1_,
        task0_.estimated_duration as estimate5_1_,
        task0_.finish_date as finish_d6_1_,
        task0_.name as name7_1_,
        task0_.priority as priority8_1_,
        task0_.project_id as project_9_1_,
        task0_.start_date as start_d10_1_,
        task0_.status as status11_1_ 
    from
        task task0_
After all test execution
2023-12-03 21:17:59.711  INFO 5148 --- [    Test worker] o.s.t.c.support.AbstractContextLoader    : Could not detect default resource locations for test class [com.aninfo.integration.cucumber.ProjectIntegrationServiceTest]: no resource found for suffixes {-context.xml, Context.groovy}.
2023-12-03 21:17:59.713  INFO 5148 --- [    Test worker] .b.t.c.SpringBootTestContextBootstrapper : Loaded default TestExecutionListener class names from location [META-INF/spring.factories]: [org.springframework.boot.test.autoconfigure.restdocs.RestDocsTestExecutionListener, org.springframework.boot.test.autoconfigure.web.client.MockRestServiceServerResetTestExecutionListener, org.springframework.boot.test.autoconfigure.web.servlet.MockMvcPrintOnlyOnFailureTestExecutionListener, org.springframework.boot.test.autoconfigure.web.servlet.WebDriverTestExecutionListener, org.springframework.boot.test.mock.mockito.MockitoTestExecutionListener, org.springframework.boot.test.mock.mockito.ResetMocksTestExecutionListener, org.springframework.test.context.web.ServletTestExecutionListener, org.springframework.test.context.support.DirtiesContextBeforeModesTestExecutionListener, org.springframework.test.context.support.DependencyInjectionTestExecutionListener, org.springframework.test.context.support.DirtiesContextTestExecutionListener, org.springframework.test.context.transaction.TransactionalTestExecutionListener, org.springframework.test.context.jdbc.SqlScriptsTestExecutionListener, org.springframework.test.context.event.EventPublishingTestExecutionListener]
2023-12-03 21:17:59.714  INFO 5148 --- [    Test worker] .b.t.c.SpringBootTestContextBootstrapper : Using TestExecutionListeners: [org.springframework.test.context.web.ServletTestExecutionListener@4db03dd2, org.springframework.test.context.support.DirtiesContextBeforeModesTestExecutionListener@61a03bec, org.springframework.boot.test.mock.mockito.MockitoTestExecutionListener@73cb9f93, org.springframework.boot.test.autoconfigure.SpringBootDependencyInjectionTestExecutionListener@702660f8, org.springframework.test.context.support.DirtiesContextTestExecutionListener@3cb48d83, org.springframework.test.context.transaction.TransactionalTestExecutionListener@5c2baea2, org.springframework.test.context.jdbc.SqlScriptsTestExecutionListener@733385b3, org.springframework.test.context.event.EventPublishingTestExecutionListener@30d11a8d, org.springframework.boot.test.autoconfigure.restdocs.RestDocsTestExecutionListener@28915181, org.springframework.boot.test.autoconfigure.web.client.MockRestServiceServerResetTestExecutionListener@294ea48f, org.springframework.boot.test.autoconfigure.web.servlet.MockMvcPrintOnlyOnFailureTestExecutionListener@463fa208, org.springframework.boot.test.autoconfigure.web.servlet.WebDriverTestExecutionListener@7e82dd30, org.springframework.boot.test.mock.mockito.ResetMocksTestExecutionListener@5cbd8638]
Before any test execution
Before any test execution
Before any test execution
Before any test execution
Hibernate: 
    select
        task0_.id as id1_1_,
        task0_.asigned_id as asigned_2_1_,
        task0_.creation_date as creation3_1_,
        task0_.description as descript4_1_,
        task0_.estimated_duration as estimate5_1_,
        task0_.finish_date as finish_d6_1_,
        task0_.name as name7_1_,
        task0_.priority as priority8_1_,
        task0_.project_id as project_9_1_,
        task0_.start_date as start_d10_1_,
        task0_.status as status11_1_ 
    from
        task task0_ 
    where
        task0_.name=?
Hibernate: 
    call next value for hibernate_sequence
Hibernate: 
    insert 
    into
        task
        (asigned_id, creation_date, description, estimated_duration, finish_date, name, priority, project_id, start_date, status, id) 
    values
        (?, ?, ?, ?, ?, ?, ?, ?, ?, ?, ?)
Hibernate: 
    select
        task0_.id as id1_1_0_,
        task0_.asigned_id as asigned_2_1_0_,
        task0_.creation_date as creation3_1_0_,
        task0_.description as descript4_1_0_,
        task0_.estimated_duration as estimate5_1_0_,
        task0_.finish_date as finish_d6_1_0_,
        task0_.name as name7_1_0_,
        task0_.priority as priority8_1_0_,
        task0_.project_id as project_9_1_0_,
        task0_.start_date as start_d10_1_0_,
        task0_.status as status11_1_0_ 
    from
        task task0_ 
    where
        task0_.id=?
Hibernate: 
    select
        task0_.id as id1_1_,
        task0_.asigned_id as asigned_2_1_,
        task0_.creation_date as creation3_1_,
        task0_.description as descript4_1_,
        task0_.estimated_duration as estimate5_1_,
        task0_.finish_date as finish_d6_1_,
        task0_.name as name7_1_,
        task0_.priority as priority8_1_,
        task0_.project_id as project_9_1_,
        task0_.start_date as start_d10_1_,
        task0_.status as status11_1_ 
    from
        task task0_ 
    where
        task0_.name=?
Hibernate: 
    select
        task0_.id as id1_1_0_,
        task0_.asigned_id as asigned_2_1_0_,
        task0_.creation_date as creation3_1_0_,
        task0_.description as descript4_1_0_,
        task0_.estimated_duration as estimate5_1_0_,
        task0_.finish_date as finish_d6_1_0_,
        task0_.name as name7_1_0_,
        task0_.priority as priority8_1_0_,
        task0_.project_id as project_9_1_0_,
        task0_.start_date as start_d10_1_0_,
        task0_.status as status11_1_0_ 
    from
        task task0_ 
    where
        task0_.id=?
Hibernate: 
    update
        task 
    set
        asigned_id=?,
        creation_date=?,
        description=?,
        estimated_duration=?,
        finish_date=?,
        name=?,
        priority=?,
        project_id=?,
        start_date=?,
        status=? 
    where
        id=?
Hibernate: 
    select
        task0_.id as id1_1_,
        task0_.asigned_id as asigned_2_1_,
        task0_.creation_date as creation3_1_,
        task0_.description as descript4_1_,
        task0_.estimated_duration as estimate5_1_,
        task0_.finish_date as finish_d6_1_,
        task0_.name as name7_1_,
        task0_.priority as priority8_1_,
        task0_.project_id as project_9_1_,
        task0_.start_date as start_d10_1_,
        task0_.status as status11_1_ 
    from
        task task0_
Hibernate: 
    delete 
    from
        task 
    where
        id=?
Hibernate: 
    select
        project0_.id as id1_0_,
        project0_.creation_date as creation2_0_,
        project0_.description as descript3_0_,
        project0_.finish_date as finish_d4_0_,
        project0_.name as name5_0_,
        project0_.project_leader_id as project_6_0_,
        project0_.start_date as start_da7_0_,
        project0_.status as status8_0_ 
    from
        project project0_
After all test execution
Resetting system
Hibernate: 
    select
        project0_.id as id1_0_,
        project0_.creation_date as creation2_0_,
        project0_.description as descript3_0_,
        project0_.finish_date as finish_d4_0_,
        project0_.name as name5_0_,
        project0_.project_leader_id as project_6_0_,
        project0_.start_date as start_da7_0_,
        project0_.status as status8_0_ 
    from
        project project0_
Hibernate: 
    select
        project0_.id as id1_0_,
        project0_.creation_date as creation2_0_,
        project0_.description as descript3_0_,
        project0_.finish_date as finish_d4_0_,
        project0_.name as name5_0_,
        project0_.project_leader_id as project_6_0_,
        project0_.start_date as start_da7_0_,
        project0_.status as status8_0_ 
    from
        project project0_
After all test execution
Resetting system
Hibernate: 
    select
        task0_.id as id1_1_,
        task0_.asigned_id as asigned_2_1_,
        task0_.creation_date as creation3_1_,
        task0_.description as descript4_1_,
        task0_.estimated_duration as estimate5_1_,
        task0_.finish_date as finish_d6_1_,
        task0_.name as name7_1_,
        task0_.priority as priority8_1_,
        task0_.project_id as project_9_1_,
        task0_.start_date as start_d10_1_,
        task0_.status as status11_1_ 
    from
        task task0_
Hibernate: 
    select
        task0_.id as id1_1_,
        task0_.asigned_id as asigned_2_1_,
        task0_.creation_date as creation3_1_,
        task0_.description as descript4_1_,
        task0_.estimated_duration as estimate5_1_,
        task0_.finish_date as finish_d6_1_,
        task0_.name as name7_1_,
        task0_.priority as priority8_1_,
        task0_.project_id as project_9_1_,
        task0_.start_date as start_d10_1_,
        task0_.status as status11_1_ 
    from
        task task0_
After all test execution
Resetting system
Hibernate: 
    select
        project0_.id as id1_0_,
        project0_.creation_date as creation2_0_,
        project0_.description as descript3_0_,
        project0_.finish_date as finish_d4_0_,
        project0_.name as name5_0_,
        project0_.project_leader_id as project_6_0_,
        project0_.start_date as start_da7_0_,
        project0_.status as status8_0_ 
    from
        project project0_
After all test execution
Hibernate: 
    select
        task0_.id as id1_1_,
        task0_.asigned_id as asigned_2_1_,
        task0_.creation_date as creation3_1_,
        task0_.description as descript4_1_,
        task0_.estimated_duration as estimate5_1_,
        task0_.finish_date as finish_d6_1_,
        task0_.name as name7_1_,
        task0_.priority as priority8_1_,
        task0_.project_id as project_9_1_,
        task0_.start_date as start_d10_1_,
        task0_.status as status11_1_ 
    from
        task task0_
Hibernate: 
    select
        task0_.id as id1_1_,
        task0_.asigned_id as asigned_2_1_,
        task0_.creation_date as creation3_1_,
        task0_.description as descript4_1_,
        task0_.estimated_duration as estimate5_1_,
        task0_.finish_date as finish_d6_1_,
        task0_.name as name7_1_,
        task0_.priority as priority8_1_,
        task0_.project_id as project_9_1_,
        task0_.start_date as start_d10_1_,
        task0_.status as status11_1_ 
    from
        task task0_
After all test execution

28 Scenarios (?[32m28 passed?[0m)
90 Steps (?[32m90 passed?[0m)
0m1,810s

]]></system-out>
  <system-err><![CDATA[]]></system-err>
</testsuite>
