<?xml version="1.0" encoding="UTF-8"?>
<testsuite name="com.aninfo.integration.cucumber.CucumberTest" tests="90" skipped="0" failures="0" errors="0" timestamp="2023-12-03T18:55:30" hostname="LAPTOP-I5D4J9C4" time="1.91">
  <properties/>
  <testcase name="Given No projects" classname="com.aninfo.integration.cucumber.CucumberTest" time="0.001"/>
  <testcase name="When Trying to get projects" classname="com.aninfo.integration.cucumber.CucumberTest" time="0.001"/>
  <testcase name="Then I get no projects" classname="com.aninfo.integration.cucumber.CucumberTest" time="0.0"/>
  <testcase name="Given Two projects" classname="com.aninfo.integration.cucumber.CucumberTest" time="0.0"/>
  <testcase name="When Trying to get projects" classname="com.aninfo.integration.cucumber.CucumberTest" time="0.001"/>
  <testcase name="Then I get two projects" classname="com.aninfo.integration.cucumber.CucumberTest" time="0.0"/>
  <testcase name="Given Project with name MyProject" classname="com.aninfo.integration.cucumber.CucumberTest" time="0.0"/>
  <testcase name="When Trying to find project with name MyProject" classname="com.aninfo.integration.cucumber.CucumberTest" time="0.0"/>
  <testcase name="Then I get the project appropriately" classname="com.aninfo.integration.cucumber.CucumberTest" time="0.0"/>
  <testcase name="Given Project with name MyProject1" classname="com.aninfo.integration.cucumber.CucumberTest" time="0.0"/>
  <testcase name="When Trying to find project with name MyProject2" classname="com.aninfo.integration.cucumber.CucumberTest" time="0.0"/>
  <testcase name="Then I get an Invalid Project Exception" classname="com.aninfo.integration.cucumber.CucumberTest" time="0.0"/>
  <testcase name="Given No projects" classname="com.aninfo.integration.cucumber.CucumberTest" time="0.001"/>
  <testcase name="When Trying to create a project with name Project1" classname="com.aninfo.integration.cucumber.CucumberTest" time="0.0"/>
  <testcase name="Then It is created successfully" classname="com.aninfo.integration.cucumber.CucumberTest" time="0.001"/>
  <testcase name="And Project is named Project1" classname="com.aninfo.integration.cucumber.CucumberTest" time="0.001"/>
  <testcase name="Given Project with name Project2" classname="com.aninfo.integration.cucumber.CucumberTest" time="0.001"/>
  <testcase name="When Trying to create a project with name Project2" classname="com.aninfo.integration.cucumber.CucumberTest" time="0.0"/>
  <testcase name="Then It is not created because a project with that name already exists" classname="com.aninfo.integration.cucumber.CucumberTest" time="0.0"/>
  <testcase name="Given Project with name Project3" classname="com.aninfo.integration.cucumber.CucumberTest" time="0.0"/>
  <testcase name="When Trying to create a project with name Project4" classname="com.aninfo.integration.cucumber.CucumberTest" time="0.0"/>
  <testcase name="Then It is created successfully" classname="com.aninfo.integration.cucumber.CucumberTest" time="0.0"/>
  <testcase name="And Project is named Project4" classname="com.aninfo.integration.cucumber.CucumberTest" time="0.0"/>
  <testcase name="Given Only one project named ProjectToDelete" classname="com.aninfo.integration.cucumber.CucumberTest" time="0.0"/>
  <testcase name="When Trying to delete it" classname="com.aninfo.integration.cucumber.CucumberTest" time="0.0"/>
  <testcase name="Then Project ProjectToDelete can no longer be found" classname="com.aninfo.integration.cucumber.CucumberTest" time="0.0"/>
  <testcase name="Given A project named ProjectRunway and another named ProjectX" classname="com.aninfo.integration.cucumber.CucumberTest" time="0.001"/>
  <testcase name="When Trying to delete project ProjectRunway" classname="com.aninfo.integration.cucumber.CucumberTest" time="0.0"/>
  <testcase name="Then Project ProjectRunway can no longer be found" classname="com.aninfo.integration.cucumber.CucumberTest" time="0.001"/>
  <testcase name="And Project ProjectX can still be found" classname="com.aninfo.integration.cucumber.CucumberTest" time="0.001"/>
  <testcase name="Given Two projects with names ProjectNoah and ProjectCami" classname="com.aninfo.integration.cucumber.CucumberTest" time="0.001"/>
  <testcase name="When Trying to change the ProjectCami name to ProjectDenise" classname="com.aninfo.integration.cucumber.CucumberTest" time="0.0"/>
  <testcase name="Then Name is changed successfully to ProjectDenise" classname="com.aninfo.integration.cucumber.CucumberTest" time="0.0"/>
  <testcase name="Given Two projects with names ProjectNoah and ProjectCami" classname="com.aninfo.integration.cucumber.CucumberTest" time="0.001"/>
  <testcase name="When Trying to change the ProjectCami name to ProjectNoah" classname="com.aninfo.integration.cucumber.CucumberTest" time="0.0"/>
  <testcase name="Then Name cannot be modified" classname="com.aninfo.integration.cucumber.CucumberTest" time="0.0"/>
  <testcase name="Given A project named DescriptiveProject with description This is my Description" classname="com.aninfo.integration.cucumber.CucumberTest" time="0.001"/>
  <testcase name="When Trying to change the description to Another description" classname="com.aninfo.integration.cucumber.CucumberTest" time="0.0"/>
  <testcase name="Then Description is changed successfully to Another description" classname="com.aninfo.integration.cucumber.CucumberTest" time="0.0"/>
  <testcase name="Given A project named ProjectWithFinishDate with estimated finish date 2007-12-03" classname="com.aninfo.integration.cucumber.CucumberTest" time="0.0"/>
  <testcase name="When Trying to change the finish date to 2018-12-03" classname="com.aninfo.integration.cucumber.CucumberTest" time="0.001"/>
  <testcase name="Then Finish date is changed successfully to 2018-12-03" classname="com.aninfo.integration.cucumber.CucumberTest" time="0.0"/>
  <testcase name="Given An existent project with name ProjectWithAStatus" classname="com.aninfo.integration.cucumber.CucumberTest" time="0.0"/>
  <testcase name="When Trying to change the status to IN_PROGRESS" classname="com.aninfo.integration.cucumber.CucumberTest" time="0.0"/>
  <testcase name="Then Status is changed successfully to IN_PROGRESS" classname="com.aninfo.integration.cucumber.CucumberTest" time="0.001"/>
  <testcase name="Given A the project with the name project1" classname="com.aninfo.integration.cucumber.CucumberTest" time="0.0"/>
  <testcase name="When Trying to get the tasks" classname="com.aninfo.integration.cucumber.CucumberTest" time="0.0"/>
  <testcase name="Then I get nothing" classname="com.aninfo.integration.cucumber.CucumberTest" time="0.0"/>
  <testcase name="Given A the project with the name project1 with 2 tasks" classname="com.aninfo.integration.cucumber.CucumberTest" time="0.0"/>
  <testcase name="When Trying to get the tasks" classname="com.aninfo.integration.cucumber.CucumberTest" time="0.0"/>
  <testcase name="Then I get two tasks" classname="com.aninfo.integration.cucumber.CucumberTest" time="0.0"/>
  <testcase name="Given A task in a project with name task1" classname="com.aninfo.integration.cucumber.CucumberTest" time="0.001"/>
  <testcase name="When Trying to find the task with name task1" classname="com.aninfo.integration.cucumber.CucumberTest" time="0.0"/>
  <testcase name="Then I get the task appropriately" classname="com.aninfo.integration.cucumber.CucumberTest" time="0.0"/>
  <testcase name="Given A task in a project with name task1" classname="com.aninfo.integration.cucumber.CucumberTest" time="0.0"/>
  <testcase name="When Trying to find the task with name task2" classname="com.aninfo.integration.cucumber.CucumberTest" time="0.0"/>
  <testcase name="Then I get an Invalid task Exception" classname="com.aninfo.integration.cucumber.CucumberTest" time="0.0"/>
  <testcase name="Given No tasks" classname="com.aninfo.integration.cucumber.CucumberTest" time="0.0"/>
  <testcase name="When Try to create a task with name task1" classname="com.aninfo.integration.cucumber.CucumberTest" time="0.0"/>
  <testcase name="Then The task is created successfully" classname="com.aninfo.integration.cucumber.CucumberTest" time="0.001"/>
  <testcase name="And Task is named task1" classname="com.aninfo.integration.cucumber.CucumberTest" time="0.001"/>
  <testcase name="Given A task in a project with name task1" classname="com.aninfo.integration.cucumber.CucumberTest" time="0.0"/>
  <testcase name="When Try to create a task with name task1" classname="com.aninfo.integration.cucumber.CucumberTest" time="0.0"/>
  <testcase name="Then It is not created because a task with that name already exists" classname="com.aninfo.integration.cucumber.CucumberTest" time="0.0"/>
  <testcase name="Given A task in a project with name task1" classname="com.aninfo.integration.cucumber.CucumberTest" time="0.0"/>
  <testcase name="When Try to create a task with name task2" classname="com.aninfo.integration.cucumber.CucumberTest" time="0.001"/>
  <testcase name="Then The task is created successfully" classname="com.aninfo.integration.cucumber.CucumberTest" time="0.0"/>
  <testcase name="And Task is named task2" classname="com.aninfo.integration.cucumber.CucumberTest" time="0.0"/>
  <testcase name="Given Only one task named TaskToDelete" classname="com.aninfo.integration.cucumber.CucumberTest" time="0.0"/>
  <testcase name="When Trying to delete the task" classname="com.aninfo.integration.cucumber.CucumberTest" time="0.001"/>
  <testcase name="Then Task TaskToDelete can no longer be found" classname="com.aninfo.integration.cucumber.CucumberTest" time="0.0"/>
  <testcase name="Given A task named task2 and another named task3" classname="com.aninfo.integration.cucumber.CucumberTest" time="0.0"/>
  <testcase name="When Trying to delete task task2" classname="com.aninfo.integration.cucumber.CucumberTest" time="0.0"/>
  <testcase name="Then Task task2 can no longer be found" classname="com.aninfo.integration.cucumber.CucumberTest" time="0.0"/>
  <testcase name="And Task task3 can still be found" classname="com.aninfo.integration.cucumber.CucumberTest" time="0.0"/>
  <testcase name="Given Two tasks with names TaskA and TaskB" classname="com.aninfo.integration.cucumber.CucumberTest" time="0.0"/>
  <testcase name="When Trying to modified the task TaskB name to TaskC" classname="com.aninfo.integration.cucumber.CucumberTest" time="0.001"/>
  <testcase name="Then Name task is changed successfully to TaskC" classname="com.aninfo.integration.cucumber.CucumberTest" time="0.0"/>
  <testcase name="Given Two tasks with names TaskA and TaskB" classname="com.aninfo.integration.cucumber.CucumberTest" time="0.001"/>
  <testcase name="When Trying to modified the task TaskB name to TaskA" classname="com.aninfo.integration.cucumber.CucumberTest" time="0.0"/>
  <testcase name="Then Name task cannot be modified" classname="com.aninfo.integration.cucumber.CucumberTest" time="0.0"/>
  <testcase name="Given A task named DescriptiveTask with description This is a description example" classname="com.aninfo.integration.cucumber.CucumberTest" time="0.001"/>
  <testcase name="When Trying to modified the description to This is another description example" classname="com.aninfo.integration.cucumber.CucumberTest" time="0.0"/>
  <testcase name="Then Description is modified successfully to This is another description example" classname="com.aninfo.integration.cucumber.CucumberTest" time="0.001"/>
  <testcase name="Given A task named TaskE with estimated finish date 2007-12-03" classname="com.aninfo.integration.cucumber.CucumberTest" time="0.0"/>
  <testcase name="When Trying to change the estimated finish date to 2018-12-03" classname="com.aninfo.integration.cucumber.CucumberTest" time="0.0"/>
  <testcase name="Then Estimated finish date is changed successfully to 2018-12-03" classname="com.aninfo.integration.cucumber.CucumberTest" time="0.001"/>
  <testcase name="Given An existent task with name TaskS" classname="com.aninfo.integration.cucumber.CucumberTest" time="0.0"/>
  <testcase name="When Trying to modify the status to IN_PROGRESS" classname="com.aninfo.integration.cucumber.CucumberTest" time="0.0"/>
  <testcase name="Then Status is modified successfully to IN_PROGRESS" classname="com.aninfo.integration.cucumber.CucumberTest" time="0.0"/>
  <system-out><![CDATA[15:55:19.749 [Test worker] DEBUG org.springframework.test.context.BootstrapUtils - Instantiating CacheAwareContextLoaderDelegate from class [org.springframework.test.context.cache.DefaultCacheAwareContextLoaderDelegate]
15:55:19.769 [Test worker] DEBUG org.springframework.test.context.BootstrapUtils - Instantiating BootstrapContext using constructor [public org.springframework.test.context.support.DefaultBootstrapContext(java.lang.Class,org.springframework.test.context.CacheAwareContextLoaderDelegate)]
15:55:19.832 [Test worker] DEBUG org.springframework.test.context.BootstrapUtils - Instantiating TestContextBootstrapper for test class [com.aninfo.integration.cucumber.TaskCreationTest] from class [org.springframework.boot.test.context.SpringBootTestContextBootstrapper]
15:55:19.866 [Test worker] DEBUG org.springframework.test.context.support.AbstractContextLoader - Did not detect default resource location for test class [com.aninfo.integration.cucumber.TaskIntegrationServiceTest]: class path resource [com/aninfo/integration/cucumber/TaskIntegrationServiceTest-context.xml] does not exist
15:55:19.867 [Test worker] DEBUG org.springframework.test.context.support.AbstractContextLoader - Did not detect default resource location for test class [com.aninfo.integration.cucumber.TaskIntegrationServiceTest]: class path resource [com/aninfo/integration/cucumber/TaskIntegrationServiceTestContext.groovy] does not exist
15:55:19.867 [Test worker] INFO org.springframework.test.context.support.AbstractContextLoader - Could not detect default resource locations for test class [com.aninfo.integration.cucumber.TaskIntegrationServiceTest]: no resource found for suffixes {-context.xml, Context.groovy}.
15:55:19.947 [Test worker] DEBUG org.springframework.test.context.support.ActiveProfilesUtils - Could not find an 'annotation declaring class' for annotation type [org.springframework.test.context.ActiveProfiles] and class [com.aninfo.integration.cucumber.TaskCreationTest]
15:55:20.126 [Test worker] DEBUG org.springframework.boot.test.context.SpringBootTestContextBootstrapper - @TestExecutionListeners is not present for class [com.aninfo.integration.cucumber.TaskCreationTest]: using defaults.
15:55:20.127 [Test worker] INFO org.springframework.boot.test.context.SpringBootTestContextBootstrapper - Loaded default TestExecutionListener class names from location [META-INF/spring.factories]: [org.springframework.boot.test.autoconfigure.restdocs.RestDocsTestExecutionListener, org.springframework.boot.test.autoconfigure.web.client.MockRestServiceServerResetTestExecutionListener, org.springframework.boot.test.autoconfigure.web.servlet.MockMvcPrintOnlyOnFailureTestExecutionListener, org.springframework.boot.test.autoconfigure.web.servlet.WebDriverTestExecutionListener, org.springframework.boot.test.mock.mockito.MockitoTestExecutionListener, org.springframework.boot.test.mock.mockito.ResetMocksTestExecutionListener, org.springframework.test.context.web.ServletTestExecutionListener, org.springframework.test.context.support.DirtiesContextBeforeModesTestExecutionListener, org.springframework.test.context.support.DependencyInjectionTestExecutionListener, org.springframework.test.context.support.DirtiesContextTestExecutionListener, org.springframework.test.context.transaction.TransactionalTestExecutionListener, org.springframework.test.context.jdbc.SqlScriptsTestExecutionListener, org.springframework.test.context.event.EventPublishingTestExecutionListener]
15:55:20.152 [Test worker] INFO org.springframework.boot.test.context.SpringBootTestContextBootstrapper - Using TestExecutionListeners: [org.springframework.test.context.web.ServletTestExecutionListener@67f36e78, org.springframework.test.context.support.DirtiesContextBeforeModesTestExecutionListener@6ae95525, org.springframework.boot.test.mock.mockito.MockitoTestExecutionListener@6346a0c5, org.springframework.boot.test.autoconfigure.SpringBootDependencyInjectionTestExecutionListener@15c6b5b7, org.springframework.test.context.support.DirtiesContextTestExecutionListener@693a89d9, org.springframework.test.context.transaction.TransactionalTestExecutionListener@49daa9a6, org.springframework.test.context.jdbc.SqlScriptsTestExecutionListener@1fcc68d0, org.springframework.test.context.event.EventPublishingTestExecutionListener@3f070d93, org.springframework.boot.test.autoconfigure.restdocs.RestDocsTestExecutionListener@24e2feb, org.springframework.boot.test.autoconfigure.web.client.MockRestServiceServerResetTestExecutionListener@1e45319d, org.springframework.boot.test.autoconfigure.web.servlet.MockMvcPrintOnlyOnFailureTestExecutionListener@62b3506d, org.springframework.boot.test.autoconfigure.web.servlet.WebDriverTestExecutionListener@655fa23d, org.springframework.boot.test.mock.mockito.ResetMocksTestExecutionListener@169df80a]
15:55:20.190 [Test worker] DEBUG org.springframework.test.context.support.TestPropertySourceUtils - Adding inlined properties to environment: {spring.jmx.enabled=false, org.springframework.boot.test.context.SpringBootTestContextBootstrapper=true, server.port=-1}

  .   ____          _            __ _ _
 /\\ / ___'_ __ _ _(_)_ __  __ _ \ \ \ \
( ( )\___ | '_ | '_| | '_ \/ _` | \ \ \ \
 \\/  ___)| |_)| | | | | || (_| |  ) ) ) )
  '  |____| .__|_| |_|_| |_\__, | / / / /
 =========|_|==============|___/=/_/_/_/
 :: Spring Boot ::        (v2.2.5.RELEASE)

2023-12-03 15:55:20.673  INFO 12840 --- [    Test worker] c.a.i.cucumber.TaskCreationTest          : Starting TaskCreationTest on LAPTOP-I5D4J9C4 with PID 12840 (started by camil in C:\Users\camil\Documents\aninfo\aninfotpg)
2023-12-03 15:55:20.676  INFO 12840 --- [    Test worker] c.a.i.cucumber.TaskCreationTest          : No active profile set, falling back to default profiles: default
2023-12-03 15:55:22.149  INFO 12840 --- [    Test worker] .s.d.r.c.RepositoryConfigurationDelegate : Bootstrapping Spring Data JPA repositories in DEFAULT mode.
2023-12-03 15:55:22.434  INFO 12840 --- [    Test worker] .s.d.r.c.RepositoryConfigurationDelegate : Finished Spring Data repository scanning in 266ms. Found 2 JPA repository interfaces.
2023-12-03 15:55:23.988  INFO 12840 --- [    Test worker] o.hibernate.jpa.internal.util.LogHelper  : HHH000204: Processing PersistenceUnitInfo [name: default]
2023-12-03 15:55:24.114  INFO 12840 --- [    Test worker] org.hibernate.Version                    : HHH000412: Hibernate ORM core version 5.4.12.Final
2023-12-03 15:55:24.356  INFO 12840 --- [    Test worker] o.hibernate.annotations.common.Version   : HCANN000001: Hibernate Commons Annotations {5.1.0.Final}
2023-12-03 15:55:24.543  INFO 12840 --- [    Test worker] com.zaxxer.hikari.HikariDataSource       : HikariPool-1 - Starting...
2023-12-03 15:55:24.904  INFO 12840 --- [    Test worker] com.zaxxer.hikari.HikariDataSource       : HikariPool-1 - Start completed.
2023-12-03 15:55:24.932  INFO 12840 --- [    Test worker] org.hibernate.dialect.Dialect            : HHH000400: Using dialect: org.hibernate.dialect.H2Dialect
Hibernate: 
    
    drop table project if exists
Hibernate: 
    
    drop table task if exists
Hibernate: 
    
    drop sequence if exists hibernate_sequence
Hibernate: create sequence hibernate_sequence start with 1 increment by 1
Hibernate: 
    
    create table project (
       id bigint not null,
        creation_date date,
        description varchar(255),
        finish_date date,
        name varchar(255),
        project_leader_id bigint,
        start_date date,
        status integer,
        primary key (id)
    )
Hibernate: 
    
    create table task (
       id bigint not null,
        creation_date date,
        description varchar(255),
        estimated_duration bigint,
        finish_date date,
        name varchar(255),
        priority integer,
        project_id bigint,
        project_leader_id bigint,
        start_date date,
        status integer,
        primary key (id)
    )
2023-12-03 15:55:26.272  INFO 12840 --- [    Test worker] o.h.e.t.j.p.i.JtaPlatformInitiator       : HHH000490: Using JtaPlatform implementation: [org.hibernate.engine.transaction.jta.platform.internal.NoJtaPlatform]
2023-12-03 15:55:26.287  INFO 12840 --- [    Test worker] j.LocalContainerEntityManagerFactoryBean : Initialized JPA EntityManagerFactory for persistence unit 'default'
2023-12-03 15:55:27.730  WARN 12840 --- [    Test worker] JpaBaseConfiguration$JpaWebConfiguration : spring.jpa.open-in-view is enabled by default. Therefore, database queries may be performed during view rendering. Explicitly configure spring.jpa.open-in-view to disable this warning
2023-12-03 15:55:29.045  INFO 12840 --- [    Test worker] o.s.s.concurrent.ThreadPoolTaskExecutor  : Initializing ExecutorService 'applicationTaskExecutor'
2023-12-03 15:55:29.569  INFO 12840 --- [    Test worker] o.s.b.a.h2.H2ConsoleAutoConfiguration    : H2 console available at '/h2-console'. Database available at 'jdbc:h2:mem:DBNAME'
2023-12-03 15:55:30.620  INFO 12840 --- [    Test worker] c.a.i.cucumber.TaskCreationTest          : Started TaskCreationTest in 10.412 seconds (JVM running for 13.99)
Before any test execution
Before any test execution
Before any test execution
Before any test execution
Hibernate: 
    select
        project0_.id as id1_0_,
        project0_.creation_date as creation2_0_,
        project0_.description as descript3_0_,
        project0_.finish_date as finish_d4_0_,
        project0_.name as name5_0_,
        project0_.project_leader_id as project_6_0_,
        project0_.start_date as start_da7_0_,
        project0_.status as status8_0_ 
    from
        project project0_
After all test execution
Hibernate: 
    select
        task0_.id as id1_1_,
        task0_.creation_date as creation2_1_,
        task0_.description as descript3_1_,
        task0_.estimated_duration as estimate4_1_,
        task0_.finish_date as finish_d5_1_,
        task0_.name as name6_1_,
        task0_.priority as priority7_1_,
        task0_.project_id as project_8_1_,
        task0_.project_leader_id as project_9_1_,
        task0_.start_date as start_d10_1_,
        task0_.status as status11_1_ 
    from
        task task0_
Hibernate: 
    select
        task0_.id as id1_1_,
        task0_.creation_date as creation2_1_,
        task0_.description as descript3_1_,
        task0_.estimated_duration as estimate4_1_,
        task0_.finish_date as finish_d5_1_,
        task0_.name as name6_1_,
        task0_.priority as priority7_1_,
        task0_.project_id as project_8_1_,
        task0_.project_leader_id as project_9_1_,
        task0_.start_date as start_d10_1_,
        task0_.status as status11_1_ 
    from
        task task0_
After all test execution
Hibernate: 
    select
        project0_.id as id1_0_,
        project0_.creation_date as creation2_0_,
        project0_.description as descript3_0_,
        project0_.finish_date as finish_d4_0_,
        project0_.name as name5_0_,
        project0_.project_leader_id as project_6_0_,
        project0_.start_date as start_da7_0_,
        project0_.status as status8_0_ 
    from
        project project0_
After all test execution
Resetting system
Hibernate: 
    select
        task0_.id as id1_1_,
        task0_.creation_date as creation2_1_,
        task0_.description as descript3_1_,
        task0_.estimated_duration as estimate4_1_,
        task0_.finish_date as finish_d5_1_,
        task0_.name as name6_1_,
        task0_.priority as priority7_1_,
        task0_.project_id as project_8_1_,
        task0_.project_leader_id as project_9_1_,
        task0_.start_date as start_d10_1_,
        task0_.status as status11_1_ 
    from
        task task0_
Resetting system
Hibernate: 
    select
        project0_.id as id1_0_,
        project0_.creation_date as creation2_0_,
        project0_.description as descript3_0_,
        project0_.finish_date as finish_d4_0_,
        project0_.name as name5_0_,
        project0_.project_leader_id as project_6_0_,
        project0_.start_date as start_da7_0_,
        project0_.status as status8_0_ 
    from
        project project0_
Resetting system
Hibernate: 
    select
        project0_.id as id1_0_,
        project0_.creation_date as creation2_0_,
        project0_.description as descript3_0_,
        project0_.finish_date as finish_d4_0_,
        project0_.name as name5_0_,
        project0_.project_leader_id as project_6_0_,
        project0_.start_date as start_da7_0_,
        project0_.status as status8_0_ 
    from
        project project0_
Hibernate: 
    select
        project0_.id as id1_0_,
        project0_.creation_date as creation2_0_,
        project0_.description as descript3_0_,
        project0_.finish_date as finish_d4_0_,
        project0_.name as name5_0_,
        project0_.project_leader_id as project_6_0_,
        project0_.start_date as start_da7_0_,
        project0_.status as status8_0_ 
    from
        project project0_
After all test execution
Hibernate: 
    select
        task0_.id as id1_1_,
        task0_.creation_date as creation2_1_,
        task0_.description as descript3_1_,
        task0_.estimated_duration as estimate4_1_,
        task0_.finish_date as finish_d5_1_,
        task0_.name as name6_1_,
        task0_.priority as priority7_1_,
        task0_.project_id as project_8_1_,
        task0_.project_leader_id as project_9_1_,
        task0_.start_date as start_d10_1_,
        task0_.status as status11_1_ 
    from
        task task0_
After all test execution
2023-12-03 15:55:31.255  INFO 12840 --- [    Test worker] o.s.t.c.support.AbstractContextLoader    : Could not detect default resource locations for test class [com.aninfo.integration.cucumber.TaskIntegrationServiceTest]: no resource found for suffixes {-context.xml, Context.groovy}.
2023-12-03 15:55:31.259  INFO 12840 --- [    Test worker] .b.t.c.SpringBootTestContextBootstrapper : Loaded default TestExecutionListener class names from location [META-INF/spring.factories]: [org.springframework.boot.test.autoconfigure.restdocs.RestDocsTestExecutionListener, org.springframework.boot.test.autoconfigure.web.client.MockRestServiceServerResetTestExecutionListener, org.springframework.boot.test.autoconfigure.web.servlet.MockMvcPrintOnlyOnFailureTestExecutionListener, org.springframework.boot.test.autoconfigure.web.servlet.WebDriverTestExecutionListener, org.springframework.boot.test.mock.mockito.MockitoTestExecutionListener, org.springframework.boot.test.mock.mockito.ResetMocksTestExecutionListener, org.springframework.test.context.web.ServletTestExecutionListener, org.springframework.test.context.support.DirtiesContextBeforeModesTestExecutionListener, org.springframework.test.context.support.DependencyInjectionTestExecutionListener, org.springframework.test.context.support.DirtiesContextTestExecutionListener, org.springframework.test.context.transaction.TransactionalTestExecutionListener, org.springframework.test.context.jdbc.SqlScriptsTestExecutionListener, org.springframework.test.context.event.EventPublishingTestExecutionListener]
2023-12-03 15:55:31.259  INFO 12840 --- [    Test worker] .b.t.c.SpringBootTestContextBootstrapper : Using TestExecutionListeners: [org.springframework.test.context.web.ServletTestExecutionListener@5d231709, org.springframework.test.context.support.DirtiesContextBeforeModesTestExecutionListener@739953cc, org.springframework.boot.test.mock.mockito.MockitoTestExecutionListener@70706681, org.springframework.boot.test.autoconfigure.SpringBootDependencyInjectionTestExecutionListener@452d6b5e, org.springframework.test.context.support.DirtiesContextTestExecutionListener@f3b7ad, org.springframework.test.context.transaction.TransactionalTestExecutionListener@394d934c, org.springframework.test.context.jdbc.SqlScriptsTestExecutionListener@4a7abe8a, org.springframework.test.context.event.EventPublishingTestExecutionListener@64a35b00, org.springframework.boot.test.autoconfigure.restdocs.RestDocsTestExecutionListener@79f0d6e6, org.springframework.boot.test.autoconfigure.web.client.MockRestServiceServerResetTestExecutionListener@2c72ed67, org.springframework.boot.test.autoconfigure.web.servlet.MockMvcPrintOnlyOnFailureTestExecutionListener@3363988d, org.springframework.boot.test.autoconfigure.web.servlet.WebDriverTestExecutionListener@4de6beba, org.springframework.boot.test.mock.mockito.ResetMocksTestExecutionListener@32de0606]
Before any test execution
Before any test execution
Before any test execution
Before any test execution
Hibernate: 
    select
        project0_.id as id1_0_,
        project0_.creation_date as creation2_0_,
        project0_.description as descript3_0_,
        project0_.finish_date as finish_d4_0_,
        project0_.name as name5_0_,
        project0_.project_leader_id as project_6_0_,
        project0_.start_date as start_da7_0_,
        project0_.status as status8_0_ 
    from
        project project0_ 
    where
        project0_.name=?
Hibernate: 
    call next value for hibernate_sequence
Hibernate: 
    insert 
    into
        project
        (creation_date, description, finish_date, name, project_leader_id, start_date, status, id) 
    values
        (?, ?, ?, ?, ?, ?, ?, ?)
Hibernate: 
    select
        project0_.id as id1_0_,
        project0_.creation_date as creation2_0_,
        project0_.description as descript3_0_,
        project0_.finish_date as finish_d4_0_,
        project0_.name as name5_0_,
        project0_.project_leader_id as project_6_0_,
        project0_.start_date as start_da7_0_,
        project0_.status as status8_0_ 
    from
        project project0_ 
    where
        project0_.name=?
Hibernate: 
    call next value for hibernate_sequence
Hibernate: 
    insert 
    into
        project
        (creation_date, description, finish_date, name, project_leader_id, start_date, status, id) 
    values
        (?, ?, ?, ?, ?, ?, ?, ?)
Hibernate: 
    select
        project0_.id as id1_0_,
        project0_.creation_date as creation2_0_,
        project0_.description as descript3_0_,
        project0_.finish_date as finish_d4_0_,
        project0_.name as name5_0_,
        project0_.project_leader_id as project_6_0_,
        project0_.start_date as start_da7_0_,
        project0_.status as status8_0_ 
    from
        project project0_
Hibernate: 
    select
        project0_.id as id1_0_,
        project0_.creation_date as creation2_0_,
        project0_.description as descript3_0_,
        project0_.finish_date as finish_d4_0_,
        project0_.name as name5_0_,
        project0_.project_leader_id as project_6_0_,
        project0_.start_date as start_da7_0_,
        project0_.status as status8_0_ 
    from
        project project0_
After all test execution
Hibernate: 
    select
        task0_.id as id1_1_,
        task0_.creation_date as creation2_1_,
        task0_.description as descript3_1_,
        task0_.estimated_duration as estimate4_1_,
        task0_.finish_date as finish_d5_1_,
        task0_.name as name6_1_,
        task0_.priority as priority7_1_,
        task0_.project_id as project_8_1_,
        task0_.project_leader_id as project_9_1_,
        task0_.start_date as start_d10_1_,
        task0_.status as status11_1_ 
    from
        task task0_
Hibernate: 
    select
        task0_.id as id1_1_,
        task0_.creation_date as creation2_1_,
        task0_.description as descript3_1_,
        task0_.estimated_duration as estimate4_1_,
        task0_.finish_date as finish_d5_1_,
        task0_.name as name6_1_,
        task0_.priority as priority7_1_,
        task0_.project_id as project_8_1_,
        task0_.project_leader_id as project_9_1_,
        task0_.start_date as start_d10_1_,
        task0_.status as status11_1_ 
    from
        task task0_
After all test execution
Hibernate: 
    select
        project0_.id as id1_0_,
        project0_.creation_date as creation2_0_,
        project0_.description as descript3_0_,
        project0_.finish_date as finish_d4_0_,
        project0_.name as name5_0_,
        project0_.project_leader_id as project_6_0_,
        project0_.start_date as start_da7_0_,
        project0_.status as status8_0_ 
    from
        project project0_
Hibernate: 
    delete 
    from
        project 
    where
        id=?
Hibernate: 
    delete 
    from
        project 
    where
        id=?
After all test execution
Resetting system
Hibernate: 
    select
        task0_.id as id1_1_,
        task0_.creation_date as creation2_1_,
        task0_.description as descript3_1_,
        task0_.estimated_duration as estimate4_1_,
        task0_.finish_date as finish_d5_1_,
        task0_.name as name6_1_,
        task0_.priority as priority7_1_,
        task0_.project_id as project_8_1_,
        task0_.project_leader_id as project_9_1_,
        task0_.start_date as start_d10_1_,
        task0_.status as status11_1_ 
    from
        task task0_
Resetting system
Hibernate: 
    select
        project0_.id as id1_0_,
        project0_.creation_date as creation2_0_,
        project0_.description as descript3_0_,
        project0_.finish_date as finish_d4_0_,
        project0_.name as name5_0_,
        project0_.project_leader_id as project_6_0_,
        project0_.start_date as start_da7_0_,
        project0_.status as status8_0_ 
    from
        project project0_
Resetting system
Hibernate: 
    select
        project0_.id as id1_0_,
        project0_.creation_date as creation2_0_,
        project0_.description as descript3_0_,
        project0_.finish_date as finish_d4_0_,
        project0_.name as name5_0_,
        project0_.project_leader_id as project_6_0_,
        project0_.start_date as start_da7_0_,
        project0_.status as status8_0_ 
    from
        project project0_
Hibernate: 
    select
        project0_.id as id1_0_,
        project0_.creation_date as creation2_0_,
        project0_.description as descript3_0_,
        project0_.finish_date as finish_d4_0_,
        project0_.name as name5_0_,
        project0_.project_leader_id as project_6_0_,
        project0_.start_date as start_da7_0_,
        project0_.status as status8_0_ 
    from
        project project0_
After all test execution
Hibernate: 
    select
        task0_.id as id1_1_,
        task0_.creation_date as creation2_1_,
        task0_.description as descript3_1_,
        task0_.estimated_duration as estimate4_1_,
        task0_.finish_date as finish_d5_1_,
        task0_.name as name6_1_,
        task0_.priority as priority7_1_,
        task0_.project_id as project_8_1_,
        task0_.project_leader_id as project_9_1_,
        task0_.start_date as start_d10_1_,
        task0_.status as status11_1_ 
    from
        task task0_
After all test execution
2023-12-03 15:55:31.524  INFO 12840 --- [    Test worker] o.s.t.c.support.AbstractContextLoader    : Could not detect default resource locations for test class [com.aninfo.integration.cucumber.TaskIntegrationServiceTest]: no resource found for suffixes {-context.xml, Context.groovy}.
2023-12-03 15:55:31.528  INFO 12840 --- [    Test worker] .b.t.c.SpringBootTestContextBootstrapper : Loaded default TestExecutionListener class names from location [META-INF/spring.factories]: [org.springframework.boot.test.autoconfigure.restdocs.RestDocsTestExecutionListener, org.springframework.boot.test.autoconfigure.web.client.MockRestServiceServerResetTestExecutionListener, org.springframework.boot.test.autoconfigure.web.servlet.MockMvcPrintOnlyOnFailureTestExecutionListener, org.springframework.boot.test.autoconfigure.web.servlet.WebDriverTestExecutionListener, org.springframework.boot.test.mock.mockito.MockitoTestExecutionListener, org.springframework.boot.test.mock.mockito.ResetMocksTestExecutionListener, org.springframework.test.context.web.ServletTestExecutionListener, org.springframework.test.context.support.DirtiesContextBeforeModesTestExecutionListener, org.springframework.test.context.support.DependencyInjectionTestExecutionListener, org.springframework.test.context.support.DirtiesContextTestExecutionListener, org.springframework.test.context.transaction.TransactionalTestExecutionListener, org.springframework.test.context.jdbc.SqlScriptsTestExecutionListener, org.springframework.test.context.event.EventPublishingTestExecutionListener]
2023-12-03 15:55:31.528  INFO 12840 --- [    Test worker] .b.t.c.SpringBootTestContextBootstrapper : Using TestExecutionListeners: [org.springframework.test.context.web.ServletTestExecutionListener@f35a1b8, org.springframework.test.context.support.DirtiesContextBeforeModesTestExecutionListener@466edcea, org.springframework.boot.test.mock.mockito.MockitoTestExecutionListener@125f692b, org.springframework.boot.test.autoconfigure.SpringBootDependencyInjectionTestExecutionListener@3f894a2c, org.springframework.test.context.support.DirtiesContextTestExecutionListener@1d930404, org.springframework.test.context.transaction.TransactionalTestExecutionListener@2daa12d0, org.springframework.test.context.jdbc.SqlScriptsTestExecutionListener@44d5307f, org.springframework.test.context.event.EventPublishingTestExecutionListener@31f8cae3, org.springframework.boot.test.autoconfigure.restdocs.RestDocsTestExecutionListener@344e4bfc, org.springframework.boot.test.autoconfigure.web.client.MockRestServiceServerResetTestExecutionListener@490ff337, org.springframework.boot.test.autoconfigure.web.servlet.MockMvcPrintOnlyOnFailureTestExecutionListener@24b474a1, org.springframework.boot.test.autoconfigure.web.servlet.WebDriverTestExecutionListener@536c0d06, org.springframework.boot.test.mock.mockito.ResetMocksTestExecutionListener@15bbbd3c]
Before any test execution
Before any test execution
Before any test execution
Before any test execution
Hibernate: 
    select
        project0_.id as id1_0_,
        project0_.creation_date as creation2_0_,
        project0_.description as descript3_0_,
        project0_.finish_date as finish_d4_0_,
        project0_.name as name5_0_,
        project0_.project_leader_id as project_6_0_,
        project0_.start_date as start_da7_0_,
        project0_.status as status8_0_ 
    from
        project project0_ 
    where
        project0_.name=?
Hibernate: 
    call next value for hibernate_sequence
Hibernate: 
    insert 
    into
        project
        (creation_date, description, finish_date, name, project_leader_id, start_date, status, id) 
    values
        (?, ?, ?, ?, ?, ?, ?, ?)
Hibernate: 
    select
        project0_.id as id1_0_,
        project0_.creation_date as creation2_0_,
        project0_.description as descript3_0_,
        project0_.finish_date as finish_d4_0_,
        project0_.name as name5_0_,
        project0_.project_leader_id as project_6_0_,
        project0_.start_date as start_da7_0_,
        project0_.status as status8_0_ 
    from
        project project0_ 
    where
        project0_.name=?
After all test execution
Hibernate: 
    select
        task0_.id as id1_1_,
        task0_.creation_date as creation2_1_,
        task0_.description as descript3_1_,
        task0_.estimated_duration as estimate4_1_,
        task0_.finish_date as finish_d5_1_,
        task0_.name as name6_1_,
        task0_.priority as priority7_1_,
        task0_.project_id as project_8_1_,
        task0_.project_leader_id as project_9_1_,
        task0_.start_date as start_d10_1_,
        task0_.status as status11_1_ 
    from
        task task0_
Hibernate: 
    select
        task0_.id as id1_1_,
        task0_.creation_date as creation2_1_,
        task0_.description as descript3_1_,
        task0_.estimated_duration as estimate4_1_,
        task0_.finish_date as finish_d5_1_,
        task0_.name as name6_1_,
        task0_.priority as priority7_1_,
        task0_.project_id as project_8_1_,
        task0_.project_leader_id as project_9_1_,
        task0_.start_date as start_d10_1_,
        task0_.status as status11_1_ 
    from
        task task0_
After all test execution
Hibernate: 
    select
        project0_.id as id1_0_,
        project0_.creation_date as creation2_0_,
        project0_.description as descript3_0_,
        project0_.finish_date as finish_d4_0_,
        project0_.name as name5_0_,
        project0_.project_leader_id as project_6_0_,
        project0_.start_date as start_da7_0_,
        project0_.status as status8_0_ 
    from
        project project0_
Hibernate: 
    delete 
    from
        project 
    where
        id=?
After all test execution
Resetting system
Hibernate: 
    select
        task0_.id as id1_1_,
        task0_.creation_date as creation2_1_,
        task0_.description as descript3_1_,
        task0_.estimated_duration as estimate4_1_,
        task0_.finish_date as finish_d5_1_,
        task0_.name as name6_1_,
        task0_.priority as priority7_1_,
        task0_.project_id as project_8_1_,
        task0_.project_leader_id as project_9_1_,
        task0_.start_date as start_d10_1_,
        task0_.status as status11_1_ 
    from
        task task0_
Resetting system
Hibernate: 
    select
        project0_.id as id1_0_,
        project0_.creation_date as creation2_0_,
        project0_.description as descript3_0_,
        project0_.finish_date as finish_d4_0_,
        project0_.name as name5_0_,
        project0_.project_leader_id as project_6_0_,
        project0_.start_date as start_da7_0_,
        project0_.status as status8_0_ 
    from
        project project0_
Resetting system
Hibernate: 
    select
        project0_.id as id1_0_,
        project0_.creation_date as creation2_0_,
        project0_.description as descript3_0_,
        project0_.finish_date as finish_d4_0_,
        project0_.name as name5_0_,
        project0_.project_leader_id as project_6_0_,
        project0_.start_date as start_da7_0_,
        project0_.status as status8_0_ 
    from
        project project0_
Hibernate: 
    select
        project0_.id as id1_0_,
        project0_.creation_date as creation2_0_,
        project0_.description as descript3_0_,
        project0_.finish_date as finish_d4_0_,
        project0_.name as name5_0_,
        project0_.project_leader_id as project_6_0_,
        project0_.start_date as start_da7_0_,
        project0_.status as status8_0_ 
    from
        project project0_
After all test execution
Hibernate: 
    select
        task0_.id as id1_1_,
        task0_.creation_date as creation2_1_,
        task0_.description as descript3_1_,
        task0_.estimated_duration as estimate4_1_,
        task0_.finish_date as finish_d5_1_,
        task0_.name as name6_1_,
        task0_.priority as priority7_1_,
        task0_.project_id as project_8_1_,
        task0_.project_leader_id as project_9_1_,
        task0_.start_date as start_d10_1_,
        task0_.status as status11_1_ 
    from
        task task0_
After all test execution
2023-12-03 15:55:31.585  INFO 12840 --- [    Test worker] o.s.t.c.support.AbstractContextLoader    : Could not detect default resource locations for test class [com.aninfo.integration.cucumber.TaskIntegrationServiceTest]: no resource found for suffixes {-context.xml, Context.groovy}.
2023-12-03 15:55:31.588  INFO 12840 --- [    Test worker] .b.t.c.SpringBootTestContextBootstrapper : Loaded default TestExecutionListener class names from location [META-INF/spring.factories]: [org.springframework.boot.test.autoconfigure.restdocs.RestDocsTestExecutionListener, org.springframework.boot.test.autoconfigure.web.client.MockRestServiceServerResetTestExecutionListener, org.springframework.boot.test.autoconfigure.web.servlet.MockMvcPrintOnlyOnFailureTestExecutionListener, org.springframework.boot.test.autoconfigure.web.servlet.WebDriverTestExecutionListener, org.springframework.boot.test.mock.mockito.MockitoTestExecutionListener, org.springframework.boot.test.mock.mockito.ResetMocksTestExecutionListener, org.springframework.test.context.web.ServletTestExecutionListener, org.springframework.test.context.support.DirtiesContextBeforeModesTestExecutionListener, org.springframework.test.context.support.DependencyInjectionTestExecutionListener, org.springframework.test.context.support.DirtiesContextTestExecutionListener, org.springframework.test.context.transaction.TransactionalTestExecutionListener, org.springframework.test.context.jdbc.SqlScriptsTestExecutionListener, org.springframework.test.context.event.EventPublishingTestExecutionListener]
2023-12-03 15:55:31.588  INFO 12840 --- [    Test worker] .b.t.c.SpringBootTestContextBootstrapper : Using TestExecutionListeners: [org.springframework.test.context.web.ServletTestExecutionListener@594a8904, org.springframework.test.context.support.DirtiesContextBeforeModesTestExecutionListener@545249fd, org.springframework.boot.test.mock.mockito.MockitoTestExecutionListener@4975853, org.springframework.boot.test.autoconfigure.SpringBootDependencyInjectionTestExecutionListener@793fd6f4, org.springframework.test.context.support.DirtiesContextTestExecutionListener@7430727e, org.springframework.test.context.transaction.TransactionalTestExecutionListener@326bc0a4, org.springframework.test.context.jdbc.SqlScriptsTestExecutionListener@c00537a, org.springframework.test.context.event.EventPublishingTestExecutionListener@b0fac78, org.springframework.boot.test.autoconfigure.restdocs.RestDocsTestExecutionListener@7c5b9ce5, org.springframework.boot.test.autoconfigure.web.client.MockRestServiceServerResetTestExecutionListener@10591d2a, org.springframework.boot.test.autoconfigure.web.servlet.MockMvcPrintOnlyOnFailureTestExecutionListener@1ecc07d8, org.springframework.boot.test.autoconfigure.web.servlet.WebDriverTestExecutionListener@68560415, org.springframework.boot.test.mock.mockito.ResetMocksTestExecutionListener@484a114e]
Before any test execution
Before any test execution
Before any test execution
Before any test execution
Hibernate: 
    select
        project0_.id as id1_0_,
        project0_.creation_date as creation2_0_,
        project0_.description as descript3_0_,
        project0_.finish_date as finish_d4_0_,
        project0_.name as name5_0_,
        project0_.project_leader_id as project_6_0_,
        project0_.start_date as start_da7_0_,
        project0_.status as status8_0_ 
    from
        project project0_ 
    where
        project0_.name=?
Hibernate: 
    call next value for hibernate_sequence
Hibernate: 
    insert 
    into
        project
        (creation_date, description, finish_date, name, project_leader_id, start_date, status, id) 
    values
        (?, ?, ?, ?, ?, ?, ?, ?)
Hibernate: 
    select
        project0_.id as id1_0_,
        project0_.creation_date as creation2_0_,
        project0_.description as descript3_0_,
        project0_.finish_date as finish_d4_0_,
        project0_.name as name5_0_,
        project0_.project_leader_id as project_6_0_,
        project0_.start_date as start_da7_0_,
        project0_.status as status8_0_ 
    from
        project project0_ 
    where
        project0_.name=?
After all test execution
Hibernate: 
    select
        task0_.id as id1_1_,
        task0_.creation_date as creation2_1_,
        task0_.description as descript3_1_,
        task0_.estimated_duration as estimate4_1_,
        task0_.finish_date as finish_d5_1_,
        task0_.name as name6_1_,
        task0_.priority as priority7_1_,
        task0_.project_id as project_8_1_,
        task0_.project_leader_id as project_9_1_,
        task0_.start_date as start_d10_1_,
        task0_.status as status11_1_ 
    from
        task task0_
Hibernate: 
    select
        task0_.id as id1_1_,
        task0_.creation_date as creation2_1_,
        task0_.description as descript3_1_,
        task0_.estimated_duration as estimate4_1_,
        task0_.finish_date as finish_d5_1_,
        task0_.name as name6_1_,
        task0_.priority as priority7_1_,
        task0_.project_id as project_8_1_,
        task0_.project_leader_id as project_9_1_,
        task0_.start_date as start_d10_1_,
        task0_.status as status11_1_ 
    from
        task task0_
After all test execution
Hibernate: 
    select
        project0_.id as id1_0_,
        project0_.creation_date as creation2_0_,
        project0_.description as descript3_0_,
        project0_.finish_date as finish_d4_0_,
        project0_.name as name5_0_,
        project0_.project_leader_id as project_6_0_,
        project0_.start_date as start_da7_0_,
        project0_.status as status8_0_ 
    from
        project project0_
Hibernate: 
    delete 
    from
        project 
    where
        id=?
After all test execution
Resetting system
Hibernate: 
    select
        task0_.id as id1_1_,
        task0_.creation_date as creation2_1_,
        task0_.description as descript3_1_,
        task0_.estimated_duration as estimate4_1_,
        task0_.finish_date as finish_d5_1_,
        task0_.name as name6_1_,
        task0_.priority as priority7_1_,
        task0_.project_id as project_8_1_,
        task0_.project_leader_id as project_9_1_,
        task0_.start_date as start_d10_1_,
        task0_.status as status11_1_ 
    from
        task task0_
Resetting system
Hibernate: 
    select
        project0_.id as id1_0_,
        project0_.creation_date as creation2_0_,
        project0_.description as descript3_0_,
        project0_.finish_date as finish_d4_0_,
        project0_.name as name5_0_,
        project0_.project_leader_id as project_6_0_,
        project0_.start_date as start_da7_0_,
        project0_.status as status8_0_ 
    from
        project project0_
Resetting system
Hibernate: 
    select
        project0_.id as id1_0_,
        project0_.creation_date as creation2_0_,
        project0_.description as descript3_0_,
        project0_.finish_date as finish_d4_0_,
        project0_.name as name5_0_,
        project0_.project_leader_id as project_6_0_,
        project0_.start_date as start_da7_0_,
        project0_.status as status8_0_ 
    from
        project project0_
Hibernate: 
    select
        project0_.id as id1_0_,
        project0_.creation_date as creation2_0_,
        project0_.description as descript3_0_,
        project0_.finish_date as finish_d4_0_,
        project0_.name as name5_0_,
        project0_.project_leader_id as project_6_0_,
        project0_.start_date as start_da7_0_,
        project0_.status as status8_0_ 
    from
        project project0_
After all test execution
Hibernate: 
    select
        task0_.id as id1_1_,
        task0_.creation_date as creation2_1_,
        task0_.description as descript3_1_,
        task0_.estimated_duration as estimate4_1_,
        task0_.finish_date as finish_d5_1_,
        task0_.name as name6_1_,
        task0_.priority as priority7_1_,
        task0_.project_id as project_8_1_,
        task0_.project_leader_id as project_9_1_,
        task0_.start_date as start_d10_1_,
        task0_.status as status11_1_ 
    from
        task task0_
After all test execution
2023-12-03 15:55:31.634  INFO 12840 --- [    Test worker] o.s.t.c.support.AbstractContextLoader    : Could not detect default resource locations for test class [com.aninfo.integration.cucumber.TaskIntegrationServiceTest]: no resource found for suffixes {-context.xml, Context.groovy}.
2023-12-03 15:55:31.636  INFO 12840 --- [    Test worker] .b.t.c.SpringBootTestContextBootstrapper : Loaded default TestExecutionListener class names from location [META-INF/spring.factories]: [org.springframework.boot.test.autoconfigure.restdocs.RestDocsTestExecutionListener, org.springframework.boot.test.autoconfigure.web.client.MockRestServiceServerResetTestExecutionListener, org.springframework.boot.test.autoconfigure.web.servlet.MockMvcPrintOnlyOnFailureTestExecutionListener, org.springframework.boot.test.autoconfigure.web.servlet.WebDriverTestExecutionListener, org.springframework.boot.test.mock.mockito.MockitoTestExecutionListener, org.springframework.boot.test.mock.mockito.ResetMocksTestExecutionListener, org.springframework.test.context.web.ServletTestExecutionListener, org.springframework.test.context.support.DirtiesContextBeforeModesTestExecutionListener, org.springframework.test.context.support.DependencyInjectionTestExecutionListener, org.springframework.test.context.support.DirtiesContextTestExecutionListener, org.springframework.test.context.transaction.TransactionalTestExecutionListener, org.springframework.test.context.jdbc.SqlScriptsTestExecutionListener, org.springframework.test.context.event.EventPublishingTestExecutionListener]
2023-12-03 15:55:31.636  INFO 12840 --- [    Test worker] .b.t.c.SpringBootTestContextBootstrapper : Using TestExecutionListeners: [org.springframework.test.context.web.ServletTestExecutionListener@207ef2df, org.springframework.test.context.support.DirtiesContextBeforeModesTestExecutionListener@24cc4dc2, org.springframework.boot.test.mock.mockito.MockitoTestExecutionListener@f634eb7, org.springframework.boot.test.autoconfigure.SpringBootDependencyInjectionTestExecutionListener@6bc8dba8, org.springframework.test.context.support.DirtiesContextTestExecutionListener@3cf73404, org.springframework.test.context.transaction.TransactionalTestExecutionListener@7a13dc05, org.springframework.test.context.jdbc.SqlScriptsTestExecutionListener@6f102306, org.springframework.test.context.event.EventPublishingTestExecutionListener@4228b0d7, org.springframework.boot.test.autoconfigure.restdocs.RestDocsTestExecutionListener@477aeb82, org.springframework.boot.test.autoconfigure.web.client.MockRestServiceServerResetTestExecutionListener@23edf49c, org.springframework.boot.test.autoconfigure.web.servlet.MockMvcPrintOnlyOnFailureTestExecutionListener@4d8bfbf4, org.springframework.boot.test.autoconfigure.web.servlet.WebDriverTestExecutionListener@4aa2449a, org.springframework.boot.test.mock.mockito.ResetMocksTestExecutionListener@5a9490b7]
Before any test execution
Before any test execution
Before any test execution
Before any test execution
Hibernate: 
    select
        project0_.id as id1_0_,
        project0_.creation_date as creation2_0_,
        project0_.description as descript3_0_,
        project0_.finish_date as finish_d4_0_,
        project0_.name as name5_0_,
        project0_.project_leader_id as project_6_0_,
        project0_.start_date as start_da7_0_,
        project0_.status as status8_0_ 
    from
        project project0_ 
    where
        project0_.name=?
Hibernate: 
    call next value for hibernate_sequence
Hibernate: 
    insert 
    into
        project
        (creation_date, description, finish_date, name, project_leader_id, start_date, status, id) 
    values
        (?, ?, ?, ?, ?, ?, ?, ?)
After all test execution
Hibernate: 
    select
        task0_.id as id1_1_,
        task0_.creation_date as creation2_1_,
        task0_.description as descript3_1_,
        task0_.estimated_duration as estimate4_1_,
        task0_.finish_date as finish_d5_1_,
        task0_.name as name6_1_,
        task0_.priority as priority7_1_,
        task0_.project_id as project_8_1_,
        task0_.project_leader_id as project_9_1_,
        task0_.start_date as start_d10_1_,
        task0_.status as status11_1_ 
    from
        task task0_
Hibernate: 
    select
        task0_.id as id1_1_,
        task0_.creation_date as creation2_1_,
        task0_.description as descript3_1_,
        task0_.estimated_duration as estimate4_1_,
        task0_.finish_date as finish_d5_1_,
        task0_.name as name6_1_,
        task0_.priority as priority7_1_,
        task0_.project_id as project_8_1_,
        task0_.project_leader_id as project_9_1_,
        task0_.start_date as start_d10_1_,
        task0_.status as status11_1_ 
    from
        task task0_
After all test execution
Hibernate: 
    select
        project0_.id as id1_0_,
        project0_.creation_date as creation2_0_,
        project0_.description as descript3_0_,
        project0_.finish_date as finish_d4_0_,
        project0_.name as name5_0_,
        project0_.project_leader_id as project_6_0_,
        project0_.start_date as start_da7_0_,
        project0_.status as status8_0_ 
    from
        project project0_
Hibernate: 
    delete 
    from
        project 
    where
        id=?
After all test execution
Resetting system
Hibernate: 
    select
        task0_.id as id1_1_,
        task0_.creation_date as creation2_1_,
        task0_.description as descript3_1_,
        task0_.estimated_duration as estimate4_1_,
        task0_.finish_date as finish_d5_1_,
        task0_.name as name6_1_,
        task0_.priority as priority7_1_,
        task0_.project_id as project_8_1_,
        task0_.project_leader_id as project_9_1_,
        task0_.start_date as start_d10_1_,
        task0_.status as status11_1_ 
    from
        task task0_
Resetting system
Hibernate: 
    select
        project0_.id as id1_0_,
        project0_.creation_date as creation2_0_,
        project0_.description as descript3_0_,
        project0_.finish_date as finish_d4_0_,
        project0_.name as name5_0_,
        project0_.project_leader_id as project_6_0_,
        project0_.start_date as start_da7_0_,
        project0_.status as status8_0_ 
    from
        project project0_
Resetting system
Hibernate: 
    select
        project0_.id as id1_0_,
        project0_.creation_date as creation2_0_,
        project0_.description as descript3_0_,
        project0_.finish_date as finish_d4_0_,
        project0_.name as name5_0_,
        project0_.project_leader_id as project_6_0_,
        project0_.start_date as start_da7_0_,
        project0_.status as status8_0_ 
    from
        project project0_
Hibernate: 
    select
        project0_.id as id1_0_,
        project0_.creation_date as creation2_0_,
        project0_.description as descript3_0_,
        project0_.finish_date as finish_d4_0_,
        project0_.name as name5_0_,
        project0_.project_leader_id as project_6_0_,
        project0_.start_date as start_da7_0_,
        project0_.status as status8_0_ 
    from
        project project0_
After all test execution
Hibernate: 
    select
        task0_.id as id1_1_,
        task0_.creation_date as creation2_1_,
        task0_.description as descript3_1_,
        task0_.estimated_duration as estimate4_1_,
        task0_.finish_date as finish_d5_1_,
        task0_.name as name6_1_,
        task0_.priority as priority7_1_,
        task0_.project_id as project_8_1_,
        task0_.project_leader_id as project_9_1_,
        task0_.start_date as start_d10_1_,
        task0_.status as status11_1_ 
    from
        task task0_
After all test execution
2023-12-03 15:55:31.691  INFO 12840 --- [    Test worker] o.s.t.c.support.AbstractContextLoader    : Could not detect default resource locations for test class [com.aninfo.integration.cucumber.TaskIntegrationServiceTest]: no resource found for suffixes {-context.xml, Context.groovy}.
2023-12-03 15:55:31.694  INFO 12840 --- [    Test worker] .b.t.c.SpringBootTestContextBootstrapper : Loaded default TestExecutionListener class names from location [META-INF/spring.factories]: [org.springframework.boot.test.autoconfigure.restdocs.RestDocsTestExecutionListener, org.springframework.boot.test.autoconfigure.web.client.MockRestServiceServerResetTestExecutionListener, org.springframework.boot.test.autoconfigure.web.servlet.MockMvcPrintOnlyOnFailureTestExecutionListener, org.springframework.boot.test.autoconfigure.web.servlet.WebDriverTestExecutionListener, org.springframework.boot.test.mock.mockito.MockitoTestExecutionListener, org.springframework.boot.test.mock.mockito.ResetMocksTestExecutionListener, org.springframework.test.context.web.ServletTestExecutionListener, org.springframework.test.context.support.DirtiesContextBeforeModesTestExecutionListener, org.springframework.test.context.support.DependencyInjectionTestExecutionListener, org.springframework.test.context.support.DirtiesContextTestExecutionListener, org.springframework.test.context.transaction.TransactionalTestExecutionListener, org.springframework.test.context.jdbc.SqlScriptsTestExecutionListener, org.springframework.test.context.event.EventPublishingTestExecutionListener]
2023-12-03 15:55:31.695  INFO 12840 --- [    Test worker] .b.t.c.SpringBootTestContextBootstrapper : Using TestExecutionListeners: [org.springframework.test.context.web.ServletTestExecutionListener@3f2b73c4, org.springframework.test.context.support.DirtiesContextBeforeModesTestExecutionListener@49831567, org.springframework.boot.test.mock.mockito.MockitoTestExecutionListener@5f8f45ec, org.springframework.boot.test.autoconfigure.SpringBootDependencyInjectionTestExecutionListener@7fafa952, org.springframework.test.context.support.DirtiesContextTestExecutionListener@1b7e5030, org.springframework.test.context.transaction.TransactionalTestExecutionListener@4a874615, org.springframework.test.context.jdbc.SqlScriptsTestExecutionListener@6f82ca8c, org.springframework.test.context.event.EventPublishingTestExecutionListener@6de50b17, org.springframework.boot.test.autoconfigure.restdocs.RestDocsTestExecutionListener@473294b, org.springframework.boot.test.autoconfigure.web.client.MockRestServiceServerResetTestExecutionListener@74b4703e, org.springframework.boot.test.autoconfigure.web.servlet.MockMvcPrintOnlyOnFailureTestExecutionListener@d9b028e, org.springframework.boot.test.autoconfigure.web.servlet.WebDriverTestExecutionListener@48631d99, org.springframework.boot.test.mock.mockito.ResetMocksTestExecutionListener@55c74caf]
Before any test execution
Before any test execution
Before any test execution
Before any test execution
Hibernate: 
    select
        project0_.id as id1_0_,
        project0_.creation_date as creation2_0_,
        project0_.description as descript3_0_,
        project0_.finish_date as finish_d4_0_,
        project0_.name as name5_0_,
        project0_.project_leader_id as project_6_0_,
        project0_.start_date as start_da7_0_,
        project0_.status as status8_0_ 
    from
        project project0_ 
    where
        project0_.name=?
Hibernate: 
    call next value for hibernate_sequence
Hibernate: 
    insert 
    into
        project
        (creation_date, description, finish_date, name, project_leader_id, start_date, status, id) 
    values
        (?, ?, ?, ?, ?, ?, ?, ?)
Hibernate: 
    select
        project0_.id as id1_0_,
        project0_.creation_date as creation2_0_,
        project0_.description as descript3_0_,
        project0_.finish_date as finish_d4_0_,
        project0_.name as name5_0_,
        project0_.project_leader_id as project_6_0_,
        project0_.start_date as start_da7_0_,
        project0_.status as status8_0_ 
    from
        project project0_ 
    where
        project0_.name=?
After all test execution
Hibernate: 
    select
        task0_.id as id1_1_,
        task0_.creation_date as creation2_1_,
        task0_.description as descript3_1_,
        task0_.estimated_duration as estimate4_1_,
        task0_.finish_date as finish_d5_1_,
        task0_.name as name6_1_,
        task0_.priority as priority7_1_,
        task0_.project_id as project_8_1_,
        task0_.project_leader_id as project_9_1_,
        task0_.start_date as start_d10_1_,
        task0_.status as status11_1_ 
    from
        task task0_
Hibernate: 
    select
        task0_.id as id1_1_,
        task0_.creation_date as creation2_1_,
        task0_.description as descript3_1_,
        task0_.estimated_duration as estimate4_1_,
        task0_.finish_date as finish_d5_1_,
        task0_.name as name6_1_,
        task0_.priority as priority7_1_,
        task0_.project_id as project_8_1_,
        task0_.project_leader_id as project_9_1_,
        task0_.start_date as start_d10_1_,
        task0_.status as status11_1_ 
    from
        task task0_
After all test execution
Hibernate: 
    select
        project0_.id as id1_0_,
        project0_.creation_date as creation2_0_,
        project0_.description as descript3_0_,
        project0_.finish_date as finish_d4_0_,
        project0_.name as name5_0_,
        project0_.project_leader_id as project_6_0_,
        project0_.start_date as start_da7_0_,
        project0_.status as status8_0_ 
    from
        project project0_
Hibernate: 
    delete 
    from
        project 
    where
        id=?
After all test execution
Resetting system
Hibernate: 
    select
        task0_.id as id1_1_,
        task0_.creation_date as creation2_1_,
        task0_.description as descript3_1_,
        task0_.estimated_duration as estimate4_1_,
        task0_.finish_date as finish_d5_1_,
        task0_.name as name6_1_,
        task0_.priority as priority7_1_,
        task0_.project_id as project_8_1_,
        task0_.project_leader_id as project_9_1_,
        task0_.start_date as start_d10_1_,
        task0_.status as status11_1_ 
    from
        task task0_
Resetting system
Hibernate: 
    select
        project0_.id as id1_0_,
        project0_.creation_date as creation2_0_,
        project0_.description as descript3_0_,
        project0_.finish_date as finish_d4_0_,
        project0_.name as name5_0_,
        project0_.project_leader_id as project_6_0_,
        project0_.start_date as start_da7_0_,
        project0_.status as status8_0_ 
    from
        project project0_
Resetting system
Hibernate: 
    select
        project0_.id as id1_0_,
        project0_.creation_date as creation2_0_,
        project0_.description as descript3_0_,
        project0_.finish_date as finish_d4_0_,
        project0_.name as name5_0_,
        project0_.project_leader_id as project_6_0_,
        project0_.start_date as start_da7_0_,
        project0_.status as status8_0_ 
    from
        project project0_
Hibernate: 
    select
        project0_.id as id1_0_,
        project0_.creation_date as creation2_0_,
        project0_.description as descript3_0_,
        project0_.finish_date as finish_d4_0_,
        project0_.name as name5_0_,
        project0_.project_leader_id as project_6_0_,
        project0_.start_date as start_da7_0_,
        project0_.status as status8_0_ 
    from
        project project0_
After all test execution
Hibernate: 
    select
        task0_.id as id1_1_,
        task0_.creation_date as creation2_1_,
        task0_.description as descript3_1_,
        task0_.estimated_duration as estimate4_1_,
        task0_.finish_date as finish_d5_1_,
        task0_.name as name6_1_,
        task0_.priority as priority7_1_,
        task0_.project_id as project_8_1_,
        task0_.project_leader_id as project_9_1_,
        task0_.start_date as start_d10_1_,
        task0_.status as status11_1_ 
    from
        task task0_
After all test execution
2023-12-03 15:55:31.765  INFO 12840 --- [    Test worker] o.s.t.c.support.AbstractContextLoader    : Could not detect default resource locations for test class [com.aninfo.integration.cucumber.TaskIntegrationServiceTest]: no resource found for suffixes {-context.xml, Context.groovy}.
2023-12-03 15:55:31.767  INFO 12840 --- [    Test worker] .b.t.c.SpringBootTestContextBootstrapper : Loaded default TestExecutionListener class names from location [META-INF/spring.factories]: [org.springframework.boot.test.autoconfigure.restdocs.RestDocsTestExecutionListener, org.springframework.boot.test.autoconfigure.web.client.MockRestServiceServerResetTestExecutionListener, org.springframework.boot.test.autoconfigure.web.servlet.MockMvcPrintOnlyOnFailureTestExecutionListener, org.springframework.boot.test.autoconfigure.web.servlet.WebDriverTestExecutionListener, org.springframework.boot.test.mock.mockito.MockitoTestExecutionListener, org.springframework.boot.test.mock.mockito.ResetMocksTestExecutionListener, org.springframework.test.context.web.ServletTestExecutionListener, org.springframework.test.context.support.DirtiesContextBeforeModesTestExecutionListener, org.springframework.test.context.support.DependencyInjectionTestExecutionListener, org.springframework.test.context.support.DirtiesContextTestExecutionListener, org.springframework.test.context.transaction.TransactionalTestExecutionListener, org.springframework.test.context.jdbc.SqlScriptsTestExecutionListener, org.springframework.test.context.event.EventPublishingTestExecutionListener]
2023-12-03 15:55:31.768  INFO 12840 --- [    Test worker] .b.t.c.SpringBootTestContextBootstrapper : Using TestExecutionListeners: [org.springframework.test.context.web.ServletTestExecutionListener@72adf539, org.springframework.test.context.support.DirtiesContextBeforeModesTestExecutionListener@55266619, org.springframework.boot.test.mock.mockito.MockitoTestExecutionListener@20cb9a26, org.springframework.boot.test.autoconfigure.SpringBootDependencyInjectionTestExecutionListener@390e5314, org.springframework.test.context.support.DirtiesContextTestExecutionListener@24176d31, org.springframework.test.context.transaction.TransactionalTestExecutionListener@4267d104, org.springframework.test.context.jdbc.SqlScriptsTestExecutionListener@3e0169c4, org.springframework.test.context.event.EventPublishingTestExecutionListener@75dc0be3, org.springframework.boot.test.autoconfigure.restdocs.RestDocsTestExecutionListener@6a3d9e8c, org.springframework.boot.test.autoconfigure.web.client.MockRestServiceServerResetTestExecutionListener@16ae9d3e, org.springframework.boot.test.autoconfigure.web.servlet.MockMvcPrintOnlyOnFailureTestExecutionListener@23d48966, org.springframework.boot.test.autoconfigure.web.servlet.WebDriverTestExecutionListener@36c20dec, org.springframework.boot.test.mock.mockito.ResetMocksTestExecutionListener@300d3c46]
Before any test execution
Before any test execution
Before any test execution
Before any test execution
Hibernate: 
    select
        project0_.id as id1_0_,
        project0_.creation_date as creation2_0_,
        project0_.description as descript3_0_,
        project0_.finish_date as finish_d4_0_,
        project0_.name as name5_0_,
        project0_.project_leader_id as project_6_0_,
        project0_.start_date as start_da7_0_,
        project0_.status as status8_0_ 
    from
        project project0_ 
    where
        project0_.name=?
Hibernate: 
    call next value for hibernate_sequence
Hibernate: 
    insert 
    into
        project
        (creation_date, description, finish_date, name, project_leader_id, start_date, status, id) 
    values
        (?, ?, ?, ?, ?, ?, ?, ?)
Hibernate: 
    select
        project0_.id as id1_0_,
        project0_.creation_date as creation2_0_,
        project0_.description as descript3_0_,
        project0_.finish_date as finish_d4_0_,
        project0_.name as name5_0_,
        project0_.project_leader_id as project_6_0_,
        project0_.start_date as start_da7_0_,
        project0_.status as status8_0_ 
    from
        project project0_ 
    where
        project0_.name=?
Hibernate: 
    call next value for hibernate_sequence
Hibernate: 
    insert 
    into
        project
        (creation_date, description, finish_date, name, project_leader_id, start_date, status, id) 
    values
        (?, ?, ?, ?, ?, ?, ?, ?)
After all test execution
Hibernate: 
    select
        task0_.id as id1_1_,
        task0_.creation_date as creation2_1_,
        task0_.description as descript3_1_,
        task0_.estimated_duration as estimate4_1_,
        task0_.finish_date as finish_d5_1_,
        task0_.name as name6_1_,
        task0_.priority as priority7_1_,
        task0_.project_id as project_8_1_,
        task0_.project_leader_id as project_9_1_,
        task0_.start_date as start_d10_1_,
        task0_.status as status11_1_ 
    from
        task task0_
Hibernate: 
    select
        task0_.id as id1_1_,
        task0_.creation_date as creation2_1_,
        task0_.description as descript3_1_,
        task0_.estimated_duration as estimate4_1_,
        task0_.finish_date as finish_d5_1_,
        task0_.name as name6_1_,
        task0_.priority as priority7_1_,
        task0_.project_id as project_8_1_,
        task0_.project_leader_id as project_9_1_,
        task0_.start_date as start_d10_1_,
        task0_.status as status11_1_ 
    from
        task task0_
After all test execution
Hibernate: 
    select
        project0_.id as id1_0_,
        project0_.creation_date as creation2_0_,
        project0_.description as descript3_0_,
        project0_.finish_date as finish_d4_0_,
        project0_.name as name5_0_,
        project0_.project_leader_id as project_6_0_,
        project0_.start_date as start_da7_0_,
        project0_.status as status8_0_ 
    from
        project project0_
Hibernate: 
    delete 
    from
        project 
    where
        id=?
Hibernate: 
    delete 
    from
        project 
    where
        id=?
After all test execution
Resetting system
Hibernate: 
    select
        task0_.id as id1_1_,
        task0_.creation_date as creation2_1_,
        task0_.description as descript3_1_,
        task0_.estimated_duration as estimate4_1_,
        task0_.finish_date as finish_d5_1_,
        task0_.name as name6_1_,
        task0_.priority as priority7_1_,
        task0_.project_id as project_8_1_,
        task0_.project_leader_id as project_9_1_,
        task0_.start_date as start_d10_1_,
        task0_.status as status11_1_ 
    from
        task task0_
Resetting system
Hibernate: 
    select
        project0_.id as id1_0_,
        project0_.creation_date as creation2_0_,
        project0_.description as descript3_0_,
        project0_.finish_date as finish_d4_0_,
        project0_.name as name5_0_,
        project0_.project_leader_id as project_6_0_,
        project0_.start_date as start_da7_0_,
        project0_.status as status8_0_ 
    from
        project project0_
Resetting system
Hibernate: 
    select
        project0_.id as id1_0_,
        project0_.creation_date as creation2_0_,
        project0_.description as descript3_0_,
        project0_.finish_date as finish_d4_0_,
        project0_.name as name5_0_,
        project0_.project_leader_id as project_6_0_,
        project0_.start_date as start_da7_0_,
        project0_.status as status8_0_ 
    from
        project project0_
Hibernate: 
    select
        project0_.id as id1_0_,
        project0_.creation_date as creation2_0_,
        project0_.description as descript3_0_,
        project0_.finish_date as finish_d4_0_,
        project0_.name as name5_0_,
        project0_.project_leader_id as project_6_0_,
        project0_.start_date as start_da7_0_,
        project0_.status as status8_0_ 
    from
        project project0_
After all test execution
Hibernate: 
    select
        task0_.id as id1_1_,
        task0_.creation_date as creation2_1_,
        task0_.description as descript3_1_,
        task0_.estimated_duration as estimate4_1_,
        task0_.finish_date as finish_d5_1_,
        task0_.name as name6_1_,
        task0_.priority as priority7_1_,
        task0_.project_id as project_8_1_,
        task0_.project_leader_id as project_9_1_,
        task0_.start_date as start_d10_1_,
        task0_.status as status11_1_ 
    from
        task task0_
After all test execution
2023-12-03 15:55:31.817  INFO 12840 --- [    Test worker] o.s.t.c.support.AbstractContextLoader    : Could not detect default resource locations for test class [com.aninfo.integration.cucumber.TaskIntegrationServiceTest]: no resource found for suffixes {-context.xml, Context.groovy}.
2023-12-03 15:55:31.820  INFO 12840 --- [    Test worker] .b.t.c.SpringBootTestContextBootstrapper : Loaded default TestExecutionListener class names from location [META-INF/spring.factories]: [org.springframework.boot.test.autoconfigure.restdocs.RestDocsTestExecutionListener, org.springframework.boot.test.autoconfigure.web.client.MockRestServiceServerResetTestExecutionListener, org.springframework.boot.test.autoconfigure.web.servlet.MockMvcPrintOnlyOnFailureTestExecutionListener, org.springframework.boot.test.autoconfigure.web.servlet.WebDriverTestExecutionListener, org.springframework.boot.test.mock.mockito.MockitoTestExecutionListener, org.springframework.boot.test.mock.mockito.ResetMocksTestExecutionListener, org.springframework.test.context.web.ServletTestExecutionListener, org.springframework.test.context.support.DirtiesContextBeforeModesTestExecutionListener, org.springframework.test.context.support.DependencyInjectionTestExecutionListener, org.springframework.test.context.support.DirtiesContextTestExecutionListener, org.springframework.test.context.transaction.TransactionalTestExecutionListener, org.springframework.test.context.jdbc.SqlScriptsTestExecutionListener, org.springframework.test.context.event.EventPublishingTestExecutionListener]
2023-12-03 15:55:31.821  INFO 12840 --- [    Test worker] .b.t.c.SpringBootTestContextBootstrapper : Using TestExecutionListeners: [org.springframework.test.context.web.ServletTestExecutionListener@66d6cbc6, org.springframework.test.context.support.DirtiesContextBeforeModesTestExecutionListener@b9e53be, org.springframework.boot.test.mock.mockito.MockitoTestExecutionListener@626855d8, org.springframework.boot.test.autoconfigure.SpringBootDependencyInjectionTestExecutionListener@3d35a48c, org.springframework.test.context.support.DirtiesContextTestExecutionListener@6d6dc017, org.springframework.test.context.transaction.TransactionalTestExecutionListener@14976da7, org.springframework.test.context.jdbc.SqlScriptsTestExecutionListener@34712c78, org.springframework.test.context.event.EventPublishingTestExecutionListener@2470efbe, org.springframework.boot.test.autoconfigure.restdocs.RestDocsTestExecutionListener@271eee5f, org.springframework.boot.test.autoconfigure.web.client.MockRestServiceServerResetTestExecutionListener@8cb554e, org.springframework.boot.test.autoconfigure.web.servlet.MockMvcPrintOnlyOnFailureTestExecutionListener@35e4bac3, org.springframework.boot.test.autoconfigure.web.servlet.WebDriverTestExecutionListener@16cabede, org.springframework.boot.test.mock.mockito.ResetMocksTestExecutionListener@46f6d64e]
Before any test execution
Before any test execution
Before any test execution
Before any test execution
Hibernate: 
    select
        project0_.id as id1_0_,
        project0_.creation_date as creation2_0_,
        project0_.description as descript3_0_,
        project0_.finish_date as finish_d4_0_,
        project0_.name as name5_0_,
        project0_.project_leader_id as project_6_0_,
        project0_.start_date as start_da7_0_,
        project0_.status as status8_0_ 
    from
        project project0_ 
    where
        project0_.name=?
Hibernate: 
    call next value for hibernate_sequence
Hibernate: 
    insert 
    into
        project
        (creation_date, description, finish_date, name, project_leader_id, start_date, status, id) 
    values
        (?, ?, ?, ?, ?, ?, ?, ?)
Hibernate: 
    select
        project0_.id as id1_0_,
        project0_.creation_date as creation2_0_,
        project0_.description as descript3_0_,
        project0_.finish_date as finish_d4_0_,
        project0_.name as name5_0_,
        project0_.project_leader_id as project_6_0_,
        project0_.start_date as start_da7_0_,
        project0_.status as status8_0_ 
    from
        project project0_ 
    where
        project0_.name=?
Hibernate: 
    select
        project0_.id as id1_0_0_,
        project0_.creation_date as creation2_0_0_,
        project0_.description as descript3_0_0_,
        project0_.finish_date as finish_d4_0_0_,
        project0_.name as name5_0_0_,
        project0_.project_leader_id as project_6_0_0_,
        project0_.start_date as start_da7_0_0_,
        project0_.status as status8_0_0_ 
    from
        project project0_ 
    where
        project0_.id=?
Hibernate: 
    delete 
    from
        project 
    where
        id=?
Hibernate: 
    select
        project0_.id as id1_0_,
        project0_.creation_date as creation2_0_,
        project0_.description as descript3_0_,
        project0_.finish_date as finish_d4_0_,
        project0_.name as name5_0_,
        project0_.project_leader_id as project_6_0_,
        project0_.start_date as start_da7_0_,
        project0_.status as status8_0_ 
    from
        project project0_ 
    where
        project0_.name=?
After all test execution
Hibernate: 
    select
        task0_.id as id1_1_,
        task0_.creation_date as creation2_1_,
        task0_.description as descript3_1_,
        task0_.estimated_duration as estimate4_1_,
        task0_.finish_date as finish_d5_1_,
        task0_.name as name6_1_,
        task0_.priority as priority7_1_,
        task0_.project_id as project_8_1_,
        task0_.project_leader_id as project_9_1_,
        task0_.start_date as start_d10_1_,
        task0_.status as status11_1_ 
    from
        task task0_
Hibernate: 
    select
        task0_.id as id1_1_,
        task0_.creation_date as creation2_1_,
        task0_.description as descript3_1_,
        task0_.estimated_duration as estimate4_1_,
        task0_.finish_date as finish_d5_1_,
        task0_.name as name6_1_,
        task0_.priority as priority7_1_,
        task0_.project_id as project_8_1_,
        task0_.project_leader_id as project_9_1_,
        task0_.start_date as start_d10_1_,
        task0_.status as status11_1_ 
    from
        task task0_
After all test execution
Hibernate: 
    select
        project0_.id as id1_0_,
        project0_.creation_date as creation2_0_,
        project0_.description as descript3_0_,
        project0_.finish_date as finish_d4_0_,
        project0_.name as name5_0_,
        project0_.project_leader_id as project_6_0_,
        project0_.start_date as start_da7_0_,
        project0_.status as status8_0_ 
    from
        project project0_
After all test execution
Resetting system
Hibernate: 
    select
        task0_.id as id1_1_,
        task0_.creation_date as creation2_1_,
        task0_.description as descript3_1_,
        task0_.estimated_duration as estimate4_1_,
        task0_.finish_date as finish_d5_1_,
        task0_.name as name6_1_,
        task0_.priority as priority7_1_,
        task0_.project_id as project_8_1_,
        task0_.project_leader_id as project_9_1_,
        task0_.start_date as start_d10_1_,
        task0_.status as status11_1_ 
    from
        task task0_
Resetting system
Hibernate: 
    select
        project0_.id as id1_0_,
        project0_.creation_date as creation2_0_,
        project0_.description as descript3_0_,
        project0_.finish_date as finish_d4_0_,
        project0_.name as name5_0_,
        project0_.project_leader_id as project_6_0_,
        project0_.start_date as start_da7_0_,
        project0_.status as status8_0_ 
    from
        project project0_
Resetting system
Hibernate: 
    select
        project0_.id as id1_0_,
        project0_.creation_date as creation2_0_,
        project0_.description as descript3_0_,
        project0_.finish_date as finish_d4_0_,
        project0_.name as name5_0_,
        project0_.project_leader_id as project_6_0_,
        project0_.start_date as start_da7_0_,
        project0_.status as status8_0_ 
    from
        project project0_
Hibernate: 
    select
        project0_.id as id1_0_,
        project0_.creation_date as creation2_0_,
        project0_.description as descript3_0_,
        project0_.finish_date as finish_d4_0_,
        project0_.name as name5_0_,
        project0_.project_leader_id as project_6_0_,
        project0_.start_date as start_da7_0_,
        project0_.status as status8_0_ 
    from
        project project0_
After all test execution
Hibernate: 
    select
        task0_.id as id1_1_,
        task0_.creation_date as creation2_1_,
        task0_.description as descript3_1_,
        task0_.estimated_duration as estimate4_1_,
        task0_.finish_date as finish_d5_1_,
        task0_.name as name6_1_,
        task0_.priority as priority7_1_,
        task0_.project_id as project_8_1_,
        task0_.project_leader_id as project_9_1_,
        task0_.start_date as start_d10_1_,
        task0_.status as status11_1_ 
    from
        task task0_
After all test execution
2023-12-03 15:55:31.869  INFO 12840 --- [    Test worker] o.s.t.c.support.AbstractContextLoader    : Could not detect default resource locations for test class [com.aninfo.integration.cucumber.TaskIntegrationServiceTest]: no resource found for suffixes {-context.xml, Context.groovy}.
2023-12-03 15:55:31.871  INFO 12840 --- [    Test worker] .b.t.c.SpringBootTestContextBootstrapper : Loaded default TestExecutionListener class names from location [META-INF/spring.factories]: [org.springframework.boot.test.autoconfigure.restdocs.RestDocsTestExecutionListener, org.springframework.boot.test.autoconfigure.web.client.MockRestServiceServerResetTestExecutionListener, org.springframework.boot.test.autoconfigure.web.servlet.MockMvcPrintOnlyOnFailureTestExecutionListener, org.springframework.boot.test.autoconfigure.web.servlet.WebDriverTestExecutionListener, org.springframework.boot.test.mock.mockito.MockitoTestExecutionListener, org.springframework.boot.test.mock.mockito.ResetMocksTestExecutionListener, org.springframework.test.context.web.ServletTestExecutionListener, org.springframework.test.context.support.DirtiesContextBeforeModesTestExecutionListener, org.springframework.test.context.support.DependencyInjectionTestExecutionListener, org.springframework.test.context.support.DirtiesContextTestExecutionListener, org.springframework.test.context.transaction.TransactionalTestExecutionListener, org.springframework.test.context.jdbc.SqlScriptsTestExecutionListener, org.springframework.test.context.event.EventPublishingTestExecutionListener]
2023-12-03 15:55:31.872  INFO 12840 --- [    Test worker] .b.t.c.SpringBootTestContextBootstrapper : Using TestExecutionListeners: [org.springframework.test.context.web.ServletTestExecutionListener@68a87df7, org.springframework.test.context.support.DirtiesContextBeforeModesTestExecutionListener@34527797, org.springframework.boot.test.mock.mockito.MockitoTestExecutionListener@4d266117, org.springframework.boot.test.autoconfigure.SpringBootDependencyInjectionTestExecutionListener@e00daa5, org.springframework.test.context.support.DirtiesContextTestExecutionListener@25ec5957, org.springframework.test.context.transaction.TransactionalTestExecutionListener@2a56cb2, org.springframework.test.context.jdbc.SqlScriptsTestExecutionListener@7c759b28, org.springframework.test.context.event.EventPublishingTestExecutionListener@74a8a3f1, org.springframework.boot.test.autoconfigure.restdocs.RestDocsTestExecutionListener@33497ad2, org.springframework.boot.test.autoconfigure.web.client.MockRestServiceServerResetTestExecutionListener@1aa040f5, org.springframework.boot.test.autoconfigure.web.servlet.MockMvcPrintOnlyOnFailureTestExecutionListener@4a5c3452, org.springframework.boot.test.autoconfigure.web.servlet.WebDriverTestExecutionListener@7b5aa1c3, org.springframework.boot.test.mock.mockito.ResetMocksTestExecutionListener@3bdcb90]
Before any test execution
Before any test execution
Before any test execution
Before any test execution
Hibernate: 
    select
        project0_.id as id1_0_,
        project0_.creation_date as creation2_0_,
        project0_.description as descript3_0_,
        project0_.finish_date as finish_d4_0_,
        project0_.name as name5_0_,
        project0_.project_leader_id as project_6_0_,
        project0_.start_date as start_da7_0_,
        project0_.status as status8_0_ 
    from
        project project0_ 
    where
        project0_.name=?
Hibernate: 
    call next value for hibernate_sequence
Hibernate: 
    insert 
    into
        project
        (creation_date, description, finish_date, name, project_leader_id, start_date, status, id) 
    values
        (?, ?, ?, ?, ?, ?, ?, ?)
Hibernate: 
    select
        project0_.id as id1_0_,
        project0_.creation_date as creation2_0_,
        project0_.description as descript3_0_,
        project0_.finish_date as finish_d4_0_,
        project0_.name as name5_0_,
        project0_.project_leader_id as project_6_0_,
        project0_.start_date as start_da7_0_,
        project0_.status as status8_0_ 
    from
        project project0_ 
    where
        project0_.name=?
Hibernate: 
    call next value for hibernate_sequence
Hibernate: 
    insert 
    into
        project
        (creation_date, description, finish_date, name, project_leader_id, start_date, status, id) 
    values
        (?, ?, ?, ?, ?, ?, ?, ?)
Hibernate: 
    select
        project0_.id as id1_0_,
        project0_.creation_date as creation2_0_,
        project0_.description as descript3_0_,
        project0_.finish_date as finish_d4_0_,
        project0_.name as name5_0_,
        project0_.project_leader_id as project_6_0_,
        project0_.start_date as start_da7_0_,
        project0_.status as status8_0_ 
    from
        project project0_ 
    where
        project0_.name=?
Hibernate: 
    select
        project0_.id as id1_0_0_,
        project0_.creation_date as creation2_0_0_,
        project0_.description as descript3_0_0_,
        project0_.finish_date as finish_d4_0_0_,
        project0_.name as name5_0_0_,
        project0_.project_leader_id as project_6_0_0_,
        project0_.start_date as start_da7_0_0_,
        project0_.status as status8_0_0_ 
    from
        project project0_ 
    where
        project0_.id=?
Hibernate: 
    delete 
    from
        project 
    where
        id=?
Hibernate: 
    select
        project0_.id as id1_0_,
        project0_.creation_date as creation2_0_,
        project0_.description as descript3_0_,
        project0_.finish_date as finish_d4_0_,
        project0_.name as name5_0_,
        project0_.project_leader_id as project_6_0_,
        project0_.start_date as start_da7_0_,
        project0_.status as status8_0_ 
    from
        project project0_ 
    where
        project0_.name=?
Hibernate: 
    select
        project0_.id as id1_0_,
        project0_.creation_date as creation2_0_,
        project0_.description as descript3_0_,
        project0_.finish_date as finish_d4_0_,
        project0_.name as name5_0_,
        project0_.project_leader_id as project_6_0_,
        project0_.start_date as start_da7_0_,
        project0_.status as status8_0_ 
    from
        project project0_ 
    where
        project0_.name=?
After all test execution
Hibernate: 
    select
        task0_.id as id1_1_,
        task0_.creation_date as creation2_1_,
        task0_.description as descript3_1_,
        task0_.estimated_duration as estimate4_1_,
        task0_.finish_date as finish_d5_1_,
        task0_.name as name6_1_,
        task0_.priority as priority7_1_,
        task0_.project_id as project_8_1_,
        task0_.project_leader_id as project_9_1_,
        task0_.start_date as start_d10_1_,
        task0_.status as status11_1_ 
    from
        task task0_
Hibernate: 
    select
        task0_.id as id1_1_,
        task0_.creation_date as creation2_1_,
        task0_.description as descript3_1_,
        task0_.estimated_duration as estimate4_1_,
        task0_.finish_date as finish_d5_1_,
        task0_.name as name6_1_,
        task0_.priority as priority7_1_,
        task0_.project_id as project_8_1_,
        task0_.project_leader_id as project_9_1_,
        task0_.start_date as start_d10_1_,
        task0_.status as status11_1_ 
    from
        task task0_
After all test execution
Hibernate: 
    select
        project0_.id as id1_0_,
        project0_.creation_date as creation2_0_,
        project0_.description as descript3_0_,
        project0_.finish_date as finish_d4_0_,
        project0_.name as name5_0_,
        project0_.project_leader_id as project_6_0_,
        project0_.start_date as start_da7_0_,
        project0_.status as status8_0_ 
    from
        project project0_
Hibernate: 
    delete 
    from
        project 
    where
        id=?
After all test execution
Resetting system
Hibernate: 
    select
        task0_.id as id1_1_,
        task0_.creation_date as creation2_1_,
        task0_.description as descript3_1_,
        task0_.estimated_duration as estimate4_1_,
        task0_.finish_date as finish_d5_1_,
        task0_.name as name6_1_,
        task0_.priority as priority7_1_,
        task0_.project_id as project_8_1_,
        task0_.project_leader_id as project_9_1_,
        task0_.start_date as start_d10_1_,
        task0_.status as status11_1_ 
    from
        task task0_
Resetting system
Hibernate: 
    select
        project0_.id as id1_0_,
        project0_.creation_date as creation2_0_,
        project0_.description as descript3_0_,
        project0_.finish_date as finish_d4_0_,
        project0_.name as name5_0_,
        project0_.project_leader_id as project_6_0_,
        project0_.start_date as start_da7_0_,
        project0_.status as status8_0_ 
    from
        project project0_
Resetting system
Hibernate: 
    select
        project0_.id as id1_0_,
        project0_.creation_date as creation2_0_,
        project0_.description as descript3_0_,
        project0_.finish_date as finish_d4_0_,
        project0_.name as name5_0_,
        project0_.project_leader_id as project_6_0_,
        project0_.start_date as start_da7_0_,
        project0_.status as status8_0_ 
    from
        project project0_
Hibernate: 
    select
        project0_.id as id1_0_,
        project0_.creation_date as creation2_0_,
        project0_.description as descript3_0_,
        project0_.finish_date as finish_d4_0_,
        project0_.name as name5_0_,
        project0_.project_leader_id as project_6_0_,
        project0_.start_date as start_da7_0_,
        project0_.status as status8_0_ 
    from
        project project0_
After all test execution
Hibernate: 
    select
        task0_.id as id1_1_,
        task0_.creation_date as creation2_1_,
        task0_.description as descript3_1_,
        task0_.estimated_duration as estimate4_1_,
        task0_.finish_date as finish_d5_1_,
        task0_.name as name6_1_,
        task0_.priority as priority7_1_,
        task0_.project_id as project_8_1_,
        task0_.project_leader_id as project_9_1_,
        task0_.start_date as start_d10_1_,
        task0_.status as status11_1_ 
    from
        task task0_
After all test execution
2023-12-03 15:55:31.922  INFO 12840 --- [    Test worker] o.s.t.c.support.AbstractContextLoader    : Could not detect default resource locations for test class [com.aninfo.integration.cucumber.TaskIntegrationServiceTest]: no resource found for suffixes {-context.xml, Context.groovy}.
2023-12-03 15:55:31.926  INFO 12840 --- [    Test worker] .b.t.c.SpringBootTestContextBootstrapper : Loaded default TestExecutionListener class names from location [META-INF/spring.factories]: [org.springframework.boot.test.autoconfigure.restdocs.RestDocsTestExecutionListener, org.springframework.boot.test.autoconfigure.web.client.MockRestServiceServerResetTestExecutionListener, org.springframework.boot.test.autoconfigure.web.servlet.MockMvcPrintOnlyOnFailureTestExecutionListener, org.springframework.boot.test.autoconfigure.web.servlet.WebDriverTestExecutionListener, org.springframework.boot.test.mock.mockito.MockitoTestExecutionListener, org.springframework.boot.test.mock.mockito.ResetMocksTestExecutionListener, org.springframework.test.context.web.ServletTestExecutionListener, org.springframework.test.context.support.DirtiesContextBeforeModesTestExecutionListener, org.springframework.test.context.support.DependencyInjectionTestExecutionListener, org.springframework.test.context.support.DirtiesContextTestExecutionListener, org.springframework.test.context.transaction.TransactionalTestExecutionListener, org.springframework.test.context.jdbc.SqlScriptsTestExecutionListener, org.springframework.test.context.event.EventPublishingTestExecutionListener]
2023-12-03 15:55:31.926  INFO 12840 --- [    Test worker] .b.t.c.SpringBootTestContextBootstrapper : Using TestExecutionListeners: [org.springframework.test.context.web.ServletTestExecutionListener@1876ad95, org.springframework.test.context.support.DirtiesContextBeforeModesTestExecutionListener@5dfa4c83, org.springframework.boot.test.mock.mockito.MockitoTestExecutionListener@11f28f14, org.springframework.boot.test.autoconfigure.SpringBootDependencyInjectionTestExecutionListener@13644742, org.springframework.test.context.support.DirtiesContextTestExecutionListener@3ed34abe, org.springframework.test.context.transaction.TransactionalTestExecutionListener@314287b3, org.springframework.test.context.jdbc.SqlScriptsTestExecutionListener@34cd24a0, org.springframework.test.context.event.EventPublishingTestExecutionListener@5222b2c, org.springframework.boot.test.autoconfigure.restdocs.RestDocsTestExecutionListener@2100078c, org.springframework.boot.test.autoconfigure.web.client.MockRestServiceServerResetTestExecutionListener@45a6300, org.springframework.boot.test.autoconfigure.web.servlet.MockMvcPrintOnlyOnFailureTestExecutionListener@59efaf0f, org.springframework.boot.test.autoconfigure.web.servlet.WebDriverTestExecutionListener@4d009455, org.springframework.boot.test.mock.mockito.ResetMocksTestExecutionListener@6c1dd61e]
Before any test execution
Before any test execution
Before any test execution
Before any test execution
Hibernate: 
    select
        project0_.id as id1_0_,
        project0_.creation_date as creation2_0_,
        project0_.description as descript3_0_,
        project0_.finish_date as finish_d4_0_,
        project0_.name as name5_0_,
        project0_.project_leader_id as project_6_0_,
        project0_.start_date as start_da7_0_,
        project0_.status as status8_0_ 
    from
        project project0_ 
    where
        project0_.name=?
Hibernate: 
    call next value for hibernate_sequence
Hibernate: 
    insert 
    into
        project
        (creation_date, description, finish_date, name, project_leader_id, start_date, status, id) 
    values
        (?, ?, ?, ?, ?, ?, ?, ?)
Hibernate: 
    select
        project0_.id as id1_0_,
        project0_.creation_date as creation2_0_,
        project0_.description as descript3_0_,
        project0_.finish_date as finish_d4_0_,
        project0_.name as name5_0_,
        project0_.project_leader_id as project_6_0_,
        project0_.start_date as start_da7_0_,
        project0_.status as status8_0_ 
    from
        project project0_ 
    where
        project0_.name=?
Hibernate: 
    call next value for hibernate_sequence
Hibernate: 
    insert 
    into
        project
        (creation_date, description, finish_date, name, project_leader_id, start_date, status, id) 
    values
        (?, ?, ?, ?, ?, ?, ?, ?)
Hibernate: 
    select
        project0_.id as id1_0_,
        project0_.creation_date as creation2_0_,
        project0_.description as descript3_0_,
        project0_.finish_date as finish_d4_0_,
        project0_.name as name5_0_,
        project0_.project_leader_id as project_6_0_,
        project0_.start_date as start_da7_0_,
        project0_.status as status8_0_ 
    from
        project project0_ 
    where
        project0_.name=?
Hibernate: 
    select
        project0_.id as id1_0_,
        project0_.creation_date as creation2_0_,
        project0_.description as descript3_0_,
        project0_.finish_date as finish_d4_0_,
        project0_.name as name5_0_,
        project0_.project_leader_id as project_6_0_,
        project0_.start_date as start_da7_0_,
        project0_.status as status8_0_ 
    from
        project project0_ 
    where
        project0_.name=?
Hibernate: 
    select
        project0_.id as id1_0_0_,
        project0_.creation_date as creation2_0_0_,
        project0_.description as descript3_0_0_,
        project0_.finish_date as finish_d4_0_0_,
        project0_.name as name5_0_0_,
        project0_.project_leader_id as project_6_0_0_,
        project0_.start_date as start_da7_0_0_,
        project0_.status as status8_0_0_ 
    from
        project project0_ 
    where
        project0_.id=?
Hibernate: 
    select
        project0_.id as id1_0_0_,
        project0_.creation_date as creation2_0_0_,
        project0_.description as descript3_0_0_,
        project0_.finish_date as finish_d4_0_0_,
        project0_.name as name5_0_0_,
        project0_.project_leader_id as project_6_0_0_,
        project0_.start_date as start_da7_0_0_,
        project0_.status as status8_0_0_ 
    from
        project project0_ 
    where
        project0_.id=?
Hibernate: 
    update
        project 
    set
        creation_date=?,
        description=?,
        finish_date=?,
        name=?,
        project_leader_id=?,
        start_date=?,
        status=? 
    where
        id=?
Hibernate: 
    select
        project0_.id as id1_0_,
        project0_.creation_date as creation2_0_,
        project0_.description as descript3_0_,
        project0_.finish_date as finish_d4_0_,
        project0_.name as name5_0_,
        project0_.project_leader_id as project_6_0_,
        project0_.start_date as start_da7_0_,
        project0_.status as status8_0_ 
    from
        project project0_
Hibernate: 
    delete 
    from
        project 
    where
        id=?
Hibernate: 
    delete 
    from
        project 
    where
        id=?
After all test execution
Hibernate: 
    select
        task0_.id as id1_1_,
        task0_.creation_date as creation2_1_,
        task0_.description as descript3_1_,
        task0_.estimated_duration as estimate4_1_,
        task0_.finish_date as finish_d5_1_,
        task0_.name as name6_1_,
        task0_.priority as priority7_1_,
        task0_.project_id as project_8_1_,
        task0_.project_leader_id as project_9_1_,
        task0_.start_date as start_d10_1_,
        task0_.status as status11_1_ 
    from
        task task0_
Hibernate: 
    select
        task0_.id as id1_1_,
        task0_.creation_date as creation2_1_,
        task0_.description as descript3_1_,
        task0_.estimated_duration as estimate4_1_,
        task0_.finish_date as finish_d5_1_,
        task0_.name as name6_1_,
        task0_.priority as priority7_1_,
        task0_.project_id as project_8_1_,
        task0_.project_leader_id as project_9_1_,
        task0_.start_date as start_d10_1_,
        task0_.status as status11_1_ 
    from
        task task0_
After all test execution
Hibernate: 
    select
        project0_.id as id1_0_,
        project0_.creation_date as creation2_0_,
        project0_.description as descript3_0_,
        project0_.finish_date as finish_d4_0_,
        project0_.name as name5_0_,
        project0_.project_leader_id as project_6_0_,
        project0_.start_date as start_da7_0_,
        project0_.status as status8_0_ 
    from
        project project0_
After all test execution
Resetting system
Hibernate: 
    select
        task0_.id as id1_1_,
        task0_.creation_date as creation2_1_,
        task0_.description as descript3_1_,
        task0_.estimated_duration as estimate4_1_,
        task0_.finish_date as finish_d5_1_,
        task0_.name as name6_1_,
        task0_.priority as priority7_1_,
        task0_.project_id as project_8_1_,
        task0_.project_leader_id as project_9_1_,
        task0_.start_date as start_d10_1_,
        task0_.status as status11_1_ 
    from
        task task0_
Resetting system
Hibernate: 
    select
        project0_.id as id1_0_,
        project0_.creation_date as creation2_0_,
        project0_.description as descript3_0_,
        project0_.finish_date as finish_d4_0_,
        project0_.name as name5_0_,
        project0_.project_leader_id as project_6_0_,
        project0_.start_date as start_da7_0_,
        project0_.status as status8_0_ 
    from
        project project0_
Resetting system
Hibernate: 
    select
        project0_.id as id1_0_,
        project0_.creation_date as creation2_0_,
        project0_.description as descript3_0_,
        project0_.finish_date as finish_d4_0_,
        project0_.name as name5_0_,
        project0_.project_leader_id as project_6_0_,
        project0_.start_date as start_da7_0_,
        project0_.status as status8_0_ 
    from
        project project0_
Hibernate: 
    select
        project0_.id as id1_0_,
        project0_.creation_date as creation2_0_,
        project0_.description as descript3_0_,
        project0_.finish_date as finish_d4_0_,
        project0_.name as name5_0_,
        project0_.project_leader_id as project_6_0_,
        project0_.start_date as start_da7_0_,
        project0_.status as status8_0_ 
    from
        project project0_
After all test execution
Hibernate: 
    select
        task0_.id as id1_1_,
        task0_.creation_date as creation2_1_,
        task0_.description as descript3_1_,
        task0_.estimated_duration as estimate4_1_,
        task0_.finish_date as finish_d5_1_,
        task0_.name as name6_1_,
        task0_.priority as priority7_1_,
        task0_.project_id as project_8_1_,
        task0_.project_leader_id as project_9_1_,
        task0_.start_date as start_d10_1_,
        task0_.status as status11_1_ 
    from
        task task0_
After all test execution
2023-12-03 15:55:31.982  INFO 12840 --- [    Test worker] o.s.t.c.support.AbstractContextLoader    : Could not detect default resource locations for test class [com.aninfo.integration.cucumber.TaskIntegrationServiceTest]: no resource found for suffixes {-context.xml, Context.groovy}.
2023-12-03 15:55:31.985  INFO 12840 --- [    Test worker] .b.t.c.SpringBootTestContextBootstrapper : Loaded default TestExecutionListener class names from location [META-INF/spring.factories]: [org.springframework.boot.test.autoconfigure.restdocs.RestDocsTestExecutionListener, org.springframework.boot.test.autoconfigure.web.client.MockRestServiceServerResetTestExecutionListener, org.springframework.boot.test.autoconfigure.web.servlet.MockMvcPrintOnlyOnFailureTestExecutionListener, org.springframework.boot.test.autoconfigure.web.servlet.WebDriverTestExecutionListener, org.springframework.boot.test.mock.mockito.MockitoTestExecutionListener, org.springframework.boot.test.mock.mockito.ResetMocksTestExecutionListener, org.springframework.test.context.web.ServletTestExecutionListener, org.springframework.test.context.support.DirtiesContextBeforeModesTestExecutionListener, org.springframework.test.context.support.DependencyInjectionTestExecutionListener, org.springframework.test.context.support.DirtiesContextTestExecutionListener, org.springframework.test.context.transaction.TransactionalTestExecutionListener, org.springframework.test.context.jdbc.SqlScriptsTestExecutionListener, org.springframework.test.context.event.EventPublishingTestExecutionListener]
2023-12-03 15:55:31.985  INFO 12840 --- [    Test worker] .b.t.c.SpringBootTestContextBootstrapper : Using TestExecutionListeners: [org.springframework.test.context.web.ServletTestExecutionListener@14e63c07, org.springframework.test.context.support.DirtiesContextBeforeModesTestExecutionListener@1724b640, org.springframework.boot.test.mock.mockito.MockitoTestExecutionListener@610398f0, org.springframework.boot.test.autoconfigure.SpringBootDependencyInjectionTestExecutionListener@41cf3994, org.springframework.test.context.support.DirtiesContextTestExecutionListener@646c23ae, org.springframework.test.context.transaction.TransactionalTestExecutionListener@56480fd5, org.springframework.test.context.jdbc.SqlScriptsTestExecutionListener@2bf1c9f4, org.springframework.test.context.event.EventPublishingTestExecutionListener@134a4687, org.springframework.boot.test.autoconfigure.restdocs.RestDocsTestExecutionListener@163e6613, org.springframework.boot.test.autoconfigure.web.client.MockRestServiceServerResetTestExecutionListener@9ef5a6, org.springframework.boot.test.autoconfigure.web.servlet.MockMvcPrintOnlyOnFailureTestExecutionListener@25053228, org.springframework.boot.test.autoconfigure.web.servlet.WebDriverTestExecutionListener@643a2671, org.springframework.boot.test.mock.mockito.ResetMocksTestExecutionListener@1d1ca1b]
Before any test execution
Before any test execution
Before any test execution
Before any test execution
Hibernate: 
    select
        project0_.id as id1_0_,
        project0_.creation_date as creation2_0_,
        project0_.description as descript3_0_,
        project0_.finish_date as finish_d4_0_,
        project0_.name as name5_0_,
        project0_.project_leader_id as project_6_0_,
        project0_.start_date as start_da7_0_,
        project0_.status as status8_0_ 
    from
        project project0_ 
    where
        project0_.name=?
Hibernate: 
    call next value for hibernate_sequence
Hibernate: 
    insert 
    into
        project
        (creation_date, description, finish_date, name, project_leader_id, start_date, status, id) 
    values
        (?, ?, ?, ?, ?, ?, ?, ?)
Hibernate: 
    select
        project0_.id as id1_0_,
        project0_.creation_date as creation2_0_,
        project0_.description as descript3_0_,
        project0_.finish_date as finish_d4_0_,
        project0_.name as name5_0_,
        project0_.project_leader_id as project_6_0_,
        project0_.start_date as start_da7_0_,
        project0_.status as status8_0_ 
    from
        project project0_ 
    where
        project0_.name=?
Hibernate: 
    call next value for hibernate_sequence
Hibernate: 
    insert 
    into
        project
        (creation_date, description, finish_date, name, project_leader_id, start_date, status, id) 
    values
        (?, ?, ?, ?, ?, ?, ?, ?)
Hibernate: 
    select
        project0_.id as id1_0_,
        project0_.creation_date as creation2_0_,
        project0_.description as descript3_0_,
        project0_.finish_date as finish_d4_0_,
        project0_.name as name5_0_,
        project0_.project_leader_id as project_6_0_,
        project0_.start_date as start_da7_0_,
        project0_.status as status8_0_ 
    from
        project project0_ 
    where
        project0_.name=?
Hibernate: 
    select
        project0_.id as id1_0_,
        project0_.creation_date as creation2_0_,
        project0_.description as descript3_0_,
        project0_.finish_date as finish_d4_0_,
        project0_.name as name5_0_,
        project0_.project_leader_id as project_6_0_,
        project0_.start_date as start_da7_0_,
        project0_.status as status8_0_ 
    from
        project project0_ 
    where
        project0_.name=?
Hibernate: 
    select
        project0_.id as id1_0_,
        project0_.creation_date as creation2_0_,
        project0_.description as descript3_0_,
        project0_.finish_date as finish_d4_0_,
        project0_.name as name5_0_,
        project0_.project_leader_id as project_6_0_,
        project0_.start_date as start_da7_0_,
        project0_.status as status8_0_ 
    from
        project project0_
Hibernate: 
    delete 
    from
        project 
    where
        id=?
Hibernate: 
    delete 
    from
        project 
    where
        id=?
After all test execution
Hibernate: 
    select
        task0_.id as id1_1_,
        task0_.creation_date as creation2_1_,
        task0_.description as descript3_1_,
        task0_.estimated_duration as estimate4_1_,
        task0_.finish_date as finish_d5_1_,
        task0_.name as name6_1_,
        task0_.priority as priority7_1_,
        task0_.project_id as project_8_1_,
        task0_.project_leader_id as project_9_1_,
        task0_.start_date as start_d10_1_,
        task0_.status as status11_1_ 
    from
        task task0_
Hibernate: 
    select
        task0_.id as id1_1_,
        task0_.creation_date as creation2_1_,
        task0_.description as descript3_1_,
        task0_.estimated_duration as estimate4_1_,
        task0_.finish_date as finish_d5_1_,
        task0_.name as name6_1_,
        task0_.priority as priority7_1_,
        task0_.project_id as project_8_1_,
        task0_.project_leader_id as project_9_1_,
        task0_.start_date as start_d10_1_,
        task0_.status as status11_1_ 
    from
        task task0_
After all test execution
Hibernate: 
    select
        project0_.id as id1_0_,
        project0_.creation_date as creation2_0_,
        project0_.description as descript3_0_,
        project0_.finish_date as finish_d4_0_,
        project0_.name as name5_0_,
        project0_.project_leader_id as project_6_0_,
        project0_.start_date as start_da7_0_,
        project0_.status as status8_0_ 
    from
        project project0_
After all test execution
Resetting system
Hibernate: 
    select
        task0_.id as id1_1_,
        task0_.creation_date as creation2_1_,
        task0_.description as descript3_1_,
        task0_.estimated_duration as estimate4_1_,
        task0_.finish_date as finish_d5_1_,
        task0_.name as name6_1_,
        task0_.priority as priority7_1_,
        task0_.project_id as project_8_1_,
        task0_.project_leader_id as project_9_1_,
        task0_.start_date as start_d10_1_,
        task0_.status as status11_1_ 
    from
        task task0_
Resetting system
Hibernate: 
    select
        project0_.id as id1_0_,
        project0_.creation_date as creation2_0_,
        project0_.description as descript3_0_,
        project0_.finish_date as finish_d4_0_,
        project0_.name as name5_0_,
        project0_.project_leader_id as project_6_0_,
        project0_.start_date as start_da7_0_,
        project0_.status as status8_0_ 
    from
        project project0_
Resetting system
Hibernate: 
    select
        project0_.id as id1_0_,
        project0_.creation_date as creation2_0_,
        project0_.description as descript3_0_,
        project0_.finish_date as finish_d4_0_,
        project0_.name as name5_0_,
        project0_.project_leader_id as project_6_0_,
        project0_.start_date as start_da7_0_,
        project0_.status as status8_0_ 
    from
        project project0_
Hibernate: 
    select
        project0_.id as id1_0_,
        project0_.creation_date as creation2_0_,
        project0_.description as descript3_0_,
        project0_.finish_date as finish_d4_0_,
        project0_.name as name5_0_,
        project0_.project_leader_id as project_6_0_,
        project0_.start_date as start_da7_0_,
        project0_.status as status8_0_ 
    from
        project project0_
After all test execution
Hibernate: 
    select
        task0_.id as id1_1_,
        task0_.creation_date as creation2_1_,
        task0_.description as descript3_1_,
        task0_.estimated_duration as estimate4_1_,
        task0_.finish_date as finish_d5_1_,
        task0_.name as name6_1_,
        task0_.priority as priority7_1_,
        task0_.project_id as project_8_1_,
        task0_.project_leader_id as project_9_1_,
        task0_.start_date as start_d10_1_,
        task0_.status as status11_1_ 
    from
        task task0_
After all test execution
2023-12-03 15:55:32.053  INFO 12840 --- [    Test worker] o.s.t.c.support.AbstractContextLoader    : Could not detect default resource locations for test class [com.aninfo.integration.cucumber.TaskIntegrationServiceTest]: no resource found for suffixes {-context.xml, Context.groovy}.
2023-12-03 15:55:32.055  INFO 12840 --- [    Test worker] .b.t.c.SpringBootTestContextBootstrapper : Loaded default TestExecutionListener class names from location [META-INF/spring.factories]: [org.springframework.boot.test.autoconfigure.restdocs.RestDocsTestExecutionListener, org.springframework.boot.test.autoconfigure.web.client.MockRestServiceServerResetTestExecutionListener, org.springframework.boot.test.autoconfigure.web.servlet.MockMvcPrintOnlyOnFailureTestExecutionListener, org.springframework.boot.test.autoconfigure.web.servlet.WebDriverTestExecutionListener, org.springframework.boot.test.mock.mockito.MockitoTestExecutionListener, org.springframework.boot.test.mock.mockito.ResetMocksTestExecutionListener, org.springframework.test.context.web.ServletTestExecutionListener, org.springframework.test.context.support.DirtiesContextBeforeModesTestExecutionListener, org.springframework.test.context.support.DependencyInjectionTestExecutionListener, org.springframework.test.context.support.DirtiesContextTestExecutionListener, org.springframework.test.context.transaction.TransactionalTestExecutionListener, org.springframework.test.context.jdbc.SqlScriptsTestExecutionListener, org.springframework.test.context.event.EventPublishingTestExecutionListener]
2023-12-03 15:55:32.055  INFO 12840 --- [    Test worker] .b.t.c.SpringBootTestContextBootstrapper : Using TestExecutionListeners: [org.springframework.test.context.web.ServletTestExecutionListener@25e01305, org.springframework.test.context.support.DirtiesContextBeforeModesTestExecutionListener@458c1158, org.springframework.boot.test.mock.mockito.MockitoTestExecutionListener@733cdfd1, org.springframework.boot.test.autoconfigure.SpringBootDependencyInjectionTestExecutionListener@7f3ef83c, org.springframework.test.context.support.DirtiesContextTestExecutionListener@5ae3a4e5, org.springframework.test.context.transaction.TransactionalTestExecutionListener@7f407830, org.springframework.test.context.jdbc.SqlScriptsTestExecutionListener@6a17f25e, org.springframework.test.context.event.EventPublishingTestExecutionListener@62e01838, org.springframework.boot.test.autoconfigure.restdocs.RestDocsTestExecutionListener@25635c0d, org.springframework.boot.test.autoconfigure.web.client.MockRestServiceServerResetTestExecutionListener@591e2169, org.springframework.boot.test.autoconfigure.web.servlet.MockMvcPrintOnlyOnFailureTestExecutionListener@c4ebd16, org.springframework.boot.test.autoconfigure.web.servlet.WebDriverTestExecutionListener@6e0d457f, org.springframework.boot.test.mock.mockito.ResetMocksTestExecutionListener@51b1ff87]
Before any test execution
Before any test execution
Before any test execution
Before any test execution
Hibernate: 
    select
        project0_.id as id1_0_,
        project0_.creation_date as creation2_0_,
        project0_.description as descript3_0_,
        project0_.finish_date as finish_d4_0_,
        project0_.name as name5_0_,
        project0_.project_leader_id as project_6_0_,
        project0_.start_date as start_da7_0_,
        project0_.status as status8_0_ 
    from
        project project0_ 
    where
        project0_.name=?
Hibernate: 
    call next value for hibernate_sequence
Hibernate: 
    insert 
    into
        project
        (creation_date, description, finish_date, name, project_leader_id, start_date, status, id) 
    values
        (?, ?, ?, ?, ?, ?, ?, ?)
Hibernate: 
    select
        project0_.id as id1_0_,
        project0_.creation_date as creation2_0_,
        project0_.description as descript3_0_,
        project0_.finish_date as finish_d4_0_,
        project0_.name as name5_0_,
        project0_.project_leader_id as project_6_0_,
        project0_.start_date as start_da7_0_,
        project0_.status as status8_0_ 
    from
        project project0_ 
    where
        project0_.name=?
Hibernate: 
    select
        project0_.id as id1_0_0_,
        project0_.creation_date as creation2_0_0_,
        project0_.description as descript3_0_0_,
        project0_.finish_date as finish_d4_0_0_,
        project0_.name as name5_0_0_,
        project0_.project_leader_id as project_6_0_0_,
        project0_.start_date as start_da7_0_0_,
        project0_.status as status8_0_0_ 
    from
        project project0_ 
    where
        project0_.id=?
Hibernate: 
    select
        project0_.id as id1_0_0_,
        project0_.creation_date as creation2_0_0_,
        project0_.description as descript3_0_0_,
        project0_.finish_date as finish_d4_0_0_,
        project0_.name as name5_0_0_,
        project0_.project_leader_id as project_6_0_0_,
        project0_.start_date as start_da7_0_0_,
        project0_.status as status8_0_0_ 
    from
        project project0_ 
    where
        project0_.id=?
Hibernate: 
    update
        project 
    set
        creation_date=?,
        description=?,
        finish_date=?,
        name=?,
        project_leader_id=?,
        start_date=?,
        status=? 
    where
        id=?
Hibernate: 
    select
        project0_.id as id1_0_,
        project0_.creation_date as creation2_0_,
        project0_.description as descript3_0_,
        project0_.finish_date as finish_d4_0_,
        project0_.name as name5_0_,
        project0_.project_leader_id as project_6_0_,
        project0_.start_date as start_da7_0_,
        project0_.status as status8_0_ 
    from
        project project0_
Hibernate: 
    delete 
    from
        project 
    where
        id=?
After all test execution
Hibernate: 
    select
        task0_.id as id1_1_,
        task0_.creation_date as creation2_1_,
        task0_.description as descript3_1_,
        task0_.estimated_duration as estimate4_1_,
        task0_.finish_date as finish_d5_1_,
        task0_.name as name6_1_,
        task0_.priority as priority7_1_,
        task0_.project_id as project_8_1_,
        task0_.project_leader_id as project_9_1_,
        task0_.start_date as start_d10_1_,
        task0_.status as status11_1_ 
    from
        task task0_
Hibernate: 
    select
        task0_.id as id1_1_,
        task0_.creation_date as creation2_1_,
        task0_.description as descript3_1_,
        task0_.estimated_duration as estimate4_1_,
        task0_.finish_date as finish_d5_1_,
        task0_.name as name6_1_,
        task0_.priority as priority7_1_,
        task0_.project_id as project_8_1_,
        task0_.project_leader_id as project_9_1_,
        task0_.start_date as start_d10_1_,
        task0_.status as status11_1_ 
    from
        task task0_
After all test execution
Hibernate: 
    select
        project0_.id as id1_0_,
        project0_.creation_date as creation2_0_,
        project0_.description as descript3_0_,
        project0_.finish_date as finish_d4_0_,
        project0_.name as name5_0_,
        project0_.project_leader_id as project_6_0_,
        project0_.start_date as start_da7_0_,
        project0_.status as status8_0_ 
    from
        project project0_
After all test execution
Resetting system
Hibernate: 
    select
        task0_.id as id1_1_,
        task0_.creation_date as creation2_1_,
        task0_.description as descript3_1_,
        task0_.estimated_duration as estimate4_1_,
        task0_.finish_date as finish_d5_1_,
        task0_.name as name6_1_,
        task0_.priority as priority7_1_,
        task0_.project_id as project_8_1_,
        task0_.project_leader_id as project_9_1_,
        task0_.start_date as start_d10_1_,
        task0_.status as status11_1_ 
    from
        task task0_
Resetting system
Hibernate: 
    select
        project0_.id as id1_0_,
        project0_.creation_date as creation2_0_,
        project0_.description as descript3_0_,
        project0_.finish_date as finish_d4_0_,
        project0_.name as name5_0_,
        project0_.project_leader_id as project_6_0_,
        project0_.start_date as start_da7_0_,
        project0_.status as status8_0_ 
    from
        project project0_
Resetting system
Hibernate: 
    select
        project0_.id as id1_0_,
        project0_.creation_date as creation2_0_,
        project0_.description as descript3_0_,
        project0_.finish_date as finish_d4_0_,
        project0_.name as name5_0_,
        project0_.project_leader_id as project_6_0_,
        project0_.start_date as start_da7_0_,
        project0_.status as status8_0_ 
    from
        project project0_
Hibernate: 
    select
        project0_.id as id1_0_,
        project0_.creation_date as creation2_0_,
        project0_.description as descript3_0_,
        project0_.finish_date as finish_d4_0_,
        project0_.name as name5_0_,
        project0_.project_leader_id as project_6_0_,
        project0_.start_date as start_da7_0_,
        project0_.status as status8_0_ 
    from
        project project0_
After all test execution
Hibernate: 
    select
        task0_.id as id1_1_,
        task0_.creation_date as creation2_1_,
        task0_.description as descript3_1_,
        task0_.estimated_duration as estimate4_1_,
        task0_.finish_date as finish_d5_1_,
        task0_.name as name6_1_,
        task0_.priority as priority7_1_,
        task0_.project_id as project_8_1_,
        task0_.project_leader_id as project_9_1_,
        task0_.start_date as start_d10_1_,
        task0_.status as status11_1_ 
    from
        task task0_
After all test execution
2023-12-03 15:55:32.099  INFO 12840 --- [    Test worker] o.s.t.c.support.AbstractContextLoader    : Could not detect default resource locations for test class [com.aninfo.integration.cucumber.TaskIntegrationServiceTest]: no resource found for suffixes {-context.xml, Context.groovy}.
2023-12-03 15:55:32.101  INFO 12840 --- [    Test worker] .b.t.c.SpringBootTestContextBootstrapper : Loaded default TestExecutionListener class names from location [META-INF/spring.factories]: [org.springframework.boot.test.autoconfigure.restdocs.RestDocsTestExecutionListener, org.springframework.boot.test.autoconfigure.web.client.MockRestServiceServerResetTestExecutionListener, org.springframework.boot.test.autoconfigure.web.servlet.MockMvcPrintOnlyOnFailureTestExecutionListener, org.springframework.boot.test.autoconfigure.web.servlet.WebDriverTestExecutionListener, org.springframework.boot.test.mock.mockito.MockitoTestExecutionListener, org.springframework.boot.test.mock.mockito.ResetMocksTestExecutionListener, org.springframework.test.context.web.ServletTestExecutionListener, org.springframework.test.context.support.DirtiesContextBeforeModesTestExecutionListener, org.springframework.test.context.support.DependencyInjectionTestExecutionListener, org.springframework.test.context.support.DirtiesContextTestExecutionListener, org.springframework.test.context.transaction.TransactionalTestExecutionListener, org.springframework.test.context.jdbc.SqlScriptsTestExecutionListener, org.springframework.test.context.event.EventPublishingTestExecutionListener]
2023-12-03 15:55:32.101  INFO 12840 --- [    Test worker] .b.t.c.SpringBootTestContextBootstrapper : Using TestExecutionListeners: [org.springframework.test.context.web.ServletTestExecutionListener@76e1989e, org.springframework.test.context.support.DirtiesContextBeforeModesTestExecutionListener@5e1a9ff7, org.springframework.boot.test.mock.mockito.MockitoTestExecutionListener@6c365114, org.springframework.boot.test.autoconfigure.SpringBootDependencyInjectionTestExecutionListener@2ab26b2f, org.springframework.test.context.support.DirtiesContextTestExecutionListener@50ed338f, org.springframework.test.context.transaction.TransactionalTestExecutionListener@5a82eb42, org.springframework.test.context.jdbc.SqlScriptsTestExecutionListener@4e2aff7, org.springframework.test.context.event.EventPublishingTestExecutionListener@3d304757, org.springframework.boot.test.autoconfigure.restdocs.RestDocsTestExecutionListener@4f86a35, org.springframework.boot.test.autoconfigure.web.client.MockRestServiceServerResetTestExecutionListener@496d4913, org.springframework.boot.test.autoconfigure.web.servlet.MockMvcPrintOnlyOnFailureTestExecutionListener@5861cade, org.springframework.boot.test.autoconfigure.web.servlet.WebDriverTestExecutionListener@6754247a, org.springframework.boot.test.mock.mockito.ResetMocksTestExecutionListener@203a5367]
Before any test execution
Before any test execution
Before any test execution
Before any test execution
Hibernate: 
    select
        project0_.id as id1_0_,
        project0_.creation_date as creation2_0_,
        project0_.description as descript3_0_,
        project0_.finish_date as finish_d4_0_,
        project0_.name as name5_0_,
        project0_.project_leader_id as project_6_0_,
        project0_.start_date as start_da7_0_,
        project0_.status as status8_0_ 
    from
        project project0_ 
    where
        project0_.name=?
Hibernate: 
    call next value for hibernate_sequence
Hibernate: 
    insert 
    into
        project
        (creation_date, description, finish_date, name, project_leader_id, start_date, status, id) 
    values
        (?, ?, ?, ?, ?, ?, ?, ?)
Hibernate: 
    select
        project0_.id as id1_0_,
        project0_.creation_date as creation2_0_,
        project0_.description as descript3_0_,
        project0_.finish_date as finish_d4_0_,
        project0_.name as name5_0_,
        project0_.project_leader_id as project_6_0_,
        project0_.start_date as start_da7_0_,
        project0_.status as status8_0_ 
    from
        project project0_ 
    where
        project0_.name=?
Hibernate: 
    select
        project0_.id as id1_0_0_,
        project0_.creation_date as creation2_0_0_,
        project0_.description as descript3_0_0_,
        project0_.finish_date as finish_d4_0_0_,
        project0_.name as name5_0_0_,
        project0_.project_leader_id as project_6_0_0_,
        project0_.start_date as start_da7_0_0_,
        project0_.status as status8_0_0_ 
    from
        project project0_ 
    where
        project0_.id=?
Hibernate: 
    select
        project0_.id as id1_0_0_,
        project0_.creation_date as creation2_0_0_,
        project0_.description as descript3_0_0_,
        project0_.finish_date as finish_d4_0_0_,
        project0_.name as name5_0_0_,
        project0_.project_leader_id as project_6_0_0_,
        project0_.start_date as start_da7_0_0_,
        project0_.status as status8_0_0_ 
    from
        project project0_ 
    where
        project0_.id=?
Hibernate: 
    update
        project 
    set
        creation_date=?,
        description=?,
        finish_date=?,
        name=?,
        project_leader_id=?,
        start_date=?,
        status=? 
    where
        id=?
Hibernate: 
    select
        project0_.id as id1_0_,
        project0_.creation_date as creation2_0_,
        project0_.description as descript3_0_,
        project0_.finish_date as finish_d4_0_,
        project0_.name as name5_0_,
        project0_.project_leader_id as project_6_0_,
        project0_.start_date as start_da7_0_,
        project0_.status as status8_0_ 
    from
        project project0_
Hibernate: 
    delete 
    from
        project 
    where
        id=?
After all test execution
Hibernate: 
    select
        task0_.id as id1_1_,
        task0_.creation_date as creation2_1_,
        task0_.description as descript3_1_,
        task0_.estimated_duration as estimate4_1_,
        task0_.finish_date as finish_d5_1_,
        task0_.name as name6_1_,
        task0_.priority as priority7_1_,
        task0_.project_id as project_8_1_,
        task0_.project_leader_id as project_9_1_,
        task0_.start_date as start_d10_1_,
        task0_.status as status11_1_ 
    from
        task task0_
Hibernate: 
    select
        task0_.id as id1_1_,
        task0_.creation_date as creation2_1_,
        task0_.description as descript3_1_,
        task0_.estimated_duration as estimate4_1_,
        task0_.finish_date as finish_d5_1_,
        task0_.name as name6_1_,
        task0_.priority as priority7_1_,
        task0_.project_id as project_8_1_,
        task0_.project_leader_id as project_9_1_,
        task0_.start_date as start_d10_1_,
        task0_.status as status11_1_ 
    from
        task task0_
After all test execution
Hibernate: 
    select
        project0_.id as id1_0_,
        project0_.creation_date as creation2_0_,
        project0_.description as descript3_0_,
        project0_.finish_date as finish_d4_0_,
        project0_.name as name5_0_,
        project0_.project_leader_id as project_6_0_,
        project0_.start_date as start_da7_0_,
        project0_.status as status8_0_ 
    from
        project project0_
After all test execution
Resetting system
Hibernate: 
    select
        task0_.id as id1_1_,
        task0_.creation_date as creation2_1_,
        task0_.description as descript3_1_,
        task0_.estimated_duration as estimate4_1_,
        task0_.finish_date as finish_d5_1_,
        task0_.name as name6_1_,
        task0_.priority as priority7_1_,
        task0_.project_id as project_8_1_,
        task0_.project_leader_id as project_9_1_,
        task0_.start_date as start_d10_1_,
        task0_.status as status11_1_ 
    from
        task task0_
Resetting system
Hibernate: 
    select
        project0_.id as id1_0_,
        project0_.creation_date as creation2_0_,
        project0_.description as descript3_0_,
        project0_.finish_date as finish_d4_0_,
        project0_.name as name5_0_,
        project0_.project_leader_id as project_6_0_,
        project0_.start_date as start_da7_0_,
        project0_.status as status8_0_ 
    from
        project project0_
Resetting system
Hibernate: 
    select
        project0_.id as id1_0_,
        project0_.creation_date as creation2_0_,
        project0_.description as descript3_0_,
        project0_.finish_date as finish_d4_0_,
        project0_.name as name5_0_,
        project0_.project_leader_id as project_6_0_,
        project0_.start_date as start_da7_0_,
        project0_.status as status8_0_ 
    from
        project project0_
Hibernate: 
    select
        project0_.id as id1_0_,
        project0_.creation_date as creation2_0_,
        project0_.description as descript3_0_,
        project0_.finish_date as finish_d4_0_,
        project0_.name as name5_0_,
        project0_.project_leader_id as project_6_0_,
        project0_.start_date as start_da7_0_,
        project0_.status as status8_0_ 
    from
        project project0_
After all test execution
Hibernate: 
    select
        task0_.id as id1_1_,
        task0_.creation_date as creation2_1_,
        task0_.description as descript3_1_,
        task0_.estimated_duration as estimate4_1_,
        task0_.finish_date as finish_d5_1_,
        task0_.name as name6_1_,
        task0_.priority as priority7_1_,
        task0_.project_id as project_8_1_,
        task0_.project_leader_id as project_9_1_,
        task0_.start_date as start_d10_1_,
        task0_.status as status11_1_ 
    from
        task task0_
After all test execution
2023-12-03 15:55:32.145  INFO 12840 --- [    Test worker] o.s.t.c.support.AbstractContextLoader    : Could not detect default resource locations for test class [com.aninfo.integration.cucumber.TaskIntegrationServiceTest]: no resource found for suffixes {-context.xml, Context.groovy}.
2023-12-03 15:55:32.147  INFO 12840 --- [    Test worker] .b.t.c.SpringBootTestContextBootstrapper : Loaded default TestExecutionListener class names from location [META-INF/spring.factories]: [org.springframework.boot.test.autoconfigure.restdocs.RestDocsTestExecutionListener, org.springframework.boot.test.autoconfigure.web.client.MockRestServiceServerResetTestExecutionListener, org.springframework.boot.test.autoconfigure.web.servlet.MockMvcPrintOnlyOnFailureTestExecutionListener, org.springframework.boot.test.autoconfigure.web.servlet.WebDriverTestExecutionListener, org.springframework.boot.test.mock.mockito.MockitoTestExecutionListener, org.springframework.boot.test.mock.mockito.ResetMocksTestExecutionListener, org.springframework.test.context.web.ServletTestExecutionListener, org.springframework.test.context.support.DirtiesContextBeforeModesTestExecutionListener, org.springframework.test.context.support.DependencyInjectionTestExecutionListener, org.springframework.test.context.support.DirtiesContextTestExecutionListener, org.springframework.test.context.transaction.TransactionalTestExecutionListener, org.springframework.test.context.jdbc.SqlScriptsTestExecutionListener, org.springframework.test.context.event.EventPublishingTestExecutionListener]
2023-12-03 15:55:32.148  INFO 12840 --- [    Test worker] .b.t.c.SpringBootTestContextBootstrapper : Using TestExecutionListeners: [org.springframework.test.context.web.ServletTestExecutionListener@5152e7b5, org.springframework.test.context.support.DirtiesContextBeforeModesTestExecutionListener@9fe1085, org.springframework.boot.test.mock.mockito.MockitoTestExecutionListener@77a2e381, org.springframework.boot.test.autoconfigure.SpringBootDependencyInjectionTestExecutionListener@48799bf1, org.springframework.test.context.support.DirtiesContextTestExecutionListener@ed0b204, org.springframework.test.context.transaction.TransactionalTestExecutionListener@7753e163, org.springframework.test.context.jdbc.SqlScriptsTestExecutionListener@170dbae3, org.springframework.test.context.event.EventPublishingTestExecutionListener@132f1de0, org.springframework.boot.test.autoconfigure.restdocs.RestDocsTestExecutionListener@1864cd13, org.springframework.boot.test.autoconfigure.web.client.MockRestServiceServerResetTestExecutionListener@70d46f85, org.springframework.boot.test.autoconfigure.web.servlet.MockMvcPrintOnlyOnFailureTestExecutionListener@af409de, org.springframework.boot.test.autoconfigure.web.servlet.WebDriverTestExecutionListener@615fd57d, org.springframework.boot.test.mock.mockito.ResetMocksTestExecutionListener@5f6d8010]
Before any test execution
Before any test execution
Before any test execution
Before any test execution
Hibernate: 
    select
        project0_.id as id1_0_,
        project0_.creation_date as creation2_0_,
        project0_.description as descript3_0_,
        project0_.finish_date as finish_d4_0_,
        project0_.name as name5_0_,
        project0_.project_leader_id as project_6_0_,
        project0_.start_date as start_da7_0_,
        project0_.status as status8_0_ 
    from
        project project0_ 
    where
        project0_.name=?
Hibernate: 
    call next value for hibernate_sequence
Hibernate: 
    insert 
    into
        project
        (creation_date, description, finish_date, name, project_leader_id, start_date, status, id) 
    values
        (?, ?, ?, ?, ?, ?, ?, ?)
Hibernate: 
    select
        project0_.id as id1_0_,
        project0_.creation_date as creation2_0_,
        project0_.description as descript3_0_,
        project0_.finish_date as finish_d4_0_,
        project0_.name as name5_0_,
        project0_.project_leader_id as project_6_0_,
        project0_.start_date as start_da7_0_,
        project0_.status as status8_0_ 
    from
        project project0_ 
    where
        project0_.name=?
Hibernate: 
    select
        project0_.id as id1_0_0_,
        project0_.creation_date as creation2_0_0_,
        project0_.description as descript3_0_0_,
        project0_.finish_date as finish_d4_0_0_,
        project0_.name as name5_0_0_,
        project0_.project_leader_id as project_6_0_0_,
        project0_.start_date as start_da7_0_0_,
        project0_.status as status8_0_0_ 
    from
        project project0_ 
    where
        project0_.id=?
Hibernate: 
    select
        project0_.id as id1_0_0_,
        project0_.creation_date as creation2_0_0_,
        project0_.description as descript3_0_0_,
        project0_.finish_date as finish_d4_0_0_,
        project0_.name as name5_0_0_,
        project0_.project_leader_id as project_6_0_0_,
        project0_.start_date as start_da7_0_0_,
        project0_.status as status8_0_0_ 
    from
        project project0_ 
    where
        project0_.id=?
Hibernate: 
    update
        project 
    set
        creation_date=?,
        description=?,
        finish_date=?,
        name=?,
        project_leader_id=?,
        start_date=?,
        status=? 
    where
        id=?
Hibernate: 
    select
        project0_.id as id1_0_,
        project0_.creation_date as creation2_0_,
        project0_.description as descript3_0_,
        project0_.finish_date as finish_d4_0_,
        project0_.name as name5_0_,
        project0_.project_leader_id as project_6_0_,
        project0_.start_date as start_da7_0_,
        project0_.status as status8_0_ 
    from
        project project0_
Hibernate: 
    delete 
    from
        project 
    where
        id=?
After all test execution
Hibernate: 
    select
        task0_.id as id1_1_,
        task0_.creation_date as creation2_1_,
        task0_.description as descript3_1_,
        task0_.estimated_duration as estimate4_1_,
        task0_.finish_date as finish_d5_1_,
        task0_.name as name6_1_,
        task0_.priority as priority7_1_,
        task0_.project_id as project_8_1_,
        task0_.project_leader_id as project_9_1_,
        task0_.start_date as start_d10_1_,
        task0_.status as status11_1_ 
    from
        task task0_
Hibernate: 
    select
        task0_.id as id1_1_,
        task0_.creation_date as creation2_1_,
        task0_.description as descript3_1_,
        task0_.estimated_duration as estimate4_1_,
        task0_.finish_date as finish_d5_1_,
        task0_.name as name6_1_,
        task0_.priority as priority7_1_,
        task0_.project_id as project_8_1_,
        task0_.project_leader_id as project_9_1_,
        task0_.start_date as start_d10_1_,
        task0_.status as status11_1_ 
    from
        task task0_
After all test execution
Hibernate: 
    select
        project0_.id as id1_0_,
        project0_.creation_date as creation2_0_,
        project0_.description as descript3_0_,
        project0_.finish_date as finish_d4_0_,
        project0_.name as name5_0_,
        project0_.project_leader_id as project_6_0_,
        project0_.start_date as start_da7_0_,
        project0_.status as status8_0_ 
    from
        project project0_
After all test execution
Resetting system
Hibernate: 
    select
        task0_.id as id1_1_,
        task0_.creation_date as creation2_1_,
        task0_.description as descript3_1_,
        task0_.estimated_duration as estimate4_1_,
        task0_.finish_date as finish_d5_1_,
        task0_.name as name6_1_,
        task0_.priority as priority7_1_,
        task0_.project_id as project_8_1_,
        task0_.project_leader_id as project_9_1_,
        task0_.start_date as start_d10_1_,
        task0_.status as status11_1_ 
    from
        task task0_
Resetting system
Hibernate: 
    select
        project0_.id as id1_0_,
        project0_.creation_date as creation2_0_,
        project0_.description as descript3_0_,
        project0_.finish_date as finish_d4_0_,
        project0_.name as name5_0_,
        project0_.project_leader_id as project_6_0_,
        project0_.start_date as start_da7_0_,
        project0_.status as status8_0_ 
    from
        project project0_
Resetting system
Hibernate: 
    select
        project0_.id as id1_0_,
        project0_.creation_date as creation2_0_,
        project0_.description as descript3_0_,
        project0_.finish_date as finish_d4_0_,
        project0_.name as name5_0_,
        project0_.project_leader_id as project_6_0_,
        project0_.start_date as start_da7_0_,
        project0_.status as status8_0_ 
    from
        project project0_
Hibernate: 
    select
        project0_.id as id1_0_,
        project0_.creation_date as creation2_0_,
        project0_.description as descript3_0_,
        project0_.finish_date as finish_d4_0_,
        project0_.name as name5_0_,
        project0_.project_leader_id as project_6_0_,
        project0_.start_date as start_da7_0_,
        project0_.status as status8_0_ 
    from
        project project0_
After all test execution
Hibernate: 
    select
        task0_.id as id1_1_,
        task0_.creation_date as creation2_1_,
        task0_.description as descript3_1_,
        task0_.estimated_duration as estimate4_1_,
        task0_.finish_date as finish_d5_1_,
        task0_.name as name6_1_,
        task0_.priority as priority7_1_,
        task0_.project_id as project_8_1_,
        task0_.project_leader_id as project_9_1_,
        task0_.start_date as start_d10_1_,
        task0_.status as status11_1_ 
    from
        task task0_
After all test execution
2023-12-03 15:55:32.196  INFO 12840 --- [    Test worker] o.s.t.c.support.AbstractContextLoader    : Could not detect default resource locations for test class [com.aninfo.integration.cucumber.TaskIntegrationServiceTest]: no resource found for suffixes {-context.xml, Context.groovy}.
2023-12-03 15:55:32.198  INFO 12840 --- [    Test worker] .b.t.c.SpringBootTestContextBootstrapper : Loaded default TestExecutionListener class names from location [META-INF/spring.factories]: [org.springframework.boot.test.autoconfigure.restdocs.RestDocsTestExecutionListener, org.springframework.boot.test.autoconfigure.web.client.MockRestServiceServerResetTestExecutionListener, org.springframework.boot.test.autoconfigure.web.servlet.MockMvcPrintOnlyOnFailureTestExecutionListener, org.springframework.boot.test.autoconfigure.web.servlet.WebDriverTestExecutionListener, org.springframework.boot.test.mock.mockito.MockitoTestExecutionListener, org.springframework.boot.test.mock.mockito.ResetMocksTestExecutionListener, org.springframework.test.context.web.ServletTestExecutionListener, org.springframework.test.context.support.DirtiesContextBeforeModesTestExecutionListener, org.springframework.test.context.support.DependencyInjectionTestExecutionListener, org.springframework.test.context.support.DirtiesContextTestExecutionListener, org.springframework.test.context.transaction.TransactionalTestExecutionListener, org.springframework.test.context.jdbc.SqlScriptsTestExecutionListener, org.springframework.test.context.event.EventPublishingTestExecutionListener]
2023-12-03 15:55:32.199  INFO 12840 --- [    Test worker] .b.t.c.SpringBootTestContextBootstrapper : Using TestExecutionListeners: [org.springframework.test.context.web.ServletTestExecutionListener@1cfae20d, org.springframework.test.context.support.DirtiesContextBeforeModesTestExecutionListener@694d26f1, org.springframework.boot.test.mock.mockito.MockitoTestExecutionListener@214bfb52, org.springframework.boot.test.autoconfigure.SpringBootDependencyInjectionTestExecutionListener@6b8832f, org.springframework.test.context.support.DirtiesContextTestExecutionListener@4d19e37f, org.springframework.test.context.transaction.TransactionalTestExecutionListener@4de33e83, org.springframework.test.context.jdbc.SqlScriptsTestExecutionListener@330cdd06, org.springframework.test.context.event.EventPublishingTestExecutionListener@716f91b3, org.springframework.boot.test.autoconfigure.restdocs.RestDocsTestExecutionListener@73ef86fa, org.springframework.boot.test.autoconfigure.web.client.MockRestServiceServerResetTestExecutionListener@272ca922, org.springframework.boot.test.autoconfigure.web.servlet.MockMvcPrintOnlyOnFailureTestExecutionListener@721da42c, org.springframework.boot.test.autoconfigure.web.servlet.WebDriverTestExecutionListener@7ff251d5, org.springframework.boot.test.mock.mockito.ResetMocksTestExecutionListener@70a5c087]
Before any test execution
Before any test execution
Before any test execution
Before any test execution
Hibernate: 
    select
        task0_.id as id1_1_,
        task0_.creation_date as creation2_1_,
        task0_.description as descript3_1_,
        task0_.estimated_duration as estimate4_1_,
        task0_.finish_date as finish_d5_1_,
        task0_.name as name6_1_,
        task0_.priority as priority7_1_,
        task0_.project_id as project_8_1_,
        task0_.project_leader_id as project_9_1_,
        task0_.start_date as start_d10_1_,
        task0_.status as status11_1_ 
    from
        task task0_ 
    where
        task0_.project_id=?
After all test execution
Hibernate: 
    select
        task0_.id as id1_1_,
        task0_.creation_date as creation2_1_,
        task0_.description as descript3_1_,
        task0_.estimated_duration as estimate4_1_,
        task0_.finish_date as finish_d5_1_,
        task0_.name as name6_1_,
        task0_.priority as priority7_1_,
        task0_.project_id as project_8_1_,
        task0_.project_leader_id as project_9_1_,
        task0_.start_date as start_d10_1_,
        task0_.status as status11_1_ 
    from
        task task0_
Hibernate: 
    select
        task0_.id as id1_1_,
        task0_.creation_date as creation2_1_,
        task0_.description as descript3_1_,
        task0_.estimated_duration as estimate4_1_,
        task0_.finish_date as finish_d5_1_,
        task0_.name as name6_1_,
        task0_.priority as priority7_1_,
        task0_.project_id as project_8_1_,
        task0_.project_leader_id as project_9_1_,
        task0_.start_date as start_d10_1_,
        task0_.status as status11_1_ 
    from
        task task0_
After all test execution
Hibernate: 
    select
        project0_.id as id1_0_,
        project0_.creation_date as creation2_0_,
        project0_.description as descript3_0_,
        project0_.finish_date as finish_d4_0_,
        project0_.name as name5_0_,
        project0_.project_leader_id as project_6_0_,
        project0_.start_date as start_da7_0_,
        project0_.status as status8_0_ 
    from
        project project0_
After all test execution
Resetting system
Hibernate: 
    select
        task0_.id as id1_1_,
        task0_.creation_date as creation2_1_,
        task0_.description as descript3_1_,
        task0_.estimated_duration as estimate4_1_,
        task0_.finish_date as finish_d5_1_,
        task0_.name as name6_1_,
        task0_.priority as priority7_1_,
        task0_.project_id as project_8_1_,
        task0_.project_leader_id as project_9_1_,
        task0_.start_date as start_d10_1_,
        task0_.status as status11_1_ 
    from
        task task0_
Resetting system
Hibernate: 
    select
        project0_.id as id1_0_,
        project0_.creation_date as creation2_0_,
        project0_.description as descript3_0_,
        project0_.finish_date as finish_d4_0_,
        project0_.name as name5_0_,
        project0_.project_leader_id as project_6_0_,
        project0_.start_date as start_da7_0_,
        project0_.status as status8_0_ 
    from
        project project0_
Resetting system
Hibernate: 
    select
        project0_.id as id1_0_,
        project0_.creation_date as creation2_0_,
        project0_.description as descript3_0_,
        project0_.finish_date as finish_d4_0_,
        project0_.name as name5_0_,
        project0_.project_leader_id as project_6_0_,
        project0_.start_date as start_da7_0_,
        project0_.status as status8_0_ 
    from
        project project0_
Hibernate: 
    select
        project0_.id as id1_0_,
        project0_.creation_date as creation2_0_,
        project0_.description as descript3_0_,
        project0_.finish_date as finish_d4_0_,
        project0_.name as name5_0_,
        project0_.project_leader_id as project_6_0_,
        project0_.start_date as start_da7_0_,
        project0_.status as status8_0_ 
    from
        project project0_
After all test execution
Hibernate: 
    select
        task0_.id as id1_1_,
        task0_.creation_date as creation2_1_,
        task0_.description as descript3_1_,
        task0_.estimated_duration as estimate4_1_,
        task0_.finish_date as finish_d5_1_,
        task0_.name as name6_1_,
        task0_.priority as priority7_1_,
        task0_.project_id as project_8_1_,
        task0_.project_leader_id as project_9_1_,
        task0_.start_date as start_d10_1_,
        task0_.status as status11_1_ 
    from
        task task0_
After all test execution
2023-12-03 15:55:32.228  INFO 12840 --- [    Test worker] o.s.t.c.support.AbstractContextLoader    : Could not detect default resource locations for test class [com.aninfo.integration.cucumber.TaskIntegrationServiceTest]: no resource found for suffixes {-context.xml, Context.groovy}.
2023-12-03 15:55:32.235  INFO 12840 --- [    Test worker] .b.t.c.SpringBootTestContextBootstrapper : Loaded default TestExecutionListener class names from location [META-INF/spring.factories]: [org.springframework.boot.test.autoconfigure.restdocs.RestDocsTestExecutionListener, org.springframework.boot.test.autoconfigure.web.client.MockRestServiceServerResetTestExecutionListener, org.springframework.boot.test.autoconfigure.web.servlet.MockMvcPrintOnlyOnFailureTestExecutionListener, org.springframework.boot.test.autoconfigure.web.servlet.WebDriverTestExecutionListener, org.springframework.boot.test.mock.mockito.MockitoTestExecutionListener, org.springframework.boot.test.mock.mockito.ResetMocksTestExecutionListener, org.springframework.test.context.web.ServletTestExecutionListener, org.springframework.test.context.support.DirtiesContextBeforeModesTestExecutionListener, org.springframework.test.context.support.DependencyInjectionTestExecutionListener, org.springframework.test.context.support.DirtiesContextTestExecutionListener, org.springframework.test.context.transaction.TransactionalTestExecutionListener, org.springframework.test.context.jdbc.SqlScriptsTestExecutionListener, org.springframework.test.context.event.EventPublishingTestExecutionListener]
2023-12-03 15:55:32.241  INFO 12840 --- [    Test worker] .b.t.c.SpringBootTestContextBootstrapper : Using TestExecutionListeners: [org.springframework.test.context.web.ServletTestExecutionListener@65b5a87a, org.springframework.test.context.support.DirtiesContextBeforeModesTestExecutionListener@46a01d6d, org.springframework.boot.test.mock.mockito.MockitoTestExecutionListener@29709eeb, org.springframework.boot.test.autoconfigure.SpringBootDependencyInjectionTestExecutionListener@3bd78346, org.springframework.test.context.support.DirtiesContextTestExecutionListener@73690a3e, org.springframework.test.context.transaction.TransactionalTestExecutionListener@35643a4b, org.springframework.test.context.jdbc.SqlScriptsTestExecutionListener@18ce7dca, org.springframework.test.context.event.EventPublishingTestExecutionListener@1f840026, org.springframework.boot.test.autoconfigure.restdocs.RestDocsTestExecutionListener@2487d112, org.springframework.boot.test.autoconfigure.web.client.MockRestServiceServerResetTestExecutionListener@302511ab, org.springframework.boot.test.autoconfigure.web.servlet.MockMvcPrintOnlyOnFailureTestExecutionListener@5b6e0a48, org.springframework.boot.test.autoconfigure.web.servlet.WebDriverTestExecutionListener@6454a433, org.springframework.boot.test.mock.mockito.ResetMocksTestExecutionListener@7ec1e6ea]
Before any test execution
Before any test execution
Before any test execution
Before any test execution
Hibernate: 
    select
        task0_.id as id1_1_,
        task0_.creation_date as creation2_1_,
        task0_.description as descript3_1_,
        task0_.estimated_duration as estimate4_1_,
        task0_.finish_date as finish_d5_1_,
        task0_.name as name6_1_,
        task0_.priority as priority7_1_,
        task0_.project_id as project_8_1_,
        task0_.project_leader_id as project_9_1_,
        task0_.start_date as start_d10_1_,
        task0_.status as status11_1_ 
    from
        task task0_ 
    where
        task0_.name=?
Hibernate: 
    call next value for hibernate_sequence
Hibernate: 
    insert 
    into
        task
        (creation_date, description, estimated_duration, finish_date, name, priority, project_id, project_leader_id, start_date, status, id) 
    values
        (?, ?, ?, ?, ?, ?, ?, ?, ?, ?, ?)
Hibernate: 
    select
        task0_.id as id1_1_,
        task0_.creation_date as creation2_1_,
        task0_.description as descript3_1_,
        task0_.estimated_duration as estimate4_1_,
        task0_.finish_date as finish_d5_1_,
        task0_.name as name6_1_,
        task0_.priority as priority7_1_,
        task0_.project_id as project_8_1_,
        task0_.project_leader_id as project_9_1_,
        task0_.start_date as start_d10_1_,
        task0_.status as status11_1_ 
    from
        task task0_ 
    where
        task0_.name=?
Hibernate: 
    call next value for hibernate_sequence
Hibernate: 
    insert 
    into
        task
        (creation_date, description, estimated_duration, finish_date, name, priority, project_id, project_leader_id, start_date, status, id) 
    values
        (?, ?, ?, ?, ?, ?, ?, ?, ?, ?, ?)
Hibernate: 
    select
        task0_.id as id1_1_,
        task0_.creation_date as creation2_1_,
        task0_.description as descript3_1_,
        task0_.estimated_duration as estimate4_1_,
        task0_.finish_date as finish_d5_1_,
        task0_.name as name6_1_,
        task0_.priority as priority7_1_,
        task0_.project_id as project_8_1_,
        task0_.project_leader_id as project_9_1_,
        task0_.start_date as start_d10_1_,
        task0_.status as status11_1_ 
    from
        task task0_
Hibernate: 
    select
        task0_.id as id1_1_,
        task0_.creation_date as creation2_1_,
        task0_.description as descript3_1_,
        task0_.estimated_duration as estimate4_1_,
        task0_.finish_date as finish_d5_1_,
        task0_.name as name6_1_,
        task0_.priority as priority7_1_,
        task0_.project_id as project_8_1_,
        task0_.project_leader_id as project_9_1_,
        task0_.start_date as start_d10_1_,
        task0_.status as status11_1_ 
    from
        task task0_ 
    where
        task0_.project_id=?
After all test execution
Hibernate: 
    select
        task0_.id as id1_1_,
        task0_.creation_date as creation2_1_,
        task0_.description as descript3_1_,
        task0_.estimated_duration as estimate4_1_,
        task0_.finish_date as finish_d5_1_,
        task0_.name as name6_1_,
        task0_.priority as priority7_1_,
        task0_.project_id as project_8_1_,
        task0_.project_leader_id as project_9_1_,
        task0_.start_date as start_d10_1_,
        task0_.status as status11_1_ 
    from
        task task0_
Hibernate: 
    delete 
    from
        task 
    where
        id=?
Hibernate: 
    delete 
    from
        task 
    where
        id=?
Hibernate: 
    select
        task0_.id as id1_1_,
        task0_.creation_date as creation2_1_,
        task0_.description as descript3_1_,
        task0_.estimated_duration as estimate4_1_,
        task0_.finish_date as finish_d5_1_,
        task0_.name as name6_1_,
        task0_.priority as priority7_1_,
        task0_.project_id as project_8_1_,
        task0_.project_leader_id as project_9_1_,
        task0_.start_date as start_d10_1_,
        task0_.status as status11_1_ 
    from
        task task0_
After all test execution
Hibernate: 
    select
        project0_.id as id1_0_,
        project0_.creation_date as creation2_0_,
        project0_.description as descript3_0_,
        project0_.finish_date as finish_d4_0_,
        project0_.name as name5_0_,
        project0_.project_leader_id as project_6_0_,
        project0_.start_date as start_da7_0_,
        project0_.status as status8_0_ 
    from
        project project0_
After all test execution
Resetting system
Hibernate: 
    select
        task0_.id as id1_1_,
        task0_.creation_date as creation2_1_,
        task0_.description as descript3_1_,
        task0_.estimated_duration as estimate4_1_,
        task0_.finish_date as finish_d5_1_,
        task0_.name as name6_1_,
        task0_.priority as priority7_1_,
        task0_.project_id as project_8_1_,
        task0_.project_leader_id as project_9_1_,
        task0_.start_date as start_d10_1_,
        task0_.status as status11_1_ 
    from
        task task0_
Resetting system
Hibernate: 
    select
        project0_.id as id1_0_,
        project0_.creation_date as creation2_0_,
        project0_.description as descript3_0_,
        project0_.finish_date as finish_d4_0_,
        project0_.name as name5_0_,
        project0_.project_leader_id as project_6_0_,
        project0_.start_date as start_da7_0_,
        project0_.status as status8_0_ 
    from
        project project0_
Resetting system
Hibernate: 
    select
        project0_.id as id1_0_,
        project0_.creation_date as creation2_0_,
        project0_.description as descript3_0_,
        project0_.finish_date as finish_d4_0_,
        project0_.name as name5_0_,
        project0_.project_leader_id as project_6_0_,
        project0_.start_date as start_da7_0_,
        project0_.status as status8_0_ 
    from
        project project0_
Hibernate: 
    select
        project0_.id as id1_0_,
        project0_.creation_date as creation2_0_,
        project0_.description as descript3_0_,
        project0_.finish_date as finish_d4_0_,
        project0_.name as name5_0_,
        project0_.project_leader_id as project_6_0_,
        project0_.start_date as start_da7_0_,
        project0_.status as status8_0_ 
    from
        project project0_
After all test execution
Hibernate: 
    select
        task0_.id as id1_1_,
        task0_.creation_date as creation2_1_,
        task0_.description as descript3_1_,
        task0_.estimated_duration as estimate4_1_,
        task0_.finish_date as finish_d5_1_,
        task0_.name as name6_1_,
        task0_.priority as priority7_1_,
        task0_.project_id as project_8_1_,
        task0_.project_leader_id as project_9_1_,
        task0_.start_date as start_d10_1_,
        task0_.status as status11_1_ 
    from
        task task0_
After all test execution
2023-12-03 15:55:32.302  INFO 12840 --- [    Test worker] o.s.t.c.support.AbstractContextLoader    : Could not detect default resource locations for test class [com.aninfo.integration.cucumber.TaskIntegrationServiceTest]: no resource found for suffixes {-context.xml, Context.groovy}.
2023-12-03 15:55:32.314  INFO 12840 --- [    Test worker] .b.t.c.SpringBootTestContextBootstrapper : Loaded default TestExecutionListener class names from location [META-INF/spring.factories]: [org.springframework.boot.test.autoconfigure.restdocs.RestDocsTestExecutionListener, org.springframework.boot.test.autoconfigure.web.client.MockRestServiceServerResetTestExecutionListener, org.springframework.boot.test.autoconfigure.web.servlet.MockMvcPrintOnlyOnFailureTestExecutionListener, org.springframework.boot.test.autoconfigure.web.servlet.WebDriverTestExecutionListener, org.springframework.boot.test.mock.mockito.MockitoTestExecutionListener, org.springframework.boot.test.mock.mockito.ResetMocksTestExecutionListener, org.springframework.test.context.web.ServletTestExecutionListener, org.springframework.test.context.support.DirtiesContextBeforeModesTestExecutionListener, org.springframework.test.context.support.DependencyInjectionTestExecutionListener, org.springframework.test.context.support.DirtiesContextTestExecutionListener, org.springframework.test.context.transaction.TransactionalTestExecutionListener, org.springframework.test.context.jdbc.SqlScriptsTestExecutionListener, org.springframework.test.context.event.EventPublishingTestExecutionListener]
2023-12-03 15:55:32.315  INFO 12840 --- [    Test worker] .b.t.c.SpringBootTestContextBootstrapper : Using TestExecutionListeners: [org.springframework.test.context.web.ServletTestExecutionListener@597650bd, org.springframework.test.context.support.DirtiesContextBeforeModesTestExecutionListener@2ebdc0e8, org.springframework.boot.test.mock.mockito.MockitoTestExecutionListener@18ed1c75, org.springframework.boot.test.autoconfigure.SpringBootDependencyInjectionTestExecutionListener@2cd1c786, org.springframework.test.context.support.DirtiesContextTestExecutionListener@47c98919, org.springframework.test.context.transaction.TransactionalTestExecutionListener@7b3ab88, org.springframework.test.context.jdbc.SqlScriptsTestExecutionListener@774d11bf, org.springframework.test.context.event.EventPublishingTestExecutionListener@55021527, org.springframework.boot.test.autoconfigure.restdocs.RestDocsTestExecutionListener@5e08dfdf, org.springframework.boot.test.autoconfigure.web.client.MockRestServiceServerResetTestExecutionListener@447dc07d, org.springframework.boot.test.autoconfigure.web.servlet.MockMvcPrintOnlyOnFailureTestExecutionListener@5b22e1a4, org.springframework.boot.test.autoconfigure.web.servlet.WebDriverTestExecutionListener@1ecc7cca, org.springframework.boot.test.mock.mockito.ResetMocksTestExecutionListener@6a2beeb]
Before any test execution
Before any test execution
Before any test execution
Before any test execution
Hibernate: 
    select
        task0_.id as id1_1_,
        task0_.creation_date as creation2_1_,
        task0_.description as descript3_1_,
        task0_.estimated_duration as estimate4_1_,
        task0_.finish_date as finish_d5_1_,
        task0_.name as name6_1_,
        task0_.priority as priority7_1_,
        task0_.project_id as project_8_1_,
        task0_.project_leader_id as project_9_1_,
        task0_.start_date as start_d10_1_,
        task0_.status as status11_1_ 
    from
        task task0_ 
    where
        task0_.name=?
Hibernate: 
    call next value for hibernate_sequence
Hibernate: 
    insert 
    into
        task
        (creation_date, description, estimated_duration, finish_date, name, priority, project_id, project_leader_id, start_date, status, id) 
    values
        (?, ?, ?, ?, ?, ?, ?, ?, ?, ?, ?)
Hibernate: 
    select
        task0_.id as id1_1_,
        task0_.creation_date as creation2_1_,
        task0_.description as descript3_1_,
        task0_.estimated_duration as estimate4_1_,
        task0_.finish_date as finish_d5_1_,
        task0_.name as name6_1_,
        task0_.priority as priority7_1_,
        task0_.project_id as project_8_1_,
        task0_.project_leader_id as project_9_1_,
        task0_.start_date as start_d10_1_,
        task0_.status as status11_1_ 
    from
        task task0_ 
    where
        task0_.name=?
After all test execution
Hibernate: 
    select
        task0_.id as id1_1_,
        task0_.creation_date as creation2_1_,
        task0_.description as descript3_1_,
        task0_.estimated_duration as estimate4_1_,
        task0_.finish_date as finish_d5_1_,
        task0_.name as name6_1_,
        task0_.priority as priority7_1_,
        task0_.project_id as project_8_1_,
        task0_.project_leader_id as project_9_1_,
        task0_.start_date as start_d10_1_,
        task0_.status as status11_1_ 
    from
        task task0_
Hibernate: 
    delete 
    from
        task 
    where
        id=?
Hibernate: 
    select
        task0_.id as id1_1_,
        task0_.creation_date as creation2_1_,
        task0_.description as descript3_1_,
        task0_.estimated_duration as estimate4_1_,
        task0_.finish_date as finish_d5_1_,
        task0_.name as name6_1_,
        task0_.priority as priority7_1_,
        task0_.project_id as project_8_1_,
        task0_.project_leader_id as project_9_1_,
        task0_.start_date as start_d10_1_,
        task0_.status as status11_1_ 
    from
        task task0_
After all test execution
Hibernate: 
    select
        project0_.id as id1_0_,
        project0_.creation_date as creation2_0_,
        project0_.description as descript3_0_,
        project0_.finish_date as finish_d4_0_,
        project0_.name as name5_0_,
        project0_.project_leader_id as project_6_0_,
        project0_.start_date as start_da7_0_,
        project0_.status as status8_0_ 
    from
        project project0_
After all test execution
Resetting system
Hibernate: 
    select
        task0_.id as id1_1_,
        task0_.creation_date as creation2_1_,
        task0_.description as descript3_1_,
        task0_.estimated_duration as estimate4_1_,
        task0_.finish_date as finish_d5_1_,
        task0_.name as name6_1_,
        task0_.priority as priority7_1_,
        task0_.project_id as project_8_1_,
        task0_.project_leader_id as project_9_1_,
        task0_.start_date as start_d10_1_,
        task0_.status as status11_1_ 
    from
        task task0_
Resetting system
Hibernate: 
    select
        project0_.id as id1_0_,
        project0_.creation_date as creation2_0_,
        project0_.description as descript3_0_,
        project0_.finish_date as finish_d4_0_,
        project0_.name as name5_0_,
        project0_.project_leader_id as project_6_0_,
        project0_.start_date as start_da7_0_,
        project0_.status as status8_0_ 
    from
        project project0_
Resetting system
Hibernate: 
    select
        project0_.id as id1_0_,
        project0_.creation_date as creation2_0_,
        project0_.description as descript3_0_,
        project0_.finish_date as finish_d4_0_,
        project0_.name as name5_0_,
        project0_.project_leader_id as project_6_0_,
        project0_.start_date as start_da7_0_,
        project0_.status as status8_0_ 
    from
        project project0_
Hibernate: 
    select
        project0_.id as id1_0_,
        project0_.creation_date as creation2_0_,
        project0_.description as descript3_0_,
        project0_.finish_date as finish_d4_0_,
        project0_.name as name5_0_,
        project0_.project_leader_id as project_6_0_,
        project0_.start_date as start_da7_0_,
        project0_.status as status8_0_ 
    from
        project project0_
After all test execution
Hibernate: 
    select
        task0_.id as id1_1_,
        task0_.creation_date as creation2_1_,
        task0_.description as descript3_1_,
        task0_.estimated_duration as estimate4_1_,
        task0_.finish_date as finish_d5_1_,
        task0_.name as name6_1_,
        task0_.priority as priority7_1_,
        task0_.project_id as project_8_1_,
        task0_.project_leader_id as project_9_1_,
        task0_.start_date as start_d10_1_,
        task0_.status as status11_1_ 
    from
        task task0_
After all test execution
2023-12-03 15:55:32.359  INFO 12840 --- [    Test worker] o.s.t.c.support.AbstractContextLoader    : Could not detect default resource locations for test class [com.aninfo.integration.cucumber.TaskIntegrationServiceTest]: no resource found for suffixes {-context.xml, Context.groovy}.
2023-12-03 15:55:32.361  INFO 12840 --- [    Test worker] .b.t.c.SpringBootTestContextBootstrapper : Loaded default TestExecutionListener class names from location [META-INF/spring.factories]: [org.springframework.boot.test.autoconfigure.restdocs.RestDocsTestExecutionListener, org.springframework.boot.test.autoconfigure.web.client.MockRestServiceServerResetTestExecutionListener, org.springframework.boot.test.autoconfigure.web.servlet.MockMvcPrintOnlyOnFailureTestExecutionListener, org.springframework.boot.test.autoconfigure.web.servlet.WebDriverTestExecutionListener, org.springframework.boot.test.mock.mockito.MockitoTestExecutionListener, org.springframework.boot.test.mock.mockito.ResetMocksTestExecutionListener, org.springframework.test.context.web.ServletTestExecutionListener, org.springframework.test.context.support.DirtiesContextBeforeModesTestExecutionListener, org.springframework.test.context.support.DependencyInjectionTestExecutionListener, org.springframework.test.context.support.DirtiesContextTestExecutionListener, org.springframework.test.context.transaction.TransactionalTestExecutionListener, org.springframework.test.context.jdbc.SqlScriptsTestExecutionListener, org.springframework.test.context.event.EventPublishingTestExecutionListener]
2023-12-03 15:55:32.361  INFO 12840 --- [    Test worker] .b.t.c.SpringBootTestContextBootstrapper : Using TestExecutionListeners: [org.springframework.test.context.web.ServletTestExecutionListener@7edbc130, org.springframework.test.context.support.DirtiesContextBeforeModesTestExecutionListener@16548c80, org.springframework.boot.test.mock.mockito.MockitoTestExecutionListener@52071109, org.springframework.boot.test.autoconfigure.SpringBootDependencyInjectionTestExecutionListener@7210c8d6, org.springframework.test.context.support.DirtiesContextTestExecutionListener@52e245e5, org.springframework.test.context.transaction.TransactionalTestExecutionListener@6060e3b5, org.springframework.test.context.jdbc.SqlScriptsTestExecutionListener@a0539e9, org.springframework.test.context.event.EventPublishingTestExecutionListener@7e270607, org.springframework.boot.test.autoconfigure.restdocs.RestDocsTestExecutionListener@3e2ab94b, org.springframework.boot.test.autoconfigure.web.client.MockRestServiceServerResetTestExecutionListener@59308870, org.springframework.boot.test.autoconfigure.web.servlet.MockMvcPrintOnlyOnFailureTestExecutionListener@7a5938ce, org.springframework.boot.test.autoconfigure.web.servlet.WebDriverTestExecutionListener@3c880ebc, org.springframework.boot.test.mock.mockito.ResetMocksTestExecutionListener@57030887]
Before any test execution
Before any test execution
Before any test execution
Before any test execution
Hibernate: 
    select
        task0_.id as id1_1_,
        task0_.creation_date as creation2_1_,
        task0_.description as descript3_1_,
        task0_.estimated_duration as estimate4_1_,
        task0_.finish_date as finish_d5_1_,
        task0_.name as name6_1_,
        task0_.priority as priority7_1_,
        task0_.project_id as project_8_1_,
        task0_.project_leader_id as project_9_1_,
        task0_.start_date as start_d10_1_,
        task0_.status as status11_1_ 
    from
        task task0_ 
    where
        task0_.name=?
Hibernate: 
    call next value for hibernate_sequence
Hibernate: 
    insert 
    into
        task
        (creation_date, description, estimated_duration, finish_date, name, priority, project_id, project_leader_id, start_date, status, id) 
    values
        (?, ?, ?, ?, ?, ?, ?, ?, ?, ?, ?)
Hibernate: 
    select
        task0_.id as id1_1_,
        task0_.creation_date as creation2_1_,
        task0_.description as descript3_1_,
        task0_.estimated_duration as estimate4_1_,
        task0_.finish_date as finish_d5_1_,
        task0_.name as name6_1_,
        task0_.priority as priority7_1_,
        task0_.project_id as project_8_1_,
        task0_.project_leader_id as project_9_1_,
        task0_.start_date as start_d10_1_,
        task0_.status as status11_1_ 
    from
        task task0_ 
    where
        task0_.name=?
After all test execution
Hibernate: 
    select
        task0_.id as id1_1_,
        task0_.creation_date as creation2_1_,
        task0_.description as descript3_1_,
        task0_.estimated_duration as estimate4_1_,
        task0_.finish_date as finish_d5_1_,
        task0_.name as name6_1_,
        task0_.priority as priority7_1_,
        task0_.project_id as project_8_1_,
        task0_.project_leader_id as project_9_1_,
        task0_.start_date as start_d10_1_,
        task0_.status as status11_1_ 
    from
        task task0_
Hibernate: 
    delete 
    from
        task 
    where
        id=?
Hibernate: 
    select
        task0_.id as id1_1_,
        task0_.creation_date as creation2_1_,
        task0_.description as descript3_1_,
        task0_.estimated_duration as estimate4_1_,
        task0_.finish_date as finish_d5_1_,
        task0_.name as name6_1_,
        task0_.priority as priority7_1_,
        task0_.project_id as project_8_1_,
        task0_.project_leader_id as project_9_1_,
        task0_.start_date as start_d10_1_,
        task0_.status as status11_1_ 
    from
        task task0_
After all test execution
Hibernate: 
    select
        project0_.id as id1_0_,
        project0_.creation_date as creation2_0_,
        project0_.description as descript3_0_,
        project0_.finish_date as finish_d4_0_,
        project0_.name as name5_0_,
        project0_.project_leader_id as project_6_0_,
        project0_.start_date as start_da7_0_,
        project0_.status as status8_0_ 
    from
        project project0_
After all test execution
Resetting system
Hibernate: 
    select
        task0_.id as id1_1_,
        task0_.creation_date as creation2_1_,
        task0_.description as descript3_1_,
        task0_.estimated_duration as estimate4_1_,
        task0_.finish_date as finish_d5_1_,
        task0_.name as name6_1_,
        task0_.priority as priority7_1_,
        task0_.project_id as project_8_1_,
        task0_.project_leader_id as project_9_1_,
        task0_.start_date as start_d10_1_,
        task0_.status as status11_1_ 
    from
        task task0_
Resetting system
Hibernate: 
    select
        project0_.id as id1_0_,
        project0_.creation_date as creation2_0_,
        project0_.description as descript3_0_,
        project0_.finish_date as finish_d4_0_,
        project0_.name as name5_0_,
        project0_.project_leader_id as project_6_0_,
        project0_.start_date as start_da7_0_,
        project0_.status as status8_0_ 
    from
        project project0_
Resetting system
Hibernate: 
    select
        project0_.id as id1_0_,
        project0_.creation_date as creation2_0_,
        project0_.description as descript3_0_,
        project0_.finish_date as finish_d4_0_,
        project0_.name as name5_0_,
        project0_.project_leader_id as project_6_0_,
        project0_.start_date as start_da7_0_,
        project0_.status as status8_0_ 
    from
        project project0_
Hibernate: 
    select
        project0_.id as id1_0_,
        project0_.creation_date as creation2_0_,
        project0_.description as descript3_0_,
        project0_.finish_date as finish_d4_0_,
        project0_.name as name5_0_,
        project0_.project_leader_id as project_6_0_,
        project0_.start_date as start_da7_0_,
        project0_.status as status8_0_ 
    from
        project project0_
After all test execution
Hibernate: 
    select
        task0_.id as id1_1_,
        task0_.creation_date as creation2_1_,
        task0_.description as descript3_1_,
        task0_.estimated_duration as estimate4_1_,
        task0_.finish_date as finish_d5_1_,
        task0_.name as name6_1_,
        task0_.priority as priority7_1_,
        task0_.project_id as project_8_1_,
        task0_.project_leader_id as project_9_1_,
        task0_.start_date as start_d10_1_,
        task0_.status as status11_1_ 
    from
        task task0_
After all test execution
2023-12-03 15:55:32.394  INFO 12840 --- [    Test worker] o.s.t.c.support.AbstractContextLoader    : Could not detect default resource locations for test class [com.aninfo.integration.cucumber.TaskIntegrationServiceTest]: no resource found for suffixes {-context.xml, Context.groovy}.
2023-12-03 15:55:32.396  INFO 12840 --- [    Test worker] .b.t.c.SpringBootTestContextBootstrapper : Loaded default TestExecutionListener class names from location [META-INF/spring.factories]: [org.springframework.boot.test.autoconfigure.restdocs.RestDocsTestExecutionListener, org.springframework.boot.test.autoconfigure.web.client.MockRestServiceServerResetTestExecutionListener, org.springframework.boot.test.autoconfigure.web.servlet.MockMvcPrintOnlyOnFailureTestExecutionListener, org.springframework.boot.test.autoconfigure.web.servlet.WebDriverTestExecutionListener, org.springframework.boot.test.mock.mockito.MockitoTestExecutionListener, org.springframework.boot.test.mock.mockito.ResetMocksTestExecutionListener, org.springframework.test.context.web.ServletTestExecutionListener, org.springframework.test.context.support.DirtiesContextBeforeModesTestExecutionListener, org.springframework.test.context.support.DependencyInjectionTestExecutionListener, org.springframework.test.context.support.DirtiesContextTestExecutionListener, org.springframework.test.context.transaction.TransactionalTestExecutionListener, org.springframework.test.context.jdbc.SqlScriptsTestExecutionListener, org.springframework.test.context.event.EventPublishingTestExecutionListener]
2023-12-03 15:55:32.397  INFO 12840 --- [    Test worker] .b.t.c.SpringBootTestContextBootstrapper : Using TestExecutionListeners: [org.springframework.test.context.web.ServletTestExecutionListener@c2b0de2, org.springframework.test.context.support.DirtiesContextBeforeModesTestExecutionListener@4a0c4870, org.springframework.boot.test.mock.mockito.MockitoTestExecutionListener@64dddab6, org.springframework.boot.test.autoconfigure.SpringBootDependencyInjectionTestExecutionListener@261c096d, org.springframework.test.context.support.DirtiesContextTestExecutionListener@720c4451, org.springframework.test.context.transaction.TransactionalTestExecutionListener@5a6bdda8, org.springframework.test.context.jdbc.SqlScriptsTestExecutionListener@5069a439, org.springframework.test.context.event.EventPublishingTestExecutionListener@16788838, org.springframework.boot.test.autoconfigure.restdocs.RestDocsTestExecutionListener@6c6786a, org.springframework.boot.test.autoconfigure.web.client.MockRestServiceServerResetTestExecutionListener@2c46387, org.springframework.boot.test.autoconfigure.web.servlet.MockMvcPrintOnlyOnFailureTestExecutionListener@1f11578a, org.springframework.boot.test.autoconfigure.web.servlet.WebDriverTestExecutionListener@4d7a2518, org.springframework.boot.test.mock.mockito.ResetMocksTestExecutionListener@784a01f5]
Before any test execution
Before any test execution
Before any test execution
Before any test execution
Hibernate: 
    select
        task0_.id as id1_1_,
        task0_.creation_date as creation2_1_,
        task0_.description as descript3_1_,
        task0_.estimated_duration as estimate4_1_,
        task0_.finish_date as finish_d5_1_,
        task0_.name as name6_1_,
        task0_.priority as priority7_1_,
        task0_.project_id as project_8_1_,
        task0_.project_leader_id as project_9_1_,
        task0_.start_date as start_d10_1_,
        task0_.status as status11_1_ 
    from
        task task0_ 
    where
        task0_.name=?
Hibernate: 
    call next value for hibernate_sequence
Hibernate: 
    insert 
    into
        task
        (creation_date, description, estimated_duration, finish_date, name, priority, project_id, project_leader_id, start_date, status, id) 
    values
        (?, ?, ?, ?, ?, ?, ?, ?, ?, ?, ?)
After all test execution
Hibernate: 
    select
        task0_.id as id1_1_,
        task0_.creation_date as creation2_1_,
        task0_.description as descript3_1_,
        task0_.estimated_duration as estimate4_1_,
        task0_.finish_date as finish_d5_1_,
        task0_.name as name6_1_,
        task0_.priority as priority7_1_,
        task0_.project_id as project_8_1_,
        task0_.project_leader_id as project_9_1_,
        task0_.start_date as start_d10_1_,
        task0_.status as status11_1_ 
    from
        task task0_
Hibernate: 
    delete 
    from
        task 
    where
        id=?
Hibernate: 
    select
        task0_.id as id1_1_,
        task0_.creation_date as creation2_1_,
        task0_.description as descript3_1_,
        task0_.estimated_duration as estimate4_1_,
        task0_.finish_date as finish_d5_1_,
        task0_.name as name6_1_,
        task0_.priority as priority7_1_,
        task0_.project_id as project_8_1_,
        task0_.project_leader_id as project_9_1_,
        task0_.start_date as start_d10_1_,
        task0_.status as status11_1_ 
    from
        task task0_
After all test execution
Hibernate: 
    select
        project0_.id as id1_0_,
        project0_.creation_date as creation2_0_,
        project0_.description as descript3_0_,
        project0_.finish_date as finish_d4_0_,
        project0_.name as name5_0_,
        project0_.project_leader_id as project_6_0_,
        project0_.start_date as start_da7_0_,
        project0_.status as status8_0_ 
    from
        project project0_
After all test execution
Resetting system
Hibernate: 
    select
        task0_.id as id1_1_,
        task0_.creation_date as creation2_1_,
        task0_.description as descript3_1_,
        task0_.estimated_duration as estimate4_1_,
        task0_.finish_date as finish_d5_1_,
        task0_.name as name6_1_,
        task0_.priority as priority7_1_,
        task0_.project_id as project_8_1_,
        task0_.project_leader_id as project_9_1_,
        task0_.start_date as start_d10_1_,
        task0_.status as status11_1_ 
    from
        task task0_
Resetting system
Hibernate: 
    select
        project0_.id as id1_0_,
        project0_.creation_date as creation2_0_,
        project0_.description as descript3_0_,
        project0_.finish_date as finish_d4_0_,
        project0_.name as name5_0_,
        project0_.project_leader_id as project_6_0_,
        project0_.start_date as start_da7_0_,
        project0_.status as status8_0_ 
    from
        project project0_
Resetting system
Hibernate: 
    select
        project0_.id as id1_0_,
        project0_.creation_date as creation2_0_,
        project0_.description as descript3_0_,
        project0_.finish_date as finish_d4_0_,
        project0_.name as name5_0_,
        project0_.project_leader_id as project_6_0_,
        project0_.start_date as start_da7_0_,
        project0_.status as status8_0_ 
    from
        project project0_
Hibernate: 
    select
        project0_.id as id1_0_,
        project0_.creation_date as creation2_0_,
        project0_.description as descript3_0_,
        project0_.finish_date as finish_d4_0_,
        project0_.name as name5_0_,
        project0_.project_leader_id as project_6_0_,
        project0_.start_date as start_da7_0_,
        project0_.status as status8_0_ 
    from
        project project0_
After all test execution
Hibernate: 
    select
        task0_.id as id1_1_,
        task0_.creation_date as creation2_1_,
        task0_.description as descript3_1_,
        task0_.estimated_duration as estimate4_1_,
        task0_.finish_date as finish_d5_1_,
        task0_.name as name6_1_,
        task0_.priority as priority7_1_,
        task0_.project_id as project_8_1_,
        task0_.project_leader_id as project_9_1_,
        task0_.start_date as start_d10_1_,
        task0_.status as status11_1_ 
    from
        task task0_
After all test execution
2023-12-03 15:55:32.427  INFO 12840 --- [    Test worker] o.s.t.c.support.AbstractContextLoader    : Could not detect default resource locations for test class [com.aninfo.integration.cucumber.TaskIntegrationServiceTest]: no resource found for suffixes {-context.xml, Context.groovy}.
2023-12-03 15:55:32.429  INFO 12840 --- [    Test worker] .b.t.c.SpringBootTestContextBootstrapper : Loaded default TestExecutionListener class names from location [META-INF/spring.factories]: [org.springframework.boot.test.autoconfigure.restdocs.RestDocsTestExecutionListener, org.springframework.boot.test.autoconfigure.web.client.MockRestServiceServerResetTestExecutionListener, org.springframework.boot.test.autoconfigure.web.servlet.MockMvcPrintOnlyOnFailureTestExecutionListener, org.springframework.boot.test.autoconfigure.web.servlet.WebDriverTestExecutionListener, org.springframework.boot.test.mock.mockito.MockitoTestExecutionListener, org.springframework.boot.test.mock.mockito.ResetMocksTestExecutionListener, org.springframework.test.context.web.ServletTestExecutionListener, org.springframework.test.context.support.DirtiesContextBeforeModesTestExecutionListener, org.springframework.test.context.support.DependencyInjectionTestExecutionListener, org.springframework.test.context.support.DirtiesContextTestExecutionListener, org.springframework.test.context.transaction.TransactionalTestExecutionListener, org.springframework.test.context.jdbc.SqlScriptsTestExecutionListener, org.springframework.test.context.event.EventPublishingTestExecutionListener]
2023-12-03 15:55:32.429  INFO 12840 --- [    Test worker] .b.t.c.SpringBootTestContextBootstrapper : Using TestExecutionListeners: [org.springframework.test.context.web.ServletTestExecutionListener@1412fd9c, org.springframework.test.context.support.DirtiesContextBeforeModesTestExecutionListener@58aed049, org.springframework.boot.test.mock.mockito.MockitoTestExecutionListener@17faa2ff, org.springframework.boot.test.autoconfigure.SpringBootDependencyInjectionTestExecutionListener@56821c2a, org.springframework.test.context.support.DirtiesContextTestExecutionListener@55fff57b, org.springframework.test.context.transaction.TransactionalTestExecutionListener@7bfd5b15, org.springframework.test.context.jdbc.SqlScriptsTestExecutionListener@3952f3cf, org.springframework.test.context.event.EventPublishingTestExecutionListener@7f77cb83, org.springframework.boot.test.autoconfigure.restdocs.RestDocsTestExecutionListener@5509ad3b, org.springframework.boot.test.autoconfigure.web.client.MockRestServiceServerResetTestExecutionListener@443d617c, org.springframework.boot.test.autoconfigure.web.servlet.MockMvcPrintOnlyOnFailureTestExecutionListener@6adf3ebf, org.springframework.boot.test.autoconfigure.web.servlet.WebDriverTestExecutionListener@2bb5dbb4, org.springframework.boot.test.mock.mockito.ResetMocksTestExecutionListener@334ddb8c]
Before any test execution
Before any test execution
Before any test execution
Before any test execution
Hibernate: 
    select
        task0_.id as id1_1_,
        task0_.creation_date as creation2_1_,
        task0_.description as descript3_1_,
        task0_.estimated_duration as estimate4_1_,
        task0_.finish_date as finish_d5_1_,
        task0_.name as name6_1_,
        task0_.priority as priority7_1_,
        task0_.project_id as project_8_1_,
        task0_.project_leader_id as project_9_1_,
        task0_.start_date as start_d10_1_,
        task0_.status as status11_1_ 
    from
        task task0_ 
    where
        task0_.name=?
Hibernate: 
    call next value for hibernate_sequence
Hibernate: 
    insert 
    into
        task
        (creation_date, description, estimated_duration, finish_date, name, priority, project_id, project_leader_id, start_date, status, id) 
    values
        (?, ?, ?, ?, ?, ?, ?, ?, ?, ?, ?)
Hibernate: 
    select
        task0_.id as id1_1_,
        task0_.creation_date as creation2_1_,
        task0_.description as descript3_1_,
        task0_.estimated_duration as estimate4_1_,
        task0_.finish_date as finish_d5_1_,
        task0_.name as name6_1_,
        task0_.priority as priority7_1_,
        task0_.project_id as project_8_1_,
        task0_.project_leader_id as project_9_1_,
        task0_.start_date as start_d10_1_,
        task0_.status as status11_1_ 
    from
        task task0_ 
    where
        task0_.name=?
After all test execution
Hibernate: 
    select
        task0_.id as id1_1_,
        task0_.creation_date as creation2_1_,
        task0_.description as descript3_1_,
        task0_.estimated_duration as estimate4_1_,
        task0_.finish_date as finish_d5_1_,
        task0_.name as name6_1_,
        task0_.priority as priority7_1_,
        task0_.project_id as project_8_1_,
        task0_.project_leader_id as project_9_1_,
        task0_.start_date as start_d10_1_,
        task0_.status as status11_1_ 
    from
        task task0_
Hibernate: 
    delete 
    from
        task 
    where
        id=?
Hibernate: 
    select
        task0_.id as id1_1_,
        task0_.creation_date as creation2_1_,
        task0_.description as descript3_1_,
        task0_.estimated_duration as estimate4_1_,
        task0_.finish_date as finish_d5_1_,
        task0_.name as name6_1_,
        task0_.priority as priority7_1_,
        task0_.project_id as project_8_1_,
        task0_.project_leader_id as project_9_1_,
        task0_.start_date as start_d10_1_,
        task0_.status as status11_1_ 
    from
        task task0_
After all test execution
Hibernate: 
    select
        project0_.id as id1_0_,
        project0_.creation_date as creation2_0_,
        project0_.description as descript3_0_,
        project0_.finish_date as finish_d4_0_,
        project0_.name as name5_0_,
        project0_.project_leader_id as project_6_0_,
        project0_.start_date as start_da7_0_,
        project0_.status as status8_0_ 
    from
        project project0_
After all test execution
Resetting system
Hibernate: 
    select
        task0_.id as id1_1_,
        task0_.creation_date as creation2_1_,
        task0_.description as descript3_1_,
        task0_.estimated_duration as estimate4_1_,
        task0_.finish_date as finish_d5_1_,
        task0_.name as name6_1_,
        task0_.priority as priority7_1_,
        task0_.project_id as project_8_1_,
        task0_.project_leader_id as project_9_1_,
        task0_.start_date as start_d10_1_,
        task0_.status as status11_1_ 
    from
        task task0_
Resetting system
Hibernate: 
    select
        project0_.id as id1_0_,
        project0_.creation_date as creation2_0_,
        project0_.description as descript3_0_,
        project0_.finish_date as finish_d4_0_,
        project0_.name as name5_0_,
        project0_.project_leader_id as project_6_0_,
        project0_.start_date as start_da7_0_,
        project0_.status as status8_0_ 
    from
        project project0_
Resetting system
Hibernate: 
    select
        project0_.id as id1_0_,
        project0_.creation_date as creation2_0_,
        project0_.description as descript3_0_,
        project0_.finish_date as finish_d4_0_,
        project0_.name as name5_0_,
        project0_.project_leader_id as project_6_0_,
        project0_.start_date as start_da7_0_,
        project0_.status as status8_0_ 
    from
        project project0_
Hibernate: 
    select
        project0_.id as id1_0_,
        project0_.creation_date as creation2_0_,
        project0_.description as descript3_0_,
        project0_.finish_date as finish_d4_0_,
        project0_.name as name5_0_,
        project0_.project_leader_id as project_6_0_,
        project0_.start_date as start_da7_0_,
        project0_.status as status8_0_ 
    from
        project project0_
After all test execution
Hibernate: 
    select
        task0_.id as id1_1_,
        task0_.creation_date as creation2_1_,
        task0_.description as descript3_1_,
        task0_.estimated_duration as estimate4_1_,
        task0_.finish_date as finish_d5_1_,
        task0_.name as name6_1_,
        task0_.priority as priority7_1_,
        task0_.project_id as project_8_1_,
        task0_.project_leader_id as project_9_1_,
        task0_.start_date as start_d10_1_,
        task0_.status as status11_1_ 
    from
        task task0_
After all test execution
2023-12-03 15:55:32.461  INFO 12840 --- [    Test worker] o.s.t.c.support.AbstractContextLoader    : Could not detect default resource locations for test class [com.aninfo.integration.cucumber.TaskIntegrationServiceTest]: no resource found for suffixes {-context.xml, Context.groovy}.
2023-12-03 15:55:32.463  INFO 12840 --- [    Test worker] .b.t.c.SpringBootTestContextBootstrapper : Loaded default TestExecutionListener class names from location [META-INF/spring.factories]: [org.springframework.boot.test.autoconfigure.restdocs.RestDocsTestExecutionListener, org.springframework.boot.test.autoconfigure.web.client.MockRestServiceServerResetTestExecutionListener, org.springframework.boot.test.autoconfigure.web.servlet.MockMvcPrintOnlyOnFailureTestExecutionListener, org.springframework.boot.test.autoconfigure.web.servlet.WebDriverTestExecutionListener, org.springframework.boot.test.mock.mockito.MockitoTestExecutionListener, org.springframework.boot.test.mock.mockito.ResetMocksTestExecutionListener, org.springframework.test.context.web.ServletTestExecutionListener, org.springframework.test.context.support.DirtiesContextBeforeModesTestExecutionListener, org.springframework.test.context.support.DependencyInjectionTestExecutionListener, org.springframework.test.context.support.DirtiesContextTestExecutionListener, org.springframework.test.context.transaction.TransactionalTestExecutionListener, org.springframework.test.context.jdbc.SqlScriptsTestExecutionListener, org.springframework.test.context.event.EventPublishingTestExecutionListener]
2023-12-03 15:55:32.463  INFO 12840 --- [    Test worker] .b.t.c.SpringBootTestContextBootstrapper : Using TestExecutionListeners: [org.springframework.test.context.web.ServletTestExecutionListener@5d981200, org.springframework.test.context.support.DirtiesContextBeforeModesTestExecutionListener@60b88a45, org.springframework.boot.test.mock.mockito.MockitoTestExecutionListener@459b5b51, org.springframework.boot.test.autoconfigure.SpringBootDependencyInjectionTestExecutionListener@40289c30, org.springframework.test.context.support.DirtiesContextTestExecutionListener@5d3d9e27, org.springframework.test.context.transaction.TransactionalTestExecutionListener@79f3cd67, org.springframework.test.context.jdbc.SqlScriptsTestExecutionListener@66ad40db, org.springframework.test.context.event.EventPublishingTestExecutionListener@62e08922, org.springframework.boot.test.autoconfigure.restdocs.RestDocsTestExecutionListener@531defff, org.springframework.boot.test.autoconfigure.web.client.MockRestServiceServerResetTestExecutionListener@34e2880e, org.springframework.boot.test.autoconfigure.web.servlet.MockMvcPrintOnlyOnFailureTestExecutionListener@38c5bdd1, org.springframework.boot.test.autoconfigure.web.servlet.WebDriverTestExecutionListener@5e0a9a72, org.springframework.boot.test.mock.mockito.ResetMocksTestExecutionListener@62d4f45b]
Before any test execution
Before any test execution
Before any test execution
Before any test execution
Hibernate: 
    select
        task0_.id as id1_1_,
        task0_.creation_date as creation2_1_,
        task0_.description as descript3_1_,
        task0_.estimated_duration as estimate4_1_,
        task0_.finish_date as finish_d5_1_,
        task0_.name as name6_1_,
        task0_.priority as priority7_1_,
        task0_.project_id as project_8_1_,
        task0_.project_leader_id as project_9_1_,
        task0_.start_date as start_d10_1_,
        task0_.status as status11_1_ 
    from
        task task0_ 
    where
        task0_.name=?
Hibernate: 
    call next value for hibernate_sequence
Hibernate: 
    insert 
    into
        task
        (creation_date, description, estimated_duration, finish_date, name, priority, project_id, project_leader_id, start_date, status, id) 
    values
        (?, ?, ?, ?, ?, ?, ?, ?, ?, ?, ?)
Hibernate: 
    select
        task0_.id as id1_1_,
        task0_.creation_date as creation2_1_,
        task0_.description as descript3_1_,
        task0_.estimated_duration as estimate4_1_,
        task0_.finish_date as finish_d5_1_,
        task0_.name as name6_1_,
        task0_.priority as priority7_1_,
        task0_.project_id as project_8_1_,
        task0_.project_leader_id as project_9_1_,
        task0_.start_date as start_d10_1_,
        task0_.status as status11_1_ 
    from
        task task0_ 
    where
        task0_.name=?
Hibernate: 
    call next value for hibernate_sequence
Hibernate: 
    insert 
    into
        task
        (creation_date, description, estimated_duration, finish_date, name, priority, project_id, project_leader_id, start_date, status, id) 
    values
        (?, ?, ?, ?, ?, ?, ?, ?, ?, ?, ?)
After all test execution
Hibernate: 
    select
        task0_.id as id1_1_,
        task0_.creation_date as creation2_1_,
        task0_.description as descript3_1_,
        task0_.estimated_duration as estimate4_1_,
        task0_.finish_date as finish_d5_1_,
        task0_.name as name6_1_,
        task0_.priority as priority7_1_,
        task0_.project_id as project_8_1_,
        task0_.project_leader_id as project_9_1_,
        task0_.start_date as start_d10_1_,
        task0_.status as status11_1_ 
    from
        task task0_
Hibernate: 
    delete 
    from
        task 
    where
        id=?
Hibernate: 
    delete 
    from
        task 
    where
        id=?
Hibernate: 
    select
        task0_.id as id1_1_,
        task0_.creation_date as creation2_1_,
        task0_.description as descript3_1_,
        task0_.estimated_duration as estimate4_1_,
        task0_.finish_date as finish_d5_1_,
        task0_.name as name6_1_,
        task0_.priority as priority7_1_,
        task0_.project_id as project_8_1_,
        task0_.project_leader_id as project_9_1_,
        task0_.start_date as start_d10_1_,
        task0_.status as status11_1_ 
    from
        task task0_
After all test execution
Hibernate: 
    select
        project0_.id as id1_0_,
        project0_.creation_date as creation2_0_,
        project0_.description as descript3_0_,
        project0_.finish_date as finish_d4_0_,
        project0_.name as name5_0_,
        project0_.project_leader_id as project_6_0_,
        project0_.start_date as start_da7_0_,
        project0_.status as status8_0_ 
    from
        project project0_
After all test execution
Resetting system
Hibernate: 
    select
        task0_.id as id1_1_,
        task0_.creation_date as creation2_1_,
        task0_.description as descript3_1_,
        task0_.estimated_duration as estimate4_1_,
        task0_.finish_date as finish_d5_1_,
        task0_.name as name6_1_,
        task0_.priority as priority7_1_,
        task0_.project_id as project_8_1_,
        task0_.project_leader_id as project_9_1_,
        task0_.start_date as start_d10_1_,
        task0_.status as status11_1_ 
    from
        task task0_
Resetting system
Hibernate: 
    select
        project0_.id as id1_0_,
        project0_.creation_date as creation2_0_,
        project0_.description as descript3_0_,
        project0_.finish_date as finish_d4_0_,
        project0_.name as name5_0_,
        project0_.project_leader_id as project_6_0_,
        project0_.start_date as start_da7_0_,
        project0_.status as status8_0_ 
    from
        project project0_
Resetting system
Hibernate: 
    select
        project0_.id as id1_0_,
        project0_.creation_date as creation2_0_,
        project0_.description as descript3_0_,
        project0_.finish_date as finish_d4_0_,
        project0_.name as name5_0_,
        project0_.project_leader_id as project_6_0_,
        project0_.start_date as start_da7_0_,
        project0_.status as status8_0_ 
    from
        project project0_
Hibernate: 
    select
        project0_.id as id1_0_,
        project0_.creation_date as creation2_0_,
        project0_.description as descript3_0_,
        project0_.finish_date as finish_d4_0_,
        project0_.name as name5_0_,
        project0_.project_leader_id as project_6_0_,
        project0_.start_date as start_da7_0_,
        project0_.status as status8_0_ 
    from
        project project0_
After all test execution
Hibernate: 
    select
        task0_.id as id1_1_,
        task0_.creation_date as creation2_1_,
        task0_.description as descript3_1_,
        task0_.estimated_duration as estimate4_1_,
        task0_.finish_date as finish_d5_1_,
        task0_.name as name6_1_,
        task0_.priority as priority7_1_,
        task0_.project_id as project_8_1_,
        task0_.project_leader_id as project_9_1_,
        task0_.start_date as start_d10_1_,
        task0_.status as status11_1_ 
    from
        task task0_
After all test execution
2023-12-03 15:55:32.508  INFO 12840 --- [    Test worker] o.s.t.c.support.AbstractContextLoader    : Could not detect default resource locations for test class [com.aninfo.integration.cucumber.TaskIntegrationServiceTest]: no resource found for suffixes {-context.xml, Context.groovy}.
2023-12-03 15:55:32.511  INFO 12840 --- [    Test worker] .b.t.c.SpringBootTestContextBootstrapper : Loaded default TestExecutionListener class names from location [META-INF/spring.factories]: [org.springframework.boot.test.autoconfigure.restdocs.RestDocsTestExecutionListener, org.springframework.boot.test.autoconfigure.web.client.MockRestServiceServerResetTestExecutionListener, org.springframework.boot.test.autoconfigure.web.servlet.MockMvcPrintOnlyOnFailureTestExecutionListener, org.springframework.boot.test.autoconfigure.web.servlet.WebDriverTestExecutionListener, org.springframework.boot.test.mock.mockito.MockitoTestExecutionListener, org.springframework.boot.test.mock.mockito.ResetMocksTestExecutionListener, org.springframework.test.context.web.ServletTestExecutionListener, org.springframework.test.context.support.DirtiesContextBeforeModesTestExecutionListener, org.springframework.test.context.support.DependencyInjectionTestExecutionListener, org.springframework.test.context.support.DirtiesContextTestExecutionListener, org.springframework.test.context.transaction.TransactionalTestExecutionListener, org.springframework.test.context.jdbc.SqlScriptsTestExecutionListener, org.springframework.test.context.event.EventPublishingTestExecutionListener]
2023-12-03 15:55:32.511  INFO 12840 --- [    Test worker] .b.t.c.SpringBootTestContextBootstrapper : Using TestExecutionListeners: [org.springframework.test.context.web.ServletTestExecutionListener@bb5d2ec, org.springframework.test.context.support.DirtiesContextBeforeModesTestExecutionListener@482d7bb2, org.springframework.boot.test.mock.mockito.MockitoTestExecutionListener@2884a71, org.springframework.boot.test.autoconfigure.SpringBootDependencyInjectionTestExecutionListener@7a6b7519, org.springframework.test.context.support.DirtiesContextTestExecutionListener@5fecea0a, org.springframework.test.context.transaction.TransactionalTestExecutionListener@7c3feaae, org.springframework.test.context.jdbc.SqlScriptsTestExecutionListener@3ca4ec9a, org.springframework.test.context.event.EventPublishingTestExecutionListener@1d4685aa, org.springframework.boot.test.autoconfigure.restdocs.RestDocsTestExecutionListener@254290b2, org.springframework.boot.test.autoconfigure.web.client.MockRestServiceServerResetTestExecutionListener@262b642e, org.springframework.boot.test.autoconfigure.web.servlet.MockMvcPrintOnlyOnFailureTestExecutionListener@3d709c4d, org.springframework.boot.test.autoconfigure.web.servlet.WebDriverTestExecutionListener@14b2359c, org.springframework.boot.test.mock.mockito.ResetMocksTestExecutionListener@2544f0b8]
Before any test execution
Before any test execution
Before any test execution
Before any test execution
Hibernate: 
    select
        task0_.id as id1_1_,
        task0_.creation_date as creation2_1_,
        task0_.description as descript3_1_,
        task0_.estimated_duration as estimate4_1_,
        task0_.finish_date as finish_d5_1_,
        task0_.name as name6_1_,
        task0_.priority as priority7_1_,
        task0_.project_id as project_8_1_,
        task0_.project_leader_id as project_9_1_,
        task0_.start_date as start_d10_1_,
        task0_.status as status11_1_ 
    from
        task task0_ 
    where
        task0_.name=?
Hibernate: 
    call next value for hibernate_sequence
Hibernate: 
    insert 
    into
        task
        (creation_date, description, estimated_duration, finish_date, name, priority, project_id, project_leader_id, start_date, status, id) 
    values
        (?, ?, ?, ?, ?, ?, ?, ?, ?, ?, ?)
Hibernate: 
    select
        task0_.id as id1_1_,
        task0_.creation_date as creation2_1_,
        task0_.description as descript3_1_,
        task0_.estimated_duration as estimate4_1_,
        task0_.finish_date as finish_d5_1_,
        task0_.name as name6_1_,
        task0_.priority as priority7_1_,
        task0_.project_id as project_8_1_,
        task0_.project_leader_id as project_9_1_,
        task0_.start_date as start_d10_1_,
        task0_.status as status11_1_ 
    from
        task task0_ 
    where
        task0_.name=?
Hibernate: 
    select
        task0_.id as id1_1_0_,
        task0_.creation_date as creation2_1_0_,
        task0_.description as descript3_1_0_,
        task0_.estimated_duration as estimate4_1_0_,
        task0_.finish_date as finish_d5_1_0_,
        task0_.name as name6_1_0_,
        task0_.priority as priority7_1_0_,
        task0_.project_id as project_8_1_0_,
        task0_.project_leader_id as project_9_1_0_,
        task0_.start_date as start_d10_1_0_,
        task0_.status as status11_1_0_ 
    from
        task task0_ 
    where
        task0_.id=?
Hibernate: 
    delete 
    from
        task 
    where
        id=?
Hibernate: 
    select
        task0_.id as id1_1_,
        task0_.creation_date as creation2_1_,
        task0_.description as descript3_1_,
        task0_.estimated_duration as estimate4_1_,
        task0_.finish_date as finish_d5_1_,
        task0_.name as name6_1_,
        task0_.priority as priority7_1_,
        task0_.project_id as project_8_1_,
        task0_.project_leader_id as project_9_1_,
        task0_.start_date as start_d10_1_,
        task0_.status as status11_1_ 
    from
        task task0_ 
    where
        task0_.name=?
After all test execution
Hibernate: 
    select
        task0_.id as id1_1_,
        task0_.creation_date as creation2_1_,
        task0_.description as descript3_1_,
        task0_.estimated_duration as estimate4_1_,
        task0_.finish_date as finish_d5_1_,
        task0_.name as name6_1_,
        task0_.priority as priority7_1_,
        task0_.project_id as project_8_1_,
        task0_.project_leader_id as project_9_1_,
        task0_.start_date as start_d10_1_,
        task0_.status as status11_1_ 
    from
        task task0_
Hibernate: 
    select
        task0_.id as id1_1_,
        task0_.creation_date as creation2_1_,
        task0_.description as descript3_1_,
        task0_.estimated_duration as estimate4_1_,
        task0_.finish_date as finish_d5_1_,
        task0_.name as name6_1_,
        task0_.priority as priority7_1_,
        task0_.project_id as project_8_1_,
        task0_.project_leader_id as project_9_1_,
        task0_.start_date as start_d10_1_,
        task0_.status as status11_1_ 
    from
        task task0_
After all test execution
Hibernate: 
    select
        project0_.id as id1_0_,
        project0_.creation_date as creation2_0_,
        project0_.description as descript3_0_,
        project0_.finish_date as finish_d4_0_,
        project0_.name as name5_0_,
        project0_.project_leader_id as project_6_0_,
        project0_.start_date as start_da7_0_,
        project0_.status as status8_0_ 
    from
        project project0_
After all test execution
Resetting system
Hibernate: 
    select
        task0_.id as id1_1_,
        task0_.creation_date as creation2_1_,
        task0_.description as descript3_1_,
        task0_.estimated_duration as estimate4_1_,
        task0_.finish_date as finish_d5_1_,
        task0_.name as name6_1_,
        task0_.priority as priority7_1_,
        task0_.project_id as project_8_1_,
        task0_.project_leader_id as project_9_1_,
        task0_.start_date as start_d10_1_,
        task0_.status as status11_1_ 
    from
        task task0_
Resetting system
Hibernate: 
    select
        project0_.id as id1_0_,
        project0_.creation_date as creation2_0_,
        project0_.description as descript3_0_,
        project0_.finish_date as finish_d4_0_,
        project0_.name as name5_0_,
        project0_.project_leader_id as project_6_0_,
        project0_.start_date as start_da7_0_,
        project0_.status as status8_0_ 
    from
        project project0_
Resetting system
Hibernate: 
    select
        project0_.id as id1_0_,
        project0_.creation_date as creation2_0_,
        project0_.description as descript3_0_,
        project0_.finish_date as finish_d4_0_,
        project0_.name as name5_0_,
        project0_.project_leader_id as project_6_0_,
        project0_.start_date as start_da7_0_,
        project0_.status as status8_0_ 
    from
        project project0_
Hibernate: 
    select
        project0_.id as id1_0_,
        project0_.creation_date as creation2_0_,
        project0_.description as descript3_0_,
        project0_.finish_date as finish_d4_0_,
        project0_.name as name5_0_,
        project0_.project_leader_id as project_6_0_,
        project0_.start_date as start_da7_0_,
        project0_.status as status8_0_ 
    from
        project project0_
After all test execution
Hibernate: 
    select
        task0_.id as id1_1_,
        task0_.creation_date as creation2_1_,
        task0_.description as descript3_1_,
        task0_.estimated_duration as estimate4_1_,
        task0_.finish_date as finish_d5_1_,
        task0_.name as name6_1_,
        task0_.priority as priority7_1_,
        task0_.project_id as project_8_1_,
        task0_.project_leader_id as project_9_1_,
        task0_.start_date as start_d10_1_,
        task0_.status as status11_1_ 
    from
        task task0_
After all test execution
2023-12-03 15:55:32.557  INFO 12840 --- [    Test worker] o.s.t.c.support.AbstractContextLoader    : Could not detect default resource locations for test class [com.aninfo.integration.cucumber.TaskIntegrationServiceTest]: no resource found for suffixes {-context.xml, Context.groovy}.
2023-12-03 15:55:32.560  INFO 12840 --- [    Test worker] .b.t.c.SpringBootTestContextBootstrapper : Loaded default TestExecutionListener class names from location [META-INF/spring.factories]: [org.springframework.boot.test.autoconfigure.restdocs.RestDocsTestExecutionListener, org.springframework.boot.test.autoconfigure.web.client.MockRestServiceServerResetTestExecutionListener, org.springframework.boot.test.autoconfigure.web.servlet.MockMvcPrintOnlyOnFailureTestExecutionListener, org.springframework.boot.test.autoconfigure.web.servlet.WebDriverTestExecutionListener, org.springframework.boot.test.mock.mockito.MockitoTestExecutionListener, org.springframework.boot.test.mock.mockito.ResetMocksTestExecutionListener, org.springframework.test.context.web.ServletTestExecutionListener, org.springframework.test.context.support.DirtiesContextBeforeModesTestExecutionListener, org.springframework.test.context.support.DependencyInjectionTestExecutionListener, org.springframework.test.context.support.DirtiesContextTestExecutionListener, org.springframework.test.context.transaction.TransactionalTestExecutionListener, org.springframework.test.context.jdbc.SqlScriptsTestExecutionListener, org.springframework.test.context.event.EventPublishingTestExecutionListener]
2023-12-03 15:55:32.560  INFO 12840 --- [    Test worker] .b.t.c.SpringBootTestContextBootstrapper : Using TestExecutionListeners: [org.springframework.test.context.web.ServletTestExecutionListener@23a340dc, org.springframework.test.context.support.DirtiesContextBeforeModesTestExecutionListener@5c852197, org.springframework.boot.test.mock.mockito.MockitoTestExecutionListener@1f998184, org.springframework.boot.test.autoconfigure.SpringBootDependencyInjectionTestExecutionListener@4f11ec23, org.springframework.test.context.support.DirtiesContextTestExecutionListener@760de0bd, org.springframework.test.context.transaction.TransactionalTestExecutionListener@3f1ee72, org.springframework.test.context.jdbc.SqlScriptsTestExecutionListener@5037ca29, org.springframework.test.context.event.EventPublishingTestExecutionListener@108754f8, org.springframework.boot.test.autoconfigure.restdocs.RestDocsTestExecutionListener@916565d, org.springframework.boot.test.autoconfigure.web.client.MockRestServiceServerResetTestExecutionListener@598bb73, org.springframework.boot.test.autoconfigure.web.servlet.MockMvcPrintOnlyOnFailureTestExecutionListener@6b904f6b, org.springframework.boot.test.autoconfigure.web.servlet.WebDriverTestExecutionListener@419ae675, org.springframework.boot.test.mock.mockito.ResetMocksTestExecutionListener@7a05e4a5]
Before any test execution
Before any test execution
Before any test execution
Before any test execution
Hibernate: 
    select
        task0_.id as id1_1_,
        task0_.creation_date as creation2_1_,
        task0_.description as descript3_1_,
        task0_.estimated_duration as estimate4_1_,
        task0_.finish_date as finish_d5_1_,
        task0_.name as name6_1_,
        task0_.priority as priority7_1_,
        task0_.project_id as project_8_1_,
        task0_.project_leader_id as project_9_1_,
        task0_.start_date as start_d10_1_,
        task0_.status as status11_1_ 
    from
        task task0_ 
    where
        task0_.name=?
Hibernate: 
    call next value for hibernate_sequence
Hibernate: 
    insert 
    into
        task
        (creation_date, description, estimated_duration, finish_date, name, priority, project_id, project_leader_id, start_date, status, id) 
    values
        (?, ?, ?, ?, ?, ?, ?, ?, ?, ?, ?)
Hibernate: 
    select
        task0_.id as id1_1_,
        task0_.creation_date as creation2_1_,
        task0_.description as descript3_1_,
        task0_.estimated_duration as estimate4_1_,
        task0_.finish_date as finish_d5_1_,
        task0_.name as name6_1_,
        task0_.priority as priority7_1_,
        task0_.project_id as project_8_1_,
        task0_.project_leader_id as project_9_1_,
        task0_.start_date as start_d10_1_,
        task0_.status as status11_1_ 
    from
        task task0_ 
    where
        task0_.name=?
Hibernate: 
    call next value for hibernate_sequence
Hibernate: 
    insert 
    into
        task
        (creation_date, description, estimated_duration, finish_date, name, priority, project_id, project_leader_id, start_date, status, id) 
    values
        (?, ?, ?, ?, ?, ?, ?, ?, ?, ?, ?)
Hibernate: 
    select
        task0_.id as id1_1_,
        task0_.creation_date as creation2_1_,
        task0_.description as descript3_1_,
        task0_.estimated_duration as estimate4_1_,
        task0_.finish_date as finish_d5_1_,
        task0_.name as name6_1_,
        task0_.priority as priority7_1_,
        task0_.project_id as project_8_1_,
        task0_.project_leader_id as project_9_1_,
        task0_.start_date as start_d10_1_,
        task0_.status as status11_1_ 
    from
        task task0_ 
    where
        task0_.name=?
Hibernate: 
    select
        task0_.id as id1_1_0_,
        task0_.creation_date as creation2_1_0_,
        task0_.description as descript3_1_0_,
        task0_.estimated_duration as estimate4_1_0_,
        task0_.finish_date as finish_d5_1_0_,
        task0_.name as name6_1_0_,
        task0_.priority as priority7_1_0_,
        task0_.project_id as project_8_1_0_,
        task0_.project_leader_id as project_9_1_0_,
        task0_.start_date as start_d10_1_0_,
        task0_.status as status11_1_0_ 
    from
        task task0_ 
    where
        task0_.id=?
Hibernate: 
    delete 
    from
        task 
    where
        id=?
Hibernate: 
    select
        task0_.id as id1_1_,
        task0_.creation_date as creation2_1_,
        task0_.description as descript3_1_,
        task0_.estimated_duration as estimate4_1_,
        task0_.finish_date as finish_d5_1_,
        task0_.name as name6_1_,
        task0_.priority as priority7_1_,
        task0_.project_id as project_8_1_,
        task0_.project_leader_id as project_9_1_,
        task0_.start_date as start_d10_1_,
        task0_.status as status11_1_ 
    from
        task task0_ 
    where
        task0_.name=?
Hibernate: 
    select
        task0_.id as id1_1_,
        task0_.creation_date as creation2_1_,
        task0_.description as descript3_1_,
        task0_.estimated_duration as estimate4_1_,
        task0_.finish_date as finish_d5_1_,
        task0_.name as name6_1_,
        task0_.priority as priority7_1_,
        task0_.project_id as project_8_1_,
        task0_.project_leader_id as project_9_1_,
        task0_.start_date as start_d10_1_,
        task0_.status as status11_1_ 
    from
        task task0_ 
    where
        task0_.name=?
After all test execution
Hibernate: 
    select
        task0_.id as id1_1_,
        task0_.creation_date as creation2_1_,
        task0_.description as descript3_1_,
        task0_.estimated_duration as estimate4_1_,
        task0_.finish_date as finish_d5_1_,
        task0_.name as name6_1_,
        task0_.priority as priority7_1_,
        task0_.project_id as project_8_1_,
        task0_.project_leader_id as project_9_1_,
        task0_.start_date as start_d10_1_,
        task0_.status as status11_1_ 
    from
        task task0_
Hibernate: 
    delete 
    from
        task 
    where
        id=?
Hibernate: 
    select
        task0_.id as id1_1_,
        task0_.creation_date as creation2_1_,
        task0_.description as descript3_1_,
        task0_.estimated_duration as estimate4_1_,
        task0_.finish_date as finish_d5_1_,
        task0_.name as name6_1_,
        task0_.priority as priority7_1_,
        task0_.project_id as project_8_1_,
        task0_.project_leader_id as project_9_1_,
        task0_.start_date as start_d10_1_,
        task0_.status as status11_1_ 
    from
        task task0_
After all test execution
Hibernate: 
    select
        project0_.id as id1_0_,
        project0_.creation_date as creation2_0_,
        project0_.description as descript3_0_,
        project0_.finish_date as finish_d4_0_,
        project0_.name as name5_0_,
        project0_.project_leader_id as project_6_0_,
        project0_.start_date as start_da7_0_,
        project0_.status as status8_0_ 
    from
        project project0_
After all test execution
Resetting system
Hibernate: 
    select
        task0_.id as id1_1_,
        task0_.creation_date as creation2_1_,
        task0_.description as descript3_1_,
        task0_.estimated_duration as estimate4_1_,
        task0_.finish_date as finish_d5_1_,
        task0_.name as name6_1_,
        task0_.priority as priority7_1_,
        task0_.project_id as project_8_1_,
        task0_.project_leader_id as project_9_1_,
        task0_.start_date as start_d10_1_,
        task0_.status as status11_1_ 
    from
        task task0_
Resetting system
Hibernate: 
    select
        project0_.id as id1_0_,
        project0_.creation_date as creation2_0_,
        project0_.description as descript3_0_,
        project0_.finish_date as finish_d4_0_,
        project0_.name as name5_0_,
        project0_.project_leader_id as project_6_0_,
        project0_.start_date as start_da7_0_,
        project0_.status as status8_0_ 
    from
        project project0_
Resetting system
Hibernate: 
    select
        project0_.id as id1_0_,
        project0_.creation_date as creation2_0_,
        project0_.description as descript3_0_,
        project0_.finish_date as finish_d4_0_,
        project0_.name as name5_0_,
        project0_.project_leader_id as project_6_0_,
        project0_.start_date as start_da7_0_,
        project0_.status as status8_0_ 
    from
        project project0_
Hibernate: 
    select
        project0_.id as id1_0_,
        project0_.creation_date as creation2_0_,
        project0_.description as descript3_0_,
        project0_.finish_date as finish_d4_0_,
        project0_.name as name5_0_,
        project0_.project_leader_id as project_6_0_,
        project0_.start_date as start_da7_0_,
        project0_.status as status8_0_ 
    from
        project project0_
After all test execution
Hibernate: 
    select
        task0_.id as id1_1_,
        task0_.creation_date as creation2_1_,
        task0_.description as descript3_1_,
        task0_.estimated_duration as estimate4_1_,
        task0_.finish_date as finish_d5_1_,
        task0_.name as name6_1_,
        task0_.priority as priority7_1_,
        task0_.project_id as project_8_1_,
        task0_.project_leader_id as project_9_1_,
        task0_.start_date as start_d10_1_,
        task0_.status as status11_1_ 
    from
        task task0_
After all test execution
2023-12-03 15:55:32.602  INFO 12840 --- [    Test worker] o.s.t.c.support.AbstractContextLoader    : Could not detect default resource locations for test class [com.aninfo.integration.cucumber.TaskIntegrationServiceTest]: no resource found for suffixes {-context.xml, Context.groovy}.
2023-12-03 15:55:32.603  INFO 12840 --- [    Test worker] .b.t.c.SpringBootTestContextBootstrapper : Loaded default TestExecutionListener class names from location [META-INF/spring.factories]: [org.springframework.boot.test.autoconfigure.restdocs.RestDocsTestExecutionListener, org.springframework.boot.test.autoconfigure.web.client.MockRestServiceServerResetTestExecutionListener, org.springframework.boot.test.autoconfigure.web.servlet.MockMvcPrintOnlyOnFailureTestExecutionListener, org.springframework.boot.test.autoconfigure.web.servlet.WebDriverTestExecutionListener, org.springframework.boot.test.mock.mockito.MockitoTestExecutionListener, org.springframework.boot.test.mock.mockito.ResetMocksTestExecutionListener, org.springframework.test.context.web.ServletTestExecutionListener, org.springframework.test.context.support.DirtiesContextBeforeModesTestExecutionListener, org.springframework.test.context.support.DependencyInjectionTestExecutionListener, org.springframework.test.context.support.DirtiesContextTestExecutionListener, org.springframework.test.context.transaction.TransactionalTestExecutionListener, org.springframework.test.context.jdbc.SqlScriptsTestExecutionListener, org.springframework.test.context.event.EventPublishingTestExecutionListener]
2023-12-03 15:55:32.604  INFO 12840 --- [    Test worker] .b.t.c.SpringBootTestContextBootstrapper : Using TestExecutionListeners: [org.springframework.test.context.web.ServletTestExecutionListener@74083056, org.springframework.test.context.support.DirtiesContextBeforeModesTestExecutionListener@350f37f0, org.springframework.boot.test.mock.mockito.MockitoTestExecutionListener@1081a3be, org.springframework.boot.test.autoconfigure.SpringBootDependencyInjectionTestExecutionListener@1991597c, org.springframework.test.context.support.DirtiesContextTestExecutionListener@2c2e4098, org.springframework.test.context.transaction.TransactionalTestExecutionListener@60d2525a, org.springframework.test.context.jdbc.SqlScriptsTestExecutionListener@7dd381ad, org.springframework.test.context.event.EventPublishingTestExecutionListener@6e9a6dd2, org.springframework.boot.test.autoconfigure.restdocs.RestDocsTestExecutionListener@306eca19, org.springframework.boot.test.autoconfigure.web.client.MockRestServiceServerResetTestExecutionListener@425c1ecc, org.springframework.boot.test.autoconfigure.web.servlet.MockMvcPrintOnlyOnFailureTestExecutionListener@236331c3, org.springframework.boot.test.autoconfigure.web.servlet.WebDriverTestExecutionListener@1e2a3c80, org.springframework.boot.test.mock.mockito.ResetMocksTestExecutionListener@58d2135e]
Before any test execution
Before any test execution
Before any test execution
Before any test execution
Hibernate: 
    select
        task0_.id as id1_1_,
        task0_.creation_date as creation2_1_,
        task0_.description as descript3_1_,
        task0_.estimated_duration as estimate4_1_,
        task0_.finish_date as finish_d5_1_,
        task0_.name as name6_1_,
        task0_.priority as priority7_1_,
        task0_.project_id as project_8_1_,
        task0_.project_leader_id as project_9_1_,
        task0_.start_date as start_d10_1_,
        task0_.status as status11_1_ 
    from
        task task0_ 
    where
        task0_.name=?
Hibernate: 
    call next value for hibernate_sequence
Hibernate: 
    insert 
    into
        task
        (creation_date, description, estimated_duration, finish_date, name, priority, project_id, project_leader_id, start_date, status, id) 
    values
        (?, ?, ?, ?, ?, ?, ?, ?, ?, ?, ?)
Hibernate: 
    select
        task0_.id as id1_1_,
        task0_.creation_date as creation2_1_,
        task0_.description as descript3_1_,
        task0_.estimated_duration as estimate4_1_,
        task0_.finish_date as finish_d5_1_,
        task0_.name as name6_1_,
        task0_.priority as priority7_1_,
        task0_.project_id as project_8_1_,
        task0_.project_leader_id as project_9_1_,
        task0_.start_date as start_d10_1_,
        task0_.status as status11_1_ 
    from
        task task0_ 
    where
        task0_.name=?
Hibernate: 
    call next value for hibernate_sequence
Hibernate: 
    insert 
    into
        task
        (creation_date, description, estimated_duration, finish_date, name, priority, project_id, project_leader_id, start_date, status, id) 
    values
        (?, ?, ?, ?, ?, ?, ?, ?, ?, ?, ?)
Hibernate: 
    select
        task0_.id as id1_1_,
        task0_.creation_date as creation2_1_,
        task0_.description as descript3_1_,
        task0_.estimated_duration as estimate4_1_,
        task0_.finish_date as finish_d5_1_,
        task0_.name as name6_1_,
        task0_.priority as priority7_1_,
        task0_.project_id as project_8_1_,
        task0_.project_leader_id as project_9_1_,
        task0_.start_date as start_d10_1_,
        task0_.status as status11_1_ 
    from
        task task0_ 
    where
        task0_.name=?
Hibernate: 
    select
        task0_.id as id1_1_0_,
        task0_.creation_date as creation2_1_0_,
        task0_.description as descript3_1_0_,
        task0_.estimated_duration as estimate4_1_0_,
        task0_.finish_date as finish_d5_1_0_,
        task0_.name as name6_1_0_,
        task0_.priority as priority7_1_0_,
        task0_.project_id as project_8_1_0_,
        task0_.project_leader_id as project_9_1_0_,
        task0_.start_date as start_d10_1_0_,
        task0_.status as status11_1_0_ 
    from
        task task0_ 
    where
        task0_.id=?
Hibernate: 
    select
        task0_.id as id1_1_,
        task0_.creation_date as creation2_1_,
        task0_.description as descript3_1_,
        task0_.estimated_duration as estimate4_1_,
        task0_.finish_date as finish_d5_1_,
        task0_.name as name6_1_,
        task0_.priority as priority7_1_,
        task0_.project_id as project_8_1_,
        task0_.project_leader_id as project_9_1_,
        task0_.start_date as start_d10_1_,
        task0_.status as status11_1_ 
    from
        task task0_ 
    where
        task0_.name=?
Hibernate: 
    select
        task0_.id as id1_1_0_,
        task0_.creation_date as creation2_1_0_,
        task0_.description as descript3_1_0_,
        task0_.estimated_duration as estimate4_1_0_,
        task0_.finish_date as finish_d5_1_0_,
        task0_.name as name6_1_0_,
        task0_.priority as priority7_1_0_,
        task0_.project_id as project_8_1_0_,
        task0_.project_leader_id as project_9_1_0_,
        task0_.start_date as start_d10_1_0_,
        task0_.status as status11_1_0_ 
    from
        task task0_ 
    where
        task0_.id=?
Hibernate: 
    update
        task 
    set
        creation_date=?,
        description=?,
        estimated_duration=?,
        finish_date=?,
        name=?,
        priority=?,
        project_id=?,
        project_leader_id=?,
        start_date=?,
        status=? 
    where
        id=?
Hibernate: 
    select
        task0_.id as id1_1_,
        task0_.creation_date as creation2_1_,
        task0_.description as descript3_1_,
        task0_.estimated_duration as estimate4_1_,
        task0_.finish_date as finish_d5_1_,
        task0_.name as name6_1_,
        task0_.priority as priority7_1_,
        task0_.project_id as project_8_1_,
        task0_.project_leader_id as project_9_1_,
        task0_.start_date as start_d10_1_,
        task0_.status as status11_1_ 
    from
        task task0_
Hibernate: 
    delete 
    from
        task 
    where
        id=?
Hibernate: 
    delete 
    from
        task 
    where
        id=?
After all test execution
Hibernate: 
    select
        task0_.id as id1_1_,
        task0_.creation_date as creation2_1_,
        task0_.description as descript3_1_,
        task0_.estimated_duration as estimate4_1_,
        task0_.finish_date as finish_d5_1_,
        task0_.name as name6_1_,
        task0_.priority as priority7_1_,
        task0_.project_id as project_8_1_,
        task0_.project_leader_id as project_9_1_,
        task0_.start_date as start_d10_1_,
        task0_.status as status11_1_ 
    from
        task task0_
Hibernate: 
    select
        task0_.id as id1_1_,
        task0_.creation_date as creation2_1_,
        task0_.description as descript3_1_,
        task0_.estimated_duration as estimate4_1_,
        task0_.finish_date as finish_d5_1_,
        task0_.name as name6_1_,
        task0_.priority as priority7_1_,
        task0_.project_id as project_8_1_,
        task0_.project_leader_id as project_9_1_,
        task0_.start_date as start_d10_1_,
        task0_.status as status11_1_ 
    from
        task task0_
After all test execution
Hibernate: 
    select
        project0_.id as id1_0_,
        project0_.creation_date as creation2_0_,
        project0_.description as descript3_0_,
        project0_.finish_date as finish_d4_0_,
        project0_.name as name5_0_,
        project0_.project_leader_id as project_6_0_,
        project0_.start_date as start_da7_0_,
        project0_.status as status8_0_ 
    from
        project project0_
After all test execution
Resetting system
Hibernate: 
    select
        task0_.id as id1_1_,
        task0_.creation_date as creation2_1_,
        task0_.description as descript3_1_,
        task0_.estimated_duration as estimate4_1_,
        task0_.finish_date as finish_d5_1_,
        task0_.name as name6_1_,
        task0_.priority as priority7_1_,
        task0_.project_id as project_8_1_,
        task0_.project_leader_id as project_9_1_,
        task0_.start_date as start_d10_1_,
        task0_.status as status11_1_ 
    from
        task task0_
Resetting system
Hibernate: 
    select
        project0_.id as id1_0_,
        project0_.creation_date as creation2_0_,
        project0_.description as descript3_0_,
        project0_.finish_date as finish_d4_0_,
        project0_.name as name5_0_,
        project0_.project_leader_id as project_6_0_,
        project0_.start_date as start_da7_0_,
        project0_.status as status8_0_ 
    from
        project project0_
Resetting system
Hibernate: 
    select
        project0_.id as id1_0_,
        project0_.creation_date as creation2_0_,
        project0_.description as descript3_0_,
        project0_.finish_date as finish_d4_0_,
        project0_.name as name5_0_,
        project0_.project_leader_id as project_6_0_,
        project0_.start_date as start_da7_0_,
        project0_.status as status8_0_ 
    from
        project project0_
Hibernate: 
    select
        project0_.id as id1_0_,
        project0_.creation_date as creation2_0_,
        project0_.description as descript3_0_,
        project0_.finish_date as finish_d4_0_,
        project0_.name as name5_0_,
        project0_.project_leader_id as project_6_0_,
        project0_.start_date as start_da7_0_,
        project0_.status as status8_0_ 
    from
        project project0_
After all test execution
Hibernate: 
    select
        task0_.id as id1_1_,
        task0_.creation_date as creation2_1_,
        task0_.description as descript3_1_,
        task0_.estimated_duration as estimate4_1_,
        task0_.finish_date as finish_d5_1_,
        task0_.name as name6_1_,
        task0_.priority as priority7_1_,
        task0_.project_id as project_8_1_,
        task0_.project_leader_id as project_9_1_,
        task0_.start_date as start_d10_1_,
        task0_.status as status11_1_ 
    from
        task task0_
After all test execution
2023-12-03 15:55:32.654  INFO 12840 --- [    Test worker] o.s.t.c.support.AbstractContextLoader    : Could not detect default resource locations for test class [com.aninfo.integration.cucumber.TaskIntegrationServiceTest]: no resource found for suffixes {-context.xml, Context.groovy}.
2023-12-03 15:55:32.658  INFO 12840 --- [    Test worker] .b.t.c.SpringBootTestContextBootstrapper : Loaded default TestExecutionListener class names from location [META-INF/spring.factories]: [org.springframework.boot.test.autoconfigure.restdocs.RestDocsTestExecutionListener, org.springframework.boot.test.autoconfigure.web.client.MockRestServiceServerResetTestExecutionListener, org.springframework.boot.test.autoconfigure.web.servlet.MockMvcPrintOnlyOnFailureTestExecutionListener, org.springframework.boot.test.autoconfigure.web.servlet.WebDriverTestExecutionListener, org.springframework.boot.test.mock.mockito.MockitoTestExecutionListener, org.springframework.boot.test.mock.mockito.ResetMocksTestExecutionListener, org.springframework.test.context.web.ServletTestExecutionListener, org.springframework.test.context.support.DirtiesContextBeforeModesTestExecutionListener, org.springframework.test.context.support.DependencyInjectionTestExecutionListener, org.springframework.test.context.support.DirtiesContextTestExecutionListener, org.springframework.test.context.transaction.TransactionalTestExecutionListener, org.springframework.test.context.jdbc.SqlScriptsTestExecutionListener, org.springframework.test.context.event.EventPublishingTestExecutionListener]
2023-12-03 15:55:32.659  INFO 12840 --- [    Test worker] .b.t.c.SpringBootTestContextBootstrapper : Using TestExecutionListeners: [org.springframework.test.context.web.ServletTestExecutionListener@8624d81, org.springframework.test.context.support.DirtiesContextBeforeModesTestExecutionListener@2f0846ba, org.springframework.boot.test.mock.mockito.MockitoTestExecutionListener@462b9d60, org.springframework.boot.test.autoconfigure.SpringBootDependencyInjectionTestExecutionListener@16e0f3b7, org.springframework.test.context.support.DirtiesContextTestExecutionListener@cf4baaf, org.springframework.test.context.transaction.TransactionalTestExecutionListener@61a4101d, org.springframework.test.context.jdbc.SqlScriptsTestExecutionListener@7b7e41d4, org.springframework.test.context.event.EventPublishingTestExecutionListener@6a127847, org.springframework.boot.test.autoconfigure.restdocs.RestDocsTestExecutionListener@439a9668, org.springframework.boot.test.autoconfigure.web.client.MockRestServiceServerResetTestExecutionListener@2ff52fe, org.springframework.boot.test.autoconfigure.web.servlet.MockMvcPrintOnlyOnFailureTestExecutionListener@b06d394, org.springframework.boot.test.autoconfigure.web.servlet.WebDriverTestExecutionListener@722f42f3, org.springframework.boot.test.mock.mockito.ResetMocksTestExecutionListener@6511a308]
Before any test execution
Before any test execution
Before any test execution
Before any test execution
Hibernate: 
    select
        task0_.id as id1_1_,
        task0_.creation_date as creation2_1_,
        task0_.description as descript3_1_,
        task0_.estimated_duration as estimate4_1_,
        task0_.finish_date as finish_d5_1_,
        task0_.name as name6_1_,
        task0_.priority as priority7_1_,
        task0_.project_id as project_8_1_,
        task0_.project_leader_id as project_9_1_,
        task0_.start_date as start_d10_1_,
        task0_.status as status11_1_ 
    from
        task task0_ 
    where
        task0_.name=?
Hibernate: 
    call next value for hibernate_sequence
Hibernate: 
    insert 
    into
        task
        (creation_date, description, estimated_duration, finish_date, name, priority, project_id, project_leader_id, start_date, status, id) 
    values
        (?, ?, ?, ?, ?, ?, ?, ?, ?, ?, ?)
Hibernate: 
    select
        task0_.id as id1_1_,
        task0_.creation_date as creation2_1_,
        task0_.description as descript3_1_,
        task0_.estimated_duration as estimate4_1_,
        task0_.finish_date as finish_d5_1_,
        task0_.name as name6_1_,
        task0_.priority as priority7_1_,
        task0_.project_id as project_8_1_,
        task0_.project_leader_id as project_9_1_,
        task0_.start_date as start_d10_1_,
        task0_.status as status11_1_ 
    from
        task task0_ 
    where
        task0_.name=?
Hibernate: 
    call next value for hibernate_sequence
Hibernate: 
    insert 
    into
        task
        (creation_date, description, estimated_duration, finish_date, name, priority, project_id, project_leader_id, start_date, status, id) 
    values
        (?, ?, ?, ?, ?, ?, ?, ?, ?, ?, ?)
Hibernate: 
    select
        task0_.id as id1_1_,
        task0_.creation_date as creation2_1_,
        task0_.description as descript3_1_,
        task0_.estimated_duration as estimate4_1_,
        task0_.finish_date as finish_d5_1_,
        task0_.name as name6_1_,
        task0_.priority as priority7_1_,
        task0_.project_id as project_8_1_,
        task0_.project_leader_id as project_9_1_,
        task0_.start_date as start_d10_1_,
        task0_.status as status11_1_ 
    from
        task task0_ 
    where
        task0_.name=?
Hibernate: 
    select
        task0_.id as id1_1_0_,
        task0_.creation_date as creation2_1_0_,
        task0_.description as descript3_1_0_,
        task0_.estimated_duration as estimate4_1_0_,
        task0_.finish_date as finish_d5_1_0_,
        task0_.name as name6_1_0_,
        task0_.priority as priority7_1_0_,
        task0_.project_id as project_8_1_0_,
        task0_.project_leader_id as project_9_1_0_,
        task0_.start_date as start_d10_1_0_,
        task0_.status as status11_1_0_ 
    from
        task task0_ 
    where
        task0_.id=?
Hibernate: 
    select
        task0_.id as id1_1_,
        task0_.creation_date as creation2_1_,
        task0_.description as descript3_1_,
        task0_.estimated_duration as estimate4_1_,
        task0_.finish_date as finish_d5_1_,
        task0_.name as name6_1_,
        task0_.priority as priority7_1_,
        task0_.project_id as project_8_1_,
        task0_.project_leader_id as project_9_1_,
        task0_.start_date as start_d10_1_,
        task0_.status as status11_1_ 
    from
        task task0_ 
    where
        task0_.name=?
Hibernate: 
    select
        task0_.id as id1_1_,
        task0_.creation_date as creation2_1_,
        task0_.description as descript3_1_,
        task0_.estimated_duration as estimate4_1_,
        task0_.finish_date as finish_d5_1_,
        task0_.name as name6_1_,
        task0_.priority as priority7_1_,
        task0_.project_id as project_8_1_,
        task0_.project_leader_id as project_9_1_,
        task0_.start_date as start_d10_1_,
        task0_.status as status11_1_ 
    from
        task task0_
Hibernate: 
    delete 
    from
        task 
    where
        id=?
Hibernate: 
    delete 
    from
        task 
    where
        id=?
After all test execution
Hibernate: 
    select
        task0_.id as id1_1_,
        task0_.creation_date as creation2_1_,
        task0_.description as descript3_1_,
        task0_.estimated_duration as estimate4_1_,
        task0_.finish_date as finish_d5_1_,
        task0_.name as name6_1_,
        task0_.priority as priority7_1_,
        task0_.project_id as project_8_1_,
        task0_.project_leader_id as project_9_1_,
        task0_.start_date as start_d10_1_,
        task0_.status as status11_1_ 
    from
        task task0_
Hibernate: 
    select
        task0_.id as id1_1_,
        task0_.creation_date as creation2_1_,
        task0_.description as descript3_1_,
        task0_.estimated_duration as estimate4_1_,
        task0_.finish_date as finish_d5_1_,
        task0_.name as name6_1_,
        task0_.priority as priority7_1_,
        task0_.project_id as project_8_1_,
        task0_.project_leader_id as project_9_1_,
        task0_.start_date as start_d10_1_,
        task0_.status as status11_1_ 
    from
        task task0_
After all test execution
Hibernate: 
    select
        project0_.id as id1_0_,
        project0_.creation_date as creation2_0_,
        project0_.description as descript3_0_,
        project0_.finish_date as finish_d4_0_,
        project0_.name as name5_0_,
        project0_.project_leader_id as project_6_0_,
        project0_.start_date as start_da7_0_,
        project0_.status as status8_0_ 
    from
        project project0_
After all test execution
Resetting system
Hibernate: 
    select
        task0_.id as id1_1_,
        task0_.creation_date as creation2_1_,
        task0_.description as descript3_1_,
        task0_.estimated_duration as estimate4_1_,
        task0_.finish_date as finish_d5_1_,
        task0_.name as name6_1_,
        task0_.priority as priority7_1_,
        task0_.project_id as project_8_1_,
        task0_.project_leader_id as project_9_1_,
        task0_.start_date as start_d10_1_,
        task0_.status as status11_1_ 
    from
        task task0_
Resetting system
Hibernate: 
    select
        project0_.id as id1_0_,
        project0_.creation_date as creation2_0_,
        project0_.description as descript3_0_,
        project0_.finish_date as finish_d4_0_,
        project0_.name as name5_0_,
        project0_.project_leader_id as project_6_0_,
        project0_.start_date as start_da7_0_,
        project0_.status as status8_0_ 
    from
        project project0_
Resetting system
Hibernate: 
    select
        project0_.id as id1_0_,
        project0_.creation_date as creation2_0_,
        project0_.description as descript3_0_,
        project0_.finish_date as finish_d4_0_,
        project0_.name as name5_0_,
        project0_.project_leader_id as project_6_0_,
        project0_.start_date as start_da7_0_,
        project0_.status as status8_0_ 
    from
        project project0_
Hibernate: 
    select
        project0_.id as id1_0_,
        project0_.creation_date as creation2_0_,
        project0_.description as descript3_0_,
        project0_.finish_date as finish_d4_0_,
        project0_.name as name5_0_,
        project0_.project_leader_id as project_6_0_,
        project0_.start_date as start_da7_0_,
        project0_.status as status8_0_ 
    from
        project project0_
After all test execution
Hibernate: 
    select
        task0_.id as id1_1_,
        task0_.creation_date as creation2_1_,
        task0_.description as descript3_1_,
        task0_.estimated_duration as estimate4_1_,
        task0_.finish_date as finish_d5_1_,
        task0_.name as name6_1_,
        task0_.priority as priority7_1_,
        task0_.project_id as project_8_1_,
        task0_.project_leader_id as project_9_1_,
        task0_.start_date as start_d10_1_,
        task0_.status as status11_1_ 
    from
        task task0_
After all test execution
2023-12-03 15:55:32.707  INFO 12840 --- [    Test worker] o.s.t.c.support.AbstractContextLoader    : Could not detect default resource locations for test class [com.aninfo.integration.cucumber.TaskIntegrationServiceTest]: no resource found for suffixes {-context.xml, Context.groovy}.
2023-12-03 15:55:32.709  INFO 12840 --- [    Test worker] .b.t.c.SpringBootTestContextBootstrapper : Loaded default TestExecutionListener class names from location [META-INF/spring.factories]: [org.springframework.boot.test.autoconfigure.restdocs.RestDocsTestExecutionListener, org.springframework.boot.test.autoconfigure.web.client.MockRestServiceServerResetTestExecutionListener, org.springframework.boot.test.autoconfigure.web.servlet.MockMvcPrintOnlyOnFailureTestExecutionListener, org.springframework.boot.test.autoconfigure.web.servlet.WebDriverTestExecutionListener, org.springframework.boot.test.mock.mockito.MockitoTestExecutionListener, org.springframework.boot.test.mock.mockito.ResetMocksTestExecutionListener, org.springframework.test.context.web.ServletTestExecutionListener, org.springframework.test.context.support.DirtiesContextBeforeModesTestExecutionListener, org.springframework.test.context.support.DependencyInjectionTestExecutionListener, org.springframework.test.context.support.DirtiesContextTestExecutionListener, org.springframework.test.context.transaction.TransactionalTestExecutionListener, org.springframework.test.context.jdbc.SqlScriptsTestExecutionListener, org.springframework.test.context.event.EventPublishingTestExecutionListener]
2023-12-03 15:55:32.709  INFO 12840 --- [    Test worker] .b.t.c.SpringBootTestContextBootstrapper : Using TestExecutionListeners: [org.springframework.test.context.web.ServletTestExecutionListener@a424f07, org.springframework.test.context.support.DirtiesContextBeforeModesTestExecutionListener@1d507be4, org.springframework.boot.test.mock.mockito.MockitoTestExecutionListener@58cb5e98, org.springframework.boot.test.autoconfigure.SpringBootDependencyInjectionTestExecutionListener@3a1fe257, org.springframework.test.context.support.DirtiesContextTestExecutionListener@223db864, org.springframework.test.context.transaction.TransactionalTestExecutionListener@3c2c789c, org.springframework.test.context.jdbc.SqlScriptsTestExecutionListener@3e91de1f, org.springframework.test.context.event.EventPublishingTestExecutionListener@7bd99ec0, org.springframework.boot.test.autoconfigure.restdocs.RestDocsTestExecutionListener@3468e747, org.springframework.boot.test.autoconfigure.web.client.MockRestServiceServerResetTestExecutionListener@6bdf81ce, org.springframework.boot.test.autoconfigure.web.servlet.MockMvcPrintOnlyOnFailureTestExecutionListener@5b8edb8c, org.springframework.boot.test.autoconfigure.web.servlet.WebDriverTestExecutionListener@6c9671a3, org.springframework.boot.test.mock.mockito.ResetMocksTestExecutionListener@1f37e1a9]
Before any test execution
Before any test execution
Before any test execution
Before any test execution
Hibernate: 
    select
        task0_.id as id1_1_,
        task0_.creation_date as creation2_1_,
        task0_.description as descript3_1_,
        task0_.estimated_duration as estimate4_1_,
        task0_.finish_date as finish_d5_1_,
        task0_.name as name6_1_,
        task0_.priority as priority7_1_,
        task0_.project_id as project_8_1_,
        task0_.project_leader_id as project_9_1_,
        task0_.start_date as start_d10_1_,
        task0_.status as status11_1_ 
    from
        task task0_ 
    where
        task0_.name=?
Hibernate: 
    call next value for hibernate_sequence
Hibernate: 
    insert 
    into
        task
        (creation_date, description, estimated_duration, finish_date, name, priority, project_id, project_leader_id, start_date, status, id) 
    values
        (?, ?, ?, ?, ?, ?, ?, ?, ?, ?, ?)
Hibernate: 
    select
        task0_.id as id1_1_0_,
        task0_.creation_date as creation2_1_0_,
        task0_.description as descript3_1_0_,
        task0_.estimated_duration as estimate4_1_0_,
        task0_.finish_date as finish_d5_1_0_,
        task0_.name as name6_1_0_,
        task0_.priority as priority7_1_0_,
        task0_.project_id as project_8_1_0_,
        task0_.project_leader_id as project_9_1_0_,
        task0_.start_date as start_d10_1_0_,
        task0_.status as status11_1_0_ 
    from
        task task0_ 
    where
        task0_.id=?
Hibernate: 
    select
        task0_.id as id1_1_,
        task0_.creation_date as creation2_1_,
        task0_.description as descript3_1_,
        task0_.estimated_duration as estimate4_1_,
        task0_.finish_date as finish_d5_1_,
        task0_.name as name6_1_,
        task0_.priority as priority7_1_,
        task0_.project_id as project_8_1_,
        task0_.project_leader_id as project_9_1_,
        task0_.start_date as start_d10_1_,
        task0_.status as status11_1_ 
    from
        task task0_ 
    where
        task0_.name=?
Hibernate: 
    select
        task0_.id as id1_1_0_,
        task0_.creation_date as creation2_1_0_,
        task0_.description as descript3_1_0_,
        task0_.estimated_duration as estimate4_1_0_,
        task0_.finish_date as finish_d5_1_0_,
        task0_.name as name6_1_0_,
        task0_.priority as priority7_1_0_,
        task0_.project_id as project_8_1_0_,
        task0_.project_leader_id as project_9_1_0_,
        task0_.start_date as start_d10_1_0_,
        task0_.status as status11_1_0_ 
    from
        task task0_ 
    where
        task0_.id=?
Hibernate: 
    update
        task 
    set
        creation_date=?,
        description=?,
        estimated_duration=?,
        finish_date=?,
        name=?,
        priority=?,
        project_id=?,
        project_leader_id=?,
        start_date=?,
        status=? 
    where
        id=?
Hibernate: 
    select
        task0_.id as id1_1_,
        task0_.creation_date as creation2_1_,
        task0_.description as descript3_1_,
        task0_.estimated_duration as estimate4_1_,
        task0_.finish_date as finish_d5_1_,
        task0_.name as name6_1_,
        task0_.priority as priority7_1_,
        task0_.project_id as project_8_1_,
        task0_.project_leader_id as project_9_1_,
        task0_.start_date as start_d10_1_,
        task0_.status as status11_1_ 
    from
        task task0_
Hibernate: 
    delete 
    from
        task 
    where
        id=?
After all test execution
Hibernate: 
    select
        task0_.id as id1_1_,
        task0_.creation_date as creation2_1_,
        task0_.description as descript3_1_,
        task0_.estimated_duration as estimate4_1_,
        task0_.finish_date as finish_d5_1_,
        task0_.name as name6_1_,
        task0_.priority as priority7_1_,
        task0_.project_id as project_8_1_,
        task0_.project_leader_id as project_9_1_,
        task0_.start_date as start_d10_1_,
        task0_.status as status11_1_ 
    from
        task task0_
Hibernate: 
    select
        task0_.id as id1_1_,
        task0_.creation_date as creation2_1_,
        task0_.description as descript3_1_,
        task0_.estimated_duration as estimate4_1_,
        task0_.finish_date as finish_d5_1_,
        task0_.name as name6_1_,
        task0_.priority as priority7_1_,
        task0_.project_id as project_8_1_,
        task0_.project_leader_id as project_9_1_,
        task0_.start_date as start_d10_1_,
        task0_.status as status11_1_ 
    from
        task task0_
After all test execution
Hibernate: 
    select
        project0_.id as id1_0_,
        project0_.creation_date as creation2_0_,
        project0_.description as descript3_0_,
        project0_.finish_date as finish_d4_0_,
        project0_.name as name5_0_,
        project0_.project_leader_id as project_6_0_,
        project0_.start_date as start_da7_0_,
        project0_.status as status8_0_ 
    from
        project project0_
After all test execution
Resetting system
Hibernate: 
    select
        task0_.id as id1_1_,
        task0_.creation_date as creation2_1_,
        task0_.description as descript3_1_,
        task0_.estimated_duration as estimate4_1_,
        task0_.finish_date as finish_d5_1_,
        task0_.name as name6_1_,
        task0_.priority as priority7_1_,
        task0_.project_id as project_8_1_,
        task0_.project_leader_id as project_9_1_,
        task0_.start_date as start_d10_1_,
        task0_.status as status11_1_ 
    from
        task task0_
Resetting system
Hibernate: 
    select
        project0_.id as id1_0_,
        project0_.creation_date as creation2_0_,
        project0_.description as descript3_0_,
        project0_.finish_date as finish_d4_0_,
        project0_.name as name5_0_,
        project0_.project_leader_id as project_6_0_,
        project0_.start_date as start_da7_0_,
        project0_.status as status8_0_ 
    from
        project project0_
Resetting system
Hibernate: 
    select
        project0_.id as id1_0_,
        project0_.creation_date as creation2_0_,
        project0_.description as descript3_0_,
        project0_.finish_date as finish_d4_0_,
        project0_.name as name5_0_,
        project0_.project_leader_id as project_6_0_,
        project0_.start_date as start_da7_0_,
        project0_.status as status8_0_ 
    from
        project project0_
Hibernate: 
    select
        project0_.id as id1_0_,
        project0_.creation_date as creation2_0_,
        project0_.description as descript3_0_,
        project0_.finish_date as finish_d4_0_,
        project0_.name as name5_0_,
        project0_.project_leader_id as project_6_0_,
        project0_.start_date as start_da7_0_,
        project0_.status as status8_0_ 
    from
        project project0_
After all test execution
Hibernate: 
    select
        task0_.id as id1_1_,
        task0_.creation_date as creation2_1_,
        task0_.description as descript3_1_,
        task0_.estimated_duration as estimate4_1_,
        task0_.finish_date as finish_d5_1_,
        task0_.name as name6_1_,
        task0_.priority as priority7_1_,
        task0_.project_id as project_8_1_,
        task0_.project_leader_id as project_9_1_,
        task0_.start_date as start_d10_1_,
        task0_.status as status11_1_ 
    from
        task task0_
After all test execution
2023-12-03 15:55:32.741  INFO 12840 --- [    Test worker] o.s.t.c.support.AbstractContextLoader    : Could not detect default resource locations for test class [com.aninfo.integration.cucumber.TaskIntegrationServiceTest]: no resource found for suffixes {-context.xml, Context.groovy}.
2023-12-03 15:55:32.742  INFO 12840 --- [    Test worker] .b.t.c.SpringBootTestContextBootstrapper : Loaded default TestExecutionListener class names from location [META-INF/spring.factories]: [org.springframework.boot.test.autoconfigure.restdocs.RestDocsTestExecutionListener, org.springframework.boot.test.autoconfigure.web.client.MockRestServiceServerResetTestExecutionListener, org.springframework.boot.test.autoconfigure.web.servlet.MockMvcPrintOnlyOnFailureTestExecutionListener, org.springframework.boot.test.autoconfigure.web.servlet.WebDriverTestExecutionListener, org.springframework.boot.test.mock.mockito.MockitoTestExecutionListener, org.springframework.boot.test.mock.mockito.ResetMocksTestExecutionListener, org.springframework.test.context.web.ServletTestExecutionListener, org.springframework.test.context.support.DirtiesContextBeforeModesTestExecutionListener, org.springframework.test.context.support.DependencyInjectionTestExecutionListener, org.springframework.test.context.support.DirtiesContextTestExecutionListener, org.springframework.test.context.transaction.TransactionalTestExecutionListener, org.springframework.test.context.jdbc.SqlScriptsTestExecutionListener, org.springframework.test.context.event.EventPublishingTestExecutionListener]
2023-12-03 15:55:32.743  INFO 12840 --- [    Test worker] .b.t.c.SpringBootTestContextBootstrapper : Using TestExecutionListeners: [org.springframework.test.context.web.ServletTestExecutionListener@42694b6, org.springframework.test.context.support.DirtiesContextBeforeModesTestExecutionListener@73f92, org.springframework.boot.test.mock.mockito.MockitoTestExecutionListener@27ae7ff, org.springframework.boot.test.autoconfigure.SpringBootDependencyInjectionTestExecutionListener@60c6fb9f, org.springframework.test.context.support.DirtiesContextTestExecutionListener@50754015, org.springframework.test.context.transaction.TransactionalTestExecutionListener@69b70e26, org.springframework.test.context.jdbc.SqlScriptsTestExecutionListener@3ca749f0, org.springframework.test.context.event.EventPublishingTestExecutionListener@6b6a47f8, org.springframework.boot.test.autoconfigure.restdocs.RestDocsTestExecutionListener@1165d768, org.springframework.boot.test.autoconfigure.web.client.MockRestServiceServerResetTestExecutionListener@40f22d5c, org.springframework.boot.test.autoconfigure.web.servlet.MockMvcPrintOnlyOnFailureTestExecutionListener@469c047b, org.springframework.boot.test.autoconfigure.web.servlet.WebDriverTestExecutionListener@7ff0ced7, org.springframework.boot.test.mock.mockito.ResetMocksTestExecutionListener@401198d6]
Before any test execution
Before any test execution
Before any test execution
Before any test execution
Hibernate: 
    select
        task0_.id as id1_1_,
        task0_.creation_date as creation2_1_,
        task0_.description as descript3_1_,
        task0_.estimated_duration as estimate4_1_,
        task0_.finish_date as finish_d5_1_,
        task0_.name as name6_1_,
        task0_.priority as priority7_1_,
        task0_.project_id as project_8_1_,
        task0_.project_leader_id as project_9_1_,
        task0_.start_date as start_d10_1_,
        task0_.status as status11_1_ 
    from
        task task0_ 
    where
        task0_.name=?
Hibernate: 
    call next value for hibernate_sequence
Hibernate: 
    insert 
    into
        task
        (creation_date, description, estimated_duration, finish_date, name, priority, project_id, project_leader_id, start_date, status, id) 
    values
        (?, ?, ?, ?, ?, ?, ?, ?, ?, ?, ?)
Hibernate: 
    select
        task0_.id as id1_1_0_,
        task0_.creation_date as creation2_1_0_,
        task0_.description as descript3_1_0_,
        task0_.estimated_duration as estimate4_1_0_,
        task0_.finish_date as finish_d5_1_0_,
        task0_.name as name6_1_0_,
        task0_.priority as priority7_1_0_,
        task0_.project_id as project_8_1_0_,
        task0_.project_leader_id as project_9_1_0_,
        task0_.start_date as start_d10_1_0_,
        task0_.status as status11_1_0_ 
    from
        task task0_ 
    where
        task0_.id=?
Hibernate: 
    select
        task0_.id as id1_1_,
        task0_.creation_date as creation2_1_,
        task0_.description as descript3_1_,
        task0_.estimated_duration as estimate4_1_,
        task0_.finish_date as finish_d5_1_,
        task0_.name as name6_1_,
        task0_.priority as priority7_1_,
        task0_.project_id as project_8_1_,
        task0_.project_leader_id as project_9_1_,
        task0_.start_date as start_d10_1_,
        task0_.status as status11_1_ 
    from
        task task0_ 
    where
        task0_.name=?
Hibernate: 
    select
        task0_.id as id1_1_0_,
        task0_.creation_date as creation2_1_0_,
        task0_.description as descript3_1_0_,
        task0_.estimated_duration as estimate4_1_0_,
        task0_.finish_date as finish_d5_1_0_,
        task0_.name as name6_1_0_,
        task0_.priority as priority7_1_0_,
        task0_.project_id as project_8_1_0_,
        task0_.project_leader_id as project_9_1_0_,
        task0_.start_date as start_d10_1_0_,
        task0_.status as status11_1_0_ 
    from
        task task0_ 
    where
        task0_.id=?
Hibernate: 
    update
        task 
    set
        creation_date=?,
        description=?,
        estimated_duration=?,
        finish_date=?,
        name=?,
        priority=?,
        project_id=?,
        project_leader_id=?,
        start_date=?,
        status=? 
    where
        id=?
Hibernate: 
    select
        task0_.id as id1_1_,
        task0_.creation_date as creation2_1_,
        task0_.description as descript3_1_,
        task0_.estimated_duration as estimate4_1_,
        task0_.finish_date as finish_d5_1_,
        task0_.name as name6_1_,
        task0_.priority as priority7_1_,
        task0_.project_id as project_8_1_,
        task0_.project_leader_id as project_9_1_,
        task0_.start_date as start_d10_1_,
        task0_.status as status11_1_ 
    from
        task task0_
Hibernate: 
    delete 
    from
        task 
    where
        id=?
After all test execution
Hibernate: 
    select
        task0_.id as id1_1_,
        task0_.creation_date as creation2_1_,
        task0_.description as descript3_1_,
        task0_.estimated_duration as estimate4_1_,
        task0_.finish_date as finish_d5_1_,
        task0_.name as name6_1_,
        task0_.priority as priority7_1_,
        task0_.project_id as project_8_1_,
        task0_.project_leader_id as project_9_1_,
        task0_.start_date as start_d10_1_,
        task0_.status as status11_1_ 
    from
        task task0_
Hibernate: 
    select
        task0_.id as id1_1_,
        task0_.creation_date as creation2_1_,
        task0_.description as descript3_1_,
        task0_.estimated_duration as estimate4_1_,
        task0_.finish_date as finish_d5_1_,
        task0_.name as name6_1_,
        task0_.priority as priority7_1_,
        task0_.project_id as project_8_1_,
        task0_.project_leader_id as project_9_1_,
        task0_.start_date as start_d10_1_,
        task0_.status as status11_1_ 
    from
        task task0_
After all test execution
Hibernate: 
    select
        project0_.id as id1_0_,
        project0_.creation_date as creation2_0_,
        project0_.description as descript3_0_,
        project0_.finish_date as finish_d4_0_,
        project0_.name as name5_0_,
        project0_.project_leader_id as project_6_0_,
        project0_.start_date as start_da7_0_,
        project0_.status as status8_0_ 
    from
        project project0_
After all test execution
Resetting system
Hibernate: 
    select
        task0_.id as id1_1_,
        task0_.creation_date as creation2_1_,
        task0_.description as descript3_1_,
        task0_.estimated_duration as estimate4_1_,
        task0_.finish_date as finish_d5_1_,
        task0_.name as name6_1_,
        task0_.priority as priority7_1_,
        task0_.project_id as project_8_1_,
        task0_.project_leader_id as project_9_1_,
        task0_.start_date as start_d10_1_,
        task0_.status as status11_1_ 
    from
        task task0_
Resetting system
Hibernate: 
    select
        project0_.id as id1_0_,
        project0_.creation_date as creation2_0_,
        project0_.description as descript3_0_,
        project0_.finish_date as finish_d4_0_,
        project0_.name as name5_0_,
        project0_.project_leader_id as project_6_0_,
        project0_.start_date as start_da7_0_,
        project0_.status as status8_0_ 
    from
        project project0_
Resetting system
Hibernate: 
    select
        project0_.id as id1_0_,
        project0_.creation_date as creation2_0_,
        project0_.description as descript3_0_,
        project0_.finish_date as finish_d4_0_,
        project0_.name as name5_0_,
        project0_.project_leader_id as project_6_0_,
        project0_.start_date as start_da7_0_,
        project0_.status as status8_0_ 
    from
        project project0_
Hibernate: 
    select
        project0_.id as id1_0_,
        project0_.creation_date as creation2_0_,
        project0_.description as descript3_0_,
        project0_.finish_date as finish_d4_0_,
        project0_.name as name5_0_,
        project0_.project_leader_id as project_6_0_,
        project0_.start_date as start_da7_0_,
        project0_.status as status8_0_ 
    from
        project project0_
After all test execution
Hibernate: 
    select
        task0_.id as id1_1_,
        task0_.creation_date as creation2_1_,
        task0_.description as descript3_1_,
        task0_.estimated_duration as estimate4_1_,
        task0_.finish_date as finish_d5_1_,
        task0_.name as name6_1_,
        task0_.priority as priority7_1_,
        task0_.project_id as project_8_1_,
        task0_.project_leader_id as project_9_1_,
        task0_.start_date as start_d10_1_,
        task0_.status as status11_1_ 
    from
        task task0_
After all test execution
2023-12-03 15:55:32.788  INFO 12840 --- [    Test worker] o.s.t.c.support.AbstractContextLoader    : Could not detect default resource locations for test class [com.aninfo.integration.cucumber.TaskIntegrationServiceTest]: no resource found for suffixes {-context.xml, Context.groovy}.
2023-12-03 15:55:32.789  INFO 12840 --- [    Test worker] .b.t.c.SpringBootTestContextBootstrapper : Loaded default TestExecutionListener class names from location [META-INF/spring.factories]: [org.springframework.boot.test.autoconfigure.restdocs.RestDocsTestExecutionListener, org.springframework.boot.test.autoconfigure.web.client.MockRestServiceServerResetTestExecutionListener, org.springframework.boot.test.autoconfigure.web.servlet.MockMvcPrintOnlyOnFailureTestExecutionListener, org.springframework.boot.test.autoconfigure.web.servlet.WebDriverTestExecutionListener, org.springframework.boot.test.mock.mockito.MockitoTestExecutionListener, org.springframework.boot.test.mock.mockito.ResetMocksTestExecutionListener, org.springframework.test.context.web.ServletTestExecutionListener, org.springframework.test.context.support.DirtiesContextBeforeModesTestExecutionListener, org.springframework.test.context.support.DependencyInjectionTestExecutionListener, org.springframework.test.context.support.DirtiesContextTestExecutionListener, org.springframework.test.context.transaction.TransactionalTestExecutionListener, org.springframework.test.context.jdbc.SqlScriptsTestExecutionListener, org.springframework.test.context.event.EventPublishingTestExecutionListener]
2023-12-03 15:55:32.789  INFO 12840 --- [    Test worker] .b.t.c.SpringBootTestContextBootstrapper : Using TestExecutionListeners: [org.springframework.test.context.web.ServletTestExecutionListener@235e8fe5, org.springframework.test.context.support.DirtiesContextBeforeModesTestExecutionListener@61bf8c5c, org.springframework.boot.test.mock.mockito.MockitoTestExecutionListener@a5ac5df, org.springframework.boot.test.autoconfigure.SpringBootDependencyInjectionTestExecutionListener@384285e3, org.springframework.test.context.support.DirtiesContextTestExecutionListener@6fb404a9, org.springframework.test.context.transaction.TransactionalTestExecutionListener@7274a86f, org.springframework.test.context.jdbc.SqlScriptsTestExecutionListener@2e5cffc3, org.springframework.test.context.event.EventPublishingTestExecutionListener@21d1a76, org.springframework.boot.test.autoconfigure.restdocs.RestDocsTestExecutionListener@4dc3d7d0, org.springframework.boot.test.autoconfigure.web.client.MockRestServiceServerResetTestExecutionListener@1aa329d7, org.springframework.boot.test.autoconfigure.web.servlet.MockMvcPrintOnlyOnFailureTestExecutionListener@53487fa7, org.springframework.boot.test.autoconfigure.web.servlet.WebDriverTestExecutionListener@39ec0112, org.springframework.boot.test.mock.mockito.ResetMocksTestExecutionListener@6a423ca8]
Before any test execution
Before any test execution
Before any test execution
Before any test execution
Hibernate: 
    select
        task0_.id as id1_1_,
        task0_.creation_date as creation2_1_,
        task0_.description as descript3_1_,
        task0_.estimated_duration as estimate4_1_,
        task0_.finish_date as finish_d5_1_,
        task0_.name as name6_1_,
        task0_.priority as priority7_1_,
        task0_.project_id as project_8_1_,
        task0_.project_leader_id as project_9_1_,
        task0_.start_date as start_d10_1_,
        task0_.status as status11_1_ 
    from
        task task0_ 
    where
        task0_.name=?
Hibernate: 
    call next value for hibernate_sequence
Hibernate: 
    insert 
    into
        task
        (creation_date, description, estimated_duration, finish_date, name, priority, project_id, project_leader_id, start_date, status, id) 
    values
        (?, ?, ?, ?, ?, ?, ?, ?, ?, ?, ?)
Hibernate: 
    select
        task0_.id as id1_1_0_,
        task0_.creation_date as creation2_1_0_,
        task0_.description as descript3_1_0_,
        task0_.estimated_duration as estimate4_1_0_,
        task0_.finish_date as finish_d5_1_0_,
        task0_.name as name6_1_0_,
        task0_.priority as priority7_1_0_,
        task0_.project_id as project_8_1_0_,
        task0_.project_leader_id as project_9_1_0_,
        task0_.start_date as start_d10_1_0_,
        task0_.status as status11_1_0_ 
    from
        task task0_ 
    where
        task0_.id=?
Hibernate: 
    select
        task0_.id as id1_1_,
        task0_.creation_date as creation2_1_,
        task0_.description as descript3_1_,
        task0_.estimated_duration as estimate4_1_,
        task0_.finish_date as finish_d5_1_,
        task0_.name as name6_1_,
        task0_.priority as priority7_1_,
        task0_.project_id as project_8_1_,
        task0_.project_leader_id as project_9_1_,
        task0_.start_date as start_d10_1_,
        task0_.status as status11_1_ 
    from
        task task0_ 
    where
        task0_.name=?
Hibernate: 
    select
        task0_.id as id1_1_0_,
        task0_.creation_date as creation2_1_0_,
        task0_.description as descript3_1_0_,
        task0_.estimated_duration as estimate4_1_0_,
        task0_.finish_date as finish_d5_1_0_,
        task0_.name as name6_1_0_,
        task0_.priority as priority7_1_0_,
        task0_.project_id as project_8_1_0_,
        task0_.project_leader_id as project_9_1_0_,
        task0_.start_date as start_d10_1_0_,
        task0_.status as status11_1_0_ 
    from
        task task0_ 
    where
        task0_.id=?
Hibernate: 
    update
        task 
    set
        creation_date=?,
        description=?,
        estimated_duration=?,
        finish_date=?,
        name=?,
        priority=?,
        project_id=?,
        project_leader_id=?,
        start_date=?,
        status=? 
    where
        id=?
Hibernate: 
    select
        task0_.id as id1_1_,
        task0_.creation_date as creation2_1_,
        task0_.description as descript3_1_,
        task0_.estimated_duration as estimate4_1_,
        task0_.finish_date as finish_d5_1_,
        task0_.name as name6_1_,
        task0_.priority as priority7_1_,
        task0_.project_id as project_8_1_,
        task0_.project_leader_id as project_9_1_,
        task0_.start_date as start_d10_1_,
        task0_.status as status11_1_ 
    from
        task task0_
Hibernate: 
    delete 
    from
        task 
    where
        id=?
After all test execution
Hibernate: 
    select
        task0_.id as id1_1_,
        task0_.creation_date as creation2_1_,
        task0_.description as descript3_1_,
        task0_.estimated_duration as estimate4_1_,
        task0_.finish_date as finish_d5_1_,
        task0_.name as name6_1_,
        task0_.priority as priority7_1_,
        task0_.project_id as project_8_1_,
        task0_.project_leader_id as project_9_1_,
        task0_.start_date as start_d10_1_,
        task0_.status as status11_1_ 
    from
        task task0_
Hibernate: 
    select
        task0_.id as id1_1_,
        task0_.creation_date as creation2_1_,
        task0_.description as descript3_1_,
        task0_.estimated_duration as estimate4_1_,
        task0_.finish_date as finish_d5_1_,
        task0_.name as name6_1_,
        task0_.priority as priority7_1_,
        task0_.project_id as project_8_1_,
        task0_.project_leader_id as project_9_1_,
        task0_.start_date as start_d10_1_,
        task0_.status as status11_1_ 
    from
        task task0_
After all test execution
Hibernate: 
    select
        project0_.id as id1_0_,
        project0_.creation_date as creation2_0_,
        project0_.description as descript3_0_,
        project0_.finish_date as finish_d4_0_,
        project0_.name as name5_0_,
        project0_.project_leader_id as project_6_0_,
        project0_.start_date as start_da7_0_,
        project0_.status as status8_0_ 
    from
        project project0_
After all test execution
Resetting system
Hibernate: 
    select
        task0_.id as id1_1_,
        task0_.creation_date as creation2_1_,
        task0_.description as descript3_1_,
        task0_.estimated_duration as estimate4_1_,
        task0_.finish_date as finish_d5_1_,
        task0_.name as name6_1_,
        task0_.priority as priority7_1_,
        task0_.project_id as project_8_1_,
        task0_.project_leader_id as project_9_1_,
        task0_.start_date as start_d10_1_,
        task0_.status as status11_1_ 
    from
        task task0_
Resetting system
Hibernate: 
    select
        project0_.id as id1_0_,
        project0_.creation_date as creation2_0_,
        project0_.description as descript3_0_,
        project0_.finish_date as finish_d4_0_,
        project0_.name as name5_0_,
        project0_.project_leader_id as project_6_0_,
        project0_.start_date as start_da7_0_,
        project0_.status as status8_0_ 
    from
        project project0_
Resetting system
Hibernate: 
    select
        project0_.id as id1_0_,
        project0_.creation_date as creation2_0_,
        project0_.description as descript3_0_,
        project0_.finish_date as finish_d4_0_,
        project0_.name as name5_0_,
        project0_.project_leader_id as project_6_0_,
        project0_.start_date as start_da7_0_,
        project0_.status as status8_0_ 
    from
        project project0_
Hibernate: 
    select
        project0_.id as id1_0_,
        project0_.creation_date as creation2_0_,
        project0_.description as descript3_0_,
        project0_.finish_date as finish_d4_0_,
        project0_.name as name5_0_,
        project0_.project_leader_id as project_6_0_,
        project0_.start_date as start_da7_0_,
        project0_.status as status8_0_ 
    from
        project project0_
After all test execution
Hibernate: 
    select
        task0_.id as id1_1_,
        task0_.creation_date as creation2_1_,
        task0_.description as descript3_1_,
        task0_.estimated_duration as estimate4_1_,
        task0_.finish_date as finish_d5_1_,
        task0_.name as name6_1_,
        task0_.priority as priority7_1_,
        task0_.project_id as project_8_1_,
        task0_.project_leader_id as project_9_1_,
        task0_.start_date as start_d10_1_,
        task0_.status as status11_1_ 
    from
        task task0_
After all test execution

28 Scenarios (?[32m28 passed?[0m)
90 Steps (?[32m90 passed?[0m)
0m1,851s

]]></system-out>
  <system-err><![CDATA[]]></system-err>
</testsuite>
