<?xml version="1.0" encoding="UTF-8"?>
<testsuite name="com.aninfo.integration.cucumber.CucumberTest" tests="90" skipped="0" failures="0" errors="0" timestamp="2023-12-03T20:11:10" hostname="LAPTOP-I5D4J9C4" time="1.67">
  <properties/>
  <testcase name="Given No projects" classname="com.aninfo.integration.cucumber.CucumberTest" time="0.001"/>
  <testcase name="When Trying to get projects" classname="com.aninfo.integration.cucumber.CucumberTest" time="0.0"/>
  <testcase name="Then I get no projects" classname="com.aninfo.integration.cucumber.CucumberTest" time="0.0"/>
  <testcase name="Given Two projects" classname="com.aninfo.integration.cucumber.CucumberTest" time="0.0"/>
  <testcase name="When Trying to get projects" classname="com.aninfo.integration.cucumber.CucumberTest" time="0.0"/>
  <testcase name="Then I get two projects" classname="com.aninfo.integration.cucumber.CucumberTest" time="0.001"/>
  <testcase name="Given Project with name MyProject" classname="com.aninfo.integration.cucumber.CucumberTest" time="0.001"/>
  <testcase name="When Trying to find project with name MyProject" classname="com.aninfo.integration.cucumber.CucumberTest" time="0.001"/>
  <testcase name="Then I get the project appropriately" classname="com.aninfo.integration.cucumber.CucumberTest" time="0.0"/>
  <testcase name="Given Project with name MyProject1" classname="com.aninfo.integration.cucumber.CucumberTest" time="0.001"/>
  <testcase name="When Trying to find project with name MyProject2" classname="com.aninfo.integration.cucumber.CucumberTest" time="0.0"/>
  <testcase name="Then I get an Invalid Project Exception" classname="com.aninfo.integration.cucumber.CucumberTest" time="0.001"/>
  <testcase name="Given No projects" classname="com.aninfo.integration.cucumber.CucumberTest" time="0.0"/>
  <testcase name="When Trying to create a project with name Project1" classname="com.aninfo.integration.cucumber.CucumberTest" time="0.001"/>
  <testcase name="Then It is created successfully" classname="com.aninfo.integration.cucumber.CucumberTest" time="0.001"/>
  <testcase name="And Project is named Project1" classname="com.aninfo.integration.cucumber.CucumberTest" time="0.001"/>
  <testcase name="Given Project with name Project2" classname="com.aninfo.integration.cucumber.CucumberTest" time="0.001"/>
  <testcase name="When Trying to create a project with name Project2" classname="com.aninfo.integration.cucumber.CucumberTest" time="0.001"/>
  <testcase name="Then It is not created because a project with that name already exists" classname="com.aninfo.integration.cucumber.CucumberTest" time="0.0"/>
  <testcase name="Given Project with name Project3" classname="com.aninfo.integration.cucumber.CucumberTest" time="0.0"/>
  <testcase name="When Trying to create a project with name Project4" classname="com.aninfo.integration.cucumber.CucumberTest" time="0.0"/>
  <testcase name="Then It is created successfully" classname="com.aninfo.integration.cucumber.CucumberTest" time="0.0"/>
  <testcase name="And Project is named Project4" classname="com.aninfo.integration.cucumber.CucumberTest" time="0.0"/>
  <testcase name="Given Only one project named ProjectToDelete" classname="com.aninfo.integration.cucumber.CucumberTest" time="0.0"/>
  <testcase name="When Trying to delete it" classname="com.aninfo.integration.cucumber.CucumberTest" time="0.0"/>
  <testcase name="Then Project ProjectToDelete can no longer be found" classname="com.aninfo.integration.cucumber.CucumberTest" time="0.0"/>
  <testcase name="Given A project named ProjectRunway and another named ProjectX" classname="com.aninfo.integration.cucumber.CucumberTest" time="0.0"/>
  <testcase name="When Trying to delete project ProjectRunway" classname="com.aninfo.integration.cucumber.CucumberTest" time="0.001"/>
  <testcase name="Then Project ProjectRunway can no longer be found" classname="com.aninfo.integration.cucumber.CucumberTest" time="0.0"/>
  <testcase name="And Project ProjectX can still be found" classname="com.aninfo.integration.cucumber.CucumberTest" time="0.001"/>
  <testcase name="Given Two projects with names ProjectNoah and ProjectCami" classname="com.aninfo.integration.cucumber.CucumberTest" time="0.0"/>
  <testcase name="When Trying to change the ProjectCami name to ProjectDenise" classname="com.aninfo.integration.cucumber.CucumberTest" time="0.0"/>
  <testcase name="Then Name is changed successfully to ProjectDenise" classname="com.aninfo.integration.cucumber.CucumberTest" time="0.0"/>
  <testcase name="Given Two projects with names ProjectNoah and ProjectCami" classname="com.aninfo.integration.cucumber.CucumberTest" time="0.0"/>
  <testcase name="When Trying to change the ProjectCami name to ProjectNoah" classname="com.aninfo.integration.cucumber.CucumberTest" time="0.0"/>
  <testcase name="Then Name cannot be modified" classname="com.aninfo.integration.cucumber.CucumberTest" time="0.0"/>
  <testcase name="Given A project named DescriptiveProject with description This is my Description" classname="com.aninfo.integration.cucumber.CucumberTest" time="0.0"/>
  <testcase name="When Trying to change the description to Another description" classname="com.aninfo.integration.cucumber.CucumberTest" time="0.0"/>
  <testcase name="Then Description is changed successfully to Another description" classname="com.aninfo.integration.cucumber.CucumberTest" time="0.0"/>
  <testcase name="Given A project named ProjectWithFinishDate with estimated finish date 2007-12-03" classname="com.aninfo.integration.cucumber.CucumberTest" time="0.0"/>
  <testcase name="When Trying to change the finish date to 2018-12-03" classname="com.aninfo.integration.cucumber.CucumberTest" time="0.0"/>
  <testcase name="Then Finish date is changed successfully to 2018-12-03" classname="com.aninfo.integration.cucumber.CucumberTest" time="0.0"/>
  <testcase name="Given An existent project with name ProjectWithAStatus" classname="com.aninfo.integration.cucumber.CucumberTest" time="0.0"/>
  <testcase name="When Trying to change the status to IN_PROGRESS" classname="com.aninfo.integration.cucumber.CucumberTest" time="0.0"/>
  <testcase name="Then Status is changed successfully to IN_PROGRESS" classname="com.aninfo.integration.cucumber.CucumberTest" time="0.001"/>
  <testcase name="Given A the project with the name project1" classname="com.aninfo.integration.cucumber.CucumberTest" time="0.001"/>
  <testcase name="When Trying to get the tasks" classname="com.aninfo.integration.cucumber.CucumberTest" time="0.0"/>
  <testcase name="Then I get nothing" classname="com.aninfo.integration.cucumber.CucumberTest" time="0.0"/>
  <testcase name="Given A the project with the name project1 with 2 tasks" classname="com.aninfo.integration.cucumber.CucumberTest" time="0.001"/>
  <testcase name="When Trying to get the tasks" classname="com.aninfo.integration.cucumber.CucumberTest" time="0.0"/>
  <testcase name="Then I get two tasks" classname="com.aninfo.integration.cucumber.CucumberTest" time="0.0"/>
  <testcase name="Given A task in a project with name task1" classname="com.aninfo.integration.cucumber.CucumberTest" time="0.0"/>
  <testcase name="When Trying to find the task with name task1" classname="com.aninfo.integration.cucumber.CucumberTest" time="0.0"/>
  <testcase name="Then I get the task appropriately" classname="com.aninfo.integration.cucumber.CucumberTest" time="0.0"/>
  <testcase name="Given A task in a project with name task1" classname="com.aninfo.integration.cucumber.CucumberTest" time="0.0"/>
  <testcase name="When Trying to find the task with name task2" classname="com.aninfo.integration.cucumber.CucumberTest" time="0.001"/>
  <testcase name="Then I get an Invalid task Exception" classname="com.aninfo.integration.cucumber.CucumberTest" time="0.0"/>
  <testcase name="Given No tasks" classname="com.aninfo.integration.cucumber.CucumberTest" time="0.001"/>
  <testcase name="When Try to create a task with name task1" classname="com.aninfo.integration.cucumber.CucumberTest" time="0.0"/>
  <testcase name="Then The task is created successfully" classname="com.aninfo.integration.cucumber.CucumberTest" time="0.0"/>
  <testcase name="And Task is named task1" classname="com.aninfo.integration.cucumber.CucumberTest" time="0.001"/>
  <testcase name="Given A task in a project with name task1" classname="com.aninfo.integration.cucumber.CucumberTest" time="0.001"/>
  <testcase name="When Try to create a task with name task1" classname="com.aninfo.integration.cucumber.CucumberTest" time="0.0"/>
  <testcase name="Then It is not created because a task with that name already exists" classname="com.aninfo.integration.cucumber.CucumberTest" time="0.0"/>
  <testcase name="Given A task in a project with name task1" classname="com.aninfo.integration.cucumber.CucumberTest" time="0.001"/>
  <testcase name="When Try to create a task with name task2" classname="com.aninfo.integration.cucumber.CucumberTest" time="0.0"/>
  <testcase name="Then The task is created successfully" classname="com.aninfo.integration.cucumber.CucumberTest" time="0.001"/>
  <testcase name="And Task is named task2" classname="com.aninfo.integration.cucumber.CucumberTest" time="0.0"/>
  <testcase name="Given Only one task named TaskToDelete" classname="com.aninfo.integration.cucumber.CucumberTest" time="0.0"/>
  <testcase name="When Trying to delete the task" classname="com.aninfo.integration.cucumber.CucumberTest" time="0.0"/>
  <testcase name="Then Task TaskToDelete can no longer be found" classname="com.aninfo.integration.cucumber.CucumberTest" time="0.001"/>
  <testcase name="Given A task named task2 and another named task3" classname="com.aninfo.integration.cucumber.CucumberTest" time="0.0"/>
  <testcase name="When Trying to delete task task2" classname="com.aninfo.integration.cucumber.CucumberTest" time="0.0"/>
  <testcase name="Then Task task2 can no longer be found" classname="com.aninfo.integration.cucumber.CucumberTest" time="0.0"/>
  <testcase name="And Task task3 can still be found" classname="com.aninfo.integration.cucumber.CucumberTest" time="0.001"/>
  <testcase name="Given Two tasks with names TaskA and TaskB" classname="com.aninfo.integration.cucumber.CucumberTest" time="0.0"/>
  <testcase name="When Trying to modified the task TaskB name to TaskC" classname="com.aninfo.integration.cucumber.CucumberTest" time="0.0"/>
  <testcase name="Then Name task is changed successfully to TaskC" classname="com.aninfo.integration.cucumber.CucumberTest" time="0.001"/>
  <testcase name="Given Two tasks with names TaskA and TaskB" classname="com.aninfo.integration.cucumber.CucumberTest" time="0.0"/>
  <testcase name="When Trying to modified the task TaskB name to TaskA" classname="com.aninfo.integration.cucumber.CucumberTest" time="0.0"/>
  <testcase name="Then Name task cannot be modified" classname="com.aninfo.integration.cucumber.CucumberTest" time="0.0"/>
  <testcase name="Given A task named DescriptiveTask with description This is a description example" classname="com.aninfo.integration.cucumber.CucumberTest" time="0.001"/>
  <testcase name="When Trying to modified the description to This is another description example" classname="com.aninfo.integration.cucumber.CucumberTest" time="0.0"/>
  <testcase name="Then Description is modified successfully to This is another description example" classname="com.aninfo.integration.cucumber.CucumberTest" time="0.0"/>
  <testcase name="Given A task named TaskE with estimated finish date 2007-12-03" classname="com.aninfo.integration.cucumber.CucumberTest" time="0.0"/>
  <testcase name="When Trying to change the estimated finish date to 2018-12-03" classname="com.aninfo.integration.cucumber.CucumberTest" time="0.001"/>
  <testcase name="Then Estimated finish date is changed successfully to 2018-12-03" classname="com.aninfo.integration.cucumber.CucumberTest" time="0.0"/>
  <testcase name="Given An existent task with name TaskS" classname="com.aninfo.integration.cucumber.CucumberTest" time="0.001"/>
  <testcase name="When Trying to modify the status to IN_PROGRESS" classname="com.aninfo.integration.cucumber.CucumberTest" time="0.0"/>
  <testcase name="Then Status is modified successfully to IN_PROGRESS" classname="com.aninfo.integration.cucumber.CucumberTest" time="0.0"/>
  <system-out><![CDATA[17:10:58.191 [Test worker] DEBUG org.springframework.test.context.BootstrapUtils - Instantiating CacheAwareContextLoaderDelegate from class [org.springframework.test.context.cache.DefaultCacheAwareContextLoaderDelegate]
17:10:58.235 [Test worker] DEBUG org.springframework.test.context.BootstrapUtils - Instantiating BootstrapContext using constructor [public org.springframework.test.context.support.DefaultBootstrapContext(java.lang.Class,org.springframework.test.context.CacheAwareContextLoaderDelegate)]
17:10:58.300 [Test worker] DEBUG org.springframework.test.context.BootstrapUtils - Instantiating TestContextBootstrapper for test class [com.aninfo.integration.cucumber.TaskEliminationTest] from class [org.springframework.boot.test.context.SpringBootTestContextBootstrapper]
17:10:58.345 [Test worker] DEBUG org.springframework.test.context.support.AbstractContextLoader - Did not detect default resource location for test class [com.aninfo.integration.cucumber.TaskIntegrationServiceTest]: class path resource [com/aninfo/integration/cucumber/TaskIntegrationServiceTest-context.xml] does not exist
17:10:58.345 [Test worker] DEBUG org.springframework.test.context.support.AbstractContextLoader - Did not detect default resource location for test class [com.aninfo.integration.cucumber.TaskIntegrationServiceTest]: class path resource [com/aninfo/integration/cucumber/TaskIntegrationServiceTestContext.groovy] does not exist
17:10:58.345 [Test worker] INFO org.springframework.test.context.support.AbstractContextLoader - Could not detect default resource locations for test class [com.aninfo.integration.cucumber.TaskIntegrationServiceTest]: no resource found for suffixes {-context.xml, Context.groovy}.
17:10:58.425 [Test worker] DEBUG org.springframework.test.context.support.ActiveProfilesUtils - Could not find an 'annotation declaring class' for annotation type [org.springframework.test.context.ActiveProfiles] and class [com.aninfo.integration.cucumber.TaskEliminationTest]
17:10:58.648 [Test worker] DEBUG org.springframework.boot.test.context.SpringBootTestContextBootstrapper - @TestExecutionListeners is not present for class [com.aninfo.integration.cucumber.TaskEliminationTest]: using defaults.
17:10:58.648 [Test worker] INFO org.springframework.boot.test.context.SpringBootTestContextBootstrapper - Loaded default TestExecutionListener class names from location [META-INF/spring.factories]: [org.springframework.boot.test.autoconfigure.restdocs.RestDocsTestExecutionListener, org.springframework.boot.test.autoconfigure.web.client.MockRestServiceServerResetTestExecutionListener, org.springframework.boot.test.autoconfigure.web.servlet.MockMvcPrintOnlyOnFailureTestExecutionListener, org.springframework.boot.test.autoconfigure.web.servlet.WebDriverTestExecutionListener, org.springframework.boot.test.mock.mockito.MockitoTestExecutionListener, org.springframework.boot.test.mock.mockito.ResetMocksTestExecutionListener, org.springframework.test.context.web.ServletTestExecutionListener, org.springframework.test.context.support.DirtiesContextBeforeModesTestExecutionListener, org.springframework.test.context.support.DependencyInjectionTestExecutionListener, org.springframework.test.context.support.DirtiesContextTestExecutionListener, org.springframework.test.context.transaction.TransactionalTestExecutionListener, org.springframework.test.context.jdbc.SqlScriptsTestExecutionListener, org.springframework.test.context.event.EventPublishingTestExecutionListener]
17:10:58.681 [Test worker] INFO org.springframework.boot.test.context.SpringBootTestContextBootstrapper - Using TestExecutionListeners: [org.springframework.test.context.web.ServletTestExecutionListener@31706d71, org.springframework.test.context.support.DirtiesContextBeforeModesTestExecutionListener@1889dc16, org.springframework.boot.test.mock.mockito.MockitoTestExecutionListener@7a3f241e, org.springframework.boot.test.autoconfigure.SpringBootDependencyInjectionTestExecutionListener@75ed2894, org.springframework.test.context.support.DirtiesContextTestExecutionListener@4744d8bd, org.springframework.test.context.transaction.TransactionalTestExecutionListener@11fbc52f, org.springframework.test.context.jdbc.SqlScriptsTestExecutionListener@12e70cda, org.springframework.test.context.event.EventPublishingTestExecutionListener@e522f9a, org.springframework.boot.test.autoconfigure.restdocs.RestDocsTestExecutionListener@6f329fdd, org.springframework.boot.test.autoconfigure.web.client.MockRestServiceServerResetTestExecutionListener@202feda9, org.springframework.boot.test.autoconfigure.web.servlet.MockMvcPrintOnlyOnFailureTestExecutionListener@a84b4aa, org.springframework.boot.test.autoconfigure.web.servlet.WebDriverTestExecutionListener@1535649f, org.springframework.boot.test.mock.mockito.ResetMocksTestExecutionListener@6e82cd93]
17:10:58.728 [Test worker] DEBUG org.springframework.test.context.support.TestPropertySourceUtils - Adding inlined properties to environment: {spring.jmx.enabled=false, org.springframework.boot.test.context.SpringBootTestContextBootstrapper=true, server.port=-1}

  .   ____          _            __ _ _
 /\\ / ___'_ __ _ _(_)_ __  __ _ \ \ \ \
( ( )\___ | '_ | '_| | '_ \/ _` | \ \ \ \
 \\/  ___)| |_)| | | | | || (_| |  ) ) ) )
  '  |____| .__|_| |_|_| |_\__, | / / / /
 =========|_|==============|___/=/_/_/_/
 :: Spring Boot ::        (v2.2.5.RELEASE)

2023-12-03 17:10:59.234  INFO 5520 --- [    Test worker] c.a.i.cucumber.TaskEliminationTest       : Starting TaskEliminationTest on LAPTOP-I5D4J9C4 with PID 5520 (started by camil in C:\Users\camil\Documents\aninfo\aninfotpg)
2023-12-03 17:10:59.234  INFO 5520 --- [    Test worker] c.a.i.cucumber.TaskEliminationTest       : No active profile set, falling back to default profiles: default
2023-12-03 17:11:00.897  INFO 5520 --- [    Test worker] .s.d.r.c.RepositoryConfigurationDelegate : Bootstrapping Spring Data JPA repositories in DEFAULT mode.
2023-12-03 17:11:01.166  INFO 5520 --- [    Test worker] .s.d.r.c.RepositoryConfigurationDelegate : Finished Spring Data repository scanning in 249ms. Found 2 JPA repository interfaces.
2023-12-03 17:11:02.835  INFO 5520 --- [    Test worker] o.hibernate.jpa.internal.util.LogHelper  : HHH000204: Processing PersistenceUnitInfo [name: default]
2023-12-03 17:11:02.989  INFO 5520 --- [    Test worker] org.hibernate.Version                    : HHH000412: Hibernate ORM core version 5.4.12.Final
2023-12-03 17:11:03.328  INFO 5520 --- [    Test worker] o.hibernate.annotations.common.Version   : HCANN000001: Hibernate Commons Annotations {5.1.0.Final}
2023-12-03 17:11:03.598  INFO 5520 --- [    Test worker] com.zaxxer.hikari.HikariDataSource       : HikariPool-1 - Starting...
2023-12-03 17:11:04.104  INFO 5520 --- [    Test worker] com.zaxxer.hikari.HikariDataSource       : HikariPool-1 - Start completed.
2023-12-03 17:11:04.173  INFO 5520 --- [    Test worker] org.hibernate.dialect.Dialect            : HHH000400: Using dialect: org.hibernate.dialect.H2Dialect
Hibernate: 
    
    drop table project if exists
Hibernate: 
    
    drop table task if exists
Hibernate: 
    
    drop sequence if exists hibernate_sequence
Hibernate: create sequence hibernate_sequence start with 1 increment by 1
Hibernate: 
    
    create table project (
       id bigint not null,
        creation_date date,
        description varchar(255),
        finish_date date,
        name varchar(255),
        project_leader_id bigint,
        start_date date,
        status integer,
        primary key (id)
    )
Hibernate: 
    
    create table task (
       id bigint not null,
        creation_date date,
        description varchar(255),
        estimated_duration bigint,
        finish_date date,
        name varchar(255),
        priority integer,
        project_id bigint,
        project_leader_id bigint,
        start_date date,
        status integer,
        primary key (id)
    )
2023-12-03 17:11:05.718  INFO 5520 --- [    Test worker] o.h.e.t.j.p.i.JtaPlatformInitiator       : HHH000490: Using JtaPlatform implementation: [org.hibernate.engine.transaction.jta.platform.internal.NoJtaPlatform]
2023-12-03 17:11:05.724  INFO 5520 --- [    Test worker] j.LocalContainerEntityManagerFactoryBean : Initialized JPA EntityManagerFactory for persistence unit 'default'
2023-12-03 17:11:07.239  WARN 5520 --- [    Test worker] JpaBaseConfiguration$JpaWebConfiguration : spring.jpa.open-in-view is enabled by default. Therefore, database queries may be performed during view rendering. Explicitly configure spring.jpa.open-in-view to disable this warning
2023-12-03 17:11:08.591  INFO 5520 --- [    Test worker] o.s.s.concurrent.ThreadPoolTaskExecutor  : Initializing ExecutorService 'applicationTaskExecutor'
2023-12-03 17:11:09.143  INFO 5520 --- [    Test worker] o.s.b.a.h2.H2ConsoleAutoConfiguration    : H2 console available at '/h2-console'. Database available at 'jdbc:h2:mem:DBNAME'
2023-12-03 17:11:10.261  INFO 5520 --- [    Test worker] c.a.i.cucumber.TaskEliminationTest       : Started TaskEliminationTest in 11.519 seconds (JVM running for 15.495)
Before any test execution
Before any test execution
Before any test execution
Before any test execution
Hibernate: 
    select
        project0_.id as id1_0_,
        project0_.creation_date as creation2_0_,
        project0_.description as descript3_0_,
        project0_.finish_date as finish_d4_0_,
        project0_.name as name5_0_,
        project0_.project_leader_id as project_6_0_,
        project0_.start_date as start_da7_0_,
        project0_.status as status8_0_ 
    from
        project project0_
Resetting system
Hibernate: 
    select
        task0_.id as id1_1_,
        task0_.creation_date as creation2_1_,
        task0_.description as descript3_1_,
        task0_.estimated_duration as estimate4_1_,
        task0_.finish_date as finish_d5_1_,
        task0_.name as name6_1_,
        task0_.priority as priority7_1_,
        task0_.project_id as project_8_1_,
        task0_.project_leader_id as project_9_1_,
        task0_.start_date as start_d10_1_,
        task0_.status as status11_1_ 
    from
        task task0_
Hibernate: 
    select
        project0_.id as id1_0_,
        project0_.creation_date as creation2_0_,
        project0_.description as descript3_0_,
        project0_.finish_date as finish_d4_0_,
        project0_.name as name5_0_,
        project0_.project_leader_id as project_6_0_,
        project0_.start_date as start_da7_0_,
        project0_.status as status8_0_ 
    from
        project project0_
After all test execution
Resetting system
Hibernate: 
    select
        project0_.id as id1_0_,
        project0_.creation_date as creation2_0_,
        project0_.description as descript3_0_,
        project0_.finish_date as finish_d4_0_,
        project0_.name as name5_0_,
        project0_.project_leader_id as project_6_0_,
        project0_.start_date as start_da7_0_,
        project0_.status as status8_0_ 
    from
        project project0_
Hibernate: 
    select
        task0_.id as id1_1_,
        task0_.creation_date as creation2_1_,
        task0_.description as descript3_1_,
        task0_.estimated_duration as estimate4_1_,
        task0_.finish_date as finish_d5_1_,
        task0_.name as name6_1_,
        task0_.priority as priority7_1_,
        task0_.project_id as project_8_1_,
        task0_.project_leader_id as project_9_1_,
        task0_.start_date as start_d10_1_,
        task0_.status as status11_1_ 
    from
        task task0_
After all test execution
Resetting system
Hibernate: 
    select
        project0_.id as id1_0_,
        project0_.creation_date as creation2_0_,
        project0_.description as descript3_0_,
        project0_.finish_date as finish_d4_0_,
        project0_.name as name5_0_,
        project0_.project_leader_id as project_6_0_,
        project0_.start_date as start_da7_0_,
        project0_.status as status8_0_ 
    from
        project project0_
Hibernate: 
    select
        project0_.id as id1_0_,
        project0_.creation_date as creation2_0_,
        project0_.description as descript3_0_,
        project0_.finish_date as finish_d4_0_,
        project0_.name as name5_0_,
        project0_.project_leader_id as project_6_0_,
        project0_.start_date as start_da7_0_,
        project0_.status as status8_0_ 
    from
        project project0_
After all test execution
After all test execution
Hibernate: 
    select
        task0_.id as id1_1_,
        task0_.creation_date as creation2_1_,
        task0_.description as descript3_1_,
        task0_.estimated_duration as estimate4_1_,
        task0_.finish_date as finish_d5_1_,
        task0_.name as name6_1_,
        task0_.priority as priority7_1_,
        task0_.project_id as project_8_1_,
        task0_.project_leader_id as project_9_1_,
        task0_.start_date as start_d10_1_,
        task0_.status as status11_1_ 
    from
        task task0_
Hibernate: 
    select
        task0_.id as id1_1_,
        task0_.creation_date as creation2_1_,
        task0_.description as descript3_1_,
        task0_.estimated_duration as estimate4_1_,
        task0_.finish_date as finish_d5_1_,
        task0_.name as name6_1_,
        task0_.priority as priority7_1_,
        task0_.project_id as project_8_1_,
        task0_.project_leader_id as project_9_1_,
        task0_.start_date as start_d10_1_,
        task0_.status as status11_1_ 
    from
        task task0_
After all test execution
2023-12-03 17:11:11.021  INFO 5520 --- [    Test worker] o.s.t.c.support.AbstractContextLoader    : Could not detect default resource locations for test class [com.aninfo.integration.cucumber.TaskIntegrationServiceTest]: no resource found for suffixes {-context.xml, Context.groovy}.
2023-12-03 17:11:11.023  INFO 5520 --- [    Test worker] .b.t.c.SpringBootTestContextBootstrapper : Loaded default TestExecutionListener class names from location [META-INF/spring.factories]: [org.springframework.boot.test.autoconfigure.restdocs.RestDocsTestExecutionListener, org.springframework.boot.test.autoconfigure.web.client.MockRestServiceServerResetTestExecutionListener, org.springframework.boot.test.autoconfigure.web.servlet.MockMvcPrintOnlyOnFailureTestExecutionListener, org.springframework.boot.test.autoconfigure.web.servlet.WebDriverTestExecutionListener, org.springframework.boot.test.mock.mockito.MockitoTestExecutionListener, org.springframework.boot.test.mock.mockito.ResetMocksTestExecutionListener, org.springframework.test.context.web.ServletTestExecutionListener, org.springframework.test.context.support.DirtiesContextBeforeModesTestExecutionListener, org.springframework.test.context.support.DependencyInjectionTestExecutionListener, org.springframework.test.context.support.DirtiesContextTestExecutionListener, org.springframework.test.context.transaction.TransactionalTestExecutionListener, org.springframework.test.context.jdbc.SqlScriptsTestExecutionListener, org.springframework.test.context.event.EventPublishingTestExecutionListener]
2023-12-03 17:11:11.024  INFO 5520 --- [    Test worker] .b.t.c.SpringBootTestContextBootstrapper : Using TestExecutionListeners: [org.springframework.test.context.web.ServletTestExecutionListener@43b83925, org.springframework.test.context.support.DirtiesContextBeforeModesTestExecutionListener@569c9272, org.springframework.boot.test.mock.mockito.MockitoTestExecutionListener@416cf84, org.springframework.boot.test.autoconfigure.SpringBootDependencyInjectionTestExecutionListener@557e1c7d, org.springframework.test.context.support.DirtiesContextTestExecutionListener@578d66e6, org.springframework.test.context.transaction.TransactionalTestExecutionListener@65306167, org.springframework.test.context.jdbc.SqlScriptsTestExecutionListener@5768f8aa, org.springframework.test.context.event.EventPublishingTestExecutionListener@72d08bce, org.springframework.boot.test.autoconfigure.restdocs.RestDocsTestExecutionListener@4e567924, org.springframework.boot.test.autoconfigure.web.client.MockRestServiceServerResetTestExecutionListener@280b02d0, org.springframework.boot.test.autoconfigure.web.servlet.MockMvcPrintOnlyOnFailureTestExecutionListener@383612d3, org.springframework.boot.test.autoconfigure.web.servlet.WebDriverTestExecutionListener@4ece60e0, org.springframework.boot.test.mock.mockito.ResetMocksTestExecutionListener@332caf44]
Before any test execution
Before any test execution
Before any test execution
Before any test execution
Hibernate: 
    select
        project0_.id as id1_0_,
        project0_.creation_date as creation2_0_,
        project0_.description as descript3_0_,
        project0_.finish_date as finish_d4_0_,
        project0_.name as name5_0_,
        project0_.project_leader_id as project_6_0_,
        project0_.start_date as start_da7_0_,
        project0_.status as status8_0_ 
    from
        project project0_ 
    where
        project0_.name=?
Hibernate: 
    call next value for hibernate_sequence
Hibernate: 
    insert 
    into
        project
        (creation_date, description, finish_date, name, project_leader_id, start_date, status, id) 
    values
        (?, ?, ?, ?, ?, ?, ?, ?)
Hibernate: 
    select
        project0_.id as id1_0_,
        project0_.creation_date as creation2_0_,
        project0_.description as descript3_0_,
        project0_.finish_date as finish_d4_0_,
        project0_.name as name5_0_,
        project0_.project_leader_id as project_6_0_,
        project0_.start_date as start_da7_0_,
        project0_.status as status8_0_ 
    from
        project project0_ 
    where
        project0_.name=?
Hibernate: 
    call next value for hibernate_sequence
Hibernate: 
    insert 
    into
        project
        (creation_date, description, finish_date, name, project_leader_id, start_date, status, id) 
    values
        (?, ?, ?, ?, ?, ?, ?, ?)
Hibernate: 
    select
        project0_.id as id1_0_,
        project0_.creation_date as creation2_0_,
        project0_.description as descript3_0_,
        project0_.finish_date as finish_d4_0_,
        project0_.name as name5_0_,
        project0_.project_leader_id as project_6_0_,
        project0_.start_date as start_da7_0_,
        project0_.status as status8_0_ 
    from
        project project0_
Hibernate: 
    select
        project0_.id as id1_0_,
        project0_.creation_date as creation2_0_,
        project0_.description as descript3_0_,
        project0_.finish_date as finish_d4_0_,
        project0_.name as name5_0_,
        project0_.project_leader_id as project_6_0_,
        project0_.start_date as start_da7_0_,
        project0_.status as status8_0_ 
    from
        project project0_
Resetting system
Hibernate: 
    select
        task0_.id as id1_1_,
        task0_.creation_date as creation2_1_,
        task0_.description as descript3_1_,
        task0_.estimated_duration as estimate4_1_,
        task0_.finish_date as finish_d5_1_,
        task0_.name as name6_1_,
        task0_.priority as priority7_1_,
        task0_.project_id as project_8_1_,
        task0_.project_leader_id as project_9_1_,
        task0_.start_date as start_d10_1_,
        task0_.status as status11_1_ 
    from
        task task0_
Hibernate: 
    select
        project0_.id as id1_0_,
        project0_.creation_date as creation2_0_,
        project0_.description as descript3_0_,
        project0_.finish_date as finish_d4_0_,
        project0_.name as name5_0_,
        project0_.project_leader_id as project_6_0_,
        project0_.start_date as start_da7_0_,
        project0_.status as status8_0_ 
    from
        project project0_
Hibernate: 
    delete 
    from
        project 
    where
        id=?
Hibernate: 
    delete 
    from
        project 
    where
        id=?
After all test execution
Resetting system
Hibernate: 
    select
        project0_.id as id1_0_,
        project0_.creation_date as creation2_0_,
        project0_.description as descript3_0_,
        project0_.finish_date as finish_d4_0_,
        project0_.name as name5_0_,
        project0_.project_leader_id as project_6_0_,
        project0_.start_date as start_da7_0_,
        project0_.status as status8_0_ 
    from
        project project0_
Hibernate: 
    select
        task0_.id as id1_1_,
        task0_.creation_date as creation2_1_,
        task0_.description as descript3_1_,
        task0_.estimated_duration as estimate4_1_,
        task0_.finish_date as finish_d5_1_,
        task0_.name as name6_1_,
        task0_.priority as priority7_1_,
        task0_.project_id as project_8_1_,
        task0_.project_leader_id as project_9_1_,
        task0_.start_date as start_d10_1_,
        task0_.status as status11_1_ 
    from
        task task0_
After all test execution
Resetting system
Hibernate: 
    select
        project0_.id as id1_0_,
        project0_.creation_date as creation2_0_,
        project0_.description as descript3_0_,
        project0_.finish_date as finish_d4_0_,
        project0_.name as name5_0_,
        project0_.project_leader_id as project_6_0_,
        project0_.start_date as start_da7_0_,
        project0_.status as status8_0_ 
    from
        project project0_
Hibernate: 
    select
        project0_.id as id1_0_,
        project0_.creation_date as creation2_0_,
        project0_.description as descript3_0_,
        project0_.finish_date as finish_d4_0_,
        project0_.name as name5_0_,
        project0_.project_leader_id as project_6_0_,
        project0_.start_date as start_da7_0_,
        project0_.status as status8_0_ 
    from
        project project0_
After all test execution
After all test execution
Hibernate: 
    select
        task0_.id as id1_1_,
        task0_.creation_date as creation2_1_,
        task0_.description as descript3_1_,
        task0_.estimated_duration as estimate4_1_,
        task0_.finish_date as finish_d5_1_,
        task0_.name as name6_1_,
        task0_.priority as priority7_1_,
        task0_.project_id as project_8_1_,
        task0_.project_leader_id as project_9_1_,
        task0_.start_date as start_d10_1_,
        task0_.status as status11_1_ 
    from
        task task0_
Hibernate: 
    select
        task0_.id as id1_1_,
        task0_.creation_date as creation2_1_,
        task0_.description as descript3_1_,
        task0_.estimated_duration as estimate4_1_,
        task0_.finish_date as finish_d5_1_,
        task0_.name as name6_1_,
        task0_.priority as priority7_1_,
        task0_.project_id as project_8_1_,
        task0_.project_leader_id as project_9_1_,
        task0_.start_date as start_d10_1_,
        task0_.status as status11_1_ 
    from
        task task0_
After all test execution
2023-12-03 17:11:11.260  INFO 5520 --- [    Test worker] o.s.t.c.support.AbstractContextLoader    : Could not detect default resource locations for test class [com.aninfo.integration.cucumber.TaskIntegrationServiceTest]: no resource found for suffixes {-context.xml, Context.groovy}.
2023-12-03 17:11:11.262  INFO 5520 --- [    Test worker] .b.t.c.SpringBootTestContextBootstrapper : Loaded default TestExecutionListener class names from location [META-INF/spring.factories]: [org.springframework.boot.test.autoconfigure.restdocs.RestDocsTestExecutionListener, org.springframework.boot.test.autoconfigure.web.client.MockRestServiceServerResetTestExecutionListener, org.springframework.boot.test.autoconfigure.web.servlet.MockMvcPrintOnlyOnFailureTestExecutionListener, org.springframework.boot.test.autoconfigure.web.servlet.WebDriverTestExecutionListener, org.springframework.boot.test.mock.mockito.MockitoTestExecutionListener, org.springframework.boot.test.mock.mockito.ResetMocksTestExecutionListener, org.springframework.test.context.web.ServletTestExecutionListener, org.springframework.test.context.support.DirtiesContextBeforeModesTestExecutionListener, org.springframework.test.context.support.DependencyInjectionTestExecutionListener, org.springframework.test.context.support.DirtiesContextTestExecutionListener, org.springframework.test.context.transaction.TransactionalTestExecutionListener, org.springframework.test.context.jdbc.SqlScriptsTestExecutionListener, org.springframework.test.context.event.EventPublishingTestExecutionListener]
2023-12-03 17:11:11.262  INFO 5520 --- [    Test worker] .b.t.c.SpringBootTestContextBootstrapper : Using TestExecutionListeners: [org.springframework.test.context.web.ServletTestExecutionListener@137bca64, org.springframework.test.context.support.DirtiesContextBeforeModesTestExecutionListener@2edca0bc, org.springframework.boot.test.mock.mockito.MockitoTestExecutionListener@4d3c71a1, org.springframework.boot.test.autoconfigure.SpringBootDependencyInjectionTestExecutionListener@69144af2, org.springframework.test.context.support.DirtiesContextTestExecutionListener@24f1855e, org.springframework.test.context.transaction.TransactionalTestExecutionListener@6f63083c, org.springframework.test.context.jdbc.SqlScriptsTestExecutionListener@41fcdd08, org.springframework.test.context.event.EventPublishingTestExecutionListener@a745c1f, org.springframework.boot.test.autoconfigure.restdocs.RestDocsTestExecutionListener@2287f37a, org.springframework.boot.test.autoconfigure.web.client.MockRestServiceServerResetTestExecutionListener@55523dfe, org.springframework.boot.test.autoconfigure.web.servlet.MockMvcPrintOnlyOnFailureTestExecutionListener@7261aec1, org.springframework.boot.test.autoconfigure.web.servlet.WebDriverTestExecutionListener@5a5d8036, org.springframework.boot.test.mock.mockito.ResetMocksTestExecutionListener@475cb424]
Before any test execution
Before any test execution
Before any test execution
Before any test execution
Hibernate: 
    select
        project0_.id as id1_0_,
        project0_.creation_date as creation2_0_,
        project0_.description as descript3_0_,
        project0_.finish_date as finish_d4_0_,
        project0_.name as name5_0_,
        project0_.project_leader_id as project_6_0_,
        project0_.start_date as start_da7_0_,
        project0_.status as status8_0_ 
    from
        project project0_ 
    where
        project0_.name=?
Hibernate: 
    call next value for hibernate_sequence
Hibernate: 
    insert 
    into
        project
        (creation_date, description, finish_date, name, project_leader_id, start_date, status, id) 
    values
        (?, ?, ?, ?, ?, ?, ?, ?)
Hibernate: 
    select
        project0_.id as id1_0_,
        project0_.creation_date as creation2_0_,
        project0_.description as descript3_0_,
        project0_.finish_date as finish_d4_0_,
        project0_.name as name5_0_,
        project0_.project_leader_id as project_6_0_,
        project0_.start_date as start_da7_0_,
        project0_.status as status8_0_ 
    from
        project project0_ 
    where
        project0_.name=?
Resetting system
Hibernate: 
    select
        task0_.id as id1_1_,
        task0_.creation_date as creation2_1_,
        task0_.description as descript3_1_,
        task0_.estimated_duration as estimate4_1_,
        task0_.finish_date as finish_d5_1_,
        task0_.name as name6_1_,
        task0_.priority as priority7_1_,
        task0_.project_id as project_8_1_,
        task0_.project_leader_id as project_9_1_,
        task0_.start_date as start_d10_1_,
        task0_.status as status11_1_ 
    from
        task task0_
Hibernate: 
    select
        project0_.id as id1_0_,
        project0_.creation_date as creation2_0_,
        project0_.description as descript3_0_,
        project0_.finish_date as finish_d4_0_,
        project0_.name as name5_0_,
        project0_.project_leader_id as project_6_0_,
        project0_.start_date as start_da7_0_,
        project0_.status as status8_0_ 
    from
        project project0_
Hibernate: 
    delete 
    from
        project 
    where
        id=?
After all test execution
Resetting system
Hibernate: 
    select
        project0_.id as id1_0_,
        project0_.creation_date as creation2_0_,
        project0_.description as descript3_0_,
        project0_.finish_date as finish_d4_0_,
        project0_.name as name5_0_,
        project0_.project_leader_id as project_6_0_,
        project0_.start_date as start_da7_0_,
        project0_.status as status8_0_ 
    from
        project project0_
Hibernate: 
    select
        task0_.id as id1_1_,
        task0_.creation_date as creation2_1_,
        task0_.description as descript3_1_,
        task0_.estimated_duration as estimate4_1_,
        task0_.finish_date as finish_d5_1_,
        task0_.name as name6_1_,
        task0_.priority as priority7_1_,
        task0_.project_id as project_8_1_,
        task0_.project_leader_id as project_9_1_,
        task0_.start_date as start_d10_1_,
        task0_.status as status11_1_ 
    from
        task task0_
After all test execution
Resetting system
Hibernate: 
    select
        project0_.id as id1_0_,
        project0_.creation_date as creation2_0_,
        project0_.description as descript3_0_,
        project0_.finish_date as finish_d4_0_,
        project0_.name as name5_0_,
        project0_.project_leader_id as project_6_0_,
        project0_.start_date as start_da7_0_,
        project0_.status as status8_0_ 
    from
        project project0_
Hibernate: 
    select
        project0_.id as id1_0_,
        project0_.creation_date as creation2_0_,
        project0_.description as descript3_0_,
        project0_.finish_date as finish_d4_0_,
        project0_.name as name5_0_,
        project0_.project_leader_id as project_6_0_,
        project0_.start_date as start_da7_0_,
        project0_.status as status8_0_ 
    from
        project project0_
After all test execution
After all test execution
Hibernate: 
    select
        task0_.id as id1_1_,
        task0_.creation_date as creation2_1_,
        task0_.description as descript3_1_,
        task0_.estimated_duration as estimate4_1_,
        task0_.finish_date as finish_d5_1_,
        task0_.name as name6_1_,
        task0_.priority as priority7_1_,
        task0_.project_id as project_8_1_,
        task0_.project_leader_id as project_9_1_,
        task0_.start_date as start_d10_1_,
        task0_.status as status11_1_ 
    from
        task task0_
Hibernate: 
    select
        task0_.id as id1_1_,
        task0_.creation_date as creation2_1_,
        task0_.description as descript3_1_,
        task0_.estimated_duration as estimate4_1_,
        task0_.finish_date as finish_d5_1_,
        task0_.name as name6_1_,
        task0_.priority as priority7_1_,
        task0_.project_id as project_8_1_,
        task0_.project_leader_id as project_9_1_,
        task0_.start_date as start_d10_1_,
        task0_.status as status11_1_ 
    from
        task task0_
After all test execution
2023-12-03 17:11:11.308  INFO 5520 --- [    Test worker] o.s.t.c.support.AbstractContextLoader    : Could not detect default resource locations for test class [com.aninfo.integration.cucumber.TaskIntegrationServiceTest]: no resource found for suffixes {-context.xml, Context.groovy}.
2023-12-03 17:11:11.311  INFO 5520 --- [    Test worker] .b.t.c.SpringBootTestContextBootstrapper : Loaded default TestExecutionListener class names from location [META-INF/spring.factories]: [org.springframework.boot.test.autoconfigure.restdocs.RestDocsTestExecutionListener, org.springframework.boot.test.autoconfigure.web.client.MockRestServiceServerResetTestExecutionListener, org.springframework.boot.test.autoconfigure.web.servlet.MockMvcPrintOnlyOnFailureTestExecutionListener, org.springframework.boot.test.autoconfigure.web.servlet.WebDriverTestExecutionListener, org.springframework.boot.test.mock.mockito.MockitoTestExecutionListener, org.springframework.boot.test.mock.mockito.ResetMocksTestExecutionListener, org.springframework.test.context.web.ServletTestExecutionListener, org.springframework.test.context.support.DirtiesContextBeforeModesTestExecutionListener, org.springframework.test.context.support.DependencyInjectionTestExecutionListener, org.springframework.test.context.support.DirtiesContextTestExecutionListener, org.springframework.test.context.transaction.TransactionalTestExecutionListener, org.springframework.test.context.jdbc.SqlScriptsTestExecutionListener, org.springframework.test.context.event.EventPublishingTestExecutionListener]
2023-12-03 17:11:11.311  INFO 5520 --- [    Test worker] .b.t.c.SpringBootTestContextBootstrapper : Using TestExecutionListeners: [org.springframework.test.context.web.ServletTestExecutionListener@23b769c9, org.springframework.test.context.support.DirtiesContextBeforeModesTestExecutionListener@28e07699, org.springframework.boot.test.mock.mockito.MockitoTestExecutionListener@7d7fd121, org.springframework.boot.test.autoconfigure.SpringBootDependencyInjectionTestExecutionListener@614c91a3, org.springframework.test.context.support.DirtiesContextTestExecutionListener@792d5562, org.springframework.test.context.transaction.TransactionalTestExecutionListener@5252b060, org.springframework.test.context.jdbc.SqlScriptsTestExecutionListener@512795d2, org.springframework.test.context.event.EventPublishingTestExecutionListener@5463c7dc, org.springframework.boot.test.autoconfigure.restdocs.RestDocsTestExecutionListener@47f60e77, org.springframework.boot.test.autoconfigure.web.client.MockRestServiceServerResetTestExecutionListener@e06759, org.springframework.boot.test.autoconfigure.web.servlet.MockMvcPrintOnlyOnFailureTestExecutionListener@6d84fb92, org.springframework.boot.test.autoconfigure.web.servlet.WebDriverTestExecutionListener@27938cd9, org.springframework.boot.test.mock.mockito.ResetMocksTestExecutionListener@50e1bbea]
Before any test execution
Before any test execution
Before any test execution
Before any test execution
Hibernate: 
    select
        project0_.id as id1_0_,
        project0_.creation_date as creation2_0_,
        project0_.description as descript3_0_,
        project0_.finish_date as finish_d4_0_,
        project0_.name as name5_0_,
        project0_.project_leader_id as project_6_0_,
        project0_.start_date as start_da7_0_,
        project0_.status as status8_0_ 
    from
        project project0_ 
    where
        project0_.name=?
Hibernate: 
    call next value for hibernate_sequence
Hibernate: 
    insert 
    into
        project
        (creation_date, description, finish_date, name, project_leader_id, start_date, status, id) 
    values
        (?, ?, ?, ?, ?, ?, ?, ?)
Hibernate: 
    select
        project0_.id as id1_0_,
        project0_.creation_date as creation2_0_,
        project0_.description as descript3_0_,
        project0_.finish_date as finish_d4_0_,
        project0_.name as name5_0_,
        project0_.project_leader_id as project_6_0_,
        project0_.start_date as start_da7_0_,
        project0_.status as status8_0_ 
    from
        project project0_ 
    where
        project0_.name=?
Resetting system
Hibernate: 
    select
        task0_.id as id1_1_,
        task0_.creation_date as creation2_1_,
        task0_.description as descript3_1_,
        task0_.estimated_duration as estimate4_1_,
        task0_.finish_date as finish_d5_1_,
        task0_.name as name6_1_,
        task0_.priority as priority7_1_,
        task0_.project_id as project_8_1_,
        task0_.project_leader_id as project_9_1_,
        task0_.start_date as start_d10_1_,
        task0_.status as status11_1_ 
    from
        task task0_
Hibernate: 
    select
        project0_.id as id1_0_,
        project0_.creation_date as creation2_0_,
        project0_.description as descript3_0_,
        project0_.finish_date as finish_d4_0_,
        project0_.name as name5_0_,
        project0_.project_leader_id as project_6_0_,
        project0_.start_date as start_da7_0_,
        project0_.status as status8_0_ 
    from
        project project0_
Hibernate: 
    delete 
    from
        project 
    where
        id=?
After all test execution
Resetting system
Hibernate: 
    select
        project0_.id as id1_0_,
        project0_.creation_date as creation2_0_,
        project0_.description as descript3_0_,
        project0_.finish_date as finish_d4_0_,
        project0_.name as name5_0_,
        project0_.project_leader_id as project_6_0_,
        project0_.start_date as start_da7_0_,
        project0_.status as status8_0_ 
    from
        project project0_
Hibernate: 
    select
        task0_.id as id1_1_,
        task0_.creation_date as creation2_1_,
        task0_.description as descript3_1_,
        task0_.estimated_duration as estimate4_1_,
        task0_.finish_date as finish_d5_1_,
        task0_.name as name6_1_,
        task0_.priority as priority7_1_,
        task0_.project_id as project_8_1_,
        task0_.project_leader_id as project_9_1_,
        task0_.start_date as start_d10_1_,
        task0_.status as status11_1_ 
    from
        task task0_
After all test execution
Resetting system
Hibernate: 
    select
        project0_.id as id1_0_,
        project0_.creation_date as creation2_0_,
        project0_.description as descript3_0_,
        project0_.finish_date as finish_d4_0_,
        project0_.name as name5_0_,
        project0_.project_leader_id as project_6_0_,
        project0_.start_date as start_da7_0_,
        project0_.status as status8_0_ 
    from
        project project0_
Hibernate: 
    select
        project0_.id as id1_0_,
        project0_.creation_date as creation2_0_,
        project0_.description as descript3_0_,
        project0_.finish_date as finish_d4_0_,
        project0_.name as name5_0_,
        project0_.project_leader_id as project_6_0_,
        project0_.start_date as start_da7_0_,
        project0_.status as status8_0_ 
    from
        project project0_
After all test execution
After all test execution
Hibernate: 
    select
        task0_.id as id1_1_,
        task0_.creation_date as creation2_1_,
        task0_.description as descript3_1_,
        task0_.estimated_duration as estimate4_1_,
        task0_.finish_date as finish_d5_1_,
        task0_.name as name6_1_,
        task0_.priority as priority7_1_,
        task0_.project_id as project_8_1_,
        task0_.project_leader_id as project_9_1_,
        task0_.start_date as start_d10_1_,
        task0_.status as status11_1_ 
    from
        task task0_
Hibernate: 
    select
        task0_.id as id1_1_,
        task0_.creation_date as creation2_1_,
        task0_.description as descript3_1_,
        task0_.estimated_duration as estimate4_1_,
        task0_.finish_date as finish_d5_1_,
        task0_.name as name6_1_,
        task0_.priority as priority7_1_,
        task0_.project_id as project_8_1_,
        task0_.project_leader_id as project_9_1_,
        task0_.start_date as start_d10_1_,
        task0_.status as status11_1_ 
    from
        task task0_
After all test execution
2023-12-03 17:11:11.350  INFO 5520 --- [    Test worker] o.s.t.c.support.AbstractContextLoader    : Could not detect default resource locations for test class [com.aninfo.integration.cucumber.TaskIntegrationServiceTest]: no resource found for suffixes {-context.xml, Context.groovy}.
2023-12-03 17:11:11.351  INFO 5520 --- [    Test worker] .b.t.c.SpringBootTestContextBootstrapper : Loaded default TestExecutionListener class names from location [META-INF/spring.factories]: [org.springframework.boot.test.autoconfigure.restdocs.RestDocsTestExecutionListener, org.springframework.boot.test.autoconfigure.web.client.MockRestServiceServerResetTestExecutionListener, org.springframework.boot.test.autoconfigure.web.servlet.MockMvcPrintOnlyOnFailureTestExecutionListener, org.springframework.boot.test.autoconfigure.web.servlet.WebDriverTestExecutionListener, org.springframework.boot.test.mock.mockito.MockitoTestExecutionListener, org.springframework.boot.test.mock.mockito.ResetMocksTestExecutionListener, org.springframework.test.context.web.ServletTestExecutionListener, org.springframework.test.context.support.DirtiesContextBeforeModesTestExecutionListener, org.springframework.test.context.support.DependencyInjectionTestExecutionListener, org.springframework.test.context.support.DirtiesContextTestExecutionListener, org.springframework.test.context.transaction.TransactionalTestExecutionListener, org.springframework.test.context.jdbc.SqlScriptsTestExecutionListener, org.springframework.test.context.event.EventPublishingTestExecutionListener]
2023-12-03 17:11:11.352  INFO 5520 --- [    Test worker] .b.t.c.SpringBootTestContextBootstrapper : Using TestExecutionListeners: [org.springframework.test.context.web.ServletTestExecutionListener@5a2f7e24, org.springframework.test.context.support.DirtiesContextBeforeModesTestExecutionListener@1501eb75, org.springframework.boot.test.mock.mockito.MockitoTestExecutionListener@ba936e7, org.springframework.boot.test.autoconfigure.SpringBootDependencyInjectionTestExecutionListener@5dd538b1, org.springframework.test.context.support.DirtiesContextTestExecutionListener@7caaa371, org.springframework.test.context.transaction.TransactionalTestExecutionListener@66eab5d2, org.springframework.test.context.jdbc.SqlScriptsTestExecutionListener@2436a9e6, org.springframework.test.context.event.EventPublishingTestExecutionListener@50521d61, org.springframework.boot.test.autoconfigure.restdocs.RestDocsTestExecutionListener@79ca9d31, org.springframework.boot.test.autoconfigure.web.client.MockRestServiceServerResetTestExecutionListener@4abde3ff, org.springframework.boot.test.autoconfigure.web.servlet.MockMvcPrintOnlyOnFailureTestExecutionListener@5bd51ad7, org.springframework.boot.test.autoconfigure.web.servlet.WebDriverTestExecutionListener@1b2cadd9, org.springframework.boot.test.mock.mockito.ResetMocksTestExecutionListener@36a28898]
Before any test execution
Before any test execution
Before any test execution
Before any test execution
Hibernate: 
    select
        project0_.id as id1_0_,
        project0_.creation_date as creation2_0_,
        project0_.description as descript3_0_,
        project0_.finish_date as finish_d4_0_,
        project0_.name as name5_0_,
        project0_.project_leader_id as project_6_0_,
        project0_.start_date as start_da7_0_,
        project0_.status as status8_0_ 
    from
        project project0_ 
    where
        project0_.name=?
Hibernate: 
    call next value for hibernate_sequence
Hibernate: 
    insert 
    into
        project
        (creation_date, description, finish_date, name, project_leader_id, start_date, status, id) 
    values
        (?, ?, ?, ?, ?, ?, ?, ?)
Resetting system
Hibernate: 
    select
        task0_.id as id1_1_,
        task0_.creation_date as creation2_1_,
        task0_.description as descript3_1_,
        task0_.estimated_duration as estimate4_1_,
        task0_.finish_date as finish_d5_1_,
        task0_.name as name6_1_,
        task0_.priority as priority7_1_,
        task0_.project_id as project_8_1_,
        task0_.project_leader_id as project_9_1_,
        task0_.start_date as start_d10_1_,
        task0_.status as status11_1_ 
    from
        task task0_
Hibernate: 
    select
        project0_.id as id1_0_,
        project0_.creation_date as creation2_0_,
        project0_.description as descript3_0_,
        project0_.finish_date as finish_d4_0_,
        project0_.name as name5_0_,
        project0_.project_leader_id as project_6_0_,
        project0_.start_date as start_da7_0_,
        project0_.status as status8_0_ 
    from
        project project0_
Hibernate: 
    delete 
    from
        project 
    where
        id=?
After all test execution
Resetting system
Hibernate: 
    select
        project0_.id as id1_0_,
        project0_.creation_date as creation2_0_,
        project0_.description as descript3_0_,
        project0_.finish_date as finish_d4_0_,
        project0_.name as name5_0_,
        project0_.project_leader_id as project_6_0_,
        project0_.start_date as start_da7_0_,
        project0_.status as status8_0_ 
    from
        project project0_
Hibernate: 
    select
        task0_.id as id1_1_,
        task0_.creation_date as creation2_1_,
        task0_.description as descript3_1_,
        task0_.estimated_duration as estimate4_1_,
        task0_.finish_date as finish_d5_1_,
        task0_.name as name6_1_,
        task0_.priority as priority7_1_,
        task0_.project_id as project_8_1_,
        task0_.project_leader_id as project_9_1_,
        task0_.start_date as start_d10_1_,
        task0_.status as status11_1_ 
    from
        task task0_
After all test execution
Resetting system
Hibernate: 
    select
        project0_.id as id1_0_,
        project0_.creation_date as creation2_0_,
        project0_.description as descript3_0_,
        project0_.finish_date as finish_d4_0_,
        project0_.name as name5_0_,
        project0_.project_leader_id as project_6_0_,
        project0_.start_date as start_da7_0_,
        project0_.status as status8_0_ 
    from
        project project0_
Hibernate: 
    select
        project0_.id as id1_0_,
        project0_.creation_date as creation2_0_,
        project0_.description as descript3_0_,
        project0_.finish_date as finish_d4_0_,
        project0_.name as name5_0_,
        project0_.project_leader_id as project_6_0_,
        project0_.start_date as start_da7_0_,
        project0_.status as status8_0_ 
    from
        project project0_
After all test execution
After all test execution
Hibernate: 
    select
        task0_.id as id1_1_,
        task0_.creation_date as creation2_1_,
        task0_.description as descript3_1_,
        task0_.estimated_duration as estimate4_1_,
        task0_.finish_date as finish_d5_1_,
        task0_.name as name6_1_,
        task0_.priority as priority7_1_,
        task0_.project_id as project_8_1_,
        task0_.project_leader_id as project_9_1_,
        task0_.start_date as start_d10_1_,
        task0_.status as status11_1_ 
    from
        task task0_
Hibernate: 
    select
        task0_.id as id1_1_,
        task0_.creation_date as creation2_1_,
        task0_.description as descript3_1_,
        task0_.estimated_duration as estimate4_1_,
        task0_.finish_date as finish_d5_1_,
        task0_.name as name6_1_,
        task0_.priority as priority7_1_,
        task0_.project_id as project_8_1_,
        task0_.project_leader_id as project_9_1_,
        task0_.start_date as start_d10_1_,
        task0_.status as status11_1_ 
    from
        task task0_
After all test execution
2023-12-03 17:11:11.384  INFO 5520 --- [    Test worker] o.s.t.c.support.AbstractContextLoader    : Could not detect default resource locations for test class [com.aninfo.integration.cucumber.TaskIntegrationServiceTest]: no resource found for suffixes {-context.xml, Context.groovy}.
2023-12-03 17:11:11.384  INFO 5520 --- [    Test worker] .b.t.c.SpringBootTestContextBootstrapper : Loaded default TestExecutionListener class names from location [META-INF/spring.factories]: [org.springframework.boot.test.autoconfigure.restdocs.RestDocsTestExecutionListener, org.springframework.boot.test.autoconfigure.web.client.MockRestServiceServerResetTestExecutionListener, org.springframework.boot.test.autoconfigure.web.servlet.MockMvcPrintOnlyOnFailureTestExecutionListener, org.springframework.boot.test.autoconfigure.web.servlet.WebDriverTestExecutionListener, org.springframework.boot.test.mock.mockito.MockitoTestExecutionListener, org.springframework.boot.test.mock.mockito.ResetMocksTestExecutionListener, org.springframework.test.context.web.ServletTestExecutionListener, org.springframework.test.context.support.DirtiesContextBeforeModesTestExecutionListener, org.springframework.test.context.support.DependencyInjectionTestExecutionListener, org.springframework.test.context.support.DirtiesContextTestExecutionListener, org.springframework.test.context.transaction.TransactionalTestExecutionListener, org.springframework.test.context.jdbc.SqlScriptsTestExecutionListener, org.springframework.test.context.event.EventPublishingTestExecutionListener]
2023-12-03 17:11:11.384  INFO 5520 --- [    Test worker] .b.t.c.SpringBootTestContextBootstrapper : Using TestExecutionListeners: [org.springframework.test.context.web.ServletTestExecutionListener@7e7926c1, org.springframework.test.context.support.DirtiesContextBeforeModesTestExecutionListener@74eefdb3, org.springframework.boot.test.mock.mockito.MockitoTestExecutionListener@98ae72c, org.springframework.boot.test.autoconfigure.SpringBootDependencyInjectionTestExecutionListener@32bae7dd, org.springframework.test.context.support.DirtiesContextTestExecutionListener@5c28065, org.springframework.test.context.transaction.TransactionalTestExecutionListener@6c2e60b, org.springframework.test.context.jdbc.SqlScriptsTestExecutionListener@582fd278, org.springframework.test.context.event.EventPublishingTestExecutionListener@3d4e52af, org.springframework.boot.test.autoconfigure.restdocs.RestDocsTestExecutionListener@2c9e2ccb, org.springframework.boot.test.autoconfigure.web.client.MockRestServiceServerResetTestExecutionListener@3d7d75ed, org.springframework.boot.test.autoconfigure.web.servlet.MockMvcPrintOnlyOnFailureTestExecutionListener@1be7cc28, org.springframework.boot.test.autoconfigure.web.servlet.WebDriverTestExecutionListener@54f32ed1, org.springframework.boot.test.mock.mockito.ResetMocksTestExecutionListener@956a8f0]
Before any test execution
Before any test execution
Before any test execution
Before any test execution
Hibernate: 
    select
        project0_.id as id1_0_,
        project0_.creation_date as creation2_0_,
        project0_.description as descript3_0_,
        project0_.finish_date as finish_d4_0_,
        project0_.name as name5_0_,
        project0_.project_leader_id as project_6_0_,
        project0_.start_date as start_da7_0_,
        project0_.status as status8_0_ 
    from
        project project0_ 
    where
        project0_.name=?
Hibernate: 
    call next value for hibernate_sequence
Hibernate: 
    insert 
    into
        project
        (creation_date, description, finish_date, name, project_leader_id, start_date, status, id) 
    values
        (?, ?, ?, ?, ?, ?, ?, ?)
Hibernate: 
    select
        project0_.id as id1_0_,
        project0_.creation_date as creation2_0_,
        project0_.description as descript3_0_,
        project0_.finish_date as finish_d4_0_,
        project0_.name as name5_0_,
        project0_.project_leader_id as project_6_0_,
        project0_.start_date as start_da7_0_,
        project0_.status as status8_0_ 
    from
        project project0_ 
    where
        project0_.name=?
Resetting system
Hibernate: 
    select
        task0_.id as id1_1_,
        task0_.creation_date as creation2_1_,
        task0_.description as descript3_1_,
        task0_.estimated_duration as estimate4_1_,
        task0_.finish_date as finish_d5_1_,
        task0_.name as name6_1_,
        task0_.priority as priority7_1_,
        task0_.project_id as project_8_1_,
        task0_.project_leader_id as project_9_1_,
        task0_.start_date as start_d10_1_,
        task0_.status as status11_1_ 
    from
        task task0_
Hibernate: 
    select
        project0_.id as id1_0_,
        project0_.creation_date as creation2_0_,
        project0_.description as descript3_0_,
        project0_.finish_date as finish_d4_0_,
        project0_.name as name5_0_,
        project0_.project_leader_id as project_6_0_,
        project0_.start_date as start_da7_0_,
        project0_.status as status8_0_ 
    from
        project project0_
Hibernate: 
    delete 
    from
        project 
    where
        id=?
After all test execution
Resetting system
Hibernate: 
    select
        project0_.id as id1_0_,
        project0_.creation_date as creation2_0_,
        project0_.description as descript3_0_,
        project0_.finish_date as finish_d4_0_,
        project0_.name as name5_0_,
        project0_.project_leader_id as project_6_0_,
        project0_.start_date as start_da7_0_,
        project0_.status as status8_0_ 
    from
        project project0_
Hibernate: 
    select
        task0_.id as id1_1_,
        task0_.creation_date as creation2_1_,
        task0_.description as descript3_1_,
        task0_.estimated_duration as estimate4_1_,
        task0_.finish_date as finish_d5_1_,
        task0_.name as name6_1_,
        task0_.priority as priority7_1_,
        task0_.project_id as project_8_1_,
        task0_.project_leader_id as project_9_1_,
        task0_.start_date as start_d10_1_,
        task0_.status as status11_1_ 
    from
        task task0_
After all test execution
Resetting system
Hibernate: 
    select
        project0_.id as id1_0_,
        project0_.creation_date as creation2_0_,
        project0_.description as descript3_0_,
        project0_.finish_date as finish_d4_0_,
        project0_.name as name5_0_,
        project0_.project_leader_id as project_6_0_,
        project0_.start_date as start_da7_0_,
        project0_.status as status8_0_ 
    from
        project project0_
Hibernate: 
    select
        project0_.id as id1_0_,
        project0_.creation_date as creation2_0_,
        project0_.description as descript3_0_,
        project0_.finish_date as finish_d4_0_,
        project0_.name as name5_0_,
        project0_.project_leader_id as project_6_0_,
        project0_.start_date as start_da7_0_,
        project0_.status as status8_0_ 
    from
        project project0_
After all test execution
After all test execution
Hibernate: 
    select
        task0_.id as id1_1_,
        task0_.creation_date as creation2_1_,
        task0_.description as descript3_1_,
        task0_.estimated_duration as estimate4_1_,
        task0_.finish_date as finish_d5_1_,
        task0_.name as name6_1_,
        task0_.priority as priority7_1_,
        task0_.project_id as project_8_1_,
        task0_.project_leader_id as project_9_1_,
        task0_.start_date as start_d10_1_,
        task0_.status as status11_1_ 
    from
        task task0_
Hibernate: 
    select
        task0_.id as id1_1_,
        task0_.creation_date as creation2_1_,
        task0_.description as descript3_1_,
        task0_.estimated_duration as estimate4_1_,
        task0_.finish_date as finish_d5_1_,
        task0_.name as name6_1_,
        task0_.priority as priority7_1_,
        task0_.project_id as project_8_1_,
        task0_.project_leader_id as project_9_1_,
        task0_.start_date as start_d10_1_,
        task0_.status as status11_1_ 
    from
        task task0_
After all test execution
2023-12-03 17:11:11.430  INFO 5520 --- [    Test worker] o.s.t.c.support.AbstractContextLoader    : Could not detect default resource locations for test class [com.aninfo.integration.cucumber.TaskIntegrationServiceTest]: no resource found for suffixes {-context.xml, Context.groovy}.
2023-12-03 17:11:11.432  INFO 5520 --- [    Test worker] .b.t.c.SpringBootTestContextBootstrapper : Loaded default TestExecutionListener class names from location [META-INF/spring.factories]: [org.springframework.boot.test.autoconfigure.restdocs.RestDocsTestExecutionListener, org.springframework.boot.test.autoconfigure.web.client.MockRestServiceServerResetTestExecutionListener, org.springframework.boot.test.autoconfigure.web.servlet.MockMvcPrintOnlyOnFailureTestExecutionListener, org.springframework.boot.test.autoconfigure.web.servlet.WebDriverTestExecutionListener, org.springframework.boot.test.mock.mockito.MockitoTestExecutionListener, org.springframework.boot.test.mock.mockito.ResetMocksTestExecutionListener, org.springframework.test.context.web.ServletTestExecutionListener, org.springframework.test.context.support.DirtiesContextBeforeModesTestExecutionListener, org.springframework.test.context.support.DependencyInjectionTestExecutionListener, org.springframework.test.context.support.DirtiesContextTestExecutionListener, org.springframework.test.context.transaction.TransactionalTestExecutionListener, org.springframework.test.context.jdbc.SqlScriptsTestExecutionListener, org.springframework.test.context.event.EventPublishingTestExecutionListener]
2023-12-03 17:11:11.432  INFO 5520 --- [    Test worker] .b.t.c.SpringBootTestContextBootstrapper : Using TestExecutionListeners: [org.springframework.test.context.web.ServletTestExecutionListener@101f7966, org.springframework.test.context.support.DirtiesContextBeforeModesTestExecutionListener@6de5bb84, org.springframework.boot.test.mock.mockito.MockitoTestExecutionListener@1d642b3b, org.springframework.boot.test.autoconfigure.SpringBootDependencyInjectionTestExecutionListener@3f584009, org.springframework.test.context.support.DirtiesContextTestExecutionListener@54e7dacd, org.springframework.test.context.transaction.TransactionalTestExecutionListener@141e724e, org.springframework.test.context.jdbc.SqlScriptsTestExecutionListener@289fae05, org.springframework.test.context.event.EventPublishingTestExecutionListener@553afb17, org.springframework.boot.test.autoconfigure.restdocs.RestDocsTestExecutionListener@3f6162cf, org.springframework.boot.test.autoconfigure.web.client.MockRestServiceServerResetTestExecutionListener@588afb6f, org.springframework.boot.test.autoconfigure.web.servlet.MockMvcPrintOnlyOnFailureTestExecutionListener@db089fd, org.springframework.boot.test.autoconfigure.web.servlet.WebDriverTestExecutionListener@f50291f, org.springframework.boot.test.mock.mockito.ResetMocksTestExecutionListener@3b934520]
Before any test execution
Before any test execution
Before any test execution
Before any test execution
Hibernate: 
    select
        project0_.id as id1_0_,
        project0_.creation_date as creation2_0_,
        project0_.description as descript3_0_,
        project0_.finish_date as finish_d4_0_,
        project0_.name as name5_0_,
        project0_.project_leader_id as project_6_0_,
        project0_.start_date as start_da7_0_,
        project0_.status as status8_0_ 
    from
        project project0_ 
    where
        project0_.name=?
Hibernate: 
    call next value for hibernate_sequence
Hibernate: 
    insert 
    into
        project
        (creation_date, description, finish_date, name, project_leader_id, start_date, status, id) 
    values
        (?, ?, ?, ?, ?, ?, ?, ?)
Hibernate: 
    select
        project0_.id as id1_0_,
        project0_.creation_date as creation2_0_,
        project0_.description as descript3_0_,
        project0_.finish_date as finish_d4_0_,
        project0_.name as name5_0_,
        project0_.project_leader_id as project_6_0_,
        project0_.start_date as start_da7_0_,
        project0_.status as status8_0_ 
    from
        project project0_ 
    where
        project0_.name=?
Hibernate: 
    call next value for hibernate_sequence
Hibernate: 
    insert 
    into
        project
        (creation_date, description, finish_date, name, project_leader_id, start_date, status, id) 
    values
        (?, ?, ?, ?, ?, ?, ?, ?)
Resetting system
Hibernate: 
    select
        task0_.id as id1_1_,
        task0_.creation_date as creation2_1_,
        task0_.description as descript3_1_,
        task0_.estimated_duration as estimate4_1_,
        task0_.finish_date as finish_d5_1_,
        task0_.name as name6_1_,
        task0_.priority as priority7_1_,
        task0_.project_id as project_8_1_,
        task0_.project_leader_id as project_9_1_,
        task0_.start_date as start_d10_1_,
        task0_.status as status11_1_ 
    from
        task task0_
Hibernate: 
    select
        project0_.id as id1_0_,
        project0_.creation_date as creation2_0_,
        project0_.description as descript3_0_,
        project0_.finish_date as finish_d4_0_,
        project0_.name as name5_0_,
        project0_.project_leader_id as project_6_0_,
        project0_.start_date as start_da7_0_,
        project0_.status as status8_0_ 
    from
        project project0_
Hibernate: 
    delete 
    from
        project 
    where
        id=?
Hibernate: 
    delete 
    from
        project 
    where
        id=?
After all test execution
Resetting system
Hibernate: 
    select
        project0_.id as id1_0_,
        project0_.creation_date as creation2_0_,
        project0_.description as descript3_0_,
        project0_.finish_date as finish_d4_0_,
        project0_.name as name5_0_,
        project0_.project_leader_id as project_6_0_,
        project0_.start_date as start_da7_0_,
        project0_.status as status8_0_ 
    from
        project project0_
Hibernate: 
    select
        task0_.id as id1_1_,
        task0_.creation_date as creation2_1_,
        task0_.description as descript3_1_,
        task0_.estimated_duration as estimate4_1_,
        task0_.finish_date as finish_d5_1_,
        task0_.name as name6_1_,
        task0_.priority as priority7_1_,
        task0_.project_id as project_8_1_,
        task0_.project_leader_id as project_9_1_,
        task0_.start_date as start_d10_1_,
        task0_.status as status11_1_ 
    from
        task task0_
After all test execution
Resetting system
Hibernate: 
    select
        project0_.id as id1_0_,
        project0_.creation_date as creation2_0_,
        project0_.description as descript3_0_,
        project0_.finish_date as finish_d4_0_,
        project0_.name as name5_0_,
        project0_.project_leader_id as project_6_0_,
        project0_.start_date as start_da7_0_,
        project0_.status as status8_0_ 
    from
        project project0_
Hibernate: 
    select
        project0_.id as id1_0_,
        project0_.creation_date as creation2_0_,
        project0_.description as descript3_0_,
        project0_.finish_date as finish_d4_0_,
        project0_.name as name5_0_,
        project0_.project_leader_id as project_6_0_,
        project0_.start_date as start_da7_0_,
        project0_.status as status8_0_ 
    from
        project project0_
After all test execution
After all test execution
Hibernate: 
    select
        task0_.id as id1_1_,
        task0_.creation_date as creation2_1_,
        task0_.description as descript3_1_,
        task0_.estimated_duration as estimate4_1_,
        task0_.finish_date as finish_d5_1_,
        task0_.name as name6_1_,
        task0_.priority as priority7_1_,
        task0_.project_id as project_8_1_,
        task0_.project_leader_id as project_9_1_,
        task0_.start_date as start_d10_1_,
        task0_.status as status11_1_ 
    from
        task task0_
Hibernate: 
    select
        task0_.id as id1_1_,
        task0_.creation_date as creation2_1_,
        task0_.description as descript3_1_,
        task0_.estimated_duration as estimate4_1_,
        task0_.finish_date as finish_d5_1_,
        task0_.name as name6_1_,
        task0_.priority as priority7_1_,
        task0_.project_id as project_8_1_,
        task0_.project_leader_id as project_9_1_,
        task0_.start_date as start_d10_1_,
        task0_.status as status11_1_ 
    from
        task task0_
After all test execution
2023-12-03 17:11:11.469  INFO 5520 --- [    Test worker] o.s.t.c.support.AbstractContextLoader    : Could not detect default resource locations for test class [com.aninfo.integration.cucumber.TaskIntegrationServiceTest]: no resource found for suffixes {-context.xml, Context.groovy}.
2023-12-03 17:11:11.471  INFO 5520 --- [    Test worker] .b.t.c.SpringBootTestContextBootstrapper : Loaded default TestExecutionListener class names from location [META-INF/spring.factories]: [org.springframework.boot.test.autoconfigure.restdocs.RestDocsTestExecutionListener, org.springframework.boot.test.autoconfigure.web.client.MockRestServiceServerResetTestExecutionListener, org.springframework.boot.test.autoconfigure.web.servlet.MockMvcPrintOnlyOnFailureTestExecutionListener, org.springframework.boot.test.autoconfigure.web.servlet.WebDriverTestExecutionListener, org.springframework.boot.test.mock.mockito.MockitoTestExecutionListener, org.springframework.boot.test.mock.mockito.ResetMocksTestExecutionListener, org.springframework.test.context.web.ServletTestExecutionListener, org.springframework.test.context.support.DirtiesContextBeforeModesTestExecutionListener, org.springframework.test.context.support.DependencyInjectionTestExecutionListener, org.springframework.test.context.support.DirtiesContextTestExecutionListener, org.springframework.test.context.transaction.TransactionalTestExecutionListener, org.springframework.test.context.jdbc.SqlScriptsTestExecutionListener, org.springframework.test.context.event.EventPublishingTestExecutionListener]
2023-12-03 17:11:11.472  INFO 5520 --- [    Test worker] .b.t.c.SpringBootTestContextBootstrapper : Using TestExecutionListeners: [org.springframework.test.context.web.ServletTestExecutionListener@10dcbc45, org.springframework.test.context.support.DirtiesContextBeforeModesTestExecutionListener@570dcb68, org.springframework.boot.test.mock.mockito.MockitoTestExecutionListener@4410afa5, org.springframework.boot.test.autoconfigure.SpringBootDependencyInjectionTestExecutionListener@12bfa5bf, org.springframework.test.context.support.DirtiesContextTestExecutionListener@67740d39, org.springframework.test.context.transaction.TransactionalTestExecutionListener@5e9bcc34, org.springframework.test.context.jdbc.SqlScriptsTestExecutionListener@1fb72dc5, org.springframework.test.context.event.EventPublishingTestExecutionListener@70cae1d1, org.springframework.boot.test.autoconfigure.restdocs.RestDocsTestExecutionListener@37902734, org.springframework.boot.test.autoconfigure.web.client.MockRestServiceServerResetTestExecutionListener@37eaa79e, org.springframework.boot.test.autoconfigure.web.servlet.MockMvcPrintOnlyOnFailureTestExecutionListener@11957da3, org.springframework.boot.test.autoconfigure.web.servlet.WebDriverTestExecutionListener@36f6c229, org.springframework.boot.test.mock.mockito.ResetMocksTestExecutionListener@69ea44]
Before any test execution
Before any test execution
Before any test execution
Before any test execution
Hibernate: 
    select
        project0_.id as id1_0_,
        project0_.creation_date as creation2_0_,
        project0_.description as descript3_0_,
        project0_.finish_date as finish_d4_0_,
        project0_.name as name5_0_,
        project0_.project_leader_id as project_6_0_,
        project0_.start_date as start_da7_0_,
        project0_.status as status8_0_ 
    from
        project project0_ 
    where
        project0_.name=?
Hibernate: 
    call next value for hibernate_sequence
Hibernate: 
    insert 
    into
        project
        (creation_date, description, finish_date, name, project_leader_id, start_date, status, id) 
    values
        (?, ?, ?, ?, ?, ?, ?, ?)
Hibernate: 
    select
        project0_.id as id1_0_,
        project0_.creation_date as creation2_0_,
        project0_.description as descript3_0_,
        project0_.finish_date as finish_d4_0_,
        project0_.name as name5_0_,
        project0_.project_leader_id as project_6_0_,
        project0_.start_date as start_da7_0_,
        project0_.status as status8_0_ 
    from
        project project0_ 
    where
        project0_.name=?
Hibernate: 
    select
        project0_.id as id1_0_0_,
        project0_.creation_date as creation2_0_0_,
        project0_.description as descript3_0_0_,
        project0_.finish_date as finish_d4_0_0_,
        project0_.name as name5_0_0_,
        project0_.project_leader_id as project_6_0_0_,
        project0_.start_date as start_da7_0_0_,
        project0_.status as status8_0_0_ 
    from
        project project0_ 
    where
        project0_.id=?
Hibernate: 
    delete 
    from
        project 
    where
        id=?
Hibernate: 
    select
        project0_.id as id1_0_,
        project0_.creation_date as creation2_0_,
        project0_.description as descript3_0_,
        project0_.finish_date as finish_d4_0_,
        project0_.name as name5_0_,
        project0_.project_leader_id as project_6_0_,
        project0_.start_date as start_da7_0_,
        project0_.status as status8_0_ 
    from
        project project0_ 
    where
        project0_.name=?
Resetting system
Hibernate: 
    select
        task0_.id as id1_1_,
        task0_.creation_date as creation2_1_,
        task0_.description as descript3_1_,
        task0_.estimated_duration as estimate4_1_,
        task0_.finish_date as finish_d5_1_,
        task0_.name as name6_1_,
        task0_.priority as priority7_1_,
        task0_.project_id as project_8_1_,
        task0_.project_leader_id as project_9_1_,
        task0_.start_date as start_d10_1_,
        task0_.status as status11_1_ 
    from
        task task0_
Hibernate: 
    select
        project0_.id as id1_0_,
        project0_.creation_date as creation2_0_,
        project0_.description as descript3_0_,
        project0_.finish_date as finish_d4_0_,
        project0_.name as name5_0_,
        project0_.project_leader_id as project_6_0_,
        project0_.start_date as start_da7_0_,
        project0_.status as status8_0_ 
    from
        project project0_
After all test execution
Resetting system
Hibernate: 
    select
        project0_.id as id1_0_,
        project0_.creation_date as creation2_0_,
        project0_.description as descript3_0_,
        project0_.finish_date as finish_d4_0_,
        project0_.name as name5_0_,
        project0_.project_leader_id as project_6_0_,
        project0_.start_date as start_da7_0_,
        project0_.status as status8_0_ 
    from
        project project0_
Hibernate: 
    select
        task0_.id as id1_1_,
        task0_.creation_date as creation2_1_,
        task0_.description as descript3_1_,
        task0_.estimated_duration as estimate4_1_,
        task0_.finish_date as finish_d5_1_,
        task0_.name as name6_1_,
        task0_.priority as priority7_1_,
        task0_.project_id as project_8_1_,
        task0_.project_leader_id as project_9_1_,
        task0_.start_date as start_d10_1_,
        task0_.status as status11_1_ 
    from
        task task0_
After all test execution
Resetting system
Hibernate: 
    select
        project0_.id as id1_0_,
        project0_.creation_date as creation2_0_,
        project0_.description as descript3_0_,
        project0_.finish_date as finish_d4_0_,
        project0_.name as name5_0_,
        project0_.project_leader_id as project_6_0_,
        project0_.start_date as start_da7_0_,
        project0_.status as status8_0_ 
    from
        project project0_
Hibernate: 
    select
        project0_.id as id1_0_,
        project0_.creation_date as creation2_0_,
        project0_.description as descript3_0_,
        project0_.finish_date as finish_d4_0_,
        project0_.name as name5_0_,
        project0_.project_leader_id as project_6_0_,
        project0_.start_date as start_da7_0_,
        project0_.status as status8_0_ 
    from
        project project0_
After all test execution
After all test execution
Hibernate: 
    select
        task0_.id as id1_1_,
        task0_.creation_date as creation2_1_,
        task0_.description as descript3_1_,
        task0_.estimated_duration as estimate4_1_,
        task0_.finish_date as finish_d5_1_,
        task0_.name as name6_1_,
        task0_.priority as priority7_1_,
        task0_.project_id as project_8_1_,
        task0_.project_leader_id as project_9_1_,
        task0_.start_date as start_d10_1_,
        task0_.status as status11_1_ 
    from
        task task0_
Hibernate: 
    select
        task0_.id as id1_1_,
        task0_.creation_date as creation2_1_,
        task0_.description as descript3_1_,
        task0_.estimated_duration as estimate4_1_,
        task0_.finish_date as finish_d5_1_,
        task0_.name as name6_1_,
        task0_.priority as priority7_1_,
        task0_.project_id as project_8_1_,
        task0_.project_leader_id as project_9_1_,
        task0_.start_date as start_d10_1_,
        task0_.status as status11_1_ 
    from
        task task0_
After all test execution
2023-12-03 17:11:11.509  INFO 5520 --- [    Test worker] o.s.t.c.support.AbstractContextLoader    : Could not detect default resource locations for test class [com.aninfo.integration.cucumber.TaskIntegrationServiceTest]: no resource found for suffixes {-context.xml, Context.groovy}.
2023-12-03 17:11:11.509  INFO 5520 --- [    Test worker] .b.t.c.SpringBootTestContextBootstrapper : Loaded default TestExecutionListener class names from location [META-INF/spring.factories]: [org.springframework.boot.test.autoconfigure.restdocs.RestDocsTestExecutionListener, org.springframework.boot.test.autoconfigure.web.client.MockRestServiceServerResetTestExecutionListener, org.springframework.boot.test.autoconfigure.web.servlet.MockMvcPrintOnlyOnFailureTestExecutionListener, org.springframework.boot.test.autoconfigure.web.servlet.WebDriverTestExecutionListener, org.springframework.boot.test.mock.mockito.MockitoTestExecutionListener, org.springframework.boot.test.mock.mockito.ResetMocksTestExecutionListener, org.springframework.test.context.web.ServletTestExecutionListener, org.springframework.test.context.support.DirtiesContextBeforeModesTestExecutionListener, org.springframework.test.context.support.DependencyInjectionTestExecutionListener, org.springframework.test.context.support.DirtiesContextTestExecutionListener, org.springframework.test.context.transaction.TransactionalTestExecutionListener, org.springframework.test.context.jdbc.SqlScriptsTestExecutionListener, org.springframework.test.context.event.EventPublishingTestExecutionListener]
2023-12-03 17:11:11.524  INFO 5520 --- [    Test worker] .b.t.c.SpringBootTestContextBootstrapper : Using TestExecutionListeners: [org.springframework.test.context.web.ServletTestExecutionListener@2967fe4f, org.springframework.test.context.support.DirtiesContextBeforeModesTestExecutionListener@646bf263, org.springframework.boot.test.mock.mockito.MockitoTestExecutionListener@7e95785a, org.springframework.boot.test.autoconfigure.SpringBootDependencyInjectionTestExecutionListener@339d7ac1, org.springframework.test.context.support.DirtiesContextTestExecutionListener@251e7f7b, org.springframework.test.context.transaction.TransactionalTestExecutionListener@1e5d7951, org.springframework.test.context.jdbc.SqlScriptsTestExecutionListener@4b5f8568, org.springframework.test.context.event.EventPublishingTestExecutionListener@134cb5b0, org.springframework.boot.test.autoconfigure.restdocs.RestDocsTestExecutionListener@45fff505, org.springframework.boot.test.autoconfigure.web.client.MockRestServiceServerResetTestExecutionListener@309d9b1a, org.springframework.boot.test.autoconfigure.web.servlet.MockMvcPrintOnlyOnFailureTestExecutionListener@75e3ca4, org.springframework.boot.test.autoconfigure.web.servlet.WebDriverTestExecutionListener@71c9e8ca, org.springframework.boot.test.mock.mockito.ResetMocksTestExecutionListener@4b246c2b]
Before any test execution
Before any test execution
Before any test execution
Before any test execution
Hibernate: 
    select
        project0_.id as id1_0_,
        project0_.creation_date as creation2_0_,
        project0_.description as descript3_0_,
        project0_.finish_date as finish_d4_0_,
        project0_.name as name5_0_,
        project0_.project_leader_id as project_6_0_,
        project0_.start_date as start_da7_0_,
        project0_.status as status8_0_ 
    from
        project project0_ 
    where
        project0_.name=?
Hibernate: 
    call next value for hibernate_sequence
Hibernate: 
    insert 
    into
        project
        (creation_date, description, finish_date, name, project_leader_id, start_date, status, id) 
    values
        (?, ?, ?, ?, ?, ?, ?, ?)
Hibernate: 
    select
        project0_.id as id1_0_,
        project0_.creation_date as creation2_0_,
        project0_.description as descript3_0_,
        project0_.finish_date as finish_d4_0_,
        project0_.name as name5_0_,
        project0_.project_leader_id as project_6_0_,
        project0_.start_date as start_da7_0_,
        project0_.status as status8_0_ 
    from
        project project0_ 
    where
        project0_.name=?
Hibernate: 
    call next value for hibernate_sequence
Hibernate: 
    insert 
    into
        project
        (creation_date, description, finish_date, name, project_leader_id, start_date, status, id) 
    values
        (?, ?, ?, ?, ?, ?, ?, ?)
Hibernate: 
    select
        project0_.id as id1_0_,
        project0_.creation_date as creation2_0_,
        project0_.description as descript3_0_,
        project0_.finish_date as finish_d4_0_,
        project0_.name as name5_0_,
        project0_.project_leader_id as project_6_0_,
        project0_.start_date as start_da7_0_,
        project0_.status as status8_0_ 
    from
        project project0_ 
    where
        project0_.name=?
Hibernate: 
    select
        project0_.id as id1_0_0_,
        project0_.creation_date as creation2_0_0_,
        project0_.description as descript3_0_0_,
        project0_.finish_date as finish_d4_0_0_,
        project0_.name as name5_0_0_,
        project0_.project_leader_id as project_6_0_0_,
        project0_.start_date as start_da7_0_0_,
        project0_.status as status8_0_0_ 
    from
        project project0_ 
    where
        project0_.id=?
Hibernate: 
    delete 
    from
        project 
    where
        id=?
Hibernate: 
    select
        project0_.id as id1_0_,
        project0_.creation_date as creation2_0_,
        project0_.description as descript3_0_,
        project0_.finish_date as finish_d4_0_,
        project0_.name as name5_0_,
        project0_.project_leader_id as project_6_0_,
        project0_.start_date as start_da7_0_,
        project0_.status as status8_0_ 
    from
        project project0_ 
    where
        project0_.name=?
Hibernate: 
    select
        project0_.id as id1_0_,
        project0_.creation_date as creation2_0_,
        project0_.description as descript3_0_,
        project0_.finish_date as finish_d4_0_,
        project0_.name as name5_0_,
        project0_.project_leader_id as project_6_0_,
        project0_.start_date as start_da7_0_,
        project0_.status as status8_0_ 
    from
        project project0_ 
    where
        project0_.name=?
Resetting system
Hibernate: 
    select
        task0_.id as id1_1_,
        task0_.creation_date as creation2_1_,
        task0_.description as descript3_1_,
        task0_.estimated_duration as estimate4_1_,
        task0_.finish_date as finish_d5_1_,
        task0_.name as name6_1_,
        task0_.priority as priority7_1_,
        task0_.project_id as project_8_1_,
        task0_.project_leader_id as project_9_1_,
        task0_.start_date as start_d10_1_,
        task0_.status as status11_1_ 
    from
        task task0_
Hibernate: 
    select
        project0_.id as id1_0_,
        project0_.creation_date as creation2_0_,
        project0_.description as descript3_0_,
        project0_.finish_date as finish_d4_0_,
        project0_.name as name5_0_,
        project0_.project_leader_id as project_6_0_,
        project0_.start_date as start_da7_0_,
        project0_.status as status8_0_ 
    from
        project project0_
Hibernate: 
    delete 
    from
        project 
    where
        id=?
After all test execution
Resetting system
Hibernate: 
    select
        project0_.id as id1_0_,
        project0_.creation_date as creation2_0_,
        project0_.description as descript3_0_,
        project0_.finish_date as finish_d4_0_,
        project0_.name as name5_0_,
        project0_.project_leader_id as project_6_0_,
        project0_.start_date as start_da7_0_,
        project0_.status as status8_0_ 
    from
        project project0_
Hibernate: 
    select
        task0_.id as id1_1_,
        task0_.creation_date as creation2_1_,
        task0_.description as descript3_1_,
        task0_.estimated_duration as estimate4_1_,
        task0_.finish_date as finish_d5_1_,
        task0_.name as name6_1_,
        task0_.priority as priority7_1_,
        task0_.project_id as project_8_1_,
        task0_.project_leader_id as project_9_1_,
        task0_.start_date as start_d10_1_,
        task0_.status as status11_1_ 
    from
        task task0_
After all test execution
Resetting system
Hibernate: 
    select
        project0_.id as id1_0_,
        project0_.creation_date as creation2_0_,
        project0_.description as descript3_0_,
        project0_.finish_date as finish_d4_0_,
        project0_.name as name5_0_,
        project0_.project_leader_id as project_6_0_,
        project0_.start_date as start_da7_0_,
        project0_.status as status8_0_ 
    from
        project project0_
Hibernate: 
    select
        project0_.id as id1_0_,
        project0_.creation_date as creation2_0_,
        project0_.description as descript3_0_,
        project0_.finish_date as finish_d4_0_,
        project0_.name as name5_0_,
        project0_.project_leader_id as project_6_0_,
        project0_.start_date as start_da7_0_,
        project0_.status as status8_0_ 
    from
        project project0_
After all test execution
After all test execution
Hibernate: 
    select
        task0_.id as id1_1_,
        task0_.creation_date as creation2_1_,
        task0_.description as descript3_1_,
        task0_.estimated_duration as estimate4_1_,
        task0_.finish_date as finish_d5_1_,
        task0_.name as name6_1_,
        task0_.priority as priority7_1_,
        task0_.project_id as project_8_1_,
        task0_.project_leader_id as project_9_1_,
        task0_.start_date as start_d10_1_,
        task0_.status as status11_1_ 
    from
        task task0_
Hibernate: 
    select
        task0_.id as id1_1_,
        task0_.creation_date as creation2_1_,
        task0_.description as descript3_1_,
        task0_.estimated_duration as estimate4_1_,
        task0_.finish_date as finish_d5_1_,
        task0_.name as name6_1_,
        task0_.priority as priority7_1_,
        task0_.project_id as project_8_1_,
        task0_.project_leader_id as project_9_1_,
        task0_.start_date as start_d10_1_,
        task0_.status as status11_1_ 
    from
        task task0_
After all test execution
2023-12-03 17:11:11.571  INFO 5520 --- [    Test worker] o.s.t.c.support.AbstractContextLoader    : Could not detect default resource locations for test class [com.aninfo.integration.cucumber.TaskIntegrationServiceTest]: no resource found for suffixes {-context.xml, Context.groovy}.
2023-12-03 17:11:11.571  INFO 5520 --- [    Test worker] .b.t.c.SpringBootTestContextBootstrapper : Loaded default TestExecutionListener class names from location [META-INF/spring.factories]: [org.springframework.boot.test.autoconfigure.restdocs.RestDocsTestExecutionListener, org.springframework.boot.test.autoconfigure.web.client.MockRestServiceServerResetTestExecutionListener, org.springframework.boot.test.autoconfigure.web.servlet.MockMvcPrintOnlyOnFailureTestExecutionListener, org.springframework.boot.test.autoconfigure.web.servlet.WebDriverTestExecutionListener, org.springframework.boot.test.mock.mockito.MockitoTestExecutionListener, org.springframework.boot.test.mock.mockito.ResetMocksTestExecutionListener, org.springframework.test.context.web.ServletTestExecutionListener, org.springframework.test.context.support.DirtiesContextBeforeModesTestExecutionListener, org.springframework.test.context.support.DependencyInjectionTestExecutionListener, org.springframework.test.context.support.DirtiesContextTestExecutionListener, org.springframework.test.context.transaction.TransactionalTestExecutionListener, org.springframework.test.context.jdbc.SqlScriptsTestExecutionListener, org.springframework.test.context.event.EventPublishingTestExecutionListener]
2023-12-03 17:11:11.571  INFO 5520 --- [    Test worker] .b.t.c.SpringBootTestContextBootstrapper : Using TestExecutionListeners: [org.springframework.test.context.web.ServletTestExecutionListener@3c6f394a, org.springframework.test.context.support.DirtiesContextBeforeModesTestExecutionListener@3323bebb, org.springframework.boot.test.mock.mockito.MockitoTestExecutionListener@7fb41e95, org.springframework.boot.test.autoconfigure.SpringBootDependencyInjectionTestExecutionListener@3727fb5b, org.springframework.test.context.support.DirtiesContextTestExecutionListener@72c7219c, org.springframework.test.context.transaction.TransactionalTestExecutionListener@5c3f8f19, org.springframework.test.context.jdbc.SqlScriptsTestExecutionListener@32062bd, org.springframework.test.context.event.EventPublishingTestExecutionListener@b55aca1, org.springframework.boot.test.autoconfigure.restdocs.RestDocsTestExecutionListener@4055a796, org.springframework.boot.test.autoconfigure.web.client.MockRestServiceServerResetTestExecutionListener@6032bfc2, org.springframework.boot.test.autoconfigure.web.servlet.MockMvcPrintOnlyOnFailureTestExecutionListener@60871cf3, org.springframework.boot.test.autoconfigure.web.servlet.WebDriverTestExecutionListener@461184e6, org.springframework.boot.test.mock.mockito.ResetMocksTestExecutionListener@2b15e2a5]
Before any test execution
Before any test execution
Before any test execution
Before any test execution
Hibernate: 
    select
        project0_.id as id1_0_,
        project0_.creation_date as creation2_0_,
        project0_.description as descript3_0_,
        project0_.finish_date as finish_d4_0_,
        project0_.name as name5_0_,
        project0_.project_leader_id as project_6_0_,
        project0_.start_date as start_da7_0_,
        project0_.status as status8_0_ 
    from
        project project0_ 
    where
        project0_.name=?
Hibernate: 
    call next value for hibernate_sequence
Hibernate: 
    insert 
    into
        project
        (creation_date, description, finish_date, name, project_leader_id, start_date, status, id) 
    values
        (?, ?, ?, ?, ?, ?, ?, ?)
Hibernate: 
    select
        project0_.id as id1_0_,
        project0_.creation_date as creation2_0_,
        project0_.description as descript3_0_,
        project0_.finish_date as finish_d4_0_,
        project0_.name as name5_0_,
        project0_.project_leader_id as project_6_0_,
        project0_.start_date as start_da7_0_,
        project0_.status as status8_0_ 
    from
        project project0_ 
    where
        project0_.name=?
Hibernate: 
    call next value for hibernate_sequence
Hibernate: 
    insert 
    into
        project
        (creation_date, description, finish_date, name, project_leader_id, start_date, status, id) 
    values
        (?, ?, ?, ?, ?, ?, ?, ?)
Hibernate: 
    select
        project0_.id as id1_0_,
        project0_.creation_date as creation2_0_,
        project0_.description as descript3_0_,
        project0_.finish_date as finish_d4_0_,
        project0_.name as name5_0_,
        project0_.project_leader_id as project_6_0_,
        project0_.start_date as start_da7_0_,
        project0_.status as status8_0_ 
    from
        project project0_ 
    where
        project0_.name=?
Hibernate: 
    select
        project0_.id as id1_0_,
        project0_.creation_date as creation2_0_,
        project0_.description as descript3_0_,
        project0_.finish_date as finish_d4_0_,
        project0_.name as name5_0_,
        project0_.project_leader_id as project_6_0_,
        project0_.start_date as start_da7_0_,
        project0_.status as status8_0_ 
    from
        project project0_ 
    where
        project0_.name=?
Hibernate: 
    select
        project0_.id as id1_0_0_,
        project0_.creation_date as creation2_0_0_,
        project0_.description as descript3_0_0_,
        project0_.finish_date as finish_d4_0_0_,
        project0_.name as name5_0_0_,
        project0_.project_leader_id as project_6_0_0_,
        project0_.start_date as start_da7_0_0_,
        project0_.status as status8_0_0_ 
    from
        project project0_ 
    where
        project0_.id=?
Hibernate: 
    select
        project0_.id as id1_0_0_,
        project0_.creation_date as creation2_0_0_,
        project0_.description as descript3_0_0_,
        project0_.finish_date as finish_d4_0_0_,
        project0_.name as name5_0_0_,
        project0_.project_leader_id as project_6_0_0_,
        project0_.start_date as start_da7_0_0_,
        project0_.status as status8_0_0_ 
    from
        project project0_ 
    where
        project0_.id=?
Hibernate: 
    update
        project 
    set
        creation_date=?,
        description=?,
        finish_date=?,
        name=?,
        project_leader_id=?,
        start_date=?,
        status=? 
    where
        id=?
Hibernate: 
    select
        project0_.id as id1_0_,
        project0_.creation_date as creation2_0_,
        project0_.description as descript3_0_,
        project0_.finish_date as finish_d4_0_,
        project0_.name as name5_0_,
        project0_.project_leader_id as project_6_0_,
        project0_.start_date as start_da7_0_,
        project0_.status as status8_0_ 
    from
        project project0_
Hibernate: 
    delete 
    from
        project 
    where
        id=?
Hibernate: 
    delete 
    from
        project 
    where
        id=?
Resetting system
Hibernate: 
    select
        task0_.id as id1_1_,
        task0_.creation_date as creation2_1_,
        task0_.description as descript3_1_,
        task0_.estimated_duration as estimate4_1_,
        task0_.finish_date as finish_d5_1_,
        task0_.name as name6_1_,
        task0_.priority as priority7_1_,
        task0_.project_id as project_8_1_,
        task0_.project_leader_id as project_9_1_,
        task0_.start_date as start_d10_1_,
        task0_.status as status11_1_ 
    from
        task task0_
Hibernate: 
    select
        project0_.id as id1_0_,
        project0_.creation_date as creation2_0_,
        project0_.description as descript3_0_,
        project0_.finish_date as finish_d4_0_,
        project0_.name as name5_0_,
        project0_.project_leader_id as project_6_0_,
        project0_.start_date as start_da7_0_,
        project0_.status as status8_0_ 
    from
        project project0_
After all test execution
Resetting system
Hibernate: 
    select
        project0_.id as id1_0_,
        project0_.creation_date as creation2_0_,
        project0_.description as descript3_0_,
        project0_.finish_date as finish_d4_0_,
        project0_.name as name5_0_,
        project0_.project_leader_id as project_6_0_,
        project0_.start_date as start_da7_0_,
        project0_.status as status8_0_ 
    from
        project project0_
Hibernate: 
    select
        task0_.id as id1_1_,
        task0_.creation_date as creation2_1_,
        task0_.description as descript3_1_,
        task0_.estimated_duration as estimate4_1_,
        task0_.finish_date as finish_d5_1_,
        task0_.name as name6_1_,
        task0_.priority as priority7_1_,
        task0_.project_id as project_8_1_,
        task0_.project_leader_id as project_9_1_,
        task0_.start_date as start_d10_1_,
        task0_.status as status11_1_ 
    from
        task task0_
After all test execution
Resetting system
Hibernate: 
    select
        project0_.id as id1_0_,
        project0_.creation_date as creation2_0_,
        project0_.description as descript3_0_,
        project0_.finish_date as finish_d4_0_,
        project0_.name as name5_0_,
        project0_.project_leader_id as project_6_0_,
        project0_.start_date as start_da7_0_,
        project0_.status as status8_0_ 
    from
        project project0_
Hibernate: 
    select
        project0_.id as id1_0_,
        project0_.creation_date as creation2_0_,
        project0_.description as descript3_0_,
        project0_.finish_date as finish_d4_0_,
        project0_.name as name5_0_,
        project0_.project_leader_id as project_6_0_,
        project0_.start_date as start_da7_0_,
        project0_.status as status8_0_ 
    from
        project project0_
After all test execution
After all test execution
Hibernate: 
    select
        task0_.id as id1_1_,
        task0_.creation_date as creation2_1_,
        task0_.description as descript3_1_,
        task0_.estimated_duration as estimate4_1_,
        task0_.finish_date as finish_d5_1_,
        task0_.name as name6_1_,
        task0_.priority as priority7_1_,
        task0_.project_id as project_8_1_,
        task0_.project_leader_id as project_9_1_,
        task0_.start_date as start_d10_1_,
        task0_.status as status11_1_ 
    from
        task task0_
Hibernate: 
    select
        task0_.id as id1_1_,
        task0_.creation_date as creation2_1_,
        task0_.description as descript3_1_,
        task0_.estimated_duration as estimate4_1_,
        task0_.finish_date as finish_d5_1_,
        task0_.name as name6_1_,
        task0_.priority as priority7_1_,
        task0_.project_id as project_8_1_,
        task0_.project_leader_id as project_9_1_,
        task0_.start_date as start_d10_1_,
        task0_.status as status11_1_ 
    from
        task task0_
After all test execution
2023-12-03 17:11:11.633  INFO 5520 --- [    Test worker] o.s.t.c.support.AbstractContextLoader    : Could not detect default resource locations for test class [com.aninfo.integration.cucumber.TaskIntegrationServiceTest]: no resource found for suffixes {-context.xml, Context.groovy}.
2023-12-03 17:11:11.635  INFO 5520 --- [    Test worker] .b.t.c.SpringBootTestContextBootstrapper : Loaded default TestExecutionListener class names from location [META-INF/spring.factories]: [org.springframework.boot.test.autoconfigure.restdocs.RestDocsTestExecutionListener, org.springframework.boot.test.autoconfigure.web.client.MockRestServiceServerResetTestExecutionListener, org.springframework.boot.test.autoconfigure.web.servlet.MockMvcPrintOnlyOnFailureTestExecutionListener, org.springframework.boot.test.autoconfigure.web.servlet.WebDriverTestExecutionListener, org.springframework.boot.test.mock.mockito.MockitoTestExecutionListener, org.springframework.boot.test.mock.mockito.ResetMocksTestExecutionListener, org.springframework.test.context.web.ServletTestExecutionListener, org.springframework.test.context.support.DirtiesContextBeforeModesTestExecutionListener, org.springframework.test.context.support.DependencyInjectionTestExecutionListener, org.springframework.test.context.support.DirtiesContextTestExecutionListener, org.springframework.test.context.transaction.TransactionalTestExecutionListener, org.springframework.test.context.jdbc.SqlScriptsTestExecutionListener, org.springframework.test.context.event.EventPublishingTestExecutionListener]
2023-12-03 17:11:11.636  INFO 5520 --- [    Test worker] .b.t.c.SpringBootTestContextBootstrapper : Using TestExecutionListeners: [org.springframework.test.context.web.ServletTestExecutionListener@28e073df, org.springframework.test.context.support.DirtiesContextBeforeModesTestExecutionListener@60be0ace, org.springframework.boot.test.mock.mockito.MockitoTestExecutionListener@624d3879, org.springframework.boot.test.autoconfigure.SpringBootDependencyInjectionTestExecutionListener@490b0664, org.springframework.test.context.support.DirtiesContextTestExecutionListener@625eea11, org.springframework.test.context.transaction.TransactionalTestExecutionListener@72a664ee, org.springframework.test.context.jdbc.SqlScriptsTestExecutionListener@79a30433, org.springframework.test.context.event.EventPublishingTestExecutionListener@680a1545, org.springframework.boot.test.autoconfigure.restdocs.RestDocsTestExecutionListener@7d116437, org.springframework.boot.test.autoconfigure.web.client.MockRestServiceServerResetTestExecutionListener@3c51ee6f, org.springframework.boot.test.autoconfigure.web.servlet.MockMvcPrintOnlyOnFailureTestExecutionListener@5db2f74a, org.springframework.boot.test.autoconfigure.web.servlet.WebDriverTestExecutionListener@65aa6184, org.springframework.boot.test.mock.mockito.ResetMocksTestExecutionListener@13ec91da]
Before any test execution
Before any test execution
Before any test execution
Before any test execution
Hibernate: 
    select
        project0_.id as id1_0_,
        project0_.creation_date as creation2_0_,
        project0_.description as descript3_0_,
        project0_.finish_date as finish_d4_0_,
        project0_.name as name5_0_,
        project0_.project_leader_id as project_6_0_,
        project0_.start_date as start_da7_0_,
        project0_.status as status8_0_ 
    from
        project project0_ 
    where
        project0_.name=?
Hibernate: 
    call next value for hibernate_sequence
Hibernate: 
    insert 
    into
        project
        (creation_date, description, finish_date, name, project_leader_id, start_date, status, id) 
    values
        (?, ?, ?, ?, ?, ?, ?, ?)
Hibernate: 
    select
        project0_.id as id1_0_,
        project0_.creation_date as creation2_0_,
        project0_.description as descript3_0_,
        project0_.finish_date as finish_d4_0_,
        project0_.name as name5_0_,
        project0_.project_leader_id as project_6_0_,
        project0_.start_date as start_da7_0_,
        project0_.status as status8_0_ 
    from
        project project0_ 
    where
        project0_.name=?
Hibernate: 
    call next value for hibernate_sequence
Hibernate: 
    insert 
    into
        project
        (creation_date, description, finish_date, name, project_leader_id, start_date, status, id) 
    values
        (?, ?, ?, ?, ?, ?, ?, ?)
Hibernate: 
    select
        project0_.id as id1_0_,
        project0_.creation_date as creation2_0_,
        project0_.description as descript3_0_,
        project0_.finish_date as finish_d4_0_,
        project0_.name as name5_0_,
        project0_.project_leader_id as project_6_0_,
        project0_.start_date as start_da7_0_,
        project0_.status as status8_0_ 
    from
        project project0_ 
    where
        project0_.name=?
Hibernate: 
    select
        project0_.id as id1_0_,
        project0_.creation_date as creation2_0_,
        project0_.description as descript3_0_,
        project0_.finish_date as finish_d4_0_,
        project0_.name as name5_0_,
        project0_.project_leader_id as project_6_0_,
        project0_.start_date as start_da7_0_,
        project0_.status as status8_0_ 
    from
        project project0_ 
    where
        project0_.name=?
Hibernate: 
    select
        project0_.id as id1_0_,
        project0_.creation_date as creation2_0_,
        project0_.description as descript3_0_,
        project0_.finish_date as finish_d4_0_,
        project0_.name as name5_0_,
        project0_.project_leader_id as project_6_0_,
        project0_.start_date as start_da7_0_,
        project0_.status as status8_0_ 
    from
        project project0_
Hibernate: 
    delete 
    from
        project 
    where
        id=?
Hibernate: 
    delete 
    from
        project 
    where
        id=?
Resetting system
Hibernate: 
    select
        task0_.id as id1_1_,
        task0_.creation_date as creation2_1_,
        task0_.description as descript3_1_,
        task0_.estimated_duration as estimate4_1_,
        task0_.finish_date as finish_d5_1_,
        task0_.name as name6_1_,
        task0_.priority as priority7_1_,
        task0_.project_id as project_8_1_,
        task0_.project_leader_id as project_9_1_,
        task0_.start_date as start_d10_1_,
        task0_.status as status11_1_ 
    from
        task task0_
Hibernate: 
    select
        project0_.id as id1_0_,
        project0_.creation_date as creation2_0_,
        project0_.description as descript3_0_,
        project0_.finish_date as finish_d4_0_,
        project0_.name as name5_0_,
        project0_.project_leader_id as project_6_0_,
        project0_.start_date as start_da7_0_,
        project0_.status as status8_0_ 
    from
        project project0_
After all test execution
Resetting system
Hibernate: 
    select
        project0_.id as id1_0_,
        project0_.creation_date as creation2_0_,
        project0_.description as descript3_0_,
        project0_.finish_date as finish_d4_0_,
        project0_.name as name5_0_,
        project0_.project_leader_id as project_6_0_,
        project0_.start_date as start_da7_0_,
        project0_.status as status8_0_ 
    from
        project project0_
Hibernate: 
    select
        task0_.id as id1_1_,
        task0_.creation_date as creation2_1_,
        task0_.description as descript3_1_,
        task0_.estimated_duration as estimate4_1_,
        task0_.finish_date as finish_d5_1_,
        task0_.name as name6_1_,
        task0_.priority as priority7_1_,
        task0_.project_id as project_8_1_,
        task0_.project_leader_id as project_9_1_,
        task0_.start_date as start_d10_1_,
        task0_.status as status11_1_ 
    from
        task task0_
After all test execution
Resetting system
Hibernate: 
    select
        project0_.id as id1_0_,
        project0_.creation_date as creation2_0_,
        project0_.description as descript3_0_,
        project0_.finish_date as finish_d4_0_,
        project0_.name as name5_0_,
        project0_.project_leader_id as project_6_0_,
        project0_.start_date as start_da7_0_,
        project0_.status as status8_0_ 
    from
        project project0_
Hibernate: 
    select
        project0_.id as id1_0_,
        project0_.creation_date as creation2_0_,
        project0_.description as descript3_0_,
        project0_.finish_date as finish_d4_0_,
        project0_.name as name5_0_,
        project0_.project_leader_id as project_6_0_,
        project0_.start_date as start_da7_0_,
        project0_.status as status8_0_ 
    from
        project project0_
After all test execution
After all test execution
Hibernate: 
    select
        task0_.id as id1_1_,
        task0_.creation_date as creation2_1_,
        task0_.description as descript3_1_,
        task0_.estimated_duration as estimate4_1_,
        task0_.finish_date as finish_d5_1_,
        task0_.name as name6_1_,
        task0_.priority as priority7_1_,
        task0_.project_id as project_8_1_,
        task0_.project_leader_id as project_9_1_,
        task0_.start_date as start_d10_1_,
        task0_.status as status11_1_ 
    from
        task task0_
Hibernate: 
    select
        task0_.id as id1_1_,
        task0_.creation_date as creation2_1_,
        task0_.description as descript3_1_,
        task0_.estimated_duration as estimate4_1_,
        task0_.finish_date as finish_d5_1_,
        task0_.name as name6_1_,
        task0_.priority as priority7_1_,
        task0_.project_id as project_8_1_,
        task0_.project_leader_id as project_9_1_,
        task0_.start_date as start_d10_1_,
        task0_.status as status11_1_ 
    from
        task task0_
After all test execution
2023-12-03 17:11:11.661  INFO 5520 --- [    Test worker] o.s.t.c.support.AbstractContextLoader    : Could not detect default resource locations for test class [com.aninfo.integration.cucumber.TaskIntegrationServiceTest]: no resource found for suffixes {-context.xml, Context.groovy}.
2023-12-03 17:11:11.677  INFO 5520 --- [    Test worker] .b.t.c.SpringBootTestContextBootstrapper : Loaded default TestExecutionListener class names from location [META-INF/spring.factories]: [org.springframework.boot.test.autoconfigure.restdocs.RestDocsTestExecutionListener, org.springframework.boot.test.autoconfigure.web.client.MockRestServiceServerResetTestExecutionListener, org.springframework.boot.test.autoconfigure.web.servlet.MockMvcPrintOnlyOnFailureTestExecutionListener, org.springframework.boot.test.autoconfigure.web.servlet.WebDriverTestExecutionListener, org.springframework.boot.test.mock.mockito.MockitoTestExecutionListener, org.springframework.boot.test.mock.mockito.ResetMocksTestExecutionListener, org.springframework.test.context.web.ServletTestExecutionListener, org.springframework.test.context.support.DirtiesContextBeforeModesTestExecutionListener, org.springframework.test.context.support.DependencyInjectionTestExecutionListener, org.springframework.test.context.support.DirtiesContextTestExecutionListener, org.springframework.test.context.transaction.TransactionalTestExecutionListener, org.springframework.test.context.jdbc.SqlScriptsTestExecutionListener, org.springframework.test.context.event.EventPublishingTestExecutionListener]
2023-12-03 17:11:11.677  INFO 5520 --- [    Test worker] .b.t.c.SpringBootTestContextBootstrapper : Using TestExecutionListeners: [org.springframework.test.context.web.ServletTestExecutionListener@6b2ae44b, org.springframework.test.context.support.DirtiesContextBeforeModesTestExecutionListener@17c728e0, org.springframework.boot.test.mock.mockito.MockitoTestExecutionListener@6e2b6714, org.springframework.boot.test.autoconfigure.SpringBootDependencyInjectionTestExecutionListener@661f04ff, org.springframework.test.context.support.DirtiesContextTestExecutionListener@5a2baccb, org.springframework.test.context.transaction.TransactionalTestExecutionListener@74051f46, org.springframework.test.context.jdbc.SqlScriptsTestExecutionListener@4123c515, org.springframework.test.context.event.EventPublishingTestExecutionListener@5f050932, org.springframework.boot.test.autoconfigure.restdocs.RestDocsTestExecutionListener@58cfbbed, org.springframework.boot.test.autoconfigure.web.client.MockRestServiceServerResetTestExecutionListener@46c709d, org.springframework.boot.test.autoconfigure.web.servlet.MockMvcPrintOnlyOnFailureTestExecutionListener@5b380668, org.springframework.boot.test.autoconfigure.web.servlet.WebDriverTestExecutionListener@2c03c8a4, org.springframework.boot.test.mock.mockito.ResetMocksTestExecutionListener@9b61e1a]
Before any test execution
Before any test execution
Before any test execution
Before any test execution
Hibernate: 
    select
        project0_.id as id1_0_,
        project0_.creation_date as creation2_0_,
        project0_.description as descript3_0_,
        project0_.finish_date as finish_d4_0_,
        project0_.name as name5_0_,
        project0_.project_leader_id as project_6_0_,
        project0_.start_date as start_da7_0_,
        project0_.status as status8_0_ 
    from
        project project0_ 
    where
        project0_.name=?
Hibernate: 
    call next value for hibernate_sequence
Hibernate: 
    insert 
    into
        project
        (creation_date, description, finish_date, name, project_leader_id, start_date, status, id) 
    values
        (?, ?, ?, ?, ?, ?, ?, ?)
Hibernate: 
    select
        project0_.id as id1_0_,
        project0_.creation_date as creation2_0_,
        project0_.description as descript3_0_,
        project0_.finish_date as finish_d4_0_,
        project0_.name as name5_0_,
        project0_.project_leader_id as project_6_0_,
        project0_.start_date as start_da7_0_,
        project0_.status as status8_0_ 
    from
        project project0_ 
    where
        project0_.name=?
Hibernate: 
    select
        project0_.id as id1_0_0_,
        project0_.creation_date as creation2_0_0_,
        project0_.description as descript3_0_0_,
        project0_.finish_date as finish_d4_0_0_,
        project0_.name as name5_0_0_,
        project0_.project_leader_id as project_6_0_0_,
        project0_.start_date as start_da7_0_0_,
        project0_.status as status8_0_0_ 
    from
        project project0_ 
    where
        project0_.id=?
Hibernate: 
    select
        project0_.id as id1_0_0_,
        project0_.creation_date as creation2_0_0_,
        project0_.description as descript3_0_0_,
        project0_.finish_date as finish_d4_0_0_,
        project0_.name as name5_0_0_,
        project0_.project_leader_id as project_6_0_0_,
        project0_.start_date as start_da7_0_0_,
        project0_.status as status8_0_0_ 
    from
        project project0_ 
    where
        project0_.id=?
Hibernate: 
    update
        project 
    set
        creation_date=?,
        description=?,
        finish_date=?,
        name=?,
        project_leader_id=?,
        start_date=?,
        status=? 
    where
        id=?
Hibernate: 
    select
        project0_.id as id1_0_,
        project0_.creation_date as creation2_0_,
        project0_.description as descript3_0_,
        project0_.finish_date as finish_d4_0_,
        project0_.name as name5_0_,
        project0_.project_leader_id as project_6_0_,
        project0_.start_date as start_da7_0_,
        project0_.status as status8_0_ 
    from
        project project0_
Hibernate: 
    delete 
    from
        project 
    where
        id=?
Resetting system
Hibernate: 
    select
        task0_.id as id1_1_,
        task0_.creation_date as creation2_1_,
        task0_.description as descript3_1_,
        task0_.estimated_duration as estimate4_1_,
        task0_.finish_date as finish_d5_1_,
        task0_.name as name6_1_,
        task0_.priority as priority7_1_,
        task0_.project_id as project_8_1_,
        task0_.project_leader_id as project_9_1_,
        task0_.start_date as start_d10_1_,
        task0_.status as status11_1_ 
    from
        task task0_
Hibernate: 
    select
        project0_.id as id1_0_,
        project0_.creation_date as creation2_0_,
        project0_.description as descript3_0_,
        project0_.finish_date as finish_d4_0_,
        project0_.name as name5_0_,
        project0_.project_leader_id as project_6_0_,
        project0_.start_date as start_da7_0_,
        project0_.status as status8_0_ 
    from
        project project0_
After all test execution
Resetting system
Hibernate: 
    select
        project0_.id as id1_0_,
        project0_.creation_date as creation2_0_,
        project0_.description as descript3_0_,
        project0_.finish_date as finish_d4_0_,
        project0_.name as name5_0_,
        project0_.project_leader_id as project_6_0_,
        project0_.start_date as start_da7_0_,
        project0_.status as status8_0_ 
    from
        project project0_
Hibernate: 
    select
        task0_.id as id1_1_,
        task0_.creation_date as creation2_1_,
        task0_.description as descript3_1_,
        task0_.estimated_duration as estimate4_1_,
        task0_.finish_date as finish_d5_1_,
        task0_.name as name6_1_,
        task0_.priority as priority7_1_,
        task0_.project_id as project_8_1_,
        task0_.project_leader_id as project_9_1_,
        task0_.start_date as start_d10_1_,
        task0_.status as status11_1_ 
    from
        task task0_
After all test execution
Resetting system
Hibernate: 
    select
        project0_.id as id1_0_,
        project0_.creation_date as creation2_0_,
        project0_.description as descript3_0_,
        project0_.finish_date as finish_d4_0_,
        project0_.name as name5_0_,
        project0_.project_leader_id as project_6_0_,
        project0_.start_date as start_da7_0_,
        project0_.status as status8_0_ 
    from
        project project0_
Hibernate: 
    select
        project0_.id as id1_0_,
        project0_.creation_date as creation2_0_,
        project0_.description as descript3_0_,
        project0_.finish_date as finish_d4_0_,
        project0_.name as name5_0_,
        project0_.project_leader_id as project_6_0_,
        project0_.start_date as start_da7_0_,
        project0_.status as status8_0_ 
    from
        project project0_
After all test execution
After all test execution
Hibernate: 
    select
        task0_.id as id1_1_,
        task0_.creation_date as creation2_1_,
        task0_.description as descript3_1_,
        task0_.estimated_duration as estimate4_1_,
        task0_.finish_date as finish_d5_1_,
        task0_.name as name6_1_,
        task0_.priority as priority7_1_,
        task0_.project_id as project_8_1_,
        task0_.project_leader_id as project_9_1_,
        task0_.start_date as start_d10_1_,
        task0_.status as status11_1_ 
    from
        task task0_
Hibernate: 
    select
        task0_.id as id1_1_,
        task0_.creation_date as creation2_1_,
        task0_.description as descript3_1_,
        task0_.estimated_duration as estimate4_1_,
        task0_.finish_date as finish_d5_1_,
        task0_.name as name6_1_,
        task0_.priority as priority7_1_,
        task0_.project_id as project_8_1_,
        task0_.project_leader_id as project_9_1_,
        task0_.start_date as start_d10_1_,
        task0_.status as status11_1_ 
    from
        task task0_
After all test execution
2023-12-03 17:11:11.709  INFO 5520 --- [    Test worker] o.s.t.c.support.AbstractContextLoader    : Could not detect default resource locations for test class [com.aninfo.integration.cucumber.TaskIntegrationServiceTest]: no resource found for suffixes {-context.xml, Context.groovy}.
2023-12-03 17:11:11.709  INFO 5520 --- [    Test worker] .b.t.c.SpringBootTestContextBootstrapper : Loaded default TestExecutionListener class names from location [META-INF/spring.factories]: [org.springframework.boot.test.autoconfigure.restdocs.RestDocsTestExecutionListener, org.springframework.boot.test.autoconfigure.web.client.MockRestServiceServerResetTestExecutionListener, org.springframework.boot.test.autoconfigure.web.servlet.MockMvcPrintOnlyOnFailureTestExecutionListener, org.springframework.boot.test.autoconfigure.web.servlet.WebDriverTestExecutionListener, org.springframework.boot.test.mock.mockito.MockitoTestExecutionListener, org.springframework.boot.test.mock.mockito.ResetMocksTestExecutionListener, org.springframework.test.context.web.ServletTestExecutionListener, org.springframework.test.context.support.DirtiesContextBeforeModesTestExecutionListener, org.springframework.test.context.support.DependencyInjectionTestExecutionListener, org.springframework.test.context.support.DirtiesContextTestExecutionListener, org.springframework.test.context.transaction.TransactionalTestExecutionListener, org.springframework.test.context.jdbc.SqlScriptsTestExecutionListener, org.springframework.test.context.event.EventPublishingTestExecutionListener]
2023-12-03 17:11:11.709  INFO 5520 --- [    Test worker] .b.t.c.SpringBootTestContextBootstrapper : Using TestExecutionListeners: [org.springframework.test.context.web.ServletTestExecutionListener@cd33047, org.springframework.test.context.support.DirtiesContextBeforeModesTestExecutionListener@4e0fa29a, org.springframework.boot.test.mock.mockito.MockitoTestExecutionListener@4bbd689e, org.springframework.boot.test.autoconfigure.SpringBootDependencyInjectionTestExecutionListener@72a284d3, org.springframework.test.context.support.DirtiesContextTestExecutionListener@6766d3c8, org.springframework.test.context.transaction.TransactionalTestExecutionListener@544ea6cc, org.springframework.test.context.jdbc.SqlScriptsTestExecutionListener@7417dd43, org.springframework.test.context.event.EventPublishingTestExecutionListener@12f54b0e, org.springframework.boot.test.autoconfigure.restdocs.RestDocsTestExecutionListener@43dc220b, org.springframework.boot.test.autoconfigure.web.client.MockRestServiceServerResetTestExecutionListener@6205847a, org.springframework.boot.test.autoconfigure.web.servlet.MockMvcPrintOnlyOnFailureTestExecutionListener@2832b0bc, org.springframework.boot.test.autoconfigure.web.servlet.WebDriverTestExecutionListener@1027338f, org.springframework.boot.test.mock.mockito.ResetMocksTestExecutionListener@32c987fa]
Before any test execution
Before any test execution
Before any test execution
Before any test execution
Hibernate: 
    select
        project0_.id as id1_0_,
        project0_.creation_date as creation2_0_,
        project0_.description as descript3_0_,
        project0_.finish_date as finish_d4_0_,
        project0_.name as name5_0_,
        project0_.project_leader_id as project_6_0_,
        project0_.start_date as start_da7_0_,
        project0_.status as status8_0_ 
    from
        project project0_ 
    where
        project0_.name=?
Hibernate: 
    call next value for hibernate_sequence
Hibernate: 
    insert 
    into
        project
        (creation_date, description, finish_date, name, project_leader_id, start_date, status, id) 
    values
        (?, ?, ?, ?, ?, ?, ?, ?)
Hibernate: 
    select
        project0_.id as id1_0_,
        project0_.creation_date as creation2_0_,
        project0_.description as descript3_0_,
        project0_.finish_date as finish_d4_0_,
        project0_.name as name5_0_,
        project0_.project_leader_id as project_6_0_,
        project0_.start_date as start_da7_0_,
        project0_.status as status8_0_ 
    from
        project project0_ 
    where
        project0_.name=?
Hibernate: 
    select
        project0_.id as id1_0_0_,
        project0_.creation_date as creation2_0_0_,
        project0_.description as descript3_0_0_,
        project0_.finish_date as finish_d4_0_0_,
        project0_.name as name5_0_0_,
        project0_.project_leader_id as project_6_0_0_,
        project0_.start_date as start_da7_0_0_,
        project0_.status as status8_0_0_ 
    from
        project project0_ 
    where
        project0_.id=?
Hibernate: 
    select
        project0_.id as id1_0_0_,
        project0_.creation_date as creation2_0_0_,
        project0_.description as descript3_0_0_,
        project0_.finish_date as finish_d4_0_0_,
        project0_.name as name5_0_0_,
        project0_.project_leader_id as project_6_0_0_,
        project0_.start_date as start_da7_0_0_,
        project0_.status as status8_0_0_ 
    from
        project project0_ 
    where
        project0_.id=?
Hibernate: 
    update
        project 
    set
        creation_date=?,
        description=?,
        finish_date=?,
        name=?,
        project_leader_id=?,
        start_date=?,
        status=? 
    where
        id=?
Hibernate: 
    select
        project0_.id as id1_0_,
        project0_.creation_date as creation2_0_,
        project0_.description as descript3_0_,
        project0_.finish_date as finish_d4_0_,
        project0_.name as name5_0_,
        project0_.project_leader_id as project_6_0_,
        project0_.start_date as start_da7_0_,
        project0_.status as status8_0_ 
    from
        project project0_
Hibernate: 
    delete 
    from
        project 
    where
        id=?
Resetting system
Hibernate: 
    select
        task0_.id as id1_1_,
        task0_.creation_date as creation2_1_,
        task0_.description as descript3_1_,
        task0_.estimated_duration as estimate4_1_,
        task0_.finish_date as finish_d5_1_,
        task0_.name as name6_1_,
        task0_.priority as priority7_1_,
        task0_.project_id as project_8_1_,
        task0_.project_leader_id as project_9_1_,
        task0_.start_date as start_d10_1_,
        task0_.status as status11_1_ 
    from
        task task0_
Hibernate: 
    select
        project0_.id as id1_0_,
        project0_.creation_date as creation2_0_,
        project0_.description as descript3_0_,
        project0_.finish_date as finish_d4_0_,
        project0_.name as name5_0_,
        project0_.project_leader_id as project_6_0_,
        project0_.start_date as start_da7_0_,
        project0_.status as status8_0_ 
    from
        project project0_
After all test execution
Resetting system
Hibernate: 
    select
        project0_.id as id1_0_,
        project0_.creation_date as creation2_0_,
        project0_.description as descript3_0_,
        project0_.finish_date as finish_d4_0_,
        project0_.name as name5_0_,
        project0_.project_leader_id as project_6_0_,
        project0_.start_date as start_da7_0_,
        project0_.status as status8_0_ 
    from
        project project0_
Hibernate: 
    select
        task0_.id as id1_1_,
        task0_.creation_date as creation2_1_,
        task0_.description as descript3_1_,
        task0_.estimated_duration as estimate4_1_,
        task0_.finish_date as finish_d5_1_,
        task0_.name as name6_1_,
        task0_.priority as priority7_1_,
        task0_.project_id as project_8_1_,
        task0_.project_leader_id as project_9_1_,
        task0_.start_date as start_d10_1_,
        task0_.status as status11_1_ 
    from
        task task0_
After all test execution
Resetting system
Hibernate: 
    select
        project0_.id as id1_0_,
        project0_.creation_date as creation2_0_,
        project0_.description as descript3_0_,
        project0_.finish_date as finish_d4_0_,
        project0_.name as name5_0_,
        project0_.project_leader_id as project_6_0_,
        project0_.start_date as start_da7_0_,
        project0_.status as status8_0_ 
    from
        project project0_
Hibernate: 
    select
        project0_.id as id1_0_,
        project0_.creation_date as creation2_0_,
        project0_.description as descript3_0_,
        project0_.finish_date as finish_d4_0_,
        project0_.name as name5_0_,
        project0_.project_leader_id as project_6_0_,
        project0_.start_date as start_da7_0_,
        project0_.status as status8_0_ 
    from
        project project0_
After all test execution
After all test execution
Hibernate: 
    select
        task0_.id as id1_1_,
        task0_.creation_date as creation2_1_,
        task0_.description as descript3_1_,
        task0_.estimated_duration as estimate4_1_,
        task0_.finish_date as finish_d5_1_,
        task0_.name as name6_1_,
        task0_.priority as priority7_1_,
        task0_.project_id as project_8_1_,
        task0_.project_leader_id as project_9_1_,
        task0_.start_date as start_d10_1_,
        task0_.status as status11_1_ 
    from
        task task0_
Hibernate: 
    select
        task0_.id as id1_1_,
        task0_.creation_date as creation2_1_,
        task0_.description as descript3_1_,
        task0_.estimated_duration as estimate4_1_,
        task0_.finish_date as finish_d5_1_,
        task0_.name as name6_1_,
        task0_.priority as priority7_1_,
        task0_.project_id as project_8_1_,
        task0_.project_leader_id as project_9_1_,
        task0_.start_date as start_d10_1_,
        task0_.status as status11_1_ 
    from
        task task0_
After all test execution
2023-12-03 17:11:11.744  INFO 5520 --- [    Test worker] o.s.t.c.support.AbstractContextLoader    : Could not detect default resource locations for test class [com.aninfo.integration.cucumber.TaskIntegrationServiceTest]: no resource found for suffixes {-context.xml, Context.groovy}.
2023-12-03 17:11:11.744  INFO 5520 --- [    Test worker] .b.t.c.SpringBootTestContextBootstrapper : Loaded default TestExecutionListener class names from location [META-INF/spring.factories]: [org.springframework.boot.test.autoconfigure.restdocs.RestDocsTestExecutionListener, org.springframework.boot.test.autoconfigure.web.client.MockRestServiceServerResetTestExecutionListener, org.springframework.boot.test.autoconfigure.web.servlet.MockMvcPrintOnlyOnFailureTestExecutionListener, org.springframework.boot.test.autoconfigure.web.servlet.WebDriverTestExecutionListener, org.springframework.boot.test.mock.mockito.MockitoTestExecutionListener, org.springframework.boot.test.mock.mockito.ResetMocksTestExecutionListener, org.springframework.test.context.web.ServletTestExecutionListener, org.springframework.test.context.support.DirtiesContextBeforeModesTestExecutionListener, org.springframework.test.context.support.DependencyInjectionTestExecutionListener, org.springframework.test.context.support.DirtiesContextTestExecutionListener, org.springframework.test.context.transaction.TransactionalTestExecutionListener, org.springframework.test.context.jdbc.SqlScriptsTestExecutionListener, org.springframework.test.context.event.EventPublishingTestExecutionListener]
2023-12-03 17:11:11.744  INFO 5520 --- [    Test worker] .b.t.c.SpringBootTestContextBootstrapper : Using TestExecutionListeners: [org.springframework.test.context.web.ServletTestExecutionListener@5b529fd1, org.springframework.test.context.support.DirtiesContextBeforeModesTestExecutionListener@1883a54d, org.springframework.boot.test.mock.mockito.MockitoTestExecutionListener@598f9571, org.springframework.boot.test.autoconfigure.SpringBootDependencyInjectionTestExecutionListener@ed1e85b, org.springframework.test.context.support.DirtiesContextTestExecutionListener@41b24247, org.springframework.test.context.transaction.TransactionalTestExecutionListener@449e2ef1, org.springframework.test.context.jdbc.SqlScriptsTestExecutionListener@611f0f0e, org.springframework.test.context.event.EventPublishingTestExecutionListener@608da046, org.springframework.boot.test.autoconfigure.restdocs.RestDocsTestExecutionListener@33fe766a, org.springframework.boot.test.autoconfigure.web.client.MockRestServiceServerResetTestExecutionListener@6222f42, org.springframework.boot.test.autoconfigure.web.servlet.MockMvcPrintOnlyOnFailureTestExecutionListener@1fdc27f7, org.springframework.boot.test.autoconfigure.web.servlet.WebDriverTestExecutionListener@125e3bda, org.springframework.boot.test.mock.mockito.ResetMocksTestExecutionListener@525352dd]
Before any test execution
Before any test execution
Before any test execution
Before any test execution
Hibernate: 
    select
        project0_.id as id1_0_,
        project0_.creation_date as creation2_0_,
        project0_.description as descript3_0_,
        project0_.finish_date as finish_d4_0_,
        project0_.name as name5_0_,
        project0_.project_leader_id as project_6_0_,
        project0_.start_date as start_da7_0_,
        project0_.status as status8_0_ 
    from
        project project0_ 
    where
        project0_.name=?
Hibernate: 
    call next value for hibernate_sequence
Hibernate: 
    insert 
    into
        project
        (creation_date, description, finish_date, name, project_leader_id, start_date, status, id) 
    values
        (?, ?, ?, ?, ?, ?, ?, ?)
Hibernate: 
    select
        project0_.id as id1_0_,
        project0_.creation_date as creation2_0_,
        project0_.description as descript3_0_,
        project0_.finish_date as finish_d4_0_,
        project0_.name as name5_0_,
        project0_.project_leader_id as project_6_0_,
        project0_.start_date as start_da7_0_,
        project0_.status as status8_0_ 
    from
        project project0_ 
    where
        project0_.name=?
Hibernate: 
    select
        project0_.id as id1_0_0_,
        project0_.creation_date as creation2_0_0_,
        project0_.description as descript3_0_0_,
        project0_.finish_date as finish_d4_0_0_,
        project0_.name as name5_0_0_,
        project0_.project_leader_id as project_6_0_0_,
        project0_.start_date as start_da7_0_0_,
        project0_.status as status8_0_0_ 
    from
        project project0_ 
    where
        project0_.id=?
Hibernate: 
    select
        project0_.id as id1_0_0_,
        project0_.creation_date as creation2_0_0_,
        project0_.description as descript3_0_0_,
        project0_.finish_date as finish_d4_0_0_,
        project0_.name as name5_0_0_,
        project0_.project_leader_id as project_6_0_0_,
        project0_.start_date as start_da7_0_0_,
        project0_.status as status8_0_0_ 
    from
        project project0_ 
    where
        project0_.id=?
Hibernate: 
    update
        project 
    set
        creation_date=?,
        description=?,
        finish_date=?,
        name=?,
        project_leader_id=?,
        start_date=?,
        status=? 
    where
        id=?
Hibernate: 
    select
        project0_.id as id1_0_,
        project0_.creation_date as creation2_0_,
        project0_.description as descript3_0_,
        project0_.finish_date as finish_d4_0_,
        project0_.name as name5_0_,
        project0_.project_leader_id as project_6_0_,
        project0_.start_date as start_da7_0_,
        project0_.status as status8_0_ 
    from
        project project0_
Hibernate: 
    delete 
    from
        project 
    where
        id=?
Resetting system
Hibernate: 
    select
        task0_.id as id1_1_,
        task0_.creation_date as creation2_1_,
        task0_.description as descript3_1_,
        task0_.estimated_duration as estimate4_1_,
        task0_.finish_date as finish_d5_1_,
        task0_.name as name6_1_,
        task0_.priority as priority7_1_,
        task0_.project_id as project_8_1_,
        task0_.project_leader_id as project_9_1_,
        task0_.start_date as start_d10_1_,
        task0_.status as status11_1_ 
    from
        task task0_
Hibernate: 
    select
        project0_.id as id1_0_,
        project0_.creation_date as creation2_0_,
        project0_.description as descript3_0_,
        project0_.finish_date as finish_d4_0_,
        project0_.name as name5_0_,
        project0_.project_leader_id as project_6_0_,
        project0_.start_date as start_da7_0_,
        project0_.status as status8_0_ 
    from
        project project0_
After all test execution
Resetting system
Hibernate: 
    select
        project0_.id as id1_0_,
        project0_.creation_date as creation2_0_,
        project0_.description as descript3_0_,
        project0_.finish_date as finish_d4_0_,
        project0_.name as name5_0_,
        project0_.project_leader_id as project_6_0_,
        project0_.start_date as start_da7_0_,
        project0_.status as status8_0_ 
    from
        project project0_
Hibernate: 
    select
        task0_.id as id1_1_,
        task0_.creation_date as creation2_1_,
        task0_.description as descript3_1_,
        task0_.estimated_duration as estimate4_1_,
        task0_.finish_date as finish_d5_1_,
        task0_.name as name6_1_,
        task0_.priority as priority7_1_,
        task0_.project_id as project_8_1_,
        task0_.project_leader_id as project_9_1_,
        task0_.start_date as start_d10_1_,
        task0_.status as status11_1_ 
    from
        task task0_
After all test execution
Resetting system
Hibernate: 
    select
        project0_.id as id1_0_,
        project0_.creation_date as creation2_0_,
        project0_.description as descript3_0_,
        project0_.finish_date as finish_d4_0_,
        project0_.name as name5_0_,
        project0_.project_leader_id as project_6_0_,
        project0_.start_date as start_da7_0_,
        project0_.status as status8_0_ 
    from
        project project0_
Hibernate: 
    select
        project0_.id as id1_0_,
        project0_.creation_date as creation2_0_,
        project0_.description as descript3_0_,
        project0_.finish_date as finish_d4_0_,
        project0_.name as name5_0_,
        project0_.project_leader_id as project_6_0_,
        project0_.start_date as start_da7_0_,
        project0_.status as status8_0_ 
    from
        project project0_
After all test execution
After all test execution
Hibernate: 
    select
        task0_.id as id1_1_,
        task0_.creation_date as creation2_1_,
        task0_.description as descript3_1_,
        task0_.estimated_duration as estimate4_1_,
        task0_.finish_date as finish_d5_1_,
        task0_.name as name6_1_,
        task0_.priority as priority7_1_,
        task0_.project_id as project_8_1_,
        task0_.project_leader_id as project_9_1_,
        task0_.start_date as start_d10_1_,
        task0_.status as status11_1_ 
    from
        task task0_
Hibernate: 
    select
        task0_.id as id1_1_,
        task0_.creation_date as creation2_1_,
        task0_.description as descript3_1_,
        task0_.estimated_duration as estimate4_1_,
        task0_.finish_date as finish_d5_1_,
        task0_.name as name6_1_,
        task0_.priority as priority7_1_,
        task0_.project_id as project_8_1_,
        task0_.project_leader_id as project_9_1_,
        task0_.start_date as start_d10_1_,
        task0_.status as status11_1_ 
    from
        task task0_
After all test execution
2023-12-03 17:11:11.791  INFO 5520 --- [    Test worker] o.s.t.c.support.AbstractContextLoader    : Could not detect default resource locations for test class [com.aninfo.integration.cucumber.TaskIntegrationServiceTest]: no resource found for suffixes {-context.xml, Context.groovy}.
2023-12-03 17:11:11.793  INFO 5520 --- [    Test worker] .b.t.c.SpringBootTestContextBootstrapper : Loaded default TestExecutionListener class names from location [META-INF/spring.factories]: [org.springframework.boot.test.autoconfigure.restdocs.RestDocsTestExecutionListener, org.springframework.boot.test.autoconfigure.web.client.MockRestServiceServerResetTestExecutionListener, org.springframework.boot.test.autoconfigure.web.servlet.MockMvcPrintOnlyOnFailureTestExecutionListener, org.springframework.boot.test.autoconfigure.web.servlet.WebDriverTestExecutionListener, org.springframework.boot.test.mock.mockito.MockitoTestExecutionListener, org.springframework.boot.test.mock.mockito.ResetMocksTestExecutionListener, org.springframework.test.context.web.ServletTestExecutionListener, org.springframework.test.context.support.DirtiesContextBeforeModesTestExecutionListener, org.springframework.test.context.support.DependencyInjectionTestExecutionListener, org.springframework.test.context.support.DirtiesContextTestExecutionListener, org.springframework.test.context.transaction.TransactionalTestExecutionListener, org.springframework.test.context.jdbc.SqlScriptsTestExecutionListener, org.springframework.test.context.event.EventPublishingTestExecutionListener]
2023-12-03 17:11:11.794  INFO 5520 --- [    Test worker] .b.t.c.SpringBootTestContextBootstrapper : Using TestExecutionListeners: [org.springframework.test.context.web.ServletTestExecutionListener@3fb0dc9f, org.springframework.test.context.support.DirtiesContextBeforeModesTestExecutionListener@6360f901, org.springframework.boot.test.mock.mockito.MockitoTestExecutionListener@5cc05b42, org.springframework.boot.test.autoconfigure.SpringBootDependencyInjectionTestExecutionListener@50e6b4ca, org.springframework.test.context.support.DirtiesContextTestExecutionListener@690bde6d, org.springframework.test.context.transaction.TransactionalTestExecutionListener@dc78abc, org.springframework.test.context.jdbc.SqlScriptsTestExecutionListener@5383da0d, org.springframework.test.context.event.EventPublishingTestExecutionListener@36267453, org.springframework.boot.test.autoconfigure.restdocs.RestDocsTestExecutionListener@1e92c4c, org.springframework.boot.test.autoconfigure.web.client.MockRestServiceServerResetTestExecutionListener@304ac4a7, org.springframework.boot.test.autoconfigure.web.servlet.MockMvcPrintOnlyOnFailureTestExecutionListener@7d543311, org.springframework.boot.test.autoconfigure.web.servlet.WebDriverTestExecutionListener@78554404, org.springframework.boot.test.mock.mockito.ResetMocksTestExecutionListener@30168c0e]
Before any test execution
Before any test execution
Before any test execution
Before any test execution
Hibernate: 
    select
        task0_.id as id1_1_,
        task0_.creation_date as creation2_1_,
        task0_.description as descript3_1_,
        task0_.estimated_duration as estimate4_1_,
        task0_.finish_date as finish_d5_1_,
        task0_.name as name6_1_,
        task0_.priority as priority7_1_,
        task0_.project_id as project_8_1_,
        task0_.project_leader_id as project_9_1_,
        task0_.start_date as start_d10_1_,
        task0_.status as status11_1_ 
    from
        task task0_ 
    where
        task0_.project_id=?
Resetting system
Hibernate: 
    select
        task0_.id as id1_1_,
        task0_.creation_date as creation2_1_,
        task0_.description as descript3_1_,
        task0_.estimated_duration as estimate4_1_,
        task0_.finish_date as finish_d5_1_,
        task0_.name as name6_1_,
        task0_.priority as priority7_1_,
        task0_.project_id as project_8_1_,
        task0_.project_leader_id as project_9_1_,
        task0_.start_date as start_d10_1_,
        task0_.status as status11_1_ 
    from
        task task0_
Hibernate: 
    select
        project0_.id as id1_0_,
        project0_.creation_date as creation2_0_,
        project0_.description as descript3_0_,
        project0_.finish_date as finish_d4_0_,
        project0_.name as name5_0_,
        project0_.project_leader_id as project_6_0_,
        project0_.start_date as start_da7_0_,
        project0_.status as status8_0_ 
    from
        project project0_
After all test execution
Resetting system
Hibernate: 
    select
        project0_.id as id1_0_,
        project0_.creation_date as creation2_0_,
        project0_.description as descript3_0_,
        project0_.finish_date as finish_d4_0_,
        project0_.name as name5_0_,
        project0_.project_leader_id as project_6_0_,
        project0_.start_date as start_da7_0_,
        project0_.status as status8_0_ 
    from
        project project0_
Hibernate: 
    select
        task0_.id as id1_1_,
        task0_.creation_date as creation2_1_,
        task0_.description as descript3_1_,
        task0_.estimated_duration as estimate4_1_,
        task0_.finish_date as finish_d5_1_,
        task0_.name as name6_1_,
        task0_.priority as priority7_1_,
        task0_.project_id as project_8_1_,
        task0_.project_leader_id as project_9_1_,
        task0_.start_date as start_d10_1_,
        task0_.status as status11_1_ 
    from
        task task0_
After all test execution
Resetting system
Hibernate: 
    select
        project0_.id as id1_0_,
        project0_.creation_date as creation2_0_,
        project0_.description as descript3_0_,
        project0_.finish_date as finish_d4_0_,
        project0_.name as name5_0_,
        project0_.project_leader_id as project_6_0_,
        project0_.start_date as start_da7_0_,
        project0_.status as status8_0_ 
    from
        project project0_
Hibernate: 
    select
        project0_.id as id1_0_,
        project0_.creation_date as creation2_0_,
        project0_.description as descript3_0_,
        project0_.finish_date as finish_d4_0_,
        project0_.name as name5_0_,
        project0_.project_leader_id as project_6_0_,
        project0_.start_date as start_da7_0_,
        project0_.status as status8_0_ 
    from
        project project0_
After all test execution
After all test execution
Hibernate: 
    select
        task0_.id as id1_1_,
        task0_.creation_date as creation2_1_,
        task0_.description as descript3_1_,
        task0_.estimated_duration as estimate4_1_,
        task0_.finish_date as finish_d5_1_,
        task0_.name as name6_1_,
        task0_.priority as priority7_1_,
        task0_.project_id as project_8_1_,
        task0_.project_leader_id as project_9_1_,
        task0_.start_date as start_d10_1_,
        task0_.status as status11_1_ 
    from
        task task0_
Hibernate: 
    select
        task0_.id as id1_1_,
        task0_.creation_date as creation2_1_,
        task0_.description as descript3_1_,
        task0_.estimated_duration as estimate4_1_,
        task0_.finish_date as finish_d5_1_,
        task0_.name as name6_1_,
        task0_.priority as priority7_1_,
        task0_.project_id as project_8_1_,
        task0_.project_leader_id as project_9_1_,
        task0_.start_date as start_d10_1_,
        task0_.status as status11_1_ 
    from
        task task0_
After all test execution
2023-12-03 17:11:11.811  INFO 5520 --- [    Test worker] o.s.t.c.support.AbstractContextLoader    : Could not detect default resource locations for test class [com.aninfo.integration.cucumber.TaskIntegrationServiceTest]: no resource found for suffixes {-context.xml, Context.groovy}.
2023-12-03 17:11:11.826  INFO 5520 --- [    Test worker] .b.t.c.SpringBootTestContextBootstrapper : Loaded default TestExecutionListener class names from location [META-INF/spring.factories]: [org.springframework.boot.test.autoconfigure.restdocs.RestDocsTestExecutionListener, org.springframework.boot.test.autoconfigure.web.client.MockRestServiceServerResetTestExecutionListener, org.springframework.boot.test.autoconfigure.web.servlet.MockMvcPrintOnlyOnFailureTestExecutionListener, org.springframework.boot.test.autoconfigure.web.servlet.WebDriverTestExecutionListener, org.springframework.boot.test.mock.mockito.MockitoTestExecutionListener, org.springframework.boot.test.mock.mockito.ResetMocksTestExecutionListener, org.springframework.test.context.web.ServletTestExecutionListener, org.springframework.test.context.support.DirtiesContextBeforeModesTestExecutionListener, org.springframework.test.context.support.DependencyInjectionTestExecutionListener, org.springframework.test.context.support.DirtiesContextTestExecutionListener, org.springframework.test.context.transaction.TransactionalTestExecutionListener, org.springframework.test.context.jdbc.SqlScriptsTestExecutionListener, org.springframework.test.context.event.EventPublishingTestExecutionListener]
2023-12-03 17:11:11.834  INFO 5520 --- [    Test worker] .b.t.c.SpringBootTestContextBootstrapper : Using TestExecutionListeners: [org.springframework.test.context.web.ServletTestExecutionListener@40e5e288, org.springframework.test.context.support.DirtiesContextBeforeModesTestExecutionListener@1fa88089, org.springframework.boot.test.mock.mockito.MockitoTestExecutionListener@682fa369, org.springframework.boot.test.autoconfigure.SpringBootDependencyInjectionTestExecutionListener@629b2034, org.springframework.test.context.support.DirtiesContextTestExecutionListener@d857f4d, org.springframework.test.context.transaction.TransactionalTestExecutionListener@56f20abc, org.springframework.test.context.jdbc.SqlScriptsTestExecutionListener@43d3dfe0, org.springframework.test.context.event.EventPublishingTestExecutionListener@78f2cd2e, org.springframework.boot.test.autoconfigure.restdocs.RestDocsTestExecutionListener@5e2bba6a, org.springframework.boot.test.autoconfigure.web.client.MockRestServiceServerResetTestExecutionListener@184afcf9, org.springframework.boot.test.autoconfigure.web.servlet.MockMvcPrintOnlyOnFailureTestExecutionListener@45bb1ccf, org.springframework.boot.test.autoconfigure.web.servlet.WebDriverTestExecutionListener@2b4e32eb, org.springframework.boot.test.mock.mockito.ResetMocksTestExecutionListener@28b52502]
Before any test execution
Before any test execution
Before any test execution
Before any test execution
Hibernate: 
    select
        task0_.id as id1_1_,
        task0_.creation_date as creation2_1_,
        task0_.description as descript3_1_,
        task0_.estimated_duration as estimate4_1_,
        task0_.finish_date as finish_d5_1_,
        task0_.name as name6_1_,
        task0_.priority as priority7_1_,
        task0_.project_id as project_8_1_,
        task0_.project_leader_id as project_9_1_,
        task0_.start_date as start_d10_1_,
        task0_.status as status11_1_ 
    from
        task task0_ 
    where
        task0_.name=?
Hibernate: 
    call next value for hibernate_sequence
Hibernate: 
    insert 
    into
        task
        (creation_date, description, estimated_duration, finish_date, name, priority, project_id, project_leader_id, start_date, status, id) 
    values
        (?, ?, ?, ?, ?, ?, ?, ?, ?, ?, ?)
Hibernate: 
    select
        task0_.id as id1_1_,
        task0_.creation_date as creation2_1_,
        task0_.description as descript3_1_,
        task0_.estimated_duration as estimate4_1_,
        task0_.finish_date as finish_d5_1_,
        task0_.name as name6_1_,
        task0_.priority as priority7_1_,
        task0_.project_id as project_8_1_,
        task0_.project_leader_id as project_9_1_,
        task0_.start_date as start_d10_1_,
        task0_.status as status11_1_ 
    from
        task task0_ 
    where
        task0_.name=?
Hibernate: 
    call next value for hibernate_sequence
Hibernate: 
    insert 
    into
        task
        (creation_date, description, estimated_duration, finish_date, name, priority, project_id, project_leader_id, start_date, status, id) 
    values
        (?, ?, ?, ?, ?, ?, ?, ?, ?, ?, ?)
Hibernate: 
    select
        task0_.id as id1_1_,
        task0_.creation_date as creation2_1_,
        task0_.description as descript3_1_,
        task0_.estimated_duration as estimate4_1_,
        task0_.finish_date as finish_d5_1_,
        task0_.name as name6_1_,
        task0_.priority as priority7_1_,
        task0_.project_id as project_8_1_,
        task0_.project_leader_id as project_9_1_,
        task0_.start_date as start_d10_1_,
        task0_.status as status11_1_ 
    from
        task task0_
Hibernate: 
    select
        task0_.id as id1_1_,
        task0_.creation_date as creation2_1_,
        task0_.description as descript3_1_,
        task0_.estimated_duration as estimate4_1_,
        task0_.finish_date as finish_d5_1_,
        task0_.name as name6_1_,
        task0_.priority as priority7_1_,
        task0_.project_id as project_8_1_,
        task0_.project_leader_id as project_9_1_,
        task0_.start_date as start_d10_1_,
        task0_.status as status11_1_ 
    from
        task task0_ 
    where
        task0_.project_id=?
Resetting system
Hibernate: 
    select
        task0_.id as id1_1_,
        task0_.creation_date as creation2_1_,
        task0_.description as descript3_1_,
        task0_.estimated_duration as estimate4_1_,
        task0_.finish_date as finish_d5_1_,
        task0_.name as name6_1_,
        task0_.priority as priority7_1_,
        task0_.project_id as project_8_1_,
        task0_.project_leader_id as project_9_1_,
        task0_.start_date as start_d10_1_,
        task0_.status as status11_1_ 
    from
        task task0_
Hibernate: 
    delete 
    from
        task 
    where
        id=?
Hibernate: 
    delete 
    from
        task 
    where
        id=?
Hibernate: 
    select
        project0_.id as id1_0_,
        project0_.creation_date as creation2_0_,
        project0_.description as descript3_0_,
        project0_.finish_date as finish_d4_0_,
        project0_.name as name5_0_,
        project0_.project_leader_id as project_6_0_,
        project0_.start_date as start_da7_0_,
        project0_.status as status8_0_ 
    from
        project project0_
After all test execution
Resetting system
Hibernate: 
    select
        project0_.id as id1_0_,
        project0_.creation_date as creation2_0_,
        project0_.description as descript3_0_,
        project0_.finish_date as finish_d4_0_,
        project0_.name as name5_0_,
        project0_.project_leader_id as project_6_0_,
        project0_.start_date as start_da7_0_,
        project0_.status as status8_0_ 
    from
        project project0_
Hibernate: 
    select
        task0_.id as id1_1_,
        task0_.creation_date as creation2_1_,
        task0_.description as descript3_1_,
        task0_.estimated_duration as estimate4_1_,
        task0_.finish_date as finish_d5_1_,
        task0_.name as name6_1_,
        task0_.priority as priority7_1_,
        task0_.project_id as project_8_1_,
        task0_.project_leader_id as project_9_1_,
        task0_.start_date as start_d10_1_,
        task0_.status as status11_1_ 
    from
        task task0_
After all test execution
Resetting system
Hibernate: 
    select
        project0_.id as id1_0_,
        project0_.creation_date as creation2_0_,
        project0_.description as descript3_0_,
        project0_.finish_date as finish_d4_0_,
        project0_.name as name5_0_,
        project0_.project_leader_id as project_6_0_,
        project0_.start_date as start_da7_0_,
        project0_.status as status8_0_ 
    from
        project project0_
Hibernate: 
    select
        project0_.id as id1_0_,
        project0_.creation_date as creation2_0_,
        project0_.description as descript3_0_,
        project0_.finish_date as finish_d4_0_,
        project0_.name as name5_0_,
        project0_.project_leader_id as project_6_0_,
        project0_.start_date as start_da7_0_,
        project0_.status as status8_0_ 
    from
        project project0_
After all test execution
After all test execution
Hibernate: 
    select
        task0_.id as id1_1_,
        task0_.creation_date as creation2_1_,
        task0_.description as descript3_1_,
        task0_.estimated_duration as estimate4_1_,
        task0_.finish_date as finish_d5_1_,
        task0_.name as name6_1_,
        task0_.priority as priority7_1_,
        task0_.project_id as project_8_1_,
        task0_.project_leader_id as project_9_1_,
        task0_.start_date as start_d10_1_,
        task0_.status as status11_1_ 
    from
        task task0_
Hibernate: 
    select
        task0_.id as id1_1_,
        task0_.creation_date as creation2_1_,
        task0_.description as descript3_1_,
        task0_.estimated_duration as estimate4_1_,
        task0_.finish_date as finish_d5_1_,
        task0_.name as name6_1_,
        task0_.priority as priority7_1_,
        task0_.project_id as project_8_1_,
        task0_.project_leader_id as project_9_1_,
        task0_.start_date as start_d10_1_,
        task0_.status as status11_1_ 
    from
        task task0_
After all test execution
2023-12-03 17:11:11.897  INFO 5520 --- [    Test worker] o.s.t.c.support.AbstractContextLoader    : Could not detect default resource locations for test class [com.aninfo.integration.cucumber.TaskIntegrationServiceTest]: no resource found for suffixes {-context.xml, Context.groovy}.
2023-12-03 17:11:11.900  INFO 5520 --- [    Test worker] .b.t.c.SpringBootTestContextBootstrapper : Loaded default TestExecutionListener class names from location [META-INF/spring.factories]: [org.springframework.boot.test.autoconfigure.restdocs.RestDocsTestExecutionListener, org.springframework.boot.test.autoconfigure.web.client.MockRestServiceServerResetTestExecutionListener, org.springframework.boot.test.autoconfigure.web.servlet.MockMvcPrintOnlyOnFailureTestExecutionListener, org.springframework.boot.test.autoconfigure.web.servlet.WebDriverTestExecutionListener, org.springframework.boot.test.mock.mockito.MockitoTestExecutionListener, org.springframework.boot.test.mock.mockito.ResetMocksTestExecutionListener, org.springframework.test.context.web.ServletTestExecutionListener, org.springframework.test.context.support.DirtiesContextBeforeModesTestExecutionListener, org.springframework.test.context.support.DependencyInjectionTestExecutionListener, org.springframework.test.context.support.DirtiesContextTestExecutionListener, org.springframework.test.context.transaction.TransactionalTestExecutionListener, org.springframework.test.context.jdbc.SqlScriptsTestExecutionListener, org.springframework.test.context.event.EventPublishingTestExecutionListener]
2023-12-03 17:11:11.900  INFO 5520 --- [    Test worker] .b.t.c.SpringBootTestContextBootstrapper : Using TestExecutionListeners: [org.springframework.test.context.web.ServletTestExecutionListener@4d1cf26b, org.springframework.test.context.support.DirtiesContextBeforeModesTestExecutionListener@27d3c9a7, org.springframework.boot.test.mock.mockito.MockitoTestExecutionListener@453f2be7, org.springframework.boot.test.autoconfigure.SpringBootDependencyInjectionTestExecutionListener@6c87c44e, org.springframework.test.context.support.DirtiesContextTestExecutionListener@46a2ec1f, org.springframework.test.context.transaction.TransactionalTestExecutionListener@7f059b9d, org.springframework.test.context.jdbc.SqlScriptsTestExecutionListener@4359f789, org.springframework.test.context.event.EventPublishingTestExecutionListener@11aefe18, org.springframework.boot.test.autoconfigure.restdocs.RestDocsTestExecutionListener@40bd3a26, org.springframework.boot.test.autoconfigure.web.client.MockRestServiceServerResetTestExecutionListener@13b798df, org.springframework.boot.test.autoconfigure.web.servlet.MockMvcPrintOnlyOnFailureTestExecutionListener@1f5ed09f, org.springframework.boot.test.autoconfigure.web.servlet.WebDriverTestExecutionListener@79e6a352, org.springframework.boot.test.mock.mockito.ResetMocksTestExecutionListener@5023ca42]
Before any test execution
Before any test execution
Before any test execution
Before any test execution
Hibernate: 
    select
        task0_.id as id1_1_,
        task0_.creation_date as creation2_1_,
        task0_.description as descript3_1_,
        task0_.estimated_duration as estimate4_1_,
        task0_.finish_date as finish_d5_1_,
        task0_.name as name6_1_,
        task0_.priority as priority7_1_,
        task0_.project_id as project_8_1_,
        task0_.project_leader_id as project_9_1_,
        task0_.start_date as start_d10_1_,
        task0_.status as status11_1_ 
    from
        task task0_ 
    where
        task0_.name=?
Hibernate: 
    call next value for hibernate_sequence
Hibernate: 
    insert 
    into
        task
        (creation_date, description, estimated_duration, finish_date, name, priority, project_id, project_leader_id, start_date, status, id) 
    values
        (?, ?, ?, ?, ?, ?, ?, ?, ?, ?, ?)
Hibernate: 
    select
        task0_.id as id1_1_,
        task0_.creation_date as creation2_1_,
        task0_.description as descript3_1_,
        task0_.estimated_duration as estimate4_1_,
        task0_.finish_date as finish_d5_1_,
        task0_.name as name6_1_,
        task0_.priority as priority7_1_,
        task0_.project_id as project_8_1_,
        task0_.project_leader_id as project_9_1_,
        task0_.start_date as start_d10_1_,
        task0_.status as status11_1_ 
    from
        task task0_ 
    where
        task0_.name=?
Resetting system
Hibernate: 
    select
        task0_.id as id1_1_,
        task0_.creation_date as creation2_1_,
        task0_.description as descript3_1_,
        task0_.estimated_duration as estimate4_1_,
        task0_.finish_date as finish_d5_1_,
        task0_.name as name6_1_,
        task0_.priority as priority7_1_,
        task0_.project_id as project_8_1_,
        task0_.project_leader_id as project_9_1_,
        task0_.start_date as start_d10_1_,
        task0_.status as status11_1_ 
    from
        task task0_
Hibernate: 
    delete 
    from
        task 
    where
        id=?
Hibernate: 
    select
        project0_.id as id1_0_,
        project0_.creation_date as creation2_0_,
        project0_.description as descript3_0_,
        project0_.finish_date as finish_d4_0_,
        project0_.name as name5_0_,
        project0_.project_leader_id as project_6_0_,
        project0_.start_date as start_da7_0_,
        project0_.status as status8_0_ 
    from
        project project0_
After all test execution
Resetting system
Hibernate: 
    select
        project0_.id as id1_0_,
        project0_.creation_date as creation2_0_,
        project0_.description as descript3_0_,
        project0_.finish_date as finish_d4_0_,
        project0_.name as name5_0_,
        project0_.project_leader_id as project_6_0_,
        project0_.start_date as start_da7_0_,
        project0_.status as status8_0_ 
    from
        project project0_
Hibernate: 
    select
        task0_.id as id1_1_,
        task0_.creation_date as creation2_1_,
        task0_.description as descript3_1_,
        task0_.estimated_duration as estimate4_1_,
        task0_.finish_date as finish_d5_1_,
        task0_.name as name6_1_,
        task0_.priority as priority7_1_,
        task0_.project_id as project_8_1_,
        task0_.project_leader_id as project_9_1_,
        task0_.start_date as start_d10_1_,
        task0_.status as status11_1_ 
    from
        task task0_
After all test execution
Resetting system
Hibernate: 
    select
        project0_.id as id1_0_,
        project0_.creation_date as creation2_0_,
        project0_.description as descript3_0_,
        project0_.finish_date as finish_d4_0_,
        project0_.name as name5_0_,
        project0_.project_leader_id as project_6_0_,
        project0_.start_date as start_da7_0_,
        project0_.status as status8_0_ 
    from
        project project0_
Hibernate: 
    select
        project0_.id as id1_0_,
        project0_.creation_date as creation2_0_,
        project0_.description as descript3_0_,
        project0_.finish_date as finish_d4_0_,
        project0_.name as name5_0_,
        project0_.project_leader_id as project_6_0_,
        project0_.start_date as start_da7_0_,
        project0_.status as status8_0_ 
    from
        project project0_
After all test execution
After all test execution
Hibernate: 
    select
        task0_.id as id1_1_,
        task0_.creation_date as creation2_1_,
        task0_.description as descript3_1_,
        task0_.estimated_duration as estimate4_1_,
        task0_.finish_date as finish_d5_1_,
        task0_.name as name6_1_,
        task0_.priority as priority7_1_,
        task0_.project_id as project_8_1_,
        task0_.project_leader_id as project_9_1_,
        task0_.start_date as start_d10_1_,
        task0_.status as status11_1_ 
    from
        task task0_
Hibernate: 
    select
        task0_.id as id1_1_,
        task0_.creation_date as creation2_1_,
        task0_.description as descript3_1_,
        task0_.estimated_duration as estimate4_1_,
        task0_.finish_date as finish_d5_1_,
        task0_.name as name6_1_,
        task0_.priority as priority7_1_,
        task0_.project_id as project_8_1_,
        task0_.project_leader_id as project_9_1_,
        task0_.start_date as start_d10_1_,
        task0_.status as status11_1_ 
    from
        task task0_
After all test execution
2023-12-03 17:11:11.932  INFO 5520 --- [    Test worker] o.s.t.c.support.AbstractContextLoader    : Could not detect default resource locations for test class [com.aninfo.integration.cucumber.TaskIntegrationServiceTest]: no resource found for suffixes {-context.xml, Context.groovy}.
2023-12-03 17:11:11.934  INFO 5520 --- [    Test worker] .b.t.c.SpringBootTestContextBootstrapper : Loaded default TestExecutionListener class names from location [META-INF/spring.factories]: [org.springframework.boot.test.autoconfigure.restdocs.RestDocsTestExecutionListener, org.springframework.boot.test.autoconfigure.web.client.MockRestServiceServerResetTestExecutionListener, org.springframework.boot.test.autoconfigure.web.servlet.MockMvcPrintOnlyOnFailureTestExecutionListener, org.springframework.boot.test.autoconfigure.web.servlet.WebDriverTestExecutionListener, org.springframework.boot.test.mock.mockito.MockitoTestExecutionListener, org.springframework.boot.test.mock.mockito.ResetMocksTestExecutionListener, org.springframework.test.context.web.ServletTestExecutionListener, org.springframework.test.context.support.DirtiesContextBeforeModesTestExecutionListener, org.springframework.test.context.support.DependencyInjectionTestExecutionListener, org.springframework.test.context.support.DirtiesContextTestExecutionListener, org.springframework.test.context.transaction.TransactionalTestExecutionListener, org.springframework.test.context.jdbc.SqlScriptsTestExecutionListener, org.springframework.test.context.event.EventPublishingTestExecutionListener]
2023-12-03 17:11:11.935  INFO 5520 --- [    Test worker] .b.t.c.SpringBootTestContextBootstrapper : Using TestExecutionListeners: [org.springframework.test.context.web.ServletTestExecutionListener@2e43d0d4, org.springframework.test.context.support.DirtiesContextBeforeModesTestExecutionListener@3683bd2b, org.springframework.boot.test.mock.mockito.MockitoTestExecutionListener@31b206b4, org.springframework.boot.test.autoconfigure.SpringBootDependencyInjectionTestExecutionListener@17d4259, org.springframework.test.context.support.DirtiesContextTestExecutionListener@3108e7d2, org.springframework.test.context.transaction.TransactionalTestExecutionListener@1ac96e3d, org.springframework.test.context.jdbc.SqlScriptsTestExecutionListener@3bef5c76, org.springframework.test.context.event.EventPublishingTestExecutionListener@50ebbed8, org.springframework.boot.test.autoconfigure.restdocs.RestDocsTestExecutionListener@26abf560, org.springframework.boot.test.autoconfigure.web.client.MockRestServiceServerResetTestExecutionListener@77c2cf0e, org.springframework.boot.test.autoconfigure.web.servlet.MockMvcPrintOnlyOnFailureTestExecutionListener@368f316c, org.springframework.boot.test.autoconfigure.web.servlet.WebDriverTestExecutionListener@3b9f441b, org.springframework.boot.test.mock.mockito.ResetMocksTestExecutionListener@42e6a6fd]
Before any test execution
Before any test execution
Before any test execution
Before any test execution
Hibernate: 
    select
        task0_.id as id1_1_,
        task0_.creation_date as creation2_1_,
        task0_.description as descript3_1_,
        task0_.estimated_duration as estimate4_1_,
        task0_.finish_date as finish_d5_1_,
        task0_.name as name6_1_,
        task0_.priority as priority7_1_,
        task0_.project_id as project_8_1_,
        task0_.project_leader_id as project_9_1_,
        task0_.start_date as start_d10_1_,
        task0_.status as status11_1_ 
    from
        task task0_ 
    where
        task0_.name=?
Hibernate: 
    call next value for hibernate_sequence
Hibernate: 
    insert 
    into
        task
        (creation_date, description, estimated_duration, finish_date, name, priority, project_id, project_leader_id, start_date, status, id) 
    values
        (?, ?, ?, ?, ?, ?, ?, ?, ?, ?, ?)
Hibernate: 
    select
        task0_.id as id1_1_,
        task0_.creation_date as creation2_1_,
        task0_.description as descript3_1_,
        task0_.estimated_duration as estimate4_1_,
        task0_.finish_date as finish_d5_1_,
        task0_.name as name6_1_,
        task0_.priority as priority7_1_,
        task0_.project_id as project_8_1_,
        task0_.project_leader_id as project_9_1_,
        task0_.start_date as start_d10_1_,
        task0_.status as status11_1_ 
    from
        task task0_ 
    where
        task0_.name=?
Resetting system
Hibernate: 
    select
        task0_.id as id1_1_,
        task0_.creation_date as creation2_1_,
        task0_.description as descript3_1_,
        task0_.estimated_duration as estimate4_1_,
        task0_.finish_date as finish_d5_1_,
        task0_.name as name6_1_,
        task0_.priority as priority7_1_,
        task0_.project_id as project_8_1_,
        task0_.project_leader_id as project_9_1_,
        task0_.start_date as start_d10_1_,
        task0_.status as status11_1_ 
    from
        task task0_
Hibernate: 
    delete 
    from
        task 
    where
        id=?
Hibernate: 
    select
        project0_.id as id1_0_,
        project0_.creation_date as creation2_0_,
        project0_.description as descript3_0_,
        project0_.finish_date as finish_d4_0_,
        project0_.name as name5_0_,
        project0_.project_leader_id as project_6_0_,
        project0_.start_date as start_da7_0_,
        project0_.status as status8_0_ 
    from
        project project0_
After all test execution
Resetting system
Hibernate: 
    select
        project0_.id as id1_0_,
        project0_.creation_date as creation2_0_,
        project0_.description as descript3_0_,
        project0_.finish_date as finish_d4_0_,
        project0_.name as name5_0_,
        project0_.project_leader_id as project_6_0_,
        project0_.start_date as start_da7_0_,
        project0_.status as status8_0_ 
    from
        project project0_
Hibernate: 
    select
        task0_.id as id1_1_,
        task0_.creation_date as creation2_1_,
        task0_.description as descript3_1_,
        task0_.estimated_duration as estimate4_1_,
        task0_.finish_date as finish_d5_1_,
        task0_.name as name6_1_,
        task0_.priority as priority7_1_,
        task0_.project_id as project_8_1_,
        task0_.project_leader_id as project_9_1_,
        task0_.start_date as start_d10_1_,
        task0_.status as status11_1_ 
    from
        task task0_
After all test execution
Resetting system
Hibernate: 
    select
        project0_.id as id1_0_,
        project0_.creation_date as creation2_0_,
        project0_.description as descript3_0_,
        project0_.finish_date as finish_d4_0_,
        project0_.name as name5_0_,
        project0_.project_leader_id as project_6_0_,
        project0_.start_date as start_da7_0_,
        project0_.status as status8_0_ 
    from
        project project0_
Hibernate: 
    select
        project0_.id as id1_0_,
        project0_.creation_date as creation2_0_,
        project0_.description as descript3_0_,
        project0_.finish_date as finish_d4_0_,
        project0_.name as name5_0_,
        project0_.project_leader_id as project_6_0_,
        project0_.start_date as start_da7_0_,
        project0_.status as status8_0_ 
    from
        project project0_
After all test execution
After all test execution
Hibernate: 
    select
        task0_.id as id1_1_,
        task0_.creation_date as creation2_1_,
        task0_.description as descript3_1_,
        task0_.estimated_duration as estimate4_1_,
        task0_.finish_date as finish_d5_1_,
        task0_.name as name6_1_,
        task0_.priority as priority7_1_,
        task0_.project_id as project_8_1_,
        task0_.project_leader_id as project_9_1_,
        task0_.start_date as start_d10_1_,
        task0_.status as status11_1_ 
    from
        task task0_
Hibernate: 
    select
        task0_.id as id1_1_,
        task0_.creation_date as creation2_1_,
        task0_.description as descript3_1_,
        task0_.estimated_duration as estimate4_1_,
        task0_.finish_date as finish_d5_1_,
        task0_.name as name6_1_,
        task0_.priority as priority7_1_,
        task0_.project_id as project_8_1_,
        task0_.project_leader_id as project_9_1_,
        task0_.start_date as start_d10_1_,
        task0_.status as status11_1_ 
    from
        task task0_
After all test execution
2023-12-03 17:11:11.994  INFO 5520 --- [    Test worker] o.s.t.c.support.AbstractContextLoader    : Could not detect default resource locations for test class [com.aninfo.integration.cucumber.TaskIntegrationServiceTest]: no resource found for suffixes {-context.xml, Context.groovy}.
2023-12-03 17:11:11.996  INFO 5520 --- [    Test worker] .b.t.c.SpringBootTestContextBootstrapper : Loaded default TestExecutionListener class names from location [META-INF/spring.factories]: [org.springframework.boot.test.autoconfigure.restdocs.RestDocsTestExecutionListener, org.springframework.boot.test.autoconfigure.web.client.MockRestServiceServerResetTestExecutionListener, org.springframework.boot.test.autoconfigure.web.servlet.MockMvcPrintOnlyOnFailureTestExecutionListener, org.springframework.boot.test.autoconfigure.web.servlet.WebDriverTestExecutionListener, org.springframework.boot.test.mock.mockito.MockitoTestExecutionListener, org.springframework.boot.test.mock.mockito.ResetMocksTestExecutionListener, org.springframework.test.context.web.ServletTestExecutionListener, org.springframework.test.context.support.DirtiesContextBeforeModesTestExecutionListener, org.springframework.test.context.support.DependencyInjectionTestExecutionListener, org.springframework.test.context.support.DirtiesContextTestExecutionListener, org.springframework.test.context.transaction.TransactionalTestExecutionListener, org.springframework.test.context.jdbc.SqlScriptsTestExecutionListener, org.springframework.test.context.event.EventPublishingTestExecutionListener]
2023-12-03 17:11:11.997  INFO 5520 --- [    Test worker] .b.t.c.SpringBootTestContextBootstrapper : Using TestExecutionListeners: [org.springframework.test.context.web.ServletTestExecutionListener@8892767, org.springframework.test.context.support.DirtiesContextBeforeModesTestExecutionListener@26f9e600, org.springframework.boot.test.mock.mockito.MockitoTestExecutionListener@6a753d11, org.springframework.boot.test.autoconfigure.SpringBootDependencyInjectionTestExecutionListener@3b95f7e8, org.springframework.test.context.support.DirtiesContextTestExecutionListener@7ae64de2, org.springframework.test.context.transaction.TransactionalTestExecutionListener@13466d58, org.springframework.test.context.jdbc.SqlScriptsTestExecutionListener@50184794, org.springframework.test.context.event.EventPublishingTestExecutionListener@4426c0c8, org.springframework.boot.test.autoconfigure.restdocs.RestDocsTestExecutionListener@ce70cf3, org.springframework.boot.test.autoconfigure.web.client.MockRestServiceServerResetTestExecutionListener@2ceb9c9a, org.springframework.boot.test.autoconfigure.web.servlet.MockMvcPrintOnlyOnFailureTestExecutionListener@3edd4a74, org.springframework.boot.test.autoconfigure.web.servlet.WebDriverTestExecutionListener@4c0ffde7, org.springframework.boot.test.mock.mockito.ResetMocksTestExecutionListener@783be001]
Before any test execution
Before any test execution
Before any test execution
Before any test execution
Hibernate: 
    select
        task0_.id as id1_1_,
        task0_.creation_date as creation2_1_,
        task0_.description as descript3_1_,
        task0_.estimated_duration as estimate4_1_,
        task0_.finish_date as finish_d5_1_,
        task0_.name as name6_1_,
        task0_.priority as priority7_1_,
        task0_.project_id as project_8_1_,
        task0_.project_leader_id as project_9_1_,
        task0_.start_date as start_d10_1_,
        task0_.status as status11_1_ 
    from
        task task0_ 
    where
        task0_.name=?
Hibernate: 
    call next value for hibernate_sequence
Hibernate: 
    insert 
    into
        task
        (creation_date, description, estimated_duration, finish_date, name, priority, project_id, project_leader_id, start_date, status, id) 
    values
        (?, ?, ?, ?, ?, ?, ?, ?, ?, ?, ?)
Resetting system
Hibernate: 
    select
        task0_.id as id1_1_,
        task0_.creation_date as creation2_1_,
        task0_.description as descript3_1_,
        task0_.estimated_duration as estimate4_1_,
        task0_.finish_date as finish_d5_1_,
        task0_.name as name6_1_,
        task0_.priority as priority7_1_,
        task0_.project_id as project_8_1_,
        task0_.project_leader_id as project_9_1_,
        task0_.start_date as start_d10_1_,
        task0_.status as status11_1_ 
    from
        task task0_
Hibernate: 
    delete 
    from
        task 
    where
        id=?
Hibernate: 
    select
        project0_.id as id1_0_,
        project0_.creation_date as creation2_0_,
        project0_.description as descript3_0_,
        project0_.finish_date as finish_d4_0_,
        project0_.name as name5_0_,
        project0_.project_leader_id as project_6_0_,
        project0_.start_date as start_da7_0_,
        project0_.status as status8_0_ 
    from
        project project0_
After all test execution
Resetting system
Hibernate: 
    select
        project0_.id as id1_0_,
        project0_.creation_date as creation2_0_,
        project0_.description as descript3_0_,
        project0_.finish_date as finish_d4_0_,
        project0_.name as name5_0_,
        project0_.project_leader_id as project_6_0_,
        project0_.start_date as start_da7_0_,
        project0_.status as status8_0_ 
    from
        project project0_
Hibernate: 
    select
        task0_.id as id1_1_,
        task0_.creation_date as creation2_1_,
        task0_.description as descript3_1_,
        task0_.estimated_duration as estimate4_1_,
        task0_.finish_date as finish_d5_1_,
        task0_.name as name6_1_,
        task0_.priority as priority7_1_,
        task0_.project_id as project_8_1_,
        task0_.project_leader_id as project_9_1_,
        task0_.start_date as start_d10_1_,
        task0_.status as status11_1_ 
    from
        task task0_
After all test execution
Resetting system
Hibernate: 
    select
        project0_.id as id1_0_,
        project0_.creation_date as creation2_0_,
        project0_.description as descript3_0_,
        project0_.finish_date as finish_d4_0_,
        project0_.name as name5_0_,
        project0_.project_leader_id as project_6_0_,
        project0_.start_date as start_da7_0_,
        project0_.status as status8_0_ 
    from
        project project0_
Hibernate: 
    select
        project0_.id as id1_0_,
        project0_.creation_date as creation2_0_,
        project0_.description as descript3_0_,
        project0_.finish_date as finish_d4_0_,
        project0_.name as name5_0_,
        project0_.project_leader_id as project_6_0_,
        project0_.start_date as start_da7_0_,
        project0_.status as status8_0_ 
    from
        project project0_
After all test execution
After all test execution
Hibernate: 
    select
        task0_.id as id1_1_,
        task0_.creation_date as creation2_1_,
        task0_.description as descript3_1_,
        task0_.estimated_duration as estimate4_1_,
        task0_.finish_date as finish_d5_1_,
        task0_.name as name6_1_,
        task0_.priority as priority7_1_,
        task0_.project_id as project_8_1_,
        task0_.project_leader_id as project_9_1_,
        task0_.start_date as start_d10_1_,
        task0_.status as status11_1_ 
    from
        task task0_
Hibernate: 
    select
        task0_.id as id1_1_,
        task0_.creation_date as creation2_1_,
        task0_.description as descript3_1_,
        task0_.estimated_duration as estimate4_1_,
        task0_.finish_date as finish_d5_1_,
        task0_.name as name6_1_,
        task0_.priority as priority7_1_,
        task0_.project_id as project_8_1_,
        task0_.project_leader_id as project_9_1_,
        task0_.start_date as start_d10_1_,
        task0_.status as status11_1_ 
    from
        task task0_
After all test execution
2023-12-03 17:11:12.024  INFO 5520 --- [    Test worker] o.s.t.c.support.AbstractContextLoader    : Could not detect default resource locations for test class [com.aninfo.integration.cucumber.TaskIntegrationServiceTest]: no resource found for suffixes {-context.xml, Context.groovy}.
2023-12-03 17:11:12.026  INFO 5520 --- [    Test worker] .b.t.c.SpringBootTestContextBootstrapper : Loaded default TestExecutionListener class names from location [META-INF/spring.factories]: [org.springframework.boot.test.autoconfigure.restdocs.RestDocsTestExecutionListener, org.springframework.boot.test.autoconfigure.web.client.MockRestServiceServerResetTestExecutionListener, org.springframework.boot.test.autoconfigure.web.servlet.MockMvcPrintOnlyOnFailureTestExecutionListener, org.springframework.boot.test.autoconfigure.web.servlet.WebDriverTestExecutionListener, org.springframework.boot.test.mock.mockito.MockitoTestExecutionListener, org.springframework.boot.test.mock.mockito.ResetMocksTestExecutionListener, org.springframework.test.context.web.ServletTestExecutionListener, org.springframework.test.context.support.DirtiesContextBeforeModesTestExecutionListener, org.springframework.test.context.support.DependencyInjectionTestExecutionListener, org.springframework.test.context.support.DirtiesContextTestExecutionListener, org.springframework.test.context.transaction.TransactionalTestExecutionListener, org.springframework.test.context.jdbc.SqlScriptsTestExecutionListener, org.springframework.test.context.event.EventPublishingTestExecutionListener]
2023-12-03 17:11:12.026  INFO 5520 --- [    Test worker] .b.t.c.SpringBootTestContextBootstrapper : Using TestExecutionListeners: [org.springframework.test.context.web.ServletTestExecutionListener@fd421ad, org.springframework.test.context.support.DirtiesContextBeforeModesTestExecutionListener@52816dce, org.springframework.boot.test.mock.mockito.MockitoTestExecutionListener@1d14072b, org.springframework.boot.test.autoconfigure.SpringBootDependencyInjectionTestExecutionListener@5d1e9d34, org.springframework.test.context.support.DirtiesContextTestExecutionListener@73690673, org.springframework.test.context.transaction.TransactionalTestExecutionListener@2a5feacd, org.springframework.test.context.jdbc.SqlScriptsTestExecutionListener@17cf9df2, org.springframework.test.context.event.EventPublishingTestExecutionListener@3e914502, org.springframework.boot.test.autoconfigure.restdocs.RestDocsTestExecutionListener@570863d, org.springframework.boot.test.autoconfigure.web.client.MockRestServiceServerResetTestExecutionListener@50ac1ddc, org.springframework.boot.test.autoconfigure.web.servlet.MockMvcPrintOnlyOnFailureTestExecutionListener@3b673a36, org.springframework.boot.test.autoconfigure.web.servlet.WebDriverTestExecutionListener@f6ac10d, org.springframework.boot.test.mock.mockito.ResetMocksTestExecutionListener@e2aefb3]
Before any test execution
Before any test execution
Before any test execution
Before any test execution
Hibernate: 
    select
        task0_.id as id1_1_,
        task0_.creation_date as creation2_1_,
        task0_.description as descript3_1_,
        task0_.estimated_duration as estimate4_1_,
        task0_.finish_date as finish_d5_1_,
        task0_.name as name6_1_,
        task0_.priority as priority7_1_,
        task0_.project_id as project_8_1_,
        task0_.project_leader_id as project_9_1_,
        task0_.start_date as start_d10_1_,
        task0_.status as status11_1_ 
    from
        task task0_ 
    where
        task0_.name=?
Hibernate: 
    call next value for hibernate_sequence
Hibernate: 
    insert 
    into
        task
        (creation_date, description, estimated_duration, finish_date, name, priority, project_id, project_leader_id, start_date, status, id) 
    values
        (?, ?, ?, ?, ?, ?, ?, ?, ?, ?, ?)
Hibernate: 
    select
        task0_.id as id1_1_,
        task0_.creation_date as creation2_1_,
        task0_.description as descript3_1_,
        task0_.estimated_duration as estimate4_1_,
        task0_.finish_date as finish_d5_1_,
        task0_.name as name6_1_,
        task0_.priority as priority7_1_,
        task0_.project_id as project_8_1_,
        task0_.project_leader_id as project_9_1_,
        task0_.start_date as start_d10_1_,
        task0_.status as status11_1_ 
    from
        task task0_ 
    where
        task0_.name=?
Resetting system
Hibernate: 
    select
        task0_.id as id1_1_,
        task0_.creation_date as creation2_1_,
        task0_.description as descript3_1_,
        task0_.estimated_duration as estimate4_1_,
        task0_.finish_date as finish_d5_1_,
        task0_.name as name6_1_,
        task0_.priority as priority7_1_,
        task0_.project_id as project_8_1_,
        task0_.project_leader_id as project_9_1_,
        task0_.start_date as start_d10_1_,
        task0_.status as status11_1_ 
    from
        task task0_
Hibernate: 
    delete 
    from
        task 
    where
        id=?
Hibernate: 
    select
        project0_.id as id1_0_,
        project0_.creation_date as creation2_0_,
        project0_.description as descript3_0_,
        project0_.finish_date as finish_d4_0_,
        project0_.name as name5_0_,
        project0_.project_leader_id as project_6_0_,
        project0_.start_date as start_da7_0_,
        project0_.status as status8_0_ 
    from
        project project0_
After all test execution
Resetting system
Hibernate: 
    select
        project0_.id as id1_0_,
        project0_.creation_date as creation2_0_,
        project0_.description as descript3_0_,
        project0_.finish_date as finish_d4_0_,
        project0_.name as name5_0_,
        project0_.project_leader_id as project_6_0_,
        project0_.start_date as start_da7_0_,
        project0_.status as status8_0_ 
    from
        project project0_
Hibernate: 
    select
        task0_.id as id1_1_,
        task0_.creation_date as creation2_1_,
        task0_.description as descript3_1_,
        task0_.estimated_duration as estimate4_1_,
        task0_.finish_date as finish_d5_1_,
        task0_.name as name6_1_,
        task0_.priority as priority7_1_,
        task0_.project_id as project_8_1_,
        task0_.project_leader_id as project_9_1_,
        task0_.start_date as start_d10_1_,
        task0_.status as status11_1_ 
    from
        task task0_
After all test execution
Resetting system
Hibernate: 
    select
        project0_.id as id1_0_,
        project0_.creation_date as creation2_0_,
        project0_.description as descript3_0_,
        project0_.finish_date as finish_d4_0_,
        project0_.name as name5_0_,
        project0_.project_leader_id as project_6_0_,
        project0_.start_date as start_da7_0_,
        project0_.status as status8_0_ 
    from
        project project0_
Hibernate: 
    select
        project0_.id as id1_0_,
        project0_.creation_date as creation2_0_,
        project0_.description as descript3_0_,
        project0_.finish_date as finish_d4_0_,
        project0_.name as name5_0_,
        project0_.project_leader_id as project_6_0_,
        project0_.start_date as start_da7_0_,
        project0_.status as status8_0_ 
    from
        project project0_
After all test execution
After all test execution
Hibernate: 
    select
        task0_.id as id1_1_,
        task0_.creation_date as creation2_1_,
        task0_.description as descript3_1_,
        task0_.estimated_duration as estimate4_1_,
        task0_.finish_date as finish_d5_1_,
        task0_.name as name6_1_,
        task0_.priority as priority7_1_,
        task0_.project_id as project_8_1_,
        task0_.project_leader_id as project_9_1_,
        task0_.start_date as start_d10_1_,
        task0_.status as status11_1_ 
    from
        task task0_
Hibernate: 
    select
        task0_.id as id1_1_,
        task0_.creation_date as creation2_1_,
        task0_.description as descript3_1_,
        task0_.estimated_duration as estimate4_1_,
        task0_.finish_date as finish_d5_1_,
        task0_.name as name6_1_,
        task0_.priority as priority7_1_,
        task0_.project_id as project_8_1_,
        task0_.project_leader_id as project_9_1_,
        task0_.start_date as start_d10_1_,
        task0_.status as status11_1_ 
    from
        task task0_
After all test execution
2023-12-03 17:11:12.060  INFO 5520 --- [    Test worker] o.s.t.c.support.AbstractContextLoader    : Could not detect default resource locations for test class [com.aninfo.integration.cucumber.TaskIntegrationServiceTest]: no resource found for suffixes {-context.xml, Context.groovy}.
2023-12-03 17:11:12.061  INFO 5520 --- [    Test worker] .b.t.c.SpringBootTestContextBootstrapper : Loaded default TestExecutionListener class names from location [META-INF/spring.factories]: [org.springframework.boot.test.autoconfigure.restdocs.RestDocsTestExecutionListener, org.springframework.boot.test.autoconfigure.web.client.MockRestServiceServerResetTestExecutionListener, org.springframework.boot.test.autoconfigure.web.servlet.MockMvcPrintOnlyOnFailureTestExecutionListener, org.springframework.boot.test.autoconfigure.web.servlet.WebDriverTestExecutionListener, org.springframework.boot.test.mock.mockito.MockitoTestExecutionListener, org.springframework.boot.test.mock.mockito.ResetMocksTestExecutionListener, org.springframework.test.context.web.ServletTestExecutionListener, org.springframework.test.context.support.DirtiesContextBeforeModesTestExecutionListener, org.springframework.test.context.support.DependencyInjectionTestExecutionListener, org.springframework.test.context.support.DirtiesContextTestExecutionListener, org.springframework.test.context.transaction.TransactionalTestExecutionListener, org.springframework.test.context.jdbc.SqlScriptsTestExecutionListener, org.springframework.test.context.event.EventPublishingTestExecutionListener]
2023-12-03 17:11:12.061  INFO 5520 --- [    Test worker] .b.t.c.SpringBootTestContextBootstrapper : Using TestExecutionListeners: [org.springframework.test.context.web.ServletTestExecutionListener@691fc956, org.springframework.test.context.support.DirtiesContextBeforeModesTestExecutionListener@5e77d642, org.springframework.boot.test.mock.mockito.MockitoTestExecutionListener@40109b02, org.springframework.boot.test.autoconfigure.SpringBootDependencyInjectionTestExecutionListener@2e3407c5, org.springframework.test.context.support.DirtiesContextTestExecutionListener@39f63e2c, org.springframework.test.context.transaction.TransactionalTestExecutionListener@59533a96, org.springframework.test.context.jdbc.SqlScriptsTestExecutionListener@1ddf7235, org.springframework.test.context.event.EventPublishingTestExecutionListener@13db5464, org.springframework.boot.test.autoconfigure.restdocs.RestDocsTestExecutionListener@1b540f6d, org.springframework.boot.test.autoconfigure.web.client.MockRestServiceServerResetTestExecutionListener@5b13111b, org.springframework.boot.test.autoconfigure.web.servlet.MockMvcPrintOnlyOnFailureTestExecutionListener@3dbb8e96, org.springframework.boot.test.autoconfigure.web.servlet.WebDriverTestExecutionListener@740a9531, org.springframework.boot.test.mock.mockito.ResetMocksTestExecutionListener@4f1ed3ba]
Before any test execution
Before any test execution
Before any test execution
Before any test execution
Hibernate: 
    select
        task0_.id as id1_1_,
        task0_.creation_date as creation2_1_,
        task0_.description as descript3_1_,
        task0_.estimated_duration as estimate4_1_,
        task0_.finish_date as finish_d5_1_,
        task0_.name as name6_1_,
        task0_.priority as priority7_1_,
        task0_.project_id as project_8_1_,
        task0_.project_leader_id as project_9_1_,
        task0_.start_date as start_d10_1_,
        task0_.status as status11_1_ 
    from
        task task0_ 
    where
        task0_.name=?
Hibernate: 
    call next value for hibernate_sequence
Hibernate: 
    insert 
    into
        task
        (creation_date, description, estimated_duration, finish_date, name, priority, project_id, project_leader_id, start_date, status, id) 
    values
        (?, ?, ?, ?, ?, ?, ?, ?, ?, ?, ?)
Hibernate: 
    select
        task0_.id as id1_1_,
        task0_.creation_date as creation2_1_,
        task0_.description as descript3_1_,
        task0_.estimated_duration as estimate4_1_,
        task0_.finish_date as finish_d5_1_,
        task0_.name as name6_1_,
        task0_.priority as priority7_1_,
        task0_.project_id as project_8_1_,
        task0_.project_leader_id as project_9_1_,
        task0_.start_date as start_d10_1_,
        task0_.status as status11_1_ 
    from
        task task0_ 
    where
        task0_.name=?
Hibernate: 
    call next value for hibernate_sequence
Hibernate: 
    insert 
    into
        task
        (creation_date, description, estimated_duration, finish_date, name, priority, project_id, project_leader_id, start_date, status, id) 
    values
        (?, ?, ?, ?, ?, ?, ?, ?, ?, ?, ?)
Resetting system
Hibernate: 
    select
        task0_.id as id1_1_,
        task0_.creation_date as creation2_1_,
        task0_.description as descript3_1_,
        task0_.estimated_duration as estimate4_1_,
        task0_.finish_date as finish_d5_1_,
        task0_.name as name6_1_,
        task0_.priority as priority7_1_,
        task0_.project_id as project_8_1_,
        task0_.project_leader_id as project_9_1_,
        task0_.start_date as start_d10_1_,
        task0_.status as status11_1_ 
    from
        task task0_
Hibernate: 
    delete 
    from
        task 
    where
        id=?
Hibernate: 
    delete 
    from
        task 
    where
        id=?
Hibernate: 
    select
        project0_.id as id1_0_,
        project0_.creation_date as creation2_0_,
        project0_.description as descript3_0_,
        project0_.finish_date as finish_d4_0_,
        project0_.name as name5_0_,
        project0_.project_leader_id as project_6_0_,
        project0_.start_date as start_da7_0_,
        project0_.status as status8_0_ 
    from
        project project0_
After all test execution
Resetting system
Hibernate: 
    select
        project0_.id as id1_0_,
        project0_.creation_date as creation2_0_,
        project0_.description as descript3_0_,
        project0_.finish_date as finish_d4_0_,
        project0_.name as name5_0_,
        project0_.project_leader_id as project_6_0_,
        project0_.start_date as start_da7_0_,
        project0_.status as status8_0_ 
    from
        project project0_
Hibernate: 
    select
        task0_.id as id1_1_,
        task0_.creation_date as creation2_1_,
        task0_.description as descript3_1_,
        task0_.estimated_duration as estimate4_1_,
        task0_.finish_date as finish_d5_1_,
        task0_.name as name6_1_,
        task0_.priority as priority7_1_,
        task0_.project_id as project_8_1_,
        task0_.project_leader_id as project_9_1_,
        task0_.start_date as start_d10_1_,
        task0_.status as status11_1_ 
    from
        task task0_
After all test execution
Resetting system
Hibernate: 
    select
        project0_.id as id1_0_,
        project0_.creation_date as creation2_0_,
        project0_.description as descript3_0_,
        project0_.finish_date as finish_d4_0_,
        project0_.name as name5_0_,
        project0_.project_leader_id as project_6_0_,
        project0_.start_date as start_da7_0_,
        project0_.status as status8_0_ 
    from
        project project0_
Hibernate: 
    select
        project0_.id as id1_0_,
        project0_.creation_date as creation2_0_,
        project0_.description as descript3_0_,
        project0_.finish_date as finish_d4_0_,
        project0_.name as name5_0_,
        project0_.project_leader_id as project_6_0_,
        project0_.start_date as start_da7_0_,
        project0_.status as status8_0_ 
    from
        project project0_
After all test execution
After all test execution
Hibernate: 
    select
        task0_.id as id1_1_,
        task0_.creation_date as creation2_1_,
        task0_.description as descript3_1_,
        task0_.estimated_duration as estimate4_1_,
        task0_.finish_date as finish_d5_1_,
        task0_.name as name6_1_,
        task0_.priority as priority7_1_,
        task0_.project_id as project_8_1_,
        task0_.project_leader_id as project_9_1_,
        task0_.start_date as start_d10_1_,
        task0_.status as status11_1_ 
    from
        task task0_
Hibernate: 
    select
        task0_.id as id1_1_,
        task0_.creation_date as creation2_1_,
        task0_.description as descript3_1_,
        task0_.estimated_duration as estimate4_1_,
        task0_.finish_date as finish_d5_1_,
        task0_.name as name6_1_,
        task0_.priority as priority7_1_,
        task0_.project_id as project_8_1_,
        task0_.project_leader_id as project_9_1_,
        task0_.start_date as start_d10_1_,
        task0_.status as status11_1_ 
    from
        task task0_
After all test execution
2023-12-03 17:11:12.096  INFO 5520 --- [    Test worker] o.s.t.c.support.AbstractContextLoader    : Could not detect default resource locations for test class [com.aninfo.integration.cucumber.TaskIntegrationServiceTest]: no resource found for suffixes {-context.xml, Context.groovy}.
2023-12-03 17:11:12.098  INFO 5520 --- [    Test worker] .b.t.c.SpringBootTestContextBootstrapper : Loaded default TestExecutionListener class names from location [META-INF/spring.factories]: [org.springframework.boot.test.autoconfigure.restdocs.RestDocsTestExecutionListener, org.springframework.boot.test.autoconfigure.web.client.MockRestServiceServerResetTestExecutionListener, org.springframework.boot.test.autoconfigure.web.servlet.MockMvcPrintOnlyOnFailureTestExecutionListener, org.springframework.boot.test.autoconfigure.web.servlet.WebDriverTestExecutionListener, org.springframework.boot.test.mock.mockito.MockitoTestExecutionListener, org.springframework.boot.test.mock.mockito.ResetMocksTestExecutionListener, org.springframework.test.context.web.ServletTestExecutionListener, org.springframework.test.context.support.DirtiesContextBeforeModesTestExecutionListener, org.springframework.test.context.support.DependencyInjectionTestExecutionListener, org.springframework.test.context.support.DirtiesContextTestExecutionListener, org.springframework.test.context.transaction.TransactionalTestExecutionListener, org.springframework.test.context.jdbc.SqlScriptsTestExecutionListener, org.springframework.test.context.event.EventPublishingTestExecutionListener]
2023-12-03 17:11:12.099  INFO 5520 --- [    Test worker] .b.t.c.SpringBootTestContextBootstrapper : Using TestExecutionListeners: [org.springframework.test.context.web.ServletTestExecutionListener@4801d350, org.springframework.test.context.support.DirtiesContextBeforeModesTestExecutionListener@3c9458fd, org.springframework.boot.test.mock.mockito.MockitoTestExecutionListener@726812fb, org.springframework.boot.test.autoconfigure.SpringBootDependencyInjectionTestExecutionListener@3ff1bd86, org.springframework.test.context.support.DirtiesContextTestExecutionListener@79ac727b, org.springframework.test.context.transaction.TransactionalTestExecutionListener@67e18e03, org.springframework.test.context.jdbc.SqlScriptsTestExecutionListener@55aca7ce, org.springframework.test.context.event.EventPublishingTestExecutionListener@67033d70, org.springframework.boot.test.autoconfigure.restdocs.RestDocsTestExecutionListener@7da6b441, org.springframework.boot.test.autoconfigure.web.client.MockRestServiceServerResetTestExecutionListener@16dcbc60, org.springframework.boot.test.autoconfigure.web.servlet.MockMvcPrintOnlyOnFailureTestExecutionListener@267eeba2, org.springframework.boot.test.autoconfigure.web.servlet.WebDriverTestExecutionListener@5868aaa0, org.springframework.boot.test.mock.mockito.ResetMocksTestExecutionListener@10241950]
Before any test execution
Before any test execution
Before any test execution
Before any test execution
Hibernate: 
    select
        task0_.id as id1_1_,
        task0_.creation_date as creation2_1_,
        task0_.description as descript3_1_,
        task0_.estimated_duration as estimate4_1_,
        task0_.finish_date as finish_d5_1_,
        task0_.name as name6_1_,
        task0_.priority as priority7_1_,
        task0_.project_id as project_8_1_,
        task0_.project_leader_id as project_9_1_,
        task0_.start_date as start_d10_1_,
        task0_.status as status11_1_ 
    from
        task task0_ 
    where
        task0_.name=?
Hibernate: 
    call next value for hibernate_sequence
Hibernate: 
    insert 
    into
        task
        (creation_date, description, estimated_duration, finish_date, name, priority, project_id, project_leader_id, start_date, status, id) 
    values
        (?, ?, ?, ?, ?, ?, ?, ?, ?, ?, ?)
Hibernate: 
    select
        task0_.id as id1_1_,
        task0_.creation_date as creation2_1_,
        task0_.description as descript3_1_,
        task0_.estimated_duration as estimate4_1_,
        task0_.finish_date as finish_d5_1_,
        task0_.name as name6_1_,
        task0_.priority as priority7_1_,
        task0_.project_id as project_8_1_,
        task0_.project_leader_id as project_9_1_,
        task0_.start_date as start_d10_1_,
        task0_.status as status11_1_ 
    from
        task task0_ 
    where
        task0_.name=?
Hibernate: 
    select
        task0_.id as id1_1_0_,
        task0_.creation_date as creation2_1_0_,
        task0_.description as descript3_1_0_,
        task0_.estimated_duration as estimate4_1_0_,
        task0_.finish_date as finish_d5_1_0_,
        task0_.name as name6_1_0_,
        task0_.priority as priority7_1_0_,
        task0_.project_id as project_8_1_0_,
        task0_.project_leader_id as project_9_1_0_,
        task0_.start_date as start_d10_1_0_,
        task0_.status as status11_1_0_ 
    from
        task task0_ 
    where
        task0_.id=?
Hibernate: 
    delete 
    from
        task 
    where
        id=?
Hibernate: 
    select
        task0_.id as id1_1_,
        task0_.creation_date as creation2_1_,
        task0_.description as descript3_1_,
        task0_.estimated_duration as estimate4_1_,
        task0_.finish_date as finish_d5_1_,
        task0_.name as name6_1_,
        task0_.priority as priority7_1_,
        task0_.project_id as project_8_1_,
        task0_.project_leader_id as project_9_1_,
        task0_.start_date as start_d10_1_,
        task0_.status as status11_1_ 
    from
        task task0_ 
    where
        task0_.name=?
Resetting system
Hibernate: 
    select
        task0_.id as id1_1_,
        task0_.creation_date as creation2_1_,
        task0_.description as descript3_1_,
        task0_.estimated_duration as estimate4_1_,
        task0_.finish_date as finish_d5_1_,
        task0_.name as name6_1_,
        task0_.priority as priority7_1_,
        task0_.project_id as project_8_1_,
        task0_.project_leader_id as project_9_1_,
        task0_.start_date as start_d10_1_,
        task0_.status as status11_1_ 
    from
        task task0_
Hibernate: 
    select
        project0_.id as id1_0_,
        project0_.creation_date as creation2_0_,
        project0_.description as descript3_0_,
        project0_.finish_date as finish_d4_0_,
        project0_.name as name5_0_,
        project0_.project_leader_id as project_6_0_,
        project0_.start_date as start_da7_0_,
        project0_.status as status8_0_ 
    from
        project project0_
After all test execution
Resetting system
Hibernate: 
    select
        project0_.id as id1_0_,
        project0_.creation_date as creation2_0_,
        project0_.description as descript3_0_,
        project0_.finish_date as finish_d4_0_,
        project0_.name as name5_0_,
        project0_.project_leader_id as project_6_0_,
        project0_.start_date as start_da7_0_,
        project0_.status as status8_0_ 
    from
        project project0_
Hibernate: 
    select
        task0_.id as id1_1_,
        task0_.creation_date as creation2_1_,
        task0_.description as descript3_1_,
        task0_.estimated_duration as estimate4_1_,
        task0_.finish_date as finish_d5_1_,
        task0_.name as name6_1_,
        task0_.priority as priority7_1_,
        task0_.project_id as project_8_1_,
        task0_.project_leader_id as project_9_1_,
        task0_.start_date as start_d10_1_,
        task0_.status as status11_1_ 
    from
        task task0_
After all test execution
Resetting system
Hibernate: 
    select
        project0_.id as id1_0_,
        project0_.creation_date as creation2_0_,
        project0_.description as descript3_0_,
        project0_.finish_date as finish_d4_0_,
        project0_.name as name5_0_,
        project0_.project_leader_id as project_6_0_,
        project0_.start_date as start_da7_0_,
        project0_.status as status8_0_ 
    from
        project project0_
Hibernate: 
    select
        project0_.id as id1_0_,
        project0_.creation_date as creation2_0_,
        project0_.description as descript3_0_,
        project0_.finish_date as finish_d4_0_,
        project0_.name as name5_0_,
        project0_.project_leader_id as project_6_0_,
        project0_.start_date as start_da7_0_,
        project0_.status as status8_0_ 
    from
        project project0_
After all test execution
After all test execution
Hibernate: 
    select
        task0_.id as id1_1_,
        task0_.creation_date as creation2_1_,
        task0_.description as descript3_1_,
        task0_.estimated_duration as estimate4_1_,
        task0_.finish_date as finish_d5_1_,
        task0_.name as name6_1_,
        task0_.priority as priority7_1_,
        task0_.project_id as project_8_1_,
        task0_.project_leader_id as project_9_1_,
        task0_.start_date as start_d10_1_,
        task0_.status as status11_1_ 
    from
        task task0_
Hibernate: 
    select
        task0_.id as id1_1_,
        task0_.creation_date as creation2_1_,
        task0_.description as descript3_1_,
        task0_.estimated_duration as estimate4_1_,
        task0_.finish_date as finish_d5_1_,
        task0_.name as name6_1_,
        task0_.priority as priority7_1_,
        task0_.project_id as project_8_1_,
        task0_.project_leader_id as project_9_1_,
        task0_.start_date as start_d10_1_,
        task0_.status as status11_1_ 
    from
        task task0_
After all test execution
2023-12-03 17:11:12.131  INFO 5520 --- [    Test worker] o.s.t.c.support.AbstractContextLoader    : Could not detect default resource locations for test class [com.aninfo.integration.cucumber.TaskIntegrationServiceTest]: no resource found for suffixes {-context.xml, Context.groovy}.
2023-12-03 17:11:12.133  INFO 5520 --- [    Test worker] .b.t.c.SpringBootTestContextBootstrapper : Loaded default TestExecutionListener class names from location [META-INF/spring.factories]: [org.springframework.boot.test.autoconfigure.restdocs.RestDocsTestExecutionListener, org.springframework.boot.test.autoconfigure.web.client.MockRestServiceServerResetTestExecutionListener, org.springframework.boot.test.autoconfigure.web.servlet.MockMvcPrintOnlyOnFailureTestExecutionListener, org.springframework.boot.test.autoconfigure.web.servlet.WebDriverTestExecutionListener, org.springframework.boot.test.mock.mockito.MockitoTestExecutionListener, org.springframework.boot.test.mock.mockito.ResetMocksTestExecutionListener, org.springframework.test.context.web.ServletTestExecutionListener, org.springframework.test.context.support.DirtiesContextBeforeModesTestExecutionListener, org.springframework.test.context.support.DependencyInjectionTestExecutionListener, org.springframework.test.context.support.DirtiesContextTestExecutionListener, org.springframework.test.context.transaction.TransactionalTestExecutionListener, org.springframework.test.context.jdbc.SqlScriptsTestExecutionListener, org.springframework.test.context.event.EventPublishingTestExecutionListener]
2023-12-03 17:11:12.134  INFO 5520 --- [    Test worker] .b.t.c.SpringBootTestContextBootstrapper : Using TestExecutionListeners: [org.springframework.test.context.web.ServletTestExecutionListener@2139bcd4, org.springframework.test.context.support.DirtiesContextBeforeModesTestExecutionListener@7f4e46dd, org.springframework.boot.test.mock.mockito.MockitoTestExecutionListener@364dc14, org.springframework.boot.test.autoconfigure.SpringBootDependencyInjectionTestExecutionListener@63d1df2c, org.springframework.test.context.support.DirtiesContextTestExecutionListener@fe2009e, org.springframework.test.context.transaction.TransactionalTestExecutionListener@297d711, org.springframework.test.context.jdbc.SqlScriptsTestExecutionListener@27b62f2b, org.springframework.test.context.event.EventPublishingTestExecutionListener@4af3ac4e, org.springframework.boot.test.autoconfigure.restdocs.RestDocsTestExecutionListener@550aa37e, org.springframework.boot.test.autoconfigure.web.client.MockRestServiceServerResetTestExecutionListener@6999c991, org.springframework.boot.test.autoconfigure.web.servlet.MockMvcPrintOnlyOnFailureTestExecutionListener@7f407cfe, org.springframework.boot.test.autoconfigure.web.servlet.WebDriverTestExecutionListener@28863e84, org.springframework.boot.test.mock.mockito.ResetMocksTestExecutionListener@281779b9]
Before any test execution
Before any test execution
Before any test execution
Before any test execution
Hibernate: 
    select
        task0_.id as id1_1_,
        task0_.creation_date as creation2_1_,
        task0_.description as descript3_1_,
        task0_.estimated_duration as estimate4_1_,
        task0_.finish_date as finish_d5_1_,
        task0_.name as name6_1_,
        task0_.priority as priority7_1_,
        task0_.project_id as project_8_1_,
        task0_.project_leader_id as project_9_1_,
        task0_.start_date as start_d10_1_,
        task0_.status as status11_1_ 
    from
        task task0_ 
    where
        task0_.name=?
Hibernate: 
    call next value for hibernate_sequence
Hibernate: 
    insert 
    into
        task
        (creation_date, description, estimated_duration, finish_date, name, priority, project_id, project_leader_id, start_date, status, id) 
    values
        (?, ?, ?, ?, ?, ?, ?, ?, ?, ?, ?)
Hibernate: 
    select
        task0_.id as id1_1_,
        task0_.creation_date as creation2_1_,
        task0_.description as descript3_1_,
        task0_.estimated_duration as estimate4_1_,
        task0_.finish_date as finish_d5_1_,
        task0_.name as name6_1_,
        task0_.priority as priority7_1_,
        task0_.project_id as project_8_1_,
        task0_.project_leader_id as project_9_1_,
        task0_.start_date as start_d10_1_,
        task0_.status as status11_1_ 
    from
        task task0_ 
    where
        task0_.name=?
Hibernate: 
    call next value for hibernate_sequence
Hibernate: 
    insert 
    into
        task
        (creation_date, description, estimated_duration, finish_date, name, priority, project_id, project_leader_id, start_date, status, id) 
    values
        (?, ?, ?, ?, ?, ?, ?, ?, ?, ?, ?)
Hibernate: 
    select
        task0_.id as id1_1_,
        task0_.creation_date as creation2_1_,
        task0_.description as descript3_1_,
        task0_.estimated_duration as estimate4_1_,
        task0_.finish_date as finish_d5_1_,
        task0_.name as name6_1_,
        task0_.priority as priority7_1_,
        task0_.project_id as project_8_1_,
        task0_.project_leader_id as project_9_1_,
        task0_.start_date as start_d10_1_,
        task0_.status as status11_1_ 
    from
        task task0_ 
    where
        task0_.name=?
Hibernate: 
    select
        task0_.id as id1_1_0_,
        task0_.creation_date as creation2_1_0_,
        task0_.description as descript3_1_0_,
        task0_.estimated_duration as estimate4_1_0_,
        task0_.finish_date as finish_d5_1_0_,
        task0_.name as name6_1_0_,
        task0_.priority as priority7_1_0_,
        task0_.project_id as project_8_1_0_,
        task0_.project_leader_id as project_9_1_0_,
        task0_.start_date as start_d10_1_0_,
        task0_.status as status11_1_0_ 
    from
        task task0_ 
    where
        task0_.id=?
Hibernate: 
    delete 
    from
        task 
    where
        id=?
Hibernate: 
    select
        task0_.id as id1_1_,
        task0_.creation_date as creation2_1_,
        task0_.description as descript3_1_,
        task0_.estimated_duration as estimate4_1_,
        task0_.finish_date as finish_d5_1_,
        task0_.name as name6_1_,
        task0_.priority as priority7_1_,
        task0_.project_id as project_8_1_,
        task0_.project_leader_id as project_9_1_,
        task0_.start_date as start_d10_1_,
        task0_.status as status11_1_ 
    from
        task task0_ 
    where
        task0_.name=?
Hibernate: 
    select
        task0_.id as id1_1_,
        task0_.creation_date as creation2_1_,
        task0_.description as descript3_1_,
        task0_.estimated_duration as estimate4_1_,
        task0_.finish_date as finish_d5_1_,
        task0_.name as name6_1_,
        task0_.priority as priority7_1_,
        task0_.project_id as project_8_1_,
        task0_.project_leader_id as project_9_1_,
        task0_.start_date as start_d10_1_,
        task0_.status as status11_1_ 
    from
        task task0_ 
    where
        task0_.name=?
Resetting system
Hibernate: 
    select
        task0_.id as id1_1_,
        task0_.creation_date as creation2_1_,
        task0_.description as descript3_1_,
        task0_.estimated_duration as estimate4_1_,
        task0_.finish_date as finish_d5_1_,
        task0_.name as name6_1_,
        task0_.priority as priority7_1_,
        task0_.project_id as project_8_1_,
        task0_.project_leader_id as project_9_1_,
        task0_.start_date as start_d10_1_,
        task0_.status as status11_1_ 
    from
        task task0_
Hibernate: 
    delete 
    from
        task 
    where
        id=?
Hibernate: 
    select
        project0_.id as id1_0_,
        project0_.creation_date as creation2_0_,
        project0_.description as descript3_0_,
        project0_.finish_date as finish_d4_0_,
        project0_.name as name5_0_,
        project0_.project_leader_id as project_6_0_,
        project0_.start_date as start_da7_0_,
        project0_.status as status8_0_ 
    from
        project project0_
After all test execution
Resetting system
Hibernate: 
    select
        project0_.id as id1_0_,
        project0_.creation_date as creation2_0_,
        project0_.description as descript3_0_,
        project0_.finish_date as finish_d4_0_,
        project0_.name as name5_0_,
        project0_.project_leader_id as project_6_0_,
        project0_.start_date as start_da7_0_,
        project0_.status as status8_0_ 
    from
        project project0_
Hibernate: 
    select
        task0_.id as id1_1_,
        task0_.creation_date as creation2_1_,
        task0_.description as descript3_1_,
        task0_.estimated_duration as estimate4_1_,
        task0_.finish_date as finish_d5_1_,
        task0_.name as name6_1_,
        task0_.priority as priority7_1_,
        task0_.project_id as project_8_1_,
        task0_.project_leader_id as project_9_1_,
        task0_.start_date as start_d10_1_,
        task0_.status as status11_1_ 
    from
        task task0_
After all test execution
Resetting system
Hibernate: 
    select
        project0_.id as id1_0_,
        project0_.creation_date as creation2_0_,
        project0_.description as descript3_0_,
        project0_.finish_date as finish_d4_0_,
        project0_.name as name5_0_,
        project0_.project_leader_id as project_6_0_,
        project0_.start_date as start_da7_0_,
        project0_.status as status8_0_ 
    from
        project project0_
Hibernate: 
    select
        project0_.id as id1_0_,
        project0_.creation_date as creation2_0_,
        project0_.description as descript3_0_,
        project0_.finish_date as finish_d4_0_,
        project0_.name as name5_0_,
        project0_.project_leader_id as project_6_0_,
        project0_.start_date as start_da7_0_,
        project0_.status as status8_0_ 
    from
        project project0_
After all test execution
After all test execution
Hibernate: 
    select
        task0_.id as id1_1_,
        task0_.creation_date as creation2_1_,
        task0_.description as descript3_1_,
        task0_.estimated_duration as estimate4_1_,
        task0_.finish_date as finish_d5_1_,
        task0_.name as name6_1_,
        task0_.priority as priority7_1_,
        task0_.project_id as project_8_1_,
        task0_.project_leader_id as project_9_1_,
        task0_.start_date as start_d10_1_,
        task0_.status as status11_1_ 
    from
        task task0_
Hibernate: 
    select
        task0_.id as id1_1_,
        task0_.creation_date as creation2_1_,
        task0_.description as descript3_1_,
        task0_.estimated_duration as estimate4_1_,
        task0_.finish_date as finish_d5_1_,
        task0_.name as name6_1_,
        task0_.priority as priority7_1_,
        task0_.project_id as project_8_1_,
        task0_.project_leader_id as project_9_1_,
        task0_.start_date as start_d10_1_,
        task0_.status as status11_1_ 
    from
        task task0_
After all test execution
2023-12-03 17:11:12.172  INFO 5520 --- [    Test worker] o.s.t.c.support.AbstractContextLoader    : Could not detect default resource locations for test class [com.aninfo.integration.cucumber.TaskIntegrationServiceTest]: no resource found for suffixes {-context.xml, Context.groovy}.
2023-12-03 17:11:12.176  INFO 5520 --- [    Test worker] .b.t.c.SpringBootTestContextBootstrapper : Loaded default TestExecutionListener class names from location [META-INF/spring.factories]: [org.springframework.boot.test.autoconfigure.restdocs.RestDocsTestExecutionListener, org.springframework.boot.test.autoconfigure.web.client.MockRestServiceServerResetTestExecutionListener, org.springframework.boot.test.autoconfigure.web.servlet.MockMvcPrintOnlyOnFailureTestExecutionListener, org.springframework.boot.test.autoconfigure.web.servlet.WebDriverTestExecutionListener, org.springframework.boot.test.mock.mockito.MockitoTestExecutionListener, org.springframework.boot.test.mock.mockito.ResetMocksTestExecutionListener, org.springframework.test.context.web.ServletTestExecutionListener, org.springframework.test.context.support.DirtiesContextBeforeModesTestExecutionListener, org.springframework.test.context.support.DependencyInjectionTestExecutionListener, org.springframework.test.context.support.DirtiesContextTestExecutionListener, org.springframework.test.context.transaction.TransactionalTestExecutionListener, org.springframework.test.context.jdbc.SqlScriptsTestExecutionListener, org.springframework.test.context.event.EventPublishingTestExecutionListener]
2023-12-03 17:11:12.176  INFO 5520 --- [    Test worker] .b.t.c.SpringBootTestContextBootstrapper : Using TestExecutionListeners: [org.springframework.test.context.web.ServletTestExecutionListener@2debcbab, org.springframework.test.context.support.DirtiesContextBeforeModesTestExecutionListener@6109ab6, org.springframework.boot.test.mock.mockito.MockitoTestExecutionListener@18d80ded, org.springframework.boot.test.autoconfigure.SpringBootDependencyInjectionTestExecutionListener@1463b715, org.springframework.test.context.support.DirtiesContextTestExecutionListener@67a680a1, org.springframework.test.context.transaction.TransactionalTestExecutionListener@65e173c9, org.springframework.test.context.jdbc.SqlScriptsTestExecutionListener@3d8eadfd, org.springframework.test.context.event.EventPublishingTestExecutionListener@34dc7e46, org.springframework.boot.test.autoconfigure.restdocs.RestDocsTestExecutionListener@67ac53f4, org.springframework.boot.test.autoconfigure.web.client.MockRestServiceServerResetTestExecutionListener@9bd0bf3, org.springframework.boot.test.autoconfigure.web.servlet.MockMvcPrintOnlyOnFailureTestExecutionListener@4194be7c, org.springframework.boot.test.autoconfigure.web.servlet.WebDriverTestExecutionListener@166dd646, org.springframework.boot.test.mock.mockito.ResetMocksTestExecutionListener@13db048c]
Before any test execution
Before any test execution
Before any test execution
Before any test execution
Hibernate: 
    select
        task0_.id as id1_1_,
        task0_.creation_date as creation2_1_,
        task0_.description as descript3_1_,
        task0_.estimated_duration as estimate4_1_,
        task0_.finish_date as finish_d5_1_,
        task0_.name as name6_1_,
        task0_.priority as priority7_1_,
        task0_.project_id as project_8_1_,
        task0_.project_leader_id as project_9_1_,
        task0_.start_date as start_d10_1_,
        task0_.status as status11_1_ 
    from
        task task0_ 
    where
        task0_.name=?
Hibernate: 
    call next value for hibernate_sequence
Hibernate: 
    insert 
    into
        task
        (creation_date, description, estimated_duration, finish_date, name, priority, project_id, project_leader_id, start_date, status, id) 
    values
        (?, ?, ?, ?, ?, ?, ?, ?, ?, ?, ?)
Hibernate: 
    select
        task0_.id as id1_1_,
        task0_.creation_date as creation2_1_,
        task0_.description as descript3_1_,
        task0_.estimated_duration as estimate4_1_,
        task0_.finish_date as finish_d5_1_,
        task0_.name as name6_1_,
        task0_.priority as priority7_1_,
        task0_.project_id as project_8_1_,
        task0_.project_leader_id as project_9_1_,
        task0_.start_date as start_d10_1_,
        task0_.status as status11_1_ 
    from
        task task0_ 
    where
        task0_.name=?
Hibernate: 
    call next value for hibernate_sequence
Hibernate: 
    insert 
    into
        task
        (creation_date, description, estimated_duration, finish_date, name, priority, project_id, project_leader_id, start_date, status, id) 
    values
        (?, ?, ?, ?, ?, ?, ?, ?, ?, ?, ?)
Hibernate: 
    select
        task0_.id as id1_1_,
        task0_.creation_date as creation2_1_,
        task0_.description as descript3_1_,
        task0_.estimated_duration as estimate4_1_,
        task0_.finish_date as finish_d5_1_,
        task0_.name as name6_1_,
        task0_.priority as priority7_1_,
        task0_.project_id as project_8_1_,
        task0_.project_leader_id as project_9_1_,
        task0_.start_date as start_d10_1_,
        task0_.status as status11_1_ 
    from
        task task0_ 
    where
        task0_.name=?
Hibernate: 
    select
        task0_.id as id1_1_0_,
        task0_.creation_date as creation2_1_0_,
        task0_.description as descript3_1_0_,
        task0_.estimated_duration as estimate4_1_0_,
        task0_.finish_date as finish_d5_1_0_,
        task0_.name as name6_1_0_,
        task0_.priority as priority7_1_0_,
        task0_.project_id as project_8_1_0_,
        task0_.project_leader_id as project_9_1_0_,
        task0_.start_date as start_d10_1_0_,
        task0_.status as status11_1_0_ 
    from
        task task0_ 
    where
        task0_.id=?
Hibernate: 
    select
        task0_.id as id1_1_,
        task0_.creation_date as creation2_1_,
        task0_.description as descript3_1_,
        task0_.estimated_duration as estimate4_1_,
        task0_.finish_date as finish_d5_1_,
        task0_.name as name6_1_,
        task0_.priority as priority7_1_,
        task0_.project_id as project_8_1_,
        task0_.project_leader_id as project_9_1_,
        task0_.start_date as start_d10_1_,
        task0_.status as status11_1_ 
    from
        task task0_ 
    where
        task0_.name=?
Hibernate: 
    select
        task0_.id as id1_1_0_,
        task0_.creation_date as creation2_1_0_,
        task0_.description as descript3_1_0_,
        task0_.estimated_duration as estimate4_1_0_,
        task0_.finish_date as finish_d5_1_0_,
        task0_.name as name6_1_0_,
        task0_.priority as priority7_1_0_,
        task0_.project_id as project_8_1_0_,
        task0_.project_leader_id as project_9_1_0_,
        task0_.start_date as start_d10_1_0_,
        task0_.status as status11_1_0_ 
    from
        task task0_ 
    where
        task0_.id=?
Hibernate: 
    update
        task 
    set
        creation_date=?,
        description=?,
        estimated_duration=?,
        finish_date=?,
        name=?,
        priority=?,
        project_id=?,
        project_leader_id=?,
        start_date=?,
        status=? 
    where
        id=?
Hibernate: 
    select
        task0_.id as id1_1_,
        task0_.creation_date as creation2_1_,
        task0_.description as descript3_1_,
        task0_.estimated_duration as estimate4_1_,
        task0_.finish_date as finish_d5_1_,
        task0_.name as name6_1_,
        task0_.priority as priority7_1_,
        task0_.project_id as project_8_1_,
        task0_.project_leader_id as project_9_1_,
        task0_.start_date as start_d10_1_,
        task0_.status as status11_1_ 
    from
        task task0_
Hibernate: 
    delete 
    from
        task 
    where
        id=?
Hibernate: 
    delete 
    from
        task 
    where
        id=?
Resetting system
Hibernate: 
    select
        task0_.id as id1_1_,
        task0_.creation_date as creation2_1_,
        task0_.description as descript3_1_,
        task0_.estimated_duration as estimate4_1_,
        task0_.finish_date as finish_d5_1_,
        task0_.name as name6_1_,
        task0_.priority as priority7_1_,
        task0_.project_id as project_8_1_,
        task0_.project_leader_id as project_9_1_,
        task0_.start_date as start_d10_1_,
        task0_.status as status11_1_ 
    from
        task task0_
Hibernate: 
    select
        project0_.id as id1_0_,
        project0_.creation_date as creation2_0_,
        project0_.description as descript3_0_,
        project0_.finish_date as finish_d4_0_,
        project0_.name as name5_0_,
        project0_.project_leader_id as project_6_0_,
        project0_.start_date as start_da7_0_,
        project0_.status as status8_0_ 
    from
        project project0_
After all test execution
Resetting system
Hibernate: 
    select
        project0_.id as id1_0_,
        project0_.creation_date as creation2_0_,
        project0_.description as descript3_0_,
        project0_.finish_date as finish_d4_0_,
        project0_.name as name5_0_,
        project0_.project_leader_id as project_6_0_,
        project0_.start_date as start_da7_0_,
        project0_.status as status8_0_ 
    from
        project project0_
Hibernate: 
    select
        task0_.id as id1_1_,
        task0_.creation_date as creation2_1_,
        task0_.description as descript3_1_,
        task0_.estimated_duration as estimate4_1_,
        task0_.finish_date as finish_d5_1_,
        task0_.name as name6_1_,
        task0_.priority as priority7_1_,
        task0_.project_id as project_8_1_,
        task0_.project_leader_id as project_9_1_,
        task0_.start_date as start_d10_1_,
        task0_.status as status11_1_ 
    from
        task task0_
After all test execution
Resetting system
Hibernate: 
    select
        project0_.id as id1_0_,
        project0_.creation_date as creation2_0_,
        project0_.description as descript3_0_,
        project0_.finish_date as finish_d4_0_,
        project0_.name as name5_0_,
        project0_.project_leader_id as project_6_0_,
        project0_.start_date as start_da7_0_,
        project0_.status as status8_0_ 
    from
        project project0_
Hibernate: 
    select
        project0_.id as id1_0_,
        project0_.creation_date as creation2_0_,
        project0_.description as descript3_0_,
        project0_.finish_date as finish_d4_0_,
        project0_.name as name5_0_,
        project0_.project_leader_id as project_6_0_,
        project0_.start_date as start_da7_0_,
        project0_.status as status8_0_ 
    from
        project project0_
After all test execution
After all test execution
Hibernate: 
    select
        task0_.id as id1_1_,
        task0_.creation_date as creation2_1_,
        task0_.description as descript3_1_,
        task0_.estimated_duration as estimate4_1_,
        task0_.finish_date as finish_d5_1_,
        task0_.name as name6_1_,
        task0_.priority as priority7_1_,
        task0_.project_id as project_8_1_,
        task0_.project_leader_id as project_9_1_,
        task0_.start_date as start_d10_1_,
        task0_.status as status11_1_ 
    from
        task task0_
Hibernate: 
    select
        task0_.id as id1_1_,
        task0_.creation_date as creation2_1_,
        task0_.description as descript3_1_,
        task0_.estimated_duration as estimate4_1_,
        task0_.finish_date as finish_d5_1_,
        task0_.name as name6_1_,
        task0_.priority as priority7_1_,
        task0_.project_id as project_8_1_,
        task0_.project_leader_id as project_9_1_,
        task0_.start_date as start_d10_1_,
        task0_.status as status11_1_ 
    from
        task task0_
After all test execution
2023-12-03 17:11:12.215  INFO 5520 --- [    Test worker] o.s.t.c.support.AbstractContextLoader    : Could not detect default resource locations for test class [com.aninfo.integration.cucumber.TaskIntegrationServiceTest]: no resource found for suffixes {-context.xml, Context.groovy}.
2023-12-03 17:11:12.215  INFO 5520 --- [    Test worker] .b.t.c.SpringBootTestContextBootstrapper : Loaded default TestExecutionListener class names from location [META-INF/spring.factories]: [org.springframework.boot.test.autoconfigure.restdocs.RestDocsTestExecutionListener, org.springframework.boot.test.autoconfigure.web.client.MockRestServiceServerResetTestExecutionListener, org.springframework.boot.test.autoconfigure.web.servlet.MockMvcPrintOnlyOnFailureTestExecutionListener, org.springframework.boot.test.autoconfigure.web.servlet.WebDriverTestExecutionListener, org.springframework.boot.test.mock.mockito.MockitoTestExecutionListener, org.springframework.boot.test.mock.mockito.ResetMocksTestExecutionListener, org.springframework.test.context.web.ServletTestExecutionListener, org.springframework.test.context.support.DirtiesContextBeforeModesTestExecutionListener, org.springframework.test.context.support.DependencyInjectionTestExecutionListener, org.springframework.test.context.support.DirtiesContextTestExecutionListener, org.springframework.test.context.transaction.TransactionalTestExecutionListener, org.springframework.test.context.jdbc.SqlScriptsTestExecutionListener, org.springframework.test.context.event.EventPublishingTestExecutionListener]
2023-12-03 17:11:12.215  INFO 5520 --- [    Test worker] .b.t.c.SpringBootTestContextBootstrapper : Using TestExecutionListeners: [org.springframework.test.context.web.ServletTestExecutionListener@288e210f, org.springframework.test.context.support.DirtiesContextBeforeModesTestExecutionListener@3f386432, org.springframework.boot.test.mock.mockito.MockitoTestExecutionListener@4d1b76e7, org.springframework.boot.test.autoconfigure.SpringBootDependencyInjectionTestExecutionListener@295bf9f6, org.springframework.test.context.support.DirtiesContextTestExecutionListener@7084338b, org.springframework.test.context.transaction.TransactionalTestExecutionListener@c61c05d, org.springframework.test.context.jdbc.SqlScriptsTestExecutionListener@1a5b2378, org.springframework.test.context.event.EventPublishingTestExecutionListener@6cb9ed8c, org.springframework.boot.test.autoconfigure.restdocs.RestDocsTestExecutionListener@3d7083fb, org.springframework.boot.test.autoconfigure.web.client.MockRestServiceServerResetTestExecutionListener@3f11cf20, org.springframework.boot.test.autoconfigure.web.servlet.MockMvcPrintOnlyOnFailureTestExecutionListener@7c126b59, org.springframework.boot.test.autoconfigure.web.servlet.WebDriverTestExecutionListener@5fe43cda, org.springframework.boot.test.mock.mockito.ResetMocksTestExecutionListener@66320386]
Before any test execution
Before any test execution
Before any test execution
Before any test execution
Hibernate: 
    select
        task0_.id as id1_1_,
        task0_.creation_date as creation2_1_,
        task0_.description as descript3_1_,
        task0_.estimated_duration as estimate4_1_,
        task0_.finish_date as finish_d5_1_,
        task0_.name as name6_1_,
        task0_.priority as priority7_1_,
        task0_.project_id as project_8_1_,
        task0_.project_leader_id as project_9_1_,
        task0_.start_date as start_d10_1_,
        task0_.status as status11_1_ 
    from
        task task0_ 
    where
        task0_.name=?
Hibernate: 
    call next value for hibernate_sequence
Hibernate: 
    insert 
    into
        task
        (creation_date, description, estimated_duration, finish_date, name, priority, project_id, project_leader_id, start_date, status, id) 
    values
        (?, ?, ?, ?, ?, ?, ?, ?, ?, ?, ?)
Hibernate: 
    select
        task0_.id as id1_1_,
        task0_.creation_date as creation2_1_,
        task0_.description as descript3_1_,
        task0_.estimated_duration as estimate4_1_,
        task0_.finish_date as finish_d5_1_,
        task0_.name as name6_1_,
        task0_.priority as priority7_1_,
        task0_.project_id as project_8_1_,
        task0_.project_leader_id as project_9_1_,
        task0_.start_date as start_d10_1_,
        task0_.status as status11_1_ 
    from
        task task0_ 
    where
        task0_.name=?
Hibernate: 
    call next value for hibernate_sequence
Hibernate: 
    insert 
    into
        task
        (creation_date, description, estimated_duration, finish_date, name, priority, project_id, project_leader_id, start_date, status, id) 
    values
        (?, ?, ?, ?, ?, ?, ?, ?, ?, ?, ?)
Hibernate: 
    select
        task0_.id as id1_1_,
        task0_.creation_date as creation2_1_,
        task0_.description as descript3_1_,
        task0_.estimated_duration as estimate4_1_,
        task0_.finish_date as finish_d5_1_,
        task0_.name as name6_1_,
        task0_.priority as priority7_1_,
        task0_.project_id as project_8_1_,
        task0_.project_leader_id as project_9_1_,
        task0_.start_date as start_d10_1_,
        task0_.status as status11_1_ 
    from
        task task0_ 
    where
        task0_.name=?
Hibernate: 
    select
        task0_.id as id1_1_0_,
        task0_.creation_date as creation2_1_0_,
        task0_.description as descript3_1_0_,
        task0_.estimated_duration as estimate4_1_0_,
        task0_.finish_date as finish_d5_1_0_,
        task0_.name as name6_1_0_,
        task0_.priority as priority7_1_0_,
        task0_.project_id as project_8_1_0_,
        task0_.project_leader_id as project_9_1_0_,
        task0_.start_date as start_d10_1_0_,
        task0_.status as status11_1_0_ 
    from
        task task0_ 
    where
        task0_.id=?
Hibernate: 
    select
        task0_.id as id1_1_,
        task0_.creation_date as creation2_1_,
        task0_.description as descript3_1_,
        task0_.estimated_duration as estimate4_1_,
        task0_.finish_date as finish_d5_1_,
        task0_.name as name6_1_,
        task0_.priority as priority7_1_,
        task0_.project_id as project_8_1_,
        task0_.project_leader_id as project_9_1_,
        task0_.start_date as start_d10_1_,
        task0_.status as status11_1_ 
    from
        task task0_ 
    where
        task0_.name=?
Hibernate: 
    select
        task0_.id as id1_1_,
        task0_.creation_date as creation2_1_,
        task0_.description as descript3_1_,
        task0_.estimated_duration as estimate4_1_,
        task0_.finish_date as finish_d5_1_,
        task0_.name as name6_1_,
        task0_.priority as priority7_1_,
        task0_.project_id as project_8_1_,
        task0_.project_leader_id as project_9_1_,
        task0_.start_date as start_d10_1_,
        task0_.status as status11_1_ 
    from
        task task0_
Hibernate: 
    delete 
    from
        task 
    where
        id=?
Hibernate: 
    delete 
    from
        task 
    where
        id=?
Resetting system
Hibernate: 
    select
        task0_.id as id1_1_,
        task0_.creation_date as creation2_1_,
        task0_.description as descript3_1_,
        task0_.estimated_duration as estimate4_1_,
        task0_.finish_date as finish_d5_1_,
        task0_.name as name6_1_,
        task0_.priority as priority7_1_,
        task0_.project_id as project_8_1_,
        task0_.project_leader_id as project_9_1_,
        task0_.start_date as start_d10_1_,
        task0_.status as status11_1_ 
    from
        task task0_
Hibernate: 
    select
        project0_.id as id1_0_,
        project0_.creation_date as creation2_0_,
        project0_.description as descript3_0_,
        project0_.finish_date as finish_d4_0_,
        project0_.name as name5_0_,
        project0_.project_leader_id as project_6_0_,
        project0_.start_date as start_da7_0_,
        project0_.status as status8_0_ 
    from
        project project0_
After all test execution
Resetting system
Hibernate: 
    select
        project0_.id as id1_0_,
        project0_.creation_date as creation2_0_,
        project0_.description as descript3_0_,
        project0_.finish_date as finish_d4_0_,
        project0_.name as name5_0_,
        project0_.project_leader_id as project_6_0_,
        project0_.start_date as start_da7_0_,
        project0_.status as status8_0_ 
    from
        project project0_
Hibernate: 
    select
        task0_.id as id1_1_,
        task0_.creation_date as creation2_1_,
        task0_.description as descript3_1_,
        task0_.estimated_duration as estimate4_1_,
        task0_.finish_date as finish_d5_1_,
        task0_.name as name6_1_,
        task0_.priority as priority7_1_,
        task0_.project_id as project_8_1_,
        task0_.project_leader_id as project_9_1_,
        task0_.start_date as start_d10_1_,
        task0_.status as status11_1_ 
    from
        task task0_
After all test execution
Resetting system
Hibernate: 
    select
        project0_.id as id1_0_,
        project0_.creation_date as creation2_0_,
        project0_.description as descript3_0_,
        project0_.finish_date as finish_d4_0_,
        project0_.name as name5_0_,
        project0_.project_leader_id as project_6_0_,
        project0_.start_date as start_da7_0_,
        project0_.status as status8_0_ 
    from
        project project0_
Hibernate: 
    select
        project0_.id as id1_0_,
        project0_.creation_date as creation2_0_,
        project0_.description as descript3_0_,
        project0_.finish_date as finish_d4_0_,
        project0_.name as name5_0_,
        project0_.project_leader_id as project_6_0_,
        project0_.start_date as start_da7_0_,
        project0_.status as status8_0_ 
    from
        project project0_
After all test execution
After all test execution
Hibernate: 
    select
        task0_.id as id1_1_,
        task0_.creation_date as creation2_1_,
        task0_.description as descript3_1_,
        task0_.estimated_duration as estimate4_1_,
        task0_.finish_date as finish_d5_1_,
        task0_.name as name6_1_,
        task0_.priority as priority7_1_,
        task0_.project_id as project_8_1_,
        task0_.project_leader_id as project_9_1_,
        task0_.start_date as start_d10_1_,
        task0_.status as status11_1_ 
    from
        task task0_
Hibernate: 
    select
        task0_.id as id1_1_,
        task0_.creation_date as creation2_1_,
        task0_.description as descript3_1_,
        task0_.estimated_duration as estimate4_1_,
        task0_.finish_date as finish_d5_1_,
        task0_.name as name6_1_,
        task0_.priority as priority7_1_,
        task0_.project_id as project_8_1_,
        task0_.project_leader_id as project_9_1_,
        task0_.start_date as start_d10_1_,
        task0_.status as status11_1_ 
    from
        task task0_
After all test execution
2023-12-03 17:11:12.247  INFO 5520 --- [    Test worker] o.s.t.c.support.AbstractContextLoader    : Could not detect default resource locations for test class [com.aninfo.integration.cucumber.TaskIntegrationServiceTest]: no resource found for suffixes {-context.xml, Context.groovy}.
2023-12-03 17:11:12.247  INFO 5520 --- [    Test worker] .b.t.c.SpringBootTestContextBootstrapper : Loaded default TestExecutionListener class names from location [META-INF/spring.factories]: [org.springframework.boot.test.autoconfigure.restdocs.RestDocsTestExecutionListener, org.springframework.boot.test.autoconfigure.web.client.MockRestServiceServerResetTestExecutionListener, org.springframework.boot.test.autoconfigure.web.servlet.MockMvcPrintOnlyOnFailureTestExecutionListener, org.springframework.boot.test.autoconfigure.web.servlet.WebDriverTestExecutionListener, org.springframework.boot.test.mock.mockito.MockitoTestExecutionListener, org.springframework.boot.test.mock.mockito.ResetMocksTestExecutionListener, org.springframework.test.context.web.ServletTestExecutionListener, org.springframework.test.context.support.DirtiesContextBeforeModesTestExecutionListener, org.springframework.test.context.support.DependencyInjectionTestExecutionListener, org.springframework.test.context.support.DirtiesContextTestExecutionListener, org.springframework.test.context.transaction.TransactionalTestExecutionListener, org.springframework.test.context.jdbc.SqlScriptsTestExecutionListener, org.springframework.test.context.event.EventPublishingTestExecutionListener]
2023-12-03 17:11:12.247  INFO 5520 --- [    Test worker] .b.t.c.SpringBootTestContextBootstrapper : Using TestExecutionListeners: [org.springframework.test.context.web.ServletTestExecutionListener@2a275d8f, org.springframework.test.context.support.DirtiesContextBeforeModesTestExecutionListener@3e7022d0, org.springframework.boot.test.mock.mockito.MockitoTestExecutionListener@71232e88, org.springframework.boot.test.autoconfigure.SpringBootDependencyInjectionTestExecutionListener@3b1afc17, org.springframework.test.context.support.DirtiesContextTestExecutionListener@2b4115de, org.springframework.test.context.transaction.TransactionalTestExecutionListener@1498c4c4, org.springframework.test.context.jdbc.SqlScriptsTestExecutionListener@7c27ffb1, org.springframework.test.context.event.EventPublishingTestExecutionListener@10315e66, org.springframework.boot.test.autoconfigure.restdocs.RestDocsTestExecutionListener@337d565b, org.springframework.boot.test.autoconfigure.web.client.MockRestServiceServerResetTestExecutionListener@61111a14, org.springframework.boot.test.autoconfigure.web.servlet.MockMvcPrintOnlyOnFailureTestExecutionListener@2208bbf0, org.springframework.boot.test.autoconfigure.web.servlet.WebDriverTestExecutionListener@385003b9, org.springframework.boot.test.mock.mockito.ResetMocksTestExecutionListener@61c64566]
Before any test execution
Before any test execution
Before any test execution
Before any test execution
Hibernate: 
    select
        task0_.id as id1_1_,
        task0_.creation_date as creation2_1_,
        task0_.description as descript3_1_,
        task0_.estimated_duration as estimate4_1_,
        task0_.finish_date as finish_d5_1_,
        task0_.name as name6_1_,
        task0_.priority as priority7_1_,
        task0_.project_id as project_8_1_,
        task0_.project_leader_id as project_9_1_,
        task0_.start_date as start_d10_1_,
        task0_.status as status11_1_ 
    from
        task task0_ 
    where
        task0_.name=?
Hibernate: 
    call next value for hibernate_sequence
Hibernate: 
    insert 
    into
        task
        (creation_date, description, estimated_duration, finish_date, name, priority, project_id, project_leader_id, start_date, status, id) 
    values
        (?, ?, ?, ?, ?, ?, ?, ?, ?, ?, ?)
Hibernate: 
    select
        task0_.id as id1_1_0_,
        task0_.creation_date as creation2_1_0_,
        task0_.description as descript3_1_0_,
        task0_.estimated_duration as estimate4_1_0_,
        task0_.finish_date as finish_d5_1_0_,
        task0_.name as name6_1_0_,
        task0_.priority as priority7_1_0_,
        task0_.project_id as project_8_1_0_,
        task0_.project_leader_id as project_9_1_0_,
        task0_.start_date as start_d10_1_0_,
        task0_.status as status11_1_0_ 
    from
        task task0_ 
    where
        task0_.id=?
Hibernate: 
    select
        task0_.id as id1_1_,
        task0_.creation_date as creation2_1_,
        task0_.description as descript3_1_,
        task0_.estimated_duration as estimate4_1_,
        task0_.finish_date as finish_d5_1_,
        task0_.name as name6_1_,
        task0_.priority as priority7_1_,
        task0_.project_id as project_8_1_,
        task0_.project_leader_id as project_9_1_,
        task0_.start_date as start_d10_1_,
        task0_.status as status11_1_ 
    from
        task task0_ 
    where
        task0_.name=?
Hibernate: 
    select
        task0_.id as id1_1_0_,
        task0_.creation_date as creation2_1_0_,
        task0_.description as descript3_1_0_,
        task0_.estimated_duration as estimate4_1_0_,
        task0_.finish_date as finish_d5_1_0_,
        task0_.name as name6_1_0_,
        task0_.priority as priority7_1_0_,
        task0_.project_id as project_8_1_0_,
        task0_.project_leader_id as project_9_1_0_,
        task0_.start_date as start_d10_1_0_,
        task0_.status as status11_1_0_ 
    from
        task task0_ 
    where
        task0_.id=?
Hibernate: 
    update
        task 
    set
        creation_date=?,
        description=?,
        estimated_duration=?,
        finish_date=?,
        name=?,
        priority=?,
        project_id=?,
        project_leader_id=?,
        start_date=?,
        status=? 
    where
        id=?
Hibernate: 
    select
        task0_.id as id1_1_,
        task0_.creation_date as creation2_1_,
        task0_.description as descript3_1_,
        task0_.estimated_duration as estimate4_1_,
        task0_.finish_date as finish_d5_1_,
        task0_.name as name6_1_,
        task0_.priority as priority7_1_,
        task0_.project_id as project_8_1_,
        task0_.project_leader_id as project_9_1_,
        task0_.start_date as start_d10_1_,
        task0_.status as status11_1_ 
    from
        task task0_
Hibernate: 
    delete 
    from
        task 
    where
        id=?
Resetting system
Hibernate: 
    select
        task0_.id as id1_1_,
        task0_.creation_date as creation2_1_,
        task0_.description as descript3_1_,
        task0_.estimated_duration as estimate4_1_,
        task0_.finish_date as finish_d5_1_,
        task0_.name as name6_1_,
        task0_.priority as priority7_1_,
        task0_.project_id as project_8_1_,
        task0_.project_leader_id as project_9_1_,
        task0_.start_date as start_d10_1_,
        task0_.status as status11_1_ 
    from
        task task0_
Hibernate: 
    select
        project0_.id as id1_0_,
        project0_.creation_date as creation2_0_,
        project0_.description as descript3_0_,
        project0_.finish_date as finish_d4_0_,
        project0_.name as name5_0_,
        project0_.project_leader_id as project_6_0_,
        project0_.start_date as start_da7_0_,
        project0_.status as status8_0_ 
    from
        project project0_
After all test execution
Resetting system
Hibernate: 
    select
        project0_.id as id1_0_,
        project0_.creation_date as creation2_0_,
        project0_.description as descript3_0_,
        project0_.finish_date as finish_d4_0_,
        project0_.name as name5_0_,
        project0_.project_leader_id as project_6_0_,
        project0_.start_date as start_da7_0_,
        project0_.status as status8_0_ 
    from
        project project0_
Hibernate: 
    select
        task0_.id as id1_1_,
        task0_.creation_date as creation2_1_,
        task0_.description as descript3_1_,
        task0_.estimated_duration as estimate4_1_,
        task0_.finish_date as finish_d5_1_,
        task0_.name as name6_1_,
        task0_.priority as priority7_1_,
        task0_.project_id as project_8_1_,
        task0_.project_leader_id as project_9_1_,
        task0_.start_date as start_d10_1_,
        task0_.status as status11_1_ 
    from
        task task0_
After all test execution
Resetting system
Hibernate: 
    select
        project0_.id as id1_0_,
        project0_.creation_date as creation2_0_,
        project0_.description as descript3_0_,
        project0_.finish_date as finish_d4_0_,
        project0_.name as name5_0_,
        project0_.project_leader_id as project_6_0_,
        project0_.start_date as start_da7_0_,
        project0_.status as status8_0_ 
    from
        project project0_
Hibernate: 
    select
        project0_.id as id1_0_,
        project0_.creation_date as creation2_0_,
        project0_.description as descript3_0_,
        project0_.finish_date as finish_d4_0_,
        project0_.name as name5_0_,
        project0_.project_leader_id as project_6_0_,
        project0_.start_date as start_da7_0_,
        project0_.status as status8_0_ 
    from
        project project0_
After all test execution
After all test execution
Hibernate: 
    select
        task0_.id as id1_1_,
        task0_.creation_date as creation2_1_,
        task0_.description as descript3_1_,
        task0_.estimated_duration as estimate4_1_,
        task0_.finish_date as finish_d5_1_,
        task0_.name as name6_1_,
        task0_.priority as priority7_1_,
        task0_.project_id as project_8_1_,
        task0_.project_leader_id as project_9_1_,
        task0_.start_date as start_d10_1_,
        task0_.status as status11_1_ 
    from
        task task0_
Hibernate: 
    select
        task0_.id as id1_1_,
        task0_.creation_date as creation2_1_,
        task0_.description as descript3_1_,
        task0_.estimated_duration as estimate4_1_,
        task0_.finish_date as finish_d5_1_,
        task0_.name as name6_1_,
        task0_.priority as priority7_1_,
        task0_.project_id as project_8_1_,
        task0_.project_leader_id as project_9_1_,
        task0_.start_date as start_d10_1_,
        task0_.status as status11_1_ 
    from
        task task0_
After all test execution
2023-12-03 17:11:12.278  INFO 5520 --- [    Test worker] o.s.t.c.support.AbstractContextLoader    : Could not detect default resource locations for test class [com.aninfo.integration.cucumber.TaskIntegrationServiceTest]: no resource found for suffixes {-context.xml, Context.groovy}.
2023-12-03 17:11:12.278  INFO 5520 --- [    Test worker] .b.t.c.SpringBootTestContextBootstrapper : Loaded default TestExecutionListener class names from location [META-INF/spring.factories]: [org.springframework.boot.test.autoconfigure.restdocs.RestDocsTestExecutionListener, org.springframework.boot.test.autoconfigure.web.client.MockRestServiceServerResetTestExecutionListener, org.springframework.boot.test.autoconfigure.web.servlet.MockMvcPrintOnlyOnFailureTestExecutionListener, org.springframework.boot.test.autoconfigure.web.servlet.WebDriverTestExecutionListener, org.springframework.boot.test.mock.mockito.MockitoTestExecutionListener, org.springframework.boot.test.mock.mockito.ResetMocksTestExecutionListener, org.springframework.test.context.web.ServletTestExecutionListener, org.springframework.test.context.support.DirtiesContextBeforeModesTestExecutionListener, org.springframework.test.context.support.DependencyInjectionTestExecutionListener, org.springframework.test.context.support.DirtiesContextTestExecutionListener, org.springframework.test.context.transaction.TransactionalTestExecutionListener, org.springframework.test.context.jdbc.SqlScriptsTestExecutionListener, org.springframework.test.context.event.EventPublishingTestExecutionListener]
2023-12-03 17:11:12.278  INFO 5520 --- [    Test worker] .b.t.c.SpringBootTestContextBootstrapper : Using TestExecutionListeners: [org.springframework.test.context.web.ServletTestExecutionListener@5b03d4b0, org.springframework.test.context.support.DirtiesContextBeforeModesTestExecutionListener@3e6e5a66, org.springframework.boot.test.mock.mockito.MockitoTestExecutionListener@77b62d27, org.springframework.boot.test.autoconfigure.SpringBootDependencyInjectionTestExecutionListener@773098bd, org.springframework.test.context.support.DirtiesContextTestExecutionListener@325364bf, org.springframework.test.context.transaction.TransactionalTestExecutionListener@7e22a5f9, org.springframework.test.context.jdbc.SqlScriptsTestExecutionListener@383b600f, org.springframework.test.context.event.EventPublishingTestExecutionListener@4b3df2c5, org.springframework.boot.test.autoconfigure.restdocs.RestDocsTestExecutionListener@62621181, org.springframework.boot.test.autoconfigure.web.client.MockRestServiceServerResetTestExecutionListener@9047d59, org.springframework.boot.test.autoconfigure.web.servlet.MockMvcPrintOnlyOnFailureTestExecutionListener@6a5c5f6e, org.springframework.boot.test.autoconfigure.web.servlet.WebDriverTestExecutionListener@4e53233a, org.springframework.boot.test.mock.mockito.ResetMocksTestExecutionListener@3ccfcd68]
Before any test execution
Before any test execution
Before any test execution
Before any test execution
Hibernate: 
    select
        task0_.id as id1_1_,
        task0_.creation_date as creation2_1_,
        task0_.description as descript3_1_,
        task0_.estimated_duration as estimate4_1_,
        task0_.finish_date as finish_d5_1_,
        task0_.name as name6_1_,
        task0_.priority as priority7_1_,
        task0_.project_id as project_8_1_,
        task0_.project_leader_id as project_9_1_,
        task0_.start_date as start_d10_1_,
        task0_.status as status11_1_ 
    from
        task task0_ 
    where
        task0_.name=?
Hibernate: 
    call next value for hibernate_sequence
Hibernate: 
    insert 
    into
        task
        (creation_date, description, estimated_duration, finish_date, name, priority, project_id, project_leader_id, start_date, status, id) 
    values
        (?, ?, ?, ?, ?, ?, ?, ?, ?, ?, ?)
Hibernate: 
    select
        task0_.id as id1_1_0_,
        task0_.creation_date as creation2_1_0_,
        task0_.description as descript3_1_0_,
        task0_.estimated_duration as estimate4_1_0_,
        task0_.finish_date as finish_d5_1_0_,
        task0_.name as name6_1_0_,
        task0_.priority as priority7_1_0_,
        task0_.project_id as project_8_1_0_,
        task0_.project_leader_id as project_9_1_0_,
        task0_.start_date as start_d10_1_0_,
        task0_.status as status11_1_0_ 
    from
        task task0_ 
    where
        task0_.id=?
Hibernate: 
    select
        task0_.id as id1_1_,
        task0_.creation_date as creation2_1_,
        task0_.description as descript3_1_,
        task0_.estimated_duration as estimate4_1_,
        task0_.finish_date as finish_d5_1_,
        task0_.name as name6_1_,
        task0_.priority as priority7_1_,
        task0_.project_id as project_8_1_,
        task0_.project_leader_id as project_9_1_,
        task0_.start_date as start_d10_1_,
        task0_.status as status11_1_ 
    from
        task task0_ 
    where
        task0_.name=?
Hibernate: 
    select
        task0_.id as id1_1_0_,
        task0_.creation_date as creation2_1_0_,
        task0_.description as descript3_1_0_,
        task0_.estimated_duration as estimate4_1_0_,
        task0_.finish_date as finish_d5_1_0_,
        task0_.name as name6_1_0_,
        task0_.priority as priority7_1_0_,
        task0_.project_id as project_8_1_0_,
        task0_.project_leader_id as project_9_1_0_,
        task0_.start_date as start_d10_1_0_,
        task0_.status as status11_1_0_ 
    from
        task task0_ 
    where
        task0_.id=?
Hibernate: 
    update
        task 
    set
        creation_date=?,
        description=?,
        estimated_duration=?,
        finish_date=?,
        name=?,
        priority=?,
        project_id=?,
        project_leader_id=?,
        start_date=?,
        status=? 
    where
        id=?
Hibernate: 
    select
        task0_.id as id1_1_,
        task0_.creation_date as creation2_1_,
        task0_.description as descript3_1_,
        task0_.estimated_duration as estimate4_1_,
        task0_.finish_date as finish_d5_1_,
        task0_.name as name6_1_,
        task0_.priority as priority7_1_,
        task0_.project_id as project_8_1_,
        task0_.project_leader_id as project_9_1_,
        task0_.start_date as start_d10_1_,
        task0_.status as status11_1_ 
    from
        task task0_
Hibernate: 
    delete 
    from
        task 
    where
        id=?
Resetting system
Hibernate: 
    select
        task0_.id as id1_1_,
        task0_.creation_date as creation2_1_,
        task0_.description as descript3_1_,
        task0_.estimated_duration as estimate4_1_,
        task0_.finish_date as finish_d5_1_,
        task0_.name as name6_1_,
        task0_.priority as priority7_1_,
        task0_.project_id as project_8_1_,
        task0_.project_leader_id as project_9_1_,
        task0_.start_date as start_d10_1_,
        task0_.status as status11_1_ 
    from
        task task0_
Hibernate: 
    select
        project0_.id as id1_0_,
        project0_.creation_date as creation2_0_,
        project0_.description as descript3_0_,
        project0_.finish_date as finish_d4_0_,
        project0_.name as name5_0_,
        project0_.project_leader_id as project_6_0_,
        project0_.start_date as start_da7_0_,
        project0_.status as status8_0_ 
    from
        project project0_
After all test execution
Resetting system
Hibernate: 
    select
        project0_.id as id1_0_,
        project0_.creation_date as creation2_0_,
        project0_.description as descript3_0_,
        project0_.finish_date as finish_d4_0_,
        project0_.name as name5_0_,
        project0_.project_leader_id as project_6_0_,
        project0_.start_date as start_da7_0_,
        project0_.status as status8_0_ 
    from
        project project0_
Hibernate: 
    select
        task0_.id as id1_1_,
        task0_.creation_date as creation2_1_,
        task0_.description as descript3_1_,
        task0_.estimated_duration as estimate4_1_,
        task0_.finish_date as finish_d5_1_,
        task0_.name as name6_1_,
        task0_.priority as priority7_1_,
        task0_.project_id as project_8_1_,
        task0_.project_leader_id as project_9_1_,
        task0_.start_date as start_d10_1_,
        task0_.status as status11_1_ 
    from
        task task0_
After all test execution
Resetting system
Hibernate: 
    select
        project0_.id as id1_0_,
        project0_.creation_date as creation2_0_,
        project0_.description as descript3_0_,
        project0_.finish_date as finish_d4_0_,
        project0_.name as name5_0_,
        project0_.project_leader_id as project_6_0_,
        project0_.start_date as start_da7_0_,
        project0_.status as status8_0_ 
    from
        project project0_
Hibernate: 
    select
        project0_.id as id1_0_,
        project0_.creation_date as creation2_0_,
        project0_.description as descript3_0_,
        project0_.finish_date as finish_d4_0_,
        project0_.name as name5_0_,
        project0_.project_leader_id as project_6_0_,
        project0_.start_date as start_da7_0_,
        project0_.status as status8_0_ 
    from
        project project0_
After all test execution
After all test execution
Hibernate: 
    select
        task0_.id as id1_1_,
        task0_.creation_date as creation2_1_,
        task0_.description as descript3_1_,
        task0_.estimated_duration as estimate4_1_,
        task0_.finish_date as finish_d5_1_,
        task0_.name as name6_1_,
        task0_.priority as priority7_1_,
        task0_.project_id as project_8_1_,
        task0_.project_leader_id as project_9_1_,
        task0_.start_date as start_d10_1_,
        task0_.status as status11_1_ 
    from
        task task0_
Hibernate: 
    select
        task0_.id as id1_1_,
        task0_.creation_date as creation2_1_,
        task0_.description as descript3_1_,
        task0_.estimated_duration as estimate4_1_,
        task0_.finish_date as finish_d5_1_,
        task0_.name as name6_1_,
        task0_.priority as priority7_1_,
        task0_.project_id as project_8_1_,
        task0_.project_leader_id as project_9_1_,
        task0_.start_date as start_d10_1_,
        task0_.status as status11_1_ 
    from
        task task0_
After all test execution
2023-12-03 17:11:12.309  INFO 5520 --- [    Test worker] o.s.t.c.support.AbstractContextLoader    : Could not detect default resource locations for test class [com.aninfo.integration.cucumber.TaskIntegrationServiceTest]: no resource found for suffixes {-context.xml, Context.groovy}.
2023-12-03 17:11:12.310  INFO 5520 --- [    Test worker] .b.t.c.SpringBootTestContextBootstrapper : Loaded default TestExecutionListener class names from location [META-INF/spring.factories]: [org.springframework.boot.test.autoconfigure.restdocs.RestDocsTestExecutionListener, org.springframework.boot.test.autoconfigure.web.client.MockRestServiceServerResetTestExecutionListener, org.springframework.boot.test.autoconfigure.web.servlet.MockMvcPrintOnlyOnFailureTestExecutionListener, org.springframework.boot.test.autoconfigure.web.servlet.WebDriverTestExecutionListener, org.springframework.boot.test.mock.mockito.MockitoTestExecutionListener, org.springframework.boot.test.mock.mockito.ResetMocksTestExecutionListener, org.springframework.test.context.web.ServletTestExecutionListener, org.springframework.test.context.support.DirtiesContextBeforeModesTestExecutionListener, org.springframework.test.context.support.DependencyInjectionTestExecutionListener, org.springframework.test.context.support.DirtiesContextTestExecutionListener, org.springframework.test.context.transaction.TransactionalTestExecutionListener, org.springframework.test.context.jdbc.SqlScriptsTestExecutionListener, org.springframework.test.context.event.EventPublishingTestExecutionListener]
2023-12-03 17:11:12.310  INFO 5520 --- [    Test worker] .b.t.c.SpringBootTestContextBootstrapper : Using TestExecutionListeners: [org.springframework.test.context.web.ServletTestExecutionListener@5a31699d, org.springframework.test.context.support.DirtiesContextBeforeModesTestExecutionListener@225fa51, org.springframework.boot.test.mock.mockito.MockitoTestExecutionListener@1c0a4088, org.springframework.boot.test.autoconfigure.SpringBootDependencyInjectionTestExecutionListener@1f7b0c44, org.springframework.test.context.support.DirtiesContextTestExecutionListener@4ed7f3b7, org.springframework.test.context.transaction.TransactionalTestExecutionListener@638d6f4e, org.springframework.test.context.jdbc.SqlScriptsTestExecutionListener@2dcd6db7, org.springframework.test.context.event.EventPublishingTestExecutionListener@6a135d66, org.springframework.boot.test.autoconfigure.restdocs.RestDocsTestExecutionListener@1b2841d8, org.springframework.boot.test.autoconfigure.web.client.MockRestServiceServerResetTestExecutionListener@13d7baec, org.springframework.boot.test.autoconfigure.web.servlet.MockMvcPrintOnlyOnFailureTestExecutionListener@5531ddf4, org.springframework.boot.test.autoconfigure.web.servlet.WebDriverTestExecutionListener@25b95259, org.springframework.boot.test.mock.mockito.ResetMocksTestExecutionListener@7c46e1b7]
Before any test execution
Before any test execution
Before any test execution
Before any test execution
Hibernate: 
    select
        task0_.id as id1_1_,
        task0_.creation_date as creation2_1_,
        task0_.description as descript3_1_,
        task0_.estimated_duration as estimate4_1_,
        task0_.finish_date as finish_d5_1_,
        task0_.name as name6_1_,
        task0_.priority as priority7_1_,
        task0_.project_id as project_8_1_,
        task0_.project_leader_id as project_9_1_,
        task0_.start_date as start_d10_1_,
        task0_.status as status11_1_ 
    from
        task task0_ 
    where
        task0_.name=?
Hibernate: 
    call next value for hibernate_sequence
Hibernate: 
    insert 
    into
        task
        (creation_date, description, estimated_duration, finish_date, name, priority, project_id, project_leader_id, start_date, status, id) 
    values
        (?, ?, ?, ?, ?, ?, ?, ?, ?, ?, ?)
Hibernate: 
    select
        task0_.id as id1_1_0_,
        task0_.creation_date as creation2_1_0_,
        task0_.description as descript3_1_0_,
        task0_.estimated_duration as estimate4_1_0_,
        task0_.finish_date as finish_d5_1_0_,
        task0_.name as name6_1_0_,
        task0_.priority as priority7_1_0_,
        task0_.project_id as project_8_1_0_,
        task0_.project_leader_id as project_9_1_0_,
        task0_.start_date as start_d10_1_0_,
        task0_.status as status11_1_0_ 
    from
        task task0_ 
    where
        task0_.id=?
Hibernate: 
    select
        task0_.id as id1_1_,
        task0_.creation_date as creation2_1_,
        task0_.description as descript3_1_,
        task0_.estimated_duration as estimate4_1_,
        task0_.finish_date as finish_d5_1_,
        task0_.name as name6_1_,
        task0_.priority as priority7_1_,
        task0_.project_id as project_8_1_,
        task0_.project_leader_id as project_9_1_,
        task0_.start_date as start_d10_1_,
        task0_.status as status11_1_ 
    from
        task task0_ 
    where
        task0_.name=?
Hibernate: 
    select
        task0_.id as id1_1_0_,
        task0_.creation_date as creation2_1_0_,
        task0_.description as descript3_1_0_,
        task0_.estimated_duration as estimate4_1_0_,
        task0_.finish_date as finish_d5_1_0_,
        task0_.name as name6_1_0_,
        task0_.priority as priority7_1_0_,
        task0_.project_id as project_8_1_0_,
        task0_.project_leader_id as project_9_1_0_,
        task0_.start_date as start_d10_1_0_,
        task0_.status as status11_1_0_ 
    from
        task task0_ 
    where
        task0_.id=?
Hibernate: 
    update
        task 
    set
        creation_date=?,
        description=?,
        estimated_duration=?,
        finish_date=?,
        name=?,
        priority=?,
        project_id=?,
        project_leader_id=?,
        start_date=?,
        status=? 
    where
        id=?
Hibernate: 
    select
        task0_.id as id1_1_,
        task0_.creation_date as creation2_1_,
        task0_.description as descript3_1_,
        task0_.estimated_duration as estimate4_1_,
        task0_.finish_date as finish_d5_1_,
        task0_.name as name6_1_,
        task0_.priority as priority7_1_,
        task0_.project_id as project_8_1_,
        task0_.project_leader_id as project_9_1_,
        task0_.start_date as start_d10_1_,
        task0_.status as status11_1_ 
    from
        task task0_
Hibernate: 
    delete 
    from
        task 
    where
        id=?
Resetting system
Hibernate: 
    select
        task0_.id as id1_1_,
        task0_.creation_date as creation2_1_,
        task0_.description as descript3_1_,
        task0_.estimated_duration as estimate4_1_,
        task0_.finish_date as finish_d5_1_,
        task0_.name as name6_1_,
        task0_.priority as priority7_1_,
        task0_.project_id as project_8_1_,
        task0_.project_leader_id as project_9_1_,
        task0_.start_date as start_d10_1_,
        task0_.status as status11_1_ 
    from
        task task0_
Hibernate: 
    select
        project0_.id as id1_0_,
        project0_.creation_date as creation2_0_,
        project0_.description as descript3_0_,
        project0_.finish_date as finish_d4_0_,
        project0_.name as name5_0_,
        project0_.project_leader_id as project_6_0_,
        project0_.start_date as start_da7_0_,
        project0_.status as status8_0_ 
    from
        project project0_
After all test execution
Resetting system
Hibernate: 
    select
        project0_.id as id1_0_,
        project0_.creation_date as creation2_0_,
        project0_.description as descript3_0_,
        project0_.finish_date as finish_d4_0_,
        project0_.name as name5_0_,
        project0_.project_leader_id as project_6_0_,
        project0_.start_date as start_da7_0_,
        project0_.status as status8_0_ 
    from
        project project0_
Hibernate: 
    select
        task0_.id as id1_1_,
        task0_.creation_date as creation2_1_,
        task0_.description as descript3_1_,
        task0_.estimated_duration as estimate4_1_,
        task0_.finish_date as finish_d5_1_,
        task0_.name as name6_1_,
        task0_.priority as priority7_1_,
        task0_.project_id as project_8_1_,
        task0_.project_leader_id as project_9_1_,
        task0_.start_date as start_d10_1_,
        task0_.status as status11_1_ 
    from
        task task0_
After all test execution
Resetting system
Hibernate: 
    select
        project0_.id as id1_0_,
        project0_.creation_date as creation2_0_,
        project0_.description as descript3_0_,
        project0_.finish_date as finish_d4_0_,
        project0_.name as name5_0_,
        project0_.project_leader_id as project_6_0_,
        project0_.start_date as start_da7_0_,
        project0_.status as status8_0_ 
    from
        project project0_
Hibernate: 
    select
        project0_.id as id1_0_,
        project0_.creation_date as creation2_0_,
        project0_.description as descript3_0_,
        project0_.finish_date as finish_d4_0_,
        project0_.name as name5_0_,
        project0_.project_leader_id as project_6_0_,
        project0_.start_date as start_da7_0_,
        project0_.status as status8_0_ 
    from
        project project0_
After all test execution
After all test execution
Hibernate: 
    select
        task0_.id as id1_1_,
        task0_.creation_date as creation2_1_,
        task0_.description as descript3_1_,
        task0_.estimated_duration as estimate4_1_,
        task0_.finish_date as finish_d5_1_,
        task0_.name as name6_1_,
        task0_.priority as priority7_1_,
        task0_.project_id as project_8_1_,
        task0_.project_leader_id as project_9_1_,
        task0_.start_date as start_d10_1_,
        task0_.status as status11_1_ 
    from
        task task0_
Hibernate: 
    select
        task0_.id as id1_1_,
        task0_.creation_date as creation2_1_,
        task0_.description as descript3_1_,
        task0_.estimated_duration as estimate4_1_,
        task0_.finish_date as finish_d5_1_,
        task0_.name as name6_1_,
        task0_.priority as priority7_1_,
        task0_.project_id as project_8_1_,
        task0_.project_leader_id as project_9_1_,
        task0_.start_date as start_d10_1_,
        task0_.status as status11_1_ 
    from
        task task0_
After all test execution

28 Scenarios (?[32m28 passed?[0m)
90 Steps (?[32m90 passed?[0m)
0m1,725s

]]></system-out>
  <system-err><![CDATA[]]></system-err>
</testsuite>
