<?xml version="1.0" encoding="UTF-8"?>
<testsuite name="com.aninfo.integration.cucumber.CucumberTest" tests="90" skipped="0" failures="0" errors="0" timestamp="2023-12-04T01:09:25" hostname="LAPTOP-I5D4J9C4" time="1.775">
  <properties/>
  <testcase name="Given No projects" classname="com.aninfo.integration.cucumber.CucumberTest" time="0.001"/>
  <testcase name="When Trying to get projects" classname="com.aninfo.integration.cucumber.CucumberTest" time="0.0"/>
  <testcase name="Then I get no projects" classname="com.aninfo.integration.cucumber.CucumberTest" time="0.0"/>
  <testcase name="Given Two projects" classname="com.aninfo.integration.cucumber.CucumberTest" time="0.0"/>
  <testcase name="When Trying to get projects" classname="com.aninfo.integration.cucumber.CucumberTest" time="0.0"/>
  <testcase name="Then I get two projects" classname="com.aninfo.integration.cucumber.CucumberTest" time="0.0"/>
  <testcase name="Given Project with name MyProject" classname="com.aninfo.integration.cucumber.CucumberTest" time="0.0"/>
  <testcase name="When Trying to find project with name MyProject" classname="com.aninfo.integration.cucumber.CucumberTest" time="0.0"/>
  <testcase name="Then I get the project appropriately" classname="com.aninfo.integration.cucumber.CucumberTest" time="0.001"/>
  <testcase name="Given Project with name MyProject1" classname="com.aninfo.integration.cucumber.CucumberTest" time="0.0"/>
  <testcase name="When Trying to find project with name MyProject2" classname="com.aninfo.integration.cucumber.CucumberTest" time="0.001"/>
  <testcase name="Then I get an Invalid Project Exception" classname="com.aninfo.integration.cucumber.CucumberTest" time="0.0"/>
  <testcase name="Given No projects" classname="com.aninfo.integration.cucumber.CucumberTest" time="0.001"/>
  <testcase name="When Trying to create a project with name Project1" classname="com.aninfo.integration.cucumber.CucumberTest" time="0.0"/>
  <testcase name="Then It is created successfully" classname="com.aninfo.integration.cucumber.CucumberTest" time="0.0"/>
  <testcase name="And Project is named Project1" classname="com.aninfo.integration.cucumber.CucumberTest" time="0.001"/>
  <testcase name="Given Project with name Project2" classname="com.aninfo.integration.cucumber.CucumberTest" time="0.001"/>
  <testcase name="When Trying to create a project with name Project2" classname="com.aninfo.integration.cucumber.CucumberTest" time="0.001"/>
  <testcase name="Then It is not created because a project with that name already exists" classname="com.aninfo.integration.cucumber.CucumberTest" time="0.0"/>
  <testcase name="Given Project with name Project3" classname="com.aninfo.integration.cucumber.CucumberTest" time="0.001"/>
  <testcase name="When Trying to create a project with name Project4" classname="com.aninfo.integration.cucumber.CucumberTest" time="0.001"/>
  <testcase name="Then It is created successfully" classname="com.aninfo.integration.cucumber.CucumberTest" time="0.001"/>
  <testcase name="And Project is named Project4" classname="com.aninfo.integration.cucumber.CucumberTest" time="0.0"/>
  <testcase name="Given Only one project named ProjectToDelete" classname="com.aninfo.integration.cucumber.CucumberTest" time="0.0"/>
  <testcase name="When Trying to delete it" classname="com.aninfo.integration.cucumber.CucumberTest" time="0.0"/>
  <testcase name="Then Project ProjectToDelete can no longer be found" classname="com.aninfo.integration.cucumber.CucumberTest" time="0.0"/>
  <testcase name="Given A project named ProjectRunway and another named ProjectX" classname="com.aninfo.integration.cucumber.CucumberTest" time="0.0"/>
  <testcase name="When Trying to delete project ProjectRunway" classname="com.aninfo.integration.cucumber.CucumberTest" time="0.0"/>
  <testcase name="Then Project ProjectRunway can no longer be found" classname="com.aninfo.integration.cucumber.CucumberTest" time="0.0"/>
  <testcase name="And Project ProjectX can still be found" classname="com.aninfo.integration.cucumber.CucumberTest" time="0.0"/>
  <testcase name="Given Two projects with names ProjectNoah and ProjectCami" classname="com.aninfo.integration.cucumber.CucumberTest" time="0.0"/>
  <testcase name="When Trying to change the ProjectCami name to ProjectDenise" classname="com.aninfo.integration.cucumber.CucumberTest" time="0.0"/>
  <testcase name="Then Name is changed successfully to ProjectDenise" classname="com.aninfo.integration.cucumber.CucumberTest" time="0.0"/>
  <testcase name="Given Two projects with names ProjectNoah and ProjectCami" classname="com.aninfo.integration.cucumber.CucumberTest" time="0.0"/>
  <testcase name="When Trying to change the ProjectCami name to ProjectNoah" classname="com.aninfo.integration.cucumber.CucumberTest" time="0.0"/>
  <testcase name="Then Name cannot be modified" classname="com.aninfo.integration.cucumber.CucumberTest" time="0.001"/>
  <testcase name="Given A project named DescriptiveProject with description This is my Description" classname="com.aninfo.integration.cucumber.CucumberTest" time="0.0"/>
  <testcase name="When Trying to change the description to Another description" classname="com.aninfo.integration.cucumber.CucumberTest" time="0.0"/>
  <testcase name="Then Description is changed successfully to Another description" classname="com.aninfo.integration.cucumber.CucumberTest" time="0.0"/>
  <testcase name="Given A project named ProjectWithFinishDate with estimated finish date 2007-12-03" classname="com.aninfo.integration.cucumber.CucumberTest" time="0.0"/>
  <testcase name="When Trying to change the finish date to 2018-12-03" classname="com.aninfo.integration.cucumber.CucumberTest" time="0.0"/>
  <testcase name="Then Finish date is changed successfully to 2018-12-03" classname="com.aninfo.integration.cucumber.CucumberTest" time="0.001"/>
  <testcase name="Given An existent project with name ProjectWithAStatus" classname="com.aninfo.integration.cucumber.CucumberTest" time="0.001"/>
  <testcase name="When Trying to change the status to IN_PROGRESS" classname="com.aninfo.integration.cucumber.CucumberTest" time="0.001"/>
  <testcase name="Then Status is changed successfully to IN_PROGRESS" classname="com.aninfo.integration.cucumber.CucumberTest" time="0.0"/>
  <testcase name="Given A the project with the name project1" classname="com.aninfo.integration.cucumber.CucumberTest" time="0.0"/>
  <testcase name="When Trying to get the tasks" classname="com.aninfo.integration.cucumber.CucumberTest" time="0.001"/>
  <testcase name="Then I get nothing" classname="com.aninfo.integration.cucumber.CucumberTest" time="0.001"/>
  <testcase name="Given A the project with the name project1 with 2 tasks" classname="com.aninfo.integration.cucumber.CucumberTest" time="0.0"/>
  <testcase name="When Trying to get the tasks" classname="com.aninfo.integration.cucumber.CucumberTest" time="0.0"/>
  <testcase name="Then I get two tasks" classname="com.aninfo.integration.cucumber.CucumberTest" time="0.0"/>
  <testcase name="Given A task in a project with name task1" classname="com.aninfo.integration.cucumber.CucumberTest" time="0.0"/>
  <testcase name="When Trying to find the task with name task1" classname="com.aninfo.integration.cucumber.CucumberTest" time="0.0"/>
  <testcase name="Then I get the task appropriately" classname="com.aninfo.integration.cucumber.CucumberTest" time="0.0"/>
  <testcase name="Given A task in a project with name task1" classname="com.aninfo.integration.cucumber.CucumberTest" time="0.0"/>
  <testcase name="When Trying to find the task with name task2" classname="com.aninfo.integration.cucumber.CucumberTest" time="0.0"/>
  <testcase name="Then I get an Invalid task Exception" classname="com.aninfo.integration.cucumber.CucumberTest" time="0.0"/>
  <testcase name="Given No tasks" classname="com.aninfo.integration.cucumber.CucumberTest" time="0.001"/>
  <testcase name="When Try to create a task with name task1" classname="com.aninfo.integration.cucumber.CucumberTest" time="0.0"/>
  <testcase name="Then The task is created successfully" classname="com.aninfo.integration.cucumber.CucumberTest" time="0.0"/>
  <testcase name="And Task is named task1" classname="com.aninfo.integration.cucumber.CucumberTest" time="0.0"/>
  <testcase name="Given A task in a project with name task1" classname="com.aninfo.integration.cucumber.CucumberTest" time="0.0"/>
  <testcase name="When Try to create a task with name task1" classname="com.aninfo.integration.cucumber.CucumberTest" time="0.0"/>
  <testcase name="Then It is not created because a task with that name already exists" classname="com.aninfo.integration.cucumber.CucumberTest" time="0.0"/>
  <testcase name="Given A task in a project with name task1" classname="com.aninfo.integration.cucumber.CucumberTest" time="0.0"/>
  <testcase name="When Try to create a task with name task2" classname="com.aninfo.integration.cucumber.CucumberTest" time="0.0"/>
  <testcase name="Then The task is created successfully" classname="com.aninfo.integration.cucumber.CucumberTest" time="0.0"/>
  <testcase name="And Task is named task2" classname="com.aninfo.integration.cucumber.CucumberTest" time="0.0"/>
  <testcase name="Given Only one task named TaskToDelete" classname="com.aninfo.integration.cucumber.CucumberTest" time="0.0"/>
  <testcase name="When Trying to delete the task" classname="com.aninfo.integration.cucumber.CucumberTest" time="0.0"/>
  <testcase name="Then Task TaskToDelete can no longer be found" classname="com.aninfo.integration.cucumber.CucumberTest" time="0.0"/>
  <testcase name="Given A task named task2 and another named task3" classname="com.aninfo.integration.cucumber.CucumberTest" time="0.0"/>
  <testcase name="When Trying to delete task task2" classname="com.aninfo.integration.cucumber.CucumberTest" time="0.0"/>
  <testcase name="Then Task task2 can no longer be found" classname="com.aninfo.integration.cucumber.CucumberTest" time="0.0"/>
  <testcase name="And Task task3 can still be found" classname="com.aninfo.integration.cucumber.CucumberTest" time="0.0"/>
  <testcase name="Given Two tasks with names TaskA and TaskB" classname="com.aninfo.integration.cucumber.CucumberTest" time="0.0"/>
  <testcase name="When Trying to modified the task TaskB name to TaskC" classname="com.aninfo.integration.cucumber.CucumberTest" time="0.0"/>
  <testcase name="Then Name task is changed successfully to TaskC" classname="com.aninfo.integration.cucumber.CucumberTest" time="0.0"/>
  <testcase name="Given Two tasks with names TaskA and TaskB" classname="com.aninfo.integration.cucumber.CucumberTest" time="0.0"/>
  <testcase name="When Trying to modified the task TaskB name to TaskA" classname="com.aninfo.integration.cucumber.CucumberTest" time="0.0"/>
  <testcase name="Then Name task cannot be modified" classname="com.aninfo.integration.cucumber.CucumberTest" time="0.002"/>
  <testcase name="Given A task named DescriptiveTask with description This is a description example" classname="com.aninfo.integration.cucumber.CucumberTest" time="0.0"/>
  <testcase name="When Trying to modified the description to This is another description example" classname="com.aninfo.integration.cucumber.CucumberTest" time="0.0"/>
  <testcase name="Then Description is modified successfully to This is another description example" classname="com.aninfo.integration.cucumber.CucumberTest" time="0.0"/>
  <testcase name="Given A task named TaskE with estimated finish date 2007-12-03" classname="com.aninfo.integration.cucumber.CucumberTest" time="0.0"/>
  <testcase name="When Trying to change the estimated finish date to 2018-12-03" classname="com.aninfo.integration.cucumber.CucumberTest" time="0.0"/>
  <testcase name="Then Estimated finish date is changed successfully to 2018-12-03" classname="com.aninfo.integration.cucumber.CucumberTest" time="0.0"/>
  <testcase name="Given An existent task with name TaskS" classname="com.aninfo.integration.cucumber.CucumberTest" time="0.0"/>
  <testcase name="When Trying to modify the status to IN_PROGRESS" classname="com.aninfo.integration.cucumber.CucumberTest" time="0.0"/>
  <testcase name="Then Status is modified successfully to IN_PROGRESS" classname="com.aninfo.integration.cucumber.CucumberTest" time="0.0"/>
  <system-out><![CDATA[22:09:09.937 [Test worker] DEBUG org.springframework.test.context.BootstrapUtils - Instantiating CacheAwareContextLoaderDelegate from class [org.springframework.test.context.cache.DefaultCacheAwareContextLoaderDelegate]
22:09:09.960 [Test worker] DEBUG org.springframework.test.context.BootstrapUtils - Instantiating BootstrapContext using constructor [public org.springframework.test.context.support.DefaultBootstrapContext(java.lang.Class,org.springframework.test.context.CacheAwareContextLoaderDelegate)]
22:09:10.037 [Test worker] DEBUG org.springframework.test.context.BootstrapUtils - Instantiating TestContextBootstrapper for test class [com.aninfo.integration.cucumber.TaskCreationTest] from class [org.springframework.boot.test.context.SpringBootTestContextBootstrapper]
22:09:10.103 [Test worker] DEBUG org.springframework.test.context.support.AbstractContextLoader - Did not detect default resource location for test class [com.aninfo.integration.cucumber.TaskIntegrationServiceTest]: class path resource [com/aninfo/integration/cucumber/TaskIntegrationServiceTest-context.xml] does not exist
22:09:10.104 [Test worker] DEBUG org.springframework.test.context.support.AbstractContextLoader - Did not detect default resource location for test class [com.aninfo.integration.cucumber.TaskIntegrationServiceTest]: class path resource [com/aninfo/integration/cucumber/TaskIntegrationServiceTestContext.groovy] does not exist
22:09:10.105 [Test worker] INFO org.springframework.test.context.support.AbstractContextLoader - Could not detect default resource locations for test class [com.aninfo.integration.cucumber.TaskIntegrationServiceTest]: no resource found for suffixes {-context.xml, Context.groovy}.
22:09:10.199 [Test worker] DEBUG org.springframework.test.context.support.ActiveProfilesUtils - Could not find an 'annotation declaring class' for annotation type [org.springframework.test.context.ActiveProfiles] and class [com.aninfo.integration.cucumber.TaskCreationTest]
22:09:10.457 [Test worker] DEBUG org.springframework.boot.test.context.SpringBootTestContextBootstrapper - @TestExecutionListeners is not present for class [com.aninfo.integration.cucumber.TaskCreationTest]: using defaults.
22:09:10.458 [Test worker] INFO org.springframework.boot.test.context.SpringBootTestContextBootstrapper - Loaded default TestExecutionListener class names from location [META-INF/spring.factories]: [org.springframework.boot.test.autoconfigure.restdocs.RestDocsTestExecutionListener, org.springframework.boot.test.autoconfigure.web.client.MockRestServiceServerResetTestExecutionListener, org.springframework.boot.test.autoconfigure.web.servlet.MockMvcPrintOnlyOnFailureTestExecutionListener, org.springframework.boot.test.autoconfigure.web.servlet.WebDriverTestExecutionListener, org.springframework.boot.test.mock.mockito.MockitoTestExecutionListener, org.springframework.boot.test.mock.mockito.ResetMocksTestExecutionListener, org.springframework.test.context.web.ServletTestExecutionListener, org.springframework.test.context.support.DirtiesContextBeforeModesTestExecutionListener, org.springframework.test.context.support.DependencyInjectionTestExecutionListener, org.springframework.test.context.support.DirtiesContextTestExecutionListener, org.springframework.test.context.transaction.TransactionalTestExecutionListener, org.springframework.test.context.jdbc.SqlScriptsTestExecutionListener, org.springframework.test.context.event.EventPublishingTestExecutionListener]
22:09:10.492 [Test worker] INFO org.springframework.boot.test.context.SpringBootTestContextBootstrapper - Using TestExecutionListeners: [org.springframework.test.context.web.ServletTestExecutionListener@67f36e78, org.springframework.test.context.support.DirtiesContextBeforeModesTestExecutionListener@6ae95525, org.springframework.boot.test.mock.mockito.MockitoTestExecutionListener@6346a0c5, org.springframework.boot.test.autoconfigure.SpringBootDependencyInjectionTestExecutionListener@15c6b5b7, org.springframework.test.context.support.DirtiesContextTestExecutionListener@693a89d9, org.springframework.test.context.transaction.TransactionalTestExecutionListener@49daa9a6, org.springframework.test.context.jdbc.SqlScriptsTestExecutionListener@1fcc68d0, org.springframework.test.context.event.EventPublishingTestExecutionListener@3f070d93, org.springframework.boot.test.autoconfigure.restdocs.RestDocsTestExecutionListener@24e2feb, org.springframework.boot.test.autoconfigure.web.client.MockRestServiceServerResetTestExecutionListener@1e45319d, org.springframework.boot.test.autoconfigure.web.servlet.MockMvcPrintOnlyOnFailureTestExecutionListener@62b3506d, org.springframework.boot.test.autoconfigure.web.servlet.WebDriverTestExecutionListener@655fa23d, org.springframework.boot.test.mock.mockito.ResetMocksTestExecutionListener@169df80a]
22:09:10.549 [Test worker] DEBUG org.springframework.test.context.support.TestPropertySourceUtils - Adding inlined properties to environment: {spring.jmx.enabled=false, org.springframework.boot.test.context.SpringBootTestContextBootstrapper=true, server.port=-1}

  .   ____          _            __ _ _
 /\\ / ___'_ __ _ _(_)_ __  __ _ \ \ \ \
( ( )\___ | '_ | '_| | '_ \/ _` | \ \ \ \
 \\/  ___)| |_)| | | | | || (_| |  ) ) ) )
  '  |____| .__|_| |_|_| |_\__, | / / / /
 =========|_|==============|___/=/_/_/_/
 :: Spring Boot ::        (v2.2.5.RELEASE)

2023-12-03 22:09:11.182  INFO 25172 --- [    Test worker] c.a.i.cucumber.TaskCreationTest          : Starting TaskCreationTest on LAPTOP-I5D4J9C4 with PID 25172 (started by camil in C:\Users\camil\Documents\aninfo\aninfotpg)
2023-12-03 22:09:11.186  INFO 25172 --- [    Test worker] c.a.i.cucumber.TaskCreationTest          : No active profile set, falling back to default profiles: default
2023-12-03 22:09:13.425  INFO 25172 --- [    Test worker] .s.d.r.c.RepositoryConfigurationDelegate : Bootstrapping Spring Data JPA repositories in DEFAULT mode.
2023-12-03 22:09:13.927  INFO 25172 --- [    Test worker] .s.d.r.c.RepositoryConfigurationDelegate : Finished Spring Data repository scanning in 470ms. Found 2 JPA repository interfaces.
2023-12-03 22:09:16.566  INFO 25172 --- [    Test worker] o.hibernate.jpa.internal.util.LogHelper  : HHH000204: Processing PersistenceUnitInfo [name: default]
2023-12-03 22:09:16.771  INFO 25172 --- [    Test worker] org.hibernate.Version                    : HHH000412: Hibernate ORM core version 5.4.12.Final
2023-12-03 22:09:17.118  INFO 25172 --- [    Test worker] o.hibernate.annotations.common.Version   : HCANN000001: Hibernate Commons Annotations {5.1.0.Final}
2023-12-03 22:09:17.517  INFO 25172 --- [    Test worker] com.zaxxer.hikari.HikariDataSource       : HikariPool-1 - Starting...
2023-12-03 22:09:18.069  INFO 25172 --- [    Test worker] com.zaxxer.hikari.HikariDataSource       : HikariPool-1 - Start completed.
2023-12-03 22:09:18.126  INFO 25172 --- [    Test worker] org.hibernate.dialect.Dialect            : HHH000400: Using dialect: org.hibernate.dialect.H2Dialect
Hibernate: 
    
    drop table project if exists
Hibernate: 
    
    drop table task if exists
Hibernate: 
    
    drop sequence if exists hibernate_sequence
Hibernate: create sequence hibernate_sequence start with 1 increment by 1
Hibernate: 
    
    create table project (
       id bigint not null,
        creation_date date,
        description varchar(255),
        finish_date date,
        name varchar(255),
        project_leader_id bigint,
        start_date date,
        status integer,
        primary key (id)
    )
Hibernate: 
    
    create table task (
       id bigint not null,
        asigned_id bigint,
        creation_date date,
        description varchar(255),
        estimated_duration bigint,
        finish_date date,
        name varchar(255),
        priority integer,
        project_id bigint,
        start_date date,
        status integer,
        primary key (id)
    )
2023-12-03 22:09:19.868  INFO 25172 --- [    Test worker] o.h.e.t.j.p.i.JtaPlatformInitiator       : HHH000490: Using JtaPlatform implementation: [org.hibernate.engine.transaction.jta.platform.internal.NoJtaPlatform]
2023-12-03 22:09:19.881  INFO 25172 --- [    Test worker] j.LocalContainerEntityManagerFactoryBean : Initialized JPA EntityManagerFactory for persistence unit 'default'
2023-12-03 22:09:21.528  WARN 25172 --- [    Test worker] JpaBaseConfiguration$JpaWebConfiguration : spring.jpa.open-in-view is enabled by default. Therefore, database queries may be performed during view rendering. Explicitly configure spring.jpa.open-in-view to disable this warning
2023-12-03 22:09:23.288  INFO 25172 --- [    Test worker] o.s.s.concurrent.ThreadPoolTaskExecutor  : Initializing ExecutorService 'applicationTaskExecutor'
2023-12-03 22:09:24.010  INFO 25172 --- [    Test worker] o.s.b.a.h2.H2ConsoleAutoConfiguration    : H2 console available at '/h2-console'. Database available at 'jdbc:h2:mem:DBNAME'
2023-12-03 22:09:25.385  INFO 25172 --- [    Test worker] c.a.i.cucumber.TaskCreationTest          : Started TaskCreationTest in 14.818 seconds (JVM running for 18.516)
Before any test execution
Before any test execution
Before any test execution
Before any test execution
Hibernate: 
    select
        project0_.id as id1_0_,
        project0_.creation_date as creation2_0_,
        project0_.description as descript3_0_,
        project0_.finish_date as finish_d4_0_,
        project0_.name as name5_0_,
        project0_.project_leader_id as project_6_0_,
        project0_.start_date as start_da7_0_,
        project0_.status as status8_0_ 
    from
        project project0_
After all test execution
Hibernate: 
    select
        task0_.id as id1_1_,
        task0_.asigned_id as asigned_2_1_,
        task0_.creation_date as creation3_1_,
        task0_.description as descript4_1_,
        task0_.estimated_duration as estimate5_1_,
        task0_.finish_date as finish_d6_1_,
        task0_.name as name7_1_,
        task0_.priority as priority8_1_,
        task0_.project_id as project_9_1_,
        task0_.start_date as start_d10_1_,
        task0_.status as status11_1_ 
    from
        task task0_
Hibernate: 
    select
        task0_.id as id1_1_,
        task0_.asigned_id as asigned_2_1_,
        task0_.creation_date as creation3_1_,
        task0_.description as descript4_1_,
        task0_.estimated_duration as estimate5_1_,
        task0_.finish_date as finish_d6_1_,
        task0_.name as name7_1_,
        task0_.priority as priority8_1_,
        task0_.project_id as project_9_1_,
        task0_.start_date as start_d10_1_,
        task0_.status as status11_1_ 
    from
        task task0_
After all test execution
Hibernate: 
    select
        project0_.id as id1_0_,
        project0_.creation_date as creation2_0_,
        project0_.description as descript3_0_,
        project0_.finish_date as finish_d4_0_,
        project0_.name as name5_0_,
        project0_.project_leader_id as project_6_0_,
        project0_.start_date as start_da7_0_,
        project0_.status as status8_0_ 
    from
        project project0_
After all test execution
Resetting system
Hibernate: 
    select
        task0_.id as id1_1_,
        task0_.asigned_id as asigned_2_1_,
        task0_.creation_date as creation3_1_,
        task0_.description as descript4_1_,
        task0_.estimated_duration as estimate5_1_,
        task0_.finish_date as finish_d6_1_,
        task0_.name as name7_1_,
        task0_.priority as priority8_1_,
        task0_.project_id as project_9_1_,
        task0_.start_date as start_d10_1_,
        task0_.status as status11_1_ 
    from
        task task0_
Resetting system
Hibernate: 
    select
        project0_.id as id1_0_,
        project0_.creation_date as creation2_0_,
        project0_.description as descript3_0_,
        project0_.finish_date as finish_d4_0_,
        project0_.name as name5_0_,
        project0_.project_leader_id as project_6_0_,
        project0_.start_date as start_da7_0_,
        project0_.status as status8_0_ 
    from
        project project0_
Resetting system
Hibernate: 
    select
        project0_.id as id1_0_,
        project0_.creation_date as creation2_0_,
        project0_.description as descript3_0_,
        project0_.finish_date as finish_d4_0_,
        project0_.name as name5_0_,
        project0_.project_leader_id as project_6_0_,
        project0_.start_date as start_da7_0_,
        project0_.status as status8_0_ 
    from
        project project0_
Hibernate: 
    select
        project0_.id as id1_0_,
        project0_.creation_date as creation2_0_,
        project0_.description as descript3_0_,
        project0_.finish_date as finish_d4_0_,
        project0_.name as name5_0_,
        project0_.project_leader_id as project_6_0_,
        project0_.start_date as start_da7_0_,
        project0_.status as status8_0_ 
    from
        project project0_
After all test execution
Hibernate: 
    select
        task0_.id as id1_1_,
        task0_.asigned_id as asigned_2_1_,
        task0_.creation_date as creation3_1_,
        task0_.description as descript4_1_,
        task0_.estimated_duration as estimate5_1_,
        task0_.finish_date as finish_d6_1_,
        task0_.name as name7_1_,
        task0_.priority as priority8_1_,
        task0_.project_id as project_9_1_,
        task0_.start_date as start_d10_1_,
        task0_.status as status11_1_ 
    from
        task task0_
After all test execution
2023-12-03 22:09:26.108  INFO 25172 --- [    Test worker] o.s.t.c.support.AbstractContextLoader    : Could not detect default resource locations for test class [com.aninfo.integration.cucumber.TaskIntegrationServiceTest]: no resource found for suffixes {-context.xml, Context.groovy}.
2023-12-03 22:09:26.113  INFO 25172 --- [    Test worker] .b.t.c.SpringBootTestContextBootstrapper : Loaded default TestExecutionListener class names from location [META-INF/spring.factories]: [org.springframework.boot.test.autoconfigure.restdocs.RestDocsTestExecutionListener, org.springframework.boot.test.autoconfigure.web.client.MockRestServiceServerResetTestExecutionListener, org.springframework.boot.test.autoconfigure.web.servlet.MockMvcPrintOnlyOnFailureTestExecutionListener, org.springframework.boot.test.autoconfigure.web.servlet.WebDriverTestExecutionListener, org.springframework.boot.test.mock.mockito.MockitoTestExecutionListener, org.springframework.boot.test.mock.mockito.ResetMocksTestExecutionListener, org.springframework.test.context.web.ServletTestExecutionListener, org.springframework.test.context.support.DirtiesContextBeforeModesTestExecutionListener, org.springframework.test.context.support.DependencyInjectionTestExecutionListener, org.springframework.test.context.support.DirtiesContextTestExecutionListener, org.springframework.test.context.transaction.TransactionalTestExecutionListener, org.springframework.test.context.jdbc.SqlScriptsTestExecutionListener, org.springframework.test.context.event.EventPublishingTestExecutionListener]
2023-12-03 22:09:26.114  INFO 25172 --- [    Test worker] .b.t.c.SpringBootTestContextBootstrapper : Using TestExecutionListeners: [org.springframework.test.context.web.ServletTestExecutionListener@26749aad, org.springframework.test.context.support.DirtiesContextBeforeModesTestExecutionListener@5e9ff3b7, org.springframework.boot.test.mock.mockito.MockitoTestExecutionListener@1c332054, org.springframework.boot.test.autoconfigure.SpringBootDependencyInjectionTestExecutionListener@73479c99, org.springframework.test.context.support.DirtiesContextTestExecutionListener@71e4c1ae, org.springframework.test.context.transaction.TransactionalTestExecutionListener@5047866e, org.springframework.test.context.jdbc.SqlScriptsTestExecutionListener@55f32db2, org.springframework.test.context.event.EventPublishingTestExecutionListener@1a1fd0c1, org.springframework.boot.test.autoconfigure.restdocs.RestDocsTestExecutionListener@4da18b9d, org.springframework.boot.test.autoconfigure.web.client.MockRestServiceServerResetTestExecutionListener@213900b1, org.springframework.boot.test.autoconfigure.web.servlet.MockMvcPrintOnlyOnFailureTestExecutionListener@6d6b3799, org.springframework.boot.test.autoconfigure.web.servlet.WebDriverTestExecutionListener@9167b2d, org.springframework.boot.test.mock.mockito.ResetMocksTestExecutionListener@48aaf4f1]
Before any test execution
Before any test execution
Before any test execution
Before any test execution
Hibernate: 
    select
        project0_.id as id1_0_,
        project0_.creation_date as creation2_0_,
        project0_.description as descript3_0_,
        project0_.finish_date as finish_d4_0_,
        project0_.name as name5_0_,
        project0_.project_leader_id as project_6_0_,
        project0_.start_date as start_da7_0_,
        project0_.status as status8_0_ 
    from
        project project0_ 
    where
        project0_.name=?
Hibernate: 
    call next value for hibernate_sequence
Hibernate: 
    insert 
    into
        project
        (creation_date, description, finish_date, name, project_leader_id, start_date, status, id) 
    values
        (?, ?, ?, ?, ?, ?, ?, ?)
Hibernate: 
    select
        project0_.id as id1_0_,
        project0_.creation_date as creation2_0_,
        project0_.description as descript3_0_,
        project0_.finish_date as finish_d4_0_,
        project0_.name as name5_0_,
        project0_.project_leader_id as project_6_0_,
        project0_.start_date as start_da7_0_,
        project0_.status as status8_0_ 
    from
        project project0_ 
    where
        project0_.name=?
Hibernate: 
    call next value for hibernate_sequence
Hibernate: 
    insert 
    into
        project
        (creation_date, description, finish_date, name, project_leader_id, start_date, status, id) 
    values
        (?, ?, ?, ?, ?, ?, ?, ?)
Hibernate: 
    select
        project0_.id as id1_0_,
        project0_.creation_date as creation2_0_,
        project0_.description as descript3_0_,
        project0_.finish_date as finish_d4_0_,
        project0_.name as name5_0_,
        project0_.project_leader_id as project_6_0_,
        project0_.start_date as start_da7_0_,
        project0_.status as status8_0_ 
    from
        project project0_
Hibernate: 
    select
        project0_.id as id1_0_,
        project0_.creation_date as creation2_0_,
        project0_.description as descript3_0_,
        project0_.finish_date as finish_d4_0_,
        project0_.name as name5_0_,
        project0_.project_leader_id as project_6_0_,
        project0_.start_date as start_da7_0_,
        project0_.status as status8_0_ 
    from
        project project0_
After all test execution
Hibernate: 
    select
        task0_.id as id1_1_,
        task0_.asigned_id as asigned_2_1_,
        task0_.creation_date as creation3_1_,
        task0_.description as descript4_1_,
        task0_.estimated_duration as estimate5_1_,
        task0_.finish_date as finish_d6_1_,
        task0_.name as name7_1_,
        task0_.priority as priority8_1_,
        task0_.project_id as project_9_1_,
        task0_.start_date as start_d10_1_,
        task0_.status as status11_1_ 
    from
        task task0_
Hibernate: 
    select
        task0_.id as id1_1_,
        task0_.asigned_id as asigned_2_1_,
        task0_.creation_date as creation3_1_,
        task0_.description as descript4_1_,
        task0_.estimated_duration as estimate5_1_,
        task0_.finish_date as finish_d6_1_,
        task0_.name as name7_1_,
        task0_.priority as priority8_1_,
        task0_.project_id as project_9_1_,
        task0_.start_date as start_d10_1_,
        task0_.status as status11_1_ 
    from
        task task0_
After all test execution
Hibernate: 
    select
        project0_.id as id1_0_,
        project0_.creation_date as creation2_0_,
        project0_.description as descript3_0_,
        project0_.finish_date as finish_d4_0_,
        project0_.name as name5_0_,
        project0_.project_leader_id as project_6_0_,
        project0_.start_date as start_da7_0_,
        project0_.status as status8_0_ 
    from
        project project0_
Hibernate: 
    delete 
    from
        project 
    where
        id=?
Hibernate: 
    delete 
    from
        project 
    where
        id=?
After all test execution
Resetting system
Hibernate: 
    select
        task0_.id as id1_1_,
        task0_.asigned_id as asigned_2_1_,
        task0_.creation_date as creation3_1_,
        task0_.description as descript4_1_,
        task0_.estimated_duration as estimate5_1_,
        task0_.finish_date as finish_d6_1_,
        task0_.name as name7_1_,
        task0_.priority as priority8_1_,
        task0_.project_id as project_9_1_,
        task0_.start_date as start_d10_1_,
        task0_.status as status11_1_ 
    from
        task task0_
Resetting system
Hibernate: 
    select
        project0_.id as id1_0_,
        project0_.creation_date as creation2_0_,
        project0_.description as descript3_0_,
        project0_.finish_date as finish_d4_0_,
        project0_.name as name5_0_,
        project0_.project_leader_id as project_6_0_,
        project0_.start_date as start_da7_0_,
        project0_.status as status8_0_ 
    from
        project project0_
Resetting system
Hibernate: 
    select
        project0_.id as id1_0_,
        project0_.creation_date as creation2_0_,
        project0_.description as descript3_0_,
        project0_.finish_date as finish_d4_0_,
        project0_.name as name5_0_,
        project0_.project_leader_id as project_6_0_,
        project0_.start_date as start_da7_0_,
        project0_.status as status8_0_ 
    from
        project project0_
Hibernate: 
    select
        project0_.id as id1_0_,
        project0_.creation_date as creation2_0_,
        project0_.description as descript3_0_,
        project0_.finish_date as finish_d4_0_,
        project0_.name as name5_0_,
        project0_.project_leader_id as project_6_0_,
        project0_.start_date as start_da7_0_,
        project0_.status as status8_0_ 
    from
        project project0_
After all test execution
Hibernate: 
    select
        task0_.id as id1_1_,
        task0_.asigned_id as asigned_2_1_,
        task0_.creation_date as creation3_1_,
        task0_.description as descript4_1_,
        task0_.estimated_duration as estimate5_1_,
        task0_.finish_date as finish_d6_1_,
        task0_.name as name7_1_,
        task0_.priority as priority8_1_,
        task0_.project_id as project_9_1_,
        task0_.start_date as start_d10_1_,
        task0_.status as status11_1_ 
    from
        task task0_
After all test execution
2023-12-03 22:09:26.366  INFO 25172 --- [    Test worker] o.s.t.c.support.AbstractContextLoader    : Could not detect default resource locations for test class [com.aninfo.integration.cucumber.TaskIntegrationServiceTest]: no resource found for suffixes {-context.xml, Context.groovy}.
2023-12-03 22:09:26.370  INFO 25172 --- [    Test worker] .b.t.c.SpringBootTestContextBootstrapper : Loaded default TestExecutionListener class names from location [META-INF/spring.factories]: [org.springframework.boot.test.autoconfigure.restdocs.RestDocsTestExecutionListener, org.springframework.boot.test.autoconfigure.web.client.MockRestServiceServerResetTestExecutionListener, org.springframework.boot.test.autoconfigure.web.servlet.MockMvcPrintOnlyOnFailureTestExecutionListener, org.springframework.boot.test.autoconfigure.web.servlet.WebDriverTestExecutionListener, org.springframework.boot.test.mock.mockito.MockitoTestExecutionListener, org.springframework.boot.test.mock.mockito.ResetMocksTestExecutionListener, org.springframework.test.context.web.ServletTestExecutionListener, org.springframework.test.context.support.DirtiesContextBeforeModesTestExecutionListener, org.springframework.test.context.support.DependencyInjectionTestExecutionListener, org.springframework.test.context.support.DirtiesContextTestExecutionListener, org.springframework.test.context.transaction.TransactionalTestExecutionListener, org.springframework.test.context.jdbc.SqlScriptsTestExecutionListener, org.springframework.test.context.event.EventPublishingTestExecutionListener]
2023-12-03 22:09:26.371  INFO 25172 --- [    Test worker] .b.t.c.SpringBootTestContextBootstrapper : Using TestExecutionListeners: [org.springframework.test.context.web.ServletTestExecutionListener@240d1b59, org.springframework.test.context.support.DirtiesContextBeforeModesTestExecutionListener@173a36e3, org.springframework.boot.test.mock.mockito.MockitoTestExecutionListener@5f202b65, org.springframework.boot.test.autoconfigure.SpringBootDependencyInjectionTestExecutionListener@27d4f6bc, org.springframework.test.context.support.DirtiesContextTestExecutionListener@6bcff6cc, org.springframework.test.context.transaction.TransactionalTestExecutionListener@2d044878, org.springframework.test.context.jdbc.SqlScriptsTestExecutionListener@73a125be, org.springframework.test.context.event.EventPublishingTestExecutionListener@73405c60, org.springframework.boot.test.autoconfigure.restdocs.RestDocsTestExecutionListener@67adad52, org.springframework.boot.test.autoconfigure.web.client.MockRestServiceServerResetTestExecutionListener@68656e57, org.springframework.boot.test.autoconfigure.web.servlet.MockMvcPrintOnlyOnFailureTestExecutionListener@12932a30, org.springframework.boot.test.autoconfigure.web.servlet.WebDriverTestExecutionListener@63c1c75e, org.springframework.boot.test.mock.mockito.ResetMocksTestExecutionListener@690c3149]
Before any test execution
Before any test execution
Before any test execution
Before any test execution
Hibernate: 
    select
        project0_.id as id1_0_,
        project0_.creation_date as creation2_0_,
        project0_.description as descript3_0_,
        project0_.finish_date as finish_d4_0_,
        project0_.name as name5_0_,
        project0_.project_leader_id as project_6_0_,
        project0_.start_date as start_da7_0_,
        project0_.status as status8_0_ 
    from
        project project0_ 
    where
        project0_.name=?
Hibernate: 
    call next value for hibernate_sequence
Hibernate: 
    insert 
    into
        project
        (creation_date, description, finish_date, name, project_leader_id, start_date, status, id) 
    values
        (?, ?, ?, ?, ?, ?, ?, ?)
Hibernate: 
    select
        project0_.id as id1_0_,
        project0_.creation_date as creation2_0_,
        project0_.description as descript3_0_,
        project0_.finish_date as finish_d4_0_,
        project0_.name as name5_0_,
        project0_.project_leader_id as project_6_0_,
        project0_.start_date as start_da7_0_,
        project0_.status as status8_0_ 
    from
        project project0_ 
    where
        project0_.name=?
After all test execution
Hibernate: 
    select
        task0_.id as id1_1_,
        task0_.asigned_id as asigned_2_1_,
        task0_.creation_date as creation3_1_,
        task0_.description as descript4_1_,
        task0_.estimated_duration as estimate5_1_,
        task0_.finish_date as finish_d6_1_,
        task0_.name as name7_1_,
        task0_.priority as priority8_1_,
        task0_.project_id as project_9_1_,
        task0_.start_date as start_d10_1_,
        task0_.status as status11_1_ 
    from
        task task0_
Hibernate: 
    select
        task0_.id as id1_1_,
        task0_.asigned_id as asigned_2_1_,
        task0_.creation_date as creation3_1_,
        task0_.description as descript4_1_,
        task0_.estimated_duration as estimate5_1_,
        task0_.finish_date as finish_d6_1_,
        task0_.name as name7_1_,
        task0_.priority as priority8_1_,
        task0_.project_id as project_9_1_,
        task0_.start_date as start_d10_1_,
        task0_.status as status11_1_ 
    from
        task task0_
After all test execution
Hibernate: 
    select
        project0_.id as id1_0_,
        project0_.creation_date as creation2_0_,
        project0_.description as descript3_0_,
        project0_.finish_date as finish_d4_0_,
        project0_.name as name5_0_,
        project0_.project_leader_id as project_6_0_,
        project0_.start_date as start_da7_0_,
        project0_.status as status8_0_ 
    from
        project project0_
Hibernate: 
    delete 
    from
        project 
    where
        id=?
After all test execution
Resetting system
Hibernate: 
    select
        task0_.id as id1_1_,
        task0_.asigned_id as asigned_2_1_,
        task0_.creation_date as creation3_1_,
        task0_.description as descript4_1_,
        task0_.estimated_duration as estimate5_1_,
        task0_.finish_date as finish_d6_1_,
        task0_.name as name7_1_,
        task0_.priority as priority8_1_,
        task0_.project_id as project_9_1_,
        task0_.start_date as start_d10_1_,
        task0_.status as status11_1_ 
    from
        task task0_
Resetting system
Hibernate: 
    select
        project0_.id as id1_0_,
        project0_.creation_date as creation2_0_,
        project0_.description as descript3_0_,
        project0_.finish_date as finish_d4_0_,
        project0_.name as name5_0_,
        project0_.project_leader_id as project_6_0_,
        project0_.start_date as start_da7_0_,
        project0_.status as status8_0_ 
    from
        project project0_
Resetting system
Hibernate: 
    select
        project0_.id as id1_0_,
        project0_.creation_date as creation2_0_,
        project0_.description as descript3_0_,
        project0_.finish_date as finish_d4_0_,
        project0_.name as name5_0_,
        project0_.project_leader_id as project_6_0_,
        project0_.start_date as start_da7_0_,
        project0_.status as status8_0_ 
    from
        project project0_
Hibernate: 
    select
        project0_.id as id1_0_,
        project0_.creation_date as creation2_0_,
        project0_.description as descript3_0_,
        project0_.finish_date as finish_d4_0_,
        project0_.name as name5_0_,
        project0_.project_leader_id as project_6_0_,
        project0_.start_date as start_da7_0_,
        project0_.status as status8_0_ 
    from
        project project0_
After all test execution
Hibernate: 
    select
        task0_.id as id1_1_,
        task0_.asigned_id as asigned_2_1_,
        task0_.creation_date as creation3_1_,
        task0_.description as descript4_1_,
        task0_.estimated_duration as estimate5_1_,
        task0_.finish_date as finish_d6_1_,
        task0_.name as name7_1_,
        task0_.priority as priority8_1_,
        task0_.project_id as project_9_1_,
        task0_.start_date as start_d10_1_,
        task0_.status as status11_1_ 
    from
        task task0_
After all test execution
2023-12-03 22:09:26.423  INFO 25172 --- [    Test worker] o.s.t.c.support.AbstractContextLoader    : Could not detect default resource locations for test class [com.aninfo.integration.cucumber.TaskIntegrationServiceTest]: no resource found for suffixes {-context.xml, Context.groovy}.
2023-12-03 22:09:26.425  INFO 25172 --- [    Test worker] .b.t.c.SpringBootTestContextBootstrapper : Loaded default TestExecutionListener class names from location [META-INF/spring.factories]: [org.springframework.boot.test.autoconfigure.restdocs.RestDocsTestExecutionListener, org.springframework.boot.test.autoconfigure.web.client.MockRestServiceServerResetTestExecutionListener, org.springframework.boot.test.autoconfigure.web.servlet.MockMvcPrintOnlyOnFailureTestExecutionListener, org.springframework.boot.test.autoconfigure.web.servlet.WebDriverTestExecutionListener, org.springframework.boot.test.mock.mockito.MockitoTestExecutionListener, org.springframework.boot.test.mock.mockito.ResetMocksTestExecutionListener, org.springframework.test.context.web.ServletTestExecutionListener, org.springframework.test.context.support.DirtiesContextBeforeModesTestExecutionListener, org.springframework.test.context.support.DependencyInjectionTestExecutionListener, org.springframework.test.context.support.DirtiesContextTestExecutionListener, org.springframework.test.context.transaction.TransactionalTestExecutionListener, org.springframework.test.context.jdbc.SqlScriptsTestExecutionListener, org.springframework.test.context.event.EventPublishingTestExecutionListener]
2023-12-03 22:09:26.426  INFO 25172 --- [    Test worker] .b.t.c.SpringBootTestContextBootstrapper : Using TestExecutionListeners: [org.springframework.test.context.web.ServletTestExecutionListener@6eaec23b, org.springframework.test.context.support.DirtiesContextBeforeModesTestExecutionListener@36800557, org.springframework.boot.test.mock.mockito.MockitoTestExecutionListener@2e58b2a8, org.springframework.boot.test.autoconfigure.SpringBootDependencyInjectionTestExecutionListener@29d449a6, org.springframework.test.context.support.DirtiesContextTestExecutionListener@31f3e9bd, org.springframework.test.context.transaction.TransactionalTestExecutionListener@7efe869, org.springframework.test.context.jdbc.SqlScriptsTestExecutionListener@6c49d7ce, org.springframework.test.context.event.EventPublishingTestExecutionListener@675b3a98, org.springframework.boot.test.autoconfigure.restdocs.RestDocsTestExecutionListener@49cb99cf, org.springframework.boot.test.autoconfigure.web.client.MockRestServiceServerResetTestExecutionListener@311f8c3f, org.springframework.boot.test.autoconfigure.web.servlet.MockMvcPrintOnlyOnFailureTestExecutionListener@13caca75, org.springframework.boot.test.autoconfigure.web.servlet.WebDriverTestExecutionListener@2d7bad6e, org.springframework.boot.test.mock.mockito.ResetMocksTestExecutionListener@38eb5cef]
Before any test execution
Before any test execution
Before any test execution
Before any test execution
Hibernate: 
    select
        project0_.id as id1_0_,
        project0_.creation_date as creation2_0_,
        project0_.description as descript3_0_,
        project0_.finish_date as finish_d4_0_,
        project0_.name as name5_0_,
        project0_.project_leader_id as project_6_0_,
        project0_.start_date as start_da7_0_,
        project0_.status as status8_0_ 
    from
        project project0_ 
    where
        project0_.name=?
Hibernate: 
    call next value for hibernate_sequence
Hibernate: 
    insert 
    into
        project
        (creation_date, description, finish_date, name, project_leader_id, start_date, status, id) 
    values
        (?, ?, ?, ?, ?, ?, ?, ?)
Hibernate: 
    select
        project0_.id as id1_0_,
        project0_.creation_date as creation2_0_,
        project0_.description as descript3_0_,
        project0_.finish_date as finish_d4_0_,
        project0_.name as name5_0_,
        project0_.project_leader_id as project_6_0_,
        project0_.start_date as start_da7_0_,
        project0_.status as status8_0_ 
    from
        project project0_ 
    where
        project0_.name=?
After all test execution
Hibernate: 
    select
        task0_.id as id1_1_,
        task0_.asigned_id as asigned_2_1_,
        task0_.creation_date as creation3_1_,
        task0_.description as descript4_1_,
        task0_.estimated_duration as estimate5_1_,
        task0_.finish_date as finish_d6_1_,
        task0_.name as name7_1_,
        task0_.priority as priority8_1_,
        task0_.project_id as project_9_1_,
        task0_.start_date as start_d10_1_,
        task0_.status as status11_1_ 
    from
        task task0_
Hibernate: 
    select
        task0_.id as id1_1_,
        task0_.asigned_id as asigned_2_1_,
        task0_.creation_date as creation3_1_,
        task0_.description as descript4_1_,
        task0_.estimated_duration as estimate5_1_,
        task0_.finish_date as finish_d6_1_,
        task0_.name as name7_1_,
        task0_.priority as priority8_1_,
        task0_.project_id as project_9_1_,
        task0_.start_date as start_d10_1_,
        task0_.status as status11_1_ 
    from
        task task0_
After all test execution
Hibernate: 
    select
        project0_.id as id1_0_,
        project0_.creation_date as creation2_0_,
        project0_.description as descript3_0_,
        project0_.finish_date as finish_d4_0_,
        project0_.name as name5_0_,
        project0_.project_leader_id as project_6_0_,
        project0_.start_date as start_da7_0_,
        project0_.status as status8_0_ 
    from
        project project0_
Hibernate: 
    delete 
    from
        project 
    where
        id=?
After all test execution
Resetting system
Hibernate: 
    select
        task0_.id as id1_1_,
        task0_.asigned_id as asigned_2_1_,
        task0_.creation_date as creation3_1_,
        task0_.description as descript4_1_,
        task0_.estimated_duration as estimate5_1_,
        task0_.finish_date as finish_d6_1_,
        task0_.name as name7_1_,
        task0_.priority as priority8_1_,
        task0_.project_id as project_9_1_,
        task0_.start_date as start_d10_1_,
        task0_.status as status11_1_ 
    from
        task task0_
Resetting system
Hibernate: 
    select
        project0_.id as id1_0_,
        project0_.creation_date as creation2_0_,
        project0_.description as descript3_0_,
        project0_.finish_date as finish_d4_0_,
        project0_.name as name5_0_,
        project0_.project_leader_id as project_6_0_,
        project0_.start_date as start_da7_0_,
        project0_.status as status8_0_ 
    from
        project project0_
Resetting system
Hibernate: 
    select
        project0_.id as id1_0_,
        project0_.creation_date as creation2_0_,
        project0_.description as descript3_0_,
        project0_.finish_date as finish_d4_0_,
        project0_.name as name5_0_,
        project0_.project_leader_id as project_6_0_,
        project0_.start_date as start_da7_0_,
        project0_.status as status8_0_ 
    from
        project project0_
Hibernate: 
    select
        project0_.id as id1_0_,
        project0_.creation_date as creation2_0_,
        project0_.description as descript3_0_,
        project0_.finish_date as finish_d4_0_,
        project0_.name as name5_0_,
        project0_.project_leader_id as project_6_0_,
        project0_.start_date as start_da7_0_,
        project0_.status as status8_0_ 
    from
        project project0_
After all test execution
Hibernate: 
    select
        task0_.id as id1_1_,
        task0_.asigned_id as asigned_2_1_,
        task0_.creation_date as creation3_1_,
        task0_.description as descript4_1_,
        task0_.estimated_duration as estimate5_1_,
        task0_.finish_date as finish_d6_1_,
        task0_.name as name7_1_,
        task0_.priority as priority8_1_,
        task0_.project_id as project_9_1_,
        task0_.start_date as start_d10_1_,
        task0_.status as status11_1_ 
    from
        task task0_
After all test execution
2023-12-03 22:09:26.472  INFO 25172 --- [    Test worker] o.s.t.c.support.AbstractContextLoader    : Could not detect default resource locations for test class [com.aninfo.integration.cucumber.TaskIntegrationServiceTest]: no resource found for suffixes {-context.xml, Context.groovy}.
2023-12-03 22:09:26.474  INFO 25172 --- [    Test worker] .b.t.c.SpringBootTestContextBootstrapper : Loaded default TestExecutionListener class names from location [META-INF/spring.factories]: [org.springframework.boot.test.autoconfigure.restdocs.RestDocsTestExecutionListener, org.springframework.boot.test.autoconfigure.web.client.MockRestServiceServerResetTestExecutionListener, org.springframework.boot.test.autoconfigure.web.servlet.MockMvcPrintOnlyOnFailureTestExecutionListener, org.springframework.boot.test.autoconfigure.web.servlet.WebDriverTestExecutionListener, org.springframework.boot.test.mock.mockito.MockitoTestExecutionListener, org.springframework.boot.test.mock.mockito.ResetMocksTestExecutionListener, org.springframework.test.context.web.ServletTestExecutionListener, org.springframework.test.context.support.DirtiesContextBeforeModesTestExecutionListener, org.springframework.test.context.support.DependencyInjectionTestExecutionListener, org.springframework.test.context.support.DirtiesContextTestExecutionListener, org.springframework.test.context.transaction.TransactionalTestExecutionListener, org.springframework.test.context.jdbc.SqlScriptsTestExecutionListener, org.springframework.test.context.event.EventPublishingTestExecutionListener]
2023-12-03 22:09:26.474  INFO 25172 --- [    Test worker] .b.t.c.SpringBootTestContextBootstrapper : Using TestExecutionListeners: [org.springframework.test.context.web.ServletTestExecutionListener@4d7db00, org.springframework.test.context.support.DirtiesContextBeforeModesTestExecutionListener@5c09c994, org.springframework.boot.test.mock.mockito.MockitoTestExecutionListener@22e6fb8a, org.springframework.boot.test.autoconfigure.SpringBootDependencyInjectionTestExecutionListener@3adc6315, org.springframework.test.context.support.DirtiesContextTestExecutionListener@69a095, org.springframework.test.context.transaction.TransactionalTestExecutionListener@123e8c65, org.springframework.test.context.jdbc.SqlScriptsTestExecutionListener@7911f03, org.springframework.test.context.event.EventPublishingTestExecutionListener@5e0c002f, org.springframework.boot.test.autoconfigure.restdocs.RestDocsTestExecutionListener@132c7e73, org.springframework.boot.test.autoconfigure.web.client.MockRestServiceServerResetTestExecutionListener@759795d7, org.springframework.boot.test.autoconfigure.web.servlet.MockMvcPrintOnlyOnFailureTestExecutionListener@7af1f561, org.springframework.boot.test.autoconfigure.web.servlet.WebDriverTestExecutionListener@44428f68, org.springframework.boot.test.mock.mockito.ResetMocksTestExecutionListener@346dae75]
Before any test execution
Before any test execution
Before any test execution
Before any test execution
Hibernate: 
    select
        project0_.id as id1_0_,
        project0_.creation_date as creation2_0_,
        project0_.description as descript3_0_,
        project0_.finish_date as finish_d4_0_,
        project0_.name as name5_0_,
        project0_.project_leader_id as project_6_0_,
        project0_.start_date as start_da7_0_,
        project0_.status as status8_0_ 
    from
        project project0_ 
    where
        project0_.name=?
Hibernate: 
    call next value for hibernate_sequence
Hibernate: 
    insert 
    into
        project
        (creation_date, description, finish_date, name, project_leader_id, start_date, status, id) 
    values
        (?, ?, ?, ?, ?, ?, ?, ?)
After all test execution
Hibernate: 
    select
        task0_.id as id1_1_,
        task0_.asigned_id as asigned_2_1_,
        task0_.creation_date as creation3_1_,
        task0_.description as descript4_1_,
        task0_.estimated_duration as estimate5_1_,
        task0_.finish_date as finish_d6_1_,
        task0_.name as name7_1_,
        task0_.priority as priority8_1_,
        task0_.project_id as project_9_1_,
        task0_.start_date as start_d10_1_,
        task0_.status as status11_1_ 
    from
        task task0_
Hibernate: 
    select
        task0_.id as id1_1_,
        task0_.asigned_id as asigned_2_1_,
        task0_.creation_date as creation3_1_,
        task0_.description as descript4_1_,
        task0_.estimated_duration as estimate5_1_,
        task0_.finish_date as finish_d6_1_,
        task0_.name as name7_1_,
        task0_.priority as priority8_1_,
        task0_.project_id as project_9_1_,
        task0_.start_date as start_d10_1_,
        task0_.status as status11_1_ 
    from
        task task0_
After all test execution
Hibernate: 
    select
        project0_.id as id1_0_,
        project0_.creation_date as creation2_0_,
        project0_.description as descript3_0_,
        project0_.finish_date as finish_d4_0_,
        project0_.name as name5_0_,
        project0_.project_leader_id as project_6_0_,
        project0_.start_date as start_da7_0_,
        project0_.status as status8_0_ 
    from
        project project0_
Hibernate: 
    delete 
    from
        project 
    where
        id=?
After all test execution
Resetting system
Hibernate: 
    select
        task0_.id as id1_1_,
        task0_.asigned_id as asigned_2_1_,
        task0_.creation_date as creation3_1_,
        task0_.description as descript4_1_,
        task0_.estimated_duration as estimate5_1_,
        task0_.finish_date as finish_d6_1_,
        task0_.name as name7_1_,
        task0_.priority as priority8_1_,
        task0_.project_id as project_9_1_,
        task0_.start_date as start_d10_1_,
        task0_.status as status11_1_ 
    from
        task task0_
Resetting system
Hibernate: 
    select
        project0_.id as id1_0_,
        project0_.creation_date as creation2_0_,
        project0_.description as descript3_0_,
        project0_.finish_date as finish_d4_0_,
        project0_.name as name5_0_,
        project0_.project_leader_id as project_6_0_,
        project0_.start_date as start_da7_0_,
        project0_.status as status8_0_ 
    from
        project project0_
Resetting system
Hibernate: 
    select
        project0_.id as id1_0_,
        project0_.creation_date as creation2_0_,
        project0_.description as descript3_0_,
        project0_.finish_date as finish_d4_0_,
        project0_.name as name5_0_,
        project0_.project_leader_id as project_6_0_,
        project0_.start_date as start_da7_0_,
        project0_.status as status8_0_ 
    from
        project project0_
Hibernate: 
    select
        project0_.id as id1_0_,
        project0_.creation_date as creation2_0_,
        project0_.description as descript3_0_,
        project0_.finish_date as finish_d4_0_,
        project0_.name as name5_0_,
        project0_.project_leader_id as project_6_0_,
        project0_.start_date as start_da7_0_,
        project0_.status as status8_0_ 
    from
        project project0_
After all test execution
Hibernate: 
    select
        task0_.id as id1_1_,
        task0_.asigned_id as asigned_2_1_,
        task0_.creation_date as creation3_1_,
        task0_.description as descript4_1_,
        task0_.estimated_duration as estimate5_1_,
        task0_.finish_date as finish_d6_1_,
        task0_.name as name7_1_,
        task0_.priority as priority8_1_,
        task0_.project_id as project_9_1_,
        task0_.start_date as start_d10_1_,
        task0_.status as status11_1_ 
    from
        task task0_
After all test execution
2023-12-03 22:09:26.518  INFO 25172 --- [    Test worker] o.s.t.c.support.AbstractContextLoader    : Could not detect default resource locations for test class [com.aninfo.integration.cucumber.TaskIntegrationServiceTest]: no resource found for suffixes {-context.xml, Context.groovy}.
2023-12-03 22:09:26.520  INFO 25172 --- [    Test worker] .b.t.c.SpringBootTestContextBootstrapper : Loaded default TestExecutionListener class names from location [META-INF/spring.factories]: [org.springframework.boot.test.autoconfigure.restdocs.RestDocsTestExecutionListener, org.springframework.boot.test.autoconfigure.web.client.MockRestServiceServerResetTestExecutionListener, org.springframework.boot.test.autoconfigure.web.servlet.MockMvcPrintOnlyOnFailureTestExecutionListener, org.springframework.boot.test.autoconfigure.web.servlet.WebDriverTestExecutionListener, org.springframework.boot.test.mock.mockito.MockitoTestExecutionListener, org.springframework.boot.test.mock.mockito.ResetMocksTestExecutionListener, org.springframework.test.context.web.ServletTestExecutionListener, org.springframework.test.context.support.DirtiesContextBeforeModesTestExecutionListener, org.springframework.test.context.support.DependencyInjectionTestExecutionListener, org.springframework.test.context.support.DirtiesContextTestExecutionListener, org.springframework.test.context.transaction.TransactionalTestExecutionListener, org.springframework.test.context.jdbc.SqlScriptsTestExecutionListener, org.springframework.test.context.event.EventPublishingTestExecutionListener]
2023-12-03 22:09:26.521  INFO 25172 --- [    Test worker] .b.t.c.SpringBootTestContextBootstrapper : Using TestExecutionListeners: [org.springframework.test.context.web.ServletTestExecutionListener@57ff1e11, org.springframework.test.context.support.DirtiesContextBeforeModesTestExecutionListener@7a05ea2, org.springframework.boot.test.mock.mockito.MockitoTestExecutionListener@686dc8cd, org.springframework.boot.test.autoconfigure.SpringBootDependencyInjectionTestExecutionListener@4578c6d2, org.springframework.test.context.support.DirtiesContextTestExecutionListener@6a5847fa, org.springframework.test.context.transaction.TransactionalTestExecutionListener@6f08415d, org.springframework.test.context.jdbc.SqlScriptsTestExecutionListener@6925d7d1, org.springframework.test.context.event.EventPublishingTestExecutionListener@6a68d271, org.springframework.boot.test.autoconfigure.restdocs.RestDocsTestExecutionListener@42273f51, org.springframework.boot.test.autoconfigure.web.client.MockRestServiceServerResetTestExecutionListener@6f888ce1, org.springframework.boot.test.autoconfigure.web.servlet.MockMvcPrintOnlyOnFailureTestExecutionListener@28d4459e, org.springframework.boot.test.autoconfigure.web.servlet.WebDriverTestExecutionListener@483f1af, org.springframework.boot.test.mock.mockito.ResetMocksTestExecutionListener@7fa59bd9]
Before any test execution
Before any test execution
Before any test execution
Before any test execution
Hibernate: 
    select
        project0_.id as id1_0_,
        project0_.creation_date as creation2_0_,
        project0_.description as descript3_0_,
        project0_.finish_date as finish_d4_0_,
        project0_.name as name5_0_,
        project0_.project_leader_id as project_6_0_,
        project0_.start_date as start_da7_0_,
        project0_.status as status8_0_ 
    from
        project project0_ 
    where
        project0_.name=?
Hibernate: 
    call next value for hibernate_sequence
Hibernate: 
    insert 
    into
        project
        (creation_date, description, finish_date, name, project_leader_id, start_date, status, id) 
    values
        (?, ?, ?, ?, ?, ?, ?, ?)
Hibernate: 
    select
        project0_.id as id1_0_,
        project0_.creation_date as creation2_0_,
        project0_.description as descript3_0_,
        project0_.finish_date as finish_d4_0_,
        project0_.name as name5_0_,
        project0_.project_leader_id as project_6_0_,
        project0_.start_date as start_da7_0_,
        project0_.status as status8_0_ 
    from
        project project0_ 
    where
        project0_.name=?
After all test execution
Hibernate: 
    select
        task0_.id as id1_1_,
        task0_.asigned_id as asigned_2_1_,
        task0_.creation_date as creation3_1_,
        task0_.description as descript4_1_,
        task0_.estimated_duration as estimate5_1_,
        task0_.finish_date as finish_d6_1_,
        task0_.name as name7_1_,
        task0_.priority as priority8_1_,
        task0_.project_id as project_9_1_,
        task0_.start_date as start_d10_1_,
        task0_.status as status11_1_ 
    from
        task task0_
Hibernate: 
    select
        task0_.id as id1_1_,
        task0_.asigned_id as asigned_2_1_,
        task0_.creation_date as creation3_1_,
        task0_.description as descript4_1_,
        task0_.estimated_duration as estimate5_1_,
        task0_.finish_date as finish_d6_1_,
        task0_.name as name7_1_,
        task0_.priority as priority8_1_,
        task0_.project_id as project_9_1_,
        task0_.start_date as start_d10_1_,
        task0_.status as status11_1_ 
    from
        task task0_
After all test execution
Hibernate: 
    select
        project0_.id as id1_0_,
        project0_.creation_date as creation2_0_,
        project0_.description as descript3_0_,
        project0_.finish_date as finish_d4_0_,
        project0_.name as name5_0_,
        project0_.project_leader_id as project_6_0_,
        project0_.start_date as start_da7_0_,
        project0_.status as status8_0_ 
    from
        project project0_
Hibernate: 
    delete 
    from
        project 
    where
        id=?
After all test execution
Resetting system
Hibernate: 
    select
        task0_.id as id1_1_,
        task0_.asigned_id as asigned_2_1_,
        task0_.creation_date as creation3_1_,
        task0_.description as descript4_1_,
        task0_.estimated_duration as estimate5_1_,
        task0_.finish_date as finish_d6_1_,
        task0_.name as name7_1_,
        task0_.priority as priority8_1_,
        task0_.project_id as project_9_1_,
        task0_.start_date as start_d10_1_,
        task0_.status as status11_1_ 
    from
        task task0_
Resetting system
Hibernate: 
    select
        project0_.id as id1_0_,
        project0_.creation_date as creation2_0_,
        project0_.description as descript3_0_,
        project0_.finish_date as finish_d4_0_,
        project0_.name as name5_0_,
        project0_.project_leader_id as project_6_0_,
        project0_.start_date as start_da7_0_,
        project0_.status as status8_0_ 
    from
        project project0_
Resetting system
Hibernate: 
    select
        project0_.id as id1_0_,
        project0_.creation_date as creation2_0_,
        project0_.description as descript3_0_,
        project0_.finish_date as finish_d4_0_,
        project0_.name as name5_0_,
        project0_.project_leader_id as project_6_0_,
        project0_.start_date as start_da7_0_,
        project0_.status as status8_0_ 
    from
        project project0_
Hibernate: 
    select
        project0_.id as id1_0_,
        project0_.creation_date as creation2_0_,
        project0_.description as descript3_0_,
        project0_.finish_date as finish_d4_0_,
        project0_.name as name5_0_,
        project0_.project_leader_id as project_6_0_,
        project0_.start_date as start_da7_0_,
        project0_.status as status8_0_ 
    from
        project project0_
After all test execution
Hibernate: 
    select
        task0_.id as id1_1_,
        task0_.asigned_id as asigned_2_1_,
        task0_.creation_date as creation3_1_,
        task0_.description as descript4_1_,
        task0_.estimated_duration as estimate5_1_,
        task0_.finish_date as finish_d6_1_,
        task0_.name as name7_1_,
        task0_.priority as priority8_1_,
        task0_.project_id as project_9_1_,
        task0_.start_date as start_d10_1_,
        task0_.status as status11_1_ 
    from
        task task0_
After all test execution
2023-12-03 22:09:26.566  INFO 25172 --- [    Test worker] o.s.t.c.support.AbstractContextLoader    : Could not detect default resource locations for test class [com.aninfo.integration.cucumber.TaskIntegrationServiceTest]: no resource found for suffixes {-context.xml, Context.groovy}.
2023-12-03 22:09:26.571  INFO 25172 --- [    Test worker] .b.t.c.SpringBootTestContextBootstrapper : Loaded default TestExecutionListener class names from location [META-INF/spring.factories]: [org.springframework.boot.test.autoconfigure.restdocs.RestDocsTestExecutionListener, org.springframework.boot.test.autoconfigure.web.client.MockRestServiceServerResetTestExecutionListener, org.springframework.boot.test.autoconfigure.web.servlet.MockMvcPrintOnlyOnFailureTestExecutionListener, org.springframework.boot.test.autoconfigure.web.servlet.WebDriverTestExecutionListener, org.springframework.boot.test.mock.mockito.MockitoTestExecutionListener, org.springframework.boot.test.mock.mockito.ResetMocksTestExecutionListener, org.springframework.test.context.web.ServletTestExecutionListener, org.springframework.test.context.support.DirtiesContextBeforeModesTestExecutionListener, org.springframework.test.context.support.DependencyInjectionTestExecutionListener, org.springframework.test.context.support.DirtiesContextTestExecutionListener, org.springframework.test.context.transaction.TransactionalTestExecutionListener, org.springframework.test.context.jdbc.SqlScriptsTestExecutionListener, org.springframework.test.context.event.EventPublishingTestExecutionListener]
2023-12-03 22:09:26.571  INFO 25172 --- [    Test worker] .b.t.c.SpringBootTestContextBootstrapper : Using TestExecutionListeners: [org.springframework.test.context.web.ServletTestExecutionListener@55302c9e, org.springframework.test.context.support.DirtiesContextBeforeModesTestExecutionListener@73bbf6b9, org.springframework.boot.test.mock.mockito.MockitoTestExecutionListener@2a0d0b84, org.springframework.boot.test.autoconfigure.SpringBootDependencyInjectionTestExecutionListener@38b78661, org.springframework.test.context.support.DirtiesContextTestExecutionListener@6cb70935, org.springframework.test.context.transaction.TransactionalTestExecutionListener@40953424, org.springframework.test.context.jdbc.SqlScriptsTestExecutionListener@2064699, org.springframework.test.context.event.EventPublishingTestExecutionListener@6065c36, org.springframework.boot.test.autoconfigure.restdocs.RestDocsTestExecutionListener@522c0362, org.springframework.boot.test.autoconfigure.web.client.MockRestServiceServerResetTestExecutionListener@3bf13917, org.springframework.boot.test.autoconfigure.web.servlet.MockMvcPrintOnlyOnFailureTestExecutionListener@b73827e, org.springframework.boot.test.autoconfigure.web.servlet.WebDriverTestExecutionListener@3fa098ca, org.springframework.boot.test.mock.mockito.ResetMocksTestExecutionListener@d25ab4f]
Before any test execution
Before any test execution
Before any test execution
Before any test execution
Hibernate: 
    select
        project0_.id as id1_0_,
        project0_.creation_date as creation2_0_,
        project0_.description as descript3_0_,
        project0_.finish_date as finish_d4_0_,
        project0_.name as name5_0_,
        project0_.project_leader_id as project_6_0_,
        project0_.start_date as start_da7_0_,
        project0_.status as status8_0_ 
    from
        project project0_ 
    where
        project0_.name=?
Hibernate: 
    call next value for hibernate_sequence
Hibernate: 
    insert 
    into
        project
        (creation_date, description, finish_date, name, project_leader_id, start_date, status, id) 
    values
        (?, ?, ?, ?, ?, ?, ?, ?)
Hibernate: 
    select
        project0_.id as id1_0_,
        project0_.creation_date as creation2_0_,
        project0_.description as descript3_0_,
        project0_.finish_date as finish_d4_0_,
        project0_.name as name5_0_,
        project0_.project_leader_id as project_6_0_,
        project0_.start_date as start_da7_0_,
        project0_.status as status8_0_ 
    from
        project project0_ 
    where
        project0_.name=?
Hibernate: 
    call next value for hibernate_sequence
Hibernate: 
    insert 
    into
        project
        (creation_date, description, finish_date, name, project_leader_id, start_date, status, id) 
    values
        (?, ?, ?, ?, ?, ?, ?, ?)
After all test execution
Hibernate: 
    select
        task0_.id as id1_1_,
        task0_.asigned_id as asigned_2_1_,
        task0_.creation_date as creation3_1_,
        task0_.description as descript4_1_,
        task0_.estimated_duration as estimate5_1_,
        task0_.finish_date as finish_d6_1_,
        task0_.name as name7_1_,
        task0_.priority as priority8_1_,
        task0_.project_id as project_9_1_,
        task0_.start_date as start_d10_1_,
        task0_.status as status11_1_ 
    from
        task task0_
Hibernate: 
    select
        task0_.id as id1_1_,
        task0_.asigned_id as asigned_2_1_,
        task0_.creation_date as creation3_1_,
        task0_.description as descript4_1_,
        task0_.estimated_duration as estimate5_1_,
        task0_.finish_date as finish_d6_1_,
        task0_.name as name7_1_,
        task0_.priority as priority8_1_,
        task0_.project_id as project_9_1_,
        task0_.start_date as start_d10_1_,
        task0_.status as status11_1_ 
    from
        task task0_
After all test execution
Hibernate: 
    select
        project0_.id as id1_0_,
        project0_.creation_date as creation2_0_,
        project0_.description as descript3_0_,
        project0_.finish_date as finish_d4_0_,
        project0_.name as name5_0_,
        project0_.project_leader_id as project_6_0_,
        project0_.start_date as start_da7_0_,
        project0_.status as status8_0_ 
    from
        project project0_
Hibernate: 
    delete 
    from
        project 
    where
        id=?
Hibernate: 
    delete 
    from
        project 
    where
        id=?
After all test execution
Resetting system
Hibernate: 
    select
        task0_.id as id1_1_,
        task0_.asigned_id as asigned_2_1_,
        task0_.creation_date as creation3_1_,
        task0_.description as descript4_1_,
        task0_.estimated_duration as estimate5_1_,
        task0_.finish_date as finish_d6_1_,
        task0_.name as name7_1_,
        task0_.priority as priority8_1_,
        task0_.project_id as project_9_1_,
        task0_.start_date as start_d10_1_,
        task0_.status as status11_1_ 
    from
        task task0_
Resetting system
Hibernate: 
    select
        project0_.id as id1_0_,
        project0_.creation_date as creation2_0_,
        project0_.description as descript3_0_,
        project0_.finish_date as finish_d4_0_,
        project0_.name as name5_0_,
        project0_.project_leader_id as project_6_0_,
        project0_.start_date as start_da7_0_,
        project0_.status as status8_0_ 
    from
        project project0_
Resetting system
Hibernate: 
    select
        project0_.id as id1_0_,
        project0_.creation_date as creation2_0_,
        project0_.description as descript3_0_,
        project0_.finish_date as finish_d4_0_,
        project0_.name as name5_0_,
        project0_.project_leader_id as project_6_0_,
        project0_.start_date as start_da7_0_,
        project0_.status as status8_0_ 
    from
        project project0_
Hibernate: 
    select
        project0_.id as id1_0_,
        project0_.creation_date as creation2_0_,
        project0_.description as descript3_0_,
        project0_.finish_date as finish_d4_0_,
        project0_.name as name5_0_,
        project0_.project_leader_id as project_6_0_,
        project0_.start_date as start_da7_0_,
        project0_.status as status8_0_ 
    from
        project project0_
After all test execution
Hibernate: 
    select
        task0_.id as id1_1_,
        task0_.asigned_id as asigned_2_1_,
        task0_.creation_date as creation3_1_,
        task0_.description as descript4_1_,
        task0_.estimated_duration as estimate5_1_,
        task0_.finish_date as finish_d6_1_,
        task0_.name as name7_1_,
        task0_.priority as priority8_1_,
        task0_.project_id as project_9_1_,
        task0_.start_date as start_d10_1_,
        task0_.status as status11_1_ 
    from
        task task0_
After all test execution
2023-12-03 22:09:26.622  INFO 25172 --- [    Test worker] o.s.t.c.support.AbstractContextLoader    : Could not detect default resource locations for test class [com.aninfo.integration.cucumber.TaskIntegrationServiceTest]: no resource found for suffixes {-context.xml, Context.groovy}.
2023-12-03 22:09:26.624  INFO 25172 --- [    Test worker] .b.t.c.SpringBootTestContextBootstrapper : Loaded default TestExecutionListener class names from location [META-INF/spring.factories]: [org.springframework.boot.test.autoconfigure.restdocs.RestDocsTestExecutionListener, org.springframework.boot.test.autoconfigure.web.client.MockRestServiceServerResetTestExecutionListener, org.springframework.boot.test.autoconfigure.web.servlet.MockMvcPrintOnlyOnFailureTestExecutionListener, org.springframework.boot.test.autoconfigure.web.servlet.WebDriverTestExecutionListener, org.springframework.boot.test.mock.mockito.MockitoTestExecutionListener, org.springframework.boot.test.mock.mockito.ResetMocksTestExecutionListener, org.springframework.test.context.web.ServletTestExecutionListener, org.springframework.test.context.support.DirtiesContextBeforeModesTestExecutionListener, org.springframework.test.context.support.DependencyInjectionTestExecutionListener, org.springframework.test.context.support.DirtiesContextTestExecutionListener, org.springframework.test.context.transaction.TransactionalTestExecutionListener, org.springframework.test.context.jdbc.SqlScriptsTestExecutionListener, org.springframework.test.context.event.EventPublishingTestExecutionListener]
2023-12-03 22:09:26.625  INFO 25172 --- [    Test worker] .b.t.c.SpringBootTestContextBootstrapper : Using TestExecutionListeners: [org.springframework.test.context.web.ServletTestExecutionListener@372c9015, org.springframework.test.context.support.DirtiesContextBeforeModesTestExecutionListener@f06d659, org.springframework.boot.test.mock.mockito.MockitoTestExecutionListener@339d7823, org.springframework.boot.test.autoconfigure.SpringBootDependencyInjectionTestExecutionListener@37d12cc4, org.springframework.test.context.support.DirtiesContextTestExecutionListener@642ebe13, org.springframework.test.context.transaction.TransactionalTestExecutionListener@5da318d1, org.springframework.test.context.jdbc.SqlScriptsTestExecutionListener@5a72f26, org.springframework.test.context.event.EventPublishingTestExecutionListener@3bae945a, org.springframework.boot.test.autoconfigure.restdocs.RestDocsTestExecutionListener@2a617b1a, org.springframework.boot.test.autoconfigure.web.client.MockRestServiceServerResetTestExecutionListener@6f419b17, org.springframework.boot.test.autoconfigure.web.servlet.MockMvcPrintOnlyOnFailureTestExecutionListener@53a347c6, org.springframework.boot.test.autoconfigure.web.servlet.WebDriverTestExecutionListener@1c6015ac, org.springframework.boot.test.mock.mockito.ResetMocksTestExecutionListener@3d780491]
Before any test execution
Before any test execution
Before any test execution
Before any test execution
Hibernate: 
    select
        project0_.id as id1_0_,
        project0_.creation_date as creation2_0_,
        project0_.description as descript3_0_,
        project0_.finish_date as finish_d4_0_,
        project0_.name as name5_0_,
        project0_.project_leader_id as project_6_0_,
        project0_.start_date as start_da7_0_,
        project0_.status as status8_0_ 
    from
        project project0_ 
    where
        project0_.name=?
Hibernate: 
    call next value for hibernate_sequence
Hibernate: 
    insert 
    into
        project
        (creation_date, description, finish_date, name, project_leader_id, start_date, status, id) 
    values
        (?, ?, ?, ?, ?, ?, ?, ?)
Hibernate: 
    select
        project0_.id as id1_0_,
        project0_.creation_date as creation2_0_,
        project0_.description as descript3_0_,
        project0_.finish_date as finish_d4_0_,
        project0_.name as name5_0_,
        project0_.project_leader_id as project_6_0_,
        project0_.start_date as start_da7_0_,
        project0_.status as status8_0_ 
    from
        project project0_ 
    where
        project0_.name=?
Hibernate: 
    select
        project0_.id as id1_0_0_,
        project0_.creation_date as creation2_0_0_,
        project0_.description as descript3_0_0_,
        project0_.finish_date as finish_d4_0_0_,
        project0_.name as name5_0_0_,
        project0_.project_leader_id as project_6_0_0_,
        project0_.start_date as start_da7_0_0_,
        project0_.status as status8_0_0_ 
    from
        project project0_ 
    where
        project0_.id=?
Hibernate: 
    delete 
    from
        project 
    where
        id=?
Hibernate: 
    select
        project0_.id as id1_0_,
        project0_.creation_date as creation2_0_,
        project0_.description as descript3_0_,
        project0_.finish_date as finish_d4_0_,
        project0_.name as name5_0_,
        project0_.project_leader_id as project_6_0_,
        project0_.start_date as start_da7_0_,
        project0_.status as status8_0_ 
    from
        project project0_ 
    where
        project0_.name=?
After all test execution
Hibernate: 
    select
        task0_.id as id1_1_,
        task0_.asigned_id as asigned_2_1_,
        task0_.creation_date as creation3_1_,
        task0_.description as descript4_1_,
        task0_.estimated_duration as estimate5_1_,
        task0_.finish_date as finish_d6_1_,
        task0_.name as name7_1_,
        task0_.priority as priority8_1_,
        task0_.project_id as project_9_1_,
        task0_.start_date as start_d10_1_,
        task0_.status as status11_1_ 
    from
        task task0_
Hibernate: 
    select
        task0_.id as id1_1_,
        task0_.asigned_id as asigned_2_1_,
        task0_.creation_date as creation3_1_,
        task0_.description as descript4_1_,
        task0_.estimated_duration as estimate5_1_,
        task0_.finish_date as finish_d6_1_,
        task0_.name as name7_1_,
        task0_.priority as priority8_1_,
        task0_.project_id as project_9_1_,
        task0_.start_date as start_d10_1_,
        task0_.status as status11_1_ 
    from
        task task0_
After all test execution
Hibernate: 
    select
        project0_.id as id1_0_,
        project0_.creation_date as creation2_0_,
        project0_.description as descript3_0_,
        project0_.finish_date as finish_d4_0_,
        project0_.name as name5_0_,
        project0_.project_leader_id as project_6_0_,
        project0_.start_date as start_da7_0_,
        project0_.status as status8_0_ 
    from
        project project0_
After all test execution
Resetting system
Hibernate: 
    select
        task0_.id as id1_1_,
        task0_.asigned_id as asigned_2_1_,
        task0_.creation_date as creation3_1_,
        task0_.description as descript4_1_,
        task0_.estimated_duration as estimate5_1_,
        task0_.finish_date as finish_d6_1_,
        task0_.name as name7_1_,
        task0_.priority as priority8_1_,
        task0_.project_id as project_9_1_,
        task0_.start_date as start_d10_1_,
        task0_.status as status11_1_ 
    from
        task task0_
Resetting system
Hibernate: 
    select
        project0_.id as id1_0_,
        project0_.creation_date as creation2_0_,
        project0_.description as descript3_0_,
        project0_.finish_date as finish_d4_0_,
        project0_.name as name5_0_,
        project0_.project_leader_id as project_6_0_,
        project0_.start_date as start_da7_0_,
        project0_.status as status8_0_ 
    from
        project project0_
Resetting system
Hibernate: 
    select
        project0_.id as id1_0_,
        project0_.creation_date as creation2_0_,
        project0_.description as descript3_0_,
        project0_.finish_date as finish_d4_0_,
        project0_.name as name5_0_,
        project0_.project_leader_id as project_6_0_,
        project0_.start_date as start_da7_0_,
        project0_.status as status8_0_ 
    from
        project project0_
Hibernate: 
    select
        project0_.id as id1_0_,
        project0_.creation_date as creation2_0_,
        project0_.description as descript3_0_,
        project0_.finish_date as finish_d4_0_,
        project0_.name as name5_0_,
        project0_.project_leader_id as project_6_0_,
        project0_.start_date as start_da7_0_,
        project0_.status as status8_0_ 
    from
        project project0_
After all test execution
Hibernate: 
    select
        task0_.id as id1_1_,
        task0_.asigned_id as asigned_2_1_,
        task0_.creation_date as creation3_1_,
        task0_.description as descript4_1_,
        task0_.estimated_duration as estimate5_1_,
        task0_.finish_date as finish_d6_1_,
        task0_.name as name7_1_,
        task0_.priority as priority8_1_,
        task0_.project_id as project_9_1_,
        task0_.start_date as start_d10_1_,
        task0_.status as status11_1_ 
    from
        task task0_
After all test execution
2023-12-03 22:09:26.673  INFO 25172 --- [    Test worker] o.s.t.c.support.AbstractContextLoader    : Could not detect default resource locations for test class [com.aninfo.integration.cucumber.TaskIntegrationServiceTest]: no resource found for suffixes {-context.xml, Context.groovy}.
2023-12-03 22:09:26.674  INFO 25172 --- [    Test worker] .b.t.c.SpringBootTestContextBootstrapper : Loaded default TestExecutionListener class names from location [META-INF/spring.factories]: [org.springframework.boot.test.autoconfigure.restdocs.RestDocsTestExecutionListener, org.springframework.boot.test.autoconfigure.web.client.MockRestServiceServerResetTestExecutionListener, org.springframework.boot.test.autoconfigure.web.servlet.MockMvcPrintOnlyOnFailureTestExecutionListener, org.springframework.boot.test.autoconfigure.web.servlet.WebDriverTestExecutionListener, org.springframework.boot.test.mock.mockito.MockitoTestExecutionListener, org.springframework.boot.test.mock.mockito.ResetMocksTestExecutionListener, org.springframework.test.context.web.ServletTestExecutionListener, org.springframework.test.context.support.DirtiesContextBeforeModesTestExecutionListener, org.springframework.test.context.support.DependencyInjectionTestExecutionListener, org.springframework.test.context.support.DirtiesContextTestExecutionListener, org.springframework.test.context.transaction.TransactionalTestExecutionListener, org.springframework.test.context.jdbc.SqlScriptsTestExecutionListener, org.springframework.test.context.event.EventPublishingTestExecutionListener]
2023-12-03 22:09:26.675  INFO 25172 --- [    Test worker] .b.t.c.SpringBootTestContextBootstrapper : Using TestExecutionListeners: [org.springframework.test.context.web.ServletTestExecutionListener@73a19f02, org.springframework.test.context.support.DirtiesContextBeforeModesTestExecutionListener@7c8b70c8, org.springframework.boot.test.mock.mockito.MockitoTestExecutionListener@72b96e88, org.springframework.boot.test.autoconfigure.SpringBootDependencyInjectionTestExecutionListener@5532b15, org.springframework.test.context.support.DirtiesContextTestExecutionListener@7a75fd32, org.springframework.test.context.transaction.TransactionalTestExecutionListener@5ddfcf84, org.springframework.test.context.jdbc.SqlScriptsTestExecutionListener@64ab3799, org.springframework.test.context.event.EventPublishingTestExecutionListener@783cb39a, org.springframework.boot.test.autoconfigure.restdocs.RestDocsTestExecutionListener@2d755dc2, org.springframework.boot.test.autoconfigure.web.client.MockRestServiceServerResetTestExecutionListener@ef51407, org.springframework.boot.test.autoconfigure.web.servlet.MockMvcPrintOnlyOnFailureTestExecutionListener@33dffdbf, org.springframework.boot.test.autoconfigure.web.servlet.WebDriverTestExecutionListener@2e62383d, org.springframework.boot.test.mock.mockito.ResetMocksTestExecutionListener@297eeb7e]
Before any test execution
Before any test execution
Before any test execution
Before any test execution
Hibernate: 
    select
        project0_.id as id1_0_,
        project0_.creation_date as creation2_0_,
        project0_.description as descript3_0_,
        project0_.finish_date as finish_d4_0_,
        project0_.name as name5_0_,
        project0_.project_leader_id as project_6_0_,
        project0_.start_date as start_da7_0_,
        project0_.status as status8_0_ 
    from
        project project0_ 
    where
        project0_.name=?
Hibernate: 
    call next value for hibernate_sequence
Hibernate: 
    insert 
    into
        project
        (creation_date, description, finish_date, name, project_leader_id, start_date, status, id) 
    values
        (?, ?, ?, ?, ?, ?, ?, ?)
Hibernate: 
    select
        project0_.id as id1_0_,
        project0_.creation_date as creation2_0_,
        project0_.description as descript3_0_,
        project0_.finish_date as finish_d4_0_,
        project0_.name as name5_0_,
        project0_.project_leader_id as project_6_0_,
        project0_.start_date as start_da7_0_,
        project0_.status as status8_0_ 
    from
        project project0_ 
    where
        project0_.name=?
Hibernate: 
    call next value for hibernate_sequence
Hibernate: 
    insert 
    into
        project
        (creation_date, description, finish_date, name, project_leader_id, start_date, status, id) 
    values
        (?, ?, ?, ?, ?, ?, ?, ?)
Hibernate: 
    select
        project0_.id as id1_0_,
        project0_.creation_date as creation2_0_,
        project0_.description as descript3_0_,
        project0_.finish_date as finish_d4_0_,
        project0_.name as name5_0_,
        project0_.project_leader_id as project_6_0_,
        project0_.start_date as start_da7_0_,
        project0_.status as status8_0_ 
    from
        project project0_ 
    where
        project0_.name=?
Hibernate: 
    select
        project0_.id as id1_0_0_,
        project0_.creation_date as creation2_0_0_,
        project0_.description as descript3_0_0_,
        project0_.finish_date as finish_d4_0_0_,
        project0_.name as name5_0_0_,
        project0_.project_leader_id as project_6_0_0_,
        project0_.start_date as start_da7_0_0_,
        project0_.status as status8_0_0_ 
    from
        project project0_ 
    where
        project0_.id=?
Hibernate: 
    delete 
    from
        project 
    where
        id=?
Hibernate: 
    select
        project0_.id as id1_0_,
        project0_.creation_date as creation2_0_,
        project0_.description as descript3_0_,
        project0_.finish_date as finish_d4_0_,
        project0_.name as name5_0_,
        project0_.project_leader_id as project_6_0_,
        project0_.start_date as start_da7_0_,
        project0_.status as status8_0_ 
    from
        project project0_ 
    where
        project0_.name=?
Hibernate: 
    select
        project0_.id as id1_0_,
        project0_.creation_date as creation2_0_,
        project0_.description as descript3_0_,
        project0_.finish_date as finish_d4_0_,
        project0_.name as name5_0_,
        project0_.project_leader_id as project_6_0_,
        project0_.start_date as start_da7_0_,
        project0_.status as status8_0_ 
    from
        project project0_ 
    where
        project0_.name=?
After all test execution
Hibernate: 
    select
        task0_.id as id1_1_,
        task0_.asigned_id as asigned_2_1_,
        task0_.creation_date as creation3_1_,
        task0_.description as descript4_1_,
        task0_.estimated_duration as estimate5_1_,
        task0_.finish_date as finish_d6_1_,
        task0_.name as name7_1_,
        task0_.priority as priority8_1_,
        task0_.project_id as project_9_1_,
        task0_.start_date as start_d10_1_,
        task0_.status as status11_1_ 
    from
        task task0_
Hibernate: 
    select
        task0_.id as id1_1_,
        task0_.asigned_id as asigned_2_1_,
        task0_.creation_date as creation3_1_,
        task0_.description as descript4_1_,
        task0_.estimated_duration as estimate5_1_,
        task0_.finish_date as finish_d6_1_,
        task0_.name as name7_1_,
        task0_.priority as priority8_1_,
        task0_.project_id as project_9_1_,
        task0_.start_date as start_d10_1_,
        task0_.status as status11_1_ 
    from
        task task0_
After all test execution
Hibernate: 
    select
        project0_.id as id1_0_,
        project0_.creation_date as creation2_0_,
        project0_.description as descript3_0_,
        project0_.finish_date as finish_d4_0_,
        project0_.name as name5_0_,
        project0_.project_leader_id as project_6_0_,
        project0_.start_date as start_da7_0_,
        project0_.status as status8_0_ 
    from
        project project0_
Hibernate: 
    delete 
    from
        project 
    where
        id=?
After all test execution
Resetting system
Hibernate: 
    select
        task0_.id as id1_1_,
        task0_.asigned_id as asigned_2_1_,
        task0_.creation_date as creation3_1_,
        task0_.description as descript4_1_,
        task0_.estimated_duration as estimate5_1_,
        task0_.finish_date as finish_d6_1_,
        task0_.name as name7_1_,
        task0_.priority as priority8_1_,
        task0_.project_id as project_9_1_,
        task0_.start_date as start_d10_1_,
        task0_.status as status11_1_ 
    from
        task task0_
Resetting system
Hibernate: 
    select
        project0_.id as id1_0_,
        project0_.creation_date as creation2_0_,
        project0_.description as descript3_0_,
        project0_.finish_date as finish_d4_0_,
        project0_.name as name5_0_,
        project0_.project_leader_id as project_6_0_,
        project0_.start_date as start_da7_0_,
        project0_.status as status8_0_ 
    from
        project project0_
Resetting system
Hibernate: 
    select
        project0_.id as id1_0_,
        project0_.creation_date as creation2_0_,
        project0_.description as descript3_0_,
        project0_.finish_date as finish_d4_0_,
        project0_.name as name5_0_,
        project0_.project_leader_id as project_6_0_,
        project0_.start_date as start_da7_0_,
        project0_.status as status8_0_ 
    from
        project project0_
Hibernate: 
    select
        project0_.id as id1_0_,
        project0_.creation_date as creation2_0_,
        project0_.description as descript3_0_,
        project0_.finish_date as finish_d4_0_,
        project0_.name as name5_0_,
        project0_.project_leader_id as project_6_0_,
        project0_.start_date as start_da7_0_,
        project0_.status as status8_0_ 
    from
        project project0_
After all test execution
Hibernate: 
    select
        task0_.id as id1_1_,
        task0_.asigned_id as asigned_2_1_,
        task0_.creation_date as creation3_1_,
        task0_.description as descript4_1_,
        task0_.estimated_duration as estimate5_1_,
        task0_.finish_date as finish_d6_1_,
        task0_.name as name7_1_,
        task0_.priority as priority8_1_,
        task0_.project_id as project_9_1_,
        task0_.start_date as start_d10_1_,
        task0_.status as status11_1_ 
    from
        task task0_
After all test execution
2023-12-03 22:09:26.723  INFO 25172 --- [    Test worker] o.s.t.c.support.AbstractContextLoader    : Could not detect default resource locations for test class [com.aninfo.integration.cucumber.TaskIntegrationServiceTest]: no resource found for suffixes {-context.xml, Context.groovy}.
2023-12-03 22:09:26.724  INFO 25172 --- [    Test worker] .b.t.c.SpringBootTestContextBootstrapper : Loaded default TestExecutionListener class names from location [META-INF/spring.factories]: [org.springframework.boot.test.autoconfigure.restdocs.RestDocsTestExecutionListener, org.springframework.boot.test.autoconfigure.web.client.MockRestServiceServerResetTestExecutionListener, org.springframework.boot.test.autoconfigure.web.servlet.MockMvcPrintOnlyOnFailureTestExecutionListener, org.springframework.boot.test.autoconfigure.web.servlet.WebDriverTestExecutionListener, org.springframework.boot.test.mock.mockito.MockitoTestExecutionListener, org.springframework.boot.test.mock.mockito.ResetMocksTestExecutionListener, org.springframework.test.context.web.ServletTestExecutionListener, org.springframework.test.context.support.DirtiesContextBeforeModesTestExecutionListener, org.springframework.test.context.support.DependencyInjectionTestExecutionListener, org.springframework.test.context.support.DirtiesContextTestExecutionListener, org.springframework.test.context.transaction.TransactionalTestExecutionListener, org.springframework.test.context.jdbc.SqlScriptsTestExecutionListener, org.springframework.test.context.event.EventPublishingTestExecutionListener]
2023-12-03 22:09:26.725  INFO 25172 --- [    Test worker] .b.t.c.SpringBootTestContextBootstrapper : Using TestExecutionListeners: [org.springframework.test.context.web.ServletTestExecutionListener@54ffa12b, org.springframework.test.context.support.DirtiesContextBeforeModesTestExecutionListener@285c7e50, org.springframework.boot.test.mock.mockito.MockitoTestExecutionListener@6acf2f19, org.springframework.boot.test.autoconfigure.SpringBootDependencyInjectionTestExecutionListener@3d4e0c61, org.springframework.test.context.support.DirtiesContextTestExecutionListener@1491041a, org.springframework.test.context.transaction.TransactionalTestExecutionListener@5f745626, org.springframework.test.context.jdbc.SqlScriptsTestExecutionListener@4cd00d36, org.springframework.test.context.event.EventPublishingTestExecutionListener@1b02dc9, org.springframework.boot.test.autoconfigure.restdocs.RestDocsTestExecutionListener@1d9d4831, org.springframework.boot.test.autoconfigure.web.client.MockRestServiceServerResetTestExecutionListener@60a5f8c2, org.springframework.boot.test.autoconfigure.web.servlet.MockMvcPrintOnlyOnFailureTestExecutionListener@2cd0f05d, org.springframework.boot.test.autoconfigure.web.servlet.WebDriverTestExecutionListener@2c8e5e6b, org.springframework.boot.test.mock.mockito.ResetMocksTestExecutionListener@5b25470b]
Before any test execution
Before any test execution
Before any test execution
Before any test execution
Hibernate: 
    select
        project0_.id as id1_0_,
        project0_.creation_date as creation2_0_,
        project0_.description as descript3_0_,
        project0_.finish_date as finish_d4_0_,
        project0_.name as name5_0_,
        project0_.project_leader_id as project_6_0_,
        project0_.start_date as start_da7_0_,
        project0_.status as status8_0_ 
    from
        project project0_ 
    where
        project0_.name=?
Hibernate: 
    call next value for hibernate_sequence
Hibernate: 
    insert 
    into
        project
        (creation_date, description, finish_date, name, project_leader_id, start_date, status, id) 
    values
        (?, ?, ?, ?, ?, ?, ?, ?)
Hibernate: 
    select
        project0_.id as id1_0_,
        project0_.creation_date as creation2_0_,
        project0_.description as descript3_0_,
        project0_.finish_date as finish_d4_0_,
        project0_.name as name5_0_,
        project0_.project_leader_id as project_6_0_,
        project0_.start_date as start_da7_0_,
        project0_.status as status8_0_ 
    from
        project project0_ 
    where
        project0_.name=?
Hibernate: 
    call next value for hibernate_sequence
Hibernate: 
    insert 
    into
        project
        (creation_date, description, finish_date, name, project_leader_id, start_date, status, id) 
    values
        (?, ?, ?, ?, ?, ?, ?, ?)
Hibernate: 
    select
        project0_.id as id1_0_,
        project0_.creation_date as creation2_0_,
        project0_.description as descript3_0_,
        project0_.finish_date as finish_d4_0_,
        project0_.name as name5_0_,
        project0_.project_leader_id as project_6_0_,
        project0_.start_date as start_da7_0_,
        project0_.status as status8_0_ 
    from
        project project0_ 
    where
        project0_.name=?
Hibernate: 
    select
        project0_.id as id1_0_,
        project0_.creation_date as creation2_0_,
        project0_.description as descript3_0_,
        project0_.finish_date as finish_d4_0_,
        project0_.name as name5_0_,
        project0_.project_leader_id as project_6_0_,
        project0_.start_date as start_da7_0_,
        project0_.status as status8_0_ 
    from
        project project0_ 
    where
        project0_.name=?
Hibernate: 
    select
        project0_.id as id1_0_0_,
        project0_.creation_date as creation2_0_0_,
        project0_.description as descript3_0_0_,
        project0_.finish_date as finish_d4_0_0_,
        project0_.name as name5_0_0_,
        project0_.project_leader_id as project_6_0_0_,
        project0_.start_date as start_da7_0_0_,
        project0_.status as status8_0_0_ 
    from
        project project0_ 
    where
        project0_.id=?
Hibernate: 
    select
        project0_.id as id1_0_0_,
        project0_.creation_date as creation2_0_0_,
        project0_.description as descript3_0_0_,
        project0_.finish_date as finish_d4_0_0_,
        project0_.name as name5_0_0_,
        project0_.project_leader_id as project_6_0_0_,
        project0_.start_date as start_da7_0_0_,
        project0_.status as status8_0_0_ 
    from
        project project0_ 
    where
        project0_.id=?
Hibernate: 
    update
        project 
    set
        creation_date=?,
        description=?,
        finish_date=?,
        name=?,
        project_leader_id=?,
        start_date=?,
        status=? 
    where
        id=?
Hibernate: 
    select
        project0_.id as id1_0_,
        project0_.creation_date as creation2_0_,
        project0_.description as descript3_0_,
        project0_.finish_date as finish_d4_0_,
        project0_.name as name5_0_,
        project0_.project_leader_id as project_6_0_,
        project0_.start_date as start_da7_0_,
        project0_.status as status8_0_ 
    from
        project project0_
Hibernate: 
    delete 
    from
        project 
    where
        id=?
Hibernate: 
    delete 
    from
        project 
    where
        id=?
After all test execution
Hibernate: 
    select
        task0_.id as id1_1_,
        task0_.asigned_id as asigned_2_1_,
        task0_.creation_date as creation3_1_,
        task0_.description as descript4_1_,
        task0_.estimated_duration as estimate5_1_,
        task0_.finish_date as finish_d6_1_,
        task0_.name as name7_1_,
        task0_.priority as priority8_1_,
        task0_.project_id as project_9_1_,
        task0_.start_date as start_d10_1_,
        task0_.status as status11_1_ 
    from
        task task0_
Hibernate: 
    select
        task0_.id as id1_1_,
        task0_.asigned_id as asigned_2_1_,
        task0_.creation_date as creation3_1_,
        task0_.description as descript4_1_,
        task0_.estimated_duration as estimate5_1_,
        task0_.finish_date as finish_d6_1_,
        task0_.name as name7_1_,
        task0_.priority as priority8_1_,
        task0_.project_id as project_9_1_,
        task0_.start_date as start_d10_1_,
        task0_.status as status11_1_ 
    from
        task task0_
After all test execution
Hibernate: 
    select
        project0_.id as id1_0_,
        project0_.creation_date as creation2_0_,
        project0_.description as descript3_0_,
        project0_.finish_date as finish_d4_0_,
        project0_.name as name5_0_,
        project0_.project_leader_id as project_6_0_,
        project0_.start_date as start_da7_0_,
        project0_.status as status8_0_ 
    from
        project project0_
After all test execution
Resetting system
Hibernate: 
    select
        task0_.id as id1_1_,
        task0_.asigned_id as asigned_2_1_,
        task0_.creation_date as creation3_1_,
        task0_.description as descript4_1_,
        task0_.estimated_duration as estimate5_1_,
        task0_.finish_date as finish_d6_1_,
        task0_.name as name7_1_,
        task0_.priority as priority8_1_,
        task0_.project_id as project_9_1_,
        task0_.start_date as start_d10_1_,
        task0_.status as status11_1_ 
    from
        task task0_
Resetting system
Hibernate: 
    select
        project0_.id as id1_0_,
        project0_.creation_date as creation2_0_,
        project0_.description as descript3_0_,
        project0_.finish_date as finish_d4_0_,
        project0_.name as name5_0_,
        project0_.project_leader_id as project_6_0_,
        project0_.start_date as start_da7_0_,
        project0_.status as status8_0_ 
    from
        project project0_
Resetting system
Hibernate: 
    select
        project0_.id as id1_0_,
        project0_.creation_date as creation2_0_,
        project0_.description as descript3_0_,
        project0_.finish_date as finish_d4_0_,
        project0_.name as name5_0_,
        project0_.project_leader_id as project_6_0_,
        project0_.start_date as start_da7_0_,
        project0_.status as status8_0_ 
    from
        project project0_
Hibernate: 
    select
        project0_.id as id1_0_,
        project0_.creation_date as creation2_0_,
        project0_.description as descript3_0_,
        project0_.finish_date as finish_d4_0_,
        project0_.name as name5_0_,
        project0_.project_leader_id as project_6_0_,
        project0_.start_date as start_da7_0_,
        project0_.status as status8_0_ 
    from
        project project0_
After all test execution
Hibernate: 
    select
        task0_.id as id1_1_,
        task0_.asigned_id as asigned_2_1_,
        task0_.creation_date as creation3_1_,
        task0_.description as descript4_1_,
        task0_.estimated_duration as estimate5_1_,
        task0_.finish_date as finish_d6_1_,
        task0_.name as name7_1_,
        task0_.priority as priority8_1_,
        task0_.project_id as project_9_1_,
        task0_.start_date as start_d10_1_,
        task0_.status as status11_1_ 
    from
        task task0_
After all test execution
2023-12-03 22:09:26.788  INFO 25172 --- [    Test worker] o.s.t.c.support.AbstractContextLoader    : Could not detect default resource locations for test class [com.aninfo.integration.cucumber.TaskIntegrationServiceTest]: no resource found for suffixes {-context.xml, Context.groovy}.
2023-12-03 22:09:26.789  INFO 25172 --- [    Test worker] .b.t.c.SpringBootTestContextBootstrapper : Loaded default TestExecutionListener class names from location [META-INF/spring.factories]: [org.springframework.boot.test.autoconfigure.restdocs.RestDocsTestExecutionListener, org.springframework.boot.test.autoconfigure.web.client.MockRestServiceServerResetTestExecutionListener, org.springframework.boot.test.autoconfigure.web.servlet.MockMvcPrintOnlyOnFailureTestExecutionListener, org.springframework.boot.test.autoconfigure.web.servlet.WebDriverTestExecutionListener, org.springframework.boot.test.mock.mockito.MockitoTestExecutionListener, org.springframework.boot.test.mock.mockito.ResetMocksTestExecutionListener, org.springframework.test.context.web.ServletTestExecutionListener, org.springframework.test.context.support.DirtiesContextBeforeModesTestExecutionListener, org.springframework.test.context.support.DependencyInjectionTestExecutionListener, org.springframework.test.context.support.DirtiesContextTestExecutionListener, org.springframework.test.context.transaction.TransactionalTestExecutionListener, org.springframework.test.context.jdbc.SqlScriptsTestExecutionListener, org.springframework.test.context.event.EventPublishingTestExecutionListener]
2023-12-03 22:09:26.789  INFO 25172 --- [    Test worker] .b.t.c.SpringBootTestContextBootstrapper : Using TestExecutionListeners: [org.springframework.test.context.web.ServletTestExecutionListener@7a8dd4ca, org.springframework.test.context.support.DirtiesContextBeforeModesTestExecutionListener@4fb16c44, org.springframework.boot.test.mock.mockito.MockitoTestExecutionListener@40bfe6bb, org.springframework.boot.test.autoconfigure.SpringBootDependencyInjectionTestExecutionListener@1f17b5c2, org.springframework.test.context.support.DirtiesContextTestExecutionListener@ba8096e, org.springframework.test.context.transaction.TransactionalTestExecutionListener@4f3f9713, org.springframework.test.context.jdbc.SqlScriptsTestExecutionListener@700a2a71, org.springframework.test.context.event.EventPublishingTestExecutionListener@52912817, org.springframework.boot.test.autoconfigure.restdocs.RestDocsTestExecutionListener@1939a852, org.springframework.boot.test.autoconfigure.web.client.MockRestServiceServerResetTestExecutionListener@2a0d3369, org.springframework.boot.test.autoconfigure.web.servlet.MockMvcPrintOnlyOnFailureTestExecutionListener@bf5cdfb, org.springframework.boot.test.autoconfigure.web.servlet.WebDriverTestExecutionListener@507f9d02, org.springframework.boot.test.mock.mockito.ResetMocksTestExecutionListener@450c467]
Before any test execution
Before any test execution
Before any test execution
Before any test execution
Hibernate: 
    select
        project0_.id as id1_0_,
        project0_.creation_date as creation2_0_,
        project0_.description as descript3_0_,
        project0_.finish_date as finish_d4_0_,
        project0_.name as name5_0_,
        project0_.project_leader_id as project_6_0_,
        project0_.start_date as start_da7_0_,
        project0_.status as status8_0_ 
    from
        project project0_ 
    where
        project0_.name=?
Hibernate: 
    call next value for hibernate_sequence
Hibernate: 
    insert 
    into
        project
        (creation_date, description, finish_date, name, project_leader_id, start_date, status, id) 
    values
        (?, ?, ?, ?, ?, ?, ?, ?)
Hibernate: 
    select
        project0_.id as id1_0_,
        project0_.creation_date as creation2_0_,
        project0_.description as descript3_0_,
        project0_.finish_date as finish_d4_0_,
        project0_.name as name5_0_,
        project0_.project_leader_id as project_6_0_,
        project0_.start_date as start_da7_0_,
        project0_.status as status8_0_ 
    from
        project project0_ 
    where
        project0_.name=?
Hibernate: 
    call next value for hibernate_sequence
Hibernate: 
    insert 
    into
        project
        (creation_date, description, finish_date, name, project_leader_id, start_date, status, id) 
    values
        (?, ?, ?, ?, ?, ?, ?, ?)
Hibernate: 
    select
        project0_.id as id1_0_,
        project0_.creation_date as creation2_0_,
        project0_.description as descript3_0_,
        project0_.finish_date as finish_d4_0_,
        project0_.name as name5_0_,
        project0_.project_leader_id as project_6_0_,
        project0_.start_date as start_da7_0_,
        project0_.status as status8_0_ 
    from
        project project0_ 
    where
        project0_.name=?
Hibernate: 
    select
        project0_.id as id1_0_,
        project0_.creation_date as creation2_0_,
        project0_.description as descript3_0_,
        project0_.finish_date as finish_d4_0_,
        project0_.name as name5_0_,
        project0_.project_leader_id as project_6_0_,
        project0_.start_date as start_da7_0_,
        project0_.status as status8_0_ 
    from
        project project0_ 
    where
        project0_.name=?
Hibernate: 
    select
        project0_.id as id1_0_,
        project0_.creation_date as creation2_0_,
        project0_.description as descript3_0_,
        project0_.finish_date as finish_d4_0_,
        project0_.name as name5_0_,
        project0_.project_leader_id as project_6_0_,
        project0_.start_date as start_da7_0_,
        project0_.status as status8_0_ 
    from
        project project0_
Hibernate: 
    delete 
    from
        project 
    where
        id=?
Hibernate: 
    delete 
    from
        project 
    where
        id=?
After all test execution
Hibernate: 
    select
        task0_.id as id1_1_,
        task0_.asigned_id as asigned_2_1_,
        task0_.creation_date as creation3_1_,
        task0_.description as descript4_1_,
        task0_.estimated_duration as estimate5_1_,
        task0_.finish_date as finish_d6_1_,
        task0_.name as name7_1_,
        task0_.priority as priority8_1_,
        task0_.project_id as project_9_1_,
        task0_.start_date as start_d10_1_,
        task0_.status as status11_1_ 
    from
        task task0_
Hibernate: 
    select
        task0_.id as id1_1_,
        task0_.asigned_id as asigned_2_1_,
        task0_.creation_date as creation3_1_,
        task0_.description as descript4_1_,
        task0_.estimated_duration as estimate5_1_,
        task0_.finish_date as finish_d6_1_,
        task0_.name as name7_1_,
        task0_.priority as priority8_1_,
        task0_.project_id as project_9_1_,
        task0_.start_date as start_d10_1_,
        task0_.status as status11_1_ 
    from
        task task0_
After all test execution
Hibernate: 
    select
        project0_.id as id1_0_,
        project0_.creation_date as creation2_0_,
        project0_.description as descript3_0_,
        project0_.finish_date as finish_d4_0_,
        project0_.name as name5_0_,
        project0_.project_leader_id as project_6_0_,
        project0_.start_date as start_da7_0_,
        project0_.status as status8_0_ 
    from
        project project0_
After all test execution
Resetting system
Hibernate: 
    select
        task0_.id as id1_1_,
        task0_.asigned_id as asigned_2_1_,
        task0_.creation_date as creation3_1_,
        task0_.description as descript4_1_,
        task0_.estimated_duration as estimate5_1_,
        task0_.finish_date as finish_d6_1_,
        task0_.name as name7_1_,
        task0_.priority as priority8_1_,
        task0_.project_id as project_9_1_,
        task0_.start_date as start_d10_1_,
        task0_.status as status11_1_ 
    from
        task task0_
Resetting system
Hibernate: 
    select
        project0_.id as id1_0_,
        project0_.creation_date as creation2_0_,
        project0_.description as descript3_0_,
        project0_.finish_date as finish_d4_0_,
        project0_.name as name5_0_,
        project0_.project_leader_id as project_6_0_,
        project0_.start_date as start_da7_0_,
        project0_.status as status8_0_ 
    from
        project project0_
Resetting system
Hibernate: 
    select
        project0_.id as id1_0_,
        project0_.creation_date as creation2_0_,
        project0_.description as descript3_0_,
        project0_.finish_date as finish_d4_0_,
        project0_.name as name5_0_,
        project0_.project_leader_id as project_6_0_,
        project0_.start_date as start_da7_0_,
        project0_.status as status8_0_ 
    from
        project project0_
Hibernate: 
    select
        project0_.id as id1_0_,
        project0_.creation_date as creation2_0_,
        project0_.description as descript3_0_,
        project0_.finish_date as finish_d4_0_,
        project0_.name as name5_0_,
        project0_.project_leader_id as project_6_0_,
        project0_.start_date as start_da7_0_,
        project0_.status as status8_0_ 
    from
        project project0_
After all test execution
Hibernate: 
    select
        task0_.id as id1_1_,
        task0_.asigned_id as asigned_2_1_,
        task0_.creation_date as creation3_1_,
        task0_.description as descript4_1_,
        task0_.estimated_duration as estimate5_1_,
        task0_.finish_date as finish_d6_1_,
        task0_.name as name7_1_,
        task0_.priority as priority8_1_,
        task0_.project_id as project_9_1_,
        task0_.start_date as start_d10_1_,
        task0_.status as status11_1_ 
    from
        task task0_
After all test execution
2023-12-03 22:09:26.828  INFO 25172 --- [    Test worker] o.s.t.c.support.AbstractContextLoader    : Could not detect default resource locations for test class [com.aninfo.integration.cucumber.TaskIntegrationServiceTest]: no resource found for suffixes {-context.xml, Context.groovy}.
2023-12-03 22:09:26.831  INFO 25172 --- [    Test worker] .b.t.c.SpringBootTestContextBootstrapper : Loaded default TestExecutionListener class names from location [META-INF/spring.factories]: [org.springframework.boot.test.autoconfigure.restdocs.RestDocsTestExecutionListener, org.springframework.boot.test.autoconfigure.web.client.MockRestServiceServerResetTestExecutionListener, org.springframework.boot.test.autoconfigure.web.servlet.MockMvcPrintOnlyOnFailureTestExecutionListener, org.springframework.boot.test.autoconfigure.web.servlet.WebDriverTestExecutionListener, org.springframework.boot.test.mock.mockito.MockitoTestExecutionListener, org.springframework.boot.test.mock.mockito.ResetMocksTestExecutionListener, org.springframework.test.context.web.ServletTestExecutionListener, org.springframework.test.context.support.DirtiesContextBeforeModesTestExecutionListener, org.springframework.test.context.support.DependencyInjectionTestExecutionListener, org.springframework.test.context.support.DirtiesContextTestExecutionListener, org.springframework.test.context.transaction.TransactionalTestExecutionListener, org.springframework.test.context.jdbc.SqlScriptsTestExecutionListener, org.springframework.test.context.event.EventPublishingTestExecutionListener]
2023-12-03 22:09:26.831  INFO 25172 --- [    Test worker] .b.t.c.SpringBootTestContextBootstrapper : Using TestExecutionListeners: [org.springframework.test.context.web.ServletTestExecutionListener@532d9b, org.springframework.test.context.support.DirtiesContextBeforeModesTestExecutionListener@471b653, org.springframework.boot.test.mock.mockito.MockitoTestExecutionListener@5ae23c9d, org.springframework.boot.test.autoconfigure.SpringBootDependencyInjectionTestExecutionListener@473ee771, org.springframework.test.context.support.DirtiesContextTestExecutionListener@5e9835f8, org.springframework.test.context.transaction.TransactionalTestExecutionListener@57d2d356, org.springframework.test.context.jdbc.SqlScriptsTestExecutionListener@1c1f1be5, org.springframework.test.context.event.EventPublishingTestExecutionListener@2c2a7278, org.springframework.boot.test.autoconfigure.restdocs.RestDocsTestExecutionListener@3382b5f0, org.springframework.boot.test.autoconfigure.web.client.MockRestServiceServerResetTestExecutionListener@728b88b5, org.springframework.boot.test.autoconfigure.web.servlet.MockMvcPrintOnlyOnFailureTestExecutionListener@16af6532, org.springframework.boot.test.autoconfigure.web.servlet.WebDriverTestExecutionListener@69696c2d, org.springframework.boot.test.mock.mockito.ResetMocksTestExecutionListener@4fe279c5]
Before any test execution
Before any test execution
Before any test execution
Before any test execution
Hibernate: 
    select
        project0_.id as id1_0_,
        project0_.creation_date as creation2_0_,
        project0_.description as descript3_0_,
        project0_.finish_date as finish_d4_0_,
        project0_.name as name5_0_,
        project0_.project_leader_id as project_6_0_,
        project0_.start_date as start_da7_0_,
        project0_.status as status8_0_ 
    from
        project project0_ 
    where
        project0_.name=?
Hibernate: 
    call next value for hibernate_sequence
Hibernate: 
    insert 
    into
        project
        (creation_date, description, finish_date, name, project_leader_id, start_date, status, id) 
    values
        (?, ?, ?, ?, ?, ?, ?, ?)
Hibernate: 
    select
        project0_.id as id1_0_,
        project0_.creation_date as creation2_0_,
        project0_.description as descript3_0_,
        project0_.finish_date as finish_d4_0_,
        project0_.name as name5_0_,
        project0_.project_leader_id as project_6_0_,
        project0_.start_date as start_da7_0_,
        project0_.status as status8_0_ 
    from
        project project0_ 
    where
        project0_.name=?
Hibernate: 
    select
        project0_.id as id1_0_0_,
        project0_.creation_date as creation2_0_0_,
        project0_.description as descript3_0_0_,
        project0_.finish_date as finish_d4_0_0_,
        project0_.name as name5_0_0_,
        project0_.project_leader_id as project_6_0_0_,
        project0_.start_date as start_da7_0_0_,
        project0_.status as status8_0_0_ 
    from
        project project0_ 
    where
        project0_.id=?
Hibernate: 
    select
        project0_.id as id1_0_0_,
        project0_.creation_date as creation2_0_0_,
        project0_.description as descript3_0_0_,
        project0_.finish_date as finish_d4_0_0_,
        project0_.name as name5_0_0_,
        project0_.project_leader_id as project_6_0_0_,
        project0_.start_date as start_da7_0_0_,
        project0_.status as status8_0_0_ 
    from
        project project0_ 
    where
        project0_.id=?
Hibernate: 
    update
        project 
    set
        creation_date=?,
        description=?,
        finish_date=?,
        name=?,
        project_leader_id=?,
        start_date=?,
        status=? 
    where
        id=?
Hibernate: 
    select
        project0_.id as id1_0_,
        project0_.creation_date as creation2_0_,
        project0_.description as descript3_0_,
        project0_.finish_date as finish_d4_0_,
        project0_.name as name5_0_,
        project0_.project_leader_id as project_6_0_,
        project0_.start_date as start_da7_0_,
        project0_.status as status8_0_ 
    from
        project project0_
Hibernate: 
    delete 
    from
        project 
    where
        id=?
After all test execution
Hibernate: 
    select
        task0_.id as id1_1_,
        task0_.asigned_id as asigned_2_1_,
        task0_.creation_date as creation3_1_,
        task0_.description as descript4_1_,
        task0_.estimated_duration as estimate5_1_,
        task0_.finish_date as finish_d6_1_,
        task0_.name as name7_1_,
        task0_.priority as priority8_1_,
        task0_.project_id as project_9_1_,
        task0_.start_date as start_d10_1_,
        task0_.status as status11_1_ 
    from
        task task0_
Hibernate: 
    select
        task0_.id as id1_1_,
        task0_.asigned_id as asigned_2_1_,
        task0_.creation_date as creation3_1_,
        task0_.description as descript4_1_,
        task0_.estimated_duration as estimate5_1_,
        task0_.finish_date as finish_d6_1_,
        task0_.name as name7_1_,
        task0_.priority as priority8_1_,
        task0_.project_id as project_9_1_,
        task0_.start_date as start_d10_1_,
        task0_.status as status11_1_ 
    from
        task task0_
After all test execution
Hibernate: 
    select
        project0_.id as id1_0_,
        project0_.creation_date as creation2_0_,
        project0_.description as descript3_0_,
        project0_.finish_date as finish_d4_0_,
        project0_.name as name5_0_,
        project0_.project_leader_id as project_6_0_,
        project0_.start_date as start_da7_0_,
        project0_.status as status8_0_ 
    from
        project project0_
After all test execution
Resetting system
Hibernate: 
    select
        task0_.id as id1_1_,
        task0_.asigned_id as asigned_2_1_,
        task0_.creation_date as creation3_1_,
        task0_.description as descript4_1_,
        task0_.estimated_duration as estimate5_1_,
        task0_.finish_date as finish_d6_1_,
        task0_.name as name7_1_,
        task0_.priority as priority8_1_,
        task0_.project_id as project_9_1_,
        task0_.start_date as start_d10_1_,
        task0_.status as status11_1_ 
    from
        task task0_
Resetting system
Hibernate: 
    select
        project0_.id as id1_0_,
        project0_.creation_date as creation2_0_,
        project0_.description as descript3_0_,
        project0_.finish_date as finish_d4_0_,
        project0_.name as name5_0_,
        project0_.project_leader_id as project_6_0_,
        project0_.start_date as start_da7_0_,
        project0_.status as status8_0_ 
    from
        project project0_
Resetting system
Hibernate: 
    select
        project0_.id as id1_0_,
        project0_.creation_date as creation2_0_,
        project0_.description as descript3_0_,
        project0_.finish_date as finish_d4_0_,
        project0_.name as name5_0_,
        project0_.project_leader_id as project_6_0_,
        project0_.start_date as start_da7_0_,
        project0_.status as status8_0_ 
    from
        project project0_
Hibernate: 
    select
        project0_.id as id1_0_,
        project0_.creation_date as creation2_0_,
        project0_.description as descript3_0_,
        project0_.finish_date as finish_d4_0_,
        project0_.name as name5_0_,
        project0_.project_leader_id as project_6_0_,
        project0_.start_date as start_da7_0_,
        project0_.status as status8_0_ 
    from
        project project0_
After all test execution
Hibernate: 
    select
        task0_.id as id1_1_,
        task0_.asigned_id as asigned_2_1_,
        task0_.creation_date as creation3_1_,
        task0_.description as descript4_1_,
        task0_.estimated_duration as estimate5_1_,
        task0_.finish_date as finish_d6_1_,
        task0_.name as name7_1_,
        task0_.priority as priority8_1_,
        task0_.project_id as project_9_1_,
        task0_.start_date as start_d10_1_,
        task0_.status as status11_1_ 
    from
        task task0_
After all test execution
2023-12-03 22:09:26.871  INFO 25172 --- [    Test worker] o.s.t.c.support.AbstractContextLoader    : Could not detect default resource locations for test class [com.aninfo.integration.cucumber.TaskIntegrationServiceTest]: no resource found for suffixes {-context.xml, Context.groovy}.
2023-12-03 22:09:26.872  INFO 25172 --- [    Test worker] .b.t.c.SpringBootTestContextBootstrapper : Loaded default TestExecutionListener class names from location [META-INF/spring.factories]: [org.springframework.boot.test.autoconfigure.restdocs.RestDocsTestExecutionListener, org.springframework.boot.test.autoconfigure.web.client.MockRestServiceServerResetTestExecutionListener, org.springframework.boot.test.autoconfigure.web.servlet.MockMvcPrintOnlyOnFailureTestExecutionListener, org.springframework.boot.test.autoconfigure.web.servlet.WebDriverTestExecutionListener, org.springframework.boot.test.mock.mockito.MockitoTestExecutionListener, org.springframework.boot.test.mock.mockito.ResetMocksTestExecutionListener, org.springframework.test.context.web.ServletTestExecutionListener, org.springframework.test.context.support.DirtiesContextBeforeModesTestExecutionListener, org.springframework.test.context.support.DependencyInjectionTestExecutionListener, org.springframework.test.context.support.DirtiesContextTestExecutionListener, org.springframework.test.context.transaction.TransactionalTestExecutionListener, org.springframework.test.context.jdbc.SqlScriptsTestExecutionListener, org.springframework.test.context.event.EventPublishingTestExecutionListener]
2023-12-03 22:09:26.873  INFO 25172 --- [    Test worker] .b.t.c.SpringBootTestContextBootstrapper : Using TestExecutionListeners: [org.springframework.test.context.web.ServletTestExecutionListener@55ddae21, org.springframework.test.context.support.DirtiesContextBeforeModesTestExecutionListener@13ec3714, org.springframework.boot.test.mock.mockito.MockitoTestExecutionListener@61bfef65, org.springframework.boot.test.autoconfigure.SpringBootDependencyInjectionTestExecutionListener@7787143, org.springframework.test.context.support.DirtiesContextTestExecutionListener@3fec6b2b, org.springframework.test.context.transaction.TransactionalTestExecutionListener@4d4abf55, org.springframework.test.context.jdbc.SqlScriptsTestExecutionListener@5310b55e, org.springframework.test.context.event.EventPublishingTestExecutionListener@17a63416, org.springframework.boot.test.autoconfigure.restdocs.RestDocsTestExecutionListener@4bcfa0fa, org.springframework.boot.test.autoconfigure.web.client.MockRestServiceServerResetTestExecutionListener@53670ec1, org.springframework.boot.test.autoconfigure.web.servlet.MockMvcPrintOnlyOnFailureTestExecutionListener@58bfbb6, org.springframework.boot.test.autoconfigure.web.servlet.WebDriverTestExecutionListener@232b7995, org.springframework.boot.test.mock.mockito.ResetMocksTestExecutionListener@15d5d57a]
Before any test execution
Before any test execution
Before any test execution
Before any test execution
Hibernate: 
    select
        project0_.id as id1_0_,
        project0_.creation_date as creation2_0_,
        project0_.description as descript3_0_,
        project0_.finish_date as finish_d4_0_,
        project0_.name as name5_0_,
        project0_.project_leader_id as project_6_0_,
        project0_.start_date as start_da7_0_,
        project0_.status as status8_0_ 
    from
        project project0_ 
    where
        project0_.name=?
Hibernate: 
    call next value for hibernate_sequence
Hibernate: 
    insert 
    into
        project
        (creation_date, description, finish_date, name, project_leader_id, start_date, status, id) 
    values
        (?, ?, ?, ?, ?, ?, ?, ?)
Hibernate: 
    select
        project0_.id as id1_0_,
        project0_.creation_date as creation2_0_,
        project0_.description as descript3_0_,
        project0_.finish_date as finish_d4_0_,
        project0_.name as name5_0_,
        project0_.project_leader_id as project_6_0_,
        project0_.start_date as start_da7_0_,
        project0_.status as status8_0_ 
    from
        project project0_ 
    where
        project0_.name=?
Hibernate: 
    select
        project0_.id as id1_0_0_,
        project0_.creation_date as creation2_0_0_,
        project0_.description as descript3_0_0_,
        project0_.finish_date as finish_d4_0_0_,
        project0_.name as name5_0_0_,
        project0_.project_leader_id as project_6_0_0_,
        project0_.start_date as start_da7_0_0_,
        project0_.status as status8_0_0_ 
    from
        project project0_ 
    where
        project0_.id=?
Hibernate: 
    select
        project0_.id as id1_0_0_,
        project0_.creation_date as creation2_0_0_,
        project0_.description as descript3_0_0_,
        project0_.finish_date as finish_d4_0_0_,
        project0_.name as name5_0_0_,
        project0_.project_leader_id as project_6_0_0_,
        project0_.start_date as start_da7_0_0_,
        project0_.status as status8_0_0_ 
    from
        project project0_ 
    where
        project0_.id=?
Hibernate: 
    update
        project 
    set
        creation_date=?,
        description=?,
        finish_date=?,
        name=?,
        project_leader_id=?,
        start_date=?,
        status=? 
    where
        id=?
Hibernate: 
    select
        project0_.id as id1_0_,
        project0_.creation_date as creation2_0_,
        project0_.description as descript3_0_,
        project0_.finish_date as finish_d4_0_,
        project0_.name as name5_0_,
        project0_.project_leader_id as project_6_0_,
        project0_.start_date as start_da7_0_,
        project0_.status as status8_0_ 
    from
        project project0_
Hibernate: 
    delete 
    from
        project 
    where
        id=?
After all test execution
Hibernate: 
    select
        task0_.id as id1_1_,
        task0_.asigned_id as asigned_2_1_,
        task0_.creation_date as creation3_1_,
        task0_.description as descript4_1_,
        task0_.estimated_duration as estimate5_1_,
        task0_.finish_date as finish_d6_1_,
        task0_.name as name7_1_,
        task0_.priority as priority8_1_,
        task0_.project_id as project_9_1_,
        task0_.start_date as start_d10_1_,
        task0_.status as status11_1_ 
    from
        task task0_
Hibernate: 
    select
        task0_.id as id1_1_,
        task0_.asigned_id as asigned_2_1_,
        task0_.creation_date as creation3_1_,
        task0_.description as descript4_1_,
        task0_.estimated_duration as estimate5_1_,
        task0_.finish_date as finish_d6_1_,
        task0_.name as name7_1_,
        task0_.priority as priority8_1_,
        task0_.project_id as project_9_1_,
        task0_.start_date as start_d10_1_,
        task0_.status as status11_1_ 
    from
        task task0_
After all test execution
Hibernate: 
    select
        project0_.id as id1_0_,
        project0_.creation_date as creation2_0_,
        project0_.description as descript3_0_,
        project0_.finish_date as finish_d4_0_,
        project0_.name as name5_0_,
        project0_.project_leader_id as project_6_0_,
        project0_.start_date as start_da7_0_,
        project0_.status as status8_0_ 
    from
        project project0_
After all test execution
Resetting system
Hibernate: 
    select
        task0_.id as id1_1_,
        task0_.asigned_id as asigned_2_1_,
        task0_.creation_date as creation3_1_,
        task0_.description as descript4_1_,
        task0_.estimated_duration as estimate5_1_,
        task0_.finish_date as finish_d6_1_,
        task0_.name as name7_1_,
        task0_.priority as priority8_1_,
        task0_.project_id as project_9_1_,
        task0_.start_date as start_d10_1_,
        task0_.status as status11_1_ 
    from
        task task0_
Resetting system
Hibernate: 
    select
        project0_.id as id1_0_,
        project0_.creation_date as creation2_0_,
        project0_.description as descript3_0_,
        project0_.finish_date as finish_d4_0_,
        project0_.name as name5_0_,
        project0_.project_leader_id as project_6_0_,
        project0_.start_date as start_da7_0_,
        project0_.status as status8_0_ 
    from
        project project0_
Resetting system
Hibernate: 
    select
        project0_.id as id1_0_,
        project0_.creation_date as creation2_0_,
        project0_.description as descript3_0_,
        project0_.finish_date as finish_d4_0_,
        project0_.name as name5_0_,
        project0_.project_leader_id as project_6_0_,
        project0_.start_date as start_da7_0_,
        project0_.status as status8_0_ 
    from
        project project0_
Hibernate: 
    select
        project0_.id as id1_0_,
        project0_.creation_date as creation2_0_,
        project0_.description as descript3_0_,
        project0_.finish_date as finish_d4_0_,
        project0_.name as name5_0_,
        project0_.project_leader_id as project_6_0_,
        project0_.start_date as start_da7_0_,
        project0_.status as status8_0_ 
    from
        project project0_
After all test execution
Hibernate: 
    select
        task0_.id as id1_1_,
        task0_.asigned_id as asigned_2_1_,
        task0_.creation_date as creation3_1_,
        task0_.description as descript4_1_,
        task0_.estimated_duration as estimate5_1_,
        task0_.finish_date as finish_d6_1_,
        task0_.name as name7_1_,
        task0_.priority as priority8_1_,
        task0_.project_id as project_9_1_,
        task0_.start_date as start_d10_1_,
        task0_.status as status11_1_ 
    from
        task task0_
After all test execution
2023-12-03 22:09:26.911  INFO 25172 --- [    Test worker] o.s.t.c.support.AbstractContextLoader    : Could not detect default resource locations for test class [com.aninfo.integration.cucumber.TaskIntegrationServiceTest]: no resource found for suffixes {-context.xml, Context.groovy}.
2023-12-03 22:09:26.913  INFO 25172 --- [    Test worker] .b.t.c.SpringBootTestContextBootstrapper : Loaded default TestExecutionListener class names from location [META-INF/spring.factories]: [org.springframework.boot.test.autoconfigure.restdocs.RestDocsTestExecutionListener, org.springframework.boot.test.autoconfigure.web.client.MockRestServiceServerResetTestExecutionListener, org.springframework.boot.test.autoconfigure.web.servlet.MockMvcPrintOnlyOnFailureTestExecutionListener, org.springframework.boot.test.autoconfigure.web.servlet.WebDriverTestExecutionListener, org.springframework.boot.test.mock.mockito.MockitoTestExecutionListener, org.springframework.boot.test.mock.mockito.ResetMocksTestExecutionListener, org.springframework.test.context.web.ServletTestExecutionListener, org.springframework.test.context.support.DirtiesContextBeforeModesTestExecutionListener, org.springframework.test.context.support.DependencyInjectionTestExecutionListener, org.springframework.test.context.support.DirtiesContextTestExecutionListener, org.springframework.test.context.transaction.TransactionalTestExecutionListener, org.springframework.test.context.jdbc.SqlScriptsTestExecutionListener, org.springframework.test.context.event.EventPublishingTestExecutionListener]
2023-12-03 22:09:26.914  INFO 25172 --- [    Test worker] .b.t.c.SpringBootTestContextBootstrapper : Using TestExecutionListeners: [org.springframework.test.context.web.ServletTestExecutionListener@2686268a, org.springframework.test.context.support.DirtiesContextBeforeModesTestExecutionListener@39edfb1a, org.springframework.boot.test.mock.mockito.MockitoTestExecutionListener@ab39137, org.springframework.boot.test.autoconfigure.SpringBootDependencyInjectionTestExecutionListener@35bbbbc2, org.springframework.test.context.support.DirtiesContextTestExecutionListener@229e6989, org.springframework.test.context.transaction.TransactionalTestExecutionListener@74fd73eb, org.springframework.test.context.jdbc.SqlScriptsTestExecutionListener@62516e6a, org.springframework.test.context.event.EventPublishingTestExecutionListener@a5cbc49, org.springframework.boot.test.autoconfigure.restdocs.RestDocsTestExecutionListener@5b5f5eaa, org.springframework.boot.test.autoconfigure.web.client.MockRestServiceServerResetTestExecutionListener@44a21c01, org.springframework.boot.test.autoconfigure.web.servlet.MockMvcPrintOnlyOnFailureTestExecutionListener@2de918c1, org.springframework.boot.test.autoconfigure.web.servlet.WebDriverTestExecutionListener@423847c1, org.springframework.boot.test.mock.mockito.ResetMocksTestExecutionListener@6333fb22]
Before any test execution
Before any test execution
Before any test execution
Before any test execution
Hibernate: 
    select
        project0_.id as id1_0_,
        project0_.creation_date as creation2_0_,
        project0_.description as descript3_0_,
        project0_.finish_date as finish_d4_0_,
        project0_.name as name5_0_,
        project0_.project_leader_id as project_6_0_,
        project0_.start_date as start_da7_0_,
        project0_.status as status8_0_ 
    from
        project project0_ 
    where
        project0_.name=?
Hibernate: 
    call next value for hibernate_sequence
Hibernate: 
    insert 
    into
        project
        (creation_date, description, finish_date, name, project_leader_id, start_date, status, id) 
    values
        (?, ?, ?, ?, ?, ?, ?, ?)
Hibernate: 
    select
        project0_.id as id1_0_,
        project0_.creation_date as creation2_0_,
        project0_.description as descript3_0_,
        project0_.finish_date as finish_d4_0_,
        project0_.name as name5_0_,
        project0_.project_leader_id as project_6_0_,
        project0_.start_date as start_da7_0_,
        project0_.status as status8_0_ 
    from
        project project0_ 
    where
        project0_.name=?
Hibernate: 
    select
        project0_.id as id1_0_0_,
        project0_.creation_date as creation2_0_0_,
        project0_.description as descript3_0_0_,
        project0_.finish_date as finish_d4_0_0_,
        project0_.name as name5_0_0_,
        project0_.project_leader_id as project_6_0_0_,
        project0_.start_date as start_da7_0_0_,
        project0_.status as status8_0_0_ 
    from
        project project0_ 
    where
        project0_.id=?
Hibernate: 
    select
        project0_.id as id1_0_0_,
        project0_.creation_date as creation2_0_0_,
        project0_.description as descript3_0_0_,
        project0_.finish_date as finish_d4_0_0_,
        project0_.name as name5_0_0_,
        project0_.project_leader_id as project_6_0_0_,
        project0_.start_date as start_da7_0_0_,
        project0_.status as status8_0_0_ 
    from
        project project0_ 
    where
        project0_.id=?
Hibernate: 
    update
        project 
    set
        creation_date=?,
        description=?,
        finish_date=?,
        name=?,
        project_leader_id=?,
        start_date=?,
        status=? 
    where
        id=?
Hibernate: 
    select
        project0_.id as id1_0_,
        project0_.creation_date as creation2_0_,
        project0_.description as descript3_0_,
        project0_.finish_date as finish_d4_0_,
        project0_.name as name5_0_,
        project0_.project_leader_id as project_6_0_,
        project0_.start_date as start_da7_0_,
        project0_.status as status8_0_ 
    from
        project project0_
Hibernate: 
    delete 
    from
        project 
    where
        id=?
After all test execution
Hibernate: 
    select
        task0_.id as id1_1_,
        task0_.asigned_id as asigned_2_1_,
        task0_.creation_date as creation3_1_,
        task0_.description as descript4_1_,
        task0_.estimated_duration as estimate5_1_,
        task0_.finish_date as finish_d6_1_,
        task0_.name as name7_1_,
        task0_.priority as priority8_1_,
        task0_.project_id as project_9_1_,
        task0_.start_date as start_d10_1_,
        task0_.status as status11_1_ 
    from
        task task0_
Hibernate: 
    select
        task0_.id as id1_1_,
        task0_.asigned_id as asigned_2_1_,
        task0_.creation_date as creation3_1_,
        task0_.description as descript4_1_,
        task0_.estimated_duration as estimate5_1_,
        task0_.finish_date as finish_d6_1_,
        task0_.name as name7_1_,
        task0_.priority as priority8_1_,
        task0_.project_id as project_9_1_,
        task0_.start_date as start_d10_1_,
        task0_.status as status11_1_ 
    from
        task task0_
After all test execution
Hibernate: 
    select
        project0_.id as id1_0_,
        project0_.creation_date as creation2_0_,
        project0_.description as descript3_0_,
        project0_.finish_date as finish_d4_0_,
        project0_.name as name5_0_,
        project0_.project_leader_id as project_6_0_,
        project0_.start_date as start_da7_0_,
        project0_.status as status8_0_ 
    from
        project project0_
After all test execution
Resetting system
Hibernate: 
    select
        task0_.id as id1_1_,
        task0_.asigned_id as asigned_2_1_,
        task0_.creation_date as creation3_1_,
        task0_.description as descript4_1_,
        task0_.estimated_duration as estimate5_1_,
        task0_.finish_date as finish_d6_1_,
        task0_.name as name7_1_,
        task0_.priority as priority8_1_,
        task0_.project_id as project_9_1_,
        task0_.start_date as start_d10_1_,
        task0_.status as status11_1_ 
    from
        task task0_
Resetting system
Hibernate: 
    select
        project0_.id as id1_0_,
        project0_.creation_date as creation2_0_,
        project0_.description as descript3_0_,
        project0_.finish_date as finish_d4_0_,
        project0_.name as name5_0_,
        project0_.project_leader_id as project_6_0_,
        project0_.start_date as start_da7_0_,
        project0_.status as status8_0_ 
    from
        project project0_
Resetting system
Hibernate: 
    select
        project0_.id as id1_0_,
        project0_.creation_date as creation2_0_,
        project0_.description as descript3_0_,
        project0_.finish_date as finish_d4_0_,
        project0_.name as name5_0_,
        project0_.project_leader_id as project_6_0_,
        project0_.start_date as start_da7_0_,
        project0_.status as status8_0_ 
    from
        project project0_
Hibernate: 
    select
        project0_.id as id1_0_,
        project0_.creation_date as creation2_0_,
        project0_.description as descript3_0_,
        project0_.finish_date as finish_d4_0_,
        project0_.name as name5_0_,
        project0_.project_leader_id as project_6_0_,
        project0_.start_date as start_da7_0_,
        project0_.status as status8_0_ 
    from
        project project0_
After all test execution
Hibernate: 
    select
        task0_.id as id1_1_,
        task0_.asigned_id as asigned_2_1_,
        task0_.creation_date as creation3_1_,
        task0_.description as descript4_1_,
        task0_.estimated_duration as estimate5_1_,
        task0_.finish_date as finish_d6_1_,
        task0_.name as name7_1_,
        task0_.priority as priority8_1_,
        task0_.project_id as project_9_1_,
        task0_.start_date as start_d10_1_,
        task0_.status as status11_1_ 
    from
        task task0_
After all test execution
2023-12-03 22:09:26.949  INFO 25172 --- [    Test worker] o.s.t.c.support.AbstractContextLoader    : Could not detect default resource locations for test class [com.aninfo.integration.cucumber.TaskIntegrationServiceTest]: no resource found for suffixes {-context.xml, Context.groovy}.
2023-12-03 22:09:26.951  INFO 25172 --- [    Test worker] .b.t.c.SpringBootTestContextBootstrapper : Loaded default TestExecutionListener class names from location [META-INF/spring.factories]: [org.springframework.boot.test.autoconfigure.restdocs.RestDocsTestExecutionListener, org.springframework.boot.test.autoconfigure.web.client.MockRestServiceServerResetTestExecutionListener, org.springframework.boot.test.autoconfigure.web.servlet.MockMvcPrintOnlyOnFailureTestExecutionListener, org.springframework.boot.test.autoconfigure.web.servlet.WebDriverTestExecutionListener, org.springframework.boot.test.mock.mockito.MockitoTestExecutionListener, org.springframework.boot.test.mock.mockito.ResetMocksTestExecutionListener, org.springframework.test.context.web.ServletTestExecutionListener, org.springframework.test.context.support.DirtiesContextBeforeModesTestExecutionListener, org.springframework.test.context.support.DependencyInjectionTestExecutionListener, org.springframework.test.context.support.DirtiesContextTestExecutionListener, org.springframework.test.context.transaction.TransactionalTestExecutionListener, org.springframework.test.context.jdbc.SqlScriptsTestExecutionListener, org.springframework.test.context.event.EventPublishingTestExecutionListener]
2023-12-03 22:09:26.951  INFO 25172 --- [    Test worker] .b.t.c.SpringBootTestContextBootstrapper : Using TestExecutionListeners: [org.springframework.test.context.web.ServletTestExecutionListener@2da1ecb0, org.springframework.test.context.support.DirtiesContextBeforeModesTestExecutionListener@40b06c28, org.springframework.boot.test.mock.mockito.MockitoTestExecutionListener@1e4f3d41, org.springframework.boot.test.autoconfigure.SpringBootDependencyInjectionTestExecutionListener@3c7f7ed2, org.springframework.test.context.support.DirtiesContextTestExecutionListener@1e99d181, org.springframework.test.context.transaction.TransactionalTestExecutionListener@5d8b2f56, org.springframework.test.context.jdbc.SqlScriptsTestExecutionListener@3a49a493, org.springframework.test.context.event.EventPublishingTestExecutionListener@7d07d4e6, org.springframework.boot.test.autoconfigure.restdocs.RestDocsTestExecutionListener@2dc2171e, org.springframework.boot.test.autoconfigure.web.client.MockRestServiceServerResetTestExecutionListener@29b76c6f, org.springframework.boot.test.autoconfigure.web.servlet.MockMvcPrintOnlyOnFailureTestExecutionListener@5e2d38f6, org.springframework.boot.test.autoconfigure.web.servlet.WebDriverTestExecutionListener@1dce6731, org.springframework.boot.test.mock.mockito.ResetMocksTestExecutionListener@2009e971]
Before any test execution
Before any test execution
Before any test execution
Before any test execution
Hibernate: 
    select
        task0_.id as id1_1_,
        task0_.asigned_id as asigned_2_1_,
        task0_.creation_date as creation3_1_,
        task0_.description as descript4_1_,
        task0_.estimated_duration as estimate5_1_,
        task0_.finish_date as finish_d6_1_,
        task0_.name as name7_1_,
        task0_.priority as priority8_1_,
        task0_.project_id as project_9_1_,
        task0_.start_date as start_d10_1_,
        task0_.status as status11_1_ 
    from
        task task0_ 
    where
        task0_.project_id=?
After all test execution
Hibernate: 
    select
        task0_.id as id1_1_,
        task0_.asigned_id as asigned_2_1_,
        task0_.creation_date as creation3_1_,
        task0_.description as descript4_1_,
        task0_.estimated_duration as estimate5_1_,
        task0_.finish_date as finish_d6_1_,
        task0_.name as name7_1_,
        task0_.priority as priority8_1_,
        task0_.project_id as project_9_1_,
        task0_.start_date as start_d10_1_,
        task0_.status as status11_1_ 
    from
        task task0_
Hibernate: 
    select
        task0_.id as id1_1_,
        task0_.asigned_id as asigned_2_1_,
        task0_.creation_date as creation3_1_,
        task0_.description as descript4_1_,
        task0_.estimated_duration as estimate5_1_,
        task0_.finish_date as finish_d6_1_,
        task0_.name as name7_1_,
        task0_.priority as priority8_1_,
        task0_.project_id as project_9_1_,
        task0_.start_date as start_d10_1_,
        task0_.status as status11_1_ 
    from
        task task0_
After all test execution
Hibernate: 
    select
        project0_.id as id1_0_,
        project0_.creation_date as creation2_0_,
        project0_.description as descript3_0_,
        project0_.finish_date as finish_d4_0_,
        project0_.name as name5_0_,
        project0_.project_leader_id as project_6_0_,
        project0_.start_date as start_da7_0_,
        project0_.status as status8_0_ 
    from
        project project0_
After all test execution
Resetting system
Hibernate: 
    select
        task0_.id as id1_1_,
        task0_.asigned_id as asigned_2_1_,
        task0_.creation_date as creation3_1_,
        task0_.description as descript4_1_,
        task0_.estimated_duration as estimate5_1_,
        task0_.finish_date as finish_d6_1_,
        task0_.name as name7_1_,
        task0_.priority as priority8_1_,
        task0_.project_id as project_9_1_,
        task0_.start_date as start_d10_1_,
        task0_.status as status11_1_ 
    from
        task task0_
Resetting system
Hibernate: 
    select
        project0_.id as id1_0_,
        project0_.creation_date as creation2_0_,
        project0_.description as descript3_0_,
        project0_.finish_date as finish_d4_0_,
        project0_.name as name5_0_,
        project0_.project_leader_id as project_6_0_,
        project0_.start_date as start_da7_0_,
        project0_.status as status8_0_ 
    from
        project project0_
Resetting system
Hibernate: 
    select
        project0_.id as id1_0_,
        project0_.creation_date as creation2_0_,
        project0_.description as descript3_0_,
        project0_.finish_date as finish_d4_0_,
        project0_.name as name5_0_,
        project0_.project_leader_id as project_6_0_,
        project0_.start_date as start_da7_0_,
        project0_.status as status8_0_ 
    from
        project project0_
Hibernate: 
    select
        project0_.id as id1_0_,
        project0_.creation_date as creation2_0_,
        project0_.description as descript3_0_,
        project0_.finish_date as finish_d4_0_,
        project0_.name as name5_0_,
        project0_.project_leader_id as project_6_0_,
        project0_.start_date as start_da7_0_,
        project0_.status as status8_0_ 
    from
        project project0_
After all test execution
Hibernate: 
    select
        task0_.id as id1_1_,
        task0_.asigned_id as asigned_2_1_,
        task0_.creation_date as creation3_1_,
        task0_.description as descript4_1_,
        task0_.estimated_duration as estimate5_1_,
        task0_.finish_date as finish_d6_1_,
        task0_.name as name7_1_,
        task0_.priority as priority8_1_,
        task0_.project_id as project_9_1_,
        task0_.start_date as start_d10_1_,
        task0_.status as status11_1_ 
    from
        task task0_
After all test execution
2023-12-03 22:09:26.983  INFO 25172 --- [    Test worker] o.s.t.c.support.AbstractContextLoader    : Could not detect default resource locations for test class [com.aninfo.integration.cucumber.TaskIntegrationServiceTest]: no resource found for suffixes {-context.xml, Context.groovy}.
2023-12-03 22:09:26.992  INFO 25172 --- [    Test worker] .b.t.c.SpringBootTestContextBootstrapper : Loaded default TestExecutionListener class names from location [META-INF/spring.factories]: [org.springframework.boot.test.autoconfigure.restdocs.RestDocsTestExecutionListener, org.springframework.boot.test.autoconfigure.web.client.MockRestServiceServerResetTestExecutionListener, org.springframework.boot.test.autoconfigure.web.servlet.MockMvcPrintOnlyOnFailureTestExecutionListener, org.springframework.boot.test.autoconfigure.web.servlet.WebDriverTestExecutionListener, org.springframework.boot.test.mock.mockito.MockitoTestExecutionListener, org.springframework.boot.test.mock.mockito.ResetMocksTestExecutionListener, org.springframework.test.context.web.ServletTestExecutionListener, org.springframework.test.context.support.DirtiesContextBeforeModesTestExecutionListener, org.springframework.test.context.support.DependencyInjectionTestExecutionListener, org.springframework.test.context.support.DirtiesContextTestExecutionListener, org.springframework.test.context.transaction.TransactionalTestExecutionListener, org.springframework.test.context.jdbc.SqlScriptsTestExecutionListener, org.springframework.test.context.event.EventPublishingTestExecutionListener]
2023-12-03 22:09:26.995  INFO 25172 --- [    Test worker] .b.t.c.SpringBootTestContextBootstrapper : Using TestExecutionListeners: [org.springframework.test.context.web.ServletTestExecutionListener@cd232af, org.springframework.test.context.support.DirtiesContextBeforeModesTestExecutionListener@7dd57369, org.springframework.boot.test.mock.mockito.MockitoTestExecutionListener@130cc39b, org.springframework.boot.test.autoconfigure.SpringBootDependencyInjectionTestExecutionListener@6d84b5f4, org.springframework.test.context.support.DirtiesContextTestExecutionListener@705ea5a1, org.springframework.test.context.transaction.TransactionalTestExecutionListener@2646def8, org.springframework.test.context.jdbc.SqlScriptsTestExecutionListener@5323d1b0, org.springframework.test.context.event.EventPublishingTestExecutionListener@1bc0e535, org.springframework.boot.test.autoconfigure.restdocs.RestDocsTestExecutionListener@1e362841, org.springframework.boot.test.autoconfigure.web.client.MockRestServiceServerResetTestExecutionListener@e978461, org.springframework.boot.test.autoconfigure.web.servlet.MockMvcPrintOnlyOnFailureTestExecutionListener@43747a52, org.springframework.boot.test.autoconfigure.web.servlet.WebDriverTestExecutionListener@5f01d644, org.springframework.boot.test.mock.mockito.ResetMocksTestExecutionListener@70da99c5]
Before any test execution
Before any test execution
Before any test execution
Before any test execution
Hibernate: 
    select
        task0_.id as id1_1_,
        task0_.asigned_id as asigned_2_1_,
        task0_.creation_date as creation3_1_,
        task0_.description as descript4_1_,
        task0_.estimated_duration as estimate5_1_,
        task0_.finish_date as finish_d6_1_,
        task0_.name as name7_1_,
        task0_.priority as priority8_1_,
        task0_.project_id as project_9_1_,
        task0_.start_date as start_d10_1_,
        task0_.status as status11_1_ 
    from
        task task0_ 
    where
        task0_.name=?
Hibernate: 
    call next value for hibernate_sequence
Hibernate: 
    insert 
    into
        task
        (asigned_id, creation_date, description, estimated_duration, finish_date, name, priority, project_id, start_date, status, id) 
    values
        (?, ?, ?, ?, ?, ?, ?, ?, ?, ?, ?)
Hibernate: 
    select
        task0_.id as id1_1_,
        task0_.asigned_id as asigned_2_1_,
        task0_.creation_date as creation3_1_,
        task0_.description as descript4_1_,
        task0_.estimated_duration as estimate5_1_,
        task0_.finish_date as finish_d6_1_,
        task0_.name as name7_1_,
        task0_.priority as priority8_1_,
        task0_.project_id as project_9_1_,
        task0_.start_date as start_d10_1_,
        task0_.status as status11_1_ 
    from
        task task0_ 
    where
        task0_.name=?
Hibernate: 
    call next value for hibernate_sequence
Hibernate: 
    insert 
    into
        task
        (asigned_id, creation_date, description, estimated_duration, finish_date, name, priority, project_id, start_date, status, id) 
    values
        (?, ?, ?, ?, ?, ?, ?, ?, ?, ?, ?)
Hibernate: 
    select
        task0_.id as id1_1_,
        task0_.asigned_id as asigned_2_1_,
        task0_.creation_date as creation3_1_,
        task0_.description as descript4_1_,
        task0_.estimated_duration as estimate5_1_,
        task0_.finish_date as finish_d6_1_,
        task0_.name as name7_1_,
        task0_.priority as priority8_1_,
        task0_.project_id as project_9_1_,
        task0_.start_date as start_d10_1_,
        task0_.status as status11_1_ 
    from
        task task0_
Hibernate: 
    select
        task0_.id as id1_1_,
        task0_.asigned_id as asigned_2_1_,
        task0_.creation_date as creation3_1_,
        task0_.description as descript4_1_,
        task0_.estimated_duration as estimate5_1_,
        task0_.finish_date as finish_d6_1_,
        task0_.name as name7_1_,
        task0_.priority as priority8_1_,
        task0_.project_id as project_9_1_,
        task0_.start_date as start_d10_1_,
        task0_.status as status11_1_ 
    from
        task task0_ 
    where
        task0_.project_id=?
After all test execution
Hibernate: 
    select
        task0_.id as id1_1_,
        task0_.asigned_id as asigned_2_1_,
        task0_.creation_date as creation3_1_,
        task0_.description as descript4_1_,
        task0_.estimated_duration as estimate5_1_,
        task0_.finish_date as finish_d6_1_,
        task0_.name as name7_1_,
        task0_.priority as priority8_1_,
        task0_.project_id as project_9_1_,
        task0_.start_date as start_d10_1_,
        task0_.status as status11_1_ 
    from
        task task0_
Hibernate: 
    delete 
    from
        task 
    where
        id=?
Hibernate: 
    delete 
    from
        task 
    where
        id=?
Hibernate: 
    select
        task0_.id as id1_1_,
        task0_.asigned_id as asigned_2_1_,
        task0_.creation_date as creation3_1_,
        task0_.description as descript4_1_,
        task0_.estimated_duration as estimate5_1_,
        task0_.finish_date as finish_d6_1_,
        task0_.name as name7_1_,
        task0_.priority as priority8_1_,
        task0_.project_id as project_9_1_,
        task0_.start_date as start_d10_1_,
        task0_.status as status11_1_ 
    from
        task task0_
After all test execution
Hibernate: 
    select
        project0_.id as id1_0_,
        project0_.creation_date as creation2_0_,
        project0_.description as descript3_0_,
        project0_.finish_date as finish_d4_0_,
        project0_.name as name5_0_,
        project0_.project_leader_id as project_6_0_,
        project0_.start_date as start_da7_0_,
        project0_.status as status8_0_ 
    from
        project project0_
After all test execution
Resetting system
Hibernate: 
    select
        task0_.id as id1_1_,
        task0_.asigned_id as asigned_2_1_,
        task0_.creation_date as creation3_1_,
        task0_.description as descript4_1_,
        task0_.estimated_duration as estimate5_1_,
        task0_.finish_date as finish_d6_1_,
        task0_.name as name7_1_,
        task0_.priority as priority8_1_,
        task0_.project_id as project_9_1_,
        task0_.start_date as start_d10_1_,
        task0_.status as status11_1_ 
    from
        task task0_
Resetting system
Hibernate: 
    select
        project0_.id as id1_0_,
        project0_.creation_date as creation2_0_,
        project0_.description as descript3_0_,
        project0_.finish_date as finish_d4_0_,
        project0_.name as name5_0_,
        project0_.project_leader_id as project_6_0_,
        project0_.start_date as start_da7_0_,
        project0_.status as status8_0_ 
    from
        project project0_
Resetting system
Hibernate: 
    select
        project0_.id as id1_0_,
        project0_.creation_date as creation2_0_,
        project0_.description as descript3_0_,
        project0_.finish_date as finish_d4_0_,
        project0_.name as name5_0_,
        project0_.project_leader_id as project_6_0_,
        project0_.start_date as start_da7_0_,
        project0_.status as status8_0_ 
    from
        project project0_
Hibernate: 
    select
        project0_.id as id1_0_,
        project0_.creation_date as creation2_0_,
        project0_.description as descript3_0_,
        project0_.finish_date as finish_d4_0_,
        project0_.name as name5_0_,
        project0_.project_leader_id as project_6_0_,
        project0_.start_date as start_da7_0_,
        project0_.status as status8_0_ 
    from
        project project0_
After all test execution
Hibernate: 
    select
        task0_.id as id1_1_,
        task0_.asigned_id as asigned_2_1_,
        task0_.creation_date as creation3_1_,
        task0_.description as descript4_1_,
        task0_.estimated_duration as estimate5_1_,
        task0_.finish_date as finish_d6_1_,
        task0_.name as name7_1_,
        task0_.priority as priority8_1_,
        task0_.project_id as project_9_1_,
        task0_.start_date as start_d10_1_,
        task0_.status as status11_1_ 
    from
        task task0_
After all test execution
2023-12-03 22:09:27.055  INFO 25172 --- [    Test worker] o.s.t.c.support.AbstractContextLoader    : Could not detect default resource locations for test class [com.aninfo.integration.cucumber.TaskIntegrationServiceTest]: no resource found for suffixes {-context.xml, Context.groovy}.
2023-12-03 22:09:27.056  INFO 25172 --- [    Test worker] .b.t.c.SpringBootTestContextBootstrapper : Loaded default TestExecutionListener class names from location [META-INF/spring.factories]: [org.springframework.boot.test.autoconfigure.restdocs.RestDocsTestExecutionListener, org.springframework.boot.test.autoconfigure.web.client.MockRestServiceServerResetTestExecutionListener, org.springframework.boot.test.autoconfigure.web.servlet.MockMvcPrintOnlyOnFailureTestExecutionListener, org.springframework.boot.test.autoconfigure.web.servlet.WebDriverTestExecutionListener, org.springframework.boot.test.mock.mockito.MockitoTestExecutionListener, org.springframework.boot.test.mock.mockito.ResetMocksTestExecutionListener, org.springframework.test.context.web.ServletTestExecutionListener, org.springframework.test.context.support.DirtiesContextBeforeModesTestExecutionListener, org.springframework.test.context.support.DependencyInjectionTestExecutionListener, org.springframework.test.context.support.DirtiesContextTestExecutionListener, org.springframework.test.context.transaction.TransactionalTestExecutionListener, org.springframework.test.context.jdbc.SqlScriptsTestExecutionListener, org.springframework.test.context.event.EventPublishingTestExecutionListener]
2023-12-03 22:09:27.057  INFO 25172 --- [    Test worker] .b.t.c.SpringBootTestContextBootstrapper : Using TestExecutionListeners: [org.springframework.test.context.web.ServletTestExecutionListener@1d421975, org.springframework.test.context.support.DirtiesContextBeforeModesTestExecutionListener@e04b9d0, org.springframework.boot.test.mock.mockito.MockitoTestExecutionListener@152a25c2, org.springframework.boot.test.autoconfigure.SpringBootDependencyInjectionTestExecutionListener@5deb25fd, org.springframework.test.context.support.DirtiesContextTestExecutionListener@50ef1684, org.springframework.test.context.transaction.TransactionalTestExecutionListener@7b8eff70, org.springframework.test.context.jdbc.SqlScriptsTestExecutionListener@3f4ec1f6, org.springframework.test.context.event.EventPublishingTestExecutionListener@3b8edf2f, org.springframework.boot.test.autoconfigure.restdocs.RestDocsTestExecutionListener@137da5ec, org.springframework.boot.test.autoconfigure.web.client.MockRestServiceServerResetTestExecutionListener@1f04ad8c, org.springframework.boot.test.autoconfigure.web.servlet.MockMvcPrintOnlyOnFailureTestExecutionListener@568c9eeb, org.springframework.boot.test.autoconfigure.web.servlet.WebDriverTestExecutionListener@1b3654b2, org.springframework.boot.test.mock.mockito.ResetMocksTestExecutionListener@659ac0fd]
Before any test execution
Before any test execution
Before any test execution
Before any test execution
Hibernate: 
    select
        task0_.id as id1_1_,
        task0_.asigned_id as asigned_2_1_,
        task0_.creation_date as creation3_1_,
        task0_.description as descript4_1_,
        task0_.estimated_duration as estimate5_1_,
        task0_.finish_date as finish_d6_1_,
        task0_.name as name7_1_,
        task0_.priority as priority8_1_,
        task0_.project_id as project_9_1_,
        task0_.start_date as start_d10_1_,
        task0_.status as status11_1_ 
    from
        task task0_ 
    where
        task0_.name=?
Hibernate: 
    call next value for hibernate_sequence
Hibernate: 
    insert 
    into
        task
        (asigned_id, creation_date, description, estimated_duration, finish_date, name, priority, project_id, start_date, status, id) 
    values
        (?, ?, ?, ?, ?, ?, ?, ?, ?, ?, ?)
Hibernate: 
    select
        task0_.id as id1_1_,
        task0_.asigned_id as asigned_2_1_,
        task0_.creation_date as creation3_1_,
        task0_.description as descript4_1_,
        task0_.estimated_duration as estimate5_1_,
        task0_.finish_date as finish_d6_1_,
        task0_.name as name7_1_,
        task0_.priority as priority8_1_,
        task0_.project_id as project_9_1_,
        task0_.start_date as start_d10_1_,
        task0_.status as status11_1_ 
    from
        task task0_ 
    where
        task0_.name=?
After all test execution
Hibernate: 
    select
        task0_.id as id1_1_,
        task0_.asigned_id as asigned_2_1_,
        task0_.creation_date as creation3_1_,
        task0_.description as descript4_1_,
        task0_.estimated_duration as estimate5_1_,
        task0_.finish_date as finish_d6_1_,
        task0_.name as name7_1_,
        task0_.priority as priority8_1_,
        task0_.project_id as project_9_1_,
        task0_.start_date as start_d10_1_,
        task0_.status as status11_1_ 
    from
        task task0_
Hibernate: 
    delete 
    from
        task 
    where
        id=?
Hibernate: 
    select
        task0_.id as id1_1_,
        task0_.asigned_id as asigned_2_1_,
        task0_.creation_date as creation3_1_,
        task0_.description as descript4_1_,
        task0_.estimated_duration as estimate5_1_,
        task0_.finish_date as finish_d6_1_,
        task0_.name as name7_1_,
        task0_.priority as priority8_1_,
        task0_.project_id as project_9_1_,
        task0_.start_date as start_d10_1_,
        task0_.status as status11_1_ 
    from
        task task0_
After all test execution
Hibernate: 
    select
        project0_.id as id1_0_,
        project0_.creation_date as creation2_0_,
        project0_.description as descript3_0_,
        project0_.finish_date as finish_d4_0_,
        project0_.name as name5_0_,
        project0_.project_leader_id as project_6_0_,
        project0_.start_date as start_da7_0_,
        project0_.status as status8_0_ 
    from
        project project0_
After all test execution
Resetting system
Hibernate: 
    select
        task0_.id as id1_1_,
        task0_.asigned_id as asigned_2_1_,
        task0_.creation_date as creation3_1_,
        task0_.description as descript4_1_,
        task0_.estimated_duration as estimate5_1_,
        task0_.finish_date as finish_d6_1_,
        task0_.name as name7_1_,
        task0_.priority as priority8_1_,
        task0_.project_id as project_9_1_,
        task0_.start_date as start_d10_1_,
        task0_.status as status11_1_ 
    from
        task task0_
Resetting system
Hibernate: 
    select
        project0_.id as id1_0_,
        project0_.creation_date as creation2_0_,
        project0_.description as descript3_0_,
        project0_.finish_date as finish_d4_0_,
        project0_.name as name5_0_,
        project0_.project_leader_id as project_6_0_,
        project0_.start_date as start_da7_0_,
        project0_.status as status8_0_ 
    from
        project project0_
Resetting system
Hibernate: 
    select
        project0_.id as id1_0_,
        project0_.creation_date as creation2_0_,
        project0_.description as descript3_0_,
        project0_.finish_date as finish_d4_0_,
        project0_.name as name5_0_,
        project0_.project_leader_id as project_6_0_,
        project0_.start_date as start_da7_0_,
        project0_.status as status8_0_ 
    from
        project project0_
Hibernate: 
    select
        project0_.id as id1_0_,
        project0_.creation_date as creation2_0_,
        project0_.description as descript3_0_,
        project0_.finish_date as finish_d4_0_,
        project0_.name as name5_0_,
        project0_.project_leader_id as project_6_0_,
        project0_.start_date as start_da7_0_,
        project0_.status as status8_0_ 
    from
        project project0_
After all test execution
Hibernate: 
    select
        task0_.id as id1_1_,
        task0_.asigned_id as asigned_2_1_,
        task0_.creation_date as creation3_1_,
        task0_.description as descript4_1_,
        task0_.estimated_duration as estimate5_1_,
        task0_.finish_date as finish_d6_1_,
        task0_.name as name7_1_,
        task0_.priority as priority8_1_,
        task0_.project_id as project_9_1_,
        task0_.start_date as start_d10_1_,
        task0_.status as status11_1_ 
    from
        task task0_
After all test execution
2023-12-03 22:09:27.082  INFO 25172 --- [    Test worker] o.s.t.c.support.AbstractContextLoader    : Could not detect default resource locations for test class [com.aninfo.integration.cucumber.TaskIntegrationServiceTest]: no resource found for suffixes {-context.xml, Context.groovy}.
2023-12-03 22:09:27.084  INFO 25172 --- [    Test worker] .b.t.c.SpringBootTestContextBootstrapper : Loaded default TestExecutionListener class names from location [META-INF/spring.factories]: [org.springframework.boot.test.autoconfigure.restdocs.RestDocsTestExecutionListener, org.springframework.boot.test.autoconfigure.web.client.MockRestServiceServerResetTestExecutionListener, org.springframework.boot.test.autoconfigure.web.servlet.MockMvcPrintOnlyOnFailureTestExecutionListener, org.springframework.boot.test.autoconfigure.web.servlet.WebDriverTestExecutionListener, org.springframework.boot.test.mock.mockito.MockitoTestExecutionListener, org.springframework.boot.test.mock.mockito.ResetMocksTestExecutionListener, org.springframework.test.context.web.ServletTestExecutionListener, org.springframework.test.context.support.DirtiesContextBeforeModesTestExecutionListener, org.springframework.test.context.support.DependencyInjectionTestExecutionListener, org.springframework.test.context.support.DirtiesContextTestExecutionListener, org.springframework.test.context.transaction.TransactionalTestExecutionListener, org.springframework.test.context.jdbc.SqlScriptsTestExecutionListener, org.springframework.test.context.event.EventPublishingTestExecutionListener]
2023-12-03 22:09:27.084  INFO 25172 --- [    Test worker] .b.t.c.SpringBootTestContextBootstrapper : Using TestExecutionListeners: [org.springframework.test.context.web.ServletTestExecutionListener@4580bbbe, org.springframework.test.context.support.DirtiesContextBeforeModesTestExecutionListener@a88d4b9, org.springframework.boot.test.mock.mockito.MockitoTestExecutionListener@6b0c2176, org.springframework.boot.test.autoconfigure.SpringBootDependencyInjectionTestExecutionListener@5f470c04, org.springframework.test.context.support.DirtiesContextTestExecutionListener@1fda0119, org.springframework.test.context.transaction.TransactionalTestExecutionListener@533b3347, org.springframework.test.context.jdbc.SqlScriptsTestExecutionListener@5936bfc7, org.springframework.test.context.event.EventPublishingTestExecutionListener@3ef6afc9, org.springframework.boot.test.autoconfigure.restdocs.RestDocsTestExecutionListener@71ebb3c7, org.springframework.boot.test.autoconfigure.web.client.MockRestServiceServerResetTestExecutionListener@7b4007b6, org.springframework.boot.test.autoconfigure.web.servlet.MockMvcPrintOnlyOnFailureTestExecutionListener@17e4579e, org.springframework.boot.test.autoconfigure.web.servlet.WebDriverTestExecutionListener@1ce72a4c, org.springframework.boot.test.mock.mockito.ResetMocksTestExecutionListener@303ed79c]
Before any test execution
Before any test execution
Before any test execution
Before any test execution
Hibernate: 
    select
        task0_.id as id1_1_,
        task0_.asigned_id as asigned_2_1_,
        task0_.creation_date as creation3_1_,
        task0_.description as descript4_1_,
        task0_.estimated_duration as estimate5_1_,
        task0_.finish_date as finish_d6_1_,
        task0_.name as name7_1_,
        task0_.priority as priority8_1_,
        task0_.project_id as project_9_1_,
        task0_.start_date as start_d10_1_,
        task0_.status as status11_1_ 
    from
        task task0_ 
    where
        task0_.name=?
Hibernate: 
    call next value for hibernate_sequence
Hibernate: 
    insert 
    into
        task
        (asigned_id, creation_date, description, estimated_duration, finish_date, name, priority, project_id, start_date, status, id) 
    values
        (?, ?, ?, ?, ?, ?, ?, ?, ?, ?, ?)
Hibernate: 
    select
        task0_.id as id1_1_,
        task0_.asigned_id as asigned_2_1_,
        task0_.creation_date as creation3_1_,
        task0_.description as descript4_1_,
        task0_.estimated_duration as estimate5_1_,
        task0_.finish_date as finish_d6_1_,
        task0_.name as name7_1_,
        task0_.priority as priority8_1_,
        task0_.project_id as project_9_1_,
        task0_.start_date as start_d10_1_,
        task0_.status as status11_1_ 
    from
        task task0_ 
    where
        task0_.name=?
After all test execution
Hibernate: 
    select
        task0_.id as id1_1_,
        task0_.asigned_id as asigned_2_1_,
        task0_.creation_date as creation3_1_,
        task0_.description as descript4_1_,
        task0_.estimated_duration as estimate5_1_,
        task0_.finish_date as finish_d6_1_,
        task0_.name as name7_1_,
        task0_.priority as priority8_1_,
        task0_.project_id as project_9_1_,
        task0_.start_date as start_d10_1_,
        task0_.status as status11_1_ 
    from
        task task0_
Hibernate: 
    delete 
    from
        task 
    where
        id=?
Hibernate: 
    select
        task0_.id as id1_1_,
        task0_.asigned_id as asigned_2_1_,
        task0_.creation_date as creation3_1_,
        task0_.description as descript4_1_,
        task0_.estimated_duration as estimate5_1_,
        task0_.finish_date as finish_d6_1_,
        task0_.name as name7_1_,
        task0_.priority as priority8_1_,
        task0_.project_id as project_9_1_,
        task0_.start_date as start_d10_1_,
        task0_.status as status11_1_ 
    from
        task task0_
After all test execution
Hibernate: 
    select
        project0_.id as id1_0_,
        project0_.creation_date as creation2_0_,
        project0_.description as descript3_0_,
        project0_.finish_date as finish_d4_0_,
        project0_.name as name5_0_,
        project0_.project_leader_id as project_6_0_,
        project0_.start_date as start_da7_0_,
        project0_.status as status8_0_ 
    from
        project project0_
After all test execution
Resetting system
Hibernate: 
    select
        task0_.id as id1_1_,
        task0_.asigned_id as asigned_2_1_,
        task0_.creation_date as creation3_1_,
        task0_.description as descript4_1_,
        task0_.estimated_duration as estimate5_1_,
        task0_.finish_date as finish_d6_1_,
        task0_.name as name7_1_,
        task0_.priority as priority8_1_,
        task0_.project_id as project_9_1_,
        task0_.start_date as start_d10_1_,
        task0_.status as status11_1_ 
    from
        task task0_
Resetting system
Hibernate: 
    select
        project0_.id as id1_0_,
        project0_.creation_date as creation2_0_,
        project0_.description as descript3_0_,
        project0_.finish_date as finish_d4_0_,
        project0_.name as name5_0_,
        project0_.project_leader_id as project_6_0_,
        project0_.start_date as start_da7_0_,
        project0_.status as status8_0_ 
    from
        project project0_
Resetting system
Hibernate: 
    select
        project0_.id as id1_0_,
        project0_.creation_date as creation2_0_,
        project0_.description as descript3_0_,
        project0_.finish_date as finish_d4_0_,
        project0_.name as name5_0_,
        project0_.project_leader_id as project_6_0_,
        project0_.start_date as start_da7_0_,
        project0_.status as status8_0_ 
    from
        project project0_
Hibernate: 
    select
        project0_.id as id1_0_,
        project0_.creation_date as creation2_0_,
        project0_.description as descript3_0_,
        project0_.finish_date as finish_d4_0_,
        project0_.name as name5_0_,
        project0_.project_leader_id as project_6_0_,
        project0_.start_date as start_da7_0_,
        project0_.status as status8_0_ 
    from
        project project0_
After all test execution
Hibernate: 
    select
        task0_.id as id1_1_,
        task0_.asigned_id as asigned_2_1_,
        task0_.creation_date as creation3_1_,
        task0_.description as descript4_1_,
        task0_.estimated_duration as estimate5_1_,
        task0_.finish_date as finish_d6_1_,
        task0_.name as name7_1_,
        task0_.priority as priority8_1_,
        task0_.project_id as project_9_1_,
        task0_.start_date as start_d10_1_,
        task0_.status as status11_1_ 
    from
        task task0_
After all test execution
2023-12-03 22:09:27.120  INFO 25172 --- [    Test worker] o.s.t.c.support.AbstractContextLoader    : Could not detect default resource locations for test class [com.aninfo.integration.cucumber.TaskIntegrationServiceTest]: no resource found for suffixes {-context.xml, Context.groovy}.
2023-12-03 22:09:27.122  INFO 25172 --- [    Test worker] .b.t.c.SpringBootTestContextBootstrapper : Loaded default TestExecutionListener class names from location [META-INF/spring.factories]: [org.springframework.boot.test.autoconfigure.restdocs.RestDocsTestExecutionListener, org.springframework.boot.test.autoconfigure.web.client.MockRestServiceServerResetTestExecutionListener, org.springframework.boot.test.autoconfigure.web.servlet.MockMvcPrintOnlyOnFailureTestExecutionListener, org.springframework.boot.test.autoconfigure.web.servlet.WebDriverTestExecutionListener, org.springframework.boot.test.mock.mockito.MockitoTestExecutionListener, org.springframework.boot.test.mock.mockito.ResetMocksTestExecutionListener, org.springframework.test.context.web.ServletTestExecutionListener, org.springframework.test.context.support.DirtiesContextBeforeModesTestExecutionListener, org.springframework.test.context.support.DependencyInjectionTestExecutionListener, org.springframework.test.context.support.DirtiesContextTestExecutionListener, org.springframework.test.context.transaction.TransactionalTestExecutionListener, org.springframework.test.context.jdbc.SqlScriptsTestExecutionListener, org.springframework.test.context.event.EventPublishingTestExecutionListener]
2023-12-03 22:09:27.123  INFO 25172 --- [    Test worker] .b.t.c.SpringBootTestContextBootstrapper : Using TestExecutionListeners: [org.springframework.test.context.web.ServletTestExecutionListener@50c582f7, org.springframework.test.context.support.DirtiesContextBeforeModesTestExecutionListener@78a874b3, org.springframework.boot.test.mock.mockito.MockitoTestExecutionListener@3db7bc0b, org.springframework.boot.test.autoconfigure.SpringBootDependencyInjectionTestExecutionListener@284d2052, org.springframework.test.context.support.DirtiesContextTestExecutionListener@5463dd96, org.springframework.test.context.transaction.TransactionalTestExecutionListener@6fd53645, org.springframework.test.context.jdbc.SqlScriptsTestExecutionListener@6f829850, org.springframework.test.context.event.EventPublishingTestExecutionListener@2e0c7a42, org.springframework.boot.test.autoconfigure.restdocs.RestDocsTestExecutionListener@64c99d78, org.springframework.boot.test.autoconfigure.web.client.MockRestServiceServerResetTestExecutionListener@22e8e8ba, org.springframework.boot.test.autoconfigure.web.servlet.MockMvcPrintOnlyOnFailureTestExecutionListener@5953b4af, org.springframework.boot.test.autoconfigure.web.servlet.WebDriverTestExecutionListener@14c01bad, org.springframework.boot.test.mock.mockito.ResetMocksTestExecutionListener@3cca7610]
Before any test execution
Before any test execution
Before any test execution
Before any test execution
Hibernate: 
    select
        task0_.id as id1_1_,
        task0_.asigned_id as asigned_2_1_,
        task0_.creation_date as creation3_1_,
        task0_.description as descript4_1_,
        task0_.estimated_duration as estimate5_1_,
        task0_.finish_date as finish_d6_1_,
        task0_.name as name7_1_,
        task0_.priority as priority8_1_,
        task0_.project_id as project_9_1_,
        task0_.start_date as start_d10_1_,
        task0_.status as status11_1_ 
    from
        task task0_ 
    where
        task0_.name=?
Hibernate: 
    call next value for hibernate_sequence
Hibernate: 
    insert 
    into
        task
        (asigned_id, creation_date, description, estimated_duration, finish_date, name, priority, project_id, start_date, status, id) 
    values
        (?, ?, ?, ?, ?, ?, ?, ?, ?, ?, ?)
After all test execution
Hibernate: 
    select
        task0_.id as id1_1_,
        task0_.asigned_id as asigned_2_1_,
        task0_.creation_date as creation3_1_,
        task0_.description as descript4_1_,
        task0_.estimated_duration as estimate5_1_,
        task0_.finish_date as finish_d6_1_,
        task0_.name as name7_1_,
        task0_.priority as priority8_1_,
        task0_.project_id as project_9_1_,
        task0_.start_date as start_d10_1_,
        task0_.status as status11_1_ 
    from
        task task0_
Hibernate: 
    delete 
    from
        task 
    where
        id=?
Hibernate: 
    select
        task0_.id as id1_1_,
        task0_.asigned_id as asigned_2_1_,
        task0_.creation_date as creation3_1_,
        task0_.description as descript4_1_,
        task0_.estimated_duration as estimate5_1_,
        task0_.finish_date as finish_d6_1_,
        task0_.name as name7_1_,
        task0_.priority as priority8_1_,
        task0_.project_id as project_9_1_,
        task0_.start_date as start_d10_1_,
        task0_.status as status11_1_ 
    from
        task task0_
After all test execution
Hibernate: 
    select
        project0_.id as id1_0_,
        project0_.creation_date as creation2_0_,
        project0_.description as descript3_0_,
        project0_.finish_date as finish_d4_0_,
        project0_.name as name5_0_,
        project0_.project_leader_id as project_6_0_,
        project0_.start_date as start_da7_0_,
        project0_.status as status8_0_ 
    from
        project project0_
After all test execution
Resetting system
Hibernate: 
    select
        task0_.id as id1_1_,
        task0_.asigned_id as asigned_2_1_,
        task0_.creation_date as creation3_1_,
        task0_.description as descript4_1_,
        task0_.estimated_duration as estimate5_1_,
        task0_.finish_date as finish_d6_1_,
        task0_.name as name7_1_,
        task0_.priority as priority8_1_,
        task0_.project_id as project_9_1_,
        task0_.start_date as start_d10_1_,
        task0_.status as status11_1_ 
    from
        task task0_
Resetting system
Hibernate: 
    select
        project0_.id as id1_0_,
        project0_.creation_date as creation2_0_,
        project0_.description as descript3_0_,
        project0_.finish_date as finish_d4_0_,
        project0_.name as name5_0_,
        project0_.project_leader_id as project_6_0_,
        project0_.start_date as start_da7_0_,
        project0_.status as status8_0_ 
    from
        project project0_
Resetting system
Hibernate: 
    select
        project0_.id as id1_0_,
        project0_.creation_date as creation2_0_,
        project0_.description as descript3_0_,
        project0_.finish_date as finish_d4_0_,
        project0_.name as name5_0_,
        project0_.project_leader_id as project_6_0_,
        project0_.start_date as start_da7_0_,
        project0_.status as status8_0_ 
    from
        project project0_
Hibernate: 
    select
        project0_.id as id1_0_,
        project0_.creation_date as creation2_0_,
        project0_.description as descript3_0_,
        project0_.finish_date as finish_d4_0_,
        project0_.name as name5_0_,
        project0_.project_leader_id as project_6_0_,
        project0_.start_date as start_da7_0_,
        project0_.status as status8_0_ 
    from
        project project0_
After all test execution
Hibernate: 
    select
        task0_.id as id1_1_,
        task0_.asigned_id as asigned_2_1_,
        task0_.creation_date as creation3_1_,
        task0_.description as descript4_1_,
        task0_.estimated_duration as estimate5_1_,
        task0_.finish_date as finish_d6_1_,
        task0_.name as name7_1_,
        task0_.priority as priority8_1_,
        task0_.project_id as project_9_1_,
        task0_.start_date as start_d10_1_,
        task0_.status as status11_1_ 
    from
        task task0_
After all test execution
2023-12-03 22:09:27.154  INFO 25172 --- [    Test worker] o.s.t.c.support.AbstractContextLoader    : Could not detect default resource locations for test class [com.aninfo.integration.cucumber.TaskIntegrationServiceTest]: no resource found for suffixes {-context.xml, Context.groovy}.
2023-12-03 22:09:27.155  INFO 25172 --- [    Test worker] .b.t.c.SpringBootTestContextBootstrapper : Loaded default TestExecutionListener class names from location [META-INF/spring.factories]: [org.springframework.boot.test.autoconfigure.restdocs.RestDocsTestExecutionListener, org.springframework.boot.test.autoconfigure.web.client.MockRestServiceServerResetTestExecutionListener, org.springframework.boot.test.autoconfigure.web.servlet.MockMvcPrintOnlyOnFailureTestExecutionListener, org.springframework.boot.test.autoconfigure.web.servlet.WebDriverTestExecutionListener, org.springframework.boot.test.mock.mockito.MockitoTestExecutionListener, org.springframework.boot.test.mock.mockito.ResetMocksTestExecutionListener, org.springframework.test.context.web.ServletTestExecutionListener, org.springframework.test.context.support.DirtiesContextBeforeModesTestExecutionListener, org.springframework.test.context.support.DependencyInjectionTestExecutionListener, org.springframework.test.context.support.DirtiesContextTestExecutionListener, org.springframework.test.context.transaction.TransactionalTestExecutionListener, org.springframework.test.context.jdbc.SqlScriptsTestExecutionListener, org.springframework.test.context.event.EventPublishingTestExecutionListener]
2023-12-03 22:09:27.156  INFO 25172 --- [    Test worker] .b.t.c.SpringBootTestContextBootstrapper : Using TestExecutionListeners: [org.springframework.test.context.web.ServletTestExecutionListener@a0097c9, org.springframework.test.context.support.DirtiesContextBeforeModesTestExecutionListener@57ccbcbe, org.springframework.boot.test.mock.mockito.MockitoTestExecutionListener@687718f5, org.springframework.boot.test.autoconfigure.SpringBootDependencyInjectionTestExecutionListener@b569acd, org.springframework.test.context.support.DirtiesContextTestExecutionListener@5e6eab1, org.springframework.test.context.transaction.TransactionalTestExecutionListener@37fd9fff, org.springframework.test.context.jdbc.SqlScriptsTestExecutionListener@671d8945, org.springframework.test.context.event.EventPublishingTestExecutionListener@58a2e799, org.springframework.boot.test.autoconfigure.restdocs.RestDocsTestExecutionListener@6aa32d5e, org.springframework.boot.test.autoconfigure.web.client.MockRestServiceServerResetTestExecutionListener@31fa4592, org.springframework.boot.test.autoconfigure.web.servlet.MockMvcPrintOnlyOnFailureTestExecutionListener@3aa6b549, org.springframework.boot.test.autoconfigure.web.servlet.WebDriverTestExecutionListener@75f703ab, org.springframework.boot.test.mock.mockito.ResetMocksTestExecutionListener@64d0996]
Before any test execution
Before any test execution
Before any test execution
Before any test execution
Hibernate: 
    select
        task0_.id as id1_1_,
        task0_.asigned_id as asigned_2_1_,
        task0_.creation_date as creation3_1_,
        task0_.description as descript4_1_,
        task0_.estimated_duration as estimate5_1_,
        task0_.finish_date as finish_d6_1_,
        task0_.name as name7_1_,
        task0_.priority as priority8_1_,
        task0_.project_id as project_9_1_,
        task0_.start_date as start_d10_1_,
        task0_.status as status11_1_ 
    from
        task task0_ 
    where
        task0_.name=?
Hibernate: 
    call next value for hibernate_sequence
Hibernate: 
    insert 
    into
        task
        (asigned_id, creation_date, description, estimated_duration, finish_date, name, priority, project_id, start_date, status, id) 
    values
        (?, ?, ?, ?, ?, ?, ?, ?, ?, ?, ?)
Hibernate: 
    select
        task0_.id as id1_1_,
        task0_.asigned_id as asigned_2_1_,
        task0_.creation_date as creation3_1_,
        task0_.description as descript4_1_,
        task0_.estimated_duration as estimate5_1_,
        task0_.finish_date as finish_d6_1_,
        task0_.name as name7_1_,
        task0_.priority as priority8_1_,
        task0_.project_id as project_9_1_,
        task0_.start_date as start_d10_1_,
        task0_.status as status11_1_ 
    from
        task task0_ 
    where
        task0_.name=?
After all test execution
Hibernate: 
    select
        task0_.id as id1_1_,
        task0_.asigned_id as asigned_2_1_,
        task0_.creation_date as creation3_1_,
        task0_.description as descript4_1_,
        task0_.estimated_duration as estimate5_1_,
        task0_.finish_date as finish_d6_1_,
        task0_.name as name7_1_,
        task0_.priority as priority8_1_,
        task0_.project_id as project_9_1_,
        task0_.start_date as start_d10_1_,
        task0_.status as status11_1_ 
    from
        task task0_
Hibernate: 
    delete 
    from
        task 
    where
        id=?
Hibernate: 
    select
        task0_.id as id1_1_,
        task0_.asigned_id as asigned_2_1_,
        task0_.creation_date as creation3_1_,
        task0_.description as descript4_1_,
        task0_.estimated_duration as estimate5_1_,
        task0_.finish_date as finish_d6_1_,
        task0_.name as name7_1_,
        task0_.priority as priority8_1_,
        task0_.project_id as project_9_1_,
        task0_.start_date as start_d10_1_,
        task0_.status as status11_1_ 
    from
        task task0_
After all test execution
Hibernate: 
    select
        project0_.id as id1_0_,
        project0_.creation_date as creation2_0_,
        project0_.description as descript3_0_,
        project0_.finish_date as finish_d4_0_,
        project0_.name as name5_0_,
        project0_.project_leader_id as project_6_0_,
        project0_.start_date as start_da7_0_,
        project0_.status as status8_0_ 
    from
        project project0_
After all test execution
Resetting system
Hibernate: 
    select
        task0_.id as id1_1_,
        task0_.asigned_id as asigned_2_1_,
        task0_.creation_date as creation3_1_,
        task0_.description as descript4_1_,
        task0_.estimated_duration as estimate5_1_,
        task0_.finish_date as finish_d6_1_,
        task0_.name as name7_1_,
        task0_.priority as priority8_1_,
        task0_.project_id as project_9_1_,
        task0_.start_date as start_d10_1_,
        task0_.status as status11_1_ 
    from
        task task0_
Resetting system
Hibernate: 
    select
        project0_.id as id1_0_,
        project0_.creation_date as creation2_0_,
        project0_.description as descript3_0_,
        project0_.finish_date as finish_d4_0_,
        project0_.name as name5_0_,
        project0_.project_leader_id as project_6_0_,
        project0_.start_date as start_da7_0_,
        project0_.status as status8_0_ 
    from
        project project0_
Resetting system
Hibernate: 
    select
        project0_.id as id1_0_,
        project0_.creation_date as creation2_0_,
        project0_.description as descript3_0_,
        project0_.finish_date as finish_d4_0_,
        project0_.name as name5_0_,
        project0_.project_leader_id as project_6_0_,
        project0_.start_date as start_da7_0_,
        project0_.status as status8_0_ 
    from
        project project0_
Hibernate: 
    select
        project0_.id as id1_0_,
        project0_.creation_date as creation2_0_,
        project0_.description as descript3_0_,
        project0_.finish_date as finish_d4_0_,
        project0_.name as name5_0_,
        project0_.project_leader_id as project_6_0_,
        project0_.start_date as start_da7_0_,
        project0_.status as status8_0_ 
    from
        project project0_
After all test execution
Hibernate: 
    select
        task0_.id as id1_1_,
        task0_.asigned_id as asigned_2_1_,
        task0_.creation_date as creation3_1_,
        task0_.description as descript4_1_,
        task0_.estimated_duration as estimate5_1_,
        task0_.finish_date as finish_d6_1_,
        task0_.name as name7_1_,
        task0_.priority as priority8_1_,
        task0_.project_id as project_9_1_,
        task0_.start_date as start_d10_1_,
        task0_.status as status11_1_ 
    from
        task task0_
After all test execution
2023-12-03 22:09:27.188  INFO 25172 --- [    Test worker] o.s.t.c.support.AbstractContextLoader    : Could not detect default resource locations for test class [com.aninfo.integration.cucumber.TaskIntegrationServiceTest]: no resource found for suffixes {-context.xml, Context.groovy}.
2023-12-03 22:09:27.191  INFO 25172 --- [    Test worker] .b.t.c.SpringBootTestContextBootstrapper : Loaded default TestExecutionListener class names from location [META-INF/spring.factories]: [org.springframework.boot.test.autoconfigure.restdocs.RestDocsTestExecutionListener, org.springframework.boot.test.autoconfigure.web.client.MockRestServiceServerResetTestExecutionListener, org.springframework.boot.test.autoconfigure.web.servlet.MockMvcPrintOnlyOnFailureTestExecutionListener, org.springframework.boot.test.autoconfigure.web.servlet.WebDriverTestExecutionListener, org.springframework.boot.test.mock.mockito.MockitoTestExecutionListener, org.springframework.boot.test.mock.mockito.ResetMocksTestExecutionListener, org.springframework.test.context.web.ServletTestExecutionListener, org.springframework.test.context.support.DirtiesContextBeforeModesTestExecutionListener, org.springframework.test.context.support.DependencyInjectionTestExecutionListener, org.springframework.test.context.support.DirtiesContextTestExecutionListener, org.springframework.test.context.transaction.TransactionalTestExecutionListener, org.springframework.test.context.jdbc.SqlScriptsTestExecutionListener, org.springframework.test.context.event.EventPublishingTestExecutionListener]
2023-12-03 22:09:27.191  INFO 25172 --- [    Test worker] .b.t.c.SpringBootTestContextBootstrapper : Using TestExecutionListeners: [org.springframework.test.context.web.ServletTestExecutionListener@5dbb7ddc, org.springframework.test.context.support.DirtiesContextBeforeModesTestExecutionListener@18082c1c, org.springframework.boot.test.mock.mockito.MockitoTestExecutionListener@6fbe64f0, org.springframework.boot.test.autoconfigure.SpringBootDependencyInjectionTestExecutionListener@7d665f22, org.springframework.test.context.support.DirtiesContextTestExecutionListener@7bb588cf, org.springframework.test.context.transaction.TransactionalTestExecutionListener@22042369, org.springframework.test.context.jdbc.SqlScriptsTestExecutionListener@3e014a3d, org.springframework.test.context.event.EventPublishingTestExecutionListener@71519d90, org.springframework.boot.test.autoconfigure.restdocs.RestDocsTestExecutionListener@26758085, org.springframework.boot.test.autoconfigure.web.client.MockRestServiceServerResetTestExecutionListener@25e9f049, org.springframework.boot.test.autoconfigure.web.servlet.MockMvcPrintOnlyOnFailureTestExecutionListener@118d166b, org.springframework.boot.test.autoconfigure.web.servlet.WebDriverTestExecutionListener@6c4da4d7, org.springframework.boot.test.mock.mockito.ResetMocksTestExecutionListener@66b66073]
Before any test execution
Before any test execution
Before any test execution
Before any test execution
Hibernate: 
    select
        task0_.id as id1_1_,
        task0_.asigned_id as asigned_2_1_,
        task0_.creation_date as creation3_1_,
        task0_.description as descript4_1_,
        task0_.estimated_duration as estimate5_1_,
        task0_.finish_date as finish_d6_1_,
        task0_.name as name7_1_,
        task0_.priority as priority8_1_,
        task0_.project_id as project_9_1_,
        task0_.start_date as start_d10_1_,
        task0_.status as status11_1_ 
    from
        task task0_ 
    where
        task0_.name=?
Hibernate: 
    call next value for hibernate_sequence
Hibernate: 
    insert 
    into
        task
        (asigned_id, creation_date, description, estimated_duration, finish_date, name, priority, project_id, start_date, status, id) 
    values
        (?, ?, ?, ?, ?, ?, ?, ?, ?, ?, ?)
Hibernate: 
    select
        task0_.id as id1_1_,
        task0_.asigned_id as asigned_2_1_,
        task0_.creation_date as creation3_1_,
        task0_.description as descript4_1_,
        task0_.estimated_duration as estimate5_1_,
        task0_.finish_date as finish_d6_1_,
        task0_.name as name7_1_,
        task0_.priority as priority8_1_,
        task0_.project_id as project_9_1_,
        task0_.start_date as start_d10_1_,
        task0_.status as status11_1_ 
    from
        task task0_ 
    where
        task0_.name=?
Hibernate: 
    call next value for hibernate_sequence
Hibernate: 
    insert 
    into
        task
        (asigned_id, creation_date, description, estimated_duration, finish_date, name, priority, project_id, start_date, status, id) 
    values
        (?, ?, ?, ?, ?, ?, ?, ?, ?, ?, ?)
After all test execution
Hibernate: 
    select
        task0_.id as id1_1_,
        task0_.asigned_id as asigned_2_1_,
        task0_.creation_date as creation3_1_,
        task0_.description as descript4_1_,
        task0_.estimated_duration as estimate5_1_,
        task0_.finish_date as finish_d6_1_,
        task0_.name as name7_1_,
        task0_.priority as priority8_1_,
        task0_.project_id as project_9_1_,
        task0_.start_date as start_d10_1_,
        task0_.status as status11_1_ 
    from
        task task0_
Hibernate: 
    delete 
    from
        task 
    where
        id=?
Hibernate: 
    delete 
    from
        task 
    where
        id=?
Hibernate: 
    select
        task0_.id as id1_1_,
        task0_.asigned_id as asigned_2_1_,
        task0_.creation_date as creation3_1_,
        task0_.description as descript4_1_,
        task0_.estimated_duration as estimate5_1_,
        task0_.finish_date as finish_d6_1_,
        task0_.name as name7_1_,
        task0_.priority as priority8_1_,
        task0_.project_id as project_9_1_,
        task0_.start_date as start_d10_1_,
        task0_.status as status11_1_ 
    from
        task task0_
After all test execution
Hibernate: 
    select
        project0_.id as id1_0_,
        project0_.creation_date as creation2_0_,
        project0_.description as descript3_0_,
        project0_.finish_date as finish_d4_0_,
        project0_.name as name5_0_,
        project0_.project_leader_id as project_6_0_,
        project0_.start_date as start_da7_0_,
        project0_.status as status8_0_ 
    from
        project project0_
After all test execution
Resetting system
Hibernate: 
    select
        task0_.id as id1_1_,
        task0_.asigned_id as asigned_2_1_,
        task0_.creation_date as creation3_1_,
        task0_.description as descript4_1_,
        task0_.estimated_duration as estimate5_1_,
        task0_.finish_date as finish_d6_1_,
        task0_.name as name7_1_,
        task0_.priority as priority8_1_,
        task0_.project_id as project_9_1_,
        task0_.start_date as start_d10_1_,
        task0_.status as status11_1_ 
    from
        task task0_
Resetting system
Hibernate: 
    select
        project0_.id as id1_0_,
        project0_.creation_date as creation2_0_,
        project0_.description as descript3_0_,
        project0_.finish_date as finish_d4_0_,
        project0_.name as name5_0_,
        project0_.project_leader_id as project_6_0_,
        project0_.start_date as start_da7_0_,
        project0_.status as status8_0_ 
    from
        project project0_
Resetting system
Hibernate: 
    select
        project0_.id as id1_0_,
        project0_.creation_date as creation2_0_,
        project0_.description as descript3_0_,
        project0_.finish_date as finish_d4_0_,
        project0_.name as name5_0_,
        project0_.project_leader_id as project_6_0_,
        project0_.start_date as start_da7_0_,
        project0_.status as status8_0_ 
    from
        project project0_
Hibernate: 
    select
        project0_.id as id1_0_,
        project0_.creation_date as creation2_0_,
        project0_.description as descript3_0_,
        project0_.finish_date as finish_d4_0_,
        project0_.name as name5_0_,
        project0_.project_leader_id as project_6_0_,
        project0_.start_date as start_da7_0_,
        project0_.status as status8_0_ 
    from
        project project0_
After all test execution
Hibernate: 
    select
        task0_.id as id1_1_,
        task0_.asigned_id as asigned_2_1_,
        task0_.creation_date as creation3_1_,
        task0_.description as descript4_1_,
        task0_.estimated_duration as estimate5_1_,
        task0_.finish_date as finish_d6_1_,
        task0_.name as name7_1_,
        task0_.priority as priority8_1_,
        task0_.project_id as project_9_1_,
        task0_.start_date as start_d10_1_,
        task0_.status as status11_1_ 
    from
        task task0_
After all test execution
2023-12-03 22:09:27.228  INFO 25172 --- [    Test worker] o.s.t.c.support.AbstractContextLoader    : Could not detect default resource locations for test class [com.aninfo.integration.cucumber.TaskIntegrationServiceTest]: no resource found for suffixes {-context.xml, Context.groovy}.
2023-12-03 22:09:27.230  INFO 25172 --- [    Test worker] .b.t.c.SpringBootTestContextBootstrapper : Loaded default TestExecutionListener class names from location [META-INF/spring.factories]: [org.springframework.boot.test.autoconfigure.restdocs.RestDocsTestExecutionListener, org.springframework.boot.test.autoconfigure.web.client.MockRestServiceServerResetTestExecutionListener, org.springframework.boot.test.autoconfigure.web.servlet.MockMvcPrintOnlyOnFailureTestExecutionListener, org.springframework.boot.test.autoconfigure.web.servlet.WebDriverTestExecutionListener, org.springframework.boot.test.mock.mockito.MockitoTestExecutionListener, org.springframework.boot.test.mock.mockito.ResetMocksTestExecutionListener, org.springframework.test.context.web.ServletTestExecutionListener, org.springframework.test.context.support.DirtiesContextBeforeModesTestExecutionListener, org.springframework.test.context.support.DependencyInjectionTestExecutionListener, org.springframework.test.context.support.DirtiesContextTestExecutionListener, org.springframework.test.context.transaction.TransactionalTestExecutionListener, org.springframework.test.context.jdbc.SqlScriptsTestExecutionListener, org.springframework.test.context.event.EventPublishingTestExecutionListener]
2023-12-03 22:09:27.231  INFO 25172 --- [    Test worker] .b.t.c.SpringBootTestContextBootstrapper : Using TestExecutionListeners: [org.springframework.test.context.web.ServletTestExecutionListener@640340ef, org.springframework.test.context.support.DirtiesContextBeforeModesTestExecutionListener@66c0ade7, org.springframework.boot.test.mock.mockito.MockitoTestExecutionListener@216569af, org.springframework.boot.test.autoconfigure.SpringBootDependencyInjectionTestExecutionListener@464e639, org.springframework.test.context.support.DirtiesContextTestExecutionListener@7a9eca62, org.springframework.test.context.transaction.TransactionalTestExecutionListener@19d2ff43, org.springframework.test.context.jdbc.SqlScriptsTestExecutionListener@13f0d5c7, org.springframework.test.context.event.EventPublishingTestExecutionListener@3006bcae, org.springframework.boot.test.autoconfigure.restdocs.RestDocsTestExecutionListener@3c47ad16, org.springframework.boot.test.autoconfigure.web.client.MockRestServiceServerResetTestExecutionListener@3261753a, org.springframework.boot.test.autoconfigure.web.servlet.MockMvcPrintOnlyOnFailureTestExecutionListener@272ad05c, org.springframework.boot.test.autoconfigure.web.servlet.WebDriverTestExecutionListener@22ccebdb, org.springframework.boot.test.mock.mockito.ResetMocksTestExecutionListener@2362cd89]
Before any test execution
Before any test execution
Before any test execution
Before any test execution
Hibernate: 
    select
        task0_.id as id1_1_,
        task0_.asigned_id as asigned_2_1_,
        task0_.creation_date as creation3_1_,
        task0_.description as descript4_1_,
        task0_.estimated_duration as estimate5_1_,
        task0_.finish_date as finish_d6_1_,
        task0_.name as name7_1_,
        task0_.priority as priority8_1_,
        task0_.project_id as project_9_1_,
        task0_.start_date as start_d10_1_,
        task0_.status as status11_1_ 
    from
        task task0_ 
    where
        task0_.name=?
Hibernate: 
    call next value for hibernate_sequence
Hibernate: 
    insert 
    into
        task
        (asigned_id, creation_date, description, estimated_duration, finish_date, name, priority, project_id, start_date, status, id) 
    values
        (?, ?, ?, ?, ?, ?, ?, ?, ?, ?, ?)
Hibernate: 
    select
        task0_.id as id1_1_,
        task0_.asigned_id as asigned_2_1_,
        task0_.creation_date as creation3_1_,
        task0_.description as descript4_1_,
        task0_.estimated_duration as estimate5_1_,
        task0_.finish_date as finish_d6_1_,
        task0_.name as name7_1_,
        task0_.priority as priority8_1_,
        task0_.project_id as project_9_1_,
        task0_.start_date as start_d10_1_,
        task0_.status as status11_1_ 
    from
        task task0_ 
    where
        task0_.name=?
Hibernate: 
    select
        task0_.id as id1_1_0_,
        task0_.asigned_id as asigned_2_1_0_,
        task0_.creation_date as creation3_1_0_,
        task0_.description as descript4_1_0_,
        task0_.estimated_duration as estimate5_1_0_,
        task0_.finish_date as finish_d6_1_0_,
        task0_.name as name7_1_0_,
        task0_.priority as priority8_1_0_,
        task0_.project_id as project_9_1_0_,
        task0_.start_date as start_d10_1_0_,
        task0_.status as status11_1_0_ 
    from
        task task0_ 
    where
        task0_.id=?
Hibernate: 
    delete 
    from
        task 
    where
        id=?
Hibernate: 
    select
        task0_.id as id1_1_,
        task0_.asigned_id as asigned_2_1_,
        task0_.creation_date as creation3_1_,
        task0_.description as descript4_1_,
        task0_.estimated_duration as estimate5_1_,
        task0_.finish_date as finish_d6_1_,
        task0_.name as name7_1_,
        task0_.priority as priority8_1_,
        task0_.project_id as project_9_1_,
        task0_.start_date as start_d10_1_,
        task0_.status as status11_1_ 
    from
        task task0_ 
    where
        task0_.name=?
After all test execution
Hibernate: 
    select
        task0_.id as id1_1_,
        task0_.asigned_id as asigned_2_1_,
        task0_.creation_date as creation3_1_,
        task0_.description as descript4_1_,
        task0_.estimated_duration as estimate5_1_,
        task0_.finish_date as finish_d6_1_,
        task0_.name as name7_1_,
        task0_.priority as priority8_1_,
        task0_.project_id as project_9_1_,
        task0_.start_date as start_d10_1_,
        task0_.status as status11_1_ 
    from
        task task0_
Hibernate: 
    select
        task0_.id as id1_1_,
        task0_.asigned_id as asigned_2_1_,
        task0_.creation_date as creation3_1_,
        task0_.description as descript4_1_,
        task0_.estimated_duration as estimate5_1_,
        task0_.finish_date as finish_d6_1_,
        task0_.name as name7_1_,
        task0_.priority as priority8_1_,
        task0_.project_id as project_9_1_,
        task0_.start_date as start_d10_1_,
        task0_.status as status11_1_ 
    from
        task task0_
After all test execution
Hibernate: 
    select
        project0_.id as id1_0_,
        project0_.creation_date as creation2_0_,
        project0_.description as descript3_0_,
        project0_.finish_date as finish_d4_0_,
        project0_.name as name5_0_,
        project0_.project_leader_id as project_6_0_,
        project0_.start_date as start_da7_0_,
        project0_.status as status8_0_ 
    from
        project project0_
After all test execution
Resetting system
Hibernate: 
    select
        task0_.id as id1_1_,
        task0_.asigned_id as asigned_2_1_,
        task0_.creation_date as creation3_1_,
        task0_.description as descript4_1_,
        task0_.estimated_duration as estimate5_1_,
        task0_.finish_date as finish_d6_1_,
        task0_.name as name7_1_,
        task0_.priority as priority8_1_,
        task0_.project_id as project_9_1_,
        task0_.start_date as start_d10_1_,
        task0_.status as status11_1_ 
    from
        task task0_
Resetting system
Hibernate: 
    select
        project0_.id as id1_0_,
        project0_.creation_date as creation2_0_,
        project0_.description as descript3_0_,
        project0_.finish_date as finish_d4_0_,
        project0_.name as name5_0_,
        project0_.project_leader_id as project_6_0_,
        project0_.start_date as start_da7_0_,
        project0_.status as status8_0_ 
    from
        project project0_
Resetting system
Hibernate: 
    select
        project0_.id as id1_0_,
        project0_.creation_date as creation2_0_,
        project0_.description as descript3_0_,
        project0_.finish_date as finish_d4_0_,
        project0_.name as name5_0_,
        project0_.project_leader_id as project_6_0_,
        project0_.start_date as start_da7_0_,
        project0_.status as status8_0_ 
    from
        project project0_
Hibernate: 
    select
        project0_.id as id1_0_,
        project0_.creation_date as creation2_0_,
        project0_.description as descript3_0_,
        project0_.finish_date as finish_d4_0_,
        project0_.name as name5_0_,
        project0_.project_leader_id as project_6_0_,
        project0_.start_date as start_da7_0_,
        project0_.status as status8_0_ 
    from
        project project0_
After all test execution
Hibernate: 
    select
        task0_.id as id1_1_,
        task0_.asigned_id as asigned_2_1_,
        task0_.creation_date as creation3_1_,
        task0_.description as descript4_1_,
        task0_.estimated_duration as estimate5_1_,
        task0_.finish_date as finish_d6_1_,
        task0_.name as name7_1_,
        task0_.priority as priority8_1_,
        task0_.project_id as project_9_1_,
        task0_.start_date as start_d10_1_,
        task0_.status as status11_1_ 
    from
        task task0_
After all test execution
2023-12-03 22:09:27.266  INFO 25172 --- [    Test worker] o.s.t.c.support.AbstractContextLoader    : Could not detect default resource locations for test class [com.aninfo.integration.cucumber.TaskIntegrationServiceTest]: no resource found for suffixes {-context.xml, Context.groovy}.
2023-12-03 22:09:27.268  INFO 25172 --- [    Test worker] .b.t.c.SpringBootTestContextBootstrapper : Loaded default TestExecutionListener class names from location [META-INF/spring.factories]: [org.springframework.boot.test.autoconfigure.restdocs.RestDocsTestExecutionListener, org.springframework.boot.test.autoconfigure.web.client.MockRestServiceServerResetTestExecutionListener, org.springframework.boot.test.autoconfigure.web.servlet.MockMvcPrintOnlyOnFailureTestExecutionListener, org.springframework.boot.test.autoconfigure.web.servlet.WebDriverTestExecutionListener, org.springframework.boot.test.mock.mockito.MockitoTestExecutionListener, org.springframework.boot.test.mock.mockito.ResetMocksTestExecutionListener, org.springframework.test.context.web.ServletTestExecutionListener, org.springframework.test.context.support.DirtiesContextBeforeModesTestExecutionListener, org.springframework.test.context.support.DependencyInjectionTestExecutionListener, org.springframework.test.context.support.DirtiesContextTestExecutionListener, org.springframework.test.context.transaction.TransactionalTestExecutionListener, org.springframework.test.context.jdbc.SqlScriptsTestExecutionListener, org.springframework.test.context.event.EventPublishingTestExecutionListener]
2023-12-03 22:09:27.269  INFO 25172 --- [    Test worker] .b.t.c.SpringBootTestContextBootstrapper : Using TestExecutionListeners: [org.springframework.test.context.web.ServletTestExecutionListener@453b8dc2, org.springframework.test.context.support.DirtiesContextBeforeModesTestExecutionListener@10ce790c, org.springframework.boot.test.mock.mockito.MockitoTestExecutionListener@1e9b9393, org.springframework.boot.test.autoconfigure.SpringBootDependencyInjectionTestExecutionListener@6e6bb8f1, org.springframework.test.context.support.DirtiesContextTestExecutionListener@77277d63, org.springframework.test.context.transaction.TransactionalTestExecutionListener@14426c92, org.springframework.test.context.jdbc.SqlScriptsTestExecutionListener@56076282, org.springframework.test.context.event.EventPublishingTestExecutionListener@6598f483, org.springframework.boot.test.autoconfigure.restdocs.RestDocsTestExecutionListener@29185136, org.springframework.boot.test.autoconfigure.web.client.MockRestServiceServerResetTestExecutionListener@2e398e7b, org.springframework.boot.test.autoconfigure.web.servlet.MockMvcPrintOnlyOnFailureTestExecutionListener@4347ea4c, org.springframework.boot.test.autoconfigure.web.servlet.WebDriverTestExecutionListener@61d9324b, org.springframework.boot.test.mock.mockito.ResetMocksTestExecutionListener@aa35ea7]
Before any test execution
Before any test execution
Before any test execution
Before any test execution
Hibernate: 
    select
        task0_.id as id1_1_,
        task0_.asigned_id as asigned_2_1_,
        task0_.creation_date as creation3_1_,
        task0_.description as descript4_1_,
        task0_.estimated_duration as estimate5_1_,
        task0_.finish_date as finish_d6_1_,
        task0_.name as name7_1_,
        task0_.priority as priority8_1_,
        task0_.project_id as project_9_1_,
        task0_.start_date as start_d10_1_,
        task0_.status as status11_1_ 
    from
        task task0_ 
    where
        task0_.name=?
Hibernate: 
    call next value for hibernate_sequence
Hibernate: 
    insert 
    into
        task
        (asigned_id, creation_date, description, estimated_duration, finish_date, name, priority, project_id, start_date, status, id) 
    values
        (?, ?, ?, ?, ?, ?, ?, ?, ?, ?, ?)
Hibernate: 
    select
        task0_.id as id1_1_,
        task0_.asigned_id as asigned_2_1_,
        task0_.creation_date as creation3_1_,
        task0_.description as descript4_1_,
        task0_.estimated_duration as estimate5_1_,
        task0_.finish_date as finish_d6_1_,
        task0_.name as name7_1_,
        task0_.priority as priority8_1_,
        task0_.project_id as project_9_1_,
        task0_.start_date as start_d10_1_,
        task0_.status as status11_1_ 
    from
        task task0_ 
    where
        task0_.name=?
Hibernate: 
    call next value for hibernate_sequence
Hibernate: 
    insert 
    into
        task
        (asigned_id, creation_date, description, estimated_duration, finish_date, name, priority, project_id, start_date, status, id) 
    values
        (?, ?, ?, ?, ?, ?, ?, ?, ?, ?, ?)
Hibernate: 
    select
        task0_.id as id1_1_,
        task0_.asigned_id as asigned_2_1_,
        task0_.creation_date as creation3_1_,
        task0_.description as descript4_1_,
        task0_.estimated_duration as estimate5_1_,
        task0_.finish_date as finish_d6_1_,
        task0_.name as name7_1_,
        task0_.priority as priority8_1_,
        task0_.project_id as project_9_1_,
        task0_.start_date as start_d10_1_,
        task0_.status as status11_1_ 
    from
        task task0_ 
    where
        task0_.name=?
Hibernate: 
    select
        task0_.id as id1_1_0_,
        task0_.asigned_id as asigned_2_1_0_,
        task0_.creation_date as creation3_1_0_,
        task0_.description as descript4_1_0_,
        task0_.estimated_duration as estimate5_1_0_,
        task0_.finish_date as finish_d6_1_0_,
        task0_.name as name7_1_0_,
        task0_.priority as priority8_1_0_,
        task0_.project_id as project_9_1_0_,
        task0_.start_date as start_d10_1_0_,
        task0_.status as status11_1_0_ 
    from
        task task0_ 
    where
        task0_.id=?
Hibernate: 
    delete 
    from
        task 
    where
        id=?
Hibernate: 
    select
        task0_.id as id1_1_,
        task0_.asigned_id as asigned_2_1_,
        task0_.creation_date as creation3_1_,
        task0_.description as descript4_1_,
        task0_.estimated_duration as estimate5_1_,
        task0_.finish_date as finish_d6_1_,
        task0_.name as name7_1_,
        task0_.priority as priority8_1_,
        task0_.project_id as project_9_1_,
        task0_.start_date as start_d10_1_,
        task0_.status as status11_1_ 
    from
        task task0_ 
    where
        task0_.name=?
Hibernate: 
    select
        task0_.id as id1_1_,
        task0_.asigned_id as asigned_2_1_,
        task0_.creation_date as creation3_1_,
        task0_.description as descript4_1_,
        task0_.estimated_duration as estimate5_1_,
        task0_.finish_date as finish_d6_1_,
        task0_.name as name7_1_,
        task0_.priority as priority8_1_,
        task0_.project_id as project_9_1_,
        task0_.start_date as start_d10_1_,
        task0_.status as status11_1_ 
    from
        task task0_ 
    where
        task0_.name=?
After all test execution
Hibernate: 
    select
        task0_.id as id1_1_,
        task0_.asigned_id as asigned_2_1_,
        task0_.creation_date as creation3_1_,
        task0_.description as descript4_1_,
        task0_.estimated_duration as estimate5_1_,
        task0_.finish_date as finish_d6_1_,
        task0_.name as name7_1_,
        task0_.priority as priority8_1_,
        task0_.project_id as project_9_1_,
        task0_.start_date as start_d10_1_,
        task0_.status as status11_1_ 
    from
        task task0_
Hibernate: 
    delete 
    from
        task 
    where
        id=?
Hibernate: 
    select
        task0_.id as id1_1_,
        task0_.asigned_id as asigned_2_1_,
        task0_.creation_date as creation3_1_,
        task0_.description as descript4_1_,
        task0_.estimated_duration as estimate5_1_,
        task0_.finish_date as finish_d6_1_,
        task0_.name as name7_1_,
        task0_.priority as priority8_1_,
        task0_.project_id as project_9_1_,
        task0_.start_date as start_d10_1_,
        task0_.status as status11_1_ 
    from
        task task0_
After all test execution
Hibernate: 
    select
        project0_.id as id1_0_,
        project0_.creation_date as creation2_0_,
        project0_.description as descript3_0_,
        project0_.finish_date as finish_d4_0_,
        project0_.name as name5_0_,
        project0_.project_leader_id as project_6_0_,
        project0_.start_date as start_da7_0_,
        project0_.status as status8_0_ 
    from
        project project0_
After all test execution
Resetting system
Hibernate: 
    select
        task0_.id as id1_1_,
        task0_.asigned_id as asigned_2_1_,
        task0_.creation_date as creation3_1_,
        task0_.description as descript4_1_,
        task0_.estimated_duration as estimate5_1_,
        task0_.finish_date as finish_d6_1_,
        task0_.name as name7_1_,
        task0_.priority as priority8_1_,
        task0_.project_id as project_9_1_,
        task0_.start_date as start_d10_1_,
        task0_.status as status11_1_ 
    from
        task task0_
Resetting system
Hibernate: 
    select
        project0_.id as id1_0_,
        project0_.creation_date as creation2_0_,
        project0_.description as descript3_0_,
        project0_.finish_date as finish_d4_0_,
        project0_.name as name5_0_,
        project0_.project_leader_id as project_6_0_,
        project0_.start_date as start_da7_0_,
        project0_.status as status8_0_ 
    from
        project project0_
Resetting system
Hibernate: 
    select
        project0_.id as id1_0_,
        project0_.creation_date as creation2_0_,
        project0_.description as descript3_0_,
        project0_.finish_date as finish_d4_0_,
        project0_.name as name5_0_,
        project0_.project_leader_id as project_6_0_,
        project0_.start_date as start_da7_0_,
        project0_.status as status8_0_ 
    from
        project project0_
Hibernate: 
    select
        project0_.id as id1_0_,
        project0_.creation_date as creation2_0_,
        project0_.description as descript3_0_,
        project0_.finish_date as finish_d4_0_,
        project0_.name as name5_0_,
        project0_.project_leader_id as project_6_0_,
        project0_.start_date as start_da7_0_,
        project0_.status as status8_0_ 
    from
        project project0_
After all test execution
Hibernate: 
    select
        task0_.id as id1_1_,
        task0_.asigned_id as asigned_2_1_,
        task0_.creation_date as creation3_1_,
        task0_.description as descript4_1_,
        task0_.estimated_duration as estimate5_1_,
        task0_.finish_date as finish_d6_1_,
        task0_.name as name7_1_,
        task0_.priority as priority8_1_,
        task0_.project_id as project_9_1_,
        task0_.start_date as start_d10_1_,
        task0_.status as status11_1_ 
    from
        task task0_
After all test execution
2023-12-03 22:09:27.310  INFO 25172 --- [    Test worker] o.s.t.c.support.AbstractContextLoader    : Could not detect default resource locations for test class [com.aninfo.integration.cucumber.TaskIntegrationServiceTest]: no resource found for suffixes {-context.xml, Context.groovy}.
2023-12-03 22:09:27.313  INFO 25172 --- [    Test worker] .b.t.c.SpringBootTestContextBootstrapper : Loaded default TestExecutionListener class names from location [META-INF/spring.factories]: [org.springframework.boot.test.autoconfigure.restdocs.RestDocsTestExecutionListener, org.springframework.boot.test.autoconfigure.web.client.MockRestServiceServerResetTestExecutionListener, org.springframework.boot.test.autoconfigure.web.servlet.MockMvcPrintOnlyOnFailureTestExecutionListener, org.springframework.boot.test.autoconfigure.web.servlet.WebDriverTestExecutionListener, org.springframework.boot.test.mock.mockito.MockitoTestExecutionListener, org.springframework.boot.test.mock.mockito.ResetMocksTestExecutionListener, org.springframework.test.context.web.ServletTestExecutionListener, org.springframework.test.context.support.DirtiesContextBeforeModesTestExecutionListener, org.springframework.test.context.support.DependencyInjectionTestExecutionListener, org.springframework.test.context.support.DirtiesContextTestExecutionListener, org.springframework.test.context.transaction.TransactionalTestExecutionListener, org.springframework.test.context.jdbc.SqlScriptsTestExecutionListener, org.springframework.test.context.event.EventPublishingTestExecutionListener]
2023-12-03 22:09:27.313  INFO 25172 --- [    Test worker] .b.t.c.SpringBootTestContextBootstrapper : Using TestExecutionListeners: [org.springframework.test.context.web.ServletTestExecutionListener@f8cfdfa, org.springframework.test.context.support.DirtiesContextBeforeModesTestExecutionListener@470c47b6, org.springframework.boot.test.mock.mockito.MockitoTestExecutionListener@6b9d0edd, org.springframework.boot.test.autoconfigure.SpringBootDependencyInjectionTestExecutionListener@43021b46, org.springframework.test.context.support.DirtiesContextTestExecutionListener@2b894df1, org.springframework.test.context.transaction.TransactionalTestExecutionListener@e9d8ec1, org.springframework.test.context.jdbc.SqlScriptsTestExecutionListener@d758229, org.springframework.test.context.event.EventPublishingTestExecutionListener@5e7e70ea, org.springframework.boot.test.autoconfigure.restdocs.RestDocsTestExecutionListener@3ff94811, org.springframework.boot.test.autoconfigure.web.client.MockRestServiceServerResetTestExecutionListener@5df032a9, org.springframework.boot.test.autoconfigure.web.servlet.MockMvcPrintOnlyOnFailureTestExecutionListener@7c3597f4, org.springframework.boot.test.autoconfigure.web.servlet.WebDriverTestExecutionListener@51e151b8, org.springframework.boot.test.mock.mockito.ResetMocksTestExecutionListener@242d3255]
Before any test execution
Before any test execution
Before any test execution
Before any test execution
Hibernate: 
    select
        task0_.id as id1_1_,
        task0_.asigned_id as asigned_2_1_,
        task0_.creation_date as creation3_1_,
        task0_.description as descript4_1_,
        task0_.estimated_duration as estimate5_1_,
        task0_.finish_date as finish_d6_1_,
        task0_.name as name7_1_,
        task0_.priority as priority8_1_,
        task0_.project_id as project_9_1_,
        task0_.start_date as start_d10_1_,
        task0_.status as status11_1_ 
    from
        task task0_ 
    where
        task0_.name=?
Hibernate: 
    call next value for hibernate_sequence
Hibernate: 
    insert 
    into
        task
        (asigned_id, creation_date, description, estimated_duration, finish_date, name, priority, project_id, start_date, status, id) 
    values
        (?, ?, ?, ?, ?, ?, ?, ?, ?, ?, ?)
Hibernate: 
    select
        task0_.id as id1_1_,
        task0_.asigned_id as asigned_2_1_,
        task0_.creation_date as creation3_1_,
        task0_.description as descript4_1_,
        task0_.estimated_duration as estimate5_1_,
        task0_.finish_date as finish_d6_1_,
        task0_.name as name7_1_,
        task0_.priority as priority8_1_,
        task0_.project_id as project_9_1_,
        task0_.start_date as start_d10_1_,
        task0_.status as status11_1_ 
    from
        task task0_ 
    where
        task0_.name=?
Hibernate: 
    call next value for hibernate_sequence
Hibernate: 
    insert 
    into
        task
        (asigned_id, creation_date, description, estimated_duration, finish_date, name, priority, project_id, start_date, status, id) 
    values
        (?, ?, ?, ?, ?, ?, ?, ?, ?, ?, ?)
Hibernate: 
    select
        task0_.id as id1_1_,
        task0_.asigned_id as asigned_2_1_,
        task0_.creation_date as creation3_1_,
        task0_.description as descript4_1_,
        task0_.estimated_duration as estimate5_1_,
        task0_.finish_date as finish_d6_1_,
        task0_.name as name7_1_,
        task0_.priority as priority8_1_,
        task0_.project_id as project_9_1_,
        task0_.start_date as start_d10_1_,
        task0_.status as status11_1_ 
    from
        task task0_ 
    where
        task0_.name=?
Hibernate: 
    select
        task0_.id as id1_1_0_,
        task0_.asigned_id as asigned_2_1_0_,
        task0_.creation_date as creation3_1_0_,
        task0_.description as descript4_1_0_,
        task0_.estimated_duration as estimate5_1_0_,
        task0_.finish_date as finish_d6_1_0_,
        task0_.name as name7_1_0_,
        task0_.priority as priority8_1_0_,
        task0_.project_id as project_9_1_0_,
        task0_.start_date as start_d10_1_0_,
        task0_.status as status11_1_0_ 
    from
        task task0_ 
    where
        task0_.id=?
Hibernate: 
    select
        task0_.id as id1_1_,
        task0_.asigned_id as asigned_2_1_,
        task0_.creation_date as creation3_1_,
        task0_.description as descript4_1_,
        task0_.estimated_duration as estimate5_1_,
        task0_.finish_date as finish_d6_1_,
        task0_.name as name7_1_,
        task0_.priority as priority8_1_,
        task0_.project_id as project_9_1_,
        task0_.start_date as start_d10_1_,
        task0_.status as status11_1_ 
    from
        task task0_ 
    where
        task0_.name=?
Hibernate: 
    select
        task0_.id as id1_1_0_,
        task0_.asigned_id as asigned_2_1_0_,
        task0_.creation_date as creation3_1_0_,
        task0_.description as descript4_1_0_,
        task0_.estimated_duration as estimate5_1_0_,
        task0_.finish_date as finish_d6_1_0_,
        task0_.name as name7_1_0_,
        task0_.priority as priority8_1_0_,
        task0_.project_id as project_9_1_0_,
        task0_.start_date as start_d10_1_0_,
        task0_.status as status11_1_0_ 
    from
        task task0_ 
    where
        task0_.id=?
Hibernate: 
    update
        task 
    set
        asigned_id=?,
        creation_date=?,
        description=?,
        estimated_duration=?,
        finish_date=?,
        name=?,
        priority=?,
        project_id=?,
        start_date=?,
        status=? 
    where
        id=?
Hibernate: 
    select
        task0_.id as id1_1_,
        task0_.asigned_id as asigned_2_1_,
        task0_.creation_date as creation3_1_,
        task0_.description as descript4_1_,
        task0_.estimated_duration as estimate5_1_,
        task0_.finish_date as finish_d6_1_,
        task0_.name as name7_1_,
        task0_.priority as priority8_1_,
        task0_.project_id as project_9_1_,
        task0_.start_date as start_d10_1_,
        task0_.status as status11_1_ 
    from
        task task0_
Hibernate: 
    delete 
    from
        task 
    where
        id=?
Hibernate: 
    delete 
    from
        task 
    where
        id=?
After all test execution
Hibernate: 
    select
        task0_.id as id1_1_,
        task0_.asigned_id as asigned_2_1_,
        task0_.creation_date as creation3_1_,
        task0_.description as descript4_1_,
        task0_.estimated_duration as estimate5_1_,
        task0_.finish_date as finish_d6_1_,
        task0_.name as name7_1_,
        task0_.priority as priority8_1_,
        task0_.project_id as project_9_1_,
        task0_.start_date as start_d10_1_,
        task0_.status as status11_1_ 
    from
        task task0_
Hibernate: 
    select
        task0_.id as id1_1_,
        task0_.asigned_id as asigned_2_1_,
        task0_.creation_date as creation3_1_,
        task0_.description as descript4_1_,
        task0_.estimated_duration as estimate5_1_,
        task0_.finish_date as finish_d6_1_,
        task0_.name as name7_1_,
        task0_.priority as priority8_1_,
        task0_.project_id as project_9_1_,
        task0_.start_date as start_d10_1_,
        task0_.status as status11_1_ 
    from
        task task0_
After all test execution
Hibernate: 
    select
        project0_.id as id1_0_,
        project0_.creation_date as creation2_0_,
        project0_.description as descript3_0_,
        project0_.finish_date as finish_d4_0_,
        project0_.name as name5_0_,
        project0_.project_leader_id as project_6_0_,
        project0_.start_date as start_da7_0_,
        project0_.status as status8_0_ 
    from
        project project0_
After all test execution
Resetting system
Hibernate: 
    select
        task0_.id as id1_1_,
        task0_.asigned_id as asigned_2_1_,
        task0_.creation_date as creation3_1_,
        task0_.description as descript4_1_,
        task0_.estimated_duration as estimate5_1_,
        task0_.finish_date as finish_d6_1_,
        task0_.name as name7_1_,
        task0_.priority as priority8_1_,
        task0_.project_id as project_9_1_,
        task0_.start_date as start_d10_1_,
        task0_.status as status11_1_ 
    from
        task task0_
Resetting system
Hibernate: 
    select
        project0_.id as id1_0_,
        project0_.creation_date as creation2_0_,
        project0_.description as descript3_0_,
        project0_.finish_date as finish_d4_0_,
        project0_.name as name5_0_,
        project0_.project_leader_id as project_6_0_,
        project0_.start_date as start_da7_0_,
        project0_.status as status8_0_ 
    from
        project project0_
Resetting system
Hibernate: 
    select
        project0_.id as id1_0_,
        project0_.creation_date as creation2_0_,
        project0_.description as descript3_0_,
        project0_.finish_date as finish_d4_0_,
        project0_.name as name5_0_,
        project0_.project_leader_id as project_6_0_,
        project0_.start_date as start_da7_0_,
        project0_.status as status8_0_ 
    from
        project project0_
Hibernate: 
    select
        project0_.id as id1_0_,
        project0_.creation_date as creation2_0_,
        project0_.description as descript3_0_,
        project0_.finish_date as finish_d4_0_,
        project0_.name as name5_0_,
        project0_.project_leader_id as project_6_0_,
        project0_.start_date as start_da7_0_,
        project0_.status as status8_0_ 
    from
        project project0_
After all test execution
Hibernate: 
    select
        task0_.id as id1_1_,
        task0_.asigned_id as asigned_2_1_,
        task0_.creation_date as creation3_1_,
        task0_.description as descript4_1_,
        task0_.estimated_duration as estimate5_1_,
        task0_.finish_date as finish_d6_1_,
        task0_.name as name7_1_,
        task0_.priority as priority8_1_,
        task0_.project_id as project_9_1_,
        task0_.start_date as start_d10_1_,
        task0_.status as status11_1_ 
    from
        task task0_
After all test execution
2023-12-03 22:09:27.360  INFO 25172 --- [    Test worker] o.s.t.c.support.AbstractContextLoader    : Could not detect default resource locations for test class [com.aninfo.integration.cucumber.TaskIntegrationServiceTest]: no resource found for suffixes {-context.xml, Context.groovy}.
2023-12-03 22:09:27.362  INFO 25172 --- [    Test worker] .b.t.c.SpringBootTestContextBootstrapper : Loaded default TestExecutionListener class names from location [META-INF/spring.factories]: [org.springframework.boot.test.autoconfigure.restdocs.RestDocsTestExecutionListener, org.springframework.boot.test.autoconfigure.web.client.MockRestServiceServerResetTestExecutionListener, org.springframework.boot.test.autoconfigure.web.servlet.MockMvcPrintOnlyOnFailureTestExecutionListener, org.springframework.boot.test.autoconfigure.web.servlet.WebDriverTestExecutionListener, org.springframework.boot.test.mock.mockito.MockitoTestExecutionListener, org.springframework.boot.test.mock.mockito.ResetMocksTestExecutionListener, org.springframework.test.context.web.ServletTestExecutionListener, org.springframework.test.context.support.DirtiesContextBeforeModesTestExecutionListener, org.springframework.test.context.support.DependencyInjectionTestExecutionListener, org.springframework.test.context.support.DirtiesContextTestExecutionListener, org.springframework.test.context.transaction.TransactionalTestExecutionListener, org.springframework.test.context.jdbc.SqlScriptsTestExecutionListener, org.springframework.test.context.event.EventPublishingTestExecutionListener]
2023-12-03 22:09:27.362  INFO 25172 --- [    Test worker] .b.t.c.SpringBootTestContextBootstrapper : Using TestExecutionListeners: [org.springframework.test.context.web.ServletTestExecutionListener@2816798c, org.springframework.test.context.support.DirtiesContextBeforeModesTestExecutionListener@40779665, org.springframework.boot.test.mock.mockito.MockitoTestExecutionListener@564ff558, org.springframework.boot.test.autoconfigure.SpringBootDependencyInjectionTestExecutionListener@42003327, org.springframework.test.context.support.DirtiesContextTestExecutionListener@5941f8f2, org.springframework.test.context.transaction.TransactionalTestExecutionListener@25799901, org.springframework.test.context.jdbc.SqlScriptsTestExecutionListener@c354dc3, org.springframework.test.context.event.EventPublishingTestExecutionListener@4fefce69, org.springframework.boot.test.autoconfigure.restdocs.RestDocsTestExecutionListener@19bf390e, org.springframework.boot.test.autoconfigure.web.client.MockRestServiceServerResetTestExecutionListener@70e71aa9, org.springframework.boot.test.autoconfigure.web.servlet.MockMvcPrintOnlyOnFailureTestExecutionListener@569a0a23, org.springframework.boot.test.autoconfigure.web.servlet.WebDriverTestExecutionListener@67b70a1f, org.springframework.boot.test.mock.mockito.ResetMocksTestExecutionListener@72038ae]
Before any test execution
Before any test execution
Before any test execution
Before any test execution
Hibernate: 
    select
        task0_.id as id1_1_,
        task0_.asigned_id as asigned_2_1_,
        task0_.creation_date as creation3_1_,
        task0_.description as descript4_1_,
        task0_.estimated_duration as estimate5_1_,
        task0_.finish_date as finish_d6_1_,
        task0_.name as name7_1_,
        task0_.priority as priority8_1_,
        task0_.project_id as project_9_1_,
        task0_.start_date as start_d10_1_,
        task0_.status as status11_1_ 
    from
        task task0_ 
    where
        task0_.name=?
Hibernate: 
    call next value for hibernate_sequence
Hibernate: 
    insert 
    into
        task
        (asigned_id, creation_date, description, estimated_duration, finish_date, name, priority, project_id, start_date, status, id) 
    values
        (?, ?, ?, ?, ?, ?, ?, ?, ?, ?, ?)
Hibernate: 
    select
        task0_.id as id1_1_,
        task0_.asigned_id as asigned_2_1_,
        task0_.creation_date as creation3_1_,
        task0_.description as descript4_1_,
        task0_.estimated_duration as estimate5_1_,
        task0_.finish_date as finish_d6_1_,
        task0_.name as name7_1_,
        task0_.priority as priority8_1_,
        task0_.project_id as project_9_1_,
        task0_.start_date as start_d10_1_,
        task0_.status as status11_1_ 
    from
        task task0_ 
    where
        task0_.name=?
Hibernate: 
    call next value for hibernate_sequence
Hibernate: 
    insert 
    into
        task
        (asigned_id, creation_date, description, estimated_duration, finish_date, name, priority, project_id, start_date, status, id) 
    values
        (?, ?, ?, ?, ?, ?, ?, ?, ?, ?, ?)
Hibernate: 
    select
        task0_.id as id1_1_,
        task0_.asigned_id as asigned_2_1_,
        task0_.creation_date as creation3_1_,
        task0_.description as descript4_1_,
        task0_.estimated_duration as estimate5_1_,
        task0_.finish_date as finish_d6_1_,
        task0_.name as name7_1_,
        task0_.priority as priority8_1_,
        task0_.project_id as project_9_1_,
        task0_.start_date as start_d10_1_,
        task0_.status as status11_1_ 
    from
        task task0_ 
    where
        task0_.name=?
Hibernate: 
    select
        task0_.id as id1_1_0_,
        task0_.asigned_id as asigned_2_1_0_,
        task0_.creation_date as creation3_1_0_,
        task0_.description as descript4_1_0_,
        task0_.estimated_duration as estimate5_1_0_,
        task0_.finish_date as finish_d6_1_0_,
        task0_.name as name7_1_0_,
        task0_.priority as priority8_1_0_,
        task0_.project_id as project_9_1_0_,
        task0_.start_date as start_d10_1_0_,
        task0_.status as status11_1_0_ 
    from
        task task0_ 
    where
        task0_.id=?
Hibernate: 
    select
        task0_.id as id1_1_,
        task0_.asigned_id as asigned_2_1_,
        task0_.creation_date as creation3_1_,
        task0_.description as descript4_1_,
        task0_.estimated_duration as estimate5_1_,
        task0_.finish_date as finish_d6_1_,
        task0_.name as name7_1_,
        task0_.priority as priority8_1_,
        task0_.project_id as project_9_1_,
        task0_.start_date as start_d10_1_,
        task0_.status as status11_1_ 
    from
        task task0_ 
    where
        task0_.name=?
Hibernate: 
    select
        task0_.id as id1_1_,
        task0_.asigned_id as asigned_2_1_,
        task0_.creation_date as creation3_1_,
        task0_.description as descript4_1_,
        task0_.estimated_duration as estimate5_1_,
        task0_.finish_date as finish_d6_1_,
        task0_.name as name7_1_,
        task0_.priority as priority8_1_,
        task0_.project_id as project_9_1_,
        task0_.start_date as start_d10_1_,
        task0_.status as status11_1_ 
    from
        task task0_
Hibernate: 
    delete 
    from
        task 
    where
        id=?
Hibernate: 
    delete 
    from
        task 
    where
        id=?
After all test execution
Hibernate: 
    select
        task0_.id as id1_1_,
        task0_.asigned_id as asigned_2_1_,
        task0_.creation_date as creation3_1_,
        task0_.description as descript4_1_,
        task0_.estimated_duration as estimate5_1_,
        task0_.finish_date as finish_d6_1_,
        task0_.name as name7_1_,
        task0_.priority as priority8_1_,
        task0_.project_id as project_9_1_,
        task0_.start_date as start_d10_1_,
        task0_.status as status11_1_ 
    from
        task task0_
Hibernate: 
    select
        task0_.id as id1_1_,
        task0_.asigned_id as asigned_2_1_,
        task0_.creation_date as creation3_1_,
        task0_.description as descript4_1_,
        task0_.estimated_duration as estimate5_1_,
        task0_.finish_date as finish_d6_1_,
        task0_.name as name7_1_,
        task0_.priority as priority8_1_,
        task0_.project_id as project_9_1_,
        task0_.start_date as start_d10_1_,
        task0_.status as status11_1_ 
    from
        task task0_
After all test execution
Hibernate: 
    select
        project0_.id as id1_0_,
        project0_.creation_date as creation2_0_,
        project0_.description as descript3_0_,
        project0_.finish_date as finish_d4_0_,
        project0_.name as name5_0_,
        project0_.project_leader_id as project_6_0_,
        project0_.start_date as start_da7_0_,
        project0_.status as status8_0_ 
    from
        project project0_
After all test execution
Resetting system
Hibernate: 
    select
        task0_.id as id1_1_,
        task0_.asigned_id as asigned_2_1_,
        task0_.creation_date as creation3_1_,
        task0_.description as descript4_1_,
        task0_.estimated_duration as estimate5_1_,
        task0_.finish_date as finish_d6_1_,
        task0_.name as name7_1_,
        task0_.priority as priority8_1_,
        task0_.project_id as project_9_1_,
        task0_.start_date as start_d10_1_,
        task0_.status as status11_1_ 
    from
        task task0_
Resetting system
Hibernate: 
    select
        project0_.id as id1_0_,
        project0_.creation_date as creation2_0_,
        project0_.description as descript3_0_,
        project0_.finish_date as finish_d4_0_,
        project0_.name as name5_0_,
        project0_.project_leader_id as project_6_0_,
        project0_.start_date as start_da7_0_,
        project0_.status as status8_0_ 
    from
        project project0_
Resetting system
Hibernate: 
    select
        project0_.id as id1_0_,
        project0_.creation_date as creation2_0_,
        project0_.description as descript3_0_,
        project0_.finish_date as finish_d4_0_,
        project0_.name as name5_0_,
        project0_.project_leader_id as project_6_0_,
        project0_.start_date as start_da7_0_,
        project0_.status as status8_0_ 
    from
        project project0_
Hibernate: 
    select
        project0_.id as id1_0_,
        project0_.creation_date as creation2_0_,
        project0_.description as descript3_0_,
        project0_.finish_date as finish_d4_0_,
        project0_.name as name5_0_,
        project0_.project_leader_id as project_6_0_,
        project0_.start_date as start_da7_0_,
        project0_.status as status8_0_ 
    from
        project project0_
After all test execution
Hibernate: 
    select
        task0_.id as id1_1_,
        task0_.asigned_id as asigned_2_1_,
        task0_.creation_date as creation3_1_,
        task0_.description as descript4_1_,
        task0_.estimated_duration as estimate5_1_,
        task0_.finish_date as finish_d6_1_,
        task0_.name as name7_1_,
        task0_.priority as priority8_1_,
        task0_.project_id as project_9_1_,
        task0_.start_date as start_d10_1_,
        task0_.status as status11_1_ 
    from
        task task0_
After all test execution
2023-12-03 22:09:27.404  INFO 25172 --- [    Test worker] o.s.t.c.support.AbstractContextLoader    : Could not detect default resource locations for test class [com.aninfo.integration.cucumber.TaskIntegrationServiceTest]: no resource found for suffixes {-context.xml, Context.groovy}.
2023-12-03 22:09:27.406  INFO 25172 --- [    Test worker] .b.t.c.SpringBootTestContextBootstrapper : Loaded default TestExecutionListener class names from location [META-INF/spring.factories]: [org.springframework.boot.test.autoconfigure.restdocs.RestDocsTestExecutionListener, org.springframework.boot.test.autoconfigure.web.client.MockRestServiceServerResetTestExecutionListener, org.springframework.boot.test.autoconfigure.web.servlet.MockMvcPrintOnlyOnFailureTestExecutionListener, org.springframework.boot.test.autoconfigure.web.servlet.WebDriverTestExecutionListener, org.springframework.boot.test.mock.mockito.MockitoTestExecutionListener, org.springframework.boot.test.mock.mockito.ResetMocksTestExecutionListener, org.springframework.test.context.web.ServletTestExecutionListener, org.springframework.test.context.support.DirtiesContextBeforeModesTestExecutionListener, org.springframework.test.context.support.DependencyInjectionTestExecutionListener, org.springframework.test.context.support.DirtiesContextTestExecutionListener, org.springframework.test.context.transaction.TransactionalTestExecutionListener, org.springframework.test.context.jdbc.SqlScriptsTestExecutionListener, org.springframework.test.context.event.EventPublishingTestExecutionListener]
2023-12-03 22:09:27.406  INFO 25172 --- [    Test worker] .b.t.c.SpringBootTestContextBootstrapper : Using TestExecutionListeners: [org.springframework.test.context.web.ServletTestExecutionListener@7a4a4c32, org.springframework.test.context.support.DirtiesContextBeforeModesTestExecutionListener@5ad0c07b, org.springframework.boot.test.mock.mockito.MockitoTestExecutionListener@5cb46b13, org.springframework.boot.test.autoconfigure.SpringBootDependencyInjectionTestExecutionListener@83cce3e, org.springframework.test.context.support.DirtiesContextTestExecutionListener@20bf38d7, org.springframework.test.context.transaction.TransactionalTestExecutionListener@7cb0e7a3, org.springframework.test.context.jdbc.SqlScriptsTestExecutionListener@323f7d5, org.springframework.test.context.event.EventPublishingTestExecutionListener@6d8084b1, org.springframework.boot.test.autoconfigure.restdocs.RestDocsTestExecutionListener@34a06056, org.springframework.boot.test.autoconfigure.web.client.MockRestServiceServerResetTestExecutionListener@4fd6049e, org.springframework.boot.test.autoconfigure.web.servlet.MockMvcPrintOnlyOnFailureTestExecutionListener@5357cfee, org.springframework.boot.test.autoconfigure.web.servlet.WebDriverTestExecutionListener@3a1b6c39, org.springframework.boot.test.mock.mockito.ResetMocksTestExecutionListener@d0e09fc]
Before any test execution
Before any test execution
Before any test execution
Before any test execution
Hibernate: 
    select
        task0_.id as id1_1_,
        task0_.asigned_id as asigned_2_1_,
        task0_.creation_date as creation3_1_,
        task0_.description as descript4_1_,
        task0_.estimated_duration as estimate5_1_,
        task0_.finish_date as finish_d6_1_,
        task0_.name as name7_1_,
        task0_.priority as priority8_1_,
        task0_.project_id as project_9_1_,
        task0_.start_date as start_d10_1_,
        task0_.status as status11_1_ 
    from
        task task0_ 
    where
        task0_.name=?
Hibernate: 
    call next value for hibernate_sequence
Hibernate: 
    insert 
    into
        task
        (asigned_id, creation_date, description, estimated_duration, finish_date, name, priority, project_id, start_date, status, id) 
    values
        (?, ?, ?, ?, ?, ?, ?, ?, ?, ?, ?)
Hibernate: 
    select
        task0_.id as id1_1_0_,
        task0_.asigned_id as asigned_2_1_0_,
        task0_.creation_date as creation3_1_0_,
        task0_.description as descript4_1_0_,
        task0_.estimated_duration as estimate5_1_0_,
        task0_.finish_date as finish_d6_1_0_,
        task0_.name as name7_1_0_,
        task0_.priority as priority8_1_0_,
        task0_.project_id as project_9_1_0_,
        task0_.start_date as start_d10_1_0_,
        task0_.status as status11_1_0_ 
    from
        task task0_ 
    where
        task0_.id=?
Hibernate: 
    select
        task0_.id as id1_1_,
        task0_.asigned_id as asigned_2_1_,
        task0_.creation_date as creation3_1_,
        task0_.description as descript4_1_,
        task0_.estimated_duration as estimate5_1_,
        task0_.finish_date as finish_d6_1_,
        task0_.name as name7_1_,
        task0_.priority as priority8_1_,
        task0_.project_id as project_9_1_,
        task0_.start_date as start_d10_1_,
        task0_.status as status11_1_ 
    from
        task task0_ 
    where
        task0_.name=?
Hibernate: 
    select
        task0_.id as id1_1_0_,
        task0_.asigned_id as asigned_2_1_0_,
        task0_.creation_date as creation3_1_0_,
        task0_.description as descript4_1_0_,
        task0_.estimated_duration as estimate5_1_0_,
        task0_.finish_date as finish_d6_1_0_,
        task0_.name as name7_1_0_,
        task0_.priority as priority8_1_0_,
        task0_.project_id as project_9_1_0_,
        task0_.start_date as start_d10_1_0_,
        task0_.status as status11_1_0_ 
    from
        task task0_ 
    where
        task0_.id=?
Hibernate: 
    update
        task 
    set
        asigned_id=?,
        creation_date=?,
        description=?,
        estimated_duration=?,
        finish_date=?,
        name=?,
        priority=?,
        project_id=?,
        start_date=?,
        status=? 
    where
        id=?
Hibernate: 
    select
        task0_.id as id1_1_,
        task0_.asigned_id as asigned_2_1_,
        task0_.creation_date as creation3_1_,
        task0_.description as descript4_1_,
        task0_.estimated_duration as estimate5_1_,
        task0_.finish_date as finish_d6_1_,
        task0_.name as name7_1_,
        task0_.priority as priority8_1_,
        task0_.project_id as project_9_1_,
        task0_.start_date as start_d10_1_,
        task0_.status as status11_1_ 
    from
        task task0_
Hibernate: 
    delete 
    from
        task 
    where
        id=?
After all test execution
Hibernate: 
    select
        task0_.id as id1_1_,
        task0_.asigned_id as asigned_2_1_,
        task0_.creation_date as creation3_1_,
        task0_.description as descript4_1_,
        task0_.estimated_duration as estimate5_1_,
        task0_.finish_date as finish_d6_1_,
        task0_.name as name7_1_,
        task0_.priority as priority8_1_,
        task0_.project_id as project_9_1_,
        task0_.start_date as start_d10_1_,
        task0_.status as status11_1_ 
    from
        task task0_
Hibernate: 
    select
        task0_.id as id1_1_,
        task0_.asigned_id as asigned_2_1_,
        task0_.creation_date as creation3_1_,
        task0_.description as descript4_1_,
        task0_.estimated_duration as estimate5_1_,
        task0_.finish_date as finish_d6_1_,
        task0_.name as name7_1_,
        task0_.priority as priority8_1_,
        task0_.project_id as project_9_1_,
        task0_.start_date as start_d10_1_,
        task0_.status as status11_1_ 
    from
        task task0_
After all test execution
Hibernate: 
    select
        project0_.id as id1_0_,
        project0_.creation_date as creation2_0_,
        project0_.description as descript3_0_,
        project0_.finish_date as finish_d4_0_,
        project0_.name as name5_0_,
        project0_.project_leader_id as project_6_0_,
        project0_.start_date as start_da7_0_,
        project0_.status as status8_0_ 
    from
        project project0_
After all test execution
Resetting system
Hibernate: 
    select
        task0_.id as id1_1_,
        task0_.asigned_id as asigned_2_1_,
        task0_.creation_date as creation3_1_,
        task0_.description as descript4_1_,
        task0_.estimated_duration as estimate5_1_,
        task0_.finish_date as finish_d6_1_,
        task0_.name as name7_1_,
        task0_.priority as priority8_1_,
        task0_.project_id as project_9_1_,
        task0_.start_date as start_d10_1_,
        task0_.status as status11_1_ 
    from
        task task0_
Resetting system
Hibernate: 
    select
        project0_.id as id1_0_,
        project0_.creation_date as creation2_0_,
        project0_.description as descript3_0_,
        project0_.finish_date as finish_d4_0_,
        project0_.name as name5_0_,
        project0_.project_leader_id as project_6_0_,
        project0_.start_date as start_da7_0_,
        project0_.status as status8_0_ 
    from
        project project0_
Resetting system
Hibernate: 
    select
        project0_.id as id1_0_,
        project0_.creation_date as creation2_0_,
        project0_.description as descript3_0_,
        project0_.finish_date as finish_d4_0_,
        project0_.name as name5_0_,
        project0_.project_leader_id as project_6_0_,
        project0_.start_date as start_da7_0_,
        project0_.status as status8_0_ 
    from
        project project0_
Hibernate: 
    select
        project0_.id as id1_0_,
        project0_.creation_date as creation2_0_,
        project0_.description as descript3_0_,
        project0_.finish_date as finish_d4_0_,
        project0_.name as name5_0_,
        project0_.project_leader_id as project_6_0_,
        project0_.start_date as start_da7_0_,
        project0_.status as status8_0_ 
    from
        project project0_
After all test execution
Hibernate: 
    select
        task0_.id as id1_1_,
        task0_.asigned_id as asigned_2_1_,
        task0_.creation_date as creation3_1_,
        task0_.description as descript4_1_,
        task0_.estimated_duration as estimate5_1_,
        task0_.finish_date as finish_d6_1_,
        task0_.name as name7_1_,
        task0_.priority as priority8_1_,
        task0_.project_id as project_9_1_,
        task0_.start_date as start_d10_1_,
        task0_.status as status11_1_ 
    from
        task task0_
After all test execution
2023-12-03 22:09:27.439  INFO 25172 --- [    Test worker] o.s.t.c.support.AbstractContextLoader    : Could not detect default resource locations for test class [com.aninfo.integration.cucumber.TaskIntegrationServiceTest]: no resource found for suffixes {-context.xml, Context.groovy}.
2023-12-03 22:09:27.441  INFO 25172 --- [    Test worker] .b.t.c.SpringBootTestContextBootstrapper : Loaded default TestExecutionListener class names from location [META-INF/spring.factories]: [org.springframework.boot.test.autoconfigure.restdocs.RestDocsTestExecutionListener, org.springframework.boot.test.autoconfigure.web.client.MockRestServiceServerResetTestExecutionListener, org.springframework.boot.test.autoconfigure.web.servlet.MockMvcPrintOnlyOnFailureTestExecutionListener, org.springframework.boot.test.autoconfigure.web.servlet.WebDriverTestExecutionListener, org.springframework.boot.test.mock.mockito.MockitoTestExecutionListener, org.springframework.boot.test.mock.mockito.ResetMocksTestExecutionListener, org.springframework.test.context.web.ServletTestExecutionListener, org.springframework.test.context.support.DirtiesContextBeforeModesTestExecutionListener, org.springframework.test.context.support.DependencyInjectionTestExecutionListener, org.springframework.test.context.support.DirtiesContextTestExecutionListener, org.springframework.test.context.transaction.TransactionalTestExecutionListener, org.springframework.test.context.jdbc.SqlScriptsTestExecutionListener, org.springframework.test.context.event.EventPublishingTestExecutionListener]
2023-12-03 22:09:27.442  INFO 25172 --- [    Test worker] .b.t.c.SpringBootTestContextBootstrapper : Using TestExecutionListeners: [org.springframework.test.context.web.ServletTestExecutionListener@4e3e4290, org.springframework.test.context.support.DirtiesContextBeforeModesTestExecutionListener@2a5b4a9, org.springframework.boot.test.mock.mockito.MockitoTestExecutionListener@5580bb45, org.springframework.boot.test.autoconfigure.SpringBootDependencyInjectionTestExecutionListener@6fdd3ac0, org.springframework.test.context.support.DirtiesContextTestExecutionListener@534bcf69, org.springframework.test.context.transaction.TransactionalTestExecutionListener@7c643955, org.springframework.test.context.jdbc.SqlScriptsTestExecutionListener@2ceeff0f, org.springframework.test.context.event.EventPublishingTestExecutionListener@2ae3db68, org.springframework.boot.test.autoconfigure.restdocs.RestDocsTestExecutionListener@27de79da, org.springframework.boot.test.autoconfigure.web.client.MockRestServiceServerResetTestExecutionListener@7a2d52e5, org.springframework.boot.test.autoconfigure.web.servlet.MockMvcPrintOnlyOnFailureTestExecutionListener@21e0dc28, org.springframework.boot.test.autoconfigure.web.servlet.WebDriverTestExecutionListener@156c7be7, org.springframework.boot.test.mock.mockito.ResetMocksTestExecutionListener@4128d039]
Before any test execution
Before any test execution
Before any test execution
Before any test execution
Hibernate: 
    select
        task0_.id as id1_1_,
        task0_.asigned_id as asigned_2_1_,
        task0_.creation_date as creation3_1_,
        task0_.description as descript4_1_,
        task0_.estimated_duration as estimate5_1_,
        task0_.finish_date as finish_d6_1_,
        task0_.name as name7_1_,
        task0_.priority as priority8_1_,
        task0_.project_id as project_9_1_,
        task0_.start_date as start_d10_1_,
        task0_.status as status11_1_ 
    from
        task task0_ 
    where
        task0_.name=?
Hibernate: 
    call next value for hibernate_sequence
Hibernate: 
    insert 
    into
        task
        (asigned_id, creation_date, description, estimated_duration, finish_date, name, priority, project_id, start_date, status, id) 
    values
        (?, ?, ?, ?, ?, ?, ?, ?, ?, ?, ?)
Hibernate: 
    select
        task0_.id as id1_1_0_,
        task0_.asigned_id as asigned_2_1_0_,
        task0_.creation_date as creation3_1_0_,
        task0_.description as descript4_1_0_,
        task0_.estimated_duration as estimate5_1_0_,
        task0_.finish_date as finish_d6_1_0_,
        task0_.name as name7_1_0_,
        task0_.priority as priority8_1_0_,
        task0_.project_id as project_9_1_0_,
        task0_.start_date as start_d10_1_0_,
        task0_.status as status11_1_0_ 
    from
        task task0_ 
    where
        task0_.id=?
Hibernate: 
    select
        task0_.id as id1_1_,
        task0_.asigned_id as asigned_2_1_,
        task0_.creation_date as creation3_1_,
        task0_.description as descript4_1_,
        task0_.estimated_duration as estimate5_1_,
        task0_.finish_date as finish_d6_1_,
        task0_.name as name7_1_,
        task0_.priority as priority8_1_,
        task0_.project_id as project_9_1_,
        task0_.start_date as start_d10_1_,
        task0_.status as status11_1_ 
    from
        task task0_ 
    where
        task0_.name=?
Hibernate: 
    select
        task0_.id as id1_1_0_,
        task0_.asigned_id as asigned_2_1_0_,
        task0_.creation_date as creation3_1_0_,
        task0_.description as descript4_1_0_,
        task0_.estimated_duration as estimate5_1_0_,
        task0_.finish_date as finish_d6_1_0_,
        task0_.name as name7_1_0_,
        task0_.priority as priority8_1_0_,
        task0_.project_id as project_9_1_0_,
        task0_.start_date as start_d10_1_0_,
        task0_.status as status11_1_0_ 
    from
        task task0_ 
    where
        task0_.id=?
Hibernate: 
    update
        task 
    set
        asigned_id=?,
        creation_date=?,
        description=?,
        estimated_duration=?,
        finish_date=?,
        name=?,
        priority=?,
        project_id=?,
        start_date=?,
        status=? 
    where
        id=?
Hibernate: 
    select
        task0_.id as id1_1_,
        task0_.asigned_id as asigned_2_1_,
        task0_.creation_date as creation3_1_,
        task0_.description as descript4_1_,
        task0_.estimated_duration as estimate5_1_,
        task0_.finish_date as finish_d6_1_,
        task0_.name as name7_1_,
        task0_.priority as priority8_1_,
        task0_.project_id as project_9_1_,
        task0_.start_date as start_d10_1_,
        task0_.status as status11_1_ 
    from
        task task0_
Hibernate: 
    delete 
    from
        task 
    where
        id=?
After all test execution
Hibernate: 
    select
        task0_.id as id1_1_,
        task0_.asigned_id as asigned_2_1_,
        task0_.creation_date as creation3_1_,
        task0_.description as descript4_1_,
        task0_.estimated_duration as estimate5_1_,
        task0_.finish_date as finish_d6_1_,
        task0_.name as name7_1_,
        task0_.priority as priority8_1_,
        task0_.project_id as project_9_1_,
        task0_.start_date as start_d10_1_,
        task0_.status as status11_1_ 
    from
        task task0_
Hibernate: 
    select
        task0_.id as id1_1_,
        task0_.asigned_id as asigned_2_1_,
        task0_.creation_date as creation3_1_,
        task0_.description as descript4_1_,
        task0_.estimated_duration as estimate5_1_,
        task0_.finish_date as finish_d6_1_,
        task0_.name as name7_1_,
        task0_.priority as priority8_1_,
        task0_.project_id as project_9_1_,
        task0_.start_date as start_d10_1_,
        task0_.status as status11_1_ 
    from
        task task0_
After all test execution
Hibernate: 
    select
        project0_.id as id1_0_,
        project0_.creation_date as creation2_0_,
        project0_.description as descript3_0_,
        project0_.finish_date as finish_d4_0_,
        project0_.name as name5_0_,
        project0_.project_leader_id as project_6_0_,
        project0_.start_date as start_da7_0_,
        project0_.status as status8_0_ 
    from
        project project0_
After all test execution
Resetting system
Hibernate: 
    select
        task0_.id as id1_1_,
        task0_.asigned_id as asigned_2_1_,
        task0_.creation_date as creation3_1_,
        task0_.description as descript4_1_,
        task0_.estimated_duration as estimate5_1_,
        task0_.finish_date as finish_d6_1_,
        task0_.name as name7_1_,
        task0_.priority as priority8_1_,
        task0_.project_id as project_9_1_,
        task0_.start_date as start_d10_1_,
        task0_.status as status11_1_ 
    from
        task task0_
Resetting system
Hibernate: 
    select
        project0_.id as id1_0_,
        project0_.creation_date as creation2_0_,
        project0_.description as descript3_0_,
        project0_.finish_date as finish_d4_0_,
        project0_.name as name5_0_,
        project0_.project_leader_id as project_6_0_,
        project0_.start_date as start_da7_0_,
        project0_.status as status8_0_ 
    from
        project project0_
Resetting system
Hibernate: 
    select
        project0_.id as id1_0_,
        project0_.creation_date as creation2_0_,
        project0_.description as descript3_0_,
        project0_.finish_date as finish_d4_0_,
        project0_.name as name5_0_,
        project0_.project_leader_id as project_6_0_,
        project0_.start_date as start_da7_0_,
        project0_.status as status8_0_ 
    from
        project project0_
Hibernate: 
    select
        project0_.id as id1_0_,
        project0_.creation_date as creation2_0_,
        project0_.description as descript3_0_,
        project0_.finish_date as finish_d4_0_,
        project0_.name as name5_0_,
        project0_.project_leader_id as project_6_0_,
        project0_.start_date as start_da7_0_,
        project0_.status as status8_0_ 
    from
        project project0_
After all test execution
Hibernate: 
    select
        task0_.id as id1_1_,
        task0_.asigned_id as asigned_2_1_,
        task0_.creation_date as creation3_1_,
        task0_.description as descript4_1_,
        task0_.estimated_duration as estimate5_1_,
        task0_.finish_date as finish_d6_1_,
        task0_.name as name7_1_,
        task0_.priority as priority8_1_,
        task0_.project_id as project_9_1_,
        task0_.start_date as start_d10_1_,
        task0_.status as status11_1_ 
    from
        task task0_
After all test execution
2023-12-03 22:09:27.477  INFO 25172 --- [    Test worker] o.s.t.c.support.AbstractContextLoader    : Could not detect default resource locations for test class [com.aninfo.integration.cucumber.TaskIntegrationServiceTest]: no resource found for suffixes {-context.xml, Context.groovy}.
2023-12-03 22:09:27.501  INFO 25172 --- [    Test worker] .b.t.c.SpringBootTestContextBootstrapper : Loaded default TestExecutionListener class names from location [META-INF/spring.factories]: [org.springframework.boot.test.autoconfigure.restdocs.RestDocsTestExecutionListener, org.springframework.boot.test.autoconfigure.web.client.MockRestServiceServerResetTestExecutionListener, org.springframework.boot.test.autoconfigure.web.servlet.MockMvcPrintOnlyOnFailureTestExecutionListener, org.springframework.boot.test.autoconfigure.web.servlet.WebDriverTestExecutionListener, org.springframework.boot.test.mock.mockito.MockitoTestExecutionListener, org.springframework.boot.test.mock.mockito.ResetMocksTestExecutionListener, org.springframework.test.context.web.ServletTestExecutionListener, org.springframework.test.context.support.DirtiesContextBeforeModesTestExecutionListener, org.springframework.test.context.support.DependencyInjectionTestExecutionListener, org.springframework.test.context.support.DirtiesContextTestExecutionListener, org.springframework.test.context.transaction.TransactionalTestExecutionListener, org.springframework.test.context.jdbc.SqlScriptsTestExecutionListener, org.springframework.test.context.event.EventPublishingTestExecutionListener]
2023-12-03 22:09:27.501  INFO 25172 --- [    Test worker] .b.t.c.SpringBootTestContextBootstrapper : Using TestExecutionListeners: [org.springframework.test.context.web.ServletTestExecutionListener@2034d8c1, org.springframework.test.context.support.DirtiesContextBeforeModesTestExecutionListener@5be81713, org.springframework.boot.test.mock.mockito.MockitoTestExecutionListener@502230b5, org.springframework.boot.test.autoconfigure.SpringBootDependencyInjectionTestExecutionListener@640c9a68, org.springframework.test.context.support.DirtiesContextTestExecutionListener@62f8b4f8, org.springframework.test.context.transaction.TransactionalTestExecutionListener@7933673b, org.springframework.test.context.jdbc.SqlScriptsTestExecutionListener@38d54730, org.springframework.test.context.event.EventPublishingTestExecutionListener@380a5598, org.springframework.boot.test.autoconfigure.restdocs.RestDocsTestExecutionListener@1ff26915, org.springframework.boot.test.autoconfigure.web.client.MockRestServiceServerResetTestExecutionListener@7d9adf6f, org.springframework.boot.test.autoconfigure.web.servlet.MockMvcPrintOnlyOnFailureTestExecutionListener@6f64fb2b, org.springframework.boot.test.autoconfigure.web.servlet.WebDriverTestExecutionListener@528c5ca, org.springframework.boot.test.mock.mockito.ResetMocksTestExecutionListener@91eaebb]
Before any test execution
Before any test execution
Before any test execution
Before any test execution
Hibernate: 
    select
        task0_.id as id1_1_,
        task0_.asigned_id as asigned_2_1_,
        task0_.creation_date as creation3_1_,
        task0_.description as descript4_1_,
        task0_.estimated_duration as estimate5_1_,
        task0_.finish_date as finish_d6_1_,
        task0_.name as name7_1_,
        task0_.priority as priority8_1_,
        task0_.project_id as project_9_1_,
        task0_.start_date as start_d10_1_,
        task0_.status as status11_1_ 
    from
        task task0_ 
    where
        task0_.name=?
Hibernate: 
    call next value for hibernate_sequence
Hibernate: 
    insert 
    into
        task
        (asigned_id, creation_date, description, estimated_duration, finish_date, name, priority, project_id, start_date, status, id) 
    values
        (?, ?, ?, ?, ?, ?, ?, ?, ?, ?, ?)
Hibernate: 
    select
        task0_.id as id1_1_0_,
        task0_.asigned_id as asigned_2_1_0_,
        task0_.creation_date as creation3_1_0_,
        task0_.description as descript4_1_0_,
        task0_.estimated_duration as estimate5_1_0_,
        task0_.finish_date as finish_d6_1_0_,
        task0_.name as name7_1_0_,
        task0_.priority as priority8_1_0_,
        task0_.project_id as project_9_1_0_,
        task0_.start_date as start_d10_1_0_,
        task0_.status as status11_1_0_ 
    from
        task task0_ 
    where
        task0_.id=?
Hibernate: 
    select
        task0_.id as id1_1_,
        task0_.asigned_id as asigned_2_1_,
        task0_.creation_date as creation3_1_,
        task0_.description as descript4_1_,
        task0_.estimated_duration as estimate5_1_,
        task0_.finish_date as finish_d6_1_,
        task0_.name as name7_1_,
        task0_.priority as priority8_1_,
        task0_.project_id as project_9_1_,
        task0_.start_date as start_d10_1_,
        task0_.status as status11_1_ 
    from
        task task0_ 
    where
        task0_.name=?
Hibernate: 
    select
        task0_.id as id1_1_0_,
        task0_.asigned_id as asigned_2_1_0_,
        task0_.creation_date as creation3_1_0_,
        task0_.description as descript4_1_0_,
        task0_.estimated_duration as estimate5_1_0_,
        task0_.finish_date as finish_d6_1_0_,
        task0_.name as name7_1_0_,
        task0_.priority as priority8_1_0_,
        task0_.project_id as project_9_1_0_,
        task0_.start_date as start_d10_1_0_,
        task0_.status as status11_1_0_ 
    from
        task task0_ 
    where
        task0_.id=?
Hibernate: 
    update
        task 
    set
        asigned_id=?,
        creation_date=?,
        description=?,
        estimated_duration=?,
        finish_date=?,
        name=?,
        priority=?,
        project_id=?,
        start_date=?,
        status=? 
    where
        id=?
Hibernate: 
    select
        task0_.id as id1_1_,
        task0_.asigned_id as asigned_2_1_,
        task0_.creation_date as creation3_1_,
        task0_.description as descript4_1_,
        task0_.estimated_duration as estimate5_1_,
        task0_.finish_date as finish_d6_1_,
        task0_.name as name7_1_,
        task0_.priority as priority8_1_,
        task0_.project_id as project_9_1_,
        task0_.start_date as start_d10_1_,
        task0_.status as status11_1_ 
    from
        task task0_
Hibernate: 
    delete 
    from
        task 
    where
        id=?
After all test execution
Hibernate: 
    select
        task0_.id as id1_1_,
        task0_.asigned_id as asigned_2_1_,
        task0_.creation_date as creation3_1_,
        task0_.description as descript4_1_,
        task0_.estimated_duration as estimate5_1_,
        task0_.finish_date as finish_d6_1_,
        task0_.name as name7_1_,
        task0_.priority as priority8_1_,
        task0_.project_id as project_9_1_,
        task0_.start_date as start_d10_1_,
        task0_.status as status11_1_ 
    from
        task task0_
Hibernate: 
    select
        task0_.id as id1_1_,
        task0_.asigned_id as asigned_2_1_,
        task0_.creation_date as creation3_1_,
        task0_.description as descript4_1_,
        task0_.estimated_duration as estimate5_1_,
        task0_.finish_date as finish_d6_1_,
        task0_.name as name7_1_,
        task0_.priority as priority8_1_,
        task0_.project_id as project_9_1_,
        task0_.start_date as start_d10_1_,
        task0_.status as status11_1_ 
    from
        task task0_
After all test execution
Hibernate: 
    select
        project0_.id as id1_0_,
        project0_.creation_date as creation2_0_,
        project0_.description as descript3_0_,
        project0_.finish_date as finish_d4_0_,
        project0_.name as name5_0_,
        project0_.project_leader_id as project_6_0_,
        project0_.start_date as start_da7_0_,
        project0_.status as status8_0_ 
    from
        project project0_
After all test execution
Resetting system
Hibernate: 
    select
        task0_.id as id1_1_,
        task0_.asigned_id as asigned_2_1_,
        task0_.creation_date as creation3_1_,
        task0_.description as descript4_1_,
        task0_.estimated_duration as estimate5_1_,
        task0_.finish_date as finish_d6_1_,
        task0_.name as name7_1_,
        task0_.priority as priority8_1_,
        task0_.project_id as project_9_1_,
        task0_.start_date as start_d10_1_,
        task0_.status as status11_1_ 
    from
        task task0_
Resetting system
Hibernate: 
    select
        project0_.id as id1_0_,
        project0_.creation_date as creation2_0_,
        project0_.description as descript3_0_,
        project0_.finish_date as finish_d4_0_,
        project0_.name as name5_0_,
        project0_.project_leader_id as project_6_0_,
        project0_.start_date as start_da7_0_,
        project0_.status as status8_0_ 
    from
        project project0_
Resetting system
Hibernate: 
    select
        project0_.id as id1_0_,
        project0_.creation_date as creation2_0_,
        project0_.description as descript3_0_,
        project0_.finish_date as finish_d4_0_,
        project0_.name as name5_0_,
        project0_.project_leader_id as project_6_0_,
        project0_.start_date as start_da7_0_,
        project0_.status as status8_0_ 
    from
        project project0_
Hibernate: 
    select
        project0_.id as id1_0_,
        project0_.creation_date as creation2_0_,
        project0_.description as descript3_0_,
        project0_.finish_date as finish_d4_0_,
        project0_.name as name5_0_,
        project0_.project_leader_id as project_6_0_,
        project0_.start_date as start_da7_0_,
        project0_.status as status8_0_ 
    from
        project project0_
After all test execution
Hibernate: 
    select
        task0_.id as id1_1_,
        task0_.asigned_id as asigned_2_1_,
        task0_.creation_date as creation3_1_,
        task0_.description as descript4_1_,
        task0_.estimated_duration as estimate5_1_,
        task0_.finish_date as finish_d6_1_,
        task0_.name as name7_1_,
        task0_.priority as priority8_1_,
        task0_.project_id as project_9_1_,
        task0_.start_date as start_d10_1_,
        task0_.status as status11_1_ 
    from
        task task0_
After all test execution

28 Scenarios (?[32m28 passed?[0m)
90 Steps (?[32m90 passed?[0m)
0m1,785s

]]></system-out>
  <system-err><![CDATA[]]></system-err>
</testsuite>
