<?xml version="1.0" encoding="UTF-8"?>
<testsuite name="com.aninfo.integration.cucumber.CucumberTest" tests="90" skipped="0" failures="0" errors="0" timestamp="2023-12-04T00:59:59" hostname="LAPTOP-I5D4J9C4" time="1.642">
  <properties/>
  <testcase name="Given No projects" classname="com.aninfo.integration.cucumber.CucumberTest" time="0.001"/>
  <testcase name="When Trying to get projects" classname="com.aninfo.integration.cucumber.CucumberTest" time="0.0"/>
  <testcase name="Then I get no projects" classname="com.aninfo.integration.cucumber.CucumberTest" time="0.0"/>
  <testcase name="Given Two projects" classname="com.aninfo.integration.cucumber.CucumberTest" time="0.0"/>
  <testcase name="When Trying to get projects" classname="com.aninfo.integration.cucumber.CucumberTest" time="0.0"/>
  <testcase name="Then I get two projects" classname="com.aninfo.integration.cucumber.CucumberTest" time="0.0"/>
  <testcase name="Given Project with name MyProject" classname="com.aninfo.integration.cucumber.CucumberTest" time="0.001"/>
  <testcase name="When Trying to find project with name MyProject" classname="com.aninfo.integration.cucumber.CucumberTest" time="0.0"/>
  <testcase name="Then I get the project appropriately" classname="com.aninfo.integration.cucumber.CucumberTest" time="0.0"/>
  <testcase name="Given Project with name MyProject1" classname="com.aninfo.integration.cucumber.CucumberTest" time="0.0"/>
  <testcase name="When Trying to find project with name MyProject2" classname="com.aninfo.integration.cucumber.CucumberTest" time="0.0"/>
  <testcase name="Then I get an Invalid Project Exception" classname="com.aninfo.integration.cucumber.CucumberTest" time="0.001"/>
  <testcase name="Given No projects" classname="com.aninfo.integration.cucumber.CucumberTest" time="0.0"/>
  <testcase name="When Trying to create a project with name Project1" classname="com.aninfo.integration.cucumber.CucumberTest" time="0.0"/>
  <testcase name="Then It is created successfully" classname="com.aninfo.integration.cucumber.CucumberTest" time="0.001"/>
  <testcase name="And Project is named Project1" classname="com.aninfo.integration.cucumber.CucumberTest" time="0.0"/>
  <testcase name="Given Project with name Project2" classname="com.aninfo.integration.cucumber.CucumberTest" time="0.0"/>
  <testcase name="When Trying to create a project with name Project2" classname="com.aninfo.integration.cucumber.CucumberTest" time="0.0"/>
  <testcase name="Then It is not created because a project with that name already exists" classname="com.aninfo.integration.cucumber.CucumberTest" time="0.001"/>
  <testcase name="Given Project with name Project3" classname="com.aninfo.integration.cucumber.CucumberTest" time="0.0"/>
  <testcase name="When Trying to create a project with name Project4" classname="com.aninfo.integration.cucumber.CucumberTest" time="0.0"/>
  <testcase name="Then It is created successfully" classname="com.aninfo.integration.cucumber.CucumberTest" time="0.001"/>
  <testcase name="And Project is named Project4" classname="com.aninfo.integration.cucumber.CucumberTest" time="0.001"/>
  <testcase name="Given Only one project named ProjectToDelete" classname="com.aninfo.integration.cucumber.CucumberTest" time="0.003"/>
  <testcase name="When Trying to delete it" classname="com.aninfo.integration.cucumber.CucumberTest" time="0.001"/>
  <testcase name="Then Project ProjectToDelete can no longer be found" classname="com.aninfo.integration.cucumber.CucumberTest" time="0.0"/>
  <testcase name="Given A project named ProjectRunway and another named ProjectX" classname="com.aninfo.integration.cucumber.CucumberTest" time="0.0"/>
  <testcase name="When Trying to delete project ProjectRunway" classname="com.aninfo.integration.cucumber.CucumberTest" time="0.0"/>
  <testcase name="Then Project ProjectRunway can no longer be found" classname="com.aninfo.integration.cucumber.CucumberTest" time="0.0"/>
  <testcase name="And Project ProjectX can still be found" classname="com.aninfo.integration.cucumber.CucumberTest" time="0.0"/>
  <testcase name="Given Two projects with names ProjectNoah and ProjectCami" classname="com.aninfo.integration.cucumber.CucumberTest" time="0.0"/>
  <testcase name="When Trying to change the ProjectCami name to ProjectDenise" classname="com.aninfo.integration.cucumber.CucumberTest" time="0.0"/>
  <testcase name="Then Name is changed successfully to ProjectDenise" classname="com.aninfo.integration.cucumber.CucumberTest" time="0.0"/>
  <testcase name="Given Two projects with names ProjectNoah and ProjectCami" classname="com.aninfo.integration.cucumber.CucumberTest" time="0.001"/>
  <testcase name="When Trying to change the ProjectCami name to ProjectNoah" classname="com.aninfo.integration.cucumber.CucumberTest" time="0.0"/>
  <testcase name="Then Name cannot be modified" classname="com.aninfo.integration.cucumber.CucumberTest" time="0.0"/>
  <testcase name="Given A project named DescriptiveProject with description This is my Description" classname="com.aninfo.integration.cucumber.CucumberTest" time="0.001"/>
  <testcase name="When Trying to change the description to Another description" classname="com.aninfo.integration.cucumber.CucumberTest" time="0.0"/>
  <testcase name="Then Description is changed successfully to Another description" classname="com.aninfo.integration.cucumber.CucumberTest" time="0.0"/>
  <testcase name="Given A project named ProjectWithFinishDate with estimated finish date 2007-12-03" classname="com.aninfo.integration.cucumber.CucumberTest" time="0.0"/>
  <testcase name="When Trying to change the finish date to 2018-12-03" classname="com.aninfo.integration.cucumber.CucumberTest" time="0.0"/>
  <testcase name="Then Finish date is changed successfully to 2018-12-03" classname="com.aninfo.integration.cucumber.CucumberTest" time="0.0"/>
  <testcase name="Given An existent project with name ProjectWithAStatus" classname="com.aninfo.integration.cucumber.CucumberTest" time="0.0"/>
  <testcase name="When Trying to change the status to IN_PROGRESS" classname="com.aninfo.integration.cucumber.CucumberTest" time="0.0"/>
  <testcase name="Then Status is changed successfully to IN_PROGRESS" classname="com.aninfo.integration.cucumber.CucumberTest" time="0.001"/>
  <testcase name="Given A the project with the name project1" classname="com.aninfo.integration.cucumber.CucumberTest" time="0.0"/>
  <testcase name="When Trying to get the tasks" classname="com.aninfo.integration.cucumber.CucumberTest" time="0.0"/>
  <testcase name="Then I get nothing" classname="com.aninfo.integration.cucumber.CucumberTest" time="0.0"/>
  <testcase name="Given A the project with the name project1 with 2 tasks" classname="com.aninfo.integration.cucumber.CucumberTest" time="0.0"/>
  <testcase name="When Trying to get the tasks" classname="com.aninfo.integration.cucumber.CucumberTest" time="0.0"/>
  <testcase name="Then I get two tasks" classname="com.aninfo.integration.cucumber.CucumberTest" time="0.0"/>
  <testcase name="Given A task in a project with name task1" classname="com.aninfo.integration.cucumber.CucumberTest" time="0.0"/>
  <testcase name="When Trying to find the task with name task1" classname="com.aninfo.integration.cucumber.CucumberTest" time="0.0"/>
  <testcase name="Then I get the task appropriately" classname="com.aninfo.integration.cucumber.CucumberTest" time="0.0"/>
  <testcase name="Given A task in a project with name task1" classname="com.aninfo.integration.cucumber.CucumberTest" time="0.001"/>
  <testcase name="When Trying to find the task with name task2" classname="com.aninfo.integration.cucumber.CucumberTest" time="0.001"/>
  <testcase name="Then I get an Invalid task Exception" classname="com.aninfo.integration.cucumber.CucumberTest" time="0.0"/>
  <testcase name="Given No tasks" classname="com.aninfo.integration.cucumber.CucumberTest" time="0.0"/>
  <testcase name="When Try to create a task with name task1" classname="com.aninfo.integration.cucumber.CucumberTest" time="0.001"/>
  <testcase name="Then The task is created successfully" classname="com.aninfo.integration.cucumber.CucumberTest" time="0.0"/>
  <testcase name="And Task is named task1" classname="com.aninfo.integration.cucumber.CucumberTest" time="0.0"/>
  <testcase name="Given A task in a project with name task1" classname="com.aninfo.integration.cucumber.CucumberTest" time="0.0"/>
  <testcase name="When Try to create a task with name task1" classname="com.aninfo.integration.cucumber.CucumberTest" time="0.001"/>
  <testcase name="Then It is not created because a task with that name already exists" classname="com.aninfo.integration.cucumber.CucumberTest" time="0.0"/>
  <testcase name="Given A task in a project with name task1" classname="com.aninfo.integration.cucumber.CucumberTest" time="0.0"/>
  <testcase name="When Try to create a task with name task2" classname="com.aninfo.integration.cucumber.CucumberTest" time="0.0"/>
  <testcase name="Then The task is created successfully" classname="com.aninfo.integration.cucumber.CucumberTest" time="0.0"/>
  <testcase name="And Task is named task2" classname="com.aninfo.integration.cucumber.CucumberTest" time="0.0"/>
  <testcase name="Given Only one task named TaskToDelete" classname="com.aninfo.integration.cucumber.CucumberTest" time="0.0"/>
  <testcase name="When Trying to delete the task" classname="com.aninfo.integration.cucumber.CucumberTest" time="0.0"/>
  <testcase name="Then Task TaskToDelete can no longer be found" classname="com.aninfo.integration.cucumber.CucumberTest" time="0.0"/>
  <testcase name="Given A task named task2 and another named task3" classname="com.aninfo.integration.cucumber.CucumberTest" time="0.001"/>
  <testcase name="When Trying to delete task task2" classname="com.aninfo.integration.cucumber.CucumberTest" time="0.0"/>
  <testcase name="Then Task task2 can no longer be found" classname="com.aninfo.integration.cucumber.CucumberTest" time="0.001"/>
  <testcase name="And Task task3 can still be found" classname="com.aninfo.integration.cucumber.CucumberTest" time="0.001"/>
  <testcase name="Given Two tasks with names TaskA and TaskB" classname="com.aninfo.integration.cucumber.CucumberTest" time="0.001"/>
  <testcase name="When Trying to modified the task TaskB name to TaskC" classname="com.aninfo.integration.cucumber.CucumberTest" time="0.0"/>
  <testcase name="Then Name task is changed successfully to TaskC" classname="com.aninfo.integration.cucumber.CucumberTest" time="0.0"/>
  <testcase name="Given Two tasks with names TaskA and TaskB" classname="com.aninfo.integration.cucumber.CucumberTest" time="0.001"/>
  <testcase name="When Trying to modified the task TaskB name to TaskA" classname="com.aninfo.integration.cucumber.CucumberTest" time="0.001"/>
  <testcase name="Then Name task cannot be modified" classname="com.aninfo.integration.cucumber.CucumberTest" time="0.001"/>
  <testcase name="Given A task named DescriptiveTask with description This is a description example" classname="com.aninfo.integration.cucumber.CucumberTest" time="0.0"/>
  <testcase name="When Trying to modified the description to This is another description example" classname="com.aninfo.integration.cucumber.CucumberTest" time="0.0"/>
  <testcase name="Then Description is modified successfully to This is another description example" classname="com.aninfo.integration.cucumber.CucumberTest" time="0.001"/>
  <testcase name="Given A task named TaskE with estimated finish date 2007-12-03" classname="com.aninfo.integration.cucumber.CucumberTest" time="0.0"/>
  <testcase name="When Trying to change the estimated finish date to 2018-12-03" classname="com.aninfo.integration.cucumber.CucumberTest" time="0.0"/>
  <testcase name="Then Estimated finish date is changed successfully to 2018-12-03" classname="com.aninfo.integration.cucumber.CucumberTest" time="0.0"/>
  <testcase name="Given An existent task with name TaskS" classname="com.aninfo.integration.cucumber.CucumberTest" time="0.001"/>
  <testcase name="When Trying to modify the status to IN_PROGRESS" classname="com.aninfo.integration.cucumber.CucumberTest" time="0.0"/>
  <testcase name="Then Status is modified successfully to IN_PROGRESS" classname="com.aninfo.integration.cucumber.CucumberTest" time="0.0"/>
  <system-out><![CDATA[21:59:47.337 [Test worker] DEBUG org.springframework.test.context.BootstrapUtils - Instantiating CacheAwareContextLoaderDelegate from class [org.springframework.test.context.cache.DefaultCacheAwareContextLoaderDelegate]
21:59:47.366 [Test worker] DEBUG org.springframework.test.context.BootstrapUtils - Instantiating BootstrapContext using constructor [public org.springframework.test.context.support.DefaultBootstrapContext(java.lang.Class,org.springframework.test.context.CacheAwareContextLoaderDelegate)]
21:59:47.429 [Test worker] DEBUG org.springframework.test.context.BootstrapUtils - Instantiating TestContextBootstrapper for test class [com.aninfo.integration.cucumber.TaskEliminationTest] from class [org.springframework.boot.test.context.SpringBootTestContextBootstrapper]
21:59:47.460 [Test worker] DEBUG org.springframework.test.context.support.AbstractContextLoader - Did not detect default resource location for test class [com.aninfo.integration.cucumber.TaskIntegrationServiceTest]: class path resource [com/aninfo/integration/cucumber/TaskIntegrationServiceTest-context.xml] does not exist
21:59:47.460 [Test worker] DEBUG org.springframework.test.context.support.AbstractContextLoader - Did not detect default resource location for test class [com.aninfo.integration.cucumber.TaskIntegrationServiceTest]: class path resource [com/aninfo/integration/cucumber/TaskIntegrationServiceTestContext.groovy] does not exist
21:59:47.460 [Test worker] INFO org.springframework.test.context.support.AbstractContextLoader - Could not detect default resource locations for test class [com.aninfo.integration.cucumber.TaskIntegrationServiceTest]: no resource found for suffixes {-context.xml, Context.groovy}.
21:59:47.562 [Test worker] DEBUG org.springframework.test.context.support.ActiveProfilesUtils - Could not find an 'annotation declaring class' for annotation type [org.springframework.test.context.ActiveProfiles] and class [com.aninfo.integration.cucumber.TaskEliminationTest]
21:59:47.755 [Test worker] DEBUG org.springframework.boot.test.context.SpringBootTestContextBootstrapper - @TestExecutionListeners is not present for class [com.aninfo.integration.cucumber.TaskEliminationTest]: using defaults.
21:59:47.755 [Test worker] INFO org.springframework.boot.test.context.SpringBootTestContextBootstrapper - Loaded default TestExecutionListener class names from location [META-INF/spring.factories]: [org.springframework.boot.test.autoconfigure.restdocs.RestDocsTestExecutionListener, org.springframework.boot.test.autoconfigure.web.client.MockRestServiceServerResetTestExecutionListener, org.springframework.boot.test.autoconfigure.web.servlet.MockMvcPrintOnlyOnFailureTestExecutionListener, org.springframework.boot.test.autoconfigure.web.servlet.WebDriverTestExecutionListener, org.springframework.boot.test.mock.mockito.MockitoTestExecutionListener, org.springframework.boot.test.mock.mockito.ResetMocksTestExecutionListener, org.springframework.test.context.web.ServletTestExecutionListener, org.springframework.test.context.support.DirtiesContextBeforeModesTestExecutionListener, org.springframework.test.context.support.DependencyInjectionTestExecutionListener, org.springframework.test.context.support.DirtiesContextTestExecutionListener, org.springframework.test.context.transaction.TransactionalTestExecutionListener, org.springframework.test.context.jdbc.SqlScriptsTestExecutionListener, org.springframework.test.context.event.EventPublishingTestExecutionListener]
21:59:47.789 [Test worker] INFO org.springframework.boot.test.context.SpringBootTestContextBootstrapper - Using TestExecutionListeners: [org.springframework.test.context.web.ServletTestExecutionListener@31706d71, org.springframework.test.context.support.DirtiesContextBeforeModesTestExecutionListener@1889dc16, org.springframework.boot.test.mock.mockito.MockitoTestExecutionListener@7a3f241e, org.springframework.boot.test.autoconfigure.SpringBootDependencyInjectionTestExecutionListener@75ed2894, org.springframework.test.context.support.DirtiesContextTestExecutionListener@4744d8bd, org.springframework.test.context.transaction.TransactionalTestExecutionListener@11fbc52f, org.springframework.test.context.jdbc.SqlScriptsTestExecutionListener@12e70cda, org.springframework.test.context.event.EventPublishingTestExecutionListener@e522f9a, org.springframework.boot.test.autoconfigure.restdocs.RestDocsTestExecutionListener@6f329fdd, org.springframework.boot.test.autoconfigure.web.client.MockRestServiceServerResetTestExecutionListener@202feda9, org.springframework.boot.test.autoconfigure.web.servlet.MockMvcPrintOnlyOnFailureTestExecutionListener@a84b4aa, org.springframework.boot.test.autoconfigure.web.servlet.WebDriverTestExecutionListener@1535649f, org.springframework.boot.test.mock.mockito.ResetMocksTestExecutionListener@6e82cd93]
21:59:47.820 [Test worker] DEBUG org.springframework.test.context.support.TestPropertySourceUtils - Adding inlined properties to environment: {spring.jmx.enabled=false, org.springframework.boot.test.context.SpringBootTestContextBootstrapper=true, server.port=-1}

  .   ____          _            __ _ _
 /\\ / ___'_ __ _ _(_)_ __  __ _ \ \ \ \
( ( )\___ | '_ | '_| | '_ \/ _` | \ \ \ \
 \\/  ___)| |_)| | | | | || (_| |  ) ) ) )
  '  |____| .__|_| |_|_| |_\__, | / / / /
 =========|_|==============|___/=/_/_/_/
 :: Spring Boot ::        (v2.2.5.RELEASE)

2023-12-03 21:59:48.314  INFO 25892 --- [    Test worker] c.a.i.cucumber.TaskEliminationTest       : Starting TaskEliminationTest on LAPTOP-I5D4J9C4 with PID 25892 (started by camil in C:\Users\camil\Documents\aninfo\aninfotpg)
2023-12-03 21:59:48.314  INFO 25892 --- [    Test worker] c.a.i.cucumber.TaskEliminationTest       : No active profile set, falling back to default profiles: default
2023-12-03 21:59:49.774  INFO 25892 --- [    Test worker] .s.d.r.c.RepositoryConfigurationDelegate : Bootstrapping Spring Data JPA repositories in DEFAULT mode.
2023-12-03 21:59:50.081  INFO 25892 --- [    Test worker] .s.d.r.c.RepositoryConfigurationDelegate : Finished Spring Data repository scanning in 278ms. Found 2 JPA repository interfaces.
2023-12-03 21:59:51.902  INFO 25892 --- [    Test worker] o.hibernate.jpa.internal.util.LogHelper  : HHH000204: Processing PersistenceUnitInfo [name: default]
2023-12-03 21:59:52.067  INFO 25892 --- [    Test worker] org.hibernate.Version                    : HHH000412: Hibernate ORM core version 5.4.12.Final
2023-12-03 21:59:52.392  INFO 25892 --- [    Test worker] o.hibernate.annotations.common.Version   : HCANN000001: Hibernate Commons Annotations {5.1.0.Final}
2023-12-03 21:59:52.575  INFO 25892 --- [    Test worker] com.zaxxer.hikari.HikariDataSource       : HikariPool-1 - Starting...
2023-12-03 21:59:52.951  INFO 25892 --- [    Test worker] com.zaxxer.hikari.HikariDataSource       : HikariPool-1 - Start completed.
2023-12-03 21:59:52.982  INFO 25892 --- [    Test worker] org.hibernate.dialect.Dialect            : HHH000400: Using dialect: org.hibernate.dialect.H2Dialect
Hibernate: 
    
    drop table project if exists
Hibernate: 
    
    drop table task if exists
Hibernate: 
    
    drop sequence if exists hibernate_sequence
Hibernate: create sequence hibernate_sequence start with 1 increment by 1
Hibernate: 
    
    create table project (
       id bigint not null,
        creation_date date,
        description varchar(255),
        finish_date date,
        name varchar(255),
        project_leader_id bigint,
        start_date date,
        status integer,
        primary key (id)
    )
Hibernate: 
    
    create table task (
       id bigint not null,
        asigned_id bigint,
        creation_date date,
        description varchar(255),
        estimated_duration bigint,
        finish_date date,
        name varchar(255),
        priority integer,
        project_id bigint,
        start_date date,
        status integer,
        primary key (id)
    )
2023-12-03 21:59:54.420  INFO 25892 --- [    Test worker] o.h.e.t.j.p.i.JtaPlatformInitiator       : HHH000490: Using JtaPlatform implementation: [org.hibernate.engine.transaction.jta.platform.internal.NoJtaPlatform]
2023-12-03 21:59:54.432  INFO 25892 --- [    Test worker] j.LocalContainerEntityManagerFactoryBean : Initialized JPA EntityManagerFactory for persistence unit 'default'
2023-12-03 21:59:55.985  WARN 25892 --- [    Test worker] JpaBaseConfiguration$JpaWebConfiguration : spring.jpa.open-in-view is enabled by default. Therefore, database queries may be performed during view rendering. Explicitly configure spring.jpa.open-in-view to disable this warning
2023-12-03 21:59:57.570  INFO 25892 --- [    Test worker] o.s.s.concurrent.ThreadPoolTaskExecutor  : Initializing ExecutorService 'applicationTaskExecutor'
2023-12-03 21:59:58.224  INFO 25892 --- [    Test worker] o.s.b.a.h2.H2ConsoleAutoConfiguration    : H2 console available at '/h2-console'. Database available at 'jdbc:h2:mem:DBNAME'
2023-12-03 21:59:59.471  INFO 25892 --- [    Test worker] c.a.i.cucumber.TaskEliminationTest       : Started TaskEliminationTest in 11.637 seconds (JVM running for 14.747)
Before any test execution
Before any test execution
Before any test execution
Before any test execution
Hibernate: 
    select
        project0_.id as id1_0_,
        project0_.creation_date as creation2_0_,
        project0_.description as descript3_0_,
        project0_.finish_date as finish_d4_0_,
        project0_.name as name5_0_,
        project0_.project_leader_id as project_6_0_,
        project0_.start_date as start_da7_0_,
        project0_.status as status8_0_ 
    from
        project project0_
Resetting system
Hibernate: 
    select
        task0_.id as id1_1_,
        task0_.asigned_id as asigned_2_1_,
        task0_.creation_date as creation3_1_,
        task0_.description as descript4_1_,
        task0_.estimated_duration as estimate5_1_,
        task0_.finish_date as finish_d6_1_,
        task0_.name as name7_1_,
        task0_.priority as priority8_1_,
        task0_.project_id as project_9_1_,
        task0_.start_date as start_d10_1_,
        task0_.status as status11_1_ 
    from
        task task0_
Hibernate: 
    select
        project0_.id as id1_0_,
        project0_.creation_date as creation2_0_,
        project0_.description as descript3_0_,
        project0_.finish_date as finish_d4_0_,
        project0_.name as name5_0_,
        project0_.project_leader_id as project_6_0_,
        project0_.start_date as start_da7_0_,
        project0_.status as status8_0_ 
    from
        project project0_
After all test execution
Resetting system
Hibernate: 
    select
        project0_.id as id1_0_,
        project0_.creation_date as creation2_0_,
        project0_.description as descript3_0_,
        project0_.finish_date as finish_d4_0_,
        project0_.name as name5_0_,
        project0_.project_leader_id as project_6_0_,
        project0_.start_date as start_da7_0_,
        project0_.status as status8_0_ 
    from
        project project0_
Hibernate: 
    select
        task0_.id as id1_1_,
        task0_.asigned_id as asigned_2_1_,
        task0_.creation_date as creation3_1_,
        task0_.description as descript4_1_,
        task0_.estimated_duration as estimate5_1_,
        task0_.finish_date as finish_d6_1_,
        task0_.name as name7_1_,
        task0_.priority as priority8_1_,
        task0_.project_id as project_9_1_,
        task0_.start_date as start_d10_1_,
        task0_.status as status11_1_ 
    from
        task task0_
After all test execution
Resetting system
Hibernate: 
    select
        project0_.id as id1_0_,
        project0_.creation_date as creation2_0_,
        project0_.description as descript3_0_,
        project0_.finish_date as finish_d4_0_,
        project0_.name as name5_0_,
        project0_.project_leader_id as project_6_0_,
        project0_.start_date as start_da7_0_,
        project0_.status as status8_0_ 
    from
        project project0_
Hibernate: 
    select
        project0_.id as id1_0_,
        project0_.creation_date as creation2_0_,
        project0_.description as descript3_0_,
        project0_.finish_date as finish_d4_0_,
        project0_.name as name5_0_,
        project0_.project_leader_id as project_6_0_,
        project0_.start_date as start_da7_0_,
        project0_.status as status8_0_ 
    from
        project project0_
After all test execution
After all test execution
Hibernate: 
    select
        task0_.id as id1_1_,
        task0_.asigned_id as asigned_2_1_,
        task0_.creation_date as creation3_1_,
        task0_.description as descript4_1_,
        task0_.estimated_duration as estimate5_1_,
        task0_.finish_date as finish_d6_1_,
        task0_.name as name7_1_,
        task0_.priority as priority8_1_,
        task0_.project_id as project_9_1_,
        task0_.start_date as start_d10_1_,
        task0_.status as status11_1_ 
    from
        task task0_
Hibernate: 
    select
        task0_.id as id1_1_,
        task0_.asigned_id as asigned_2_1_,
        task0_.creation_date as creation3_1_,
        task0_.description as descript4_1_,
        task0_.estimated_duration as estimate5_1_,
        task0_.finish_date as finish_d6_1_,
        task0_.name as name7_1_,
        task0_.priority as priority8_1_,
        task0_.project_id as project_9_1_,
        task0_.start_date as start_d10_1_,
        task0_.status as status11_1_ 
    from
        task task0_
After all test execution
2023-12-03 22:00:00.051  INFO 25892 --- [    Test worker] o.s.t.c.support.AbstractContextLoader    : Could not detect default resource locations for test class [com.aninfo.integration.cucumber.TaskIntegrationServiceTest]: no resource found for suffixes {-context.xml, Context.groovy}.
2023-12-03 22:00:00.051  INFO 25892 --- [    Test worker] .b.t.c.SpringBootTestContextBootstrapper : Loaded default TestExecutionListener class names from location [META-INF/spring.factories]: [org.springframework.boot.test.autoconfigure.restdocs.RestDocsTestExecutionListener, org.springframework.boot.test.autoconfigure.web.client.MockRestServiceServerResetTestExecutionListener, org.springframework.boot.test.autoconfigure.web.servlet.MockMvcPrintOnlyOnFailureTestExecutionListener, org.springframework.boot.test.autoconfigure.web.servlet.WebDriverTestExecutionListener, org.springframework.boot.test.mock.mockito.MockitoTestExecutionListener, org.springframework.boot.test.mock.mockito.ResetMocksTestExecutionListener, org.springframework.test.context.web.ServletTestExecutionListener, org.springframework.test.context.support.DirtiesContextBeforeModesTestExecutionListener, org.springframework.test.context.support.DependencyInjectionTestExecutionListener, org.springframework.test.context.support.DirtiesContextTestExecutionListener, org.springframework.test.context.transaction.TransactionalTestExecutionListener, org.springframework.test.context.jdbc.SqlScriptsTestExecutionListener, org.springframework.test.context.event.EventPublishingTestExecutionListener]
2023-12-03 22:00:00.051  INFO 25892 --- [    Test worker] .b.t.c.SpringBootTestContextBootstrapper : Using TestExecutionListeners: [org.springframework.test.context.web.ServletTestExecutionListener@280b02d0, org.springframework.test.context.support.DirtiesContextBeforeModesTestExecutionListener@383612d3, org.springframework.boot.test.mock.mockito.MockitoTestExecutionListener@4ece60e0, org.springframework.boot.test.autoconfigure.SpringBootDependencyInjectionTestExecutionListener@332caf44, org.springframework.test.context.support.DirtiesContextTestExecutionListener@43c13673, org.springframework.test.context.transaction.TransactionalTestExecutionListener@4be90452, org.springframework.test.context.jdbc.SqlScriptsTestExecutionListener@761da4af, org.springframework.test.context.event.EventPublishingTestExecutionListener@201d73a7, org.springframework.boot.test.autoconfigure.restdocs.RestDocsTestExecutionListener@6aa5ab79, org.springframework.boot.test.autoconfigure.web.client.MockRestServiceServerResetTestExecutionListener@696de9eb, org.springframework.boot.test.autoconfigure.web.servlet.MockMvcPrintOnlyOnFailureTestExecutionListener@72ce10b5, org.springframework.boot.test.autoconfigure.web.servlet.WebDriverTestExecutionListener@3985d500, org.springframework.boot.test.mock.mockito.ResetMocksTestExecutionListener@7ebc5f2a]
Before any test execution
Before any test execution
Before any test execution
Before any test execution
Hibernate: 
    select
        project0_.id as id1_0_,
        project0_.creation_date as creation2_0_,
        project0_.description as descript3_0_,
        project0_.finish_date as finish_d4_0_,
        project0_.name as name5_0_,
        project0_.project_leader_id as project_6_0_,
        project0_.start_date as start_da7_0_,
        project0_.status as status8_0_ 
    from
        project project0_ 
    where
        project0_.name=?
Hibernate: 
    call next value for hibernate_sequence
Hibernate: 
    insert 
    into
        project
        (creation_date, description, finish_date, name, project_leader_id, start_date, status, id) 
    values
        (?, ?, ?, ?, ?, ?, ?, ?)
Hibernate: 
    select
        project0_.id as id1_0_,
        project0_.creation_date as creation2_0_,
        project0_.description as descript3_0_,
        project0_.finish_date as finish_d4_0_,
        project0_.name as name5_0_,
        project0_.project_leader_id as project_6_0_,
        project0_.start_date as start_da7_0_,
        project0_.status as status8_0_ 
    from
        project project0_ 
    where
        project0_.name=?
Hibernate: 
    call next value for hibernate_sequence
Hibernate: 
    insert 
    into
        project
        (creation_date, description, finish_date, name, project_leader_id, start_date, status, id) 
    values
        (?, ?, ?, ?, ?, ?, ?, ?)
Hibernate: 
    select
        project0_.id as id1_0_,
        project0_.creation_date as creation2_0_,
        project0_.description as descript3_0_,
        project0_.finish_date as finish_d4_0_,
        project0_.name as name5_0_,
        project0_.project_leader_id as project_6_0_,
        project0_.start_date as start_da7_0_,
        project0_.status as status8_0_ 
    from
        project project0_
Hibernate: 
    select
        project0_.id as id1_0_,
        project0_.creation_date as creation2_0_,
        project0_.description as descript3_0_,
        project0_.finish_date as finish_d4_0_,
        project0_.name as name5_0_,
        project0_.project_leader_id as project_6_0_,
        project0_.start_date as start_da7_0_,
        project0_.status as status8_0_ 
    from
        project project0_
Resetting system
Hibernate: 
    select
        task0_.id as id1_1_,
        task0_.asigned_id as asigned_2_1_,
        task0_.creation_date as creation3_1_,
        task0_.description as descript4_1_,
        task0_.estimated_duration as estimate5_1_,
        task0_.finish_date as finish_d6_1_,
        task0_.name as name7_1_,
        task0_.priority as priority8_1_,
        task0_.project_id as project_9_1_,
        task0_.start_date as start_d10_1_,
        task0_.status as status11_1_ 
    from
        task task0_
Hibernate: 
    select
        project0_.id as id1_0_,
        project0_.creation_date as creation2_0_,
        project0_.description as descript3_0_,
        project0_.finish_date as finish_d4_0_,
        project0_.name as name5_0_,
        project0_.project_leader_id as project_6_0_,
        project0_.start_date as start_da7_0_,
        project0_.status as status8_0_ 
    from
        project project0_
Hibernate: 
    delete 
    from
        project 
    where
        id=?
Hibernate: 
    delete 
    from
        project 
    where
        id=?
After all test execution
Resetting system
Hibernate: 
    select
        project0_.id as id1_0_,
        project0_.creation_date as creation2_0_,
        project0_.description as descript3_0_,
        project0_.finish_date as finish_d4_0_,
        project0_.name as name5_0_,
        project0_.project_leader_id as project_6_0_,
        project0_.start_date as start_da7_0_,
        project0_.status as status8_0_ 
    from
        project project0_
Hibernate: 
    select
        task0_.id as id1_1_,
        task0_.asigned_id as asigned_2_1_,
        task0_.creation_date as creation3_1_,
        task0_.description as descript4_1_,
        task0_.estimated_duration as estimate5_1_,
        task0_.finish_date as finish_d6_1_,
        task0_.name as name7_1_,
        task0_.priority as priority8_1_,
        task0_.project_id as project_9_1_,
        task0_.start_date as start_d10_1_,
        task0_.status as status11_1_ 
    from
        task task0_
After all test execution
Resetting system
Hibernate: 
    select
        project0_.id as id1_0_,
        project0_.creation_date as creation2_0_,
        project0_.description as descript3_0_,
        project0_.finish_date as finish_d4_0_,
        project0_.name as name5_0_,
        project0_.project_leader_id as project_6_0_,
        project0_.start_date as start_da7_0_,
        project0_.status as status8_0_ 
    from
        project project0_
Hibernate: 
    select
        project0_.id as id1_0_,
        project0_.creation_date as creation2_0_,
        project0_.description as descript3_0_,
        project0_.finish_date as finish_d4_0_,
        project0_.name as name5_0_,
        project0_.project_leader_id as project_6_0_,
        project0_.start_date as start_da7_0_,
        project0_.status as status8_0_ 
    from
        project project0_
After all test execution
After all test execution
Hibernate: 
    select
        task0_.id as id1_1_,
        task0_.asigned_id as asigned_2_1_,
        task0_.creation_date as creation3_1_,
        task0_.description as descript4_1_,
        task0_.estimated_duration as estimate5_1_,
        task0_.finish_date as finish_d6_1_,
        task0_.name as name7_1_,
        task0_.priority as priority8_1_,
        task0_.project_id as project_9_1_,
        task0_.start_date as start_d10_1_,
        task0_.status as status11_1_ 
    from
        task task0_
Hibernate: 
    select
        task0_.id as id1_1_,
        task0_.asigned_id as asigned_2_1_,
        task0_.creation_date as creation3_1_,
        task0_.description as descript4_1_,
        task0_.estimated_duration as estimate5_1_,
        task0_.finish_date as finish_d6_1_,
        task0_.name as name7_1_,
        task0_.priority as priority8_1_,
        task0_.project_id as project_9_1_,
        task0_.start_date as start_d10_1_,
        task0_.status as status11_1_ 
    from
        task task0_
After all test execution
2023-12-03 22:00:00.281  INFO 25892 --- [    Test worker] o.s.t.c.support.AbstractContextLoader    : Could not detect default resource locations for test class [com.aninfo.integration.cucumber.TaskIntegrationServiceTest]: no resource found for suffixes {-context.xml, Context.groovy}.
2023-12-03 22:00:00.281  INFO 25892 --- [    Test worker] .b.t.c.SpringBootTestContextBootstrapper : Loaded default TestExecutionListener class names from location [META-INF/spring.factories]: [org.springframework.boot.test.autoconfigure.restdocs.RestDocsTestExecutionListener, org.springframework.boot.test.autoconfigure.web.client.MockRestServiceServerResetTestExecutionListener, org.springframework.boot.test.autoconfigure.web.servlet.MockMvcPrintOnlyOnFailureTestExecutionListener, org.springframework.boot.test.autoconfigure.web.servlet.WebDriverTestExecutionListener, org.springframework.boot.test.mock.mockito.MockitoTestExecutionListener, org.springframework.boot.test.mock.mockito.ResetMocksTestExecutionListener, org.springframework.test.context.web.ServletTestExecutionListener, org.springframework.test.context.support.DirtiesContextBeforeModesTestExecutionListener, org.springframework.test.context.support.DependencyInjectionTestExecutionListener, org.springframework.test.context.support.DirtiesContextTestExecutionListener, org.springframework.test.context.transaction.TransactionalTestExecutionListener, org.springframework.test.context.jdbc.SqlScriptsTestExecutionListener, org.springframework.test.context.event.EventPublishingTestExecutionListener]
2023-12-03 22:00:00.281  INFO 25892 --- [    Test worker] .b.t.c.SpringBootTestContextBootstrapper : Using TestExecutionListeners: [org.springframework.test.context.web.ServletTestExecutionListener@55523dfe, org.springframework.test.context.support.DirtiesContextBeforeModesTestExecutionListener@7261aec1, org.springframework.boot.test.mock.mockito.MockitoTestExecutionListener@5a5d8036, org.springframework.boot.test.autoconfigure.SpringBootDependencyInjectionTestExecutionListener@475cb424, org.springframework.test.context.support.DirtiesContextTestExecutionListener@3a5ccfc, org.springframework.test.context.transaction.TransactionalTestExecutionListener@7c4d7def, org.springframework.test.context.jdbc.SqlScriptsTestExecutionListener@4aa70e60, org.springframework.test.context.event.EventPublishingTestExecutionListener@68f86e84, org.springframework.boot.test.autoconfigure.restdocs.RestDocsTestExecutionListener@45179d4b, org.springframework.boot.test.autoconfigure.web.client.MockRestServiceServerResetTestExecutionListener@52222203, org.springframework.boot.test.autoconfigure.web.servlet.MockMvcPrintOnlyOnFailureTestExecutionListener@2084f229, org.springframework.boot.test.autoconfigure.web.servlet.WebDriverTestExecutionListener@b2334f3, org.springframework.boot.test.mock.mockito.ResetMocksTestExecutionListener@72a70d19]
Before any test execution
Before any test execution
Before any test execution
Before any test execution
Hibernate: 
    select
        project0_.id as id1_0_,
        project0_.creation_date as creation2_0_,
        project0_.description as descript3_0_,
        project0_.finish_date as finish_d4_0_,
        project0_.name as name5_0_,
        project0_.project_leader_id as project_6_0_,
        project0_.start_date as start_da7_0_,
        project0_.status as status8_0_ 
    from
        project project0_ 
    where
        project0_.name=?
Hibernate: 
    call next value for hibernate_sequence
Hibernate: 
    insert 
    into
        project
        (creation_date, description, finish_date, name, project_leader_id, start_date, status, id) 
    values
        (?, ?, ?, ?, ?, ?, ?, ?)
Hibernate: 
    select
        project0_.id as id1_0_,
        project0_.creation_date as creation2_0_,
        project0_.description as descript3_0_,
        project0_.finish_date as finish_d4_0_,
        project0_.name as name5_0_,
        project0_.project_leader_id as project_6_0_,
        project0_.start_date as start_da7_0_,
        project0_.status as status8_0_ 
    from
        project project0_ 
    where
        project0_.name=?
Resetting system
Hibernate: 
    select
        task0_.id as id1_1_,
        task0_.asigned_id as asigned_2_1_,
        task0_.creation_date as creation3_1_,
        task0_.description as descript4_1_,
        task0_.estimated_duration as estimate5_1_,
        task0_.finish_date as finish_d6_1_,
        task0_.name as name7_1_,
        task0_.priority as priority8_1_,
        task0_.project_id as project_9_1_,
        task0_.start_date as start_d10_1_,
        task0_.status as status11_1_ 
    from
        task task0_
Hibernate: 
    select
        project0_.id as id1_0_,
        project0_.creation_date as creation2_0_,
        project0_.description as descript3_0_,
        project0_.finish_date as finish_d4_0_,
        project0_.name as name5_0_,
        project0_.project_leader_id as project_6_0_,
        project0_.start_date as start_da7_0_,
        project0_.status as status8_0_ 
    from
        project project0_
Hibernate: 
    delete 
    from
        project 
    where
        id=?
After all test execution
Resetting system
Hibernate: 
    select
        project0_.id as id1_0_,
        project0_.creation_date as creation2_0_,
        project0_.description as descript3_0_,
        project0_.finish_date as finish_d4_0_,
        project0_.name as name5_0_,
        project0_.project_leader_id as project_6_0_,
        project0_.start_date as start_da7_0_,
        project0_.status as status8_0_ 
    from
        project project0_
Hibernate: 
    select
        task0_.id as id1_1_,
        task0_.asigned_id as asigned_2_1_,
        task0_.creation_date as creation3_1_,
        task0_.description as descript4_1_,
        task0_.estimated_duration as estimate5_1_,
        task0_.finish_date as finish_d6_1_,
        task0_.name as name7_1_,
        task0_.priority as priority8_1_,
        task0_.project_id as project_9_1_,
        task0_.start_date as start_d10_1_,
        task0_.status as status11_1_ 
    from
        task task0_
After all test execution
Resetting system
Hibernate: 
    select
        project0_.id as id1_0_,
        project0_.creation_date as creation2_0_,
        project0_.description as descript3_0_,
        project0_.finish_date as finish_d4_0_,
        project0_.name as name5_0_,
        project0_.project_leader_id as project_6_0_,
        project0_.start_date as start_da7_0_,
        project0_.status as status8_0_ 
    from
        project project0_
Hibernate: 
    select
        project0_.id as id1_0_,
        project0_.creation_date as creation2_0_,
        project0_.description as descript3_0_,
        project0_.finish_date as finish_d4_0_,
        project0_.name as name5_0_,
        project0_.project_leader_id as project_6_0_,
        project0_.start_date as start_da7_0_,
        project0_.status as status8_0_ 
    from
        project project0_
After all test execution
After all test execution
Hibernate: 
    select
        task0_.id as id1_1_,
        task0_.asigned_id as asigned_2_1_,
        task0_.creation_date as creation3_1_,
        task0_.description as descript4_1_,
        task0_.estimated_duration as estimate5_1_,
        task0_.finish_date as finish_d6_1_,
        task0_.name as name7_1_,
        task0_.priority as priority8_1_,
        task0_.project_id as project_9_1_,
        task0_.start_date as start_d10_1_,
        task0_.status as status11_1_ 
    from
        task task0_
Hibernate: 
    select
        task0_.id as id1_1_,
        task0_.asigned_id as asigned_2_1_,
        task0_.creation_date as creation3_1_,
        task0_.description as descript4_1_,
        task0_.estimated_duration as estimate5_1_,
        task0_.finish_date as finish_d6_1_,
        task0_.name as name7_1_,
        task0_.priority as priority8_1_,
        task0_.project_id as project_9_1_,
        task0_.start_date as start_d10_1_,
        task0_.status as status11_1_ 
    from
        task task0_
After all test execution
2023-12-03 22:00:00.338  INFO 25892 --- [    Test worker] o.s.t.c.support.AbstractContextLoader    : Could not detect default resource locations for test class [com.aninfo.integration.cucumber.TaskIntegrationServiceTest]: no resource found for suffixes {-context.xml, Context.groovy}.
2023-12-03 22:00:00.338  INFO 25892 --- [    Test worker] .b.t.c.SpringBootTestContextBootstrapper : Loaded default TestExecutionListener class names from location [META-INF/spring.factories]: [org.springframework.boot.test.autoconfigure.restdocs.RestDocsTestExecutionListener, org.springframework.boot.test.autoconfigure.web.client.MockRestServiceServerResetTestExecutionListener, org.springframework.boot.test.autoconfigure.web.servlet.MockMvcPrintOnlyOnFailureTestExecutionListener, org.springframework.boot.test.autoconfigure.web.servlet.WebDriverTestExecutionListener, org.springframework.boot.test.mock.mockito.MockitoTestExecutionListener, org.springframework.boot.test.mock.mockito.ResetMocksTestExecutionListener, org.springframework.test.context.web.ServletTestExecutionListener, org.springframework.test.context.support.DirtiesContextBeforeModesTestExecutionListener, org.springframework.test.context.support.DependencyInjectionTestExecutionListener, org.springframework.test.context.support.DirtiesContextTestExecutionListener, org.springframework.test.context.transaction.TransactionalTestExecutionListener, org.springframework.test.context.jdbc.SqlScriptsTestExecutionListener, org.springframework.test.context.event.EventPublishingTestExecutionListener]
2023-12-03 22:00:00.338  INFO 25892 --- [    Test worker] .b.t.c.SpringBootTestContextBootstrapper : Using TestExecutionListeners: [org.springframework.test.context.web.ServletTestExecutionListener@e06759, org.springframework.test.context.support.DirtiesContextBeforeModesTestExecutionListener@6d84fb92, org.springframework.boot.test.mock.mockito.MockitoTestExecutionListener@27938cd9, org.springframework.boot.test.autoconfigure.SpringBootDependencyInjectionTestExecutionListener@50e1bbea, org.springframework.test.context.support.DirtiesContextTestExecutionListener@53b8d400, org.springframework.test.context.transaction.TransactionalTestExecutionListener@19aaed8e, org.springframework.test.context.jdbc.SqlScriptsTestExecutionListener@22e45f26, org.springframework.test.context.event.EventPublishingTestExecutionListener@7f079e7b, org.springframework.boot.test.autoconfigure.restdocs.RestDocsTestExecutionListener@6a8a5d4f, org.springframework.boot.test.autoconfigure.web.client.MockRestServiceServerResetTestExecutionListener@24021b0d, org.springframework.boot.test.autoconfigure.web.servlet.MockMvcPrintOnlyOnFailureTestExecutionListener@249f7dc4, org.springframework.boot.test.autoconfigure.web.servlet.WebDriverTestExecutionListener@6728cb6a, org.springframework.boot.test.mock.mockito.ResetMocksTestExecutionListener@5ff082e5]
Before any test execution
Before any test execution
Before any test execution
Before any test execution
Hibernate: 
    select
        project0_.id as id1_0_,
        project0_.creation_date as creation2_0_,
        project0_.description as descript3_0_,
        project0_.finish_date as finish_d4_0_,
        project0_.name as name5_0_,
        project0_.project_leader_id as project_6_0_,
        project0_.start_date as start_da7_0_,
        project0_.status as status8_0_ 
    from
        project project0_ 
    where
        project0_.name=?
Hibernate: 
    call next value for hibernate_sequence
Hibernate: 
    insert 
    into
        project
        (creation_date, description, finish_date, name, project_leader_id, start_date, status, id) 
    values
        (?, ?, ?, ?, ?, ?, ?, ?)
Hibernate: 
    select
        project0_.id as id1_0_,
        project0_.creation_date as creation2_0_,
        project0_.description as descript3_0_,
        project0_.finish_date as finish_d4_0_,
        project0_.name as name5_0_,
        project0_.project_leader_id as project_6_0_,
        project0_.start_date as start_da7_0_,
        project0_.status as status8_0_ 
    from
        project project0_ 
    where
        project0_.name=?
Resetting system
Hibernate: 
    select
        task0_.id as id1_1_,
        task0_.asigned_id as asigned_2_1_,
        task0_.creation_date as creation3_1_,
        task0_.description as descript4_1_,
        task0_.estimated_duration as estimate5_1_,
        task0_.finish_date as finish_d6_1_,
        task0_.name as name7_1_,
        task0_.priority as priority8_1_,
        task0_.project_id as project_9_1_,
        task0_.start_date as start_d10_1_,
        task0_.status as status11_1_ 
    from
        task task0_
Hibernate: 
    select
        project0_.id as id1_0_,
        project0_.creation_date as creation2_0_,
        project0_.description as descript3_0_,
        project0_.finish_date as finish_d4_0_,
        project0_.name as name5_0_,
        project0_.project_leader_id as project_6_0_,
        project0_.start_date as start_da7_0_,
        project0_.status as status8_0_ 
    from
        project project0_
Hibernate: 
    delete 
    from
        project 
    where
        id=?
After all test execution
Resetting system
Hibernate: 
    select
        project0_.id as id1_0_,
        project0_.creation_date as creation2_0_,
        project0_.description as descript3_0_,
        project0_.finish_date as finish_d4_0_,
        project0_.name as name5_0_,
        project0_.project_leader_id as project_6_0_,
        project0_.start_date as start_da7_0_,
        project0_.status as status8_0_ 
    from
        project project0_
Hibernate: 
    select
        task0_.id as id1_1_,
        task0_.asigned_id as asigned_2_1_,
        task0_.creation_date as creation3_1_,
        task0_.description as descript4_1_,
        task0_.estimated_duration as estimate5_1_,
        task0_.finish_date as finish_d6_1_,
        task0_.name as name7_1_,
        task0_.priority as priority8_1_,
        task0_.project_id as project_9_1_,
        task0_.start_date as start_d10_1_,
        task0_.status as status11_1_ 
    from
        task task0_
After all test execution
Resetting system
Hibernate: 
    select
        project0_.id as id1_0_,
        project0_.creation_date as creation2_0_,
        project0_.description as descript3_0_,
        project0_.finish_date as finish_d4_0_,
        project0_.name as name5_0_,
        project0_.project_leader_id as project_6_0_,
        project0_.start_date as start_da7_0_,
        project0_.status as status8_0_ 
    from
        project project0_
Hibernate: 
    select
        project0_.id as id1_0_,
        project0_.creation_date as creation2_0_,
        project0_.description as descript3_0_,
        project0_.finish_date as finish_d4_0_,
        project0_.name as name5_0_,
        project0_.project_leader_id as project_6_0_,
        project0_.start_date as start_da7_0_,
        project0_.status as status8_0_ 
    from
        project project0_
After all test execution
After all test execution
Hibernate: 
    select
        task0_.id as id1_1_,
        task0_.asigned_id as asigned_2_1_,
        task0_.creation_date as creation3_1_,
        task0_.description as descript4_1_,
        task0_.estimated_duration as estimate5_1_,
        task0_.finish_date as finish_d6_1_,
        task0_.name as name7_1_,
        task0_.priority as priority8_1_,
        task0_.project_id as project_9_1_,
        task0_.start_date as start_d10_1_,
        task0_.status as status11_1_ 
    from
        task task0_
Hibernate: 
    select
        task0_.id as id1_1_,
        task0_.asigned_id as asigned_2_1_,
        task0_.creation_date as creation3_1_,
        task0_.description as descript4_1_,
        task0_.estimated_duration as estimate5_1_,
        task0_.finish_date as finish_d6_1_,
        task0_.name as name7_1_,
        task0_.priority as priority8_1_,
        task0_.project_id as project_9_1_,
        task0_.start_date as start_d10_1_,
        task0_.status as status11_1_ 
    from
        task task0_
After all test execution
2023-12-03 22:00:00.389  INFO 25892 --- [    Test worker] o.s.t.c.support.AbstractContextLoader    : Could not detect default resource locations for test class [com.aninfo.integration.cucumber.TaskIntegrationServiceTest]: no resource found for suffixes {-context.xml, Context.groovy}.
2023-12-03 22:00:00.389  INFO 25892 --- [    Test worker] .b.t.c.SpringBootTestContextBootstrapper : Loaded default TestExecutionListener class names from location [META-INF/spring.factories]: [org.springframework.boot.test.autoconfigure.restdocs.RestDocsTestExecutionListener, org.springframework.boot.test.autoconfigure.web.client.MockRestServiceServerResetTestExecutionListener, org.springframework.boot.test.autoconfigure.web.servlet.MockMvcPrintOnlyOnFailureTestExecutionListener, org.springframework.boot.test.autoconfigure.web.servlet.WebDriverTestExecutionListener, org.springframework.boot.test.mock.mockito.MockitoTestExecutionListener, org.springframework.boot.test.mock.mockito.ResetMocksTestExecutionListener, org.springframework.test.context.web.ServletTestExecutionListener, org.springframework.test.context.support.DirtiesContextBeforeModesTestExecutionListener, org.springframework.test.context.support.DependencyInjectionTestExecutionListener, org.springframework.test.context.support.DirtiesContextTestExecutionListener, org.springframework.test.context.transaction.TransactionalTestExecutionListener, org.springframework.test.context.jdbc.SqlScriptsTestExecutionListener, org.springframework.test.context.event.EventPublishingTestExecutionListener]
2023-12-03 22:00:00.389  INFO 25892 --- [    Test worker] .b.t.c.SpringBootTestContextBootstrapper : Using TestExecutionListeners: [org.springframework.test.context.web.ServletTestExecutionListener@4abde3ff, org.springframework.test.context.support.DirtiesContextBeforeModesTestExecutionListener@5bd51ad7, org.springframework.boot.test.mock.mockito.MockitoTestExecutionListener@1b2cadd9, org.springframework.boot.test.autoconfigure.SpringBootDependencyInjectionTestExecutionListener@36a28898, org.springframework.test.context.support.DirtiesContextTestExecutionListener@132537a8, org.springframework.test.context.transaction.TransactionalTestExecutionListener@605594b9, org.springframework.test.context.jdbc.SqlScriptsTestExecutionListener@1ee9bf0f, org.springframework.test.context.event.EventPublishingTestExecutionListener@3c2d0202, org.springframework.boot.test.autoconfigure.restdocs.RestDocsTestExecutionListener@68ffa58, org.springframework.boot.test.autoconfigure.web.client.MockRestServiceServerResetTestExecutionListener@4ab3466c, org.springframework.boot.test.autoconfigure.web.servlet.MockMvcPrintOnlyOnFailureTestExecutionListener@197199f2, org.springframework.boot.test.autoconfigure.web.servlet.WebDriverTestExecutionListener@4d98a5cc, org.springframework.boot.test.mock.mockito.ResetMocksTestExecutionListener@343ccb1d]
Before any test execution
Before any test execution
Before any test execution
Before any test execution
Hibernate: 
    select
        project0_.id as id1_0_,
        project0_.creation_date as creation2_0_,
        project0_.description as descript3_0_,
        project0_.finish_date as finish_d4_0_,
        project0_.name as name5_0_,
        project0_.project_leader_id as project_6_0_,
        project0_.start_date as start_da7_0_,
        project0_.status as status8_0_ 
    from
        project project0_ 
    where
        project0_.name=?
Hibernate: 
    call next value for hibernate_sequence
Hibernate: 
    insert 
    into
        project
        (creation_date, description, finish_date, name, project_leader_id, start_date, status, id) 
    values
        (?, ?, ?, ?, ?, ?, ?, ?)
Resetting system
Hibernate: 
    select
        task0_.id as id1_1_,
        task0_.asigned_id as asigned_2_1_,
        task0_.creation_date as creation3_1_,
        task0_.description as descript4_1_,
        task0_.estimated_duration as estimate5_1_,
        task0_.finish_date as finish_d6_1_,
        task0_.name as name7_1_,
        task0_.priority as priority8_1_,
        task0_.project_id as project_9_1_,
        task0_.start_date as start_d10_1_,
        task0_.status as status11_1_ 
    from
        task task0_
Hibernate: 
    select
        project0_.id as id1_0_,
        project0_.creation_date as creation2_0_,
        project0_.description as descript3_0_,
        project0_.finish_date as finish_d4_0_,
        project0_.name as name5_0_,
        project0_.project_leader_id as project_6_0_,
        project0_.start_date as start_da7_0_,
        project0_.status as status8_0_ 
    from
        project project0_
Hibernate: 
    delete 
    from
        project 
    where
        id=?
After all test execution
Resetting system
Hibernate: 
    select
        project0_.id as id1_0_,
        project0_.creation_date as creation2_0_,
        project0_.description as descript3_0_,
        project0_.finish_date as finish_d4_0_,
        project0_.name as name5_0_,
        project0_.project_leader_id as project_6_0_,
        project0_.start_date as start_da7_0_,
        project0_.status as status8_0_ 
    from
        project project0_
Hibernate: 
    select
        task0_.id as id1_1_,
        task0_.asigned_id as asigned_2_1_,
        task0_.creation_date as creation3_1_,
        task0_.description as descript4_1_,
        task0_.estimated_duration as estimate5_1_,
        task0_.finish_date as finish_d6_1_,
        task0_.name as name7_1_,
        task0_.priority as priority8_1_,
        task0_.project_id as project_9_1_,
        task0_.start_date as start_d10_1_,
        task0_.status as status11_1_ 
    from
        task task0_
After all test execution
Resetting system
Hibernate: 
    select
        project0_.id as id1_0_,
        project0_.creation_date as creation2_0_,
        project0_.description as descript3_0_,
        project0_.finish_date as finish_d4_0_,
        project0_.name as name5_0_,
        project0_.project_leader_id as project_6_0_,
        project0_.start_date as start_da7_0_,
        project0_.status as status8_0_ 
    from
        project project0_
Hibernate: 
    select
        project0_.id as id1_0_,
        project0_.creation_date as creation2_0_,
        project0_.description as descript3_0_,
        project0_.finish_date as finish_d4_0_,
        project0_.name as name5_0_,
        project0_.project_leader_id as project_6_0_,
        project0_.start_date as start_da7_0_,
        project0_.status as status8_0_ 
    from
        project project0_
After all test execution
After all test execution
Hibernate: 
    select
        task0_.id as id1_1_,
        task0_.asigned_id as asigned_2_1_,
        task0_.creation_date as creation3_1_,
        task0_.description as descript4_1_,
        task0_.estimated_duration as estimate5_1_,
        task0_.finish_date as finish_d6_1_,
        task0_.name as name7_1_,
        task0_.priority as priority8_1_,
        task0_.project_id as project_9_1_,
        task0_.start_date as start_d10_1_,
        task0_.status as status11_1_ 
    from
        task task0_
Hibernate: 
    select
        task0_.id as id1_1_,
        task0_.asigned_id as asigned_2_1_,
        task0_.creation_date as creation3_1_,
        task0_.description as descript4_1_,
        task0_.estimated_duration as estimate5_1_,
        task0_.finish_date as finish_d6_1_,
        task0_.name as name7_1_,
        task0_.priority as priority8_1_,
        task0_.project_id as project_9_1_,
        task0_.start_date as start_d10_1_,
        task0_.status as status11_1_ 
    from
        task task0_
After all test execution
2023-12-03 22:00:00.443  INFO 25892 --- [    Test worker] o.s.t.c.support.AbstractContextLoader    : Could not detect default resource locations for test class [com.aninfo.integration.cucumber.TaskIntegrationServiceTest]: no resource found for suffixes {-context.xml, Context.groovy}.
2023-12-03 22:00:00.445  INFO 25892 --- [    Test worker] .b.t.c.SpringBootTestContextBootstrapper : Loaded default TestExecutionListener class names from location [META-INF/spring.factories]: [org.springframework.boot.test.autoconfigure.restdocs.RestDocsTestExecutionListener, org.springframework.boot.test.autoconfigure.web.client.MockRestServiceServerResetTestExecutionListener, org.springframework.boot.test.autoconfigure.web.servlet.MockMvcPrintOnlyOnFailureTestExecutionListener, org.springframework.boot.test.autoconfigure.web.servlet.WebDriverTestExecutionListener, org.springframework.boot.test.mock.mockito.MockitoTestExecutionListener, org.springframework.boot.test.mock.mockito.ResetMocksTestExecutionListener, org.springframework.test.context.web.ServletTestExecutionListener, org.springframework.test.context.support.DirtiesContextBeforeModesTestExecutionListener, org.springframework.test.context.support.DependencyInjectionTestExecutionListener, org.springframework.test.context.support.DirtiesContextTestExecutionListener, org.springframework.test.context.transaction.TransactionalTestExecutionListener, org.springframework.test.context.jdbc.SqlScriptsTestExecutionListener, org.springframework.test.context.event.EventPublishingTestExecutionListener]
2023-12-03 22:00:00.445  INFO 25892 --- [    Test worker] .b.t.c.SpringBootTestContextBootstrapper : Using TestExecutionListeners: [org.springframework.test.context.web.ServletTestExecutionListener@3d7d75ed, org.springframework.test.context.support.DirtiesContextBeforeModesTestExecutionListener@1be7cc28, org.springframework.boot.test.mock.mockito.MockitoTestExecutionListener@54f32ed1, org.springframework.boot.test.autoconfigure.SpringBootDependencyInjectionTestExecutionListener@956a8f0, org.springframework.test.context.support.DirtiesContextTestExecutionListener@5fd2662a, org.springframework.test.context.transaction.TransactionalTestExecutionListener@7af16774, org.springframework.test.context.jdbc.SqlScriptsTestExecutionListener@37b95b5d, org.springframework.test.context.event.EventPublishingTestExecutionListener@b146472, org.springframework.boot.test.autoconfigure.restdocs.RestDocsTestExecutionListener@473ba00c, org.springframework.boot.test.autoconfigure.web.client.MockRestServiceServerResetTestExecutionListener@3680a558, org.springframework.boot.test.autoconfigure.web.servlet.MockMvcPrintOnlyOnFailureTestExecutionListener@4b1e7366, org.springframework.boot.test.autoconfigure.web.servlet.WebDriverTestExecutionListener@6301a983, org.springframework.boot.test.mock.mockito.ResetMocksTestExecutionListener@79a04e2f]
Before any test execution
Before any test execution
Before any test execution
Before any test execution
Hibernate: 
    select
        project0_.id as id1_0_,
        project0_.creation_date as creation2_0_,
        project0_.description as descript3_0_,
        project0_.finish_date as finish_d4_0_,
        project0_.name as name5_0_,
        project0_.project_leader_id as project_6_0_,
        project0_.start_date as start_da7_0_,
        project0_.status as status8_0_ 
    from
        project project0_ 
    where
        project0_.name=?
Hibernate: 
    call next value for hibernate_sequence
Hibernate: 
    insert 
    into
        project
        (creation_date, description, finish_date, name, project_leader_id, start_date, status, id) 
    values
        (?, ?, ?, ?, ?, ?, ?, ?)
Hibernate: 
    select
        project0_.id as id1_0_,
        project0_.creation_date as creation2_0_,
        project0_.description as descript3_0_,
        project0_.finish_date as finish_d4_0_,
        project0_.name as name5_0_,
        project0_.project_leader_id as project_6_0_,
        project0_.start_date as start_da7_0_,
        project0_.status as status8_0_ 
    from
        project project0_ 
    where
        project0_.name=?
Resetting system
Hibernate: 
    select
        task0_.id as id1_1_,
        task0_.asigned_id as asigned_2_1_,
        task0_.creation_date as creation3_1_,
        task0_.description as descript4_1_,
        task0_.estimated_duration as estimate5_1_,
        task0_.finish_date as finish_d6_1_,
        task0_.name as name7_1_,
        task0_.priority as priority8_1_,
        task0_.project_id as project_9_1_,
        task0_.start_date as start_d10_1_,
        task0_.status as status11_1_ 
    from
        task task0_
Hibernate: 
    select
        project0_.id as id1_0_,
        project0_.creation_date as creation2_0_,
        project0_.description as descript3_0_,
        project0_.finish_date as finish_d4_0_,
        project0_.name as name5_0_,
        project0_.project_leader_id as project_6_0_,
        project0_.start_date as start_da7_0_,
        project0_.status as status8_0_ 
    from
        project project0_
Hibernate: 
    delete 
    from
        project 
    where
        id=?
After all test execution
Resetting system
Hibernate: 
    select
        project0_.id as id1_0_,
        project0_.creation_date as creation2_0_,
        project0_.description as descript3_0_,
        project0_.finish_date as finish_d4_0_,
        project0_.name as name5_0_,
        project0_.project_leader_id as project_6_0_,
        project0_.start_date as start_da7_0_,
        project0_.status as status8_0_ 
    from
        project project0_
Hibernate: 
    select
        task0_.id as id1_1_,
        task0_.asigned_id as asigned_2_1_,
        task0_.creation_date as creation3_1_,
        task0_.description as descript4_1_,
        task0_.estimated_duration as estimate5_1_,
        task0_.finish_date as finish_d6_1_,
        task0_.name as name7_1_,
        task0_.priority as priority8_1_,
        task0_.project_id as project_9_1_,
        task0_.start_date as start_d10_1_,
        task0_.status as status11_1_ 
    from
        task task0_
After all test execution
Resetting system
Hibernate: 
    select
        project0_.id as id1_0_,
        project0_.creation_date as creation2_0_,
        project0_.description as descript3_0_,
        project0_.finish_date as finish_d4_0_,
        project0_.name as name5_0_,
        project0_.project_leader_id as project_6_0_,
        project0_.start_date as start_da7_0_,
        project0_.status as status8_0_ 
    from
        project project0_
Hibernate: 
    select
        project0_.id as id1_0_,
        project0_.creation_date as creation2_0_,
        project0_.description as descript3_0_,
        project0_.finish_date as finish_d4_0_,
        project0_.name as name5_0_,
        project0_.project_leader_id as project_6_0_,
        project0_.start_date as start_da7_0_,
        project0_.status as status8_0_ 
    from
        project project0_
After all test execution
After all test execution
Hibernate: 
    select
        task0_.id as id1_1_,
        task0_.asigned_id as asigned_2_1_,
        task0_.creation_date as creation3_1_,
        task0_.description as descript4_1_,
        task0_.estimated_duration as estimate5_1_,
        task0_.finish_date as finish_d6_1_,
        task0_.name as name7_1_,
        task0_.priority as priority8_1_,
        task0_.project_id as project_9_1_,
        task0_.start_date as start_d10_1_,
        task0_.status as status11_1_ 
    from
        task task0_
Hibernate: 
    select
        task0_.id as id1_1_,
        task0_.asigned_id as asigned_2_1_,
        task0_.creation_date as creation3_1_,
        task0_.description as descript4_1_,
        task0_.estimated_duration as estimate5_1_,
        task0_.finish_date as finish_d6_1_,
        task0_.name as name7_1_,
        task0_.priority as priority8_1_,
        task0_.project_id as project_9_1_,
        task0_.start_date as start_d10_1_,
        task0_.status as status11_1_ 
    from
        task task0_
After all test execution
2023-12-03 22:00:00.471  INFO 25892 --- [    Test worker] o.s.t.c.support.AbstractContextLoader    : Could not detect default resource locations for test class [com.aninfo.integration.cucumber.TaskIntegrationServiceTest]: no resource found for suffixes {-context.xml, Context.groovy}.
2023-12-03 22:00:00.471  INFO 25892 --- [    Test worker] .b.t.c.SpringBootTestContextBootstrapper : Loaded default TestExecutionListener class names from location [META-INF/spring.factories]: [org.springframework.boot.test.autoconfigure.restdocs.RestDocsTestExecutionListener, org.springframework.boot.test.autoconfigure.web.client.MockRestServiceServerResetTestExecutionListener, org.springframework.boot.test.autoconfigure.web.servlet.MockMvcPrintOnlyOnFailureTestExecutionListener, org.springframework.boot.test.autoconfigure.web.servlet.WebDriverTestExecutionListener, org.springframework.boot.test.mock.mockito.MockitoTestExecutionListener, org.springframework.boot.test.mock.mockito.ResetMocksTestExecutionListener, org.springframework.test.context.web.ServletTestExecutionListener, org.springframework.test.context.support.DirtiesContextBeforeModesTestExecutionListener, org.springframework.test.context.support.DependencyInjectionTestExecutionListener, org.springframework.test.context.support.DirtiesContextTestExecutionListener, org.springframework.test.context.transaction.TransactionalTestExecutionListener, org.springframework.test.context.jdbc.SqlScriptsTestExecutionListener, org.springframework.test.context.event.EventPublishingTestExecutionListener]
2023-12-03 22:00:00.471  INFO 25892 --- [    Test worker] .b.t.c.SpringBootTestContextBootstrapper : Using TestExecutionListeners: [org.springframework.test.context.web.ServletTestExecutionListener@588afb6f, org.springframework.test.context.support.DirtiesContextBeforeModesTestExecutionListener@db089fd, org.springframework.boot.test.mock.mockito.MockitoTestExecutionListener@f50291f, org.springframework.boot.test.autoconfigure.SpringBootDependencyInjectionTestExecutionListener@3b934520, org.springframework.test.context.support.DirtiesContextTestExecutionListener@344d80be, org.springframework.test.context.transaction.TransactionalTestExecutionListener@3d3b18ab, org.springframework.test.context.jdbc.SqlScriptsTestExecutionListener@33adc6c2, org.springframework.test.context.event.EventPublishingTestExecutionListener@12363fd2, org.springframework.boot.test.autoconfigure.restdocs.RestDocsTestExecutionListener@4a26055a, org.springframework.boot.test.autoconfigure.web.client.MockRestServiceServerResetTestExecutionListener@2fbdb2f5, org.springframework.boot.test.autoconfigure.web.servlet.MockMvcPrintOnlyOnFailureTestExecutionListener@727bfa16, org.springframework.boot.test.autoconfigure.web.servlet.WebDriverTestExecutionListener@51109324, org.springframework.boot.test.mock.mockito.ResetMocksTestExecutionListener@2b665089]
Before any test execution
Before any test execution
Before any test execution
Before any test execution
Hibernate: 
    select
        project0_.id as id1_0_,
        project0_.creation_date as creation2_0_,
        project0_.description as descript3_0_,
        project0_.finish_date as finish_d4_0_,
        project0_.name as name5_0_,
        project0_.project_leader_id as project_6_0_,
        project0_.start_date as start_da7_0_,
        project0_.status as status8_0_ 
    from
        project project0_ 
    where
        project0_.name=?
Hibernate: 
    call next value for hibernate_sequence
Hibernate: 
    insert 
    into
        project
        (creation_date, description, finish_date, name, project_leader_id, start_date, status, id) 
    values
        (?, ?, ?, ?, ?, ?, ?, ?)
Hibernate: 
    select
        project0_.id as id1_0_,
        project0_.creation_date as creation2_0_,
        project0_.description as descript3_0_,
        project0_.finish_date as finish_d4_0_,
        project0_.name as name5_0_,
        project0_.project_leader_id as project_6_0_,
        project0_.start_date as start_da7_0_,
        project0_.status as status8_0_ 
    from
        project project0_ 
    where
        project0_.name=?
Hibernate: 
    call next value for hibernate_sequence
Hibernate: 
    insert 
    into
        project
        (creation_date, description, finish_date, name, project_leader_id, start_date, status, id) 
    values
        (?, ?, ?, ?, ?, ?, ?, ?)
Resetting system
Hibernate: 
    select
        task0_.id as id1_1_,
        task0_.asigned_id as asigned_2_1_,
        task0_.creation_date as creation3_1_,
        task0_.description as descript4_1_,
        task0_.estimated_duration as estimate5_1_,
        task0_.finish_date as finish_d6_1_,
        task0_.name as name7_1_,
        task0_.priority as priority8_1_,
        task0_.project_id as project_9_1_,
        task0_.start_date as start_d10_1_,
        task0_.status as status11_1_ 
    from
        task task0_
Hibernate: 
    select
        project0_.id as id1_0_,
        project0_.creation_date as creation2_0_,
        project0_.description as descript3_0_,
        project0_.finish_date as finish_d4_0_,
        project0_.name as name5_0_,
        project0_.project_leader_id as project_6_0_,
        project0_.start_date as start_da7_0_,
        project0_.status as status8_0_ 
    from
        project project0_
Hibernate: 
    delete 
    from
        project 
    where
        id=?
Hibernate: 
    delete 
    from
        project 
    where
        id=?
After all test execution
Resetting system
Hibernate: 
    select
        project0_.id as id1_0_,
        project0_.creation_date as creation2_0_,
        project0_.description as descript3_0_,
        project0_.finish_date as finish_d4_0_,
        project0_.name as name5_0_,
        project0_.project_leader_id as project_6_0_,
        project0_.start_date as start_da7_0_,
        project0_.status as status8_0_ 
    from
        project project0_
Hibernate: 
    select
        task0_.id as id1_1_,
        task0_.asigned_id as asigned_2_1_,
        task0_.creation_date as creation3_1_,
        task0_.description as descript4_1_,
        task0_.estimated_duration as estimate5_1_,
        task0_.finish_date as finish_d6_1_,
        task0_.name as name7_1_,
        task0_.priority as priority8_1_,
        task0_.project_id as project_9_1_,
        task0_.start_date as start_d10_1_,
        task0_.status as status11_1_ 
    from
        task task0_
After all test execution
Resetting system
Hibernate: 
    select
        project0_.id as id1_0_,
        project0_.creation_date as creation2_0_,
        project0_.description as descript3_0_,
        project0_.finish_date as finish_d4_0_,
        project0_.name as name5_0_,
        project0_.project_leader_id as project_6_0_,
        project0_.start_date as start_da7_0_,
        project0_.status as status8_0_ 
    from
        project project0_
Hibernate: 
    select
        project0_.id as id1_0_,
        project0_.creation_date as creation2_0_,
        project0_.description as descript3_0_,
        project0_.finish_date as finish_d4_0_,
        project0_.name as name5_0_,
        project0_.project_leader_id as project_6_0_,
        project0_.start_date as start_da7_0_,
        project0_.status as status8_0_ 
    from
        project project0_
After all test execution
After all test execution
Hibernate: 
    select
        task0_.id as id1_1_,
        task0_.asigned_id as asigned_2_1_,
        task0_.creation_date as creation3_1_,
        task0_.description as descript4_1_,
        task0_.estimated_duration as estimate5_1_,
        task0_.finish_date as finish_d6_1_,
        task0_.name as name7_1_,
        task0_.priority as priority8_1_,
        task0_.project_id as project_9_1_,
        task0_.start_date as start_d10_1_,
        task0_.status as status11_1_ 
    from
        task task0_
Hibernate: 
    select
        task0_.id as id1_1_,
        task0_.asigned_id as asigned_2_1_,
        task0_.creation_date as creation3_1_,
        task0_.description as descript4_1_,
        task0_.estimated_duration as estimate5_1_,
        task0_.finish_date as finish_d6_1_,
        task0_.name as name7_1_,
        task0_.priority as priority8_1_,
        task0_.project_id as project_9_1_,
        task0_.start_date as start_d10_1_,
        task0_.status as status11_1_ 
    from
        task task0_
After all test execution
2023-12-03 22:00:00.524  INFO 25892 --- [    Test worker] o.s.t.c.support.AbstractContextLoader    : Could not detect default resource locations for test class [com.aninfo.integration.cucumber.TaskIntegrationServiceTest]: no resource found for suffixes {-context.xml, Context.groovy}.
2023-12-03 22:00:00.525  INFO 25892 --- [    Test worker] .b.t.c.SpringBootTestContextBootstrapper : Loaded default TestExecutionListener class names from location [META-INF/spring.factories]: [org.springframework.boot.test.autoconfigure.restdocs.RestDocsTestExecutionListener, org.springframework.boot.test.autoconfigure.web.client.MockRestServiceServerResetTestExecutionListener, org.springframework.boot.test.autoconfigure.web.servlet.MockMvcPrintOnlyOnFailureTestExecutionListener, org.springframework.boot.test.autoconfigure.web.servlet.WebDriverTestExecutionListener, org.springframework.boot.test.mock.mockito.MockitoTestExecutionListener, org.springframework.boot.test.mock.mockito.ResetMocksTestExecutionListener, org.springframework.test.context.web.ServletTestExecutionListener, org.springframework.test.context.support.DirtiesContextBeforeModesTestExecutionListener, org.springframework.test.context.support.DependencyInjectionTestExecutionListener, org.springframework.test.context.support.DirtiesContextTestExecutionListener, org.springframework.test.context.transaction.TransactionalTestExecutionListener, org.springframework.test.context.jdbc.SqlScriptsTestExecutionListener, org.springframework.test.context.event.EventPublishingTestExecutionListener]
2023-12-03 22:00:00.525  INFO 25892 --- [    Test worker] .b.t.c.SpringBootTestContextBootstrapper : Using TestExecutionListeners: [org.springframework.test.context.web.ServletTestExecutionListener@37eaa79e, org.springframework.test.context.support.DirtiesContextBeforeModesTestExecutionListener@11957da3, org.springframework.boot.test.mock.mockito.MockitoTestExecutionListener@36f6c229, org.springframework.boot.test.autoconfigure.SpringBootDependencyInjectionTestExecutionListener@69ea44, org.springframework.test.context.support.DirtiesContextTestExecutionListener@62dd6b80, org.springframework.test.context.transaction.TransactionalTestExecutionListener@589f7a1d, org.springframework.test.context.jdbc.SqlScriptsTestExecutionListener@58f81cad, org.springframework.test.context.event.EventPublishingTestExecutionListener@178cf63c, org.springframework.boot.test.autoconfigure.restdocs.RestDocsTestExecutionListener@1e840e26, org.springframework.boot.test.autoconfigure.web.client.MockRestServiceServerResetTestExecutionListener@3d68d079, org.springframework.boot.test.autoconfigure.web.servlet.MockMvcPrintOnlyOnFailureTestExecutionListener@256dae0d, org.springframework.boot.test.autoconfigure.web.servlet.WebDriverTestExecutionListener@55a0918a, org.springframework.boot.test.mock.mockito.ResetMocksTestExecutionListener@6b6b5026]
Before any test execution
Before any test execution
Before any test execution
Before any test execution
Hibernate: 
    select
        project0_.id as id1_0_,
        project0_.creation_date as creation2_0_,
        project0_.description as descript3_0_,
        project0_.finish_date as finish_d4_0_,
        project0_.name as name5_0_,
        project0_.project_leader_id as project_6_0_,
        project0_.start_date as start_da7_0_,
        project0_.status as status8_0_ 
    from
        project project0_ 
    where
        project0_.name=?
Hibernate: 
    call next value for hibernate_sequence
Hibernate: 
    insert 
    into
        project
        (creation_date, description, finish_date, name, project_leader_id, start_date, status, id) 
    values
        (?, ?, ?, ?, ?, ?, ?, ?)
Hibernate: 
    select
        project0_.id as id1_0_,
        project0_.creation_date as creation2_0_,
        project0_.description as descript3_0_,
        project0_.finish_date as finish_d4_0_,
        project0_.name as name5_0_,
        project0_.project_leader_id as project_6_0_,
        project0_.start_date as start_da7_0_,
        project0_.status as status8_0_ 
    from
        project project0_ 
    where
        project0_.name=?
Hibernate: 
    select
        project0_.id as id1_0_0_,
        project0_.creation_date as creation2_0_0_,
        project0_.description as descript3_0_0_,
        project0_.finish_date as finish_d4_0_0_,
        project0_.name as name5_0_0_,
        project0_.project_leader_id as project_6_0_0_,
        project0_.start_date as start_da7_0_0_,
        project0_.status as status8_0_0_ 
    from
        project project0_ 
    where
        project0_.id=?
Hibernate: 
    delete 
    from
        project 
    where
        id=?
Hibernate: 
    select
        project0_.id as id1_0_,
        project0_.creation_date as creation2_0_,
        project0_.description as descript3_0_,
        project0_.finish_date as finish_d4_0_,
        project0_.name as name5_0_,
        project0_.project_leader_id as project_6_0_,
        project0_.start_date as start_da7_0_,
        project0_.status as status8_0_ 
    from
        project project0_ 
    where
        project0_.name=?
Resetting system
Hibernate: 
    select
        task0_.id as id1_1_,
        task0_.asigned_id as asigned_2_1_,
        task0_.creation_date as creation3_1_,
        task0_.description as descript4_1_,
        task0_.estimated_duration as estimate5_1_,
        task0_.finish_date as finish_d6_1_,
        task0_.name as name7_1_,
        task0_.priority as priority8_1_,
        task0_.project_id as project_9_1_,
        task0_.start_date as start_d10_1_,
        task0_.status as status11_1_ 
    from
        task task0_
Hibernate: 
    select
        project0_.id as id1_0_,
        project0_.creation_date as creation2_0_,
        project0_.description as descript3_0_,
        project0_.finish_date as finish_d4_0_,
        project0_.name as name5_0_,
        project0_.project_leader_id as project_6_0_,
        project0_.start_date as start_da7_0_,
        project0_.status as status8_0_ 
    from
        project project0_
After all test execution
Resetting system
Hibernate: 
    select
        project0_.id as id1_0_,
        project0_.creation_date as creation2_0_,
        project0_.description as descript3_0_,
        project0_.finish_date as finish_d4_0_,
        project0_.name as name5_0_,
        project0_.project_leader_id as project_6_0_,
        project0_.start_date as start_da7_0_,
        project0_.status as status8_0_ 
    from
        project project0_
Hibernate: 
    select
        task0_.id as id1_1_,
        task0_.asigned_id as asigned_2_1_,
        task0_.creation_date as creation3_1_,
        task0_.description as descript4_1_,
        task0_.estimated_duration as estimate5_1_,
        task0_.finish_date as finish_d6_1_,
        task0_.name as name7_1_,
        task0_.priority as priority8_1_,
        task0_.project_id as project_9_1_,
        task0_.start_date as start_d10_1_,
        task0_.status as status11_1_ 
    from
        task task0_
After all test execution
Resetting system
Hibernate: 
    select
        project0_.id as id1_0_,
        project0_.creation_date as creation2_0_,
        project0_.description as descript3_0_,
        project0_.finish_date as finish_d4_0_,
        project0_.name as name5_0_,
        project0_.project_leader_id as project_6_0_,
        project0_.start_date as start_da7_0_,
        project0_.status as status8_0_ 
    from
        project project0_
Hibernate: 
    select
        project0_.id as id1_0_,
        project0_.creation_date as creation2_0_,
        project0_.description as descript3_0_,
        project0_.finish_date as finish_d4_0_,
        project0_.name as name5_0_,
        project0_.project_leader_id as project_6_0_,
        project0_.start_date as start_da7_0_,
        project0_.status as status8_0_ 
    from
        project project0_
After all test execution
After all test execution
Hibernate: 
    select
        task0_.id as id1_1_,
        task0_.asigned_id as asigned_2_1_,
        task0_.creation_date as creation3_1_,
        task0_.description as descript4_1_,
        task0_.estimated_duration as estimate5_1_,
        task0_.finish_date as finish_d6_1_,
        task0_.name as name7_1_,
        task0_.priority as priority8_1_,
        task0_.project_id as project_9_1_,
        task0_.start_date as start_d10_1_,
        task0_.status as status11_1_ 
    from
        task task0_
Hibernate: 
    select
        task0_.id as id1_1_,
        task0_.asigned_id as asigned_2_1_,
        task0_.creation_date as creation3_1_,
        task0_.description as descript4_1_,
        task0_.estimated_duration as estimate5_1_,
        task0_.finish_date as finish_d6_1_,
        task0_.name as name7_1_,
        task0_.priority as priority8_1_,
        task0_.project_id as project_9_1_,
        task0_.start_date as start_d10_1_,
        task0_.status as status11_1_ 
    from
        task task0_
After all test execution
2023-12-03 22:00:00.584  INFO 25892 --- [    Test worker] o.s.t.c.support.AbstractContextLoader    : Could not detect default resource locations for test class [com.aninfo.integration.cucumber.TaskIntegrationServiceTest]: no resource found for suffixes {-context.xml, Context.groovy}.
2023-12-03 22:00:00.587  INFO 25892 --- [    Test worker] .b.t.c.SpringBootTestContextBootstrapper : Loaded default TestExecutionListener class names from location [META-INF/spring.factories]: [org.springframework.boot.test.autoconfigure.restdocs.RestDocsTestExecutionListener, org.springframework.boot.test.autoconfigure.web.client.MockRestServiceServerResetTestExecutionListener, org.springframework.boot.test.autoconfigure.web.servlet.MockMvcPrintOnlyOnFailureTestExecutionListener, org.springframework.boot.test.autoconfigure.web.servlet.WebDriverTestExecutionListener, org.springframework.boot.test.mock.mockito.MockitoTestExecutionListener, org.springframework.boot.test.mock.mockito.ResetMocksTestExecutionListener, org.springframework.test.context.web.ServletTestExecutionListener, org.springframework.test.context.support.DirtiesContextBeforeModesTestExecutionListener, org.springframework.test.context.support.DependencyInjectionTestExecutionListener, org.springframework.test.context.support.DirtiesContextTestExecutionListener, org.springframework.test.context.transaction.TransactionalTestExecutionListener, org.springframework.test.context.jdbc.SqlScriptsTestExecutionListener, org.springframework.test.context.event.EventPublishingTestExecutionListener]
2023-12-03 22:00:00.587  INFO 25892 --- [    Test worker] .b.t.c.SpringBootTestContextBootstrapper : Using TestExecutionListeners: [org.springframework.test.context.web.ServletTestExecutionListener@309d9b1a, org.springframework.test.context.support.DirtiesContextBeforeModesTestExecutionListener@75e3ca4, org.springframework.boot.test.mock.mockito.MockitoTestExecutionListener@71c9e8ca, org.springframework.boot.test.autoconfigure.SpringBootDependencyInjectionTestExecutionListener@4b246c2b, org.springframework.test.context.support.DirtiesContextTestExecutionListener@173d7b1e, org.springframework.test.context.transaction.TransactionalTestExecutionListener@6170ce41, org.springframework.test.context.jdbc.SqlScriptsTestExecutionListener@5fc1f51d, org.springframework.test.context.event.EventPublishingTestExecutionListener@376c8ffa, org.springframework.boot.test.autoconfigure.restdocs.RestDocsTestExecutionListener@4bf5f782, org.springframework.boot.test.autoconfigure.web.client.MockRestServiceServerResetTestExecutionListener@2c102a7b, org.springframework.boot.test.autoconfigure.web.servlet.MockMvcPrintOnlyOnFailureTestExecutionListener@7c295bf9, org.springframework.boot.test.autoconfigure.web.servlet.WebDriverTestExecutionListener@2fe918d9, org.springframework.boot.test.mock.mockito.ResetMocksTestExecutionListener@4bc4a341]
Before any test execution
Before any test execution
Before any test execution
Before any test execution
Hibernate: 
    select
        project0_.id as id1_0_,
        project0_.creation_date as creation2_0_,
        project0_.description as descript3_0_,
        project0_.finish_date as finish_d4_0_,
        project0_.name as name5_0_,
        project0_.project_leader_id as project_6_0_,
        project0_.start_date as start_da7_0_,
        project0_.status as status8_0_ 
    from
        project project0_ 
    where
        project0_.name=?
Hibernate: 
    call next value for hibernate_sequence
Hibernate: 
    insert 
    into
        project
        (creation_date, description, finish_date, name, project_leader_id, start_date, status, id) 
    values
        (?, ?, ?, ?, ?, ?, ?, ?)
Hibernate: 
    select
        project0_.id as id1_0_,
        project0_.creation_date as creation2_0_,
        project0_.description as descript3_0_,
        project0_.finish_date as finish_d4_0_,
        project0_.name as name5_0_,
        project0_.project_leader_id as project_6_0_,
        project0_.start_date as start_da7_0_,
        project0_.status as status8_0_ 
    from
        project project0_ 
    where
        project0_.name=?
Hibernate: 
    call next value for hibernate_sequence
Hibernate: 
    insert 
    into
        project
        (creation_date, description, finish_date, name, project_leader_id, start_date, status, id) 
    values
        (?, ?, ?, ?, ?, ?, ?, ?)
Hibernate: 
    select
        project0_.id as id1_0_,
        project0_.creation_date as creation2_0_,
        project0_.description as descript3_0_,
        project0_.finish_date as finish_d4_0_,
        project0_.name as name5_0_,
        project0_.project_leader_id as project_6_0_,
        project0_.start_date as start_da7_0_,
        project0_.status as status8_0_ 
    from
        project project0_ 
    where
        project0_.name=?
Hibernate: 
    select
        project0_.id as id1_0_0_,
        project0_.creation_date as creation2_0_0_,
        project0_.description as descript3_0_0_,
        project0_.finish_date as finish_d4_0_0_,
        project0_.name as name5_0_0_,
        project0_.project_leader_id as project_6_0_0_,
        project0_.start_date as start_da7_0_0_,
        project0_.status as status8_0_0_ 
    from
        project project0_ 
    where
        project0_.id=?
Hibernate: 
    delete 
    from
        project 
    where
        id=?
Hibernate: 
    select
        project0_.id as id1_0_,
        project0_.creation_date as creation2_0_,
        project0_.description as descript3_0_,
        project0_.finish_date as finish_d4_0_,
        project0_.name as name5_0_,
        project0_.project_leader_id as project_6_0_,
        project0_.start_date as start_da7_0_,
        project0_.status as status8_0_ 
    from
        project project0_ 
    where
        project0_.name=?
Hibernate: 
    select
        project0_.id as id1_0_,
        project0_.creation_date as creation2_0_,
        project0_.description as descript3_0_,
        project0_.finish_date as finish_d4_0_,
        project0_.name as name5_0_,
        project0_.project_leader_id as project_6_0_,
        project0_.start_date as start_da7_0_,
        project0_.status as status8_0_ 
    from
        project project0_ 
    where
        project0_.name=?
Resetting system
Hibernate: 
    select
        task0_.id as id1_1_,
        task0_.asigned_id as asigned_2_1_,
        task0_.creation_date as creation3_1_,
        task0_.description as descript4_1_,
        task0_.estimated_duration as estimate5_1_,
        task0_.finish_date as finish_d6_1_,
        task0_.name as name7_1_,
        task0_.priority as priority8_1_,
        task0_.project_id as project_9_1_,
        task0_.start_date as start_d10_1_,
        task0_.status as status11_1_ 
    from
        task task0_
Hibernate: 
    select
        project0_.id as id1_0_,
        project0_.creation_date as creation2_0_,
        project0_.description as descript3_0_,
        project0_.finish_date as finish_d4_0_,
        project0_.name as name5_0_,
        project0_.project_leader_id as project_6_0_,
        project0_.start_date as start_da7_0_,
        project0_.status as status8_0_ 
    from
        project project0_
Hibernate: 
    delete 
    from
        project 
    where
        id=?
After all test execution
Resetting system
Hibernate: 
    select
        project0_.id as id1_0_,
        project0_.creation_date as creation2_0_,
        project0_.description as descript3_0_,
        project0_.finish_date as finish_d4_0_,
        project0_.name as name5_0_,
        project0_.project_leader_id as project_6_0_,
        project0_.start_date as start_da7_0_,
        project0_.status as status8_0_ 
    from
        project project0_
Hibernate: 
    select
        task0_.id as id1_1_,
        task0_.asigned_id as asigned_2_1_,
        task0_.creation_date as creation3_1_,
        task0_.description as descript4_1_,
        task0_.estimated_duration as estimate5_1_,
        task0_.finish_date as finish_d6_1_,
        task0_.name as name7_1_,
        task0_.priority as priority8_1_,
        task0_.project_id as project_9_1_,
        task0_.start_date as start_d10_1_,
        task0_.status as status11_1_ 
    from
        task task0_
After all test execution
Resetting system
Hibernate: 
    select
        project0_.id as id1_0_,
        project0_.creation_date as creation2_0_,
        project0_.description as descript3_0_,
        project0_.finish_date as finish_d4_0_,
        project0_.name as name5_0_,
        project0_.project_leader_id as project_6_0_,
        project0_.start_date as start_da7_0_,
        project0_.status as status8_0_ 
    from
        project project0_
Hibernate: 
    select
        project0_.id as id1_0_,
        project0_.creation_date as creation2_0_,
        project0_.description as descript3_0_,
        project0_.finish_date as finish_d4_0_,
        project0_.name as name5_0_,
        project0_.project_leader_id as project_6_0_,
        project0_.start_date as start_da7_0_,
        project0_.status as status8_0_ 
    from
        project project0_
After all test execution
After all test execution
Hibernate: 
    select
        task0_.id as id1_1_,
        task0_.asigned_id as asigned_2_1_,
        task0_.creation_date as creation3_1_,
        task0_.description as descript4_1_,
        task0_.estimated_duration as estimate5_1_,
        task0_.finish_date as finish_d6_1_,
        task0_.name as name7_1_,
        task0_.priority as priority8_1_,
        task0_.project_id as project_9_1_,
        task0_.start_date as start_d10_1_,
        task0_.status as status11_1_ 
    from
        task task0_
Hibernate: 
    select
        task0_.id as id1_1_,
        task0_.asigned_id as asigned_2_1_,
        task0_.creation_date as creation3_1_,
        task0_.description as descript4_1_,
        task0_.estimated_duration as estimate5_1_,
        task0_.finish_date as finish_d6_1_,
        task0_.name as name7_1_,
        task0_.priority as priority8_1_,
        task0_.project_id as project_9_1_,
        task0_.start_date as start_d10_1_,
        task0_.status as status11_1_ 
    from
        task task0_
After all test execution
2023-12-03 22:00:00.624  INFO 25892 --- [    Test worker] o.s.t.c.support.AbstractContextLoader    : Could not detect default resource locations for test class [com.aninfo.integration.cucumber.TaskIntegrationServiceTest]: no resource found for suffixes {-context.xml, Context.groovy}.
2023-12-03 22:00:00.624  INFO 25892 --- [    Test worker] .b.t.c.SpringBootTestContextBootstrapper : Loaded default TestExecutionListener class names from location [META-INF/spring.factories]: [org.springframework.boot.test.autoconfigure.restdocs.RestDocsTestExecutionListener, org.springframework.boot.test.autoconfigure.web.client.MockRestServiceServerResetTestExecutionListener, org.springframework.boot.test.autoconfigure.web.servlet.MockMvcPrintOnlyOnFailureTestExecutionListener, org.springframework.boot.test.autoconfigure.web.servlet.WebDriverTestExecutionListener, org.springframework.boot.test.mock.mockito.MockitoTestExecutionListener, org.springframework.boot.test.mock.mockito.ResetMocksTestExecutionListener, org.springframework.test.context.web.ServletTestExecutionListener, org.springframework.test.context.support.DirtiesContextBeforeModesTestExecutionListener, org.springframework.test.context.support.DependencyInjectionTestExecutionListener, org.springframework.test.context.support.DirtiesContextTestExecutionListener, org.springframework.test.context.transaction.TransactionalTestExecutionListener, org.springframework.test.context.jdbc.SqlScriptsTestExecutionListener, org.springframework.test.context.event.EventPublishingTestExecutionListener]
2023-12-03 22:00:00.624  INFO 25892 --- [    Test worker] .b.t.c.SpringBootTestContextBootstrapper : Using TestExecutionListeners: [org.springframework.test.context.web.ServletTestExecutionListener@6032bfc2, org.springframework.test.context.support.DirtiesContextBeforeModesTestExecutionListener@60871cf3, org.springframework.boot.test.mock.mockito.MockitoTestExecutionListener@461184e6, org.springframework.boot.test.autoconfigure.SpringBootDependencyInjectionTestExecutionListener@2b15e2a5, org.springframework.test.context.support.DirtiesContextTestExecutionListener@5eac94aa, org.springframework.test.context.transaction.TransactionalTestExecutionListener@6946b08, org.springframework.test.context.jdbc.SqlScriptsTestExecutionListener@4ce8f988, org.springframework.test.context.event.EventPublishingTestExecutionListener@48ec2a7a, org.springframework.boot.test.autoconfigure.restdocs.RestDocsTestExecutionListener@725ffe09, org.springframework.boot.test.autoconfigure.web.client.MockRestServiceServerResetTestExecutionListener@57b61761, org.springframework.boot.test.autoconfigure.web.servlet.MockMvcPrintOnlyOnFailureTestExecutionListener@5c1980a6, org.springframework.boot.test.autoconfigure.web.servlet.WebDriverTestExecutionListener@750fdea5, org.springframework.boot.test.mock.mockito.ResetMocksTestExecutionListener@782dc9bb]
Before any test execution
Before any test execution
Before any test execution
Before any test execution
Hibernate: 
    select
        project0_.id as id1_0_,
        project0_.creation_date as creation2_0_,
        project0_.description as descript3_0_,
        project0_.finish_date as finish_d4_0_,
        project0_.name as name5_0_,
        project0_.project_leader_id as project_6_0_,
        project0_.start_date as start_da7_0_,
        project0_.status as status8_0_ 
    from
        project project0_ 
    where
        project0_.name=?
Hibernate: 
    call next value for hibernate_sequence
Hibernate: 
    insert 
    into
        project
        (creation_date, description, finish_date, name, project_leader_id, start_date, status, id) 
    values
        (?, ?, ?, ?, ?, ?, ?, ?)
Hibernate: 
    select
        project0_.id as id1_0_,
        project0_.creation_date as creation2_0_,
        project0_.description as descript3_0_,
        project0_.finish_date as finish_d4_0_,
        project0_.name as name5_0_,
        project0_.project_leader_id as project_6_0_,
        project0_.start_date as start_da7_0_,
        project0_.status as status8_0_ 
    from
        project project0_ 
    where
        project0_.name=?
Hibernate: 
    call next value for hibernate_sequence
Hibernate: 
    insert 
    into
        project
        (creation_date, description, finish_date, name, project_leader_id, start_date, status, id) 
    values
        (?, ?, ?, ?, ?, ?, ?, ?)
Hibernate: 
    select
        project0_.id as id1_0_,
        project0_.creation_date as creation2_0_,
        project0_.description as descript3_0_,
        project0_.finish_date as finish_d4_0_,
        project0_.name as name5_0_,
        project0_.project_leader_id as project_6_0_,
        project0_.start_date as start_da7_0_,
        project0_.status as status8_0_ 
    from
        project project0_ 
    where
        project0_.name=?
Hibernate: 
    select
        project0_.id as id1_0_,
        project0_.creation_date as creation2_0_,
        project0_.description as descript3_0_,
        project0_.finish_date as finish_d4_0_,
        project0_.name as name5_0_,
        project0_.project_leader_id as project_6_0_,
        project0_.start_date as start_da7_0_,
        project0_.status as status8_0_ 
    from
        project project0_ 
    where
        project0_.name=?
Hibernate: 
    select
        project0_.id as id1_0_0_,
        project0_.creation_date as creation2_0_0_,
        project0_.description as descript3_0_0_,
        project0_.finish_date as finish_d4_0_0_,
        project0_.name as name5_0_0_,
        project0_.project_leader_id as project_6_0_0_,
        project0_.start_date as start_da7_0_0_,
        project0_.status as status8_0_0_ 
    from
        project project0_ 
    where
        project0_.id=?
Hibernate: 
    select
        project0_.id as id1_0_0_,
        project0_.creation_date as creation2_0_0_,
        project0_.description as descript3_0_0_,
        project0_.finish_date as finish_d4_0_0_,
        project0_.name as name5_0_0_,
        project0_.project_leader_id as project_6_0_0_,
        project0_.start_date as start_da7_0_0_,
        project0_.status as status8_0_0_ 
    from
        project project0_ 
    where
        project0_.id=?
Hibernate: 
    update
        project 
    set
        creation_date=?,
        description=?,
        finish_date=?,
        name=?,
        project_leader_id=?,
        start_date=?,
        status=? 
    where
        id=?
Hibernate: 
    select
        project0_.id as id1_0_,
        project0_.creation_date as creation2_0_,
        project0_.description as descript3_0_,
        project0_.finish_date as finish_d4_0_,
        project0_.name as name5_0_,
        project0_.project_leader_id as project_6_0_,
        project0_.start_date as start_da7_0_,
        project0_.status as status8_0_ 
    from
        project project0_
Hibernate: 
    delete 
    from
        project 
    where
        id=?
Hibernate: 
    delete 
    from
        project 
    where
        id=?
Resetting system
Hibernate: 
    select
        task0_.id as id1_1_,
        task0_.asigned_id as asigned_2_1_,
        task0_.creation_date as creation3_1_,
        task0_.description as descript4_1_,
        task0_.estimated_duration as estimate5_1_,
        task0_.finish_date as finish_d6_1_,
        task0_.name as name7_1_,
        task0_.priority as priority8_1_,
        task0_.project_id as project_9_1_,
        task0_.start_date as start_d10_1_,
        task0_.status as status11_1_ 
    from
        task task0_
Hibernate: 
    select
        project0_.id as id1_0_,
        project0_.creation_date as creation2_0_,
        project0_.description as descript3_0_,
        project0_.finish_date as finish_d4_0_,
        project0_.name as name5_0_,
        project0_.project_leader_id as project_6_0_,
        project0_.start_date as start_da7_0_,
        project0_.status as status8_0_ 
    from
        project project0_
After all test execution
Resetting system
Hibernate: 
    select
        project0_.id as id1_0_,
        project0_.creation_date as creation2_0_,
        project0_.description as descript3_0_,
        project0_.finish_date as finish_d4_0_,
        project0_.name as name5_0_,
        project0_.project_leader_id as project_6_0_,
        project0_.start_date as start_da7_0_,
        project0_.status as status8_0_ 
    from
        project project0_
Hibernate: 
    select
        task0_.id as id1_1_,
        task0_.asigned_id as asigned_2_1_,
        task0_.creation_date as creation3_1_,
        task0_.description as descript4_1_,
        task0_.estimated_duration as estimate5_1_,
        task0_.finish_date as finish_d6_1_,
        task0_.name as name7_1_,
        task0_.priority as priority8_1_,
        task0_.project_id as project_9_1_,
        task0_.start_date as start_d10_1_,
        task0_.status as status11_1_ 
    from
        task task0_
After all test execution
Resetting system
Hibernate: 
    select
        project0_.id as id1_0_,
        project0_.creation_date as creation2_0_,
        project0_.description as descript3_0_,
        project0_.finish_date as finish_d4_0_,
        project0_.name as name5_0_,
        project0_.project_leader_id as project_6_0_,
        project0_.start_date as start_da7_0_,
        project0_.status as status8_0_ 
    from
        project project0_
Hibernate: 
    select
        project0_.id as id1_0_,
        project0_.creation_date as creation2_0_,
        project0_.description as descript3_0_,
        project0_.finish_date as finish_d4_0_,
        project0_.name as name5_0_,
        project0_.project_leader_id as project_6_0_,
        project0_.start_date as start_da7_0_,
        project0_.status as status8_0_ 
    from
        project project0_
After all test execution
After all test execution
Hibernate: 
    select
        task0_.id as id1_1_,
        task0_.asigned_id as asigned_2_1_,
        task0_.creation_date as creation3_1_,
        task0_.description as descript4_1_,
        task0_.estimated_duration as estimate5_1_,
        task0_.finish_date as finish_d6_1_,
        task0_.name as name7_1_,
        task0_.priority as priority8_1_,
        task0_.project_id as project_9_1_,
        task0_.start_date as start_d10_1_,
        task0_.status as status11_1_ 
    from
        task task0_
Hibernate: 
    select
        task0_.id as id1_1_,
        task0_.asigned_id as asigned_2_1_,
        task0_.creation_date as creation3_1_,
        task0_.description as descript4_1_,
        task0_.estimated_duration as estimate5_1_,
        task0_.finish_date as finish_d6_1_,
        task0_.name as name7_1_,
        task0_.priority as priority8_1_,
        task0_.project_id as project_9_1_,
        task0_.start_date as start_d10_1_,
        task0_.status as status11_1_ 
    from
        task task0_
After all test execution
2023-12-03 22:00:00.693  INFO 25892 --- [    Test worker] o.s.t.c.support.AbstractContextLoader    : Could not detect default resource locations for test class [com.aninfo.integration.cucumber.TaskIntegrationServiceTest]: no resource found for suffixes {-context.xml, Context.groovy}.
2023-12-03 22:00:00.695  INFO 25892 --- [    Test worker] .b.t.c.SpringBootTestContextBootstrapper : Loaded default TestExecutionListener class names from location [META-INF/spring.factories]: [org.springframework.boot.test.autoconfigure.restdocs.RestDocsTestExecutionListener, org.springframework.boot.test.autoconfigure.web.client.MockRestServiceServerResetTestExecutionListener, org.springframework.boot.test.autoconfigure.web.servlet.MockMvcPrintOnlyOnFailureTestExecutionListener, org.springframework.boot.test.autoconfigure.web.servlet.WebDriverTestExecutionListener, org.springframework.boot.test.mock.mockito.MockitoTestExecutionListener, org.springframework.boot.test.mock.mockito.ResetMocksTestExecutionListener, org.springframework.test.context.web.ServletTestExecutionListener, org.springframework.test.context.support.DirtiesContextBeforeModesTestExecutionListener, org.springframework.test.context.support.DependencyInjectionTestExecutionListener, org.springframework.test.context.support.DirtiesContextTestExecutionListener, org.springframework.test.context.transaction.TransactionalTestExecutionListener, org.springframework.test.context.jdbc.SqlScriptsTestExecutionListener, org.springframework.test.context.event.EventPublishingTestExecutionListener]
2023-12-03 22:00:00.696  INFO 25892 --- [    Test worker] .b.t.c.SpringBootTestContextBootstrapper : Using TestExecutionListeners: [org.springframework.test.context.web.ServletTestExecutionListener@65aa6184, org.springframework.test.context.support.DirtiesContextBeforeModesTestExecutionListener@13ec91da, org.springframework.boot.test.mock.mockito.MockitoTestExecutionListener@207d375e, org.springframework.boot.test.autoconfigure.SpringBootDependencyInjectionTestExecutionListener@6abf9cbc, org.springframework.test.context.support.DirtiesContextTestExecutionListener@5caf662e, org.springframework.test.context.transaction.TransactionalTestExecutionListener@2b3a4e20, org.springframework.test.context.jdbc.SqlScriptsTestExecutionListener@62345bde, org.springframework.test.context.event.EventPublishingTestExecutionListener@74787158, org.springframework.boot.test.autoconfigure.restdocs.RestDocsTestExecutionListener@53c1f7ef, org.springframework.boot.test.autoconfigure.web.client.MockRestServiceServerResetTestExecutionListener@2af3f8f9, org.springframework.boot.test.autoconfigure.web.servlet.MockMvcPrintOnlyOnFailureTestExecutionListener@6ad9bcd2, org.springframework.boot.test.autoconfigure.web.servlet.WebDriverTestExecutionListener@5d9ce260, org.springframework.boot.test.mock.mockito.ResetMocksTestExecutionListener@1be18b3]
Before any test execution
Before any test execution
Before any test execution
Before any test execution
Hibernate: 
    select
        project0_.id as id1_0_,
        project0_.creation_date as creation2_0_,
        project0_.description as descript3_0_,
        project0_.finish_date as finish_d4_0_,
        project0_.name as name5_0_,
        project0_.project_leader_id as project_6_0_,
        project0_.start_date as start_da7_0_,
        project0_.status as status8_0_ 
    from
        project project0_ 
    where
        project0_.name=?
Hibernate: 
    call next value for hibernate_sequence
Hibernate: 
    insert 
    into
        project
        (creation_date, description, finish_date, name, project_leader_id, start_date, status, id) 
    values
        (?, ?, ?, ?, ?, ?, ?, ?)
Hibernate: 
    select
        project0_.id as id1_0_,
        project0_.creation_date as creation2_0_,
        project0_.description as descript3_0_,
        project0_.finish_date as finish_d4_0_,
        project0_.name as name5_0_,
        project0_.project_leader_id as project_6_0_,
        project0_.start_date as start_da7_0_,
        project0_.status as status8_0_ 
    from
        project project0_ 
    where
        project0_.name=?
Hibernate: 
    call next value for hibernate_sequence
Hibernate: 
    insert 
    into
        project
        (creation_date, description, finish_date, name, project_leader_id, start_date, status, id) 
    values
        (?, ?, ?, ?, ?, ?, ?, ?)
Hibernate: 
    select
        project0_.id as id1_0_,
        project0_.creation_date as creation2_0_,
        project0_.description as descript3_0_,
        project0_.finish_date as finish_d4_0_,
        project0_.name as name5_0_,
        project0_.project_leader_id as project_6_0_,
        project0_.start_date as start_da7_0_,
        project0_.status as status8_0_ 
    from
        project project0_ 
    where
        project0_.name=?
Hibernate: 
    select
        project0_.id as id1_0_,
        project0_.creation_date as creation2_0_,
        project0_.description as descript3_0_,
        project0_.finish_date as finish_d4_0_,
        project0_.name as name5_0_,
        project0_.project_leader_id as project_6_0_,
        project0_.start_date as start_da7_0_,
        project0_.status as status8_0_ 
    from
        project project0_ 
    where
        project0_.name=?
Hibernate: 
    select
        project0_.id as id1_0_,
        project0_.creation_date as creation2_0_,
        project0_.description as descript3_0_,
        project0_.finish_date as finish_d4_0_,
        project0_.name as name5_0_,
        project0_.project_leader_id as project_6_0_,
        project0_.start_date as start_da7_0_,
        project0_.status as status8_0_ 
    from
        project project0_
Hibernate: 
    delete 
    from
        project 
    where
        id=?
Hibernate: 
    delete 
    from
        project 
    where
        id=?
Resetting system
Hibernate: 
    select
        task0_.id as id1_1_,
        task0_.asigned_id as asigned_2_1_,
        task0_.creation_date as creation3_1_,
        task0_.description as descript4_1_,
        task0_.estimated_duration as estimate5_1_,
        task0_.finish_date as finish_d6_1_,
        task0_.name as name7_1_,
        task0_.priority as priority8_1_,
        task0_.project_id as project_9_1_,
        task0_.start_date as start_d10_1_,
        task0_.status as status11_1_ 
    from
        task task0_
Hibernate: 
    select
        project0_.id as id1_0_,
        project0_.creation_date as creation2_0_,
        project0_.description as descript3_0_,
        project0_.finish_date as finish_d4_0_,
        project0_.name as name5_0_,
        project0_.project_leader_id as project_6_0_,
        project0_.start_date as start_da7_0_,
        project0_.status as status8_0_ 
    from
        project project0_
After all test execution
Resetting system
Hibernate: 
    select
        project0_.id as id1_0_,
        project0_.creation_date as creation2_0_,
        project0_.description as descript3_0_,
        project0_.finish_date as finish_d4_0_,
        project0_.name as name5_0_,
        project0_.project_leader_id as project_6_0_,
        project0_.start_date as start_da7_0_,
        project0_.status as status8_0_ 
    from
        project project0_
Hibernate: 
    select
        task0_.id as id1_1_,
        task0_.asigned_id as asigned_2_1_,
        task0_.creation_date as creation3_1_,
        task0_.description as descript4_1_,
        task0_.estimated_duration as estimate5_1_,
        task0_.finish_date as finish_d6_1_,
        task0_.name as name7_1_,
        task0_.priority as priority8_1_,
        task0_.project_id as project_9_1_,
        task0_.start_date as start_d10_1_,
        task0_.status as status11_1_ 
    from
        task task0_
After all test execution
Resetting system
Hibernate: 
    select
        project0_.id as id1_0_,
        project0_.creation_date as creation2_0_,
        project0_.description as descript3_0_,
        project0_.finish_date as finish_d4_0_,
        project0_.name as name5_0_,
        project0_.project_leader_id as project_6_0_,
        project0_.start_date as start_da7_0_,
        project0_.status as status8_0_ 
    from
        project project0_
Hibernate: 
    select
        project0_.id as id1_0_,
        project0_.creation_date as creation2_0_,
        project0_.description as descript3_0_,
        project0_.finish_date as finish_d4_0_,
        project0_.name as name5_0_,
        project0_.project_leader_id as project_6_0_,
        project0_.start_date as start_da7_0_,
        project0_.status as status8_0_ 
    from
        project project0_
After all test execution
After all test execution
Hibernate: 
    select
        task0_.id as id1_1_,
        task0_.asigned_id as asigned_2_1_,
        task0_.creation_date as creation3_1_,
        task0_.description as descript4_1_,
        task0_.estimated_duration as estimate5_1_,
        task0_.finish_date as finish_d6_1_,
        task0_.name as name7_1_,
        task0_.priority as priority8_1_,
        task0_.project_id as project_9_1_,
        task0_.start_date as start_d10_1_,
        task0_.status as status11_1_ 
    from
        task task0_
Hibernate: 
    select
        task0_.id as id1_1_,
        task0_.asigned_id as asigned_2_1_,
        task0_.creation_date as creation3_1_,
        task0_.description as descript4_1_,
        task0_.estimated_duration as estimate5_1_,
        task0_.finish_date as finish_d6_1_,
        task0_.name as name7_1_,
        task0_.priority as priority8_1_,
        task0_.project_id as project_9_1_,
        task0_.start_date as start_d10_1_,
        task0_.status as status11_1_ 
    from
        task task0_
After all test execution
2023-12-03 22:00:00.736  INFO 25892 --- [    Test worker] o.s.t.c.support.AbstractContextLoader    : Could not detect default resource locations for test class [com.aninfo.integration.cucumber.TaskIntegrationServiceTest]: no resource found for suffixes {-context.xml, Context.groovy}.
2023-12-03 22:00:00.736  INFO 25892 --- [    Test worker] .b.t.c.SpringBootTestContextBootstrapper : Loaded default TestExecutionListener class names from location [META-INF/spring.factories]: [org.springframework.boot.test.autoconfigure.restdocs.RestDocsTestExecutionListener, org.springframework.boot.test.autoconfigure.web.client.MockRestServiceServerResetTestExecutionListener, org.springframework.boot.test.autoconfigure.web.servlet.MockMvcPrintOnlyOnFailureTestExecutionListener, org.springframework.boot.test.autoconfigure.web.servlet.WebDriverTestExecutionListener, org.springframework.boot.test.mock.mockito.MockitoTestExecutionListener, org.springframework.boot.test.mock.mockito.ResetMocksTestExecutionListener, org.springframework.test.context.web.ServletTestExecutionListener, org.springframework.test.context.support.DirtiesContextBeforeModesTestExecutionListener, org.springframework.test.context.support.DependencyInjectionTestExecutionListener, org.springframework.test.context.support.DirtiesContextTestExecutionListener, org.springframework.test.context.transaction.TransactionalTestExecutionListener, org.springframework.test.context.jdbc.SqlScriptsTestExecutionListener, org.springframework.test.context.event.EventPublishingTestExecutionListener]
2023-12-03 22:00:00.736  INFO 25892 --- [    Test worker] .b.t.c.SpringBootTestContextBootstrapper : Using TestExecutionListeners: [org.springframework.test.context.web.ServletTestExecutionListener@2c03c8a4, org.springframework.test.context.support.DirtiesContextBeforeModesTestExecutionListener@9b61e1a, org.springframework.boot.test.mock.mockito.MockitoTestExecutionListener@6eb96f29, org.springframework.boot.test.autoconfigure.SpringBootDependencyInjectionTestExecutionListener@75a93fd0, org.springframework.test.context.support.DirtiesContextTestExecutionListener@475d8f29, org.springframework.test.context.transaction.TransactionalTestExecutionListener@7ea20f16, org.springframework.test.context.jdbc.SqlScriptsTestExecutionListener@5b47f7cc, org.springframework.test.context.event.EventPublishingTestExecutionListener@67ac04cb, org.springframework.boot.test.autoconfigure.restdocs.RestDocsTestExecutionListener@4c23ebd0, org.springframework.boot.test.autoconfigure.web.client.MockRestServiceServerResetTestExecutionListener@221797fd, org.springframework.boot.test.autoconfigure.web.servlet.MockMvcPrintOnlyOnFailureTestExecutionListener@460afde4, org.springframework.boot.test.autoconfigure.web.servlet.WebDriverTestExecutionListener@418733b2, org.springframework.boot.test.mock.mockito.ResetMocksTestExecutionListener@12293d39]
Before any test execution
Before any test execution
Before any test execution
Before any test execution
Hibernate: 
    select
        project0_.id as id1_0_,
        project0_.creation_date as creation2_0_,
        project0_.description as descript3_0_,
        project0_.finish_date as finish_d4_0_,
        project0_.name as name5_0_,
        project0_.project_leader_id as project_6_0_,
        project0_.start_date as start_da7_0_,
        project0_.status as status8_0_ 
    from
        project project0_ 
    where
        project0_.name=?
Hibernate: 
    call next value for hibernate_sequence
Hibernate: 
    insert 
    into
        project
        (creation_date, description, finish_date, name, project_leader_id, start_date, status, id) 
    values
        (?, ?, ?, ?, ?, ?, ?, ?)
Hibernate: 
    select
        project0_.id as id1_0_,
        project0_.creation_date as creation2_0_,
        project0_.description as descript3_0_,
        project0_.finish_date as finish_d4_0_,
        project0_.name as name5_0_,
        project0_.project_leader_id as project_6_0_,
        project0_.start_date as start_da7_0_,
        project0_.status as status8_0_ 
    from
        project project0_ 
    where
        project0_.name=?
Hibernate: 
    select
        project0_.id as id1_0_0_,
        project0_.creation_date as creation2_0_0_,
        project0_.description as descript3_0_0_,
        project0_.finish_date as finish_d4_0_0_,
        project0_.name as name5_0_0_,
        project0_.project_leader_id as project_6_0_0_,
        project0_.start_date as start_da7_0_0_,
        project0_.status as status8_0_0_ 
    from
        project project0_ 
    where
        project0_.id=?
Hibernate: 
    select
        project0_.id as id1_0_0_,
        project0_.creation_date as creation2_0_0_,
        project0_.description as descript3_0_0_,
        project0_.finish_date as finish_d4_0_0_,
        project0_.name as name5_0_0_,
        project0_.project_leader_id as project_6_0_0_,
        project0_.start_date as start_da7_0_0_,
        project0_.status as status8_0_0_ 
    from
        project project0_ 
    where
        project0_.id=?
Hibernate: 
    update
        project 
    set
        creation_date=?,
        description=?,
        finish_date=?,
        name=?,
        project_leader_id=?,
        start_date=?,
        status=? 
    where
        id=?
Hibernate: 
    select
        project0_.id as id1_0_,
        project0_.creation_date as creation2_0_,
        project0_.description as descript3_0_,
        project0_.finish_date as finish_d4_0_,
        project0_.name as name5_0_,
        project0_.project_leader_id as project_6_0_,
        project0_.start_date as start_da7_0_,
        project0_.status as status8_0_ 
    from
        project project0_
Hibernate: 
    delete 
    from
        project 
    where
        id=?
Resetting system
Hibernate: 
    select
        task0_.id as id1_1_,
        task0_.asigned_id as asigned_2_1_,
        task0_.creation_date as creation3_1_,
        task0_.description as descript4_1_,
        task0_.estimated_duration as estimate5_1_,
        task0_.finish_date as finish_d6_1_,
        task0_.name as name7_1_,
        task0_.priority as priority8_1_,
        task0_.project_id as project_9_1_,
        task0_.start_date as start_d10_1_,
        task0_.status as status11_1_ 
    from
        task task0_
Hibernate: 
    select
        project0_.id as id1_0_,
        project0_.creation_date as creation2_0_,
        project0_.description as descript3_0_,
        project0_.finish_date as finish_d4_0_,
        project0_.name as name5_0_,
        project0_.project_leader_id as project_6_0_,
        project0_.start_date as start_da7_0_,
        project0_.status as status8_0_ 
    from
        project project0_
After all test execution
Resetting system
Hibernate: 
    select
        project0_.id as id1_0_,
        project0_.creation_date as creation2_0_,
        project0_.description as descript3_0_,
        project0_.finish_date as finish_d4_0_,
        project0_.name as name5_0_,
        project0_.project_leader_id as project_6_0_,
        project0_.start_date as start_da7_0_,
        project0_.status as status8_0_ 
    from
        project project0_
Hibernate: 
    select
        task0_.id as id1_1_,
        task0_.asigned_id as asigned_2_1_,
        task0_.creation_date as creation3_1_,
        task0_.description as descript4_1_,
        task0_.estimated_duration as estimate5_1_,
        task0_.finish_date as finish_d6_1_,
        task0_.name as name7_1_,
        task0_.priority as priority8_1_,
        task0_.project_id as project_9_1_,
        task0_.start_date as start_d10_1_,
        task0_.status as status11_1_ 
    from
        task task0_
After all test execution
Resetting system
Hibernate: 
    select
        project0_.id as id1_0_,
        project0_.creation_date as creation2_0_,
        project0_.description as descript3_0_,
        project0_.finish_date as finish_d4_0_,
        project0_.name as name5_0_,
        project0_.project_leader_id as project_6_0_,
        project0_.start_date as start_da7_0_,
        project0_.status as status8_0_ 
    from
        project project0_
Hibernate: 
    select
        project0_.id as id1_0_,
        project0_.creation_date as creation2_0_,
        project0_.description as descript3_0_,
        project0_.finish_date as finish_d4_0_,
        project0_.name as name5_0_,
        project0_.project_leader_id as project_6_0_,
        project0_.start_date as start_da7_0_,
        project0_.status as status8_0_ 
    from
        project project0_
After all test execution
After all test execution
Hibernate: 
    select
        task0_.id as id1_1_,
        task0_.asigned_id as asigned_2_1_,
        task0_.creation_date as creation3_1_,
        task0_.description as descript4_1_,
        task0_.estimated_duration as estimate5_1_,
        task0_.finish_date as finish_d6_1_,
        task0_.name as name7_1_,
        task0_.priority as priority8_1_,
        task0_.project_id as project_9_1_,
        task0_.start_date as start_d10_1_,
        task0_.status as status11_1_ 
    from
        task task0_
Hibernate: 
    select
        task0_.id as id1_1_,
        task0_.asigned_id as asigned_2_1_,
        task0_.creation_date as creation3_1_,
        task0_.description as descript4_1_,
        task0_.estimated_duration as estimate5_1_,
        task0_.finish_date as finish_d6_1_,
        task0_.name as name7_1_,
        task0_.priority as priority8_1_,
        task0_.project_id as project_9_1_,
        task0_.start_date as start_d10_1_,
        task0_.status as status11_1_ 
    from
        task task0_
After all test execution
2023-12-03 22:00:00.773  INFO 25892 --- [    Test worker] o.s.t.c.support.AbstractContextLoader    : Could not detect default resource locations for test class [com.aninfo.integration.cucumber.TaskIntegrationServiceTest]: no resource found for suffixes {-context.xml, Context.groovy}.
2023-12-03 22:00:00.773  INFO 25892 --- [    Test worker] .b.t.c.SpringBootTestContextBootstrapper : Loaded default TestExecutionListener class names from location [META-INF/spring.factories]: [org.springframework.boot.test.autoconfigure.restdocs.RestDocsTestExecutionListener, org.springframework.boot.test.autoconfigure.web.client.MockRestServiceServerResetTestExecutionListener, org.springframework.boot.test.autoconfigure.web.servlet.MockMvcPrintOnlyOnFailureTestExecutionListener, org.springframework.boot.test.autoconfigure.web.servlet.WebDriverTestExecutionListener, org.springframework.boot.test.mock.mockito.MockitoTestExecutionListener, org.springframework.boot.test.mock.mockito.ResetMocksTestExecutionListener, org.springframework.test.context.web.ServletTestExecutionListener, org.springframework.test.context.support.DirtiesContextBeforeModesTestExecutionListener, org.springframework.test.context.support.DependencyInjectionTestExecutionListener, org.springframework.test.context.support.DirtiesContextTestExecutionListener, org.springframework.test.context.transaction.TransactionalTestExecutionListener, org.springframework.test.context.jdbc.SqlScriptsTestExecutionListener, org.springframework.test.context.event.EventPublishingTestExecutionListener]
2023-12-03 22:00:00.773  INFO 25892 --- [    Test worker] .b.t.c.SpringBootTestContextBootstrapper : Using TestExecutionListeners: [org.springframework.test.context.web.ServletTestExecutionListener@1027338f, org.springframework.test.context.support.DirtiesContextBeforeModesTestExecutionListener@32c987fa, org.springframework.boot.test.mock.mockito.MockitoTestExecutionListener@7ca1f38d, org.springframework.boot.test.autoconfigure.SpringBootDependencyInjectionTestExecutionListener@412b1bf5, org.springframework.test.context.support.DirtiesContextTestExecutionListener@68b9e314, org.springframework.test.context.transaction.TransactionalTestExecutionListener@16314fae, org.springframework.test.context.jdbc.SqlScriptsTestExecutionListener@657feb7e, org.springframework.test.context.event.EventPublishingTestExecutionListener@7c92a097, org.springframework.boot.test.autoconfigure.restdocs.RestDocsTestExecutionListener@5b944d52, org.springframework.boot.test.autoconfigure.web.client.MockRestServiceServerResetTestExecutionListener@474425b1, org.springframework.boot.test.autoconfigure.web.servlet.MockMvcPrintOnlyOnFailureTestExecutionListener@5dfa123c, org.springframework.boot.test.autoconfigure.web.servlet.WebDriverTestExecutionListener@3485870c, org.springframework.boot.test.mock.mockito.ResetMocksTestExecutionListener@4d02a213]
Before any test execution
Before any test execution
Before any test execution
Before any test execution
Hibernate: 
    select
        project0_.id as id1_0_,
        project0_.creation_date as creation2_0_,
        project0_.description as descript3_0_,
        project0_.finish_date as finish_d4_0_,
        project0_.name as name5_0_,
        project0_.project_leader_id as project_6_0_,
        project0_.start_date as start_da7_0_,
        project0_.status as status8_0_ 
    from
        project project0_ 
    where
        project0_.name=?
Hibernate: 
    call next value for hibernate_sequence
Hibernate: 
    insert 
    into
        project
        (creation_date, description, finish_date, name, project_leader_id, start_date, status, id) 
    values
        (?, ?, ?, ?, ?, ?, ?, ?)
Hibernate: 
    select
        project0_.id as id1_0_,
        project0_.creation_date as creation2_0_,
        project0_.description as descript3_0_,
        project0_.finish_date as finish_d4_0_,
        project0_.name as name5_0_,
        project0_.project_leader_id as project_6_0_,
        project0_.start_date as start_da7_0_,
        project0_.status as status8_0_ 
    from
        project project0_ 
    where
        project0_.name=?
Hibernate: 
    select
        project0_.id as id1_0_0_,
        project0_.creation_date as creation2_0_0_,
        project0_.description as descript3_0_0_,
        project0_.finish_date as finish_d4_0_0_,
        project0_.name as name5_0_0_,
        project0_.project_leader_id as project_6_0_0_,
        project0_.start_date as start_da7_0_0_,
        project0_.status as status8_0_0_ 
    from
        project project0_ 
    where
        project0_.id=?
Hibernate: 
    select
        project0_.id as id1_0_0_,
        project0_.creation_date as creation2_0_0_,
        project0_.description as descript3_0_0_,
        project0_.finish_date as finish_d4_0_0_,
        project0_.name as name5_0_0_,
        project0_.project_leader_id as project_6_0_0_,
        project0_.start_date as start_da7_0_0_,
        project0_.status as status8_0_0_ 
    from
        project project0_ 
    where
        project0_.id=?
Hibernate: 
    update
        project 
    set
        creation_date=?,
        description=?,
        finish_date=?,
        name=?,
        project_leader_id=?,
        start_date=?,
        status=? 
    where
        id=?
Hibernate: 
    select
        project0_.id as id1_0_,
        project0_.creation_date as creation2_0_,
        project0_.description as descript3_0_,
        project0_.finish_date as finish_d4_0_,
        project0_.name as name5_0_,
        project0_.project_leader_id as project_6_0_,
        project0_.start_date as start_da7_0_,
        project0_.status as status8_0_ 
    from
        project project0_
Hibernate: 
    delete 
    from
        project 
    where
        id=?
Resetting system
Hibernate: 
    select
        task0_.id as id1_1_,
        task0_.asigned_id as asigned_2_1_,
        task0_.creation_date as creation3_1_,
        task0_.description as descript4_1_,
        task0_.estimated_duration as estimate5_1_,
        task0_.finish_date as finish_d6_1_,
        task0_.name as name7_1_,
        task0_.priority as priority8_1_,
        task0_.project_id as project_9_1_,
        task0_.start_date as start_d10_1_,
        task0_.status as status11_1_ 
    from
        task task0_
Hibernate: 
    select
        project0_.id as id1_0_,
        project0_.creation_date as creation2_0_,
        project0_.description as descript3_0_,
        project0_.finish_date as finish_d4_0_,
        project0_.name as name5_0_,
        project0_.project_leader_id as project_6_0_,
        project0_.start_date as start_da7_0_,
        project0_.status as status8_0_ 
    from
        project project0_
After all test execution
Resetting system
Hibernate: 
    select
        project0_.id as id1_0_,
        project0_.creation_date as creation2_0_,
        project0_.description as descript3_0_,
        project0_.finish_date as finish_d4_0_,
        project0_.name as name5_0_,
        project0_.project_leader_id as project_6_0_,
        project0_.start_date as start_da7_0_,
        project0_.status as status8_0_ 
    from
        project project0_
Hibernate: 
    select
        task0_.id as id1_1_,
        task0_.asigned_id as asigned_2_1_,
        task0_.creation_date as creation3_1_,
        task0_.description as descript4_1_,
        task0_.estimated_duration as estimate5_1_,
        task0_.finish_date as finish_d6_1_,
        task0_.name as name7_1_,
        task0_.priority as priority8_1_,
        task0_.project_id as project_9_1_,
        task0_.start_date as start_d10_1_,
        task0_.status as status11_1_ 
    from
        task task0_
After all test execution
Resetting system
Hibernate: 
    select
        project0_.id as id1_0_,
        project0_.creation_date as creation2_0_,
        project0_.description as descript3_0_,
        project0_.finish_date as finish_d4_0_,
        project0_.name as name5_0_,
        project0_.project_leader_id as project_6_0_,
        project0_.start_date as start_da7_0_,
        project0_.status as status8_0_ 
    from
        project project0_
Hibernate: 
    select
        project0_.id as id1_0_,
        project0_.creation_date as creation2_0_,
        project0_.description as descript3_0_,
        project0_.finish_date as finish_d4_0_,
        project0_.name as name5_0_,
        project0_.project_leader_id as project_6_0_,
        project0_.start_date as start_da7_0_,
        project0_.status as status8_0_ 
    from
        project project0_
After all test execution
After all test execution
Hibernate: 
    select
        task0_.id as id1_1_,
        task0_.asigned_id as asigned_2_1_,
        task0_.creation_date as creation3_1_,
        task0_.description as descript4_1_,
        task0_.estimated_duration as estimate5_1_,
        task0_.finish_date as finish_d6_1_,
        task0_.name as name7_1_,
        task0_.priority as priority8_1_,
        task0_.project_id as project_9_1_,
        task0_.start_date as start_d10_1_,
        task0_.status as status11_1_ 
    from
        task task0_
Hibernate: 
    select
        task0_.id as id1_1_,
        task0_.asigned_id as asigned_2_1_,
        task0_.creation_date as creation3_1_,
        task0_.description as descript4_1_,
        task0_.estimated_duration as estimate5_1_,
        task0_.finish_date as finish_d6_1_,
        task0_.name as name7_1_,
        task0_.priority as priority8_1_,
        task0_.project_id as project_9_1_,
        task0_.start_date as start_d10_1_,
        task0_.status as status11_1_ 
    from
        task task0_
After all test execution
2023-12-03 22:00:00.816  INFO 25892 --- [    Test worker] o.s.t.c.support.AbstractContextLoader    : Could not detect default resource locations for test class [com.aninfo.integration.cucumber.TaskIntegrationServiceTest]: no resource found for suffixes {-context.xml, Context.groovy}.
2023-12-03 22:00:00.816  INFO 25892 --- [    Test worker] .b.t.c.SpringBootTestContextBootstrapper : Loaded default TestExecutionListener class names from location [META-INF/spring.factories]: [org.springframework.boot.test.autoconfigure.restdocs.RestDocsTestExecutionListener, org.springframework.boot.test.autoconfigure.web.client.MockRestServiceServerResetTestExecutionListener, org.springframework.boot.test.autoconfigure.web.servlet.MockMvcPrintOnlyOnFailureTestExecutionListener, org.springframework.boot.test.autoconfigure.web.servlet.WebDriverTestExecutionListener, org.springframework.boot.test.mock.mockito.MockitoTestExecutionListener, org.springframework.boot.test.mock.mockito.ResetMocksTestExecutionListener, org.springframework.test.context.web.ServletTestExecutionListener, org.springframework.test.context.support.DirtiesContextBeforeModesTestExecutionListener, org.springframework.test.context.support.DependencyInjectionTestExecutionListener, org.springframework.test.context.support.DirtiesContextTestExecutionListener, org.springframework.test.context.transaction.TransactionalTestExecutionListener, org.springframework.test.context.jdbc.SqlScriptsTestExecutionListener, org.springframework.test.context.event.EventPublishingTestExecutionListener]
2023-12-03 22:00:00.816  INFO 25892 --- [    Test worker] .b.t.c.SpringBootTestContextBootstrapper : Using TestExecutionListeners: [org.springframework.test.context.web.ServletTestExecutionListener@125e3bda, org.springframework.test.context.support.DirtiesContextBeforeModesTestExecutionListener@525352dd, org.springframework.boot.test.mock.mockito.MockitoTestExecutionListener@459c3fea, org.springframework.boot.test.autoconfigure.SpringBootDependencyInjectionTestExecutionListener@3b815b31, org.springframework.test.context.support.DirtiesContextTestExecutionListener@58e23770, org.springframework.test.context.transaction.TransactionalTestExecutionListener@10ef530b, org.springframework.test.context.jdbc.SqlScriptsTestExecutionListener@34a85d93, org.springframework.test.context.event.EventPublishingTestExecutionListener@5c1d0e4, org.springframework.boot.test.autoconfigure.restdocs.RestDocsTestExecutionListener@4c513e9b, org.springframework.boot.test.autoconfigure.web.client.MockRestServiceServerResetTestExecutionListener@264c5b11, org.springframework.boot.test.autoconfigure.web.servlet.MockMvcPrintOnlyOnFailureTestExecutionListener@507ece8e, org.springframework.boot.test.autoconfigure.web.servlet.WebDriverTestExecutionListener@5b336295, org.springframework.boot.test.mock.mockito.ResetMocksTestExecutionListener@1ed33a8e]
Before any test execution
Before any test execution
Before any test execution
Before any test execution
Hibernate: 
    select
        project0_.id as id1_0_,
        project0_.creation_date as creation2_0_,
        project0_.description as descript3_0_,
        project0_.finish_date as finish_d4_0_,
        project0_.name as name5_0_,
        project0_.project_leader_id as project_6_0_,
        project0_.start_date as start_da7_0_,
        project0_.status as status8_0_ 
    from
        project project0_ 
    where
        project0_.name=?
Hibernate: 
    call next value for hibernate_sequence
Hibernate: 
    insert 
    into
        project
        (creation_date, description, finish_date, name, project_leader_id, start_date, status, id) 
    values
        (?, ?, ?, ?, ?, ?, ?, ?)
Hibernate: 
    select
        project0_.id as id1_0_,
        project0_.creation_date as creation2_0_,
        project0_.description as descript3_0_,
        project0_.finish_date as finish_d4_0_,
        project0_.name as name5_0_,
        project0_.project_leader_id as project_6_0_,
        project0_.start_date as start_da7_0_,
        project0_.status as status8_0_ 
    from
        project project0_ 
    where
        project0_.name=?
Hibernate: 
    select
        project0_.id as id1_0_0_,
        project0_.creation_date as creation2_0_0_,
        project0_.description as descript3_0_0_,
        project0_.finish_date as finish_d4_0_0_,
        project0_.name as name5_0_0_,
        project0_.project_leader_id as project_6_0_0_,
        project0_.start_date as start_da7_0_0_,
        project0_.status as status8_0_0_ 
    from
        project project0_ 
    where
        project0_.id=?
Hibernate: 
    select
        project0_.id as id1_0_0_,
        project0_.creation_date as creation2_0_0_,
        project0_.description as descript3_0_0_,
        project0_.finish_date as finish_d4_0_0_,
        project0_.name as name5_0_0_,
        project0_.project_leader_id as project_6_0_0_,
        project0_.start_date as start_da7_0_0_,
        project0_.status as status8_0_0_ 
    from
        project project0_ 
    where
        project0_.id=?
Hibernate: 
    update
        project 
    set
        creation_date=?,
        description=?,
        finish_date=?,
        name=?,
        project_leader_id=?,
        start_date=?,
        status=? 
    where
        id=?
Hibernate: 
    select
        project0_.id as id1_0_,
        project0_.creation_date as creation2_0_,
        project0_.description as descript3_0_,
        project0_.finish_date as finish_d4_0_,
        project0_.name as name5_0_,
        project0_.project_leader_id as project_6_0_,
        project0_.start_date as start_da7_0_,
        project0_.status as status8_0_ 
    from
        project project0_
Hibernate: 
    delete 
    from
        project 
    where
        id=?
Resetting system
Hibernate: 
    select
        task0_.id as id1_1_,
        task0_.asigned_id as asigned_2_1_,
        task0_.creation_date as creation3_1_,
        task0_.description as descript4_1_,
        task0_.estimated_duration as estimate5_1_,
        task0_.finish_date as finish_d6_1_,
        task0_.name as name7_1_,
        task0_.priority as priority8_1_,
        task0_.project_id as project_9_1_,
        task0_.start_date as start_d10_1_,
        task0_.status as status11_1_ 
    from
        task task0_
Hibernate: 
    select
        project0_.id as id1_0_,
        project0_.creation_date as creation2_0_,
        project0_.description as descript3_0_,
        project0_.finish_date as finish_d4_0_,
        project0_.name as name5_0_,
        project0_.project_leader_id as project_6_0_,
        project0_.start_date as start_da7_0_,
        project0_.status as status8_0_ 
    from
        project project0_
After all test execution
Resetting system
Hibernate: 
    select
        project0_.id as id1_0_,
        project0_.creation_date as creation2_0_,
        project0_.description as descript3_0_,
        project0_.finish_date as finish_d4_0_,
        project0_.name as name5_0_,
        project0_.project_leader_id as project_6_0_,
        project0_.start_date as start_da7_0_,
        project0_.status as status8_0_ 
    from
        project project0_
Hibernate: 
    select
        task0_.id as id1_1_,
        task0_.asigned_id as asigned_2_1_,
        task0_.creation_date as creation3_1_,
        task0_.description as descript4_1_,
        task0_.estimated_duration as estimate5_1_,
        task0_.finish_date as finish_d6_1_,
        task0_.name as name7_1_,
        task0_.priority as priority8_1_,
        task0_.project_id as project_9_1_,
        task0_.start_date as start_d10_1_,
        task0_.status as status11_1_ 
    from
        task task0_
After all test execution
Resetting system
Hibernate: 
    select
        project0_.id as id1_0_,
        project0_.creation_date as creation2_0_,
        project0_.description as descript3_0_,
        project0_.finish_date as finish_d4_0_,
        project0_.name as name5_0_,
        project0_.project_leader_id as project_6_0_,
        project0_.start_date as start_da7_0_,
        project0_.status as status8_0_ 
    from
        project project0_
Hibernate: 
    select
        project0_.id as id1_0_,
        project0_.creation_date as creation2_0_,
        project0_.description as descript3_0_,
        project0_.finish_date as finish_d4_0_,
        project0_.name as name5_0_,
        project0_.project_leader_id as project_6_0_,
        project0_.start_date as start_da7_0_,
        project0_.status as status8_0_ 
    from
        project project0_
After all test execution
After all test execution
Hibernate: 
    select
        task0_.id as id1_1_,
        task0_.asigned_id as asigned_2_1_,
        task0_.creation_date as creation3_1_,
        task0_.description as descript4_1_,
        task0_.estimated_duration as estimate5_1_,
        task0_.finish_date as finish_d6_1_,
        task0_.name as name7_1_,
        task0_.priority as priority8_1_,
        task0_.project_id as project_9_1_,
        task0_.start_date as start_d10_1_,
        task0_.status as status11_1_ 
    from
        task task0_
Hibernate: 
    select
        task0_.id as id1_1_,
        task0_.asigned_id as asigned_2_1_,
        task0_.creation_date as creation3_1_,
        task0_.description as descript4_1_,
        task0_.estimated_duration as estimate5_1_,
        task0_.finish_date as finish_d6_1_,
        task0_.name as name7_1_,
        task0_.priority as priority8_1_,
        task0_.project_id as project_9_1_,
        task0_.start_date as start_d10_1_,
        task0_.status as status11_1_ 
    from
        task task0_
After all test execution
2023-12-03 22:00:00.847  INFO 25892 --- [    Test worker] o.s.t.c.support.AbstractContextLoader    : Could not detect default resource locations for test class [com.aninfo.integration.cucumber.TaskIntegrationServiceTest]: no resource found for suffixes {-context.xml, Context.groovy}.
2023-12-03 22:00:00.847  INFO 25892 --- [    Test worker] .b.t.c.SpringBootTestContextBootstrapper : Loaded default TestExecutionListener class names from location [META-INF/spring.factories]: [org.springframework.boot.test.autoconfigure.restdocs.RestDocsTestExecutionListener, org.springframework.boot.test.autoconfigure.web.client.MockRestServiceServerResetTestExecutionListener, org.springframework.boot.test.autoconfigure.web.servlet.MockMvcPrintOnlyOnFailureTestExecutionListener, org.springframework.boot.test.autoconfigure.web.servlet.WebDriverTestExecutionListener, org.springframework.boot.test.mock.mockito.MockitoTestExecutionListener, org.springframework.boot.test.mock.mockito.ResetMocksTestExecutionListener, org.springframework.test.context.web.ServletTestExecutionListener, org.springframework.test.context.support.DirtiesContextBeforeModesTestExecutionListener, org.springframework.test.context.support.DependencyInjectionTestExecutionListener, org.springframework.test.context.support.DirtiesContextTestExecutionListener, org.springframework.test.context.transaction.TransactionalTestExecutionListener, org.springframework.test.context.jdbc.SqlScriptsTestExecutionListener, org.springframework.test.context.event.EventPublishingTestExecutionListener]
2023-12-03 22:00:00.847  INFO 25892 --- [    Test worker] .b.t.c.SpringBootTestContextBootstrapper : Using TestExecutionListeners: [org.springframework.test.context.web.ServletTestExecutionListener@78554404, org.springframework.test.context.support.DirtiesContextBeforeModesTestExecutionListener@30168c0e, org.springframework.boot.test.mock.mockito.MockitoTestExecutionListener@569f0957, org.springframework.boot.test.autoconfigure.SpringBootDependencyInjectionTestExecutionListener@a0f742e, org.springframework.test.context.support.DirtiesContextTestExecutionListener@58a8640f, org.springframework.test.context.transaction.TransactionalTestExecutionListener@5cdaf5e8, org.springframework.test.context.jdbc.SqlScriptsTestExecutionListener@72a18a95, org.springframework.test.context.event.EventPublishingTestExecutionListener@37e2eeb, org.springframework.boot.test.autoconfigure.restdocs.RestDocsTestExecutionListener@186dba97, org.springframework.boot.test.autoconfigure.web.client.MockRestServiceServerResetTestExecutionListener@131369c7, org.springframework.boot.test.autoconfigure.web.servlet.MockMvcPrintOnlyOnFailureTestExecutionListener@6d98ac12, org.springframework.boot.test.autoconfigure.web.servlet.WebDriverTestExecutionListener@1f63ce3c, org.springframework.boot.test.mock.mockito.ResetMocksTestExecutionListener@6a2f7645]
Before any test execution
Before any test execution
Before any test execution
Before any test execution
Hibernate: 
    select
        task0_.id as id1_1_,
        task0_.asigned_id as asigned_2_1_,
        task0_.creation_date as creation3_1_,
        task0_.description as descript4_1_,
        task0_.estimated_duration as estimate5_1_,
        task0_.finish_date as finish_d6_1_,
        task0_.name as name7_1_,
        task0_.priority as priority8_1_,
        task0_.project_id as project_9_1_,
        task0_.start_date as start_d10_1_,
        task0_.status as status11_1_ 
    from
        task task0_ 
    where
        task0_.project_id=?
Resetting system
Hibernate: 
    select
        task0_.id as id1_1_,
        task0_.asigned_id as asigned_2_1_,
        task0_.creation_date as creation3_1_,
        task0_.description as descript4_1_,
        task0_.estimated_duration as estimate5_1_,
        task0_.finish_date as finish_d6_1_,
        task0_.name as name7_1_,
        task0_.priority as priority8_1_,
        task0_.project_id as project_9_1_,
        task0_.start_date as start_d10_1_,
        task0_.status as status11_1_ 
    from
        task task0_
Hibernate: 
    select
        project0_.id as id1_0_,
        project0_.creation_date as creation2_0_,
        project0_.description as descript3_0_,
        project0_.finish_date as finish_d4_0_,
        project0_.name as name5_0_,
        project0_.project_leader_id as project_6_0_,
        project0_.start_date as start_da7_0_,
        project0_.status as status8_0_ 
    from
        project project0_
After all test execution
Resetting system
Hibernate: 
    select
        project0_.id as id1_0_,
        project0_.creation_date as creation2_0_,
        project0_.description as descript3_0_,
        project0_.finish_date as finish_d4_0_,
        project0_.name as name5_0_,
        project0_.project_leader_id as project_6_0_,
        project0_.start_date as start_da7_0_,
        project0_.status as status8_0_ 
    from
        project project0_
Hibernate: 
    select
        task0_.id as id1_1_,
        task0_.asigned_id as asigned_2_1_,
        task0_.creation_date as creation3_1_,
        task0_.description as descript4_1_,
        task0_.estimated_duration as estimate5_1_,
        task0_.finish_date as finish_d6_1_,
        task0_.name as name7_1_,
        task0_.priority as priority8_1_,
        task0_.project_id as project_9_1_,
        task0_.start_date as start_d10_1_,
        task0_.status as status11_1_ 
    from
        task task0_
After all test execution
Resetting system
Hibernate: 
    select
        project0_.id as id1_0_,
        project0_.creation_date as creation2_0_,
        project0_.description as descript3_0_,
        project0_.finish_date as finish_d4_0_,
        project0_.name as name5_0_,
        project0_.project_leader_id as project_6_0_,
        project0_.start_date as start_da7_0_,
        project0_.status as status8_0_ 
    from
        project project0_
Hibernate: 
    select
        project0_.id as id1_0_,
        project0_.creation_date as creation2_0_,
        project0_.description as descript3_0_,
        project0_.finish_date as finish_d4_0_,
        project0_.name as name5_0_,
        project0_.project_leader_id as project_6_0_,
        project0_.start_date as start_da7_0_,
        project0_.status as status8_0_ 
    from
        project project0_
After all test execution
After all test execution
Hibernate: 
    select
        task0_.id as id1_1_,
        task0_.asigned_id as asigned_2_1_,
        task0_.creation_date as creation3_1_,
        task0_.description as descript4_1_,
        task0_.estimated_duration as estimate5_1_,
        task0_.finish_date as finish_d6_1_,
        task0_.name as name7_1_,
        task0_.priority as priority8_1_,
        task0_.project_id as project_9_1_,
        task0_.start_date as start_d10_1_,
        task0_.status as status11_1_ 
    from
        task task0_
Hibernate: 
    select
        task0_.id as id1_1_,
        task0_.asigned_id as asigned_2_1_,
        task0_.creation_date as creation3_1_,
        task0_.description as descript4_1_,
        task0_.estimated_duration as estimate5_1_,
        task0_.finish_date as finish_d6_1_,
        task0_.name as name7_1_,
        task0_.priority as priority8_1_,
        task0_.project_id as project_9_1_,
        task0_.start_date as start_d10_1_,
        task0_.status as status11_1_ 
    from
        task task0_
After all test execution
2023-12-03 22:00:00.879  INFO 25892 --- [    Test worker] o.s.t.c.support.AbstractContextLoader    : Could not detect default resource locations for test class [com.aninfo.integration.cucumber.TaskIntegrationServiceTest]: no resource found for suffixes {-context.xml, Context.groovy}.
2023-12-03 22:00:00.894  INFO 25892 --- [    Test worker] .b.t.c.SpringBootTestContextBootstrapper : Loaded default TestExecutionListener class names from location [META-INF/spring.factories]: [org.springframework.boot.test.autoconfigure.restdocs.RestDocsTestExecutionListener, org.springframework.boot.test.autoconfigure.web.client.MockRestServiceServerResetTestExecutionListener, org.springframework.boot.test.autoconfigure.web.servlet.MockMvcPrintOnlyOnFailureTestExecutionListener, org.springframework.boot.test.autoconfigure.web.servlet.WebDriverTestExecutionListener, org.springframework.boot.test.mock.mockito.MockitoTestExecutionListener, org.springframework.boot.test.mock.mockito.ResetMocksTestExecutionListener, org.springframework.test.context.web.ServletTestExecutionListener, org.springframework.test.context.support.DirtiesContextBeforeModesTestExecutionListener, org.springframework.test.context.support.DependencyInjectionTestExecutionListener, org.springframework.test.context.support.DirtiesContextTestExecutionListener, org.springframework.test.context.transaction.TransactionalTestExecutionListener, org.springframework.test.context.jdbc.SqlScriptsTestExecutionListener, org.springframework.test.context.event.EventPublishingTestExecutionListener]
2023-12-03 22:00:00.894  INFO 25892 --- [    Test worker] .b.t.c.SpringBootTestContextBootstrapper : Using TestExecutionListeners: [org.springframework.test.context.web.ServletTestExecutionListener@2b4e32eb, org.springframework.test.context.support.DirtiesContextBeforeModesTestExecutionListener@28b52502, org.springframework.boot.test.mock.mockito.MockitoTestExecutionListener@67d7b9d9, org.springframework.boot.test.autoconfigure.SpringBootDependencyInjectionTestExecutionListener@7a179c88, org.springframework.test.context.support.DirtiesContextTestExecutionListener@2094204b, org.springframework.test.context.transaction.TransactionalTestExecutionListener@21888c6e, org.springframework.test.context.jdbc.SqlScriptsTestExecutionListener@7bcbf0f7, org.springframework.test.context.event.EventPublishingTestExecutionListener@3dfec0da, org.springframework.boot.test.autoconfigure.restdocs.RestDocsTestExecutionListener@3ce92956, org.springframework.boot.test.autoconfigure.web.client.MockRestServiceServerResetTestExecutionListener@59e72959, org.springframework.boot.test.autoconfigure.web.servlet.MockMvcPrintOnlyOnFailureTestExecutionListener@7d0f26da, org.springframework.boot.test.autoconfigure.web.servlet.WebDriverTestExecutionListener@363cd1b1, org.springframework.boot.test.mock.mockito.ResetMocksTestExecutionListener@436aedb9]
Before any test execution
Before any test execution
Before any test execution
Before any test execution
Hibernate: 
    select
        task0_.id as id1_1_,
        task0_.asigned_id as asigned_2_1_,
        task0_.creation_date as creation3_1_,
        task0_.description as descript4_1_,
        task0_.estimated_duration as estimate5_1_,
        task0_.finish_date as finish_d6_1_,
        task0_.name as name7_1_,
        task0_.priority as priority8_1_,
        task0_.project_id as project_9_1_,
        task0_.start_date as start_d10_1_,
        task0_.status as status11_1_ 
    from
        task task0_ 
    where
        task0_.name=?
Hibernate: 
    call next value for hibernate_sequence
Hibernate: 
    insert 
    into
        task
        (asigned_id, creation_date, description, estimated_duration, finish_date, name, priority, project_id, start_date, status, id) 
    values
        (?, ?, ?, ?, ?, ?, ?, ?, ?, ?, ?)
Hibernate: 
    select
        task0_.id as id1_1_,
        task0_.asigned_id as asigned_2_1_,
        task0_.creation_date as creation3_1_,
        task0_.description as descript4_1_,
        task0_.estimated_duration as estimate5_1_,
        task0_.finish_date as finish_d6_1_,
        task0_.name as name7_1_,
        task0_.priority as priority8_1_,
        task0_.project_id as project_9_1_,
        task0_.start_date as start_d10_1_,
        task0_.status as status11_1_ 
    from
        task task0_ 
    where
        task0_.name=?
Hibernate: 
    call next value for hibernate_sequence
Hibernate: 
    insert 
    into
        task
        (asigned_id, creation_date, description, estimated_duration, finish_date, name, priority, project_id, start_date, status, id) 
    values
        (?, ?, ?, ?, ?, ?, ?, ?, ?, ?, ?)
Hibernate: 
    select
        task0_.id as id1_1_,
        task0_.asigned_id as asigned_2_1_,
        task0_.creation_date as creation3_1_,
        task0_.description as descript4_1_,
        task0_.estimated_duration as estimate5_1_,
        task0_.finish_date as finish_d6_1_,
        task0_.name as name7_1_,
        task0_.priority as priority8_1_,
        task0_.project_id as project_9_1_,
        task0_.start_date as start_d10_1_,
        task0_.status as status11_1_ 
    from
        task task0_
Hibernate: 
    select
        task0_.id as id1_1_,
        task0_.asigned_id as asigned_2_1_,
        task0_.creation_date as creation3_1_,
        task0_.description as descript4_1_,
        task0_.estimated_duration as estimate5_1_,
        task0_.finish_date as finish_d6_1_,
        task0_.name as name7_1_,
        task0_.priority as priority8_1_,
        task0_.project_id as project_9_1_,
        task0_.start_date as start_d10_1_,
        task0_.status as status11_1_ 
    from
        task task0_ 
    where
        task0_.project_id=?
Resetting system
Hibernate: 
    select
        task0_.id as id1_1_,
        task0_.asigned_id as asigned_2_1_,
        task0_.creation_date as creation3_1_,
        task0_.description as descript4_1_,
        task0_.estimated_duration as estimate5_1_,
        task0_.finish_date as finish_d6_1_,
        task0_.name as name7_1_,
        task0_.priority as priority8_1_,
        task0_.project_id as project_9_1_,
        task0_.start_date as start_d10_1_,
        task0_.status as status11_1_ 
    from
        task task0_
Hibernate: 
    delete 
    from
        task 
    where
        id=?
Hibernate: 
    delete 
    from
        task 
    where
        id=?
Hibernate: 
    select
        project0_.id as id1_0_,
        project0_.creation_date as creation2_0_,
        project0_.description as descript3_0_,
        project0_.finish_date as finish_d4_0_,
        project0_.name as name5_0_,
        project0_.project_leader_id as project_6_0_,
        project0_.start_date as start_da7_0_,
        project0_.status as status8_0_ 
    from
        project project0_
After all test execution
Resetting system
Hibernate: 
    select
        project0_.id as id1_0_,
        project0_.creation_date as creation2_0_,
        project0_.description as descript3_0_,
        project0_.finish_date as finish_d4_0_,
        project0_.name as name5_0_,
        project0_.project_leader_id as project_6_0_,
        project0_.start_date as start_da7_0_,
        project0_.status as status8_0_ 
    from
        project project0_
Hibernate: 
    select
        task0_.id as id1_1_,
        task0_.asigned_id as asigned_2_1_,
        task0_.creation_date as creation3_1_,
        task0_.description as descript4_1_,
        task0_.estimated_duration as estimate5_1_,
        task0_.finish_date as finish_d6_1_,
        task0_.name as name7_1_,
        task0_.priority as priority8_1_,
        task0_.project_id as project_9_1_,
        task0_.start_date as start_d10_1_,
        task0_.status as status11_1_ 
    from
        task task0_
After all test execution
Resetting system
Hibernate: 
    select
        project0_.id as id1_0_,
        project0_.creation_date as creation2_0_,
        project0_.description as descript3_0_,
        project0_.finish_date as finish_d4_0_,
        project0_.name as name5_0_,
        project0_.project_leader_id as project_6_0_,
        project0_.start_date as start_da7_0_,
        project0_.status as status8_0_ 
    from
        project project0_
Hibernate: 
    select
        project0_.id as id1_0_,
        project0_.creation_date as creation2_0_,
        project0_.description as descript3_0_,
        project0_.finish_date as finish_d4_0_,
        project0_.name as name5_0_,
        project0_.project_leader_id as project_6_0_,
        project0_.start_date as start_da7_0_,
        project0_.status as status8_0_ 
    from
        project project0_
After all test execution
After all test execution
Hibernate: 
    select
        task0_.id as id1_1_,
        task0_.asigned_id as asigned_2_1_,
        task0_.creation_date as creation3_1_,
        task0_.description as descript4_1_,
        task0_.estimated_duration as estimate5_1_,
        task0_.finish_date as finish_d6_1_,
        task0_.name as name7_1_,
        task0_.priority as priority8_1_,
        task0_.project_id as project_9_1_,
        task0_.start_date as start_d10_1_,
        task0_.status as status11_1_ 
    from
        task task0_
Hibernate: 
    select
        task0_.id as id1_1_,
        task0_.asigned_id as asigned_2_1_,
        task0_.creation_date as creation3_1_,
        task0_.description as descript4_1_,
        task0_.estimated_duration as estimate5_1_,
        task0_.finish_date as finish_d6_1_,
        task0_.name as name7_1_,
        task0_.priority as priority8_1_,
        task0_.project_id as project_9_1_,
        task0_.start_date as start_d10_1_,
        task0_.status as status11_1_ 
    from
        task task0_
After all test execution
2023-12-03 22:00:00.968  INFO 25892 --- [    Test worker] o.s.t.c.support.AbstractContextLoader    : Could not detect default resource locations for test class [com.aninfo.integration.cucumber.TaskIntegrationServiceTest]: no resource found for suffixes {-context.xml, Context.groovy}.
2023-12-03 22:00:00.969  INFO 25892 --- [    Test worker] .b.t.c.SpringBootTestContextBootstrapper : Loaded default TestExecutionListener class names from location [META-INF/spring.factories]: [org.springframework.boot.test.autoconfigure.restdocs.RestDocsTestExecutionListener, org.springframework.boot.test.autoconfigure.web.client.MockRestServiceServerResetTestExecutionListener, org.springframework.boot.test.autoconfigure.web.servlet.MockMvcPrintOnlyOnFailureTestExecutionListener, org.springframework.boot.test.autoconfigure.web.servlet.WebDriverTestExecutionListener, org.springframework.boot.test.mock.mockito.MockitoTestExecutionListener, org.springframework.boot.test.mock.mockito.ResetMocksTestExecutionListener, org.springframework.test.context.web.ServletTestExecutionListener, org.springframework.test.context.support.DirtiesContextBeforeModesTestExecutionListener, org.springframework.test.context.support.DependencyInjectionTestExecutionListener, org.springframework.test.context.support.DirtiesContextTestExecutionListener, org.springframework.test.context.transaction.TransactionalTestExecutionListener, org.springframework.test.context.jdbc.SqlScriptsTestExecutionListener, org.springframework.test.context.event.EventPublishingTestExecutionListener]
2023-12-03 22:00:00.970  INFO 25892 --- [    Test worker] .b.t.c.SpringBootTestContextBootstrapper : Using TestExecutionListeners: [org.springframework.test.context.web.ServletTestExecutionListener@5023ca42, org.springframework.test.context.support.DirtiesContextBeforeModesTestExecutionListener@7f7dc1f9, org.springframework.boot.test.mock.mockito.MockitoTestExecutionListener@16ce2ca1, org.springframework.boot.test.autoconfigure.SpringBootDependencyInjectionTestExecutionListener@5a7ef119, org.springframework.test.context.support.DirtiesContextTestExecutionListener@14c141ce, org.springframework.test.context.transaction.TransactionalTestExecutionListener@5a238a6, org.springframework.test.context.jdbc.SqlScriptsTestExecutionListener@62eeb797, org.springframework.test.context.event.EventPublishingTestExecutionListener@4f3564ea, org.springframework.boot.test.autoconfigure.restdocs.RestDocsTestExecutionListener@51e483f3, org.springframework.boot.test.autoconfigure.web.client.MockRestServiceServerResetTestExecutionListener@4597f661, org.springframework.boot.test.autoconfigure.web.servlet.MockMvcPrintOnlyOnFailureTestExecutionListener@5252b34b, org.springframework.boot.test.autoconfigure.web.servlet.WebDriverTestExecutionListener@36249fdf, org.springframework.boot.test.mock.mockito.ResetMocksTestExecutionListener@432a79f3]
Before any test execution
Before any test execution
Before any test execution
Before any test execution
Hibernate: 
    select
        task0_.id as id1_1_,
        task0_.asigned_id as asigned_2_1_,
        task0_.creation_date as creation3_1_,
        task0_.description as descript4_1_,
        task0_.estimated_duration as estimate5_1_,
        task0_.finish_date as finish_d6_1_,
        task0_.name as name7_1_,
        task0_.priority as priority8_1_,
        task0_.project_id as project_9_1_,
        task0_.start_date as start_d10_1_,
        task0_.status as status11_1_ 
    from
        task task0_ 
    where
        task0_.name=?
Hibernate: 
    call next value for hibernate_sequence
Hibernate: 
    insert 
    into
        task
        (asigned_id, creation_date, description, estimated_duration, finish_date, name, priority, project_id, start_date, status, id) 
    values
        (?, ?, ?, ?, ?, ?, ?, ?, ?, ?, ?)
Hibernate: 
    select
        task0_.id as id1_1_,
        task0_.asigned_id as asigned_2_1_,
        task0_.creation_date as creation3_1_,
        task0_.description as descript4_1_,
        task0_.estimated_duration as estimate5_1_,
        task0_.finish_date as finish_d6_1_,
        task0_.name as name7_1_,
        task0_.priority as priority8_1_,
        task0_.project_id as project_9_1_,
        task0_.start_date as start_d10_1_,
        task0_.status as status11_1_ 
    from
        task task0_ 
    where
        task0_.name=?
Resetting system
Hibernate: 
    select
        task0_.id as id1_1_,
        task0_.asigned_id as asigned_2_1_,
        task0_.creation_date as creation3_1_,
        task0_.description as descript4_1_,
        task0_.estimated_duration as estimate5_1_,
        task0_.finish_date as finish_d6_1_,
        task0_.name as name7_1_,
        task0_.priority as priority8_1_,
        task0_.project_id as project_9_1_,
        task0_.start_date as start_d10_1_,
        task0_.status as status11_1_ 
    from
        task task0_
Hibernate: 
    delete 
    from
        task 
    where
        id=?
Hibernate: 
    select
        project0_.id as id1_0_,
        project0_.creation_date as creation2_0_,
        project0_.description as descript3_0_,
        project0_.finish_date as finish_d4_0_,
        project0_.name as name5_0_,
        project0_.project_leader_id as project_6_0_,
        project0_.start_date as start_da7_0_,
        project0_.status as status8_0_ 
    from
        project project0_
After all test execution
Resetting system
Hibernate: 
    select
        project0_.id as id1_0_,
        project0_.creation_date as creation2_0_,
        project0_.description as descript3_0_,
        project0_.finish_date as finish_d4_0_,
        project0_.name as name5_0_,
        project0_.project_leader_id as project_6_0_,
        project0_.start_date as start_da7_0_,
        project0_.status as status8_0_ 
    from
        project project0_
Hibernate: 
    select
        task0_.id as id1_1_,
        task0_.asigned_id as asigned_2_1_,
        task0_.creation_date as creation3_1_,
        task0_.description as descript4_1_,
        task0_.estimated_duration as estimate5_1_,
        task0_.finish_date as finish_d6_1_,
        task0_.name as name7_1_,
        task0_.priority as priority8_1_,
        task0_.project_id as project_9_1_,
        task0_.start_date as start_d10_1_,
        task0_.status as status11_1_ 
    from
        task task0_
After all test execution
Resetting system
Hibernate: 
    select
        project0_.id as id1_0_,
        project0_.creation_date as creation2_0_,
        project0_.description as descript3_0_,
        project0_.finish_date as finish_d4_0_,
        project0_.name as name5_0_,
        project0_.project_leader_id as project_6_0_,
        project0_.start_date as start_da7_0_,
        project0_.status as status8_0_ 
    from
        project project0_
Hibernate: 
    select
        project0_.id as id1_0_,
        project0_.creation_date as creation2_0_,
        project0_.description as descript3_0_,
        project0_.finish_date as finish_d4_0_,
        project0_.name as name5_0_,
        project0_.project_leader_id as project_6_0_,
        project0_.start_date as start_da7_0_,
        project0_.status as status8_0_ 
    from
        project project0_
After all test execution
After all test execution
Hibernate: 
    select
        task0_.id as id1_1_,
        task0_.asigned_id as asigned_2_1_,
        task0_.creation_date as creation3_1_,
        task0_.description as descript4_1_,
        task0_.estimated_duration as estimate5_1_,
        task0_.finish_date as finish_d6_1_,
        task0_.name as name7_1_,
        task0_.priority as priority8_1_,
        task0_.project_id as project_9_1_,
        task0_.start_date as start_d10_1_,
        task0_.status as status11_1_ 
    from
        task task0_
Hibernate: 
    select
        task0_.id as id1_1_,
        task0_.asigned_id as asigned_2_1_,
        task0_.creation_date as creation3_1_,
        task0_.description as descript4_1_,
        task0_.estimated_duration as estimate5_1_,
        task0_.finish_date as finish_d6_1_,
        task0_.name as name7_1_,
        task0_.priority as priority8_1_,
        task0_.project_id as project_9_1_,
        task0_.start_date as start_d10_1_,
        task0_.status as status11_1_ 
    from
        task task0_
After all test execution
2023-12-03 22:00:01.002  INFO 25892 --- [    Test worker] o.s.t.c.support.AbstractContextLoader    : Could not detect default resource locations for test class [com.aninfo.integration.cucumber.TaskIntegrationServiceTest]: no resource found for suffixes {-context.xml, Context.groovy}.
2023-12-03 22:00:01.004  INFO 25892 --- [    Test worker] .b.t.c.SpringBootTestContextBootstrapper : Loaded default TestExecutionListener class names from location [META-INF/spring.factories]: [org.springframework.boot.test.autoconfigure.restdocs.RestDocsTestExecutionListener, org.springframework.boot.test.autoconfigure.web.client.MockRestServiceServerResetTestExecutionListener, org.springframework.boot.test.autoconfigure.web.servlet.MockMvcPrintOnlyOnFailureTestExecutionListener, org.springframework.boot.test.autoconfigure.web.servlet.WebDriverTestExecutionListener, org.springframework.boot.test.mock.mockito.MockitoTestExecutionListener, org.springframework.boot.test.mock.mockito.ResetMocksTestExecutionListener, org.springframework.test.context.web.ServletTestExecutionListener, org.springframework.test.context.support.DirtiesContextBeforeModesTestExecutionListener, org.springframework.test.context.support.DependencyInjectionTestExecutionListener, org.springframework.test.context.support.DirtiesContextTestExecutionListener, org.springframework.test.context.transaction.TransactionalTestExecutionListener, org.springframework.test.context.jdbc.SqlScriptsTestExecutionListener, org.springframework.test.context.event.EventPublishingTestExecutionListener]
2023-12-03 22:00:01.004  INFO 25892 --- [    Test worker] .b.t.c.SpringBootTestContextBootstrapper : Using TestExecutionListeners: [org.springframework.test.context.web.ServletTestExecutionListener@42e6a6fd, org.springframework.test.context.support.DirtiesContextBeforeModesTestExecutionListener@23bdbb10, org.springframework.boot.test.mock.mockito.MockitoTestExecutionListener@6c76ea5a, org.springframework.boot.test.autoconfigure.SpringBootDependencyInjectionTestExecutionListener@2d88d453, org.springframework.test.context.support.DirtiesContextTestExecutionListener@5aae5e51, org.springframework.test.context.transaction.TransactionalTestExecutionListener@14050b2f, org.springframework.test.context.jdbc.SqlScriptsTestExecutionListener@4f7a07cf, org.springframework.test.context.event.EventPublishingTestExecutionListener@24bb783f, org.springframework.boot.test.autoconfigure.restdocs.RestDocsTestExecutionListener@ccff62f, org.springframework.boot.test.autoconfigure.web.client.MockRestServiceServerResetTestExecutionListener@302fd8ea, org.springframework.boot.test.autoconfigure.web.servlet.MockMvcPrintOnlyOnFailureTestExecutionListener@2f74f55f, org.springframework.boot.test.autoconfigure.web.servlet.WebDriverTestExecutionListener@50f11a0e, org.springframework.boot.test.mock.mockito.ResetMocksTestExecutionListener@23fce0b1]
Before any test execution
Before any test execution
Before any test execution
Before any test execution
Hibernate: 
    select
        task0_.id as id1_1_,
        task0_.asigned_id as asigned_2_1_,
        task0_.creation_date as creation3_1_,
        task0_.description as descript4_1_,
        task0_.estimated_duration as estimate5_1_,
        task0_.finish_date as finish_d6_1_,
        task0_.name as name7_1_,
        task0_.priority as priority8_1_,
        task0_.project_id as project_9_1_,
        task0_.start_date as start_d10_1_,
        task0_.status as status11_1_ 
    from
        task task0_ 
    where
        task0_.name=?
Hibernate: 
    call next value for hibernate_sequence
Hibernate: 
    insert 
    into
        task
        (asigned_id, creation_date, description, estimated_duration, finish_date, name, priority, project_id, start_date, status, id) 
    values
        (?, ?, ?, ?, ?, ?, ?, ?, ?, ?, ?)
Hibernate: 
    select
        task0_.id as id1_1_,
        task0_.asigned_id as asigned_2_1_,
        task0_.creation_date as creation3_1_,
        task0_.description as descript4_1_,
        task0_.estimated_duration as estimate5_1_,
        task0_.finish_date as finish_d6_1_,
        task0_.name as name7_1_,
        task0_.priority as priority8_1_,
        task0_.project_id as project_9_1_,
        task0_.start_date as start_d10_1_,
        task0_.status as status11_1_ 
    from
        task task0_ 
    where
        task0_.name=?
Resetting system
Hibernate: 
    select
        task0_.id as id1_1_,
        task0_.asigned_id as asigned_2_1_,
        task0_.creation_date as creation3_1_,
        task0_.description as descript4_1_,
        task0_.estimated_duration as estimate5_1_,
        task0_.finish_date as finish_d6_1_,
        task0_.name as name7_1_,
        task0_.priority as priority8_1_,
        task0_.project_id as project_9_1_,
        task0_.start_date as start_d10_1_,
        task0_.status as status11_1_ 
    from
        task task0_
Hibernate: 
    delete 
    from
        task 
    where
        id=?
Hibernate: 
    select
        project0_.id as id1_0_,
        project0_.creation_date as creation2_0_,
        project0_.description as descript3_0_,
        project0_.finish_date as finish_d4_0_,
        project0_.name as name5_0_,
        project0_.project_leader_id as project_6_0_,
        project0_.start_date as start_da7_0_,
        project0_.status as status8_0_ 
    from
        project project0_
After all test execution
Resetting system
Hibernate: 
    select
        project0_.id as id1_0_,
        project0_.creation_date as creation2_0_,
        project0_.description as descript3_0_,
        project0_.finish_date as finish_d4_0_,
        project0_.name as name5_0_,
        project0_.project_leader_id as project_6_0_,
        project0_.start_date as start_da7_0_,
        project0_.status as status8_0_ 
    from
        project project0_
Hibernate: 
    select
        task0_.id as id1_1_,
        task0_.asigned_id as asigned_2_1_,
        task0_.creation_date as creation3_1_,
        task0_.description as descript4_1_,
        task0_.estimated_duration as estimate5_1_,
        task0_.finish_date as finish_d6_1_,
        task0_.name as name7_1_,
        task0_.priority as priority8_1_,
        task0_.project_id as project_9_1_,
        task0_.start_date as start_d10_1_,
        task0_.status as status11_1_ 
    from
        task task0_
After all test execution
Resetting system
Hibernate: 
    select
        project0_.id as id1_0_,
        project0_.creation_date as creation2_0_,
        project0_.description as descript3_0_,
        project0_.finish_date as finish_d4_0_,
        project0_.name as name5_0_,
        project0_.project_leader_id as project_6_0_,
        project0_.start_date as start_da7_0_,
        project0_.status as status8_0_ 
    from
        project project0_
Hibernate: 
    select
        project0_.id as id1_0_,
        project0_.creation_date as creation2_0_,
        project0_.description as descript3_0_,
        project0_.finish_date as finish_d4_0_,
        project0_.name as name5_0_,
        project0_.project_leader_id as project_6_0_,
        project0_.start_date as start_da7_0_,
        project0_.status as status8_0_ 
    from
        project project0_
After all test execution
After all test execution
Hibernate: 
    select
        task0_.id as id1_1_,
        task0_.asigned_id as asigned_2_1_,
        task0_.creation_date as creation3_1_,
        task0_.description as descript4_1_,
        task0_.estimated_duration as estimate5_1_,
        task0_.finish_date as finish_d6_1_,
        task0_.name as name7_1_,
        task0_.priority as priority8_1_,
        task0_.project_id as project_9_1_,
        task0_.start_date as start_d10_1_,
        task0_.status as status11_1_ 
    from
        task task0_
Hibernate: 
    select
        task0_.id as id1_1_,
        task0_.asigned_id as asigned_2_1_,
        task0_.creation_date as creation3_1_,
        task0_.description as descript4_1_,
        task0_.estimated_duration as estimate5_1_,
        task0_.finish_date as finish_d6_1_,
        task0_.name as name7_1_,
        task0_.priority as priority8_1_,
        task0_.project_id as project_9_1_,
        task0_.start_date as start_d10_1_,
        task0_.status as status11_1_ 
    from
        task task0_
After all test execution
2023-12-03 22:00:01.034  INFO 25892 --- [    Test worker] o.s.t.c.support.AbstractContextLoader    : Could not detect default resource locations for test class [com.aninfo.integration.cucumber.TaskIntegrationServiceTest]: no resource found for suffixes {-context.xml, Context.groovy}.
2023-12-03 22:00:01.034  INFO 25892 --- [    Test worker] .b.t.c.SpringBootTestContextBootstrapper : Loaded default TestExecutionListener class names from location [META-INF/spring.factories]: [org.springframework.boot.test.autoconfigure.restdocs.RestDocsTestExecutionListener, org.springframework.boot.test.autoconfigure.web.client.MockRestServiceServerResetTestExecutionListener, org.springframework.boot.test.autoconfigure.web.servlet.MockMvcPrintOnlyOnFailureTestExecutionListener, org.springframework.boot.test.autoconfigure.web.servlet.WebDriverTestExecutionListener, org.springframework.boot.test.mock.mockito.MockitoTestExecutionListener, org.springframework.boot.test.mock.mockito.ResetMocksTestExecutionListener, org.springframework.test.context.web.ServletTestExecutionListener, org.springframework.test.context.support.DirtiesContextBeforeModesTestExecutionListener, org.springframework.test.context.support.DependencyInjectionTestExecutionListener, org.springframework.test.context.support.DirtiesContextTestExecutionListener, org.springframework.test.context.transaction.TransactionalTestExecutionListener, org.springframework.test.context.jdbc.SqlScriptsTestExecutionListener, org.springframework.test.context.event.EventPublishingTestExecutionListener]
2023-12-03 22:00:01.034  INFO 25892 --- [    Test worker] .b.t.c.SpringBootTestContextBootstrapper : Using TestExecutionListeners: [org.springframework.test.context.web.ServletTestExecutionListener@783be001, org.springframework.test.context.support.DirtiesContextBeforeModesTestExecutionListener@8c4bcd0, org.springframework.boot.test.mock.mockito.MockitoTestExecutionListener@5c1ed956, org.springframework.boot.test.autoconfigure.SpringBootDependencyInjectionTestExecutionListener@6fcdf7f7, org.springframework.test.context.support.DirtiesContextTestExecutionListener@48d129e7, org.springframework.test.context.transaction.TransactionalTestExecutionListener@65de3e11, org.springframework.test.context.jdbc.SqlScriptsTestExecutionListener@4fa08f95, org.springframework.test.context.event.EventPublishingTestExecutionListener@4fd2abd9, org.springframework.boot.test.autoconfigure.restdocs.RestDocsTestExecutionListener@e8d3dd5, org.springframework.boot.test.autoconfigure.web.client.MockRestServiceServerResetTestExecutionListener@1a37a4a3, org.springframework.boot.test.autoconfigure.web.servlet.MockMvcPrintOnlyOnFailureTestExecutionListener@51204c57, org.springframework.boot.test.autoconfigure.web.servlet.WebDriverTestExecutionListener@bf6a9c9, org.springframework.boot.test.mock.mockito.ResetMocksTestExecutionListener@6cf25ef7]
Before any test execution
Before any test execution
Before any test execution
Before any test execution
Hibernate: 
    select
        task0_.id as id1_1_,
        task0_.asigned_id as asigned_2_1_,
        task0_.creation_date as creation3_1_,
        task0_.description as descript4_1_,
        task0_.estimated_duration as estimate5_1_,
        task0_.finish_date as finish_d6_1_,
        task0_.name as name7_1_,
        task0_.priority as priority8_1_,
        task0_.project_id as project_9_1_,
        task0_.start_date as start_d10_1_,
        task0_.status as status11_1_ 
    from
        task task0_ 
    where
        task0_.name=?
Hibernate: 
    call next value for hibernate_sequence
Hibernate: 
    insert 
    into
        task
        (asigned_id, creation_date, description, estimated_duration, finish_date, name, priority, project_id, start_date, status, id) 
    values
        (?, ?, ?, ?, ?, ?, ?, ?, ?, ?, ?)
Resetting system
Hibernate: 
    select
        task0_.id as id1_1_,
        task0_.asigned_id as asigned_2_1_,
        task0_.creation_date as creation3_1_,
        task0_.description as descript4_1_,
        task0_.estimated_duration as estimate5_1_,
        task0_.finish_date as finish_d6_1_,
        task0_.name as name7_1_,
        task0_.priority as priority8_1_,
        task0_.project_id as project_9_1_,
        task0_.start_date as start_d10_1_,
        task0_.status as status11_1_ 
    from
        task task0_
Hibernate: 
    delete 
    from
        task 
    where
        id=?
Hibernate: 
    select
        project0_.id as id1_0_,
        project0_.creation_date as creation2_0_,
        project0_.description as descript3_0_,
        project0_.finish_date as finish_d4_0_,
        project0_.name as name5_0_,
        project0_.project_leader_id as project_6_0_,
        project0_.start_date as start_da7_0_,
        project0_.status as status8_0_ 
    from
        project project0_
After all test execution
Resetting system
Hibernate: 
    select
        project0_.id as id1_0_,
        project0_.creation_date as creation2_0_,
        project0_.description as descript3_0_,
        project0_.finish_date as finish_d4_0_,
        project0_.name as name5_0_,
        project0_.project_leader_id as project_6_0_,
        project0_.start_date as start_da7_0_,
        project0_.status as status8_0_ 
    from
        project project0_
Hibernate: 
    select
        task0_.id as id1_1_,
        task0_.asigned_id as asigned_2_1_,
        task0_.creation_date as creation3_1_,
        task0_.description as descript4_1_,
        task0_.estimated_duration as estimate5_1_,
        task0_.finish_date as finish_d6_1_,
        task0_.name as name7_1_,
        task0_.priority as priority8_1_,
        task0_.project_id as project_9_1_,
        task0_.start_date as start_d10_1_,
        task0_.status as status11_1_ 
    from
        task task0_
After all test execution
Resetting system
Hibernate: 
    select
        project0_.id as id1_0_,
        project0_.creation_date as creation2_0_,
        project0_.description as descript3_0_,
        project0_.finish_date as finish_d4_0_,
        project0_.name as name5_0_,
        project0_.project_leader_id as project_6_0_,
        project0_.start_date as start_da7_0_,
        project0_.status as status8_0_ 
    from
        project project0_
Hibernate: 
    select
        project0_.id as id1_0_,
        project0_.creation_date as creation2_0_,
        project0_.description as descript3_0_,
        project0_.finish_date as finish_d4_0_,
        project0_.name as name5_0_,
        project0_.project_leader_id as project_6_0_,
        project0_.start_date as start_da7_0_,
        project0_.status as status8_0_ 
    from
        project project0_
After all test execution
After all test execution
Hibernate: 
    select
        task0_.id as id1_1_,
        task0_.asigned_id as asigned_2_1_,
        task0_.creation_date as creation3_1_,
        task0_.description as descript4_1_,
        task0_.estimated_duration as estimate5_1_,
        task0_.finish_date as finish_d6_1_,
        task0_.name as name7_1_,
        task0_.priority as priority8_1_,
        task0_.project_id as project_9_1_,
        task0_.start_date as start_d10_1_,
        task0_.status as status11_1_ 
    from
        task task0_
Hibernate: 
    select
        task0_.id as id1_1_,
        task0_.asigned_id as asigned_2_1_,
        task0_.creation_date as creation3_1_,
        task0_.description as descript4_1_,
        task0_.estimated_duration as estimate5_1_,
        task0_.finish_date as finish_d6_1_,
        task0_.name as name7_1_,
        task0_.priority as priority8_1_,
        task0_.project_id as project_9_1_,
        task0_.start_date as start_d10_1_,
        task0_.status as status11_1_ 
    from
        task task0_
After all test execution
2023-12-03 22:00:01.050  INFO 25892 --- [    Test worker] o.s.t.c.support.AbstractContextLoader    : Could not detect default resource locations for test class [com.aninfo.integration.cucumber.TaskIntegrationServiceTest]: no resource found for suffixes {-context.xml, Context.groovy}.
2023-12-03 22:00:01.050  INFO 25892 --- [    Test worker] .b.t.c.SpringBootTestContextBootstrapper : Loaded default TestExecutionListener class names from location [META-INF/spring.factories]: [org.springframework.boot.test.autoconfigure.restdocs.RestDocsTestExecutionListener, org.springframework.boot.test.autoconfigure.web.client.MockRestServiceServerResetTestExecutionListener, org.springframework.boot.test.autoconfigure.web.servlet.MockMvcPrintOnlyOnFailureTestExecutionListener, org.springframework.boot.test.autoconfigure.web.servlet.WebDriverTestExecutionListener, org.springframework.boot.test.mock.mockito.MockitoTestExecutionListener, org.springframework.boot.test.mock.mockito.ResetMocksTestExecutionListener, org.springframework.test.context.web.ServletTestExecutionListener, org.springframework.test.context.support.DirtiesContextBeforeModesTestExecutionListener, org.springframework.test.context.support.DependencyInjectionTestExecutionListener, org.springframework.test.context.support.DirtiesContextTestExecutionListener, org.springframework.test.context.transaction.TransactionalTestExecutionListener, org.springframework.test.context.jdbc.SqlScriptsTestExecutionListener, org.springframework.test.context.event.EventPublishingTestExecutionListener]
2023-12-03 22:00:01.050  INFO 25892 --- [    Test worker] .b.t.c.SpringBootTestContextBootstrapper : Using TestExecutionListeners: [org.springframework.test.context.web.ServletTestExecutionListener@e2aefb3, org.springframework.test.context.support.DirtiesContextBeforeModesTestExecutionListener@3e585157, org.springframework.boot.test.mock.mockito.MockitoTestExecutionListener@3c6c6a20, org.springframework.boot.test.autoconfigure.SpringBootDependencyInjectionTestExecutionListener@6557b609, org.springframework.test.context.support.DirtiesContextTestExecutionListener@3c598a67, org.springframework.test.context.transaction.TransactionalTestExecutionListener@4077a652, org.springframework.test.context.jdbc.SqlScriptsTestExecutionListener@1f95f916, org.springframework.test.context.event.EventPublishingTestExecutionListener@472af313, org.springframework.boot.test.autoconfigure.restdocs.RestDocsTestExecutionListener@37505323, org.springframework.boot.test.autoconfigure.web.client.MockRestServiceServerResetTestExecutionListener@4ae836ad, org.springframework.boot.test.autoconfigure.web.servlet.MockMvcPrintOnlyOnFailureTestExecutionListener@7a852baf, org.springframework.boot.test.autoconfigure.web.servlet.WebDriverTestExecutionListener@6aa7fd87, org.springframework.boot.test.mock.mockito.ResetMocksTestExecutionListener@5f5b62bb]
Before any test execution
Before any test execution
Before any test execution
Before any test execution
Hibernate: 
    select
        task0_.id as id1_1_,
        task0_.asigned_id as asigned_2_1_,
        task0_.creation_date as creation3_1_,
        task0_.description as descript4_1_,
        task0_.estimated_duration as estimate5_1_,
        task0_.finish_date as finish_d6_1_,
        task0_.name as name7_1_,
        task0_.priority as priority8_1_,
        task0_.project_id as project_9_1_,
        task0_.start_date as start_d10_1_,
        task0_.status as status11_1_ 
    from
        task task0_ 
    where
        task0_.name=?
Hibernate: 
    call next value for hibernate_sequence
Hibernate: 
    insert 
    into
        task
        (asigned_id, creation_date, description, estimated_duration, finish_date, name, priority, project_id, start_date, status, id) 
    values
        (?, ?, ?, ?, ?, ?, ?, ?, ?, ?, ?)
Hibernate: 
    select
        task0_.id as id1_1_,
        task0_.asigned_id as asigned_2_1_,
        task0_.creation_date as creation3_1_,
        task0_.description as descript4_1_,
        task0_.estimated_duration as estimate5_1_,
        task0_.finish_date as finish_d6_1_,
        task0_.name as name7_1_,
        task0_.priority as priority8_1_,
        task0_.project_id as project_9_1_,
        task0_.start_date as start_d10_1_,
        task0_.status as status11_1_ 
    from
        task task0_ 
    where
        task0_.name=?
Resetting system
Hibernate: 
    select
        task0_.id as id1_1_,
        task0_.asigned_id as asigned_2_1_,
        task0_.creation_date as creation3_1_,
        task0_.description as descript4_1_,
        task0_.estimated_duration as estimate5_1_,
        task0_.finish_date as finish_d6_1_,
        task0_.name as name7_1_,
        task0_.priority as priority8_1_,
        task0_.project_id as project_9_1_,
        task0_.start_date as start_d10_1_,
        task0_.status as status11_1_ 
    from
        task task0_
Hibernate: 
    delete 
    from
        task 
    where
        id=?
Hibernate: 
    select
        project0_.id as id1_0_,
        project0_.creation_date as creation2_0_,
        project0_.description as descript3_0_,
        project0_.finish_date as finish_d4_0_,
        project0_.name as name5_0_,
        project0_.project_leader_id as project_6_0_,
        project0_.start_date as start_da7_0_,
        project0_.status as status8_0_ 
    from
        project project0_
After all test execution
Resetting system
Hibernate: 
    select
        project0_.id as id1_0_,
        project0_.creation_date as creation2_0_,
        project0_.description as descript3_0_,
        project0_.finish_date as finish_d4_0_,
        project0_.name as name5_0_,
        project0_.project_leader_id as project_6_0_,
        project0_.start_date as start_da7_0_,
        project0_.status as status8_0_ 
    from
        project project0_
Hibernate: 
    select
        task0_.id as id1_1_,
        task0_.asigned_id as asigned_2_1_,
        task0_.creation_date as creation3_1_,
        task0_.description as descript4_1_,
        task0_.estimated_duration as estimate5_1_,
        task0_.finish_date as finish_d6_1_,
        task0_.name as name7_1_,
        task0_.priority as priority8_1_,
        task0_.project_id as project_9_1_,
        task0_.start_date as start_d10_1_,
        task0_.status as status11_1_ 
    from
        task task0_
After all test execution
Resetting system
Hibernate: 
    select
        project0_.id as id1_0_,
        project0_.creation_date as creation2_0_,
        project0_.description as descript3_0_,
        project0_.finish_date as finish_d4_0_,
        project0_.name as name5_0_,
        project0_.project_leader_id as project_6_0_,
        project0_.start_date as start_da7_0_,
        project0_.status as status8_0_ 
    from
        project project0_
Hibernate: 
    select
        project0_.id as id1_0_,
        project0_.creation_date as creation2_0_,
        project0_.description as descript3_0_,
        project0_.finish_date as finish_d4_0_,
        project0_.name as name5_0_,
        project0_.project_leader_id as project_6_0_,
        project0_.start_date as start_da7_0_,
        project0_.status as status8_0_ 
    from
        project project0_
After all test execution
After all test execution
Hibernate: 
    select
        task0_.id as id1_1_,
        task0_.asigned_id as asigned_2_1_,
        task0_.creation_date as creation3_1_,
        task0_.description as descript4_1_,
        task0_.estimated_duration as estimate5_1_,
        task0_.finish_date as finish_d6_1_,
        task0_.name as name7_1_,
        task0_.priority as priority8_1_,
        task0_.project_id as project_9_1_,
        task0_.start_date as start_d10_1_,
        task0_.status as status11_1_ 
    from
        task task0_
Hibernate: 
    select
        task0_.id as id1_1_,
        task0_.asigned_id as asigned_2_1_,
        task0_.creation_date as creation3_1_,
        task0_.description as descript4_1_,
        task0_.estimated_duration as estimate5_1_,
        task0_.finish_date as finish_d6_1_,
        task0_.name as name7_1_,
        task0_.priority as priority8_1_,
        task0_.project_id as project_9_1_,
        task0_.start_date as start_d10_1_,
        task0_.status as status11_1_ 
    from
        task task0_
After all test execution
2023-12-03 22:00:01.094  INFO 25892 --- [    Test worker] o.s.t.c.support.AbstractContextLoader    : Could not detect default resource locations for test class [com.aninfo.integration.cucumber.TaskIntegrationServiceTest]: no resource found for suffixes {-context.xml, Context.groovy}.
2023-12-03 22:00:01.095  INFO 25892 --- [    Test worker] .b.t.c.SpringBootTestContextBootstrapper : Loaded default TestExecutionListener class names from location [META-INF/spring.factories]: [org.springframework.boot.test.autoconfigure.restdocs.RestDocsTestExecutionListener, org.springframework.boot.test.autoconfigure.web.client.MockRestServiceServerResetTestExecutionListener, org.springframework.boot.test.autoconfigure.web.servlet.MockMvcPrintOnlyOnFailureTestExecutionListener, org.springframework.boot.test.autoconfigure.web.servlet.WebDriverTestExecutionListener, org.springframework.boot.test.mock.mockito.MockitoTestExecutionListener, org.springframework.boot.test.mock.mockito.ResetMocksTestExecutionListener, org.springframework.test.context.web.ServletTestExecutionListener, org.springframework.test.context.support.DirtiesContextBeforeModesTestExecutionListener, org.springframework.test.context.support.DependencyInjectionTestExecutionListener, org.springframework.test.context.support.DirtiesContextTestExecutionListener, org.springframework.test.context.transaction.TransactionalTestExecutionListener, org.springframework.test.context.jdbc.SqlScriptsTestExecutionListener, org.springframework.test.context.event.EventPublishingTestExecutionListener]
2023-12-03 22:00:01.096  INFO 25892 --- [    Test worker] .b.t.c.SpringBootTestContextBootstrapper : Using TestExecutionListeners: [org.springframework.test.context.web.ServletTestExecutionListener@4f1ed3ba, org.springframework.test.context.support.DirtiesContextBeforeModesTestExecutionListener@c46888b, org.springframework.boot.test.mock.mockito.MockitoTestExecutionListener@6de868ab, org.springframework.boot.test.autoconfigure.SpringBootDependencyInjectionTestExecutionListener@4d6bcb3a, org.springframework.test.context.support.DirtiesContextTestExecutionListener@7451522e, org.springframework.test.context.transaction.TransactionalTestExecutionListener@4ceb8eff, org.springframework.test.context.jdbc.SqlScriptsTestExecutionListener@62e80af9, org.springframework.test.context.event.EventPublishingTestExecutionListener@71492f85, org.springframework.boot.test.autoconfigure.restdocs.RestDocsTestExecutionListener@f77d3a0, org.springframework.boot.test.autoconfigure.web.client.MockRestServiceServerResetTestExecutionListener@1f7b38c7, org.springframework.boot.test.autoconfigure.web.servlet.MockMvcPrintOnlyOnFailureTestExecutionListener@3de65613, org.springframework.boot.test.autoconfigure.web.servlet.WebDriverTestExecutionListener@56b732d, org.springframework.boot.test.mock.mockito.ResetMocksTestExecutionListener@34304af3]
Before any test execution
Before any test execution
Before any test execution
Before any test execution
Hibernate: 
    select
        task0_.id as id1_1_,
        task0_.asigned_id as asigned_2_1_,
        task0_.creation_date as creation3_1_,
        task0_.description as descript4_1_,
        task0_.estimated_duration as estimate5_1_,
        task0_.finish_date as finish_d6_1_,
        task0_.name as name7_1_,
        task0_.priority as priority8_1_,
        task0_.project_id as project_9_1_,
        task0_.start_date as start_d10_1_,
        task0_.status as status11_1_ 
    from
        task task0_ 
    where
        task0_.name=?
Hibernate: 
    call next value for hibernate_sequence
Hibernate: 
    insert 
    into
        task
        (asigned_id, creation_date, description, estimated_duration, finish_date, name, priority, project_id, start_date, status, id) 
    values
        (?, ?, ?, ?, ?, ?, ?, ?, ?, ?, ?)
Hibernate: 
    select
        task0_.id as id1_1_,
        task0_.asigned_id as asigned_2_1_,
        task0_.creation_date as creation3_1_,
        task0_.description as descript4_1_,
        task0_.estimated_duration as estimate5_1_,
        task0_.finish_date as finish_d6_1_,
        task0_.name as name7_1_,
        task0_.priority as priority8_1_,
        task0_.project_id as project_9_1_,
        task0_.start_date as start_d10_1_,
        task0_.status as status11_1_ 
    from
        task task0_ 
    where
        task0_.name=?
Hibernate: 
    call next value for hibernate_sequence
Hibernate: 
    insert 
    into
        task
        (asigned_id, creation_date, description, estimated_duration, finish_date, name, priority, project_id, start_date, status, id) 
    values
        (?, ?, ?, ?, ?, ?, ?, ?, ?, ?, ?)
Resetting system
Hibernate: 
    select
        task0_.id as id1_1_,
        task0_.asigned_id as asigned_2_1_,
        task0_.creation_date as creation3_1_,
        task0_.description as descript4_1_,
        task0_.estimated_duration as estimate5_1_,
        task0_.finish_date as finish_d6_1_,
        task0_.name as name7_1_,
        task0_.priority as priority8_1_,
        task0_.project_id as project_9_1_,
        task0_.start_date as start_d10_1_,
        task0_.status as status11_1_ 
    from
        task task0_
Hibernate: 
    delete 
    from
        task 
    where
        id=?
Hibernate: 
    delete 
    from
        task 
    where
        id=?
Hibernate: 
    select
        project0_.id as id1_0_,
        project0_.creation_date as creation2_0_,
        project0_.description as descript3_0_,
        project0_.finish_date as finish_d4_0_,
        project0_.name as name5_0_,
        project0_.project_leader_id as project_6_0_,
        project0_.start_date as start_da7_0_,
        project0_.status as status8_0_ 
    from
        project project0_
After all test execution
Resetting system
Hibernate: 
    select
        project0_.id as id1_0_,
        project0_.creation_date as creation2_0_,
        project0_.description as descript3_0_,
        project0_.finish_date as finish_d4_0_,
        project0_.name as name5_0_,
        project0_.project_leader_id as project_6_0_,
        project0_.start_date as start_da7_0_,
        project0_.status as status8_0_ 
    from
        project project0_
Hibernate: 
    select
        task0_.id as id1_1_,
        task0_.asigned_id as asigned_2_1_,
        task0_.creation_date as creation3_1_,
        task0_.description as descript4_1_,
        task0_.estimated_duration as estimate5_1_,
        task0_.finish_date as finish_d6_1_,
        task0_.name as name7_1_,
        task0_.priority as priority8_1_,
        task0_.project_id as project_9_1_,
        task0_.start_date as start_d10_1_,
        task0_.status as status11_1_ 
    from
        task task0_
After all test execution
Resetting system
Hibernate: 
    select
        project0_.id as id1_0_,
        project0_.creation_date as creation2_0_,
        project0_.description as descript3_0_,
        project0_.finish_date as finish_d4_0_,
        project0_.name as name5_0_,
        project0_.project_leader_id as project_6_0_,
        project0_.start_date as start_da7_0_,
        project0_.status as status8_0_ 
    from
        project project0_
Hibernate: 
    select
        project0_.id as id1_0_,
        project0_.creation_date as creation2_0_,
        project0_.description as descript3_0_,
        project0_.finish_date as finish_d4_0_,
        project0_.name as name5_0_,
        project0_.project_leader_id as project_6_0_,
        project0_.start_date as start_da7_0_,
        project0_.status as status8_0_ 
    from
        project project0_
After all test execution
After all test execution
Hibernate: 
    select
        task0_.id as id1_1_,
        task0_.asigned_id as asigned_2_1_,
        task0_.creation_date as creation3_1_,
        task0_.description as descript4_1_,
        task0_.estimated_duration as estimate5_1_,
        task0_.finish_date as finish_d6_1_,
        task0_.name as name7_1_,
        task0_.priority as priority8_1_,
        task0_.project_id as project_9_1_,
        task0_.start_date as start_d10_1_,
        task0_.status as status11_1_ 
    from
        task task0_
Hibernate: 
    select
        task0_.id as id1_1_,
        task0_.asigned_id as asigned_2_1_,
        task0_.creation_date as creation3_1_,
        task0_.description as descript4_1_,
        task0_.estimated_duration as estimate5_1_,
        task0_.finish_date as finish_d6_1_,
        task0_.name as name7_1_,
        task0_.priority as priority8_1_,
        task0_.project_id as project_9_1_,
        task0_.start_date as start_d10_1_,
        task0_.status as status11_1_ 
    from
        task task0_
After all test execution
2023-12-03 22:00:01.124  INFO 25892 --- [    Test worker] o.s.t.c.support.AbstractContextLoader    : Could not detect default resource locations for test class [com.aninfo.integration.cucumber.TaskIntegrationServiceTest]: no resource found for suffixes {-context.xml, Context.groovy}.
2023-12-03 22:00:01.124  INFO 25892 --- [    Test worker] .b.t.c.SpringBootTestContextBootstrapper : Loaded default TestExecutionListener class names from location [META-INF/spring.factories]: [org.springframework.boot.test.autoconfigure.restdocs.RestDocsTestExecutionListener, org.springframework.boot.test.autoconfigure.web.client.MockRestServiceServerResetTestExecutionListener, org.springframework.boot.test.autoconfigure.web.servlet.MockMvcPrintOnlyOnFailureTestExecutionListener, org.springframework.boot.test.autoconfigure.web.servlet.WebDriverTestExecutionListener, org.springframework.boot.test.mock.mockito.MockitoTestExecutionListener, org.springframework.boot.test.mock.mockito.ResetMocksTestExecutionListener, org.springframework.test.context.web.ServletTestExecutionListener, org.springframework.test.context.support.DirtiesContextBeforeModesTestExecutionListener, org.springframework.test.context.support.DependencyInjectionTestExecutionListener, org.springframework.test.context.support.DirtiesContextTestExecutionListener, org.springframework.test.context.transaction.TransactionalTestExecutionListener, org.springframework.test.context.jdbc.SqlScriptsTestExecutionListener, org.springframework.test.context.event.EventPublishingTestExecutionListener]
2023-12-03 22:00:01.124  INFO 25892 --- [    Test worker] .b.t.c.SpringBootTestContextBootstrapper : Using TestExecutionListeners: [org.springframework.test.context.web.ServletTestExecutionListener@10241950, org.springframework.test.context.support.DirtiesContextBeforeModesTestExecutionListener@63689888, org.springframework.boot.test.mock.mockito.MockitoTestExecutionListener@321a4cbc, org.springframework.boot.test.autoconfigure.SpringBootDependencyInjectionTestExecutionListener@2f3addf5, org.springframework.test.context.support.DirtiesContextTestExecutionListener@1fe4afdb, org.springframework.test.context.transaction.TransactionalTestExecutionListener@386fd877, org.springframework.test.context.jdbc.SqlScriptsTestExecutionListener@58f00c6a, org.springframework.test.context.event.EventPublishingTestExecutionListener@21dcb7f4, org.springframework.boot.test.autoconfigure.restdocs.RestDocsTestExecutionListener@1b7c5e63, org.springframework.boot.test.autoconfigure.web.client.MockRestServiceServerResetTestExecutionListener@5d96911b, org.springframework.boot.test.autoconfigure.web.servlet.MockMvcPrintOnlyOnFailureTestExecutionListener@55d559f, org.springframework.boot.test.autoconfigure.web.servlet.WebDriverTestExecutionListener@41fa21d7, org.springframework.boot.test.mock.mockito.ResetMocksTestExecutionListener@388cf0cd]
Before any test execution
Before any test execution
Before any test execution
Before any test execution
Hibernate: 
    select
        task0_.id as id1_1_,
        task0_.asigned_id as asigned_2_1_,
        task0_.creation_date as creation3_1_,
        task0_.description as descript4_1_,
        task0_.estimated_duration as estimate5_1_,
        task0_.finish_date as finish_d6_1_,
        task0_.name as name7_1_,
        task0_.priority as priority8_1_,
        task0_.project_id as project_9_1_,
        task0_.start_date as start_d10_1_,
        task0_.status as status11_1_ 
    from
        task task0_ 
    where
        task0_.name=?
Hibernate: 
    call next value for hibernate_sequence
Hibernate: 
    insert 
    into
        task
        (asigned_id, creation_date, description, estimated_duration, finish_date, name, priority, project_id, start_date, status, id) 
    values
        (?, ?, ?, ?, ?, ?, ?, ?, ?, ?, ?)
Hibernate: 
    select
        task0_.id as id1_1_,
        task0_.asigned_id as asigned_2_1_,
        task0_.creation_date as creation3_1_,
        task0_.description as descript4_1_,
        task0_.estimated_duration as estimate5_1_,
        task0_.finish_date as finish_d6_1_,
        task0_.name as name7_1_,
        task0_.priority as priority8_1_,
        task0_.project_id as project_9_1_,
        task0_.start_date as start_d10_1_,
        task0_.status as status11_1_ 
    from
        task task0_ 
    where
        task0_.name=?
Hibernate: 
    select
        task0_.id as id1_1_0_,
        task0_.asigned_id as asigned_2_1_0_,
        task0_.creation_date as creation3_1_0_,
        task0_.description as descript4_1_0_,
        task0_.estimated_duration as estimate5_1_0_,
        task0_.finish_date as finish_d6_1_0_,
        task0_.name as name7_1_0_,
        task0_.priority as priority8_1_0_,
        task0_.project_id as project_9_1_0_,
        task0_.start_date as start_d10_1_0_,
        task0_.status as status11_1_0_ 
    from
        task task0_ 
    where
        task0_.id=?
Hibernate: 
    delete 
    from
        task 
    where
        id=?
Hibernate: 
    select
        task0_.id as id1_1_,
        task0_.asigned_id as asigned_2_1_,
        task0_.creation_date as creation3_1_,
        task0_.description as descript4_1_,
        task0_.estimated_duration as estimate5_1_,
        task0_.finish_date as finish_d6_1_,
        task0_.name as name7_1_,
        task0_.priority as priority8_1_,
        task0_.project_id as project_9_1_,
        task0_.start_date as start_d10_1_,
        task0_.status as status11_1_ 
    from
        task task0_ 
    where
        task0_.name=?
Resetting system
Hibernate: 
    select
        task0_.id as id1_1_,
        task0_.asigned_id as asigned_2_1_,
        task0_.creation_date as creation3_1_,
        task0_.description as descript4_1_,
        task0_.estimated_duration as estimate5_1_,
        task0_.finish_date as finish_d6_1_,
        task0_.name as name7_1_,
        task0_.priority as priority8_1_,
        task0_.project_id as project_9_1_,
        task0_.start_date as start_d10_1_,
        task0_.status as status11_1_ 
    from
        task task0_
Hibernate: 
    select
        project0_.id as id1_0_,
        project0_.creation_date as creation2_0_,
        project0_.description as descript3_0_,
        project0_.finish_date as finish_d4_0_,
        project0_.name as name5_0_,
        project0_.project_leader_id as project_6_0_,
        project0_.start_date as start_da7_0_,
        project0_.status as status8_0_ 
    from
        project project0_
After all test execution
Resetting system
Hibernate: 
    select
        project0_.id as id1_0_,
        project0_.creation_date as creation2_0_,
        project0_.description as descript3_0_,
        project0_.finish_date as finish_d4_0_,
        project0_.name as name5_0_,
        project0_.project_leader_id as project_6_0_,
        project0_.start_date as start_da7_0_,
        project0_.status as status8_0_ 
    from
        project project0_
Hibernate: 
    select
        task0_.id as id1_1_,
        task0_.asigned_id as asigned_2_1_,
        task0_.creation_date as creation3_1_,
        task0_.description as descript4_1_,
        task0_.estimated_duration as estimate5_1_,
        task0_.finish_date as finish_d6_1_,
        task0_.name as name7_1_,
        task0_.priority as priority8_1_,
        task0_.project_id as project_9_1_,
        task0_.start_date as start_d10_1_,
        task0_.status as status11_1_ 
    from
        task task0_
After all test execution
Resetting system
Hibernate: 
    select
        project0_.id as id1_0_,
        project0_.creation_date as creation2_0_,
        project0_.description as descript3_0_,
        project0_.finish_date as finish_d4_0_,
        project0_.name as name5_0_,
        project0_.project_leader_id as project_6_0_,
        project0_.start_date as start_da7_0_,
        project0_.status as status8_0_ 
    from
        project project0_
Hibernate: 
    select
        project0_.id as id1_0_,
        project0_.creation_date as creation2_0_,
        project0_.description as descript3_0_,
        project0_.finish_date as finish_d4_0_,
        project0_.name as name5_0_,
        project0_.project_leader_id as project_6_0_,
        project0_.start_date as start_da7_0_,
        project0_.status as status8_0_ 
    from
        project project0_
After all test execution
After all test execution
Hibernate: 
    select
        task0_.id as id1_1_,
        task0_.asigned_id as asigned_2_1_,
        task0_.creation_date as creation3_1_,
        task0_.description as descript4_1_,
        task0_.estimated_duration as estimate5_1_,
        task0_.finish_date as finish_d6_1_,
        task0_.name as name7_1_,
        task0_.priority as priority8_1_,
        task0_.project_id as project_9_1_,
        task0_.start_date as start_d10_1_,
        task0_.status as status11_1_ 
    from
        task task0_
Hibernate: 
    select
        task0_.id as id1_1_,
        task0_.asigned_id as asigned_2_1_,
        task0_.creation_date as creation3_1_,
        task0_.description as descript4_1_,
        task0_.estimated_duration as estimate5_1_,
        task0_.finish_date as finish_d6_1_,
        task0_.name as name7_1_,
        task0_.priority as priority8_1_,
        task0_.project_id as project_9_1_,
        task0_.start_date as start_d10_1_,
        task0_.status as status11_1_ 
    from
        task task0_
After all test execution
2023-12-03 22:00:01.152  INFO 25892 --- [    Test worker] o.s.t.c.support.AbstractContextLoader    : Could not detect default resource locations for test class [com.aninfo.integration.cucumber.TaskIntegrationServiceTest]: no resource found for suffixes {-context.xml, Context.groovy}.
2023-12-03 22:00:01.152  INFO 25892 --- [    Test worker] .b.t.c.SpringBootTestContextBootstrapper : Loaded default TestExecutionListener class names from location [META-INF/spring.factories]: [org.springframework.boot.test.autoconfigure.restdocs.RestDocsTestExecutionListener, org.springframework.boot.test.autoconfigure.web.client.MockRestServiceServerResetTestExecutionListener, org.springframework.boot.test.autoconfigure.web.servlet.MockMvcPrintOnlyOnFailureTestExecutionListener, org.springframework.boot.test.autoconfigure.web.servlet.WebDriverTestExecutionListener, org.springframework.boot.test.mock.mockito.MockitoTestExecutionListener, org.springframework.boot.test.mock.mockito.ResetMocksTestExecutionListener, org.springframework.test.context.web.ServletTestExecutionListener, org.springframework.test.context.support.DirtiesContextBeforeModesTestExecutionListener, org.springframework.test.context.support.DependencyInjectionTestExecutionListener, org.springframework.test.context.support.DirtiesContextTestExecutionListener, org.springframework.test.context.transaction.TransactionalTestExecutionListener, org.springframework.test.context.jdbc.SqlScriptsTestExecutionListener, org.springframework.test.context.event.EventPublishingTestExecutionListener]
2023-12-03 22:00:01.152  INFO 25892 --- [    Test worker] .b.t.c.SpringBootTestContextBootstrapper : Using TestExecutionListeners: [org.springframework.test.context.web.ServletTestExecutionListener@281779b9, org.springframework.test.context.support.DirtiesContextBeforeModesTestExecutionListener@f65f86b, org.springframework.boot.test.mock.mockito.MockitoTestExecutionListener@73bed2f5, org.springframework.boot.test.autoconfigure.SpringBootDependencyInjectionTestExecutionListener@6ad5b018, org.springframework.test.context.support.DirtiesContextTestExecutionListener@791cd64a, org.springframework.test.context.transaction.TransactionalTestExecutionListener@599adfa2, org.springframework.test.context.jdbc.SqlScriptsTestExecutionListener@5c36871e, org.springframework.test.context.event.EventPublishingTestExecutionListener@1ba4b9f0, org.springframework.boot.test.autoconfigure.restdocs.RestDocsTestExecutionListener@4959248, org.springframework.boot.test.autoconfigure.web.client.MockRestServiceServerResetTestExecutionListener@b7d2ab7, org.springframework.boot.test.autoconfigure.web.servlet.MockMvcPrintOnlyOnFailureTestExecutionListener@631b52b1, org.springframework.boot.test.autoconfigure.web.servlet.WebDriverTestExecutionListener@5d4e0c1b, org.springframework.boot.test.mock.mockito.ResetMocksTestExecutionListener@7561d228]
Before any test execution
Before any test execution
Before any test execution
Before any test execution
Hibernate: 
    select
        task0_.id as id1_1_,
        task0_.asigned_id as asigned_2_1_,
        task0_.creation_date as creation3_1_,
        task0_.description as descript4_1_,
        task0_.estimated_duration as estimate5_1_,
        task0_.finish_date as finish_d6_1_,
        task0_.name as name7_1_,
        task0_.priority as priority8_1_,
        task0_.project_id as project_9_1_,
        task0_.start_date as start_d10_1_,
        task0_.status as status11_1_ 
    from
        task task0_ 
    where
        task0_.name=?
Hibernate: 
    call next value for hibernate_sequence
Hibernate: 
    insert 
    into
        task
        (asigned_id, creation_date, description, estimated_duration, finish_date, name, priority, project_id, start_date, status, id) 
    values
        (?, ?, ?, ?, ?, ?, ?, ?, ?, ?, ?)
Hibernate: 
    select
        task0_.id as id1_1_,
        task0_.asigned_id as asigned_2_1_,
        task0_.creation_date as creation3_1_,
        task0_.description as descript4_1_,
        task0_.estimated_duration as estimate5_1_,
        task0_.finish_date as finish_d6_1_,
        task0_.name as name7_1_,
        task0_.priority as priority8_1_,
        task0_.project_id as project_9_1_,
        task0_.start_date as start_d10_1_,
        task0_.status as status11_1_ 
    from
        task task0_ 
    where
        task0_.name=?
Hibernate: 
    call next value for hibernate_sequence
Hibernate: 
    insert 
    into
        task
        (asigned_id, creation_date, description, estimated_duration, finish_date, name, priority, project_id, start_date, status, id) 
    values
        (?, ?, ?, ?, ?, ?, ?, ?, ?, ?, ?)
Hibernate: 
    select
        task0_.id as id1_1_,
        task0_.asigned_id as asigned_2_1_,
        task0_.creation_date as creation3_1_,
        task0_.description as descript4_1_,
        task0_.estimated_duration as estimate5_1_,
        task0_.finish_date as finish_d6_1_,
        task0_.name as name7_1_,
        task0_.priority as priority8_1_,
        task0_.project_id as project_9_1_,
        task0_.start_date as start_d10_1_,
        task0_.status as status11_1_ 
    from
        task task0_ 
    where
        task0_.name=?
Hibernate: 
    select
        task0_.id as id1_1_0_,
        task0_.asigned_id as asigned_2_1_0_,
        task0_.creation_date as creation3_1_0_,
        task0_.description as descript4_1_0_,
        task0_.estimated_duration as estimate5_1_0_,
        task0_.finish_date as finish_d6_1_0_,
        task0_.name as name7_1_0_,
        task0_.priority as priority8_1_0_,
        task0_.project_id as project_9_1_0_,
        task0_.start_date as start_d10_1_0_,
        task0_.status as status11_1_0_ 
    from
        task task0_ 
    where
        task0_.id=?
Hibernate: 
    delete 
    from
        task 
    where
        id=?
Hibernate: 
    select
        task0_.id as id1_1_,
        task0_.asigned_id as asigned_2_1_,
        task0_.creation_date as creation3_1_,
        task0_.description as descript4_1_,
        task0_.estimated_duration as estimate5_1_,
        task0_.finish_date as finish_d6_1_,
        task0_.name as name7_1_,
        task0_.priority as priority8_1_,
        task0_.project_id as project_9_1_,
        task0_.start_date as start_d10_1_,
        task0_.status as status11_1_ 
    from
        task task0_ 
    where
        task0_.name=?
Hibernate: 
    select
        task0_.id as id1_1_,
        task0_.asigned_id as asigned_2_1_,
        task0_.creation_date as creation3_1_,
        task0_.description as descript4_1_,
        task0_.estimated_duration as estimate5_1_,
        task0_.finish_date as finish_d6_1_,
        task0_.name as name7_1_,
        task0_.priority as priority8_1_,
        task0_.project_id as project_9_1_,
        task0_.start_date as start_d10_1_,
        task0_.status as status11_1_ 
    from
        task task0_ 
    where
        task0_.name=?
Resetting system
Hibernate: 
    select
        task0_.id as id1_1_,
        task0_.asigned_id as asigned_2_1_,
        task0_.creation_date as creation3_1_,
        task0_.description as descript4_1_,
        task0_.estimated_duration as estimate5_1_,
        task0_.finish_date as finish_d6_1_,
        task0_.name as name7_1_,
        task0_.priority as priority8_1_,
        task0_.project_id as project_9_1_,
        task0_.start_date as start_d10_1_,
        task0_.status as status11_1_ 
    from
        task task0_
Hibernate: 
    delete 
    from
        task 
    where
        id=?
Hibernate: 
    select
        project0_.id as id1_0_,
        project0_.creation_date as creation2_0_,
        project0_.description as descript3_0_,
        project0_.finish_date as finish_d4_0_,
        project0_.name as name5_0_,
        project0_.project_leader_id as project_6_0_,
        project0_.start_date as start_da7_0_,
        project0_.status as status8_0_ 
    from
        project project0_
After all test execution
Resetting system
Hibernate: 
    select
        project0_.id as id1_0_,
        project0_.creation_date as creation2_0_,
        project0_.description as descript3_0_,
        project0_.finish_date as finish_d4_0_,
        project0_.name as name5_0_,
        project0_.project_leader_id as project_6_0_,
        project0_.start_date as start_da7_0_,
        project0_.status as status8_0_ 
    from
        project project0_
Hibernate: 
    select
        task0_.id as id1_1_,
        task0_.asigned_id as asigned_2_1_,
        task0_.creation_date as creation3_1_,
        task0_.description as descript4_1_,
        task0_.estimated_duration as estimate5_1_,
        task0_.finish_date as finish_d6_1_,
        task0_.name as name7_1_,
        task0_.priority as priority8_1_,
        task0_.project_id as project_9_1_,
        task0_.start_date as start_d10_1_,
        task0_.status as status11_1_ 
    from
        task task0_
After all test execution
Resetting system
Hibernate: 
    select
        project0_.id as id1_0_,
        project0_.creation_date as creation2_0_,
        project0_.description as descript3_0_,
        project0_.finish_date as finish_d4_0_,
        project0_.name as name5_0_,
        project0_.project_leader_id as project_6_0_,
        project0_.start_date as start_da7_0_,
        project0_.status as status8_0_ 
    from
        project project0_
Hibernate: 
    select
        project0_.id as id1_0_,
        project0_.creation_date as creation2_0_,
        project0_.description as descript3_0_,
        project0_.finish_date as finish_d4_0_,
        project0_.name as name5_0_,
        project0_.project_leader_id as project_6_0_,
        project0_.start_date as start_da7_0_,
        project0_.status as status8_0_ 
    from
        project project0_
After all test execution
After all test execution
Hibernate: 
    select
        task0_.id as id1_1_,
        task0_.asigned_id as asigned_2_1_,
        task0_.creation_date as creation3_1_,
        task0_.description as descript4_1_,
        task0_.estimated_duration as estimate5_1_,
        task0_.finish_date as finish_d6_1_,
        task0_.name as name7_1_,
        task0_.priority as priority8_1_,
        task0_.project_id as project_9_1_,
        task0_.start_date as start_d10_1_,
        task0_.status as status11_1_ 
    from
        task task0_
Hibernate: 
    select
        task0_.id as id1_1_,
        task0_.asigned_id as asigned_2_1_,
        task0_.creation_date as creation3_1_,
        task0_.description as descript4_1_,
        task0_.estimated_duration as estimate5_1_,
        task0_.finish_date as finish_d6_1_,
        task0_.name as name7_1_,
        task0_.priority as priority8_1_,
        task0_.project_id as project_9_1_,
        task0_.start_date as start_d10_1_,
        task0_.status as status11_1_ 
    from
        task task0_
After all test execution
2023-12-03 22:00:01.199  INFO 25892 --- [    Test worker] o.s.t.c.support.AbstractContextLoader    : Could not detect default resource locations for test class [com.aninfo.integration.cucumber.TaskIntegrationServiceTest]: no resource found for suffixes {-context.xml, Context.groovy}.
2023-12-03 22:00:01.199  INFO 25892 --- [    Test worker] .b.t.c.SpringBootTestContextBootstrapper : Loaded default TestExecutionListener class names from location [META-INF/spring.factories]: [org.springframework.boot.test.autoconfigure.restdocs.RestDocsTestExecutionListener, org.springframework.boot.test.autoconfigure.web.client.MockRestServiceServerResetTestExecutionListener, org.springframework.boot.test.autoconfigure.web.servlet.MockMvcPrintOnlyOnFailureTestExecutionListener, org.springframework.boot.test.autoconfigure.web.servlet.WebDriverTestExecutionListener, org.springframework.boot.test.mock.mockito.MockitoTestExecutionListener, org.springframework.boot.test.mock.mockito.ResetMocksTestExecutionListener, org.springframework.test.context.web.ServletTestExecutionListener, org.springframework.test.context.support.DirtiesContextBeforeModesTestExecutionListener, org.springframework.test.context.support.DependencyInjectionTestExecutionListener, org.springframework.test.context.support.DirtiesContextTestExecutionListener, org.springframework.test.context.transaction.TransactionalTestExecutionListener, org.springframework.test.context.jdbc.SqlScriptsTestExecutionListener, org.springframework.test.context.event.EventPublishingTestExecutionListener]
2023-12-03 22:00:01.199  INFO 25892 --- [    Test worker] .b.t.c.SpringBootTestContextBootstrapper : Using TestExecutionListeners: [org.springframework.test.context.web.ServletTestExecutionListener@13db048c, org.springframework.test.context.support.DirtiesContextBeforeModesTestExecutionListener@72587797, org.springframework.boot.test.mock.mockito.MockitoTestExecutionListener@16db40fe, org.springframework.boot.test.autoconfigure.SpringBootDependencyInjectionTestExecutionListener@6efc6b85, org.springframework.test.context.support.DirtiesContextTestExecutionListener@25c8fdb2, org.springframework.test.context.transaction.TransactionalTestExecutionListener@149dc253, org.springframework.test.context.jdbc.SqlScriptsTestExecutionListener@580dac8e, org.springframework.test.context.event.EventPublishingTestExecutionListener@55204449, org.springframework.boot.test.autoconfigure.restdocs.RestDocsTestExecutionListener@37e71632, org.springframework.boot.test.autoconfigure.web.client.MockRestServiceServerResetTestExecutionListener@4d92c5c7, org.springframework.boot.test.autoconfigure.web.servlet.MockMvcPrintOnlyOnFailureTestExecutionListener@78ce6927, org.springframework.boot.test.autoconfigure.web.servlet.WebDriverTestExecutionListener@2f1b787b, org.springframework.boot.test.mock.mockito.ResetMocksTestExecutionListener@2042ad2c]
Before any test execution
Before any test execution
Before any test execution
Before any test execution
Hibernate: 
    select
        task0_.id as id1_1_,
        task0_.asigned_id as asigned_2_1_,
        task0_.creation_date as creation3_1_,
        task0_.description as descript4_1_,
        task0_.estimated_duration as estimate5_1_,
        task0_.finish_date as finish_d6_1_,
        task0_.name as name7_1_,
        task0_.priority as priority8_1_,
        task0_.project_id as project_9_1_,
        task0_.start_date as start_d10_1_,
        task0_.status as status11_1_ 
    from
        task task0_ 
    where
        task0_.name=?
Hibernate: 
    call next value for hibernate_sequence
Hibernate: 
    insert 
    into
        task
        (asigned_id, creation_date, description, estimated_duration, finish_date, name, priority, project_id, start_date, status, id) 
    values
        (?, ?, ?, ?, ?, ?, ?, ?, ?, ?, ?)
Hibernate: 
    select
        task0_.id as id1_1_,
        task0_.asigned_id as asigned_2_1_,
        task0_.creation_date as creation3_1_,
        task0_.description as descript4_1_,
        task0_.estimated_duration as estimate5_1_,
        task0_.finish_date as finish_d6_1_,
        task0_.name as name7_1_,
        task0_.priority as priority8_1_,
        task0_.project_id as project_9_1_,
        task0_.start_date as start_d10_1_,
        task0_.status as status11_1_ 
    from
        task task0_ 
    where
        task0_.name=?
Hibernate: 
    call next value for hibernate_sequence
Hibernate: 
    insert 
    into
        task
        (asigned_id, creation_date, description, estimated_duration, finish_date, name, priority, project_id, start_date, status, id) 
    values
        (?, ?, ?, ?, ?, ?, ?, ?, ?, ?, ?)
Hibernate: 
    select
        task0_.id as id1_1_,
        task0_.asigned_id as asigned_2_1_,
        task0_.creation_date as creation3_1_,
        task0_.description as descript4_1_,
        task0_.estimated_duration as estimate5_1_,
        task0_.finish_date as finish_d6_1_,
        task0_.name as name7_1_,
        task0_.priority as priority8_1_,
        task0_.project_id as project_9_1_,
        task0_.start_date as start_d10_1_,
        task0_.status as status11_1_ 
    from
        task task0_ 
    where
        task0_.name=?
Hibernate: 
    select
        task0_.id as id1_1_0_,
        task0_.asigned_id as asigned_2_1_0_,
        task0_.creation_date as creation3_1_0_,
        task0_.description as descript4_1_0_,
        task0_.estimated_duration as estimate5_1_0_,
        task0_.finish_date as finish_d6_1_0_,
        task0_.name as name7_1_0_,
        task0_.priority as priority8_1_0_,
        task0_.project_id as project_9_1_0_,
        task0_.start_date as start_d10_1_0_,
        task0_.status as status11_1_0_ 
    from
        task task0_ 
    where
        task0_.id=?
Hibernate: 
    select
        task0_.id as id1_1_,
        task0_.asigned_id as asigned_2_1_,
        task0_.creation_date as creation3_1_,
        task0_.description as descript4_1_,
        task0_.estimated_duration as estimate5_1_,
        task0_.finish_date as finish_d6_1_,
        task0_.name as name7_1_,
        task0_.priority as priority8_1_,
        task0_.project_id as project_9_1_,
        task0_.start_date as start_d10_1_,
        task0_.status as status11_1_ 
    from
        task task0_ 
    where
        task0_.name=?
Hibernate: 
    select
        task0_.id as id1_1_0_,
        task0_.asigned_id as asigned_2_1_0_,
        task0_.creation_date as creation3_1_0_,
        task0_.description as descript4_1_0_,
        task0_.estimated_duration as estimate5_1_0_,
        task0_.finish_date as finish_d6_1_0_,
        task0_.name as name7_1_0_,
        task0_.priority as priority8_1_0_,
        task0_.project_id as project_9_1_0_,
        task0_.start_date as start_d10_1_0_,
        task0_.status as status11_1_0_ 
    from
        task task0_ 
    where
        task0_.id=?
Hibernate: 
    update
        task 
    set
        asigned_id=?,
        creation_date=?,
        description=?,
        estimated_duration=?,
        finish_date=?,
        name=?,
        priority=?,
        project_id=?,
        start_date=?,
        status=? 
    where
        id=?
Hibernate: 
    select
        task0_.id as id1_1_,
        task0_.asigned_id as asigned_2_1_,
        task0_.creation_date as creation3_1_,
        task0_.description as descript4_1_,
        task0_.estimated_duration as estimate5_1_,
        task0_.finish_date as finish_d6_1_,
        task0_.name as name7_1_,
        task0_.priority as priority8_1_,
        task0_.project_id as project_9_1_,
        task0_.start_date as start_d10_1_,
        task0_.status as status11_1_ 
    from
        task task0_
Hibernate: 
    delete 
    from
        task 
    where
        id=?
Hibernate: 
    delete 
    from
        task 
    where
        id=?
Resetting system
Hibernate: 
    select
        task0_.id as id1_1_,
        task0_.asigned_id as asigned_2_1_,
        task0_.creation_date as creation3_1_,
        task0_.description as descript4_1_,
        task0_.estimated_duration as estimate5_1_,
        task0_.finish_date as finish_d6_1_,
        task0_.name as name7_1_,
        task0_.priority as priority8_1_,
        task0_.project_id as project_9_1_,
        task0_.start_date as start_d10_1_,
        task0_.status as status11_1_ 
    from
        task task0_
Hibernate: 
    select
        project0_.id as id1_0_,
        project0_.creation_date as creation2_0_,
        project0_.description as descript3_0_,
        project0_.finish_date as finish_d4_0_,
        project0_.name as name5_0_,
        project0_.project_leader_id as project_6_0_,
        project0_.start_date as start_da7_0_,
        project0_.status as status8_0_ 
    from
        project project0_
After all test execution
Resetting system
Hibernate: 
    select
        project0_.id as id1_0_,
        project0_.creation_date as creation2_0_,
        project0_.description as descript3_0_,
        project0_.finish_date as finish_d4_0_,
        project0_.name as name5_0_,
        project0_.project_leader_id as project_6_0_,
        project0_.start_date as start_da7_0_,
        project0_.status as status8_0_ 
    from
        project project0_
Hibernate: 
    select
        task0_.id as id1_1_,
        task0_.asigned_id as asigned_2_1_,
        task0_.creation_date as creation3_1_,
        task0_.description as descript4_1_,
        task0_.estimated_duration as estimate5_1_,
        task0_.finish_date as finish_d6_1_,
        task0_.name as name7_1_,
        task0_.priority as priority8_1_,
        task0_.project_id as project_9_1_,
        task0_.start_date as start_d10_1_,
        task0_.status as status11_1_ 
    from
        task task0_
After all test execution
Resetting system
Hibernate: 
    select
        project0_.id as id1_0_,
        project0_.creation_date as creation2_0_,
        project0_.description as descript3_0_,
        project0_.finish_date as finish_d4_0_,
        project0_.name as name5_0_,
        project0_.project_leader_id as project_6_0_,
        project0_.start_date as start_da7_0_,
        project0_.status as status8_0_ 
    from
        project project0_
Hibernate: 
    select
        project0_.id as id1_0_,
        project0_.creation_date as creation2_0_,
        project0_.description as descript3_0_,
        project0_.finish_date as finish_d4_0_,
        project0_.name as name5_0_,
        project0_.project_leader_id as project_6_0_,
        project0_.start_date as start_da7_0_,
        project0_.status as status8_0_ 
    from
        project project0_
After all test execution
After all test execution
Hibernate: 
    select
        task0_.id as id1_1_,
        task0_.asigned_id as asigned_2_1_,
        task0_.creation_date as creation3_1_,
        task0_.description as descript4_1_,
        task0_.estimated_duration as estimate5_1_,
        task0_.finish_date as finish_d6_1_,
        task0_.name as name7_1_,
        task0_.priority as priority8_1_,
        task0_.project_id as project_9_1_,
        task0_.start_date as start_d10_1_,
        task0_.status as status11_1_ 
    from
        task task0_
Hibernate: 
    select
        task0_.id as id1_1_,
        task0_.asigned_id as asigned_2_1_,
        task0_.creation_date as creation3_1_,
        task0_.description as descript4_1_,
        task0_.estimated_duration as estimate5_1_,
        task0_.finish_date as finish_d6_1_,
        task0_.name as name7_1_,
        task0_.priority as priority8_1_,
        task0_.project_id as project_9_1_,
        task0_.start_date as start_d10_1_,
        task0_.status as status11_1_ 
    from
        task task0_
After all test execution
2023-12-03 22:00:01.246  INFO 25892 --- [    Test worker] o.s.t.c.support.AbstractContextLoader    : Could not detect default resource locations for test class [com.aninfo.integration.cucumber.TaskIntegrationServiceTest]: no resource found for suffixes {-context.xml, Context.groovy}.
2023-12-03 22:00:01.254  INFO 25892 --- [    Test worker] .b.t.c.SpringBootTestContextBootstrapper : Loaded default TestExecutionListener class names from location [META-INF/spring.factories]: [org.springframework.boot.test.autoconfigure.restdocs.RestDocsTestExecutionListener, org.springframework.boot.test.autoconfigure.web.client.MockRestServiceServerResetTestExecutionListener, org.springframework.boot.test.autoconfigure.web.servlet.MockMvcPrintOnlyOnFailureTestExecutionListener, org.springframework.boot.test.autoconfigure.web.servlet.WebDriverTestExecutionListener, org.springframework.boot.test.mock.mockito.MockitoTestExecutionListener, org.springframework.boot.test.mock.mockito.ResetMocksTestExecutionListener, org.springframework.test.context.web.ServletTestExecutionListener, org.springframework.test.context.support.DirtiesContextBeforeModesTestExecutionListener, org.springframework.test.context.support.DependencyInjectionTestExecutionListener, org.springframework.test.context.support.DirtiesContextTestExecutionListener, org.springframework.test.context.transaction.TransactionalTestExecutionListener, org.springframework.test.context.jdbc.SqlScriptsTestExecutionListener, org.springframework.test.context.event.EventPublishingTestExecutionListener]
2023-12-03 22:00:01.254  INFO 25892 --- [    Test worker] .b.t.c.SpringBootTestContextBootstrapper : Using TestExecutionListeners: [org.springframework.test.context.web.ServletTestExecutionListener@66320386, org.springframework.test.context.support.DirtiesContextBeforeModesTestExecutionListener@57ebb8af, org.springframework.boot.test.mock.mockito.MockitoTestExecutionListener@384c59a8, org.springframework.boot.test.autoconfigure.SpringBootDependencyInjectionTestExecutionListener@4630a097, org.springframework.test.context.support.DirtiesContextTestExecutionListener@3068a5e4, org.springframework.test.context.transaction.TransactionalTestExecutionListener@3a4c5d86, org.springframework.test.context.jdbc.SqlScriptsTestExecutionListener@6017d27e, org.springframework.test.context.event.EventPublishingTestExecutionListener@2360f2f3, org.springframework.boot.test.autoconfigure.restdocs.RestDocsTestExecutionListener@56d234fe, org.springframework.boot.test.autoconfigure.web.client.MockRestServiceServerResetTestExecutionListener@eaae3cf, org.springframework.boot.test.autoconfigure.web.servlet.MockMvcPrintOnlyOnFailureTestExecutionListener@50f04446, org.springframework.boot.test.autoconfigure.web.servlet.WebDriverTestExecutionListener@7423c3c1, org.springframework.boot.test.mock.mockito.ResetMocksTestExecutionListener@33116c7f]
Before any test execution
Before any test execution
Before any test execution
Before any test execution
Hibernate: 
    select
        task0_.id as id1_1_,
        task0_.asigned_id as asigned_2_1_,
        task0_.creation_date as creation3_1_,
        task0_.description as descript4_1_,
        task0_.estimated_duration as estimate5_1_,
        task0_.finish_date as finish_d6_1_,
        task0_.name as name7_1_,
        task0_.priority as priority8_1_,
        task0_.project_id as project_9_1_,
        task0_.start_date as start_d10_1_,
        task0_.status as status11_1_ 
    from
        task task0_ 
    where
        task0_.name=?
Hibernate: 
    call next value for hibernate_sequence
Hibernate: 
    insert 
    into
        task
        (asigned_id, creation_date, description, estimated_duration, finish_date, name, priority, project_id, start_date, status, id) 
    values
        (?, ?, ?, ?, ?, ?, ?, ?, ?, ?, ?)
Hibernate: 
    select
        task0_.id as id1_1_,
        task0_.asigned_id as asigned_2_1_,
        task0_.creation_date as creation3_1_,
        task0_.description as descript4_1_,
        task0_.estimated_duration as estimate5_1_,
        task0_.finish_date as finish_d6_1_,
        task0_.name as name7_1_,
        task0_.priority as priority8_1_,
        task0_.project_id as project_9_1_,
        task0_.start_date as start_d10_1_,
        task0_.status as status11_1_ 
    from
        task task0_ 
    where
        task0_.name=?
Hibernate: 
    call next value for hibernate_sequence
Hibernate: 
    insert 
    into
        task
        (asigned_id, creation_date, description, estimated_duration, finish_date, name, priority, project_id, start_date, status, id) 
    values
        (?, ?, ?, ?, ?, ?, ?, ?, ?, ?, ?)
Hibernate: 
    select
        task0_.id as id1_1_,
        task0_.asigned_id as asigned_2_1_,
        task0_.creation_date as creation3_1_,
        task0_.description as descript4_1_,
        task0_.estimated_duration as estimate5_1_,
        task0_.finish_date as finish_d6_1_,
        task0_.name as name7_1_,
        task0_.priority as priority8_1_,
        task0_.project_id as project_9_1_,
        task0_.start_date as start_d10_1_,
        task0_.status as status11_1_ 
    from
        task task0_ 
    where
        task0_.name=?
Hibernate: 
    select
        task0_.id as id1_1_0_,
        task0_.asigned_id as asigned_2_1_0_,
        task0_.creation_date as creation3_1_0_,
        task0_.description as descript4_1_0_,
        task0_.estimated_duration as estimate5_1_0_,
        task0_.finish_date as finish_d6_1_0_,
        task0_.name as name7_1_0_,
        task0_.priority as priority8_1_0_,
        task0_.project_id as project_9_1_0_,
        task0_.start_date as start_d10_1_0_,
        task0_.status as status11_1_0_ 
    from
        task task0_ 
    where
        task0_.id=?
Hibernate: 
    select
        task0_.id as id1_1_,
        task0_.asigned_id as asigned_2_1_,
        task0_.creation_date as creation3_1_,
        task0_.description as descript4_1_,
        task0_.estimated_duration as estimate5_1_,
        task0_.finish_date as finish_d6_1_,
        task0_.name as name7_1_,
        task0_.priority as priority8_1_,
        task0_.project_id as project_9_1_,
        task0_.start_date as start_d10_1_,
        task0_.status as status11_1_ 
    from
        task task0_ 
    where
        task0_.name=?
Hibernate: 
    select
        task0_.id as id1_1_,
        task0_.asigned_id as asigned_2_1_,
        task0_.creation_date as creation3_1_,
        task0_.description as descript4_1_,
        task0_.estimated_duration as estimate5_1_,
        task0_.finish_date as finish_d6_1_,
        task0_.name as name7_1_,
        task0_.priority as priority8_1_,
        task0_.project_id as project_9_1_,
        task0_.start_date as start_d10_1_,
        task0_.status as status11_1_ 
    from
        task task0_
Hibernate: 
    delete 
    from
        task 
    where
        id=?
Hibernate: 
    delete 
    from
        task 
    where
        id=?
Resetting system
Hibernate: 
    select
        task0_.id as id1_1_,
        task0_.asigned_id as asigned_2_1_,
        task0_.creation_date as creation3_1_,
        task0_.description as descript4_1_,
        task0_.estimated_duration as estimate5_1_,
        task0_.finish_date as finish_d6_1_,
        task0_.name as name7_1_,
        task0_.priority as priority8_1_,
        task0_.project_id as project_9_1_,
        task0_.start_date as start_d10_1_,
        task0_.status as status11_1_ 
    from
        task task0_
Hibernate: 
    select
        project0_.id as id1_0_,
        project0_.creation_date as creation2_0_,
        project0_.description as descript3_0_,
        project0_.finish_date as finish_d4_0_,
        project0_.name as name5_0_,
        project0_.project_leader_id as project_6_0_,
        project0_.start_date as start_da7_0_,
        project0_.status as status8_0_ 
    from
        project project0_
After all test execution
Resetting system
Hibernate: 
    select
        project0_.id as id1_0_,
        project0_.creation_date as creation2_0_,
        project0_.description as descript3_0_,
        project0_.finish_date as finish_d4_0_,
        project0_.name as name5_0_,
        project0_.project_leader_id as project_6_0_,
        project0_.start_date as start_da7_0_,
        project0_.status as status8_0_ 
    from
        project project0_
Hibernate: 
    select
        task0_.id as id1_1_,
        task0_.asigned_id as asigned_2_1_,
        task0_.creation_date as creation3_1_,
        task0_.description as descript4_1_,
        task0_.estimated_duration as estimate5_1_,
        task0_.finish_date as finish_d6_1_,
        task0_.name as name7_1_,
        task0_.priority as priority8_1_,
        task0_.project_id as project_9_1_,
        task0_.start_date as start_d10_1_,
        task0_.status as status11_1_ 
    from
        task task0_
After all test execution
Resetting system
Hibernate: 
    select
        project0_.id as id1_0_,
        project0_.creation_date as creation2_0_,
        project0_.description as descript3_0_,
        project0_.finish_date as finish_d4_0_,
        project0_.name as name5_0_,
        project0_.project_leader_id as project_6_0_,
        project0_.start_date as start_da7_0_,
        project0_.status as status8_0_ 
    from
        project project0_
Hibernate: 
    select
        project0_.id as id1_0_,
        project0_.creation_date as creation2_0_,
        project0_.description as descript3_0_,
        project0_.finish_date as finish_d4_0_,
        project0_.name as name5_0_,
        project0_.project_leader_id as project_6_0_,
        project0_.start_date as start_da7_0_,
        project0_.status as status8_0_ 
    from
        project project0_
After all test execution
After all test execution
Hibernate: 
    select
        task0_.id as id1_1_,
        task0_.asigned_id as asigned_2_1_,
        task0_.creation_date as creation3_1_,
        task0_.description as descript4_1_,
        task0_.estimated_duration as estimate5_1_,
        task0_.finish_date as finish_d6_1_,
        task0_.name as name7_1_,
        task0_.priority as priority8_1_,
        task0_.project_id as project_9_1_,
        task0_.start_date as start_d10_1_,
        task0_.status as status11_1_ 
    from
        task task0_
Hibernate: 
    select
        task0_.id as id1_1_,
        task0_.asigned_id as asigned_2_1_,
        task0_.creation_date as creation3_1_,
        task0_.description as descript4_1_,
        task0_.estimated_duration as estimate5_1_,
        task0_.finish_date as finish_d6_1_,
        task0_.name as name7_1_,
        task0_.priority as priority8_1_,
        task0_.project_id as project_9_1_,
        task0_.start_date as start_d10_1_,
        task0_.status as status11_1_ 
    from
        task task0_
After all test execution
2023-12-03 22:00:01.293  INFO 25892 --- [    Test worker] o.s.t.c.support.AbstractContextLoader    : Could not detect default resource locations for test class [com.aninfo.integration.cucumber.TaskIntegrationServiceTest]: no resource found for suffixes {-context.xml, Context.groovy}.
2023-12-03 22:00:01.293  INFO 25892 --- [    Test worker] .b.t.c.SpringBootTestContextBootstrapper : Loaded default TestExecutionListener class names from location [META-INF/spring.factories]: [org.springframework.boot.test.autoconfigure.restdocs.RestDocsTestExecutionListener, org.springframework.boot.test.autoconfigure.web.client.MockRestServiceServerResetTestExecutionListener, org.springframework.boot.test.autoconfigure.web.servlet.MockMvcPrintOnlyOnFailureTestExecutionListener, org.springframework.boot.test.autoconfigure.web.servlet.WebDriverTestExecutionListener, org.springframework.boot.test.mock.mockito.MockitoTestExecutionListener, org.springframework.boot.test.mock.mockito.ResetMocksTestExecutionListener, org.springframework.test.context.web.ServletTestExecutionListener, org.springframework.test.context.support.DirtiesContextBeforeModesTestExecutionListener, org.springframework.test.context.support.DependencyInjectionTestExecutionListener, org.springframework.test.context.support.DirtiesContextTestExecutionListener, org.springframework.test.context.transaction.TransactionalTestExecutionListener, org.springframework.test.context.jdbc.SqlScriptsTestExecutionListener, org.springframework.test.context.event.EventPublishingTestExecutionListener]
2023-12-03 22:00:01.293  INFO 25892 --- [    Test worker] .b.t.c.SpringBootTestContextBootstrapper : Using TestExecutionListeners: [org.springframework.test.context.web.ServletTestExecutionListener@61c64566, org.springframework.test.context.support.DirtiesContextBeforeModesTestExecutionListener@8ee32f0, org.springframework.boot.test.mock.mockito.MockitoTestExecutionListener@6fdecf26, org.springframework.boot.test.autoconfigure.SpringBootDependencyInjectionTestExecutionListener@572b44af, org.springframework.test.context.support.DirtiesContextTestExecutionListener@495c659, org.springframework.test.context.transaction.TransactionalTestExecutionListener@7d151d89, org.springframework.test.context.jdbc.SqlScriptsTestExecutionListener@642b4af2, org.springframework.test.context.event.EventPublishingTestExecutionListener@69a864e4, org.springframework.boot.test.autoconfigure.restdocs.RestDocsTestExecutionListener@4325c086, org.springframework.boot.test.autoconfigure.web.client.MockRestServiceServerResetTestExecutionListener@1609643e, org.springframework.boot.test.autoconfigure.web.servlet.MockMvcPrintOnlyOnFailureTestExecutionListener@28cbd0d7, org.springframework.boot.test.autoconfigure.web.servlet.WebDriverTestExecutionListener@26e1e6e, org.springframework.boot.test.mock.mockito.ResetMocksTestExecutionListener@6f22cf55]
Before any test execution
Before any test execution
Before any test execution
Before any test execution
Hibernate: 
    select
        task0_.id as id1_1_,
        task0_.asigned_id as asigned_2_1_,
        task0_.creation_date as creation3_1_,
        task0_.description as descript4_1_,
        task0_.estimated_duration as estimate5_1_,
        task0_.finish_date as finish_d6_1_,
        task0_.name as name7_1_,
        task0_.priority as priority8_1_,
        task0_.project_id as project_9_1_,
        task0_.start_date as start_d10_1_,
        task0_.status as status11_1_ 
    from
        task task0_ 
    where
        task0_.name=?
Hibernate: 
    call next value for hibernate_sequence
Hibernate: 
    insert 
    into
        task
        (asigned_id, creation_date, description, estimated_duration, finish_date, name, priority, project_id, start_date, status, id) 
    values
        (?, ?, ?, ?, ?, ?, ?, ?, ?, ?, ?)
Hibernate: 
    select
        task0_.id as id1_1_0_,
        task0_.asigned_id as asigned_2_1_0_,
        task0_.creation_date as creation3_1_0_,
        task0_.description as descript4_1_0_,
        task0_.estimated_duration as estimate5_1_0_,
        task0_.finish_date as finish_d6_1_0_,
        task0_.name as name7_1_0_,
        task0_.priority as priority8_1_0_,
        task0_.project_id as project_9_1_0_,
        task0_.start_date as start_d10_1_0_,
        task0_.status as status11_1_0_ 
    from
        task task0_ 
    where
        task0_.id=?
Hibernate: 
    select
        task0_.id as id1_1_,
        task0_.asigned_id as asigned_2_1_,
        task0_.creation_date as creation3_1_,
        task0_.description as descript4_1_,
        task0_.estimated_duration as estimate5_1_,
        task0_.finish_date as finish_d6_1_,
        task0_.name as name7_1_,
        task0_.priority as priority8_1_,
        task0_.project_id as project_9_1_,
        task0_.start_date as start_d10_1_,
        task0_.status as status11_1_ 
    from
        task task0_ 
    where
        task0_.name=?
Hibernate: 
    select
        task0_.id as id1_1_0_,
        task0_.asigned_id as asigned_2_1_0_,
        task0_.creation_date as creation3_1_0_,
        task0_.description as descript4_1_0_,
        task0_.estimated_duration as estimate5_1_0_,
        task0_.finish_date as finish_d6_1_0_,
        task0_.name as name7_1_0_,
        task0_.priority as priority8_1_0_,
        task0_.project_id as project_9_1_0_,
        task0_.start_date as start_d10_1_0_,
        task0_.status as status11_1_0_ 
    from
        task task0_ 
    where
        task0_.id=?
Hibernate: 
    update
        task 
    set
        asigned_id=?,
        creation_date=?,
        description=?,
        estimated_duration=?,
        finish_date=?,
        name=?,
        priority=?,
        project_id=?,
        start_date=?,
        status=? 
    where
        id=?
Hibernate: 
    select
        task0_.id as id1_1_,
        task0_.asigned_id as asigned_2_1_,
        task0_.creation_date as creation3_1_,
        task0_.description as descript4_1_,
        task0_.estimated_duration as estimate5_1_,
        task0_.finish_date as finish_d6_1_,
        task0_.name as name7_1_,
        task0_.priority as priority8_1_,
        task0_.project_id as project_9_1_,
        task0_.start_date as start_d10_1_,
        task0_.status as status11_1_ 
    from
        task task0_
Hibernate: 
    delete 
    from
        task 
    where
        id=?
Resetting system
Hibernate: 
    select
        task0_.id as id1_1_,
        task0_.asigned_id as asigned_2_1_,
        task0_.creation_date as creation3_1_,
        task0_.description as descript4_1_,
        task0_.estimated_duration as estimate5_1_,
        task0_.finish_date as finish_d6_1_,
        task0_.name as name7_1_,
        task0_.priority as priority8_1_,
        task0_.project_id as project_9_1_,
        task0_.start_date as start_d10_1_,
        task0_.status as status11_1_ 
    from
        task task0_
Hibernate: 
    select
        project0_.id as id1_0_,
        project0_.creation_date as creation2_0_,
        project0_.description as descript3_0_,
        project0_.finish_date as finish_d4_0_,
        project0_.name as name5_0_,
        project0_.project_leader_id as project_6_0_,
        project0_.start_date as start_da7_0_,
        project0_.status as status8_0_ 
    from
        project project0_
After all test execution
Resetting system
Hibernate: 
    select
        project0_.id as id1_0_,
        project0_.creation_date as creation2_0_,
        project0_.description as descript3_0_,
        project0_.finish_date as finish_d4_0_,
        project0_.name as name5_0_,
        project0_.project_leader_id as project_6_0_,
        project0_.start_date as start_da7_0_,
        project0_.status as status8_0_ 
    from
        project project0_
Hibernate: 
    select
        task0_.id as id1_1_,
        task0_.asigned_id as asigned_2_1_,
        task0_.creation_date as creation3_1_,
        task0_.description as descript4_1_,
        task0_.estimated_duration as estimate5_1_,
        task0_.finish_date as finish_d6_1_,
        task0_.name as name7_1_,
        task0_.priority as priority8_1_,
        task0_.project_id as project_9_1_,
        task0_.start_date as start_d10_1_,
        task0_.status as status11_1_ 
    from
        task task0_
After all test execution
Resetting system
Hibernate: 
    select
        project0_.id as id1_0_,
        project0_.creation_date as creation2_0_,
        project0_.description as descript3_0_,
        project0_.finish_date as finish_d4_0_,
        project0_.name as name5_0_,
        project0_.project_leader_id as project_6_0_,
        project0_.start_date as start_da7_0_,
        project0_.status as status8_0_ 
    from
        project project0_
Hibernate: 
    select
        project0_.id as id1_0_,
        project0_.creation_date as creation2_0_,
        project0_.description as descript3_0_,
        project0_.finish_date as finish_d4_0_,
        project0_.name as name5_0_,
        project0_.project_leader_id as project_6_0_,
        project0_.start_date as start_da7_0_,
        project0_.status as status8_0_ 
    from
        project project0_
After all test execution
After all test execution
Hibernate: 
    select
        task0_.id as id1_1_,
        task0_.asigned_id as asigned_2_1_,
        task0_.creation_date as creation3_1_,
        task0_.description as descript4_1_,
        task0_.estimated_duration as estimate5_1_,
        task0_.finish_date as finish_d6_1_,
        task0_.name as name7_1_,
        task0_.priority as priority8_1_,
        task0_.project_id as project_9_1_,
        task0_.start_date as start_d10_1_,
        task0_.status as status11_1_ 
    from
        task task0_
Hibernate: 
    select
        task0_.id as id1_1_,
        task0_.asigned_id as asigned_2_1_,
        task0_.creation_date as creation3_1_,
        task0_.description as descript4_1_,
        task0_.estimated_duration as estimate5_1_,
        task0_.finish_date as finish_d6_1_,
        task0_.name as name7_1_,
        task0_.priority as priority8_1_,
        task0_.project_id as project_9_1_,
        task0_.start_date as start_d10_1_,
        task0_.status as status11_1_ 
    from
        task task0_
After all test execution
2023-12-03 22:00:01.348  INFO 25892 --- [    Test worker] o.s.t.c.support.AbstractContextLoader    : Could not detect default resource locations for test class [com.aninfo.integration.cucumber.TaskIntegrationServiceTest]: no resource found for suffixes {-context.xml, Context.groovy}.
2023-12-03 22:00:01.349  INFO 25892 --- [    Test worker] .b.t.c.SpringBootTestContextBootstrapper : Loaded default TestExecutionListener class names from location [META-INF/spring.factories]: [org.springframework.boot.test.autoconfigure.restdocs.RestDocsTestExecutionListener, org.springframework.boot.test.autoconfigure.web.client.MockRestServiceServerResetTestExecutionListener, org.springframework.boot.test.autoconfigure.web.servlet.MockMvcPrintOnlyOnFailureTestExecutionListener, org.springframework.boot.test.autoconfigure.web.servlet.WebDriverTestExecutionListener, org.springframework.boot.test.mock.mockito.MockitoTestExecutionListener, org.springframework.boot.test.mock.mockito.ResetMocksTestExecutionListener, org.springframework.test.context.web.ServletTestExecutionListener, org.springframework.test.context.support.DirtiesContextBeforeModesTestExecutionListener, org.springframework.test.context.support.DependencyInjectionTestExecutionListener, org.springframework.test.context.support.DirtiesContextTestExecutionListener, org.springframework.test.context.transaction.TransactionalTestExecutionListener, org.springframework.test.context.jdbc.SqlScriptsTestExecutionListener, org.springframework.test.context.event.EventPublishingTestExecutionListener]
2023-12-03 22:00:01.351  INFO 25892 --- [    Test worker] .b.t.c.SpringBootTestContextBootstrapper : Using TestExecutionListeners: [org.springframework.test.context.web.ServletTestExecutionListener@3ccfcd68, org.springframework.test.context.support.DirtiesContextBeforeModesTestExecutionListener@160b811d, org.springframework.boot.test.mock.mockito.MockitoTestExecutionListener@1e241b9d, org.springframework.boot.test.autoconfigure.SpringBootDependencyInjectionTestExecutionListener@4939a190, org.springframework.test.context.support.DirtiesContextTestExecutionListener@b5f8152, org.springframework.test.context.transaction.TransactionalTestExecutionListener@4196fa4d, org.springframework.test.context.jdbc.SqlScriptsTestExecutionListener@7f50f911, org.springframework.test.context.event.EventPublishingTestExecutionListener@7be1e24a, org.springframework.boot.test.autoconfigure.restdocs.RestDocsTestExecutionListener@cc3b975, org.springframework.boot.test.autoconfigure.web.client.MockRestServiceServerResetTestExecutionListener@7a717e32, org.springframework.boot.test.autoconfigure.web.servlet.MockMvcPrintOnlyOnFailureTestExecutionListener@211981c, org.springframework.boot.test.autoconfigure.web.servlet.WebDriverTestExecutionListener@7616c9a6, org.springframework.boot.test.mock.mockito.ResetMocksTestExecutionListener@678fde00]
Before any test execution
Before any test execution
Before any test execution
Before any test execution
Hibernate: 
    select
        task0_.id as id1_1_,
        task0_.asigned_id as asigned_2_1_,
        task0_.creation_date as creation3_1_,
        task0_.description as descript4_1_,
        task0_.estimated_duration as estimate5_1_,
        task0_.finish_date as finish_d6_1_,
        task0_.name as name7_1_,
        task0_.priority as priority8_1_,
        task0_.project_id as project_9_1_,
        task0_.start_date as start_d10_1_,
        task0_.status as status11_1_ 
    from
        task task0_ 
    where
        task0_.name=?
Hibernate: 
    call next value for hibernate_sequence
Hibernate: 
    insert 
    into
        task
        (asigned_id, creation_date, description, estimated_duration, finish_date, name, priority, project_id, start_date, status, id) 
    values
        (?, ?, ?, ?, ?, ?, ?, ?, ?, ?, ?)
Hibernate: 
    select
        task0_.id as id1_1_0_,
        task0_.asigned_id as asigned_2_1_0_,
        task0_.creation_date as creation3_1_0_,
        task0_.description as descript4_1_0_,
        task0_.estimated_duration as estimate5_1_0_,
        task0_.finish_date as finish_d6_1_0_,
        task0_.name as name7_1_0_,
        task0_.priority as priority8_1_0_,
        task0_.project_id as project_9_1_0_,
        task0_.start_date as start_d10_1_0_,
        task0_.status as status11_1_0_ 
    from
        task task0_ 
    where
        task0_.id=?
Hibernate: 
    select
        task0_.id as id1_1_,
        task0_.asigned_id as asigned_2_1_,
        task0_.creation_date as creation3_1_,
        task0_.description as descript4_1_,
        task0_.estimated_duration as estimate5_1_,
        task0_.finish_date as finish_d6_1_,
        task0_.name as name7_1_,
        task0_.priority as priority8_1_,
        task0_.project_id as project_9_1_,
        task0_.start_date as start_d10_1_,
        task0_.status as status11_1_ 
    from
        task task0_ 
    where
        task0_.name=?
Hibernate: 
    select
        task0_.id as id1_1_0_,
        task0_.asigned_id as asigned_2_1_0_,
        task0_.creation_date as creation3_1_0_,
        task0_.description as descript4_1_0_,
        task0_.estimated_duration as estimate5_1_0_,
        task0_.finish_date as finish_d6_1_0_,
        task0_.name as name7_1_0_,
        task0_.priority as priority8_1_0_,
        task0_.project_id as project_9_1_0_,
        task0_.start_date as start_d10_1_0_,
        task0_.status as status11_1_0_ 
    from
        task task0_ 
    where
        task0_.id=?
Hibernate: 
    update
        task 
    set
        asigned_id=?,
        creation_date=?,
        description=?,
        estimated_duration=?,
        finish_date=?,
        name=?,
        priority=?,
        project_id=?,
        start_date=?,
        status=? 
    where
        id=?
Hibernate: 
    select
        task0_.id as id1_1_,
        task0_.asigned_id as asigned_2_1_,
        task0_.creation_date as creation3_1_,
        task0_.description as descript4_1_,
        task0_.estimated_duration as estimate5_1_,
        task0_.finish_date as finish_d6_1_,
        task0_.name as name7_1_,
        task0_.priority as priority8_1_,
        task0_.project_id as project_9_1_,
        task0_.start_date as start_d10_1_,
        task0_.status as status11_1_ 
    from
        task task0_
Hibernate: 
    delete 
    from
        task 
    where
        id=?
Resetting system
Hibernate: 
    select
        task0_.id as id1_1_,
        task0_.asigned_id as asigned_2_1_,
        task0_.creation_date as creation3_1_,
        task0_.description as descript4_1_,
        task0_.estimated_duration as estimate5_1_,
        task0_.finish_date as finish_d6_1_,
        task0_.name as name7_1_,
        task0_.priority as priority8_1_,
        task0_.project_id as project_9_1_,
        task0_.start_date as start_d10_1_,
        task0_.status as status11_1_ 
    from
        task task0_
Hibernate: 
    select
        project0_.id as id1_0_,
        project0_.creation_date as creation2_0_,
        project0_.description as descript3_0_,
        project0_.finish_date as finish_d4_0_,
        project0_.name as name5_0_,
        project0_.project_leader_id as project_6_0_,
        project0_.start_date as start_da7_0_,
        project0_.status as status8_0_ 
    from
        project project0_
After all test execution
Resetting system
Hibernate: 
    select
        project0_.id as id1_0_,
        project0_.creation_date as creation2_0_,
        project0_.description as descript3_0_,
        project0_.finish_date as finish_d4_0_,
        project0_.name as name5_0_,
        project0_.project_leader_id as project_6_0_,
        project0_.start_date as start_da7_0_,
        project0_.status as status8_0_ 
    from
        project project0_
Hibernate: 
    select
        task0_.id as id1_1_,
        task0_.asigned_id as asigned_2_1_,
        task0_.creation_date as creation3_1_,
        task0_.description as descript4_1_,
        task0_.estimated_duration as estimate5_1_,
        task0_.finish_date as finish_d6_1_,
        task0_.name as name7_1_,
        task0_.priority as priority8_1_,
        task0_.project_id as project_9_1_,
        task0_.start_date as start_d10_1_,
        task0_.status as status11_1_ 
    from
        task task0_
After all test execution
Resetting system
Hibernate: 
    select
        project0_.id as id1_0_,
        project0_.creation_date as creation2_0_,
        project0_.description as descript3_0_,
        project0_.finish_date as finish_d4_0_,
        project0_.name as name5_0_,
        project0_.project_leader_id as project_6_0_,
        project0_.start_date as start_da7_0_,
        project0_.status as status8_0_ 
    from
        project project0_
Hibernate: 
    select
        project0_.id as id1_0_,
        project0_.creation_date as creation2_0_,
        project0_.description as descript3_0_,
        project0_.finish_date as finish_d4_0_,
        project0_.name as name5_0_,
        project0_.project_leader_id as project_6_0_,
        project0_.start_date as start_da7_0_,
        project0_.status as status8_0_ 
    from
        project project0_
After all test execution
After all test execution
Hibernate: 
    select
        task0_.id as id1_1_,
        task0_.asigned_id as asigned_2_1_,
        task0_.creation_date as creation3_1_,
        task0_.description as descript4_1_,
        task0_.estimated_duration as estimate5_1_,
        task0_.finish_date as finish_d6_1_,
        task0_.name as name7_1_,
        task0_.priority as priority8_1_,
        task0_.project_id as project_9_1_,
        task0_.start_date as start_d10_1_,
        task0_.status as status11_1_ 
    from
        task task0_
Hibernate: 
    select
        task0_.id as id1_1_,
        task0_.asigned_id as asigned_2_1_,
        task0_.creation_date as creation3_1_,
        task0_.description as descript4_1_,
        task0_.estimated_duration as estimate5_1_,
        task0_.finish_date as finish_d6_1_,
        task0_.name as name7_1_,
        task0_.priority as priority8_1_,
        task0_.project_id as project_9_1_,
        task0_.start_date as start_d10_1_,
        task0_.status as status11_1_ 
    from
        task task0_
After all test execution
2023-12-03 22:00:01.371  INFO 25892 --- [    Test worker] o.s.t.c.support.AbstractContextLoader    : Could not detect default resource locations for test class [com.aninfo.integration.cucumber.TaskIntegrationServiceTest]: no resource found for suffixes {-context.xml, Context.groovy}.
2023-12-03 22:00:01.371  INFO 25892 --- [    Test worker] .b.t.c.SpringBootTestContextBootstrapper : Loaded default TestExecutionListener class names from location [META-INF/spring.factories]: [org.springframework.boot.test.autoconfigure.restdocs.RestDocsTestExecutionListener, org.springframework.boot.test.autoconfigure.web.client.MockRestServiceServerResetTestExecutionListener, org.springframework.boot.test.autoconfigure.web.servlet.MockMvcPrintOnlyOnFailureTestExecutionListener, org.springframework.boot.test.autoconfigure.web.servlet.WebDriverTestExecutionListener, org.springframework.boot.test.mock.mockito.MockitoTestExecutionListener, org.springframework.boot.test.mock.mockito.ResetMocksTestExecutionListener, org.springframework.test.context.web.ServletTestExecutionListener, org.springframework.test.context.support.DirtiesContextBeforeModesTestExecutionListener, org.springframework.test.context.support.DependencyInjectionTestExecutionListener, org.springframework.test.context.support.DirtiesContextTestExecutionListener, org.springframework.test.context.transaction.TransactionalTestExecutionListener, org.springframework.test.context.jdbc.SqlScriptsTestExecutionListener, org.springframework.test.context.event.EventPublishingTestExecutionListener]
2023-12-03 22:00:01.371  INFO 25892 --- [    Test worker] .b.t.c.SpringBootTestContextBootstrapper : Using TestExecutionListeners: [org.springframework.test.context.web.ServletTestExecutionListener@7c46e1b7, org.springframework.test.context.support.DirtiesContextBeforeModesTestExecutionListener@52683409, org.springframework.boot.test.mock.mockito.MockitoTestExecutionListener@9ed9dcd, org.springframework.boot.test.autoconfigure.SpringBootDependencyInjectionTestExecutionListener@66a92d33, org.springframework.test.context.support.DirtiesContextTestExecutionListener@2da93308, org.springframework.test.context.transaction.TransactionalTestExecutionListener@3e7282c8, org.springframework.test.context.jdbc.SqlScriptsTestExecutionListener@5b14733e, org.springframework.test.context.event.EventPublishingTestExecutionListener@74fb0dda, org.springframework.boot.test.autoconfigure.restdocs.RestDocsTestExecutionListener@10ae413e, org.springframework.boot.test.autoconfigure.web.client.MockRestServiceServerResetTestExecutionListener@3a60e521, org.springframework.boot.test.autoconfigure.web.servlet.MockMvcPrintOnlyOnFailureTestExecutionListener@4215fcd0, org.springframework.boot.test.autoconfigure.web.servlet.WebDriverTestExecutionListener@6e2cbc95, org.springframework.boot.test.mock.mockito.ResetMocksTestExecutionListener@ce9b7df]
Before any test execution
Before any test execution
Before any test execution
Before any test execution
Hibernate: 
    select
        task0_.id as id1_1_,
        task0_.asigned_id as asigned_2_1_,
        task0_.creation_date as creation3_1_,
        task0_.description as descript4_1_,
        task0_.estimated_duration as estimate5_1_,
        task0_.finish_date as finish_d6_1_,
        task0_.name as name7_1_,
        task0_.priority as priority8_1_,
        task0_.project_id as project_9_1_,
        task0_.start_date as start_d10_1_,
        task0_.status as status11_1_ 
    from
        task task0_ 
    where
        task0_.name=?
Hibernate: 
    call next value for hibernate_sequence
Hibernate: 
    insert 
    into
        task
        (asigned_id, creation_date, description, estimated_duration, finish_date, name, priority, project_id, start_date, status, id) 
    values
        (?, ?, ?, ?, ?, ?, ?, ?, ?, ?, ?)
Hibernate: 
    select
        task0_.id as id1_1_0_,
        task0_.asigned_id as asigned_2_1_0_,
        task0_.creation_date as creation3_1_0_,
        task0_.description as descript4_1_0_,
        task0_.estimated_duration as estimate5_1_0_,
        task0_.finish_date as finish_d6_1_0_,
        task0_.name as name7_1_0_,
        task0_.priority as priority8_1_0_,
        task0_.project_id as project_9_1_0_,
        task0_.start_date as start_d10_1_0_,
        task0_.status as status11_1_0_ 
    from
        task task0_ 
    where
        task0_.id=?
Hibernate: 
    select
        task0_.id as id1_1_,
        task0_.asigned_id as asigned_2_1_,
        task0_.creation_date as creation3_1_,
        task0_.description as descript4_1_,
        task0_.estimated_duration as estimate5_1_,
        task0_.finish_date as finish_d6_1_,
        task0_.name as name7_1_,
        task0_.priority as priority8_1_,
        task0_.project_id as project_9_1_,
        task0_.start_date as start_d10_1_,
        task0_.status as status11_1_ 
    from
        task task0_ 
    where
        task0_.name=?
Hibernate: 
    select
        task0_.id as id1_1_0_,
        task0_.asigned_id as asigned_2_1_0_,
        task0_.creation_date as creation3_1_0_,
        task0_.description as descript4_1_0_,
        task0_.estimated_duration as estimate5_1_0_,
        task0_.finish_date as finish_d6_1_0_,
        task0_.name as name7_1_0_,
        task0_.priority as priority8_1_0_,
        task0_.project_id as project_9_1_0_,
        task0_.start_date as start_d10_1_0_,
        task0_.status as status11_1_0_ 
    from
        task task0_ 
    where
        task0_.id=?
Hibernate: 
    update
        task 
    set
        asigned_id=?,
        creation_date=?,
        description=?,
        estimated_duration=?,
        finish_date=?,
        name=?,
        priority=?,
        project_id=?,
        start_date=?,
        status=? 
    where
        id=?
Hibernate: 
    select
        task0_.id as id1_1_,
        task0_.asigned_id as asigned_2_1_,
        task0_.creation_date as creation3_1_,
        task0_.description as descript4_1_,
        task0_.estimated_duration as estimate5_1_,
        task0_.finish_date as finish_d6_1_,
        task0_.name as name7_1_,
        task0_.priority as priority8_1_,
        task0_.project_id as project_9_1_,
        task0_.start_date as start_d10_1_,
        task0_.status as status11_1_ 
    from
        task task0_
Hibernate: 
    delete 
    from
        task 
    where
        id=?
Resetting system
Hibernate: 
    select
        task0_.id as id1_1_,
        task0_.asigned_id as asigned_2_1_,
        task0_.creation_date as creation3_1_,
        task0_.description as descript4_1_,
        task0_.estimated_duration as estimate5_1_,
        task0_.finish_date as finish_d6_1_,
        task0_.name as name7_1_,
        task0_.priority as priority8_1_,
        task0_.project_id as project_9_1_,
        task0_.start_date as start_d10_1_,
        task0_.status as status11_1_ 
    from
        task task0_
Hibernate: 
    select
        project0_.id as id1_0_,
        project0_.creation_date as creation2_0_,
        project0_.description as descript3_0_,
        project0_.finish_date as finish_d4_0_,
        project0_.name as name5_0_,
        project0_.project_leader_id as project_6_0_,
        project0_.start_date as start_da7_0_,
        project0_.status as status8_0_ 
    from
        project project0_
After all test execution
Resetting system
Hibernate: 
    select
        project0_.id as id1_0_,
        project0_.creation_date as creation2_0_,
        project0_.description as descript3_0_,
        project0_.finish_date as finish_d4_0_,
        project0_.name as name5_0_,
        project0_.project_leader_id as project_6_0_,
        project0_.start_date as start_da7_0_,
        project0_.status as status8_0_ 
    from
        project project0_
Hibernate: 
    select
        task0_.id as id1_1_,
        task0_.asigned_id as asigned_2_1_,
        task0_.creation_date as creation3_1_,
        task0_.description as descript4_1_,
        task0_.estimated_duration as estimate5_1_,
        task0_.finish_date as finish_d6_1_,
        task0_.name as name7_1_,
        task0_.priority as priority8_1_,
        task0_.project_id as project_9_1_,
        task0_.start_date as start_d10_1_,
        task0_.status as status11_1_ 
    from
        task task0_
After all test execution
Resetting system
Hibernate: 
    select
        project0_.id as id1_0_,
        project0_.creation_date as creation2_0_,
        project0_.description as descript3_0_,
        project0_.finish_date as finish_d4_0_,
        project0_.name as name5_0_,
        project0_.project_leader_id as project_6_0_,
        project0_.start_date as start_da7_0_,
        project0_.status as status8_0_ 
    from
        project project0_
Hibernate: 
    select
        project0_.id as id1_0_,
        project0_.creation_date as creation2_0_,
        project0_.description as descript3_0_,
        project0_.finish_date as finish_d4_0_,
        project0_.name as name5_0_,
        project0_.project_leader_id as project_6_0_,
        project0_.start_date as start_da7_0_,
        project0_.status as status8_0_ 
    from
        project project0_
After all test execution
After all test execution
Hibernate: 
    select
        task0_.id as id1_1_,
        task0_.asigned_id as asigned_2_1_,
        task0_.creation_date as creation3_1_,
        task0_.description as descript4_1_,
        task0_.estimated_duration as estimate5_1_,
        task0_.finish_date as finish_d6_1_,
        task0_.name as name7_1_,
        task0_.priority as priority8_1_,
        task0_.project_id as project_9_1_,
        task0_.start_date as start_d10_1_,
        task0_.status as status11_1_ 
    from
        task task0_
Hibernate: 
    select
        task0_.id as id1_1_,
        task0_.asigned_id as asigned_2_1_,
        task0_.creation_date as creation3_1_,
        task0_.description as descript4_1_,
        task0_.estimated_duration as estimate5_1_,
        task0_.finish_date as finish_d6_1_,
        task0_.name as name7_1_,
        task0_.priority as priority8_1_,
        task0_.project_id as project_9_1_,
        task0_.start_date as start_d10_1_,
        task0_.status as status11_1_ 
    from
        task task0_
After all test execution

28 Scenarios (?[32m28 passed?[0m)
90 Steps (?[32m90 passed?[0m)
0m1,616s

]]></system-out>
  <system-err><![CDATA[]]></system-err>
</testsuite>
